[2024-06-24T07:43:18.536+0000] {processor.py:161} INFO - Started process (PID=37) to work on /home/airflow/.local/lib/python3.12/site-packages/airflow/example_dags/example_external_task_marker_dag.py
[2024-06-24T07:43:18.536+0000] {processor.py:830} INFO - Processing file /home/airflow/.local/lib/python3.12/site-packages/airflow/example_dags/example_external_task_marker_dag.py for tasks to queue
[2024-06-24T07:43:18.538+0000] {logging_mixin.py:188} INFO - [2024-06-24T07:43:18.537+0000] {dagbag.py:545} INFO - Filling up the DagBag from /home/airflow/.local/lib/python3.12/site-packages/airflow/example_dags/example_external_task_marker_dag.py
[2024-06-24T07:43:18.545+0000] {processor.py:840} INFO - DAG(s) 'example_external_task_marker_parent', 'example_external_task_marker_child' retrieved from /home/airflow/.local/lib/python3.12/site-packages/airflow/example_dags/example_external_task_marker_dag.py
[2024-06-24T07:43:18.562+0000] {logging_mixin.py:188} INFO - [2024-06-24T07:43:18.561+0000] {dag.py:3096} INFO - Sync 2 DAGs
[2024-06-24T07:43:18.572+0000] {logging_mixin.py:188} INFO - [2024-06-24T07:43:18.572+0000] {dag.py:3954} INFO - Setting next_dagrun for example_external_task_marker_child to None, run_after=None
[2024-06-24T07:43:18.575+0000] {logging_mixin.py:188} INFO - [2024-06-24T07:43:18.574+0000] {dag.py:3954} INFO - Setting next_dagrun for example_external_task_marker_parent to None, run_after=None
[2024-06-24T07:43:18.585+0000] {processor.py:183} INFO - Processing /home/airflow/.local/lib/python3.12/site-packages/airflow/example_dags/example_external_task_marker_dag.py took 0.053 seconds
[2024-06-24T07:43:48.774+0000] {processor.py:161} INFO - Started process (PID=95) to work on /home/airflow/.local/lib/python3.12/site-packages/airflow/example_dags/example_external_task_marker_dag.py
[2024-06-24T07:43:48.774+0000] {processor.py:830} INFO - Processing file /home/airflow/.local/lib/python3.12/site-packages/airflow/example_dags/example_external_task_marker_dag.py for tasks to queue
[2024-06-24T07:43:48.775+0000] {logging_mixin.py:188} INFO - [2024-06-24T07:43:48.775+0000] {dagbag.py:545} INFO - Filling up the DagBag from /home/airflow/.local/lib/python3.12/site-packages/airflow/example_dags/example_external_task_marker_dag.py
[2024-06-24T07:43:48.777+0000] {processor.py:840} INFO - DAG(s) 'example_external_task_marker_parent', 'example_external_task_marker_child' retrieved from /home/airflow/.local/lib/python3.12/site-packages/airflow/example_dags/example_external_task_marker_dag.py
[2024-06-24T07:43:48.787+0000] {logging_mixin.py:188} INFO - [2024-06-24T07:43:48.786+0000] {dag.py:3096} INFO - Sync 2 DAGs
[2024-06-24T07:43:48.791+0000] {logging_mixin.py:188} INFO - [2024-06-24T07:43:48.791+0000] {dag.py:3954} INFO - Setting next_dagrun for example_external_task_marker_child to None, run_after=None
[2024-06-24T07:43:48.793+0000] {logging_mixin.py:188} INFO - [2024-06-24T07:43:48.792+0000] {dag.py:3954} INFO - Setting next_dagrun for example_external_task_marker_parent to None, run_after=None
[2024-06-24T07:43:48.798+0000] {processor.py:183} INFO - Processing /home/airflow/.local/lib/python3.12/site-packages/airflow/example_dags/example_external_task_marker_dag.py took 0.027 seconds
[2024-06-24T07:44:19.137+0000] {processor.py:161} INFO - Started process (PID=153) to work on /home/airflow/.local/lib/python3.12/site-packages/airflow/example_dags/example_external_task_marker_dag.py
[2024-06-24T07:44:19.137+0000] {processor.py:830} INFO - Processing file /home/airflow/.local/lib/python3.12/site-packages/airflow/example_dags/example_external_task_marker_dag.py for tasks to queue
[2024-06-24T07:44:19.138+0000] {logging_mixin.py:188} INFO - [2024-06-24T07:44:19.138+0000] {dagbag.py:545} INFO - Filling up the DagBag from /home/airflow/.local/lib/python3.12/site-packages/airflow/example_dags/example_external_task_marker_dag.py
[2024-06-24T07:44:19.141+0000] {processor.py:840} INFO - DAG(s) 'example_external_task_marker_parent', 'example_external_task_marker_child' retrieved from /home/airflow/.local/lib/python3.12/site-packages/airflow/example_dags/example_external_task_marker_dag.py
[2024-06-24T07:44:19.150+0000] {logging_mixin.py:188} INFO - [2024-06-24T07:44:19.150+0000] {dag.py:3096} INFO - Sync 2 DAGs
[2024-06-24T07:44:19.155+0000] {logging_mixin.py:188} INFO - [2024-06-24T07:44:19.155+0000] {dag.py:3954} INFO - Setting next_dagrun for example_external_task_marker_child to None, run_after=None
[2024-06-24T07:44:19.156+0000] {logging_mixin.py:188} INFO - [2024-06-24T07:44:19.156+0000] {dag.py:3954} INFO - Setting next_dagrun for example_external_task_marker_parent to None, run_after=None
[2024-06-24T07:44:19.162+0000] {processor.py:183} INFO - Processing /home/airflow/.local/lib/python3.12/site-packages/airflow/example_dags/example_external_task_marker_dag.py took 0.028 seconds
[2024-06-24T07:44:49.576+0000] {processor.py:161} INFO - Started process (PID=211) to work on /home/airflow/.local/lib/python3.12/site-packages/airflow/example_dags/example_external_task_marker_dag.py
[2024-06-24T07:44:49.577+0000] {processor.py:830} INFO - Processing file /home/airflow/.local/lib/python3.12/site-packages/airflow/example_dags/example_external_task_marker_dag.py for tasks to queue
[2024-06-24T07:44:49.577+0000] {logging_mixin.py:188} INFO - [2024-06-24T07:44:49.577+0000] {dagbag.py:545} INFO - Filling up the DagBag from /home/airflow/.local/lib/python3.12/site-packages/airflow/example_dags/example_external_task_marker_dag.py
[2024-06-24T07:44:49.580+0000] {processor.py:840} INFO - DAG(s) 'example_external_task_marker_child', 'example_external_task_marker_parent' retrieved from /home/airflow/.local/lib/python3.12/site-packages/airflow/example_dags/example_external_task_marker_dag.py
[2024-06-24T07:44:49.590+0000] {logging_mixin.py:188} INFO - [2024-06-24T07:44:49.589+0000] {dag.py:3096} INFO - Sync 2 DAGs
[2024-06-24T07:44:49.594+0000] {logging_mixin.py:188} INFO - [2024-06-24T07:44:49.594+0000] {dag.py:3954} INFO - Setting next_dagrun for example_external_task_marker_child to None, run_after=None
[2024-06-24T07:44:49.596+0000] {logging_mixin.py:188} INFO - [2024-06-24T07:44:49.596+0000] {dag.py:3954} INFO - Setting next_dagrun for example_external_task_marker_parent to None, run_after=None
[2024-06-24T07:44:49.602+0000] {processor.py:183} INFO - Processing /home/airflow/.local/lib/python3.12/site-packages/airflow/example_dags/example_external_task_marker_dag.py took 0.029 seconds
[2024-06-24T07:45:19.978+0000] {processor.py:161} INFO - Started process (PID=269) to work on /home/airflow/.local/lib/python3.12/site-packages/airflow/example_dags/example_external_task_marker_dag.py
[2024-06-24T07:45:19.978+0000] {processor.py:830} INFO - Processing file /home/airflow/.local/lib/python3.12/site-packages/airflow/example_dags/example_external_task_marker_dag.py for tasks to queue
[2024-06-24T07:45:19.979+0000] {logging_mixin.py:188} INFO - [2024-06-24T07:45:19.979+0000] {dagbag.py:545} INFO - Filling up the DagBag from /home/airflow/.local/lib/python3.12/site-packages/airflow/example_dags/example_external_task_marker_dag.py
[2024-06-24T07:45:19.981+0000] {processor.py:840} INFO - DAG(s) 'example_external_task_marker_child', 'example_external_task_marker_parent' retrieved from /home/airflow/.local/lib/python3.12/site-packages/airflow/example_dags/example_external_task_marker_dag.py
[2024-06-24T07:45:19.989+0000] {logging_mixin.py:188} INFO - [2024-06-24T07:45:19.989+0000] {dag.py:3096} INFO - Sync 2 DAGs
[2024-06-24T07:45:19.994+0000] {logging_mixin.py:188} INFO - [2024-06-24T07:45:19.994+0000] {dag.py:3954} INFO - Setting next_dagrun for example_external_task_marker_child to None, run_after=None
[2024-06-24T07:45:19.996+0000] {logging_mixin.py:188} INFO - [2024-06-24T07:45:19.996+0000] {dag.py:3954} INFO - Setting next_dagrun for example_external_task_marker_parent to None, run_after=None
[2024-06-24T07:45:20.001+0000] {processor.py:183} INFO - Processing /home/airflow/.local/lib/python3.12/site-packages/airflow/example_dags/example_external_task_marker_dag.py took 0.025 seconds
[2024-06-24T07:45:50.437+0000] {processor.py:161} INFO - Started process (PID=326) to work on /home/airflow/.local/lib/python3.12/site-packages/airflow/example_dags/example_external_task_marker_dag.py
[2024-06-24T07:45:50.438+0000] {processor.py:830} INFO - Processing file /home/airflow/.local/lib/python3.12/site-packages/airflow/example_dags/example_external_task_marker_dag.py for tasks to queue
[2024-06-24T07:45:50.438+0000] {logging_mixin.py:188} INFO - [2024-06-24T07:45:50.438+0000] {dagbag.py:545} INFO - Filling up the DagBag from /home/airflow/.local/lib/python3.12/site-packages/airflow/example_dags/example_external_task_marker_dag.py
[2024-06-24T07:45:50.441+0000] {processor.py:840} INFO - DAG(s) 'example_external_task_marker_child', 'example_external_task_marker_parent' retrieved from /home/airflow/.local/lib/python3.12/site-packages/airflow/example_dags/example_external_task_marker_dag.py
[2024-06-24T07:45:50.450+0000] {logging_mixin.py:188} INFO - [2024-06-24T07:45:50.450+0000] {dag.py:3096} INFO - Sync 2 DAGs
[2024-06-24T07:45:50.455+0000] {logging_mixin.py:188} INFO - [2024-06-24T07:45:50.455+0000] {dag.py:3954} INFO - Setting next_dagrun for example_external_task_marker_child to None, run_after=None
[2024-06-24T07:45:50.457+0000] {logging_mixin.py:188} INFO - [2024-06-24T07:45:50.457+0000] {dag.py:3954} INFO - Setting next_dagrun for example_external_task_marker_parent to None, run_after=None
[2024-06-24T07:45:50.463+0000] {processor.py:183} INFO - Processing /home/airflow/.local/lib/python3.12/site-packages/airflow/example_dags/example_external_task_marker_dag.py took 0.028 seconds
[2024-06-24T07:46:20.692+0000] {processor.py:161} INFO - Started process (PID=384) to work on /home/airflow/.local/lib/python3.12/site-packages/airflow/example_dags/example_external_task_marker_dag.py
[2024-06-24T07:46:20.693+0000] {processor.py:830} INFO - Processing file /home/airflow/.local/lib/python3.12/site-packages/airflow/example_dags/example_external_task_marker_dag.py for tasks to queue
[2024-06-24T07:46:20.693+0000] {logging_mixin.py:188} INFO - [2024-06-24T07:46:20.693+0000] {dagbag.py:545} INFO - Filling up the DagBag from /home/airflow/.local/lib/python3.12/site-packages/airflow/example_dags/example_external_task_marker_dag.py
[2024-06-24T07:46:20.696+0000] {processor.py:840} INFO - DAG(s) 'example_external_task_marker_parent', 'example_external_task_marker_child' retrieved from /home/airflow/.local/lib/python3.12/site-packages/airflow/example_dags/example_external_task_marker_dag.py
[2024-06-24T07:46:20.705+0000] {logging_mixin.py:188} INFO - [2024-06-24T07:46:20.705+0000] {dag.py:3096} INFO - Sync 2 DAGs
[2024-06-24T07:46:20.710+0000] {logging_mixin.py:188} INFO - [2024-06-24T07:46:20.710+0000] {dag.py:3954} INFO - Setting next_dagrun for example_external_task_marker_child to None, run_after=None
[2024-06-24T07:46:20.711+0000] {logging_mixin.py:188} INFO - [2024-06-24T07:46:20.711+0000] {dag.py:3954} INFO - Setting next_dagrun for example_external_task_marker_parent to None, run_after=None
[2024-06-24T07:46:20.717+0000] {processor.py:183} INFO - Processing /home/airflow/.local/lib/python3.12/site-packages/airflow/example_dags/example_external_task_marker_dag.py took 0.028 seconds
[2024-06-24T07:46:51.093+0000] {processor.py:161} INFO - Started process (PID=441) to work on /home/airflow/.local/lib/python3.12/site-packages/airflow/example_dags/example_external_task_marker_dag.py
[2024-06-24T07:46:51.093+0000] {processor.py:830} INFO - Processing file /home/airflow/.local/lib/python3.12/site-packages/airflow/example_dags/example_external_task_marker_dag.py for tasks to queue
[2024-06-24T07:46:51.094+0000] {logging_mixin.py:188} INFO - [2024-06-24T07:46:51.094+0000] {dagbag.py:545} INFO - Filling up the DagBag from /home/airflow/.local/lib/python3.12/site-packages/airflow/example_dags/example_external_task_marker_dag.py
[2024-06-24T07:46:51.097+0000] {processor.py:840} INFO - DAG(s) 'example_external_task_marker_child', 'example_external_task_marker_parent' retrieved from /home/airflow/.local/lib/python3.12/site-packages/airflow/example_dags/example_external_task_marker_dag.py
[2024-06-24T07:46:51.106+0000] {logging_mixin.py:188} INFO - [2024-06-24T07:46:51.106+0000] {dag.py:3096} INFO - Sync 2 DAGs
[2024-06-24T07:46:51.111+0000] {logging_mixin.py:188} INFO - [2024-06-24T07:46:51.111+0000] {dag.py:3954} INFO - Setting next_dagrun for example_external_task_marker_child to None, run_after=None
[2024-06-24T07:46:51.113+0000] {logging_mixin.py:188} INFO - [2024-06-24T07:46:51.113+0000] {dag.py:3954} INFO - Setting next_dagrun for example_external_task_marker_parent to None, run_after=None
[2024-06-24T07:46:51.118+0000] {processor.py:183} INFO - Processing /home/airflow/.local/lib/python3.12/site-packages/airflow/example_dags/example_external_task_marker_dag.py took 0.029 seconds
[2024-06-24T07:47:21.500+0000] {processor.py:161} INFO - Started process (PID=499) to work on /home/airflow/.local/lib/python3.12/site-packages/airflow/example_dags/example_external_task_marker_dag.py
[2024-06-24T07:47:21.500+0000] {processor.py:830} INFO - Processing file /home/airflow/.local/lib/python3.12/site-packages/airflow/example_dags/example_external_task_marker_dag.py for tasks to queue
[2024-06-24T07:47:21.501+0000] {logging_mixin.py:188} INFO - [2024-06-24T07:47:21.501+0000] {dagbag.py:545} INFO - Filling up the DagBag from /home/airflow/.local/lib/python3.12/site-packages/airflow/example_dags/example_external_task_marker_dag.py
[2024-06-24T07:47:21.503+0000] {processor.py:840} INFO - DAG(s) 'example_external_task_marker_child', 'example_external_task_marker_parent' retrieved from /home/airflow/.local/lib/python3.12/site-packages/airflow/example_dags/example_external_task_marker_dag.py
[2024-06-24T07:47:21.514+0000] {logging_mixin.py:188} INFO - [2024-06-24T07:47:21.514+0000] {dag.py:3096} INFO - Sync 2 DAGs
[2024-06-24T07:47:21.519+0000] {logging_mixin.py:188} INFO - [2024-06-24T07:47:21.519+0000] {dag.py:3954} INFO - Setting next_dagrun for example_external_task_marker_child to None, run_after=None
[2024-06-24T07:47:21.520+0000] {logging_mixin.py:188} INFO - [2024-06-24T07:47:21.520+0000] {dag.py:3954} INFO - Setting next_dagrun for example_external_task_marker_parent to None, run_after=None
[2024-06-24T07:47:21.526+0000] {processor.py:183} INFO - Processing /home/airflow/.local/lib/python3.12/site-packages/airflow/example_dags/example_external_task_marker_dag.py took 0.029 seconds
[2024-06-24T07:47:51.860+0000] {processor.py:161} INFO - Started process (PID=556) to work on /home/airflow/.local/lib/python3.12/site-packages/airflow/example_dags/example_external_task_marker_dag.py
[2024-06-24T07:47:51.861+0000] {processor.py:830} INFO - Processing file /home/airflow/.local/lib/python3.12/site-packages/airflow/example_dags/example_external_task_marker_dag.py for tasks to queue
[2024-06-24T07:47:51.862+0000] {logging_mixin.py:188} INFO - [2024-06-24T07:47:51.862+0000] {dagbag.py:545} INFO - Filling up the DagBag from /home/airflow/.local/lib/python3.12/site-packages/airflow/example_dags/example_external_task_marker_dag.py
[2024-06-24T07:47:51.864+0000] {processor.py:840} INFO - DAG(s) 'example_external_task_marker_child', 'example_external_task_marker_parent' retrieved from /home/airflow/.local/lib/python3.12/site-packages/airflow/example_dags/example_external_task_marker_dag.py
[2024-06-24T07:47:51.874+0000] {logging_mixin.py:188} INFO - [2024-06-24T07:47:51.874+0000] {dag.py:3096} INFO - Sync 2 DAGs
[2024-06-24T07:47:51.879+0000] {logging_mixin.py:188} INFO - [2024-06-24T07:47:51.879+0000] {dag.py:3954} INFO - Setting next_dagrun for example_external_task_marker_child to None, run_after=None
[2024-06-24T07:47:51.880+0000] {logging_mixin.py:188} INFO - [2024-06-24T07:47:51.880+0000] {dag.py:3954} INFO - Setting next_dagrun for example_external_task_marker_parent to None, run_after=None
[2024-06-24T07:47:51.887+0000] {processor.py:183} INFO - Processing /home/airflow/.local/lib/python3.12/site-packages/airflow/example_dags/example_external_task_marker_dag.py took 0.028 seconds
[2024-06-24T07:48:22.285+0000] {processor.py:161} INFO - Started process (PID=614) to work on /home/airflow/.local/lib/python3.12/site-packages/airflow/example_dags/example_external_task_marker_dag.py
[2024-06-24T07:48:22.286+0000] {processor.py:830} INFO - Processing file /home/airflow/.local/lib/python3.12/site-packages/airflow/example_dags/example_external_task_marker_dag.py for tasks to queue
[2024-06-24T07:48:22.286+0000] {logging_mixin.py:188} INFO - [2024-06-24T07:48:22.286+0000] {dagbag.py:545} INFO - Filling up the DagBag from /home/airflow/.local/lib/python3.12/site-packages/airflow/example_dags/example_external_task_marker_dag.py
[2024-06-24T07:48:22.289+0000] {processor.py:840} INFO - DAG(s) 'example_external_task_marker_child', 'example_external_task_marker_parent' retrieved from /home/airflow/.local/lib/python3.12/site-packages/airflow/example_dags/example_external_task_marker_dag.py
[2024-06-24T07:48:22.298+0000] {logging_mixin.py:188} INFO - [2024-06-24T07:48:22.298+0000] {dag.py:3096} INFO - Sync 2 DAGs
[2024-06-24T07:48:22.303+0000] {logging_mixin.py:188} INFO - [2024-06-24T07:48:22.303+0000] {dag.py:3954} INFO - Setting next_dagrun for example_external_task_marker_child to None, run_after=None
[2024-06-24T07:48:22.305+0000] {logging_mixin.py:188} INFO - [2024-06-24T07:48:22.305+0000] {dag.py:3954} INFO - Setting next_dagrun for example_external_task_marker_parent to None, run_after=None
[2024-06-24T07:48:22.311+0000] {processor.py:183} INFO - Processing /home/airflow/.local/lib/python3.12/site-packages/airflow/example_dags/example_external_task_marker_dag.py took 0.028 seconds
[2024-06-24T07:48:52.748+0000] {processor.py:161} INFO - Started process (PID=672) to work on /home/airflow/.local/lib/python3.12/site-packages/airflow/example_dags/example_external_task_marker_dag.py
[2024-06-24T07:48:52.748+0000] {processor.py:830} INFO - Processing file /home/airflow/.local/lib/python3.12/site-packages/airflow/example_dags/example_external_task_marker_dag.py for tasks to queue
[2024-06-24T07:48:52.749+0000] {logging_mixin.py:188} INFO - [2024-06-24T07:48:52.749+0000] {dagbag.py:545} INFO - Filling up the DagBag from /home/airflow/.local/lib/python3.12/site-packages/airflow/example_dags/example_external_task_marker_dag.py
[2024-06-24T07:48:52.751+0000] {processor.py:840} INFO - DAG(s) 'example_external_task_marker_child', 'example_external_task_marker_parent' retrieved from /home/airflow/.local/lib/python3.12/site-packages/airflow/example_dags/example_external_task_marker_dag.py
[2024-06-24T07:48:52.759+0000] {logging_mixin.py:188} INFO - [2024-06-24T07:48:52.759+0000] {dag.py:3096} INFO - Sync 2 DAGs
[2024-06-24T07:48:52.764+0000] {logging_mixin.py:188} INFO - [2024-06-24T07:48:52.764+0000] {dag.py:3954} INFO - Setting next_dagrun for example_external_task_marker_child to None, run_after=None
[2024-06-24T07:48:52.765+0000] {logging_mixin.py:188} INFO - [2024-06-24T07:48:52.765+0000] {dag.py:3954} INFO - Setting next_dagrun for example_external_task_marker_parent to None, run_after=None
[2024-06-24T07:48:52.770+0000] {processor.py:183} INFO - Processing /home/airflow/.local/lib/python3.12/site-packages/airflow/example_dags/example_external_task_marker_dag.py took 0.025 seconds
[2024-06-24T07:49:23.263+0000] {processor.py:161} INFO - Started process (PID=729) to work on /home/airflow/.local/lib/python3.12/site-packages/airflow/example_dags/example_external_task_marker_dag.py
[2024-06-24T07:49:23.264+0000] {processor.py:830} INFO - Processing file /home/airflow/.local/lib/python3.12/site-packages/airflow/example_dags/example_external_task_marker_dag.py for tasks to queue
[2024-06-24T07:49:23.265+0000] {logging_mixin.py:188} INFO - [2024-06-24T07:49:23.265+0000] {dagbag.py:545} INFO - Filling up the DagBag from /home/airflow/.local/lib/python3.12/site-packages/airflow/example_dags/example_external_task_marker_dag.py
[2024-06-24T07:49:23.268+0000] {processor.py:840} INFO - DAG(s) 'example_external_task_marker_parent', 'example_external_task_marker_child' retrieved from /home/airflow/.local/lib/python3.12/site-packages/airflow/example_dags/example_external_task_marker_dag.py
[2024-06-24T07:49:23.277+0000] {logging_mixin.py:188} INFO - [2024-06-24T07:49:23.277+0000] {dag.py:3096} INFO - Sync 2 DAGs
[2024-06-24T07:49:23.282+0000] {logging_mixin.py:188} INFO - [2024-06-24T07:49:23.282+0000] {dag.py:3954} INFO - Setting next_dagrun for example_external_task_marker_child to None, run_after=None
[2024-06-24T07:49:23.284+0000] {logging_mixin.py:188} INFO - [2024-06-24T07:49:23.284+0000] {dag.py:3954} INFO - Setting next_dagrun for example_external_task_marker_parent to None, run_after=None
[2024-06-24T07:49:23.290+0000] {processor.py:183} INFO - Processing /home/airflow/.local/lib/python3.12/site-packages/airflow/example_dags/example_external_task_marker_dag.py took 0.029 seconds
[2024-06-24T07:49:53.742+0000] {processor.py:161} INFO - Started process (PID=787) to work on /home/airflow/.local/lib/python3.12/site-packages/airflow/example_dags/example_external_task_marker_dag.py
[2024-06-24T07:49:53.742+0000] {processor.py:830} INFO - Processing file /home/airflow/.local/lib/python3.12/site-packages/airflow/example_dags/example_external_task_marker_dag.py for tasks to queue
[2024-06-24T07:49:53.743+0000] {logging_mixin.py:188} INFO - [2024-06-24T07:49:53.743+0000] {dagbag.py:545} INFO - Filling up the DagBag from /home/airflow/.local/lib/python3.12/site-packages/airflow/example_dags/example_external_task_marker_dag.py
[2024-06-24T07:49:53.745+0000] {processor.py:840} INFO - DAG(s) 'example_external_task_marker_child', 'example_external_task_marker_parent' retrieved from /home/airflow/.local/lib/python3.12/site-packages/airflow/example_dags/example_external_task_marker_dag.py
[2024-06-24T07:49:53.755+0000] {logging_mixin.py:188} INFO - [2024-06-24T07:49:53.755+0000] {dag.py:3096} INFO - Sync 2 DAGs
[2024-06-24T07:49:53.759+0000] {logging_mixin.py:188} INFO - [2024-06-24T07:49:53.759+0000] {dag.py:3954} INFO - Setting next_dagrun for example_external_task_marker_child to None, run_after=None
[2024-06-24T07:49:53.761+0000] {logging_mixin.py:188} INFO - [2024-06-24T07:49:53.761+0000] {dag.py:3954} INFO - Setting next_dagrun for example_external_task_marker_parent to None, run_after=None
[2024-06-24T07:49:53.767+0000] {processor.py:183} INFO - Processing /home/airflow/.local/lib/python3.12/site-packages/airflow/example_dags/example_external_task_marker_dag.py took 0.028 seconds
[2024-06-24T07:50:24.188+0000] {processor.py:161} INFO - Started process (PID=845) to work on /home/airflow/.local/lib/python3.12/site-packages/airflow/example_dags/example_external_task_marker_dag.py
[2024-06-24T07:50:24.189+0000] {processor.py:830} INFO - Processing file /home/airflow/.local/lib/python3.12/site-packages/airflow/example_dags/example_external_task_marker_dag.py for tasks to queue
[2024-06-24T07:50:24.192+0000] {logging_mixin.py:188} INFO - [2024-06-24T07:50:24.192+0000] {dagbag.py:545} INFO - Filling up the DagBag from /home/airflow/.local/lib/python3.12/site-packages/airflow/example_dags/example_external_task_marker_dag.py
[2024-06-24T07:50:24.195+0000] {processor.py:840} INFO - DAG(s) 'example_external_task_marker_child', 'example_external_task_marker_parent' retrieved from /home/airflow/.local/lib/python3.12/site-packages/airflow/example_dags/example_external_task_marker_dag.py
[2024-06-24T07:50:24.205+0000] {logging_mixin.py:188} INFO - [2024-06-24T07:50:24.204+0000] {dag.py:3096} INFO - Sync 2 DAGs
[2024-06-24T07:50:24.209+0000] {logging_mixin.py:188} INFO - [2024-06-24T07:50:24.209+0000] {dag.py:3954} INFO - Setting next_dagrun for example_external_task_marker_child to None, run_after=None
[2024-06-24T07:50:24.211+0000] {logging_mixin.py:188} INFO - [2024-06-24T07:50:24.211+0000] {dag.py:3954} INFO - Setting next_dagrun for example_external_task_marker_parent to None, run_after=None
[2024-06-24T07:50:24.217+0000] {processor.py:183} INFO - Processing /home/airflow/.local/lib/python3.12/site-packages/airflow/example_dags/example_external_task_marker_dag.py took 0.031 seconds
[2024-06-24T07:50:54.657+0000] {processor.py:161} INFO - Started process (PID=903) to work on /home/airflow/.local/lib/python3.12/site-packages/airflow/example_dags/example_external_task_marker_dag.py
[2024-06-24T07:50:54.658+0000] {processor.py:830} INFO - Processing file /home/airflow/.local/lib/python3.12/site-packages/airflow/example_dags/example_external_task_marker_dag.py for tasks to queue
[2024-06-24T07:50:54.659+0000] {logging_mixin.py:188} INFO - [2024-06-24T07:50:54.659+0000] {dagbag.py:545} INFO - Filling up the DagBag from /home/airflow/.local/lib/python3.12/site-packages/airflow/example_dags/example_external_task_marker_dag.py
[2024-06-24T07:50:54.662+0000] {processor.py:840} INFO - DAG(s) 'example_external_task_marker_child', 'example_external_task_marker_parent' retrieved from /home/airflow/.local/lib/python3.12/site-packages/airflow/example_dags/example_external_task_marker_dag.py
[2024-06-24T07:50:54.674+0000] {logging_mixin.py:188} INFO - [2024-06-24T07:50:54.674+0000] {dag.py:3096} INFO - Sync 2 DAGs
[2024-06-24T07:50:54.682+0000] {logging_mixin.py:188} INFO - [2024-06-24T07:50:54.682+0000] {dag.py:3954} INFO - Setting next_dagrun for example_external_task_marker_child to None, run_after=None
[2024-06-24T07:50:54.686+0000] {logging_mixin.py:188} INFO - [2024-06-24T07:50:54.686+0000] {dag.py:3954} INFO - Setting next_dagrun for example_external_task_marker_parent to None, run_after=None
[2024-06-24T07:50:54.694+0000] {processor.py:183} INFO - Processing /home/airflow/.local/lib/python3.12/site-packages/airflow/example_dags/example_external_task_marker_dag.py took 0.040 seconds
[2024-06-24T07:51:25.145+0000] {processor.py:161} INFO - Started process (PID=960) to work on /home/airflow/.local/lib/python3.12/site-packages/airflow/example_dags/example_external_task_marker_dag.py
[2024-06-24T07:51:25.145+0000] {processor.py:830} INFO - Processing file /home/airflow/.local/lib/python3.12/site-packages/airflow/example_dags/example_external_task_marker_dag.py for tasks to queue
[2024-06-24T07:51:25.146+0000] {logging_mixin.py:188} INFO - [2024-06-24T07:51:25.146+0000] {dagbag.py:545} INFO - Filling up the DagBag from /home/airflow/.local/lib/python3.12/site-packages/airflow/example_dags/example_external_task_marker_dag.py
[2024-06-24T07:51:25.149+0000] {processor.py:840} INFO - DAG(s) 'example_external_task_marker_child', 'example_external_task_marker_parent' retrieved from /home/airflow/.local/lib/python3.12/site-packages/airflow/example_dags/example_external_task_marker_dag.py
[2024-06-24T07:51:25.159+0000] {logging_mixin.py:188} INFO - [2024-06-24T07:51:25.159+0000] {dag.py:3096} INFO - Sync 2 DAGs
[2024-06-24T07:51:25.163+0000] {logging_mixin.py:188} INFO - [2024-06-24T07:51:25.163+0000] {dag.py:3954} INFO - Setting next_dagrun for example_external_task_marker_child to None, run_after=None
[2024-06-24T07:51:25.165+0000] {logging_mixin.py:188} INFO - [2024-06-24T07:51:25.165+0000] {dag.py:3954} INFO - Setting next_dagrun for example_external_task_marker_parent to None, run_after=None
[2024-06-24T07:51:25.171+0000] {processor.py:183} INFO - Processing /home/airflow/.local/lib/python3.12/site-packages/airflow/example_dags/example_external_task_marker_dag.py took 0.028 seconds
[2024-06-24T07:51:55.542+0000] {processor.py:161} INFO - Started process (PID=1018) to work on /home/airflow/.local/lib/python3.12/site-packages/airflow/example_dags/example_external_task_marker_dag.py
[2024-06-24T07:51:55.542+0000] {processor.py:830} INFO - Processing file /home/airflow/.local/lib/python3.12/site-packages/airflow/example_dags/example_external_task_marker_dag.py for tasks to queue
[2024-06-24T07:51:55.543+0000] {logging_mixin.py:188} INFO - [2024-06-24T07:51:55.543+0000] {dagbag.py:545} INFO - Filling up the DagBag from /home/airflow/.local/lib/python3.12/site-packages/airflow/example_dags/example_external_task_marker_dag.py
[2024-06-24T07:51:55.545+0000] {processor.py:840} INFO - DAG(s) 'example_external_task_marker_child', 'example_external_task_marker_parent' retrieved from /home/airflow/.local/lib/python3.12/site-packages/airflow/example_dags/example_external_task_marker_dag.py
[2024-06-24T07:51:55.554+0000] {logging_mixin.py:188} INFO - [2024-06-24T07:51:55.554+0000] {dag.py:3096} INFO - Sync 2 DAGs
[2024-06-24T07:51:55.558+0000] {logging_mixin.py:188} INFO - [2024-06-24T07:51:55.558+0000] {dag.py:3954} INFO - Setting next_dagrun for example_external_task_marker_child to None, run_after=None
[2024-06-24T07:51:55.560+0000] {logging_mixin.py:188} INFO - [2024-06-24T07:51:55.560+0000] {dag.py:3954} INFO - Setting next_dagrun for example_external_task_marker_parent to None, run_after=None
[2024-06-24T07:51:55.565+0000] {processor.py:183} INFO - Processing /home/airflow/.local/lib/python3.12/site-packages/airflow/example_dags/example_external_task_marker_dag.py took 0.025 seconds
[2024-06-24T07:52:25.957+0000] {processor.py:161} INFO - Started process (PID=1076) to work on /home/airflow/.local/lib/python3.12/site-packages/airflow/example_dags/example_external_task_marker_dag.py
[2024-06-24T07:52:25.958+0000] {processor.py:830} INFO - Processing file /home/airflow/.local/lib/python3.12/site-packages/airflow/example_dags/example_external_task_marker_dag.py for tasks to queue
[2024-06-24T07:52:25.959+0000] {logging_mixin.py:188} INFO - [2024-06-24T07:52:25.958+0000] {dagbag.py:545} INFO - Filling up the DagBag from /home/airflow/.local/lib/python3.12/site-packages/airflow/example_dags/example_external_task_marker_dag.py
[2024-06-24T07:52:25.963+0000] {processor.py:840} INFO - DAG(s) 'example_external_task_marker_parent', 'example_external_task_marker_child' retrieved from /home/airflow/.local/lib/python3.12/site-packages/airflow/example_dags/example_external_task_marker_dag.py
[2024-06-24T07:52:25.973+0000] {logging_mixin.py:188} INFO - [2024-06-24T07:52:25.973+0000] {dag.py:3096} INFO - Sync 2 DAGs
[2024-06-24T07:52:25.978+0000] {logging_mixin.py:188} INFO - [2024-06-24T07:52:25.978+0000] {dag.py:3954} INFO - Setting next_dagrun for example_external_task_marker_child to None, run_after=None
[2024-06-24T07:52:25.980+0000] {logging_mixin.py:188} INFO - [2024-06-24T07:52:25.980+0000] {dag.py:3954} INFO - Setting next_dagrun for example_external_task_marker_parent to None, run_after=None
[2024-06-24T07:52:25.987+0000] {processor.py:183} INFO - Processing /home/airflow/.local/lib/python3.12/site-packages/airflow/example_dags/example_external_task_marker_dag.py took 0.033 seconds
[2024-06-24T07:52:56.366+0000] {processor.py:161} INFO - Started process (PID=1133) to work on /home/airflow/.local/lib/python3.12/site-packages/airflow/example_dags/example_external_task_marker_dag.py
[2024-06-24T07:52:56.367+0000] {processor.py:830} INFO - Processing file /home/airflow/.local/lib/python3.12/site-packages/airflow/example_dags/example_external_task_marker_dag.py for tasks to queue
[2024-06-24T07:52:56.367+0000] {logging_mixin.py:188} INFO - [2024-06-24T07:52:56.367+0000] {dagbag.py:545} INFO - Filling up the DagBag from /home/airflow/.local/lib/python3.12/site-packages/airflow/example_dags/example_external_task_marker_dag.py
[2024-06-24T07:52:56.370+0000] {processor.py:840} INFO - DAG(s) 'example_external_task_marker_child', 'example_external_task_marker_parent' retrieved from /home/airflow/.local/lib/python3.12/site-packages/airflow/example_dags/example_external_task_marker_dag.py
[2024-06-24T07:52:56.379+0000] {logging_mixin.py:188} INFO - [2024-06-24T07:52:56.379+0000] {dag.py:3096} INFO - Sync 2 DAGs
[2024-06-24T07:52:56.384+0000] {logging_mixin.py:188} INFO - [2024-06-24T07:52:56.384+0000] {dag.py:3954} INFO - Setting next_dagrun for example_external_task_marker_child to None, run_after=None
[2024-06-24T07:52:56.386+0000] {logging_mixin.py:188} INFO - [2024-06-24T07:52:56.386+0000] {dag.py:3954} INFO - Setting next_dagrun for example_external_task_marker_parent to None, run_after=None
[2024-06-24T07:52:56.392+0000] {processor.py:183} INFO - Processing /home/airflow/.local/lib/python3.12/site-packages/airflow/example_dags/example_external_task_marker_dag.py took 0.028 seconds
[2024-06-24T07:53:26.798+0000] {processor.py:161} INFO - Started process (PID=1191) to work on /home/airflow/.local/lib/python3.12/site-packages/airflow/example_dags/example_external_task_marker_dag.py
[2024-06-24T07:53:26.799+0000] {processor.py:830} INFO - Processing file /home/airflow/.local/lib/python3.12/site-packages/airflow/example_dags/example_external_task_marker_dag.py for tasks to queue
[2024-06-24T07:53:26.799+0000] {logging_mixin.py:188} INFO - [2024-06-24T07:53:26.799+0000] {dagbag.py:545} INFO - Filling up the DagBag from /home/airflow/.local/lib/python3.12/site-packages/airflow/example_dags/example_external_task_marker_dag.py
[2024-06-24T07:53:26.802+0000] {processor.py:840} INFO - DAG(s) 'example_external_task_marker_parent', 'example_external_task_marker_child' retrieved from /home/airflow/.local/lib/python3.12/site-packages/airflow/example_dags/example_external_task_marker_dag.py
[2024-06-24T07:53:26.811+0000] {logging_mixin.py:188} INFO - [2024-06-24T07:53:26.811+0000] {dag.py:3096} INFO - Sync 2 DAGs
[2024-06-24T07:53:26.815+0000] {logging_mixin.py:188} INFO - [2024-06-24T07:53:26.815+0000] {dag.py:3954} INFO - Setting next_dagrun for example_external_task_marker_child to None, run_after=None
[2024-06-24T07:53:26.817+0000] {logging_mixin.py:188} INFO - [2024-06-24T07:53:26.817+0000] {dag.py:3954} INFO - Setting next_dagrun for example_external_task_marker_parent to None, run_after=None
[2024-06-24T07:53:26.822+0000] {processor.py:183} INFO - Processing /home/airflow/.local/lib/python3.12/site-packages/airflow/example_dags/example_external_task_marker_dag.py took 0.027 seconds
[2024-06-24T07:53:57.211+0000] {processor.py:161} INFO - Started process (PID=1249) to work on /home/airflow/.local/lib/python3.12/site-packages/airflow/example_dags/example_external_task_marker_dag.py
[2024-06-24T07:53:57.213+0000] {processor.py:830} INFO - Processing file /home/airflow/.local/lib/python3.12/site-packages/airflow/example_dags/example_external_task_marker_dag.py for tasks to queue
[2024-06-24T07:53:57.213+0000] {logging_mixin.py:188} INFO - [2024-06-24T07:53:57.213+0000] {dagbag.py:545} INFO - Filling up the DagBag from /home/airflow/.local/lib/python3.12/site-packages/airflow/example_dags/example_external_task_marker_dag.py
[2024-06-24T07:53:57.216+0000] {processor.py:840} INFO - DAG(s) 'example_external_task_marker_child', 'example_external_task_marker_parent' retrieved from /home/airflow/.local/lib/python3.12/site-packages/airflow/example_dags/example_external_task_marker_dag.py
[2024-06-24T07:53:57.225+0000] {logging_mixin.py:188} INFO - [2024-06-24T07:53:57.225+0000] {dag.py:3096} INFO - Sync 2 DAGs
[2024-06-24T07:53:57.230+0000] {logging_mixin.py:188} INFO - [2024-06-24T07:53:57.230+0000] {dag.py:3954} INFO - Setting next_dagrun for example_external_task_marker_child to None, run_after=None
[2024-06-24T07:53:57.232+0000] {logging_mixin.py:188} INFO - [2024-06-24T07:53:57.232+0000] {dag.py:3954} INFO - Setting next_dagrun for example_external_task_marker_parent to None, run_after=None
[2024-06-24T07:53:57.239+0000] {processor.py:183} INFO - Processing /home/airflow/.local/lib/python3.12/site-packages/airflow/example_dags/example_external_task_marker_dag.py took 0.030 seconds
[2024-06-24T07:54:27.691+0000] {processor.py:161} INFO - Started process (PID=1307) to work on /home/airflow/.local/lib/python3.12/site-packages/airflow/example_dags/example_external_task_marker_dag.py
[2024-06-24T07:54:27.692+0000] {processor.py:830} INFO - Processing file /home/airflow/.local/lib/python3.12/site-packages/airflow/example_dags/example_external_task_marker_dag.py for tasks to queue
[2024-06-24T07:54:27.693+0000] {logging_mixin.py:188} INFO - [2024-06-24T07:54:27.692+0000] {dagbag.py:545} INFO - Filling up the DagBag from /home/airflow/.local/lib/python3.12/site-packages/airflow/example_dags/example_external_task_marker_dag.py
[2024-06-24T07:54:27.696+0000] {processor.py:840} INFO - DAG(s) 'example_external_task_marker_child', 'example_external_task_marker_parent' retrieved from /home/airflow/.local/lib/python3.12/site-packages/airflow/example_dags/example_external_task_marker_dag.py
[2024-06-24T07:54:27.710+0000] {logging_mixin.py:188} INFO - [2024-06-24T07:54:27.710+0000] {dag.py:3096} INFO - Sync 2 DAGs
[2024-06-24T07:54:27.716+0000] {logging_mixin.py:188} INFO - [2024-06-24T07:54:27.716+0000] {dag.py:3954} INFO - Setting next_dagrun for example_external_task_marker_child to None, run_after=None
[2024-06-24T07:54:27.717+0000] {logging_mixin.py:188} INFO - [2024-06-24T07:54:27.717+0000] {dag.py:3954} INFO - Setting next_dagrun for example_external_task_marker_parent to None, run_after=None
[2024-06-24T07:54:27.724+0000] {processor.py:183} INFO - Processing /home/airflow/.local/lib/python3.12/site-packages/airflow/example_dags/example_external_task_marker_dag.py took 0.035 seconds
[2024-06-24T07:54:58.095+0000] {processor.py:161} INFO - Started process (PID=1364) to work on /home/airflow/.local/lib/python3.12/site-packages/airflow/example_dags/example_external_task_marker_dag.py
[2024-06-24T07:54:58.095+0000] {processor.py:830} INFO - Processing file /home/airflow/.local/lib/python3.12/site-packages/airflow/example_dags/example_external_task_marker_dag.py for tasks to queue
[2024-06-24T07:54:58.096+0000] {logging_mixin.py:188} INFO - [2024-06-24T07:54:58.096+0000] {dagbag.py:545} INFO - Filling up the DagBag from /home/airflow/.local/lib/python3.12/site-packages/airflow/example_dags/example_external_task_marker_dag.py
[2024-06-24T07:54:58.098+0000] {processor.py:840} INFO - DAG(s) 'example_external_task_marker_child', 'example_external_task_marker_parent' retrieved from /home/airflow/.local/lib/python3.12/site-packages/airflow/example_dags/example_external_task_marker_dag.py
[2024-06-24T07:54:58.107+0000] {logging_mixin.py:188} INFO - [2024-06-24T07:54:58.107+0000] {dag.py:3096} INFO - Sync 2 DAGs
[2024-06-24T07:54:58.112+0000] {logging_mixin.py:188} INFO - [2024-06-24T07:54:58.112+0000] {dag.py:3954} INFO - Setting next_dagrun for example_external_task_marker_child to None, run_after=None
[2024-06-24T07:54:58.113+0000] {logging_mixin.py:188} INFO - [2024-06-24T07:54:58.113+0000] {dag.py:3954} INFO - Setting next_dagrun for example_external_task_marker_parent to None, run_after=None
[2024-06-24T07:54:58.119+0000] {processor.py:183} INFO - Processing /home/airflow/.local/lib/python3.12/site-packages/airflow/example_dags/example_external_task_marker_dag.py took 0.027 seconds
[2024-06-24T07:55:28.670+0000] {processor.py:161} INFO - Started process (PID=1422) to work on /home/airflow/.local/lib/python3.12/site-packages/airflow/example_dags/example_external_task_marker_dag.py
[2024-06-24T07:55:28.671+0000] {processor.py:830} INFO - Processing file /home/airflow/.local/lib/python3.12/site-packages/airflow/example_dags/example_external_task_marker_dag.py for tasks to queue
[2024-06-24T07:55:28.672+0000] {logging_mixin.py:188} INFO - [2024-06-24T07:55:28.672+0000] {dagbag.py:545} INFO - Filling up the DagBag from /home/airflow/.local/lib/python3.12/site-packages/airflow/example_dags/example_external_task_marker_dag.py
[2024-06-24T07:55:28.675+0000] {processor.py:840} INFO - DAG(s) 'example_external_task_marker_parent', 'example_external_task_marker_child' retrieved from /home/airflow/.local/lib/python3.12/site-packages/airflow/example_dags/example_external_task_marker_dag.py
[2024-06-24T07:55:28.684+0000] {logging_mixin.py:188} INFO - [2024-06-24T07:55:28.684+0000] {dag.py:3096} INFO - Sync 2 DAGs
[2024-06-24T07:55:28.690+0000] {logging_mixin.py:188} INFO - [2024-06-24T07:55:28.690+0000] {dag.py:3954} INFO - Setting next_dagrun for example_external_task_marker_child to None, run_after=None
[2024-06-24T07:55:28.691+0000] {logging_mixin.py:188} INFO - [2024-06-24T07:55:28.691+0000] {dag.py:3954} INFO - Setting next_dagrun for example_external_task_marker_parent to None, run_after=None
[2024-06-24T07:55:28.697+0000] {processor.py:183} INFO - Processing /home/airflow/.local/lib/python3.12/site-packages/airflow/example_dags/example_external_task_marker_dag.py took 0.029 seconds
[2024-06-24T07:55:59.299+0000] {processor.py:161} INFO - Started process (PID=1480) to work on /home/airflow/.local/lib/python3.12/site-packages/airflow/example_dags/example_external_task_marker_dag.py
[2024-06-24T07:55:59.299+0000] {processor.py:830} INFO - Processing file /home/airflow/.local/lib/python3.12/site-packages/airflow/example_dags/example_external_task_marker_dag.py for tasks to queue
[2024-06-24T07:55:59.300+0000] {logging_mixin.py:188} INFO - [2024-06-24T07:55:59.300+0000] {dagbag.py:545} INFO - Filling up the DagBag from /home/airflow/.local/lib/python3.12/site-packages/airflow/example_dags/example_external_task_marker_dag.py
[2024-06-24T07:55:59.303+0000] {processor.py:840} INFO - DAG(s) 'example_external_task_marker_parent', 'example_external_task_marker_child' retrieved from /home/airflow/.local/lib/python3.12/site-packages/airflow/example_dags/example_external_task_marker_dag.py
[2024-06-24T07:55:59.313+0000] {logging_mixin.py:188} INFO - [2024-06-24T07:55:59.313+0000] {dag.py:3096} INFO - Sync 2 DAGs
[2024-06-24T07:55:59.318+0000] {logging_mixin.py:188} INFO - [2024-06-24T07:55:59.317+0000] {dag.py:3954} INFO - Setting next_dagrun for example_external_task_marker_child to None, run_after=None
[2024-06-24T07:55:59.319+0000] {logging_mixin.py:188} INFO - [2024-06-24T07:55:59.319+0000] {dag.py:3954} INFO - Setting next_dagrun for example_external_task_marker_parent to None, run_after=None
[2024-06-24T07:55:59.326+0000] {processor.py:183} INFO - Processing /home/airflow/.local/lib/python3.12/site-packages/airflow/example_dags/example_external_task_marker_dag.py took 0.029 seconds
[2024-06-24T07:56:29.923+0000] {processor.py:161} INFO - Started process (PID=1537) to work on /home/airflow/.local/lib/python3.12/site-packages/airflow/example_dags/example_external_task_marker_dag.py
[2024-06-24T07:56:29.924+0000] {processor.py:830} INFO - Processing file /home/airflow/.local/lib/python3.12/site-packages/airflow/example_dags/example_external_task_marker_dag.py for tasks to queue
[2024-06-24T07:56:29.926+0000] {logging_mixin.py:188} INFO - [2024-06-24T07:56:29.925+0000] {dagbag.py:545} INFO - Filling up the DagBag from /home/airflow/.local/lib/python3.12/site-packages/airflow/example_dags/example_external_task_marker_dag.py
[2024-06-24T07:56:29.929+0000] {processor.py:840} INFO - DAG(s) 'example_external_task_marker_child', 'example_external_task_marker_parent' retrieved from /home/airflow/.local/lib/python3.12/site-packages/airflow/example_dags/example_external_task_marker_dag.py
[2024-06-24T07:56:29.945+0000] {logging_mixin.py:188} INFO - [2024-06-24T07:56:29.945+0000] {dag.py:3096} INFO - Sync 2 DAGs
[2024-06-24T07:56:29.957+0000] {logging_mixin.py:188} INFO - [2024-06-24T07:56:29.957+0000] {dag.py:3954} INFO - Setting next_dagrun for example_external_task_marker_child to None, run_after=None
[2024-06-24T07:56:29.959+0000] {logging_mixin.py:188} INFO - [2024-06-24T07:56:29.959+0000] {dag.py:3954} INFO - Setting next_dagrun for example_external_task_marker_parent to None, run_after=None
[2024-06-24T07:56:29.971+0000] {processor.py:183} INFO - Processing /home/airflow/.local/lib/python3.12/site-packages/airflow/example_dags/example_external_task_marker_dag.py took 0.052 seconds
[2024-06-24T07:57:00.473+0000] {processor.py:161} INFO - Started process (PID=1595) to work on /home/airflow/.local/lib/python3.12/site-packages/airflow/example_dags/example_external_task_marker_dag.py
[2024-06-24T07:57:00.474+0000] {processor.py:830} INFO - Processing file /home/airflow/.local/lib/python3.12/site-packages/airflow/example_dags/example_external_task_marker_dag.py for tasks to queue
[2024-06-24T07:57:00.475+0000] {logging_mixin.py:188} INFO - [2024-06-24T07:57:00.475+0000] {dagbag.py:545} INFO - Filling up the DagBag from /home/airflow/.local/lib/python3.12/site-packages/airflow/example_dags/example_external_task_marker_dag.py
[2024-06-24T07:57:00.478+0000] {processor.py:840} INFO - DAG(s) 'example_external_task_marker_child', 'example_external_task_marker_parent' retrieved from /home/airflow/.local/lib/python3.12/site-packages/airflow/example_dags/example_external_task_marker_dag.py
[2024-06-24T07:57:00.486+0000] {logging_mixin.py:188} INFO - [2024-06-24T07:57:00.486+0000] {dag.py:3096} INFO - Sync 2 DAGs
[2024-06-24T07:57:00.491+0000] {logging_mixin.py:188} INFO - [2024-06-24T07:57:00.490+0000] {dag.py:3954} INFO - Setting next_dagrun for example_external_task_marker_child to None, run_after=None
[2024-06-24T07:57:00.492+0000] {logging_mixin.py:188} INFO - [2024-06-24T07:57:00.492+0000] {dag.py:3954} INFO - Setting next_dagrun for example_external_task_marker_parent to None, run_after=None
[2024-06-24T07:57:00.498+0000] {processor.py:183} INFO - Processing /home/airflow/.local/lib/python3.12/site-packages/airflow/example_dags/example_external_task_marker_dag.py took 0.027 seconds
[2024-06-24T07:57:30.594+0000] {processor.py:161} INFO - Started process (PID=1653) to work on /home/airflow/.local/lib/python3.12/site-packages/airflow/example_dags/example_external_task_marker_dag.py
[2024-06-24T07:57:30.595+0000] {processor.py:830} INFO - Processing file /home/airflow/.local/lib/python3.12/site-packages/airflow/example_dags/example_external_task_marker_dag.py for tasks to queue
[2024-06-24T07:57:30.596+0000] {logging_mixin.py:188} INFO - [2024-06-24T07:57:30.596+0000] {dagbag.py:545} INFO - Filling up the DagBag from /home/airflow/.local/lib/python3.12/site-packages/airflow/example_dags/example_external_task_marker_dag.py
[2024-06-24T07:57:30.598+0000] {processor.py:840} INFO - DAG(s) 'example_external_task_marker_child', 'example_external_task_marker_parent' retrieved from /home/airflow/.local/lib/python3.12/site-packages/airflow/example_dags/example_external_task_marker_dag.py
[2024-06-24T07:57:30.607+0000] {logging_mixin.py:188} INFO - [2024-06-24T07:57:30.607+0000] {dag.py:3096} INFO - Sync 2 DAGs
[2024-06-24T07:57:30.612+0000] {logging_mixin.py:188} INFO - [2024-06-24T07:57:30.612+0000] {dag.py:3954} INFO - Setting next_dagrun for example_external_task_marker_child to None, run_after=None
[2024-06-24T07:57:30.613+0000] {logging_mixin.py:188} INFO - [2024-06-24T07:57:30.613+0000] {dag.py:3954} INFO - Setting next_dagrun for example_external_task_marker_parent to None, run_after=None
[2024-06-24T07:57:30.619+0000] {processor.py:183} INFO - Processing /home/airflow/.local/lib/python3.12/site-packages/airflow/example_dags/example_external_task_marker_dag.py took 0.026 seconds
[2024-06-24T07:58:00.882+0000] {processor.py:161} INFO - Started process (PID=1711) to work on /home/airflow/.local/lib/python3.12/site-packages/airflow/example_dags/example_external_task_marker_dag.py
[2024-06-24T07:58:00.882+0000] {processor.py:830} INFO - Processing file /home/airflow/.local/lib/python3.12/site-packages/airflow/example_dags/example_external_task_marker_dag.py for tasks to queue
[2024-06-24T07:58:00.883+0000] {logging_mixin.py:188} INFO - [2024-06-24T07:58:00.883+0000] {dagbag.py:545} INFO - Filling up the DagBag from /home/airflow/.local/lib/python3.12/site-packages/airflow/example_dags/example_external_task_marker_dag.py
[2024-06-24T07:58:00.886+0000] {processor.py:840} INFO - DAG(s) 'example_external_task_marker_child', 'example_external_task_marker_parent' retrieved from /home/airflow/.local/lib/python3.12/site-packages/airflow/example_dags/example_external_task_marker_dag.py
[2024-06-24T07:58:00.895+0000] {logging_mixin.py:188} INFO - [2024-06-24T07:58:00.895+0000] {dag.py:3096} INFO - Sync 2 DAGs
[2024-06-24T07:58:00.900+0000] {logging_mixin.py:188} INFO - [2024-06-24T07:58:00.900+0000] {dag.py:3954} INFO - Setting next_dagrun for example_external_task_marker_child to None, run_after=None
[2024-06-24T07:58:00.902+0000] {logging_mixin.py:188} INFO - [2024-06-24T07:58:00.902+0000] {dag.py:3954} INFO - Setting next_dagrun for example_external_task_marker_parent to None, run_after=None
[2024-06-24T07:58:00.908+0000] {processor.py:183} INFO - Processing /home/airflow/.local/lib/python3.12/site-packages/airflow/example_dags/example_external_task_marker_dag.py took 0.028 seconds
[2024-06-24T07:58:31.508+0000] {processor.py:161} INFO - Started process (PID=1769) to work on /home/airflow/.local/lib/python3.12/site-packages/airflow/example_dags/example_external_task_marker_dag.py
[2024-06-24T07:58:31.508+0000] {processor.py:830} INFO - Processing file /home/airflow/.local/lib/python3.12/site-packages/airflow/example_dags/example_external_task_marker_dag.py for tasks to queue
[2024-06-24T07:58:31.509+0000] {logging_mixin.py:188} INFO - [2024-06-24T07:58:31.509+0000] {dagbag.py:545} INFO - Filling up the DagBag from /home/airflow/.local/lib/python3.12/site-packages/airflow/example_dags/example_external_task_marker_dag.py
[2024-06-24T07:58:31.511+0000] {processor.py:840} INFO - DAG(s) 'example_external_task_marker_parent', 'example_external_task_marker_child' retrieved from /home/airflow/.local/lib/python3.12/site-packages/airflow/example_dags/example_external_task_marker_dag.py
[2024-06-24T07:58:31.520+0000] {logging_mixin.py:188} INFO - [2024-06-24T07:58:31.520+0000] {dag.py:3096} INFO - Sync 2 DAGs
[2024-06-24T07:58:31.525+0000] {logging_mixin.py:188} INFO - [2024-06-24T07:58:31.525+0000] {dag.py:3954} INFO - Setting next_dagrun for example_external_task_marker_child to None, run_after=None
[2024-06-24T07:58:31.527+0000] {logging_mixin.py:188} INFO - [2024-06-24T07:58:31.526+0000] {dag.py:3954} INFO - Setting next_dagrun for example_external_task_marker_parent to None, run_after=None
[2024-06-24T07:58:31.533+0000] {processor.py:183} INFO - Processing /home/airflow/.local/lib/python3.12/site-packages/airflow/example_dags/example_external_task_marker_dag.py took 0.027 seconds
[2024-06-24T07:59:02.172+0000] {processor.py:161} INFO - Started process (PID=1827) to work on /home/airflow/.local/lib/python3.12/site-packages/airflow/example_dags/example_external_task_marker_dag.py
[2024-06-24T07:59:02.173+0000] {processor.py:830} INFO - Processing file /home/airflow/.local/lib/python3.12/site-packages/airflow/example_dags/example_external_task_marker_dag.py for tasks to queue
[2024-06-24T07:59:02.174+0000] {logging_mixin.py:188} INFO - [2024-06-24T07:59:02.174+0000] {dagbag.py:545} INFO - Filling up the DagBag from /home/airflow/.local/lib/python3.12/site-packages/airflow/example_dags/example_external_task_marker_dag.py
[2024-06-24T07:59:02.176+0000] {processor.py:840} INFO - DAG(s) 'example_external_task_marker_child', 'example_external_task_marker_parent' retrieved from /home/airflow/.local/lib/python3.12/site-packages/airflow/example_dags/example_external_task_marker_dag.py
[2024-06-24T07:59:02.185+0000] {logging_mixin.py:188} INFO - [2024-06-24T07:59:02.185+0000] {dag.py:3096} INFO - Sync 2 DAGs
[2024-06-24T07:59:02.190+0000] {logging_mixin.py:188} INFO - [2024-06-24T07:59:02.190+0000] {dag.py:3954} INFO - Setting next_dagrun for example_external_task_marker_child to None, run_after=None
[2024-06-24T07:59:02.191+0000] {logging_mixin.py:188} INFO - [2024-06-24T07:59:02.191+0000] {dag.py:3954} INFO - Setting next_dagrun for example_external_task_marker_parent to None, run_after=None
[2024-06-24T07:59:02.197+0000] {processor.py:183} INFO - Processing /home/airflow/.local/lib/python3.12/site-packages/airflow/example_dags/example_external_task_marker_dag.py took 0.027 seconds
