[2024-06-24T07:43:19.750+0000] {processor.py:161} INFO - Started process (PID=64) to work on /home/airflow/.local/lib/python3.12/site-packages/airflow/example_dags/example_task_group_decorator.py
[2024-06-24T07:43:19.751+0000] {processor.py:830} INFO - Processing file /home/airflow/.local/lib/python3.12/site-packages/airflow/example_dags/example_task_group_decorator.py for tasks to queue
[2024-06-24T07:43:19.753+0000] {logging_mixin.py:188} INFO - [2024-06-24T07:43:19.753+0000] {dagbag.py:545} INFO - Filling up the DagBag from /home/airflow/.local/lib/python3.12/site-packages/airflow/example_dags/example_task_group_decorator.py
[2024-06-24T07:43:19.766+0000] {processor.py:840} INFO - DAG(s) 'example_task_group_decorator' retrieved from /home/airflow/.local/lib/python3.12/site-packages/airflow/example_dags/example_task_group_decorator.py
[2024-06-24T07:43:19.791+0000] {logging_mixin.py:188} INFO - [2024-06-24T07:43:19.791+0000] {dag.py:3096} INFO - Sync 1 DAGs
[2024-06-24T07:43:19.805+0000] {logging_mixin.py:188} INFO - [2024-06-24T07:43:19.804+0000] {dag.py:3954} INFO - Setting next_dagrun for example_task_group_decorator to 2024-06-23 00:00:00+00:00, run_after=2024-06-24 00:00:00+00:00
[2024-06-24T07:43:19.814+0000] {processor.py:183} INFO - Processing /home/airflow/.local/lib/python3.12/site-packages/airflow/example_dags/example_task_group_decorator.py took 0.068 seconds
[2024-06-24T07:43:50.371+0000] {processor.py:161} INFO - Started process (PID=122) to work on /home/airflow/.local/lib/python3.12/site-packages/airflow/example_dags/example_task_group_decorator.py
[2024-06-24T07:43:50.371+0000] {processor.py:830} INFO - Processing file /home/airflow/.local/lib/python3.12/site-packages/airflow/example_dags/example_task_group_decorator.py for tasks to queue
[2024-06-24T07:43:50.372+0000] {logging_mixin.py:188} INFO - [2024-06-24T07:43:50.372+0000] {dagbag.py:545} INFO - Filling up the DagBag from /home/airflow/.local/lib/python3.12/site-packages/airflow/example_dags/example_task_group_decorator.py
[2024-06-24T07:43:50.377+0000] {processor.py:840} INFO - DAG(s) 'example_task_group_decorator' retrieved from /home/airflow/.local/lib/python3.12/site-packages/airflow/example_dags/example_task_group_decorator.py
[2024-06-24T07:43:50.387+0000] {logging_mixin.py:188} INFO - [2024-06-24T07:43:50.387+0000] {dag.py:3096} INFO - Sync 1 DAGs
[2024-06-24T07:43:50.396+0000] {logging_mixin.py:188} INFO - [2024-06-24T07:43:50.396+0000] {dag.py:3954} INFO - Setting next_dagrun for example_task_group_decorator to 2024-06-23 00:00:00+00:00, run_after=2024-06-24 00:00:00+00:00
[2024-06-24T07:43:50.402+0000] {processor.py:183} INFO - Processing /home/airflow/.local/lib/python3.12/site-packages/airflow/example_dags/example_task_group_decorator.py took 0.034 seconds
[2024-06-24T07:44:20.770+0000] {processor.py:161} INFO - Started process (PID=180) to work on /home/airflow/.local/lib/python3.12/site-packages/airflow/example_dags/example_task_group_decorator.py
[2024-06-24T07:44:20.770+0000] {processor.py:830} INFO - Processing file /home/airflow/.local/lib/python3.12/site-packages/airflow/example_dags/example_task_group_decorator.py for tasks to queue
[2024-06-24T07:44:20.771+0000] {logging_mixin.py:188} INFO - [2024-06-24T07:44:20.771+0000] {dagbag.py:545} INFO - Filling up the DagBag from /home/airflow/.local/lib/python3.12/site-packages/airflow/example_dags/example_task_group_decorator.py
[2024-06-24T07:44:20.776+0000] {processor.py:840} INFO - DAG(s) 'example_task_group_decorator' retrieved from /home/airflow/.local/lib/python3.12/site-packages/airflow/example_dags/example_task_group_decorator.py
[2024-06-24T07:44:20.785+0000] {logging_mixin.py:188} INFO - [2024-06-24T07:44:20.785+0000] {dag.py:3096} INFO - Sync 1 DAGs
[2024-06-24T07:44:20.793+0000] {logging_mixin.py:188} INFO - [2024-06-24T07:44:20.793+0000] {dag.py:3954} INFO - Setting next_dagrun for example_task_group_decorator to 2024-06-23 00:00:00+00:00, run_after=2024-06-24 00:00:00+00:00
[2024-06-24T07:44:20.802+0000] {processor.py:183} INFO - Processing /home/airflow/.local/lib/python3.12/site-packages/airflow/example_dags/example_task_group_decorator.py took 0.035 seconds
[2024-06-24T07:44:51.225+0000] {processor.py:161} INFO - Started process (PID=238) to work on /home/airflow/.local/lib/python3.12/site-packages/airflow/example_dags/example_task_group_decorator.py
[2024-06-24T07:44:51.225+0000] {processor.py:830} INFO - Processing file /home/airflow/.local/lib/python3.12/site-packages/airflow/example_dags/example_task_group_decorator.py for tasks to queue
[2024-06-24T07:44:51.226+0000] {logging_mixin.py:188} INFO - [2024-06-24T07:44:51.226+0000] {dagbag.py:545} INFO - Filling up the DagBag from /home/airflow/.local/lib/python3.12/site-packages/airflow/example_dags/example_task_group_decorator.py
[2024-06-24T07:44:51.232+0000] {processor.py:840} INFO - DAG(s) 'example_task_group_decorator' retrieved from /home/airflow/.local/lib/python3.12/site-packages/airflow/example_dags/example_task_group_decorator.py
[2024-06-24T07:44:51.241+0000] {logging_mixin.py:188} INFO - [2024-06-24T07:44:51.241+0000] {dag.py:3096} INFO - Sync 1 DAGs
[2024-06-24T07:44:51.248+0000] {logging_mixin.py:188} INFO - [2024-06-24T07:44:51.248+0000] {dag.py:3954} INFO - Setting next_dagrun for example_task_group_decorator to 2024-06-23 00:00:00+00:00, run_after=2024-06-24 00:00:00+00:00
[2024-06-24T07:44:51.255+0000] {processor.py:183} INFO - Processing /home/airflow/.local/lib/python3.12/site-packages/airflow/example_dags/example_task_group_decorator.py took 0.033 seconds
[2024-06-24T07:45:21.651+0000] {processor.py:161} INFO - Started process (PID=296) to work on /home/airflow/.local/lib/python3.12/site-packages/airflow/example_dags/example_task_group_decorator.py
[2024-06-24T07:45:21.652+0000] {processor.py:830} INFO - Processing file /home/airflow/.local/lib/python3.12/site-packages/airflow/example_dags/example_task_group_decorator.py for tasks to queue
[2024-06-24T07:45:21.652+0000] {logging_mixin.py:188} INFO - [2024-06-24T07:45:21.652+0000] {dagbag.py:545} INFO - Filling up the DagBag from /home/airflow/.local/lib/python3.12/site-packages/airflow/example_dags/example_task_group_decorator.py
[2024-06-24T07:45:21.658+0000] {processor.py:840} INFO - DAG(s) 'example_task_group_decorator' retrieved from /home/airflow/.local/lib/python3.12/site-packages/airflow/example_dags/example_task_group_decorator.py
[2024-06-24T07:45:21.667+0000] {logging_mixin.py:188} INFO - [2024-06-24T07:45:21.667+0000] {dag.py:3096} INFO - Sync 1 DAGs
[2024-06-24T07:45:21.676+0000] {logging_mixin.py:188} INFO - [2024-06-24T07:45:21.675+0000] {dag.py:3954} INFO - Setting next_dagrun for example_task_group_decorator to 2024-06-23 00:00:00+00:00, run_after=2024-06-24 00:00:00+00:00
[2024-06-24T07:45:21.682+0000] {processor.py:183} INFO - Processing /home/airflow/.local/lib/python3.12/site-packages/airflow/example_dags/example_task_group_decorator.py took 0.033 seconds
[2024-06-24T07:45:52.070+0000] {processor.py:161} INFO - Started process (PID=353) to work on /home/airflow/.local/lib/python3.12/site-packages/airflow/example_dags/example_task_group_decorator.py
[2024-06-24T07:45:52.070+0000] {processor.py:830} INFO - Processing file /home/airflow/.local/lib/python3.12/site-packages/airflow/example_dags/example_task_group_decorator.py for tasks to queue
[2024-06-24T07:45:52.071+0000] {logging_mixin.py:188} INFO - [2024-06-24T07:45:52.071+0000] {dagbag.py:545} INFO - Filling up the DagBag from /home/airflow/.local/lib/python3.12/site-packages/airflow/example_dags/example_task_group_decorator.py
[2024-06-24T07:45:52.077+0000] {processor.py:840} INFO - DAG(s) 'example_task_group_decorator' retrieved from /home/airflow/.local/lib/python3.12/site-packages/airflow/example_dags/example_task_group_decorator.py
[2024-06-24T07:45:52.087+0000] {logging_mixin.py:188} INFO - [2024-06-24T07:45:52.086+0000] {dag.py:3096} INFO - Sync 1 DAGs
[2024-06-24T07:45:52.095+0000] {logging_mixin.py:188} INFO - [2024-06-24T07:45:52.095+0000] {dag.py:3954} INFO - Setting next_dagrun for example_task_group_decorator to 2024-06-23 00:00:00+00:00, run_after=2024-06-24 00:00:00+00:00
[2024-06-24T07:45:52.101+0000] {processor.py:183} INFO - Processing /home/airflow/.local/lib/python3.12/site-packages/airflow/example_dags/example_task_group_decorator.py took 0.034 seconds
[2024-06-24T07:46:22.378+0000] {processor.py:161} INFO - Started process (PID=411) to work on /home/airflow/.local/lib/python3.12/site-packages/airflow/example_dags/example_task_group_decorator.py
[2024-06-24T07:46:22.378+0000] {processor.py:830} INFO - Processing file /home/airflow/.local/lib/python3.12/site-packages/airflow/example_dags/example_task_group_decorator.py for tasks to queue
[2024-06-24T07:46:22.379+0000] {logging_mixin.py:188} INFO - [2024-06-24T07:46:22.379+0000] {dagbag.py:545} INFO - Filling up the DagBag from /home/airflow/.local/lib/python3.12/site-packages/airflow/example_dags/example_task_group_decorator.py
[2024-06-24T07:46:22.384+0000] {processor.py:840} INFO - DAG(s) 'example_task_group_decorator' retrieved from /home/airflow/.local/lib/python3.12/site-packages/airflow/example_dags/example_task_group_decorator.py
[2024-06-24T07:46:22.394+0000] {logging_mixin.py:188} INFO - [2024-06-24T07:46:22.394+0000] {dag.py:3096} INFO - Sync 1 DAGs
[2024-06-24T07:46:22.403+0000] {logging_mixin.py:188} INFO - [2024-06-24T07:46:22.403+0000] {dag.py:3954} INFO - Setting next_dagrun for example_task_group_decorator to 2024-06-23 00:00:00+00:00, run_after=2024-06-24 00:00:00+00:00
[2024-06-24T07:46:22.409+0000] {processor.py:183} INFO - Processing /home/airflow/.local/lib/python3.12/site-packages/airflow/example_dags/example_task_group_decorator.py took 0.034 seconds
[2024-06-24T07:46:52.770+0000] {processor.py:161} INFO - Started process (PID=468) to work on /home/airflow/.local/lib/python3.12/site-packages/airflow/example_dags/example_task_group_decorator.py
[2024-06-24T07:46:52.770+0000] {processor.py:830} INFO - Processing file /home/airflow/.local/lib/python3.12/site-packages/airflow/example_dags/example_task_group_decorator.py for tasks to queue
[2024-06-24T07:46:52.771+0000] {logging_mixin.py:188} INFO - [2024-06-24T07:46:52.771+0000] {dagbag.py:545} INFO - Filling up the DagBag from /home/airflow/.local/lib/python3.12/site-packages/airflow/example_dags/example_task_group_decorator.py
[2024-06-24T07:46:52.777+0000] {processor.py:840} INFO - DAG(s) 'example_task_group_decorator' retrieved from /home/airflow/.local/lib/python3.12/site-packages/airflow/example_dags/example_task_group_decorator.py
[2024-06-24T07:46:52.786+0000] {logging_mixin.py:188} INFO - [2024-06-24T07:46:52.786+0000] {dag.py:3096} INFO - Sync 1 DAGs
[2024-06-24T07:46:52.795+0000] {logging_mixin.py:188} INFO - [2024-06-24T07:46:52.795+0000] {dag.py:3954} INFO - Setting next_dagrun for example_task_group_decorator to 2024-06-23 00:00:00+00:00, run_after=2024-06-24 00:00:00+00:00
[2024-06-24T07:46:52.802+0000] {processor.py:183} INFO - Processing /home/airflow/.local/lib/python3.12/site-packages/airflow/example_dags/example_task_group_decorator.py took 0.035 seconds
[2024-06-24T07:47:23.118+0000] {processor.py:161} INFO - Started process (PID=526) to work on /home/airflow/.local/lib/python3.12/site-packages/airflow/example_dags/example_task_group_decorator.py
[2024-06-24T07:47:23.118+0000] {processor.py:830} INFO - Processing file /home/airflow/.local/lib/python3.12/site-packages/airflow/example_dags/example_task_group_decorator.py for tasks to queue
[2024-06-24T07:47:23.119+0000] {logging_mixin.py:188} INFO - [2024-06-24T07:47:23.119+0000] {dagbag.py:545} INFO - Filling up the DagBag from /home/airflow/.local/lib/python3.12/site-packages/airflow/example_dags/example_task_group_decorator.py
[2024-06-24T07:47:23.125+0000] {processor.py:840} INFO - DAG(s) 'example_task_group_decorator' retrieved from /home/airflow/.local/lib/python3.12/site-packages/airflow/example_dags/example_task_group_decorator.py
[2024-06-24T07:47:23.135+0000] {logging_mixin.py:188} INFO - [2024-06-24T07:47:23.135+0000] {dag.py:3096} INFO - Sync 1 DAGs
[2024-06-24T07:47:23.143+0000] {logging_mixin.py:188} INFO - [2024-06-24T07:47:23.143+0000] {dag.py:3954} INFO - Setting next_dagrun for example_task_group_decorator to 2024-06-23 00:00:00+00:00, run_after=2024-06-24 00:00:00+00:00
[2024-06-24T07:47:23.151+0000] {processor.py:183} INFO - Processing /home/airflow/.local/lib/python3.12/site-packages/airflow/example_dags/example_task_group_decorator.py took 0.036 seconds
[2024-06-24T07:47:53.522+0000] {processor.py:161} INFO - Started process (PID=583) to work on /home/airflow/.local/lib/python3.12/site-packages/airflow/example_dags/example_task_group_decorator.py
[2024-06-24T07:47:53.523+0000] {processor.py:830} INFO - Processing file /home/airflow/.local/lib/python3.12/site-packages/airflow/example_dags/example_task_group_decorator.py for tasks to queue
[2024-06-24T07:47:53.524+0000] {logging_mixin.py:188} INFO - [2024-06-24T07:47:53.524+0000] {dagbag.py:545} INFO - Filling up the DagBag from /home/airflow/.local/lib/python3.12/site-packages/airflow/example_dags/example_task_group_decorator.py
[2024-06-24T07:47:53.529+0000] {processor.py:840} INFO - DAG(s) 'example_task_group_decorator' retrieved from /home/airflow/.local/lib/python3.12/site-packages/airflow/example_dags/example_task_group_decorator.py
[2024-06-24T07:47:53.539+0000] {logging_mixin.py:188} INFO - [2024-06-24T07:47:53.539+0000] {dag.py:3096} INFO - Sync 1 DAGs
[2024-06-24T07:47:53.547+0000] {logging_mixin.py:188} INFO - [2024-06-24T07:47:53.547+0000] {dag.py:3954} INFO - Setting next_dagrun for example_task_group_decorator to 2024-06-23 00:00:00+00:00, run_after=2024-06-24 00:00:00+00:00
[2024-06-24T07:47:53.555+0000] {processor.py:183} INFO - Processing /home/airflow/.local/lib/python3.12/site-packages/airflow/example_dags/example_task_group_decorator.py took 0.035 seconds
[2024-06-24T07:48:24.002+0000] {processor.py:161} INFO - Started process (PID=641) to work on /home/airflow/.local/lib/python3.12/site-packages/airflow/example_dags/example_task_group_decorator.py
[2024-06-24T07:48:24.003+0000] {processor.py:830} INFO - Processing file /home/airflow/.local/lib/python3.12/site-packages/airflow/example_dags/example_task_group_decorator.py for tasks to queue
[2024-06-24T07:48:24.004+0000] {logging_mixin.py:188} INFO - [2024-06-24T07:48:24.004+0000] {dagbag.py:545} INFO - Filling up the DagBag from /home/airflow/.local/lib/python3.12/site-packages/airflow/example_dags/example_task_group_decorator.py
[2024-06-24T07:48:24.010+0000] {processor.py:840} INFO - DAG(s) 'example_task_group_decorator' retrieved from /home/airflow/.local/lib/python3.12/site-packages/airflow/example_dags/example_task_group_decorator.py
[2024-06-24T07:48:24.020+0000] {logging_mixin.py:188} INFO - [2024-06-24T07:48:24.020+0000] {dag.py:3096} INFO - Sync 1 DAGs
[2024-06-24T07:48:24.028+0000] {logging_mixin.py:188} INFO - [2024-06-24T07:48:24.028+0000] {dag.py:3954} INFO - Setting next_dagrun for example_task_group_decorator to 2024-06-23 00:00:00+00:00, run_after=2024-06-24 00:00:00+00:00
[2024-06-24T07:48:24.035+0000] {processor.py:183} INFO - Processing /home/airflow/.local/lib/python3.12/site-packages/airflow/example_dags/example_task_group_decorator.py took 0.036 seconds
[2024-06-24T07:48:54.450+0000] {processor.py:161} INFO - Started process (PID=699) to work on /home/airflow/.local/lib/python3.12/site-packages/airflow/example_dags/example_task_group_decorator.py
[2024-06-24T07:48:54.450+0000] {processor.py:830} INFO - Processing file /home/airflow/.local/lib/python3.12/site-packages/airflow/example_dags/example_task_group_decorator.py for tasks to queue
[2024-06-24T07:48:54.451+0000] {logging_mixin.py:188} INFO - [2024-06-24T07:48:54.451+0000] {dagbag.py:545} INFO - Filling up the DagBag from /home/airflow/.local/lib/python3.12/site-packages/airflow/example_dags/example_task_group_decorator.py
[2024-06-24T07:48:54.457+0000] {processor.py:840} INFO - DAG(s) 'example_task_group_decorator' retrieved from /home/airflow/.local/lib/python3.12/site-packages/airflow/example_dags/example_task_group_decorator.py
[2024-06-24T07:48:54.467+0000] {logging_mixin.py:188} INFO - [2024-06-24T07:48:54.467+0000] {dag.py:3096} INFO - Sync 1 DAGs
[2024-06-24T07:48:54.476+0000] {logging_mixin.py:188} INFO - [2024-06-24T07:48:54.475+0000] {dag.py:3954} INFO - Setting next_dagrun for example_task_group_decorator to 2024-06-23 00:00:00+00:00, run_after=2024-06-24 00:00:00+00:00
[2024-06-24T07:48:54.486+0000] {processor.py:183} INFO - Processing /home/airflow/.local/lib/python3.12/site-packages/airflow/example_dags/example_task_group_decorator.py took 0.039 seconds
[2024-06-24T07:49:24.990+0000] {processor.py:161} INFO - Started process (PID=756) to work on /home/airflow/.local/lib/python3.12/site-packages/airflow/example_dags/example_task_group_decorator.py
[2024-06-24T07:49:24.990+0000] {processor.py:830} INFO - Processing file /home/airflow/.local/lib/python3.12/site-packages/airflow/example_dags/example_task_group_decorator.py for tasks to queue
[2024-06-24T07:49:24.991+0000] {logging_mixin.py:188} INFO - [2024-06-24T07:49:24.991+0000] {dagbag.py:545} INFO - Filling up the DagBag from /home/airflow/.local/lib/python3.12/site-packages/airflow/example_dags/example_task_group_decorator.py
[2024-06-24T07:49:24.997+0000] {processor.py:840} INFO - DAG(s) 'example_task_group_decorator' retrieved from /home/airflow/.local/lib/python3.12/site-packages/airflow/example_dags/example_task_group_decorator.py
[2024-06-24T07:49:25.009+0000] {logging_mixin.py:188} INFO - [2024-06-24T07:49:25.009+0000] {dag.py:3096} INFO - Sync 1 DAGs
[2024-06-24T07:49:25.017+0000] {logging_mixin.py:188} INFO - [2024-06-24T07:49:25.017+0000] {dag.py:3954} INFO - Setting next_dagrun for example_task_group_decorator to 2024-06-23 00:00:00+00:00, run_after=2024-06-24 00:00:00+00:00
[2024-06-24T07:49:25.025+0000] {processor.py:183} INFO - Processing /home/airflow/.local/lib/python3.12/site-packages/airflow/example_dags/example_task_group_decorator.py took 0.038 seconds
[2024-06-24T07:49:55.429+0000] {processor.py:161} INFO - Started process (PID=814) to work on /home/airflow/.local/lib/python3.12/site-packages/airflow/example_dags/example_task_group_decorator.py
[2024-06-24T07:49:55.429+0000] {processor.py:830} INFO - Processing file /home/airflow/.local/lib/python3.12/site-packages/airflow/example_dags/example_task_group_decorator.py for tasks to queue
[2024-06-24T07:49:55.430+0000] {logging_mixin.py:188} INFO - [2024-06-24T07:49:55.430+0000] {dagbag.py:545} INFO - Filling up the DagBag from /home/airflow/.local/lib/python3.12/site-packages/airflow/example_dags/example_task_group_decorator.py
[2024-06-24T07:49:55.436+0000] {processor.py:840} INFO - DAG(s) 'example_task_group_decorator' retrieved from /home/airflow/.local/lib/python3.12/site-packages/airflow/example_dags/example_task_group_decorator.py
[2024-06-24T07:49:55.445+0000] {logging_mixin.py:188} INFO - [2024-06-24T07:49:55.445+0000] {dag.py:3096} INFO - Sync 1 DAGs
[2024-06-24T07:49:55.453+0000] {logging_mixin.py:188} INFO - [2024-06-24T07:49:55.453+0000] {dag.py:3954} INFO - Setting next_dagrun for example_task_group_decorator to 2024-06-23 00:00:00+00:00, run_after=2024-06-24 00:00:00+00:00
[2024-06-24T07:49:55.460+0000] {processor.py:183} INFO - Processing /home/airflow/.local/lib/python3.12/site-packages/airflow/example_dags/example_task_group_decorator.py took 0.034 seconds
[2024-06-24T07:50:25.819+0000] {processor.py:161} INFO - Started process (PID=872) to work on /home/airflow/.local/lib/python3.12/site-packages/airflow/example_dags/example_task_group_decorator.py
[2024-06-24T07:50:25.820+0000] {processor.py:830} INFO - Processing file /home/airflow/.local/lib/python3.12/site-packages/airflow/example_dags/example_task_group_decorator.py for tasks to queue
[2024-06-24T07:50:25.821+0000] {logging_mixin.py:188} INFO - [2024-06-24T07:50:25.820+0000] {dagbag.py:545} INFO - Filling up the DagBag from /home/airflow/.local/lib/python3.12/site-packages/airflow/example_dags/example_task_group_decorator.py
[2024-06-24T07:50:25.826+0000] {processor.py:840} INFO - DAG(s) 'example_task_group_decorator' retrieved from /home/airflow/.local/lib/python3.12/site-packages/airflow/example_dags/example_task_group_decorator.py
[2024-06-24T07:50:25.835+0000] {logging_mixin.py:188} INFO - [2024-06-24T07:50:25.835+0000] {dag.py:3096} INFO - Sync 1 DAGs
[2024-06-24T07:50:25.843+0000] {logging_mixin.py:188} INFO - [2024-06-24T07:50:25.843+0000] {dag.py:3954} INFO - Setting next_dagrun for example_task_group_decorator to 2024-06-23 00:00:00+00:00, run_after=2024-06-24 00:00:00+00:00
[2024-06-24T07:50:25.850+0000] {processor.py:183} INFO - Processing /home/airflow/.local/lib/python3.12/site-packages/airflow/example_dags/example_task_group_decorator.py took 0.033 seconds
[2024-06-24T07:50:56.394+0000] {processor.py:161} INFO - Started process (PID=930) to work on /home/airflow/.local/lib/python3.12/site-packages/airflow/example_dags/example_task_group_decorator.py
[2024-06-24T07:50:56.395+0000] {processor.py:830} INFO - Processing file /home/airflow/.local/lib/python3.12/site-packages/airflow/example_dags/example_task_group_decorator.py for tasks to queue
[2024-06-24T07:50:56.396+0000] {logging_mixin.py:188} INFO - [2024-06-24T07:50:56.396+0000] {dagbag.py:545} INFO - Filling up the DagBag from /home/airflow/.local/lib/python3.12/site-packages/airflow/example_dags/example_task_group_decorator.py
[2024-06-24T07:50:56.401+0000] {processor.py:840} INFO - DAG(s) 'example_task_group_decorator' retrieved from /home/airflow/.local/lib/python3.12/site-packages/airflow/example_dags/example_task_group_decorator.py
[2024-06-24T07:50:56.412+0000] {logging_mixin.py:188} INFO - [2024-06-24T07:50:56.411+0000] {dag.py:3096} INFO - Sync 1 DAGs
[2024-06-24T07:50:56.421+0000] {logging_mixin.py:188} INFO - [2024-06-24T07:50:56.420+0000] {dag.py:3954} INFO - Setting next_dagrun for example_task_group_decorator to 2024-06-23 00:00:00+00:00, run_after=2024-06-24 00:00:00+00:00
[2024-06-24T07:50:56.427+0000] {processor.py:183} INFO - Processing /home/airflow/.local/lib/python3.12/site-packages/airflow/example_dags/example_task_group_decorator.py took 0.036 seconds
[2024-06-24T07:51:26.749+0000] {processor.py:161} INFO - Started process (PID=987) to work on /home/airflow/.local/lib/python3.12/site-packages/airflow/example_dags/example_task_group_decorator.py
[2024-06-24T07:51:26.749+0000] {processor.py:830} INFO - Processing file /home/airflow/.local/lib/python3.12/site-packages/airflow/example_dags/example_task_group_decorator.py for tasks to queue
[2024-06-24T07:51:26.750+0000] {logging_mixin.py:188} INFO - [2024-06-24T07:51:26.750+0000] {dagbag.py:545} INFO - Filling up the DagBag from /home/airflow/.local/lib/python3.12/site-packages/airflow/example_dags/example_task_group_decorator.py
[2024-06-24T07:51:26.755+0000] {processor.py:840} INFO - DAG(s) 'example_task_group_decorator' retrieved from /home/airflow/.local/lib/python3.12/site-packages/airflow/example_dags/example_task_group_decorator.py
[2024-06-24T07:51:26.765+0000] {logging_mixin.py:188} INFO - [2024-06-24T07:51:26.765+0000] {dag.py:3096} INFO - Sync 1 DAGs
[2024-06-24T07:51:26.774+0000] {logging_mixin.py:188} INFO - [2024-06-24T07:51:26.773+0000] {dag.py:3954} INFO - Setting next_dagrun for example_task_group_decorator to 2024-06-23 00:00:00+00:00, run_after=2024-06-24 00:00:00+00:00
[2024-06-24T07:51:26.781+0000] {processor.py:183} INFO - Processing /home/airflow/.local/lib/python3.12/site-packages/airflow/example_dags/example_task_group_decorator.py took 0.034 seconds
[2024-06-24T07:51:57.217+0000] {processor.py:161} INFO - Started process (PID=1045) to work on /home/airflow/.local/lib/python3.12/site-packages/airflow/example_dags/example_task_group_decorator.py
[2024-06-24T07:51:57.217+0000] {processor.py:830} INFO - Processing file /home/airflow/.local/lib/python3.12/site-packages/airflow/example_dags/example_task_group_decorator.py for tasks to queue
[2024-06-24T07:51:57.218+0000] {logging_mixin.py:188} INFO - [2024-06-24T07:51:57.218+0000] {dagbag.py:545} INFO - Filling up the DagBag from /home/airflow/.local/lib/python3.12/site-packages/airflow/example_dags/example_task_group_decorator.py
[2024-06-24T07:51:57.223+0000] {processor.py:840} INFO - DAG(s) 'example_task_group_decorator' retrieved from /home/airflow/.local/lib/python3.12/site-packages/airflow/example_dags/example_task_group_decorator.py
[2024-06-24T07:51:57.233+0000] {logging_mixin.py:188} INFO - [2024-06-24T07:51:57.233+0000] {dag.py:3096} INFO - Sync 1 DAGs
[2024-06-24T07:51:57.241+0000] {logging_mixin.py:188} INFO - [2024-06-24T07:51:57.241+0000] {dag.py:3954} INFO - Setting next_dagrun for example_task_group_decorator to 2024-06-23 00:00:00+00:00, run_after=2024-06-24 00:00:00+00:00
[2024-06-24T07:51:57.248+0000] {processor.py:183} INFO - Processing /home/airflow/.local/lib/python3.12/site-packages/airflow/example_dags/example_task_group_decorator.py took 0.034 seconds
[2024-06-24T07:52:27.610+0000] {processor.py:161} INFO - Started process (PID=1103) to work on /home/airflow/.local/lib/python3.12/site-packages/airflow/example_dags/example_task_group_decorator.py
[2024-06-24T07:52:27.610+0000] {processor.py:830} INFO - Processing file /home/airflow/.local/lib/python3.12/site-packages/airflow/example_dags/example_task_group_decorator.py for tasks to queue
[2024-06-24T07:52:27.611+0000] {logging_mixin.py:188} INFO - [2024-06-24T07:52:27.611+0000] {dagbag.py:545} INFO - Filling up the DagBag from /home/airflow/.local/lib/python3.12/site-packages/airflow/example_dags/example_task_group_decorator.py
[2024-06-24T07:52:27.616+0000] {processor.py:840} INFO - DAG(s) 'example_task_group_decorator' retrieved from /home/airflow/.local/lib/python3.12/site-packages/airflow/example_dags/example_task_group_decorator.py
[2024-06-24T07:52:27.627+0000] {logging_mixin.py:188} INFO - [2024-06-24T07:52:27.627+0000] {dag.py:3096} INFO - Sync 1 DAGs
[2024-06-24T07:52:27.636+0000] {logging_mixin.py:188} INFO - [2024-06-24T07:52:27.636+0000] {dag.py:3954} INFO - Setting next_dagrun for example_task_group_decorator to 2024-06-23 00:00:00+00:00, run_after=2024-06-24 00:00:00+00:00
[2024-06-24T07:52:27.642+0000] {processor.py:183} INFO - Processing /home/airflow/.local/lib/python3.12/site-packages/airflow/example_dags/example_task_group_decorator.py took 0.035 seconds
[2024-06-24T07:52:58.054+0000] {processor.py:161} INFO - Started process (PID=1160) to work on /home/airflow/.local/lib/python3.12/site-packages/airflow/example_dags/example_task_group_decorator.py
[2024-06-24T07:52:58.055+0000] {processor.py:830} INFO - Processing file /home/airflow/.local/lib/python3.12/site-packages/airflow/example_dags/example_task_group_decorator.py for tasks to queue
[2024-06-24T07:52:58.056+0000] {logging_mixin.py:188} INFO - [2024-06-24T07:52:58.055+0000] {dagbag.py:545} INFO - Filling up the DagBag from /home/airflow/.local/lib/python3.12/site-packages/airflow/example_dags/example_task_group_decorator.py
[2024-06-24T07:52:58.062+0000] {processor.py:840} INFO - DAG(s) 'example_task_group_decorator' retrieved from /home/airflow/.local/lib/python3.12/site-packages/airflow/example_dags/example_task_group_decorator.py
[2024-06-24T07:52:58.072+0000] {logging_mixin.py:188} INFO - [2024-06-24T07:52:58.071+0000] {dag.py:3096} INFO - Sync 1 DAGs
[2024-06-24T07:52:58.080+0000] {logging_mixin.py:188} INFO - [2024-06-24T07:52:58.080+0000] {dag.py:3954} INFO - Setting next_dagrun for example_task_group_decorator to 2024-06-23 00:00:00+00:00, run_after=2024-06-24 00:00:00+00:00
[2024-06-24T07:52:58.087+0000] {processor.py:183} INFO - Processing /home/airflow/.local/lib/python3.12/site-packages/airflow/example_dags/example_task_group_decorator.py took 0.036 seconds
[2024-06-24T07:53:28.479+0000] {processor.py:161} INFO - Started process (PID=1218) to work on /home/airflow/.local/lib/python3.12/site-packages/airflow/example_dags/example_task_group_decorator.py
[2024-06-24T07:53:28.480+0000] {processor.py:830} INFO - Processing file /home/airflow/.local/lib/python3.12/site-packages/airflow/example_dags/example_task_group_decorator.py for tasks to queue
[2024-06-24T07:53:28.480+0000] {logging_mixin.py:188} INFO - [2024-06-24T07:53:28.480+0000] {dagbag.py:545} INFO - Filling up the DagBag from /home/airflow/.local/lib/python3.12/site-packages/airflow/example_dags/example_task_group_decorator.py
[2024-06-24T07:53:28.486+0000] {processor.py:840} INFO - DAG(s) 'example_task_group_decorator' retrieved from /home/airflow/.local/lib/python3.12/site-packages/airflow/example_dags/example_task_group_decorator.py
[2024-06-24T07:53:28.497+0000] {logging_mixin.py:188} INFO - [2024-06-24T07:53:28.497+0000] {dag.py:3096} INFO - Sync 1 DAGs
[2024-06-24T07:53:28.507+0000] {logging_mixin.py:188} INFO - [2024-06-24T07:53:28.506+0000] {dag.py:3954} INFO - Setting next_dagrun for example_task_group_decorator to 2024-06-23 00:00:00+00:00, run_after=2024-06-24 00:00:00+00:00
[2024-06-24T07:53:28.516+0000] {processor.py:183} INFO - Processing /home/airflow/.local/lib/python3.12/site-packages/airflow/example_dags/example_task_group_decorator.py took 0.039 seconds
[2024-06-24T07:53:58.932+0000] {processor.py:161} INFO - Started process (PID=1276) to work on /home/airflow/.local/lib/python3.12/site-packages/airflow/example_dags/example_task_group_decorator.py
[2024-06-24T07:53:58.933+0000] {processor.py:830} INFO - Processing file /home/airflow/.local/lib/python3.12/site-packages/airflow/example_dags/example_task_group_decorator.py for tasks to queue
[2024-06-24T07:53:58.934+0000] {logging_mixin.py:188} INFO - [2024-06-24T07:53:58.934+0000] {dagbag.py:545} INFO - Filling up the DagBag from /home/airflow/.local/lib/python3.12/site-packages/airflow/example_dags/example_task_group_decorator.py
[2024-06-24T07:53:58.941+0000] {processor.py:840} INFO - DAG(s) 'example_task_group_decorator' retrieved from /home/airflow/.local/lib/python3.12/site-packages/airflow/example_dags/example_task_group_decorator.py
[2024-06-24T07:53:58.955+0000] {logging_mixin.py:188} INFO - [2024-06-24T07:53:58.955+0000] {dag.py:3096} INFO - Sync 1 DAGs
[2024-06-24T07:53:58.964+0000] {logging_mixin.py:188} INFO - [2024-06-24T07:53:58.964+0000] {dag.py:3954} INFO - Setting next_dagrun for example_task_group_decorator to 2024-06-23 00:00:00+00:00, run_after=2024-06-24 00:00:00+00:00
[2024-06-24T07:53:58.971+0000] {processor.py:183} INFO - Processing /home/airflow/.local/lib/python3.12/site-packages/airflow/example_dags/example_task_group_decorator.py took 0.042 seconds
[2024-06-24T07:54:29.330+0000] {processor.py:161} INFO - Started process (PID=1334) to work on /home/airflow/.local/lib/python3.12/site-packages/airflow/example_dags/example_task_group_decorator.py
[2024-06-24T07:54:29.331+0000] {processor.py:830} INFO - Processing file /home/airflow/.local/lib/python3.12/site-packages/airflow/example_dags/example_task_group_decorator.py for tasks to queue
[2024-06-24T07:54:29.332+0000] {logging_mixin.py:188} INFO - [2024-06-24T07:54:29.331+0000] {dagbag.py:545} INFO - Filling up the DagBag from /home/airflow/.local/lib/python3.12/site-packages/airflow/example_dags/example_task_group_decorator.py
[2024-06-24T07:54:29.338+0000] {processor.py:840} INFO - DAG(s) 'example_task_group_decorator' retrieved from /home/airflow/.local/lib/python3.12/site-packages/airflow/example_dags/example_task_group_decorator.py
[2024-06-24T07:54:29.349+0000] {logging_mixin.py:188} INFO - [2024-06-24T07:54:29.349+0000] {dag.py:3096} INFO - Sync 1 DAGs
[2024-06-24T07:54:29.360+0000] {logging_mixin.py:188} INFO - [2024-06-24T07:54:29.360+0000] {dag.py:3954} INFO - Setting next_dagrun for example_task_group_decorator to 2024-06-23 00:00:00+00:00, run_after=2024-06-24 00:00:00+00:00
[2024-06-24T07:54:29.368+0000] {processor.py:183} INFO - Processing /home/airflow/.local/lib/python3.12/site-packages/airflow/example_dags/example_task_group_decorator.py took 0.041 seconds
[2024-06-24T07:54:59.835+0000] {processor.py:161} INFO - Started process (PID=1391) to work on /home/airflow/.local/lib/python3.12/site-packages/airflow/example_dags/example_task_group_decorator.py
[2024-06-24T07:54:59.835+0000] {processor.py:830} INFO - Processing file /home/airflow/.local/lib/python3.12/site-packages/airflow/example_dags/example_task_group_decorator.py for tasks to queue
[2024-06-24T07:54:59.836+0000] {logging_mixin.py:188} INFO - [2024-06-24T07:54:59.836+0000] {dagbag.py:545} INFO - Filling up the DagBag from /home/airflow/.local/lib/python3.12/site-packages/airflow/example_dags/example_task_group_decorator.py
[2024-06-24T07:54:59.842+0000] {processor.py:840} INFO - DAG(s) 'example_task_group_decorator' retrieved from /home/airflow/.local/lib/python3.12/site-packages/airflow/example_dags/example_task_group_decorator.py
[2024-06-24T07:54:59.853+0000] {logging_mixin.py:188} INFO - [2024-06-24T07:54:59.853+0000] {dag.py:3096} INFO - Sync 1 DAGs
[2024-06-24T07:54:59.861+0000] {logging_mixin.py:188} INFO - [2024-06-24T07:54:59.861+0000] {dag.py:3954} INFO - Setting next_dagrun for example_task_group_decorator to 2024-06-23 00:00:00+00:00, run_after=2024-06-24 00:00:00+00:00
[2024-06-24T07:54:59.868+0000] {processor.py:183} INFO - Processing /home/airflow/.local/lib/python3.12/site-packages/airflow/example_dags/example_task_group_decorator.py took 0.036 seconds
[2024-06-24T07:55:30.451+0000] {processor.py:161} INFO - Started process (PID=1449) to work on /home/airflow/.local/lib/python3.12/site-packages/airflow/example_dags/example_task_group_decorator.py
[2024-06-24T07:55:30.452+0000] {processor.py:830} INFO - Processing file /home/airflow/.local/lib/python3.12/site-packages/airflow/example_dags/example_task_group_decorator.py for tasks to queue
[2024-06-24T07:55:30.452+0000] {logging_mixin.py:188} INFO - [2024-06-24T07:55:30.452+0000] {dagbag.py:545} INFO - Filling up the DagBag from /home/airflow/.local/lib/python3.12/site-packages/airflow/example_dags/example_task_group_decorator.py
[2024-06-24T07:55:30.458+0000] {processor.py:840} INFO - DAG(s) 'example_task_group_decorator' retrieved from /home/airflow/.local/lib/python3.12/site-packages/airflow/example_dags/example_task_group_decorator.py
[2024-06-24T07:55:30.469+0000] {logging_mixin.py:188} INFO - [2024-06-24T07:55:30.469+0000] {dag.py:3096} INFO - Sync 1 DAGs
[2024-06-24T07:55:30.479+0000] {logging_mixin.py:188} INFO - [2024-06-24T07:55:30.479+0000] {dag.py:3954} INFO - Setting next_dagrun for example_task_group_decorator to 2024-06-23 00:00:00+00:00, run_after=2024-06-24 00:00:00+00:00
[2024-06-24T07:55:30.489+0000] {processor.py:183} INFO - Processing /home/airflow/.local/lib/python3.12/site-packages/airflow/example_dags/example_task_group_decorator.py took 0.040 seconds
[2024-06-24T07:56:01.079+0000] {processor.py:161} INFO - Started process (PID=1507) to work on /home/airflow/.local/lib/python3.12/site-packages/airflow/example_dags/example_task_group_decorator.py
[2024-06-24T07:56:01.080+0000] {processor.py:830} INFO - Processing file /home/airflow/.local/lib/python3.12/site-packages/airflow/example_dags/example_task_group_decorator.py for tasks to queue
[2024-06-24T07:56:01.081+0000] {logging_mixin.py:188} INFO - [2024-06-24T07:56:01.080+0000] {dagbag.py:545} INFO - Filling up the DagBag from /home/airflow/.local/lib/python3.12/site-packages/airflow/example_dags/example_task_group_decorator.py
[2024-06-24T07:56:01.086+0000] {processor.py:840} INFO - DAG(s) 'example_task_group_decorator' retrieved from /home/airflow/.local/lib/python3.12/site-packages/airflow/example_dags/example_task_group_decorator.py
[2024-06-24T07:56:01.096+0000] {logging_mixin.py:188} INFO - [2024-06-24T07:56:01.096+0000] {dag.py:3096} INFO - Sync 1 DAGs
[2024-06-24T07:56:01.105+0000] {logging_mixin.py:188} INFO - [2024-06-24T07:56:01.105+0000] {dag.py:3954} INFO - Setting next_dagrun for example_task_group_decorator to 2024-06-23 00:00:00+00:00, run_after=2024-06-24 00:00:00+00:00
[2024-06-24T07:56:01.112+0000] {processor.py:183} INFO - Processing /home/airflow/.local/lib/python3.12/site-packages/airflow/example_dags/example_task_group_decorator.py took 0.037 seconds
[2024-06-24T07:56:31.598+0000] {processor.py:161} INFO - Started process (PID=1564) to work on /home/airflow/.local/lib/python3.12/site-packages/airflow/example_dags/example_task_group_decorator.py
[2024-06-24T07:56:31.599+0000] {processor.py:830} INFO - Processing file /home/airflow/.local/lib/python3.12/site-packages/airflow/example_dags/example_task_group_decorator.py for tasks to queue
[2024-06-24T07:56:31.600+0000] {logging_mixin.py:188} INFO - [2024-06-24T07:56:31.600+0000] {dagbag.py:545} INFO - Filling up the DagBag from /home/airflow/.local/lib/python3.12/site-packages/airflow/example_dags/example_task_group_decorator.py
[2024-06-24T07:56:31.607+0000] {processor.py:840} INFO - DAG(s) 'example_task_group_decorator' retrieved from /home/airflow/.local/lib/python3.12/site-packages/airflow/example_dags/example_task_group_decorator.py
[2024-06-24T07:56:31.619+0000] {logging_mixin.py:188} INFO - [2024-06-24T07:56:31.619+0000] {dag.py:3096} INFO - Sync 1 DAGs
[2024-06-24T07:56:31.628+0000] {logging_mixin.py:188} INFO - [2024-06-24T07:56:31.628+0000] {dag.py:3954} INFO - Setting next_dagrun for example_task_group_decorator to 2024-06-23 00:00:00+00:00, run_after=2024-06-24 00:00:00+00:00
[2024-06-24T07:56:31.637+0000] {processor.py:183} INFO - Processing /home/airflow/.local/lib/python3.12/site-packages/airflow/example_dags/example_task_group_decorator.py took 0.041 seconds
[2024-06-24T07:57:02.645+0000] {processor.py:161} INFO - Started process (PID=1622) to work on /home/airflow/.local/lib/python3.12/site-packages/airflow/example_dags/example_task_group_decorator.py
[2024-06-24T07:57:02.646+0000] {processor.py:830} INFO - Processing file /home/airflow/.local/lib/python3.12/site-packages/airflow/example_dags/example_task_group_decorator.py for tasks to queue
[2024-06-24T07:57:02.647+0000] {logging_mixin.py:188} INFO - [2024-06-24T07:57:02.646+0000] {dagbag.py:545} INFO - Filling up the DagBag from /home/airflow/.local/lib/python3.12/site-packages/airflow/example_dags/example_task_group_decorator.py
[2024-06-24T07:57:02.652+0000] {processor.py:840} INFO - DAG(s) 'example_task_group_decorator' retrieved from /home/airflow/.local/lib/python3.12/site-packages/airflow/example_dags/example_task_group_decorator.py
[2024-06-24T07:57:02.660+0000] {logging_mixin.py:188} INFO - [2024-06-24T07:57:02.660+0000] {dag.py:3096} INFO - Sync 1 DAGs
[2024-06-24T07:57:02.669+0000] {logging_mixin.py:188} INFO - [2024-06-24T07:57:02.669+0000] {dag.py:3954} INFO - Setting next_dagrun for example_task_group_decorator to 2024-06-23 00:00:00+00:00, run_after=2024-06-24 00:00:00+00:00
[2024-06-24T07:57:02.675+0000] {processor.py:183} INFO - Processing /home/airflow/.local/lib/python3.12/site-packages/airflow/example_dags/example_task_group_decorator.py took 0.033 seconds
[2024-06-24T07:57:34.139+0000] {processor.py:161} INFO - Started process (PID=1680) to work on /home/airflow/.local/lib/python3.12/site-packages/airflow/example_dags/example_task_group_decorator.py
[2024-06-24T07:57:34.139+0000] {processor.py:830} INFO - Processing file /home/airflow/.local/lib/python3.12/site-packages/airflow/example_dags/example_task_group_decorator.py for tasks to queue
[2024-06-24T07:57:34.140+0000] {logging_mixin.py:188} INFO - [2024-06-24T07:57:34.140+0000] {dagbag.py:545} INFO - Filling up the DagBag from /home/airflow/.local/lib/python3.12/site-packages/airflow/example_dags/example_task_group_decorator.py
[2024-06-24T07:57:34.146+0000] {processor.py:840} INFO - DAG(s) 'example_task_group_decorator' retrieved from /home/airflow/.local/lib/python3.12/site-packages/airflow/example_dags/example_task_group_decorator.py
[2024-06-24T07:57:34.156+0000] {logging_mixin.py:188} INFO - [2024-06-24T07:57:34.156+0000] {dag.py:3096} INFO - Sync 1 DAGs
[2024-06-24T07:57:34.164+0000] {logging_mixin.py:188} INFO - [2024-06-24T07:57:34.164+0000] {dag.py:3954} INFO - Setting next_dagrun for example_task_group_decorator to 2024-06-23 00:00:00+00:00, run_after=2024-06-24 00:00:00+00:00
[2024-06-24T07:57:34.171+0000] {processor.py:183} INFO - Processing /home/airflow/.local/lib/python3.12/site-packages/airflow/example_dags/example_task_group_decorator.py took 0.035 seconds
[2024-06-24T07:58:05.107+0000] {processor.py:161} INFO - Started process (PID=1738) to work on /home/airflow/.local/lib/python3.12/site-packages/airflow/example_dags/example_task_group_decorator.py
[2024-06-24T07:58:05.108+0000] {processor.py:830} INFO - Processing file /home/airflow/.local/lib/python3.12/site-packages/airflow/example_dags/example_task_group_decorator.py for tasks to queue
[2024-06-24T07:58:05.109+0000] {logging_mixin.py:188} INFO - [2024-06-24T07:58:05.109+0000] {dagbag.py:545} INFO - Filling up the DagBag from /home/airflow/.local/lib/python3.12/site-packages/airflow/example_dags/example_task_group_decorator.py
[2024-06-24T07:58:05.115+0000] {processor.py:840} INFO - DAG(s) 'example_task_group_decorator' retrieved from /home/airflow/.local/lib/python3.12/site-packages/airflow/example_dags/example_task_group_decorator.py
[2024-06-24T07:58:05.127+0000] {logging_mixin.py:188} INFO - [2024-06-24T07:58:05.126+0000] {dag.py:3096} INFO - Sync 1 DAGs
[2024-06-24T07:58:05.218+0000] {logging_mixin.py:188} INFO - [2024-06-24T07:58:05.218+0000] {dag.py:3954} INFO - Setting next_dagrun for example_task_group_decorator to 2024-06-23 00:00:00+00:00, run_after=2024-06-24 00:00:00+00:00
[2024-06-24T07:58:05.224+0000] {processor.py:183} INFO - Processing /home/airflow/.local/lib/python3.12/site-packages/airflow/example_dags/example_task_group_decorator.py took 0.120 seconds
[2024-06-24T07:58:35.757+0000] {processor.py:161} INFO - Started process (PID=1796) to work on /home/airflow/.local/lib/python3.12/site-packages/airflow/example_dags/example_task_group_decorator.py
[2024-06-24T07:58:35.758+0000] {processor.py:830} INFO - Processing file /home/airflow/.local/lib/python3.12/site-packages/airflow/example_dags/example_task_group_decorator.py for tasks to queue
[2024-06-24T07:58:35.759+0000] {logging_mixin.py:188} INFO - [2024-06-24T07:58:35.759+0000] {dagbag.py:545} INFO - Filling up the DagBag from /home/airflow/.local/lib/python3.12/site-packages/airflow/example_dags/example_task_group_decorator.py
[2024-06-24T07:58:35.764+0000] {processor.py:840} INFO - DAG(s) 'example_task_group_decorator' retrieved from /home/airflow/.local/lib/python3.12/site-packages/airflow/example_dags/example_task_group_decorator.py
[2024-06-24T07:58:35.774+0000] {logging_mixin.py:188} INFO - [2024-06-24T07:58:35.773+0000] {dag.py:3096} INFO - Sync 1 DAGs
[2024-06-24T07:58:35.859+0000] {logging_mixin.py:188} INFO - [2024-06-24T07:58:35.859+0000] {dag.py:3954} INFO - Setting next_dagrun for example_task_group_decorator to 2024-06-23 00:00:00+00:00, run_after=2024-06-24 00:00:00+00:00
[2024-06-24T07:58:35.865+0000] {processor.py:183} INFO - Processing /home/airflow/.local/lib/python3.12/site-packages/airflow/example_dags/example_task_group_decorator.py took 0.110 seconds
[2024-06-24T07:59:06.207+0000] {processor.py:161} INFO - Started process (PID=1854) to work on /home/airflow/.local/lib/python3.12/site-packages/airflow/example_dags/example_task_group_decorator.py
[2024-06-24T07:59:06.208+0000] {processor.py:830} INFO - Processing file /home/airflow/.local/lib/python3.12/site-packages/airflow/example_dags/example_task_group_decorator.py for tasks to queue
[2024-06-24T07:59:06.208+0000] {logging_mixin.py:188} INFO - [2024-06-24T07:59:06.208+0000] {dagbag.py:545} INFO - Filling up the DagBag from /home/airflow/.local/lib/python3.12/site-packages/airflow/example_dags/example_task_group_decorator.py
[2024-06-24T07:59:06.214+0000] {processor.py:840} INFO - DAG(s) 'example_task_group_decorator' retrieved from /home/airflow/.local/lib/python3.12/site-packages/airflow/example_dags/example_task_group_decorator.py
[2024-06-24T07:59:06.224+0000] {logging_mixin.py:188} INFO - [2024-06-24T07:59:06.224+0000] {dag.py:3096} INFO - Sync 1 DAGs
[2024-06-24T07:59:06.318+0000] {logging_mixin.py:188} INFO - [2024-06-24T07:59:06.317+0000] {dag.py:3954} INFO - Setting next_dagrun for example_task_group_decorator to 2024-06-23 00:00:00+00:00, run_after=2024-06-24 00:00:00+00:00
[2024-06-24T07:59:06.324+0000] {processor.py:183} INFO - Processing /home/airflow/.local/lib/python3.12/site-packages/airflow/example_dags/example_task_group_decorator.py took 0.120 seconds
