[2024-06-24T07:43:18.410+0000] {processor.py:161} INFO - Started process (PID=34) to work on /home/airflow/.local/lib/python3.12/site-packages/airflow/example_dags/example_xcomargs.py
[2024-06-24T07:43:18.411+0000] {processor.py:830} INFO - Processing file /home/airflow/.local/lib/python3.12/site-packages/airflow/example_dags/example_xcomargs.py for tasks to queue
[2024-06-24T07:43:18.412+0000] {logging_mixin.py:188} INFO - [2024-06-24T07:43:18.412+0000] {dagbag.py:545} INFO - Filling up the DagBag from /home/airflow/.local/lib/python3.12/site-packages/airflow/example_dags/example_xcomargs.py
[2024-06-24T07:43:18.418+0000] {processor.py:840} INFO - DAG(s) 'example_xcom_args', 'example_xcom_args_with_operators' retrieved from /home/airflow/.local/lib/python3.12/site-packages/airflow/example_dags/example_xcomargs.py
[2024-06-24T07:43:18.443+0000] {logging_mixin.py:188} INFO - [2024-06-24T07:43:18.443+0000] {dag.py:3096} INFO - Sync 2 DAGs
[2024-06-24T07:43:18.451+0000] {logging_mixin.py:188} INFO - [2024-06-24T07:43:18.451+0000] {dag.py:3954} INFO - Setting next_dagrun for example_xcom_args to None, run_after=None
[2024-06-24T07:43:18.457+0000] {logging_mixin.py:188} INFO - [2024-06-24T07:43:18.457+0000] {dag.py:3954} INFO - Setting next_dagrun for example_xcom_args_with_operators to None, run_after=None
[2024-06-24T07:43:18.470+0000] {processor.py:183} INFO - Processing /home/airflow/.local/lib/python3.12/site-packages/airflow/example_dags/example_xcomargs.py took 0.064 seconds
[2024-06-24T07:43:48.704+0000] {processor.py:161} INFO - Started process (PID=92) to work on /home/airflow/.local/lib/python3.12/site-packages/airflow/example_dags/example_xcomargs.py
[2024-06-24T07:43:48.705+0000] {processor.py:830} INFO - Processing file /home/airflow/.local/lib/python3.12/site-packages/airflow/example_dags/example_xcomargs.py for tasks to queue
[2024-06-24T07:43:48.705+0000] {logging_mixin.py:188} INFO - [2024-06-24T07:43:48.705+0000] {dagbag.py:545} INFO - Filling up the DagBag from /home/airflow/.local/lib/python3.12/site-packages/airflow/example_dags/example_xcomargs.py
[2024-06-24T07:43:48.709+0000] {processor.py:840} INFO - DAG(s) 'example_xcom_args_with_operators', 'example_xcom_args' retrieved from /home/airflow/.local/lib/python3.12/site-packages/airflow/example_dags/example_xcomargs.py
[2024-06-24T07:43:48.718+0000] {logging_mixin.py:188} INFO - [2024-06-24T07:43:48.718+0000] {dag.py:3096} INFO - Sync 2 DAGs
[2024-06-24T07:43:48.722+0000] {logging_mixin.py:188} INFO - [2024-06-24T07:43:48.722+0000] {dag.py:3954} INFO - Setting next_dagrun for example_xcom_args to None, run_after=None
[2024-06-24T07:43:48.724+0000] {logging_mixin.py:188} INFO - [2024-06-24T07:43:48.724+0000] {dag.py:3954} INFO - Setting next_dagrun for example_xcom_args_with_operators to None, run_after=None
[2024-06-24T07:43:48.730+0000] {processor.py:183} INFO - Processing /home/airflow/.local/lib/python3.12/site-packages/airflow/example_dags/example_xcomargs.py took 0.028 seconds
[2024-06-24T07:44:19.073+0000] {processor.py:161} INFO - Started process (PID=150) to work on /home/airflow/.local/lib/python3.12/site-packages/airflow/example_dags/example_xcomargs.py
[2024-06-24T07:44:19.073+0000] {processor.py:830} INFO - Processing file /home/airflow/.local/lib/python3.12/site-packages/airflow/example_dags/example_xcomargs.py for tasks to queue
[2024-06-24T07:44:19.074+0000] {logging_mixin.py:188} INFO - [2024-06-24T07:44:19.074+0000] {dagbag.py:545} INFO - Filling up the DagBag from /home/airflow/.local/lib/python3.12/site-packages/airflow/example_dags/example_xcomargs.py
[2024-06-24T07:44:19.077+0000] {processor.py:840} INFO - DAG(s) 'example_xcom_args_with_operators', 'example_xcom_args' retrieved from /home/airflow/.local/lib/python3.12/site-packages/airflow/example_dags/example_xcomargs.py
[2024-06-24T07:44:19.086+0000] {logging_mixin.py:188} INFO - [2024-06-24T07:44:19.086+0000] {dag.py:3096} INFO - Sync 2 DAGs
[2024-06-24T07:44:19.090+0000] {logging_mixin.py:188} INFO - [2024-06-24T07:44:19.090+0000] {dag.py:3954} INFO - Setting next_dagrun for example_xcom_args to None, run_after=None
[2024-06-24T07:44:19.092+0000] {logging_mixin.py:188} INFO - [2024-06-24T07:44:19.092+0000] {dag.py:3954} INFO - Setting next_dagrun for example_xcom_args_with_operators to None, run_after=None
[2024-06-24T07:44:19.097+0000] {processor.py:183} INFO - Processing /home/airflow/.local/lib/python3.12/site-packages/airflow/example_dags/example_xcomargs.py took 0.026 seconds
[2024-06-24T07:44:49.509+0000] {processor.py:161} INFO - Started process (PID=208) to work on /home/airflow/.local/lib/python3.12/site-packages/airflow/example_dags/example_xcomargs.py
[2024-06-24T07:44:49.509+0000] {processor.py:830} INFO - Processing file /home/airflow/.local/lib/python3.12/site-packages/airflow/example_dags/example_xcomargs.py for tasks to queue
[2024-06-24T07:44:49.510+0000] {logging_mixin.py:188} INFO - [2024-06-24T07:44:49.510+0000] {dagbag.py:545} INFO - Filling up the DagBag from /home/airflow/.local/lib/python3.12/site-packages/airflow/example_dags/example_xcomargs.py
[2024-06-24T07:44:49.513+0000] {processor.py:840} INFO - DAG(s) 'example_xcom_args_with_operators', 'example_xcom_args' retrieved from /home/airflow/.local/lib/python3.12/site-packages/airflow/example_dags/example_xcomargs.py
[2024-06-24T07:44:49.522+0000] {logging_mixin.py:188} INFO - [2024-06-24T07:44:49.522+0000] {dag.py:3096} INFO - Sync 2 DAGs
[2024-06-24T07:44:49.526+0000] {logging_mixin.py:188} INFO - [2024-06-24T07:44:49.526+0000] {dag.py:3954} INFO - Setting next_dagrun for example_xcom_args to None, run_after=None
[2024-06-24T07:44:49.528+0000] {logging_mixin.py:188} INFO - [2024-06-24T07:44:49.528+0000] {dag.py:3954} INFO - Setting next_dagrun for example_xcom_args_with_operators to None, run_after=None
[2024-06-24T07:44:49.533+0000] {processor.py:183} INFO - Processing /home/airflow/.local/lib/python3.12/site-packages/airflow/example_dags/example_xcomargs.py took 0.026 seconds
[2024-06-24T07:45:19.913+0000] {processor.py:161} INFO - Started process (PID=266) to work on /home/airflow/.local/lib/python3.12/site-packages/airflow/example_dags/example_xcomargs.py
[2024-06-24T07:45:19.913+0000] {processor.py:830} INFO - Processing file /home/airflow/.local/lib/python3.12/site-packages/airflow/example_dags/example_xcomargs.py for tasks to queue
[2024-06-24T07:45:19.914+0000] {logging_mixin.py:188} INFO - [2024-06-24T07:45:19.914+0000] {dagbag.py:545} INFO - Filling up the DagBag from /home/airflow/.local/lib/python3.12/site-packages/airflow/example_dags/example_xcomargs.py
[2024-06-24T07:45:19.917+0000] {processor.py:840} INFO - DAG(s) 'example_xcom_args', 'example_xcom_args_with_operators' retrieved from /home/airflow/.local/lib/python3.12/site-packages/airflow/example_dags/example_xcomargs.py
[2024-06-24T07:45:19.925+0000] {logging_mixin.py:188} INFO - [2024-06-24T07:45:19.925+0000] {dag.py:3096} INFO - Sync 2 DAGs
[2024-06-24T07:45:19.930+0000] {logging_mixin.py:188} INFO - [2024-06-24T07:45:19.930+0000] {dag.py:3954} INFO - Setting next_dagrun for example_xcom_args to None, run_after=None
[2024-06-24T07:45:19.932+0000] {logging_mixin.py:188} INFO - [2024-06-24T07:45:19.931+0000] {dag.py:3954} INFO - Setting next_dagrun for example_xcom_args_with_operators to None, run_after=None
[2024-06-24T07:45:19.937+0000] {processor.py:183} INFO - Processing /home/airflow/.local/lib/python3.12/site-packages/airflow/example_dags/example_xcomargs.py took 0.026 seconds
[2024-06-24T07:45:50.369+0000] {processor.py:161} INFO - Started process (PID=323) to work on /home/airflow/.local/lib/python3.12/site-packages/airflow/example_dags/example_xcomargs.py
[2024-06-24T07:45:50.370+0000] {processor.py:830} INFO - Processing file /home/airflow/.local/lib/python3.12/site-packages/airflow/example_dags/example_xcomargs.py for tasks to queue
[2024-06-24T07:45:50.370+0000] {logging_mixin.py:188} INFO - [2024-06-24T07:45:50.370+0000] {dagbag.py:545} INFO - Filling up the DagBag from /home/airflow/.local/lib/python3.12/site-packages/airflow/example_dags/example_xcomargs.py
[2024-06-24T07:45:50.374+0000] {processor.py:840} INFO - DAG(s) 'example_xcom_args_with_operators', 'example_xcom_args' retrieved from /home/airflow/.local/lib/python3.12/site-packages/airflow/example_dags/example_xcomargs.py
[2024-06-24T07:45:50.383+0000] {logging_mixin.py:188} INFO - [2024-06-24T07:45:50.383+0000] {dag.py:3096} INFO - Sync 2 DAGs
[2024-06-24T07:45:50.387+0000] {logging_mixin.py:188} INFO - [2024-06-24T07:45:50.387+0000] {dag.py:3954} INFO - Setting next_dagrun for example_xcom_args to None, run_after=None
[2024-06-24T07:45:50.389+0000] {logging_mixin.py:188} INFO - [2024-06-24T07:45:50.389+0000] {dag.py:3954} INFO - Setting next_dagrun for example_xcom_args_with_operators to None, run_after=None
[2024-06-24T07:45:50.395+0000] {processor.py:183} INFO - Processing /home/airflow/.local/lib/python3.12/site-packages/airflow/example_dags/example_xcomargs.py took 0.028 seconds
[2024-06-24T07:46:20.655+0000] {processor.py:161} INFO - Started process (PID=381) to work on /home/airflow/.local/lib/python3.12/site-packages/airflow/example_dags/example_xcomargs.py
[2024-06-24T07:46:20.655+0000] {processor.py:830} INFO - Processing file /home/airflow/.local/lib/python3.12/site-packages/airflow/example_dags/example_xcomargs.py for tasks to queue
[2024-06-24T07:46:20.656+0000] {logging_mixin.py:188} INFO - [2024-06-24T07:46:20.656+0000] {dagbag.py:545} INFO - Filling up the DagBag from /home/airflow/.local/lib/python3.12/site-packages/airflow/example_dags/example_xcomargs.py
[2024-06-24T07:46:20.660+0000] {processor.py:840} INFO - DAG(s) 'example_xcom_args_with_operators', 'example_xcom_args' retrieved from /home/airflow/.local/lib/python3.12/site-packages/airflow/example_dags/example_xcomargs.py
[2024-06-24T07:46:20.669+0000] {logging_mixin.py:188} INFO - [2024-06-24T07:46:20.669+0000] {dag.py:3096} INFO - Sync 2 DAGs
[2024-06-24T07:46:20.673+0000] {logging_mixin.py:188} INFO - [2024-06-24T07:46:20.673+0000] {dag.py:3954} INFO - Setting next_dagrun for example_xcom_args to None, run_after=None
[2024-06-24T07:46:20.675+0000] {logging_mixin.py:188} INFO - [2024-06-24T07:46:20.675+0000] {dag.py:3954} INFO - Setting next_dagrun for example_xcom_args_with_operators to None, run_after=None
[2024-06-24T07:46:20.681+0000] {processor.py:183} INFO - Processing /home/airflow/.local/lib/python3.12/site-packages/airflow/example_dags/example_xcomargs.py took 0.029 seconds
[2024-06-24T07:46:51.020+0000] {processor.py:161} INFO - Started process (PID=438) to work on /home/airflow/.local/lib/python3.12/site-packages/airflow/example_dags/example_xcomargs.py
[2024-06-24T07:46:51.021+0000] {processor.py:830} INFO - Processing file /home/airflow/.local/lib/python3.12/site-packages/airflow/example_dags/example_xcomargs.py for tasks to queue
[2024-06-24T07:46:51.022+0000] {logging_mixin.py:188} INFO - [2024-06-24T07:46:51.022+0000] {dagbag.py:545} INFO - Filling up the DagBag from /home/airflow/.local/lib/python3.12/site-packages/airflow/example_dags/example_xcomargs.py
[2024-06-24T07:46:51.025+0000] {processor.py:840} INFO - DAG(s) 'example_xcom_args_with_operators', 'example_xcom_args' retrieved from /home/airflow/.local/lib/python3.12/site-packages/airflow/example_dags/example_xcomargs.py
[2024-06-24T07:46:51.035+0000] {logging_mixin.py:188} INFO - [2024-06-24T07:46:51.035+0000] {dag.py:3096} INFO - Sync 2 DAGs
[2024-06-24T07:46:51.040+0000] {logging_mixin.py:188} INFO - [2024-06-24T07:46:51.039+0000] {dag.py:3954} INFO - Setting next_dagrun for example_xcom_args to None, run_after=None
[2024-06-24T07:46:51.041+0000] {logging_mixin.py:188} INFO - [2024-06-24T07:46:51.041+0000] {dag.py:3954} INFO - Setting next_dagrun for example_xcom_args_with_operators to None, run_after=None
[2024-06-24T07:46:51.047+0000] {processor.py:183} INFO - Processing /home/airflow/.local/lib/python3.12/site-packages/airflow/example_dags/example_xcomargs.py took 0.030 seconds
[2024-06-24T07:47:21.451+0000] {processor.py:161} INFO - Started process (PID=496) to work on /home/airflow/.local/lib/python3.12/site-packages/airflow/example_dags/example_xcomargs.py
[2024-06-24T07:47:21.452+0000] {processor.py:830} INFO - Processing file /home/airflow/.local/lib/python3.12/site-packages/airflow/example_dags/example_xcomargs.py for tasks to queue
[2024-06-24T07:47:21.453+0000] {logging_mixin.py:188} INFO - [2024-06-24T07:47:21.452+0000] {dagbag.py:545} INFO - Filling up the DagBag from /home/airflow/.local/lib/python3.12/site-packages/airflow/example_dags/example_xcomargs.py
[2024-06-24T07:47:21.456+0000] {processor.py:840} INFO - DAG(s) 'example_xcom_args', 'example_xcom_args_with_operators' retrieved from /home/airflow/.local/lib/python3.12/site-packages/airflow/example_dags/example_xcomargs.py
[2024-06-24T07:47:21.466+0000] {logging_mixin.py:188} INFO - [2024-06-24T07:47:21.466+0000] {dag.py:3096} INFO - Sync 2 DAGs
[2024-06-24T07:47:21.471+0000] {logging_mixin.py:188} INFO - [2024-06-24T07:47:21.471+0000] {dag.py:3954} INFO - Setting next_dagrun for example_xcom_args to None, run_after=None
[2024-06-24T07:47:21.472+0000] {logging_mixin.py:188} INFO - [2024-06-24T07:47:21.472+0000] {dag.py:3954} INFO - Setting next_dagrun for example_xcom_args_with_operators to None, run_after=None
[2024-06-24T07:47:21.478+0000] {processor.py:183} INFO - Processing /home/airflow/.local/lib/python3.12/site-packages/airflow/example_dags/example_xcomargs.py took 0.030 seconds
[2024-06-24T07:47:51.787+0000] {processor.py:161} INFO - Started process (PID=553) to work on /home/airflow/.local/lib/python3.12/site-packages/airflow/example_dags/example_xcomargs.py
[2024-06-24T07:47:51.787+0000] {processor.py:830} INFO - Processing file /home/airflow/.local/lib/python3.12/site-packages/airflow/example_dags/example_xcomargs.py for tasks to queue
[2024-06-24T07:47:51.788+0000] {logging_mixin.py:188} INFO - [2024-06-24T07:47:51.788+0000] {dagbag.py:545} INFO - Filling up the DagBag from /home/airflow/.local/lib/python3.12/site-packages/airflow/example_dags/example_xcomargs.py
[2024-06-24T07:47:51.791+0000] {processor.py:840} INFO - DAG(s) 'example_xcom_args_with_operators', 'example_xcom_args' retrieved from /home/airflow/.local/lib/python3.12/site-packages/airflow/example_dags/example_xcomargs.py
[2024-06-24T07:47:51.801+0000] {logging_mixin.py:188} INFO - [2024-06-24T07:47:51.801+0000] {dag.py:3096} INFO - Sync 2 DAGs
[2024-06-24T07:47:51.806+0000] {logging_mixin.py:188} INFO - [2024-06-24T07:47:51.806+0000] {dag.py:3954} INFO - Setting next_dagrun for example_xcom_args to None, run_after=None
[2024-06-24T07:47:51.807+0000] {logging_mixin.py:188} INFO - [2024-06-24T07:47:51.807+0000] {dag.py:3954} INFO - Setting next_dagrun for example_xcom_args_with_operators to None, run_after=None
[2024-06-24T07:47:51.814+0000] {processor.py:183} INFO - Processing /home/airflow/.local/lib/python3.12/site-packages/airflow/example_dags/example_xcomargs.py took 0.029 seconds
[2024-06-24T07:48:22.214+0000] {processor.py:161} INFO - Started process (PID=611) to work on /home/airflow/.local/lib/python3.12/site-packages/airflow/example_dags/example_xcomargs.py
[2024-06-24T07:48:22.215+0000] {processor.py:830} INFO - Processing file /home/airflow/.local/lib/python3.12/site-packages/airflow/example_dags/example_xcomargs.py for tasks to queue
[2024-06-24T07:48:22.216+0000] {logging_mixin.py:188} INFO - [2024-06-24T07:48:22.216+0000] {dagbag.py:545} INFO - Filling up the DagBag from /home/airflow/.local/lib/python3.12/site-packages/airflow/example_dags/example_xcomargs.py
[2024-06-24T07:48:22.219+0000] {processor.py:840} INFO - DAG(s) 'example_xcom_args', 'example_xcom_args_with_operators' retrieved from /home/airflow/.local/lib/python3.12/site-packages/airflow/example_dags/example_xcomargs.py
[2024-06-24T07:48:22.229+0000] {logging_mixin.py:188} INFO - [2024-06-24T07:48:22.229+0000] {dag.py:3096} INFO - Sync 2 DAGs
[2024-06-24T07:48:22.234+0000] {logging_mixin.py:188} INFO - [2024-06-24T07:48:22.234+0000] {dag.py:3954} INFO - Setting next_dagrun for example_xcom_args to None, run_after=None
[2024-06-24T07:48:22.236+0000] {logging_mixin.py:188} INFO - [2024-06-24T07:48:22.236+0000] {dag.py:3954} INFO - Setting next_dagrun for example_xcom_args_with_operators to None, run_after=None
[2024-06-24T07:48:22.243+0000] {processor.py:183} INFO - Processing /home/airflow/.local/lib/python3.12/site-packages/airflow/example_dags/example_xcomargs.py took 0.032 seconds
[2024-06-24T07:48:52.684+0000] {processor.py:161} INFO - Started process (PID=669) to work on /home/airflow/.local/lib/python3.12/site-packages/airflow/example_dags/example_xcomargs.py
[2024-06-24T07:48:52.684+0000] {processor.py:830} INFO - Processing file /home/airflow/.local/lib/python3.12/site-packages/airflow/example_dags/example_xcomargs.py for tasks to queue
[2024-06-24T07:48:52.685+0000] {logging_mixin.py:188} INFO - [2024-06-24T07:48:52.685+0000] {dagbag.py:545} INFO - Filling up the DagBag from /home/airflow/.local/lib/python3.12/site-packages/airflow/example_dags/example_xcomargs.py
[2024-06-24T07:48:52.688+0000] {processor.py:840} INFO - DAG(s) 'example_xcom_args', 'example_xcom_args_with_operators' retrieved from /home/airflow/.local/lib/python3.12/site-packages/airflow/example_dags/example_xcomargs.py
[2024-06-24T07:48:52.696+0000] {logging_mixin.py:188} INFO - [2024-06-24T07:48:52.696+0000] {dag.py:3096} INFO - Sync 2 DAGs
[2024-06-24T07:48:52.702+0000] {logging_mixin.py:188} INFO - [2024-06-24T07:48:52.702+0000] {dag.py:3954} INFO - Setting next_dagrun for example_xcom_args to None, run_after=None
[2024-06-24T07:48:52.704+0000] {logging_mixin.py:188} INFO - [2024-06-24T07:48:52.704+0000] {dag.py:3954} INFO - Setting next_dagrun for example_xcom_args_with_operators to None, run_after=None
[2024-06-24T07:48:52.709+0000] {processor.py:183} INFO - Processing /home/airflow/.local/lib/python3.12/site-packages/airflow/example_dags/example_xcomargs.py took 0.028 seconds
[2024-06-24T07:49:23.210+0000] {processor.py:161} INFO - Started process (PID=726) to work on /home/airflow/.local/lib/python3.12/site-packages/airflow/example_dags/example_xcomargs.py
[2024-06-24T07:49:23.211+0000] {processor.py:830} INFO - Processing file /home/airflow/.local/lib/python3.12/site-packages/airflow/example_dags/example_xcomargs.py for tasks to queue
[2024-06-24T07:49:23.212+0000] {logging_mixin.py:188} INFO - [2024-06-24T07:49:23.212+0000] {dagbag.py:545} INFO - Filling up the DagBag from /home/airflow/.local/lib/python3.12/site-packages/airflow/example_dags/example_xcomargs.py
[2024-06-24T07:49:23.216+0000] {processor.py:840} INFO - DAG(s) 'example_xcom_args_with_operators', 'example_xcom_args' retrieved from /home/airflow/.local/lib/python3.12/site-packages/airflow/example_dags/example_xcomargs.py
[2024-06-24T07:49:23.225+0000] {logging_mixin.py:188} INFO - [2024-06-24T07:49:23.225+0000] {dag.py:3096} INFO - Sync 2 DAGs
[2024-06-24T07:49:23.231+0000] {logging_mixin.py:188} INFO - [2024-06-24T07:49:23.231+0000] {dag.py:3954} INFO - Setting next_dagrun for example_xcom_args to None, run_after=None
[2024-06-24T07:49:23.233+0000] {logging_mixin.py:188} INFO - [2024-06-24T07:49:23.233+0000] {dag.py:3954} INFO - Setting next_dagrun for example_xcom_args_with_operators to None, run_after=None
[2024-06-24T07:49:23.239+0000] {processor.py:183} INFO - Processing /home/airflow/.local/lib/python3.12/site-packages/airflow/example_dags/example_xcomargs.py took 0.031 seconds
[2024-06-24T07:49:53.677+0000] {processor.py:161} INFO - Started process (PID=784) to work on /home/airflow/.local/lib/python3.12/site-packages/airflow/example_dags/example_xcomargs.py
[2024-06-24T07:49:53.678+0000] {processor.py:830} INFO - Processing file /home/airflow/.local/lib/python3.12/site-packages/airflow/example_dags/example_xcomargs.py for tasks to queue
[2024-06-24T07:49:53.679+0000] {logging_mixin.py:188} INFO - [2024-06-24T07:49:53.679+0000] {dagbag.py:545} INFO - Filling up the DagBag from /home/airflow/.local/lib/python3.12/site-packages/airflow/example_dags/example_xcomargs.py
[2024-06-24T07:49:53.682+0000] {processor.py:840} INFO - DAG(s) 'example_xcom_args', 'example_xcom_args_with_operators' retrieved from /home/airflow/.local/lib/python3.12/site-packages/airflow/example_dags/example_xcomargs.py
[2024-06-24T07:49:53.691+0000] {logging_mixin.py:188} INFO - [2024-06-24T07:49:53.691+0000] {dag.py:3096} INFO - Sync 2 DAGs
[2024-06-24T07:49:53.696+0000] {logging_mixin.py:188} INFO - [2024-06-24T07:49:53.696+0000] {dag.py:3954} INFO - Setting next_dagrun for example_xcom_args to None, run_after=None
[2024-06-24T07:49:53.697+0000] {logging_mixin.py:188} INFO - [2024-06-24T07:49:53.697+0000] {dag.py:3954} INFO - Setting next_dagrun for example_xcom_args_with_operators to None, run_after=None
[2024-06-24T07:49:53.703+0000] {processor.py:183} INFO - Processing /home/airflow/.local/lib/python3.12/site-packages/airflow/example_dags/example_xcomargs.py took 0.029 seconds
[2024-06-24T07:50:24.122+0000] {processor.py:161} INFO - Started process (PID=842) to work on /home/airflow/.local/lib/python3.12/site-packages/airflow/example_dags/example_xcomargs.py
[2024-06-24T07:50:24.123+0000] {processor.py:830} INFO - Processing file /home/airflow/.local/lib/python3.12/site-packages/airflow/example_dags/example_xcomargs.py for tasks to queue
[2024-06-24T07:50:24.123+0000] {logging_mixin.py:188} INFO - [2024-06-24T07:50:24.123+0000] {dagbag.py:545} INFO - Filling up the DagBag from /home/airflow/.local/lib/python3.12/site-packages/airflow/example_dags/example_xcomargs.py
[2024-06-24T07:50:24.126+0000] {processor.py:840} INFO - DAG(s) 'example_xcom_args', 'example_xcom_args_with_operators' retrieved from /home/airflow/.local/lib/python3.12/site-packages/airflow/example_dags/example_xcomargs.py
[2024-06-24T07:50:24.135+0000] {logging_mixin.py:188} INFO - [2024-06-24T07:50:24.135+0000] {dag.py:3096} INFO - Sync 2 DAGs
[2024-06-24T07:50:24.140+0000] {logging_mixin.py:188} INFO - [2024-06-24T07:50:24.140+0000] {dag.py:3954} INFO - Setting next_dagrun for example_xcom_args to None, run_after=None
[2024-06-24T07:50:24.141+0000] {logging_mixin.py:188} INFO - [2024-06-24T07:50:24.141+0000] {dag.py:3954} INFO - Setting next_dagrun for example_xcom_args_with_operators to None, run_after=None
[2024-06-24T07:50:24.147+0000] {processor.py:183} INFO - Processing /home/airflow/.local/lib/python3.12/site-packages/airflow/example_dags/example_xcomargs.py took 0.027 seconds
[2024-06-24T07:50:54.534+0000] {processor.py:161} INFO - Started process (PID=900) to work on /home/airflow/.local/lib/python3.12/site-packages/airflow/example_dags/example_xcomargs.py
[2024-06-24T07:50:54.534+0000] {processor.py:830} INFO - Processing file /home/airflow/.local/lib/python3.12/site-packages/airflow/example_dags/example_xcomargs.py for tasks to queue
[2024-06-24T07:50:54.535+0000] {logging_mixin.py:188} INFO - [2024-06-24T07:50:54.535+0000] {dagbag.py:545} INFO - Filling up the DagBag from /home/airflow/.local/lib/python3.12/site-packages/airflow/example_dags/example_xcomargs.py
[2024-06-24T07:50:54.538+0000] {processor.py:840} INFO - DAG(s) 'example_xcom_args_with_operators', 'example_xcom_args' retrieved from /home/airflow/.local/lib/python3.12/site-packages/airflow/example_dags/example_xcomargs.py
[2024-06-24T07:50:54.548+0000] {logging_mixin.py:188} INFO - [2024-06-24T07:50:54.547+0000] {dag.py:3096} INFO - Sync 2 DAGs
[2024-06-24T07:50:54.562+0000] {logging_mixin.py:188} INFO - [2024-06-24T07:50:54.562+0000] {dag.py:3954} INFO - Setting next_dagrun for example_xcom_args to None, run_after=None
[2024-06-24T07:50:54.563+0000] {logging_mixin.py:188} INFO - [2024-06-24T07:50:54.563+0000] {dag.py:3954} INFO - Setting next_dagrun for example_xcom_args_with_operators to None, run_after=None
[2024-06-24T07:50:54.584+0000] {processor.py:183} INFO - Processing /home/airflow/.local/lib/python3.12/site-packages/airflow/example_dags/example_xcomargs.py took 0.052 seconds
[2024-06-24T07:51:25.078+0000] {processor.py:161} INFO - Started process (PID=957) to work on /home/airflow/.local/lib/python3.12/site-packages/airflow/example_dags/example_xcomargs.py
[2024-06-24T07:51:25.079+0000] {processor.py:830} INFO - Processing file /home/airflow/.local/lib/python3.12/site-packages/airflow/example_dags/example_xcomargs.py for tasks to queue
[2024-06-24T07:51:25.079+0000] {logging_mixin.py:188} INFO - [2024-06-24T07:51:25.079+0000] {dagbag.py:545} INFO - Filling up the DagBag from /home/airflow/.local/lib/python3.12/site-packages/airflow/example_dags/example_xcomargs.py
[2024-06-24T07:51:25.083+0000] {processor.py:840} INFO - DAG(s) 'example_xcom_args', 'example_xcom_args_with_operators' retrieved from /home/airflow/.local/lib/python3.12/site-packages/airflow/example_dags/example_xcomargs.py
[2024-06-24T07:51:25.093+0000] {logging_mixin.py:188} INFO - [2024-06-24T07:51:25.093+0000] {dag.py:3096} INFO - Sync 2 DAGs
[2024-06-24T07:51:25.097+0000] {logging_mixin.py:188} INFO - [2024-06-24T07:51:25.097+0000] {dag.py:3954} INFO - Setting next_dagrun for example_xcom_args to None, run_after=None
[2024-06-24T07:51:25.099+0000] {logging_mixin.py:188} INFO - [2024-06-24T07:51:25.099+0000] {dag.py:3954} INFO - Setting next_dagrun for example_xcom_args_with_operators to None, run_after=None
[2024-06-24T07:51:25.105+0000] {processor.py:183} INFO - Processing /home/airflow/.local/lib/python3.12/site-packages/airflow/example_dags/example_xcomargs.py took 0.029 seconds
[2024-06-24T07:51:55.477+0000] {processor.py:161} INFO - Started process (PID=1015) to work on /home/airflow/.local/lib/python3.12/site-packages/airflow/example_dags/example_xcomargs.py
[2024-06-24T07:51:55.477+0000] {processor.py:830} INFO - Processing file /home/airflow/.local/lib/python3.12/site-packages/airflow/example_dags/example_xcomargs.py for tasks to queue
[2024-06-24T07:51:55.478+0000] {logging_mixin.py:188} INFO - [2024-06-24T07:51:55.478+0000] {dagbag.py:545} INFO - Filling up the DagBag from /home/airflow/.local/lib/python3.12/site-packages/airflow/example_dags/example_xcomargs.py
[2024-06-24T07:51:55.481+0000] {processor.py:840} INFO - DAG(s) 'example_xcom_args_with_operators', 'example_xcom_args' retrieved from /home/airflow/.local/lib/python3.12/site-packages/airflow/example_dags/example_xcomargs.py
[2024-06-24T07:51:55.490+0000] {logging_mixin.py:188} INFO - [2024-06-24T07:51:55.490+0000] {dag.py:3096} INFO - Sync 2 DAGs
[2024-06-24T07:51:55.494+0000] {logging_mixin.py:188} INFO - [2024-06-24T07:51:55.494+0000] {dag.py:3954} INFO - Setting next_dagrun for example_xcom_args to None, run_after=None
[2024-06-24T07:51:55.496+0000] {logging_mixin.py:188} INFO - [2024-06-24T07:51:55.496+0000] {dag.py:3954} INFO - Setting next_dagrun for example_xcom_args_with_operators to None, run_after=None
[2024-06-24T07:51:55.501+0000] {processor.py:183} INFO - Processing /home/airflow/.local/lib/python3.12/site-packages/airflow/example_dags/example_xcomargs.py took 0.026 seconds
[2024-06-24T07:52:25.866+0000] {processor.py:161} INFO - Started process (PID=1073) to work on /home/airflow/.local/lib/python3.12/site-packages/airflow/example_dags/example_xcomargs.py
[2024-06-24T07:52:25.867+0000] {processor.py:830} INFO - Processing file /home/airflow/.local/lib/python3.12/site-packages/airflow/example_dags/example_xcomargs.py for tasks to queue
[2024-06-24T07:52:25.867+0000] {logging_mixin.py:188} INFO - [2024-06-24T07:52:25.867+0000] {dagbag.py:545} INFO - Filling up the DagBag from /home/airflow/.local/lib/python3.12/site-packages/airflow/example_dags/example_xcomargs.py
[2024-06-24T07:52:25.871+0000] {processor.py:840} INFO - DAG(s) 'example_xcom_args', 'example_xcom_args_with_operators' retrieved from /home/airflow/.local/lib/python3.12/site-packages/airflow/example_dags/example_xcomargs.py
[2024-06-24T07:52:25.881+0000] {logging_mixin.py:188} INFO - [2024-06-24T07:52:25.881+0000] {dag.py:3096} INFO - Sync 2 DAGs
[2024-06-24T07:52:25.886+0000] {logging_mixin.py:188} INFO - [2024-06-24T07:52:25.886+0000] {dag.py:3954} INFO - Setting next_dagrun for example_xcom_args to None, run_after=None
[2024-06-24T07:52:25.887+0000] {logging_mixin.py:188} INFO - [2024-06-24T07:52:25.887+0000] {dag.py:3954} INFO - Setting next_dagrun for example_xcom_args_with_operators to None, run_after=None
[2024-06-24T07:52:25.893+0000] {processor.py:183} INFO - Processing /home/airflow/.local/lib/python3.12/site-packages/airflow/example_dags/example_xcomargs.py took 0.030 seconds
[2024-06-24T07:52:56.293+0000] {processor.py:161} INFO - Started process (PID=1130) to work on /home/airflow/.local/lib/python3.12/site-packages/airflow/example_dags/example_xcomargs.py
[2024-06-24T07:52:56.294+0000] {processor.py:830} INFO - Processing file /home/airflow/.local/lib/python3.12/site-packages/airflow/example_dags/example_xcomargs.py for tasks to queue
[2024-06-24T07:52:56.295+0000] {logging_mixin.py:188} INFO - [2024-06-24T07:52:56.295+0000] {dagbag.py:545} INFO - Filling up the DagBag from /home/airflow/.local/lib/python3.12/site-packages/airflow/example_dags/example_xcomargs.py
[2024-06-24T07:52:56.298+0000] {processor.py:840} INFO - DAG(s) 'example_xcom_args_with_operators', 'example_xcom_args' retrieved from /home/airflow/.local/lib/python3.12/site-packages/airflow/example_dags/example_xcomargs.py
[2024-06-24T07:52:56.308+0000] {logging_mixin.py:188} INFO - [2024-06-24T07:52:56.308+0000] {dag.py:3096} INFO - Sync 2 DAGs
[2024-06-24T07:52:56.313+0000] {logging_mixin.py:188} INFO - [2024-06-24T07:52:56.313+0000] {dag.py:3954} INFO - Setting next_dagrun for example_xcom_args to None, run_after=None
[2024-06-24T07:52:56.315+0000] {logging_mixin.py:188} INFO - [2024-06-24T07:52:56.315+0000] {dag.py:3954} INFO - Setting next_dagrun for example_xcom_args_with_operators to None, run_after=None
[2024-06-24T07:52:56.321+0000] {processor.py:183} INFO - Processing /home/airflow/.local/lib/python3.12/site-packages/airflow/example_dags/example_xcomargs.py took 0.030 seconds
[2024-06-24T07:53:26.730+0000] {processor.py:161} INFO - Started process (PID=1188) to work on /home/airflow/.local/lib/python3.12/site-packages/airflow/example_dags/example_xcomargs.py
[2024-06-24T07:53:26.731+0000] {processor.py:830} INFO - Processing file /home/airflow/.local/lib/python3.12/site-packages/airflow/example_dags/example_xcomargs.py for tasks to queue
[2024-06-24T07:53:26.732+0000] {logging_mixin.py:188} INFO - [2024-06-24T07:53:26.732+0000] {dagbag.py:545} INFO - Filling up the DagBag from /home/airflow/.local/lib/python3.12/site-packages/airflow/example_dags/example_xcomargs.py
[2024-06-24T07:53:26.735+0000] {processor.py:840} INFO - DAG(s) 'example_xcom_args', 'example_xcom_args_with_operators' retrieved from /home/airflow/.local/lib/python3.12/site-packages/airflow/example_dags/example_xcomargs.py
[2024-06-24T07:53:26.744+0000] {logging_mixin.py:188} INFO - [2024-06-24T07:53:26.744+0000] {dag.py:3096} INFO - Sync 2 DAGs
[2024-06-24T07:53:26.748+0000] {logging_mixin.py:188} INFO - [2024-06-24T07:53:26.748+0000] {dag.py:3954} INFO - Setting next_dagrun for example_xcom_args to None, run_after=None
[2024-06-24T07:53:26.750+0000] {logging_mixin.py:188} INFO - [2024-06-24T07:53:26.750+0000] {dag.py:3954} INFO - Setting next_dagrun for example_xcom_args_with_operators to None, run_after=None
[2024-06-24T07:53:26.755+0000] {processor.py:183} INFO - Processing /home/airflow/.local/lib/python3.12/site-packages/airflow/example_dags/example_xcomargs.py took 0.027 seconds
[2024-06-24T07:53:57.138+0000] {processor.py:161} INFO - Started process (PID=1246) to work on /home/airflow/.local/lib/python3.12/site-packages/airflow/example_dags/example_xcomargs.py
[2024-06-24T07:53:57.139+0000] {processor.py:830} INFO - Processing file /home/airflow/.local/lib/python3.12/site-packages/airflow/example_dags/example_xcomargs.py for tasks to queue
[2024-06-24T07:53:57.140+0000] {logging_mixin.py:188} INFO - [2024-06-24T07:53:57.140+0000] {dagbag.py:545} INFO - Filling up the DagBag from /home/airflow/.local/lib/python3.12/site-packages/airflow/example_dags/example_xcomargs.py
[2024-06-24T07:53:57.143+0000] {processor.py:840} INFO - DAG(s) 'example_xcom_args_with_operators', 'example_xcom_args' retrieved from /home/airflow/.local/lib/python3.12/site-packages/airflow/example_dags/example_xcomargs.py
[2024-06-24T07:53:57.152+0000] {logging_mixin.py:188} INFO - [2024-06-24T07:53:57.152+0000] {dag.py:3096} INFO - Sync 2 DAGs
[2024-06-24T07:53:57.158+0000] {logging_mixin.py:188} INFO - [2024-06-24T07:53:57.158+0000] {dag.py:3954} INFO - Setting next_dagrun for example_xcom_args to None, run_after=None
[2024-06-24T07:53:57.159+0000] {logging_mixin.py:188} INFO - [2024-06-24T07:53:57.159+0000] {dag.py:3954} INFO - Setting next_dagrun for example_xcom_args_with_operators to None, run_after=None
[2024-06-24T07:53:57.165+0000] {processor.py:183} INFO - Processing /home/airflow/.local/lib/python3.12/site-packages/airflow/example_dags/example_xcomargs.py took 0.029 seconds
[2024-06-24T07:54:27.612+0000] {processor.py:161} INFO - Started process (PID=1304) to work on /home/airflow/.local/lib/python3.12/site-packages/airflow/example_dags/example_xcomargs.py
[2024-06-24T07:54:27.613+0000] {processor.py:830} INFO - Processing file /home/airflow/.local/lib/python3.12/site-packages/airflow/example_dags/example_xcomargs.py for tasks to queue
[2024-06-24T07:54:27.613+0000] {logging_mixin.py:188} INFO - [2024-06-24T07:54:27.613+0000] {dagbag.py:545} INFO - Filling up the DagBag from /home/airflow/.local/lib/python3.12/site-packages/airflow/example_dags/example_xcomargs.py
[2024-06-24T07:54:27.617+0000] {processor.py:840} INFO - DAG(s) 'example_xcom_args_with_operators', 'example_xcom_args' retrieved from /home/airflow/.local/lib/python3.12/site-packages/airflow/example_dags/example_xcomargs.py
[2024-06-24T07:54:27.628+0000] {logging_mixin.py:188} INFO - [2024-06-24T07:54:27.627+0000] {dag.py:3096} INFO - Sync 2 DAGs
[2024-06-24T07:54:27.633+0000] {logging_mixin.py:188} INFO - [2024-06-24T07:54:27.633+0000] {dag.py:3954} INFO - Setting next_dagrun for example_xcom_args to None, run_after=None
[2024-06-24T07:54:27.635+0000] {logging_mixin.py:188} INFO - [2024-06-24T07:54:27.635+0000] {dag.py:3954} INFO - Setting next_dagrun for example_xcom_args_with_operators to None, run_after=None
[2024-06-24T07:54:27.641+0000] {processor.py:183} INFO - Processing /home/airflow/.local/lib/python3.12/site-packages/airflow/example_dags/example_xcomargs.py took 0.032 seconds
[2024-06-24T07:54:58.022+0000] {processor.py:161} INFO - Started process (PID=1361) to work on /home/airflow/.local/lib/python3.12/site-packages/airflow/example_dags/example_xcomargs.py
[2024-06-24T07:54:58.023+0000] {processor.py:830} INFO - Processing file /home/airflow/.local/lib/python3.12/site-packages/airflow/example_dags/example_xcomargs.py for tasks to queue
[2024-06-24T07:54:58.024+0000] {logging_mixin.py:188} INFO - [2024-06-24T07:54:58.024+0000] {dagbag.py:545} INFO - Filling up the DagBag from /home/airflow/.local/lib/python3.12/site-packages/airflow/example_dags/example_xcomargs.py
[2024-06-24T07:54:58.028+0000] {processor.py:840} INFO - DAG(s) 'example_xcom_args_with_operators', 'example_xcom_args' retrieved from /home/airflow/.local/lib/python3.12/site-packages/airflow/example_dags/example_xcomargs.py
[2024-06-24T07:54:58.036+0000] {logging_mixin.py:188} INFO - [2024-06-24T07:54:58.036+0000] {dag.py:3096} INFO - Sync 2 DAGs
[2024-06-24T07:54:58.041+0000] {logging_mixin.py:188} INFO - [2024-06-24T07:54:58.041+0000] {dag.py:3954} INFO - Setting next_dagrun for example_xcom_args to None, run_after=None
[2024-06-24T07:54:58.042+0000] {logging_mixin.py:188} INFO - [2024-06-24T07:54:58.042+0000] {dag.py:3954} INFO - Setting next_dagrun for example_xcom_args_with_operators to None, run_after=None
[2024-06-24T07:54:58.048+0000] {processor.py:183} INFO - Processing /home/airflow/.local/lib/python3.12/site-packages/airflow/example_dags/example_xcomargs.py took 0.028 seconds
[2024-06-24T07:55:28.597+0000] {processor.py:161} INFO - Started process (PID=1419) to work on /home/airflow/.local/lib/python3.12/site-packages/airflow/example_dags/example_xcomargs.py
[2024-06-24T07:55:28.597+0000] {processor.py:830} INFO - Processing file /home/airflow/.local/lib/python3.12/site-packages/airflow/example_dags/example_xcomargs.py for tasks to queue
[2024-06-24T07:55:28.598+0000] {logging_mixin.py:188} INFO - [2024-06-24T07:55:28.598+0000] {dagbag.py:545} INFO - Filling up the DagBag from /home/airflow/.local/lib/python3.12/site-packages/airflow/example_dags/example_xcomargs.py
[2024-06-24T07:55:28.602+0000] {processor.py:840} INFO - DAG(s) 'example_xcom_args_with_operators', 'example_xcom_args' retrieved from /home/airflow/.local/lib/python3.12/site-packages/airflow/example_dags/example_xcomargs.py
[2024-06-24T07:55:28.611+0000] {logging_mixin.py:188} INFO - [2024-06-24T07:55:28.611+0000] {dag.py:3096} INFO - Sync 2 DAGs
[2024-06-24T07:55:28.616+0000] {logging_mixin.py:188} INFO - [2024-06-24T07:55:28.616+0000] {dag.py:3954} INFO - Setting next_dagrun for example_xcom_args to None, run_after=None
[2024-06-24T07:55:28.618+0000] {logging_mixin.py:188} INFO - [2024-06-24T07:55:28.618+0000] {dag.py:3954} INFO - Setting next_dagrun for example_xcom_args_with_operators to None, run_after=None
[2024-06-24T07:55:28.624+0000] {processor.py:183} INFO - Processing /home/airflow/.local/lib/python3.12/site-packages/airflow/example_dags/example_xcomargs.py took 0.029 seconds
[2024-06-24T07:55:59.223+0000] {processor.py:161} INFO - Started process (PID=1477) to work on /home/airflow/.local/lib/python3.12/site-packages/airflow/example_dags/example_xcomargs.py
[2024-06-24T07:55:59.224+0000] {processor.py:830} INFO - Processing file /home/airflow/.local/lib/python3.12/site-packages/airflow/example_dags/example_xcomargs.py for tasks to queue
[2024-06-24T07:55:59.225+0000] {logging_mixin.py:188} INFO - [2024-06-24T07:55:59.225+0000] {dagbag.py:545} INFO - Filling up the DagBag from /home/airflow/.local/lib/python3.12/site-packages/airflow/example_dags/example_xcomargs.py
[2024-06-24T07:55:59.229+0000] {processor.py:840} INFO - DAG(s) 'example_xcom_args_with_operators', 'example_xcom_args' retrieved from /home/airflow/.local/lib/python3.12/site-packages/airflow/example_dags/example_xcomargs.py
[2024-06-24T07:55:59.240+0000] {logging_mixin.py:188} INFO - [2024-06-24T07:55:59.240+0000] {dag.py:3096} INFO - Sync 2 DAGs
[2024-06-24T07:55:59.250+0000] {logging_mixin.py:188} INFO - [2024-06-24T07:55:59.250+0000] {dag.py:3954} INFO - Setting next_dagrun for example_xcom_args to None, run_after=None
[2024-06-24T07:55:59.252+0000] {logging_mixin.py:188} INFO - [2024-06-24T07:55:59.252+0000] {dag.py:3954} INFO - Setting next_dagrun for example_xcom_args_with_operators to None, run_after=None
[2024-06-24T07:55:59.260+0000] {processor.py:183} INFO - Processing /home/airflow/.local/lib/python3.12/site-packages/airflow/example_dags/example_xcomargs.py took 0.039 seconds
[2024-06-24T07:56:29.814+0000] {processor.py:161} INFO - Started process (PID=1534) to work on /home/airflow/.local/lib/python3.12/site-packages/airflow/example_dags/example_xcomargs.py
[2024-06-24T07:56:29.819+0000] {processor.py:830} INFO - Processing file /home/airflow/.local/lib/python3.12/site-packages/airflow/example_dags/example_xcomargs.py for tasks to queue
[2024-06-24T07:56:29.820+0000] {logging_mixin.py:188} INFO - [2024-06-24T07:56:29.820+0000] {dagbag.py:545} INFO - Filling up the DagBag from /home/airflow/.local/lib/python3.12/site-packages/airflow/example_dags/example_xcomargs.py
[2024-06-24T07:56:29.824+0000] {processor.py:840} INFO - DAG(s) 'example_xcom_args', 'example_xcom_args_with_operators' retrieved from /home/airflow/.local/lib/python3.12/site-packages/airflow/example_dags/example_xcomargs.py
[2024-06-24T07:56:29.835+0000] {logging_mixin.py:188} INFO - [2024-06-24T07:56:29.835+0000] {dag.py:3096} INFO - Sync 2 DAGs
[2024-06-24T07:56:29.841+0000] {logging_mixin.py:188} INFO - [2024-06-24T07:56:29.841+0000] {dag.py:3954} INFO - Setting next_dagrun for example_xcom_args to None, run_after=None
[2024-06-24T07:56:29.843+0000] {logging_mixin.py:188} INFO - [2024-06-24T07:56:29.843+0000] {dag.py:3954} INFO - Setting next_dagrun for example_xcom_args_with_operators to None, run_after=None
[2024-06-24T07:56:29.850+0000] {processor.py:183} INFO - Processing /home/airflow/.local/lib/python3.12/site-packages/airflow/example_dags/example_xcomargs.py took 0.039 seconds
[2024-06-24T07:57:00.433+0000] {processor.py:161} INFO - Started process (PID=1592) to work on /home/airflow/.local/lib/python3.12/site-packages/airflow/example_dags/example_xcomargs.py
[2024-06-24T07:57:00.434+0000] {processor.py:830} INFO - Processing file /home/airflow/.local/lib/python3.12/site-packages/airflow/example_dags/example_xcomargs.py for tasks to queue
[2024-06-24T07:57:00.435+0000] {logging_mixin.py:188} INFO - [2024-06-24T07:57:00.435+0000] {dagbag.py:545} INFO - Filling up the DagBag from /home/airflow/.local/lib/python3.12/site-packages/airflow/example_dags/example_xcomargs.py
[2024-06-24T07:57:00.439+0000] {processor.py:840} INFO - DAG(s) 'example_xcom_args', 'example_xcom_args_with_operators' retrieved from /home/airflow/.local/lib/python3.12/site-packages/airflow/example_dags/example_xcomargs.py
[2024-06-24T07:57:00.447+0000] {logging_mixin.py:188} INFO - [2024-06-24T07:57:00.447+0000] {dag.py:3096} INFO - Sync 2 DAGs
[2024-06-24T07:57:00.452+0000] {logging_mixin.py:188} INFO - [2024-06-24T07:57:00.452+0000] {dag.py:3954} INFO - Setting next_dagrun for example_xcom_args to None, run_after=None
[2024-06-24T07:57:00.454+0000] {logging_mixin.py:188} INFO - [2024-06-24T07:57:00.454+0000] {dag.py:3954} INFO - Setting next_dagrun for example_xcom_args_with_operators to None, run_after=None
[2024-06-24T07:57:00.460+0000] {processor.py:183} INFO - Processing /home/airflow/.local/lib/python3.12/site-packages/airflow/example_dags/example_xcomargs.py took 0.029 seconds
[2024-06-24T07:57:30.527+0000] {processor.py:161} INFO - Started process (PID=1650) to work on /home/airflow/.local/lib/python3.12/site-packages/airflow/example_dags/example_xcomargs.py
[2024-06-24T07:57:30.527+0000] {processor.py:830} INFO - Processing file /home/airflow/.local/lib/python3.12/site-packages/airflow/example_dags/example_xcomargs.py for tasks to queue
[2024-06-24T07:57:30.528+0000] {logging_mixin.py:188} INFO - [2024-06-24T07:57:30.528+0000] {dagbag.py:545} INFO - Filling up the DagBag from /home/airflow/.local/lib/python3.12/site-packages/airflow/example_dags/example_xcomargs.py
[2024-06-24T07:57:30.531+0000] {processor.py:840} INFO - DAG(s) 'example_xcom_args', 'example_xcom_args_with_operators' retrieved from /home/airflow/.local/lib/python3.12/site-packages/airflow/example_dags/example_xcomargs.py
[2024-06-24T07:57:30.540+0000] {logging_mixin.py:188} INFO - [2024-06-24T07:57:30.540+0000] {dag.py:3096} INFO - Sync 2 DAGs
[2024-06-24T07:57:30.545+0000] {logging_mixin.py:188} INFO - [2024-06-24T07:57:30.544+0000] {dag.py:3954} INFO - Setting next_dagrun for example_xcom_args to None, run_after=None
[2024-06-24T07:57:30.546+0000] {logging_mixin.py:188} INFO - [2024-06-24T07:57:30.546+0000] {dag.py:3954} INFO - Setting next_dagrun for example_xcom_args_with_operators to None, run_after=None
[2024-06-24T07:57:30.552+0000] {processor.py:183} INFO - Processing /home/airflow/.local/lib/python3.12/site-packages/airflow/example_dags/example_xcomargs.py took 0.027 seconds
[2024-06-24T07:58:00.815+0000] {processor.py:161} INFO - Started process (PID=1708) to work on /home/airflow/.local/lib/python3.12/site-packages/airflow/example_dags/example_xcomargs.py
[2024-06-24T07:58:00.816+0000] {processor.py:830} INFO - Processing file /home/airflow/.local/lib/python3.12/site-packages/airflow/example_dags/example_xcomargs.py for tasks to queue
[2024-06-24T07:58:00.817+0000] {logging_mixin.py:188} INFO - [2024-06-24T07:58:00.817+0000] {dagbag.py:545} INFO - Filling up the DagBag from /home/airflow/.local/lib/python3.12/site-packages/airflow/example_dags/example_xcomargs.py
[2024-06-24T07:58:00.820+0000] {processor.py:840} INFO - DAG(s) 'example_xcom_args', 'example_xcom_args_with_operators' retrieved from /home/airflow/.local/lib/python3.12/site-packages/airflow/example_dags/example_xcomargs.py
[2024-06-24T07:58:00.830+0000] {logging_mixin.py:188} INFO - [2024-06-24T07:58:00.830+0000] {dag.py:3096} INFO - Sync 2 DAGs
[2024-06-24T07:58:00.835+0000] {logging_mixin.py:188} INFO - [2024-06-24T07:58:00.835+0000] {dag.py:3954} INFO - Setting next_dagrun for example_xcom_args to None, run_after=None
[2024-06-24T07:58:00.836+0000] {logging_mixin.py:188} INFO - [2024-06-24T07:58:00.836+0000] {dag.py:3954} INFO - Setting next_dagrun for example_xcom_args_with_operators to None, run_after=None
[2024-06-24T07:58:00.842+0000] {processor.py:183} INFO - Processing /home/airflow/.local/lib/python3.12/site-packages/airflow/example_dags/example_xcomargs.py took 0.030 seconds
[2024-06-24T07:58:31.442+0000] {processor.py:161} INFO - Started process (PID=1766) to work on /home/airflow/.local/lib/python3.12/site-packages/airflow/example_dags/example_xcomargs.py
[2024-06-24T07:58:31.443+0000] {processor.py:830} INFO - Processing file /home/airflow/.local/lib/python3.12/site-packages/airflow/example_dags/example_xcomargs.py for tasks to queue
[2024-06-24T07:58:31.443+0000] {logging_mixin.py:188} INFO - [2024-06-24T07:58:31.443+0000] {dagbag.py:545} INFO - Filling up the DagBag from /home/airflow/.local/lib/python3.12/site-packages/airflow/example_dags/example_xcomargs.py
[2024-06-24T07:58:31.447+0000] {processor.py:840} INFO - DAG(s) 'example_xcom_args', 'example_xcom_args_with_operators' retrieved from /home/airflow/.local/lib/python3.12/site-packages/airflow/example_dags/example_xcomargs.py
[2024-06-24T07:58:31.456+0000] {logging_mixin.py:188} INFO - [2024-06-24T07:58:31.456+0000] {dag.py:3096} INFO - Sync 2 DAGs
[2024-06-24T07:58:31.461+0000] {logging_mixin.py:188} INFO - [2024-06-24T07:58:31.461+0000] {dag.py:3954} INFO - Setting next_dagrun for example_xcom_args to None, run_after=None
[2024-06-24T07:58:31.462+0000] {logging_mixin.py:188} INFO - [2024-06-24T07:58:31.462+0000] {dag.py:3954} INFO - Setting next_dagrun for example_xcom_args_with_operators to None, run_after=None
[2024-06-24T07:58:31.468+0000] {processor.py:183} INFO - Processing /home/airflow/.local/lib/python3.12/site-packages/airflow/example_dags/example_xcomargs.py took 0.028 seconds
[2024-06-24T07:59:02.126+0000] {processor.py:161} INFO - Started process (PID=1824) to work on /home/airflow/.local/lib/python3.12/site-packages/airflow/example_dags/example_xcomargs.py
[2024-06-24T07:59:02.127+0000] {processor.py:830} INFO - Processing file /home/airflow/.local/lib/python3.12/site-packages/airflow/example_dags/example_xcomargs.py for tasks to queue
[2024-06-24T07:59:02.128+0000] {logging_mixin.py:188} INFO - [2024-06-24T07:59:02.128+0000] {dagbag.py:545} INFO - Filling up the DagBag from /home/airflow/.local/lib/python3.12/site-packages/airflow/example_dags/example_xcomargs.py
[2024-06-24T07:59:02.131+0000] {processor.py:840} INFO - DAG(s) 'example_xcom_args', 'example_xcom_args_with_operators' retrieved from /home/airflow/.local/lib/python3.12/site-packages/airflow/example_dags/example_xcomargs.py
[2024-06-24T07:59:02.140+0000] {logging_mixin.py:188} INFO - [2024-06-24T07:59:02.140+0000] {dag.py:3096} INFO - Sync 2 DAGs
[2024-06-24T07:59:02.145+0000] {logging_mixin.py:188} INFO - [2024-06-24T07:59:02.145+0000] {dag.py:3954} INFO - Setting next_dagrun for example_xcom_args to None, run_after=None
[2024-06-24T07:59:02.147+0000] {logging_mixin.py:188} INFO - [2024-06-24T07:59:02.147+0000] {dag.py:3954} INFO - Setting next_dagrun for example_xcom_args_with_operators to None, run_after=None
[2024-06-24T07:59:02.153+0000] {processor.py:183} INFO - Processing /home/airflow/.local/lib/python3.12/site-packages/airflow/example_dags/example_xcomargs.py took 0.029 seconds
