[2024-06-24T07:43:19.831+0000] {processor.py:161} INFO - Started process (PID=66) to work on /home/airflow/.local/lib/python3.12/site-packages/airflow/example_dags/example_short_circuit_operator.py
[2024-06-24T07:43:19.831+0000] {processor.py:830} INFO - Processing file /home/airflow/.local/lib/python3.12/site-packages/airflow/example_dags/example_short_circuit_operator.py for tasks to queue
[2024-06-24T07:43:19.832+0000] {logging_mixin.py:188} INFO - [2024-06-24T07:43:19.832+0000] {dagbag.py:545} INFO - Filling up the DagBag from /home/airflow/.local/lib/python3.12/site-packages/airflow/example_dags/example_short_circuit_operator.py
[2024-06-24T07:43:19.838+0000] {processor.py:840} INFO - DAG(s) 'example_short_circuit_operator' retrieved from /home/airflow/.local/lib/python3.12/site-packages/airflow/example_dags/example_short_circuit_operator.py
[2024-06-24T07:43:19.854+0000] {logging_mixin.py:188} INFO - [2024-06-24T07:43:19.853+0000] {dag.py:3096} INFO - Sync 1 DAGs
[2024-06-24T07:43:19.867+0000] {logging_mixin.py:188} INFO - [2024-06-24T07:43:19.867+0000] {dag.py:3954} INFO - Setting next_dagrun for example_short_circuit_operator to 2024-06-23 00:00:00+00:00, run_after=2024-06-24 00:00:00+00:00
[2024-06-24T07:43:19.876+0000] {processor.py:183} INFO - Processing /home/airflow/.local/lib/python3.12/site-packages/airflow/example_dags/example_short_circuit_operator.py took 0.048 seconds
[2024-06-24T07:43:50.411+0000] {processor.py:161} INFO - Started process (PID=124) to work on /home/airflow/.local/lib/python3.12/site-packages/airflow/example_dags/example_short_circuit_operator.py
[2024-06-24T07:43:50.411+0000] {processor.py:830} INFO - Processing file /home/airflow/.local/lib/python3.12/site-packages/airflow/example_dags/example_short_circuit_operator.py for tasks to queue
[2024-06-24T07:43:50.412+0000] {logging_mixin.py:188} INFO - [2024-06-24T07:43:50.412+0000] {dagbag.py:545} INFO - Filling up the DagBag from /home/airflow/.local/lib/python3.12/site-packages/airflow/example_dags/example_short_circuit_operator.py
[2024-06-24T07:43:50.415+0000] {processor.py:840} INFO - DAG(s) 'example_short_circuit_operator' retrieved from /home/airflow/.local/lib/python3.12/site-packages/airflow/example_dags/example_short_circuit_operator.py
[2024-06-24T07:43:50.423+0000] {logging_mixin.py:188} INFO - [2024-06-24T07:43:50.422+0000] {dag.py:3096} INFO - Sync 1 DAGs
[2024-06-24T07:43:50.430+0000] {logging_mixin.py:188} INFO - [2024-06-24T07:43:50.430+0000] {dag.py:3954} INFO - Setting next_dagrun for example_short_circuit_operator to 2024-06-23 00:00:00+00:00, run_after=2024-06-24 00:00:00+00:00
[2024-06-24T07:43:50.436+0000] {processor.py:183} INFO - Processing /home/airflow/.local/lib/python3.12/site-packages/airflow/example_dags/example_short_circuit_operator.py took 0.028 seconds
[2024-06-24T07:44:20.852+0000] {processor.py:161} INFO - Started process (PID=182) to work on /home/airflow/.local/lib/python3.12/site-packages/airflow/example_dags/example_short_circuit_operator.py
[2024-06-24T07:44:20.853+0000] {processor.py:830} INFO - Processing file /home/airflow/.local/lib/python3.12/site-packages/airflow/example_dags/example_short_circuit_operator.py for tasks to queue
[2024-06-24T07:44:20.854+0000] {logging_mixin.py:188} INFO - [2024-06-24T07:44:20.854+0000] {dagbag.py:545} INFO - Filling up the DagBag from /home/airflow/.local/lib/python3.12/site-packages/airflow/example_dags/example_short_circuit_operator.py
[2024-06-24T07:44:20.857+0000] {processor.py:840} INFO - DAG(s) 'example_short_circuit_operator' retrieved from /home/airflow/.local/lib/python3.12/site-packages/airflow/example_dags/example_short_circuit_operator.py
[2024-06-24T07:44:20.868+0000] {logging_mixin.py:188} INFO - [2024-06-24T07:44:20.867+0000] {dag.py:3096} INFO - Sync 1 DAGs
[2024-06-24T07:44:20.877+0000] {logging_mixin.py:188} INFO - [2024-06-24T07:44:20.877+0000] {dag.py:3954} INFO - Setting next_dagrun for example_short_circuit_operator to 2024-06-23 00:00:00+00:00, run_after=2024-06-24 00:00:00+00:00
[2024-06-24T07:44:20.884+0000] {processor.py:183} INFO - Processing /home/airflow/.local/lib/python3.12/site-packages/airflow/example_dags/example_short_circuit_operator.py took 0.034 seconds
[2024-06-24T07:44:51.264+0000] {processor.py:161} INFO - Started process (PID=240) to work on /home/airflow/.local/lib/python3.12/site-packages/airflow/example_dags/example_short_circuit_operator.py
[2024-06-24T07:44:51.264+0000] {processor.py:830} INFO - Processing file /home/airflow/.local/lib/python3.12/site-packages/airflow/example_dags/example_short_circuit_operator.py for tasks to queue
[2024-06-24T07:44:51.265+0000] {logging_mixin.py:188} INFO - [2024-06-24T07:44:51.265+0000] {dagbag.py:545} INFO - Filling up the DagBag from /home/airflow/.local/lib/python3.12/site-packages/airflow/example_dags/example_short_circuit_operator.py
[2024-06-24T07:44:51.268+0000] {processor.py:840} INFO - DAG(s) 'example_short_circuit_operator' retrieved from /home/airflow/.local/lib/python3.12/site-packages/airflow/example_dags/example_short_circuit_operator.py
[2024-06-24T07:44:51.276+0000] {logging_mixin.py:188} INFO - [2024-06-24T07:44:51.276+0000] {dag.py:3096} INFO - Sync 1 DAGs
[2024-06-24T07:44:51.284+0000] {logging_mixin.py:188} INFO - [2024-06-24T07:44:51.284+0000] {dag.py:3954} INFO - Setting next_dagrun for example_short_circuit_operator to 2024-06-23 00:00:00+00:00, run_after=2024-06-24 00:00:00+00:00
[2024-06-24T07:44:51.290+0000] {processor.py:183} INFO - Processing /home/airflow/.local/lib/python3.12/site-packages/airflow/example_dags/example_short_circuit_operator.py took 0.028 seconds
[2024-06-24T07:45:21.713+0000] {processor.py:161} INFO - Started process (PID=298) to work on /home/airflow/.local/lib/python3.12/site-packages/airflow/example_dags/example_short_circuit_operator.py
[2024-06-24T07:45:21.714+0000] {processor.py:830} INFO - Processing file /home/airflow/.local/lib/python3.12/site-packages/airflow/example_dags/example_short_circuit_operator.py for tasks to queue
[2024-06-24T07:45:21.714+0000] {logging_mixin.py:188} INFO - [2024-06-24T07:45:21.714+0000] {dagbag.py:545} INFO - Filling up the DagBag from /home/airflow/.local/lib/python3.12/site-packages/airflow/example_dags/example_short_circuit_operator.py
[2024-06-24T07:45:21.718+0000] {processor.py:840} INFO - DAG(s) 'example_short_circuit_operator' retrieved from /home/airflow/.local/lib/python3.12/site-packages/airflow/example_dags/example_short_circuit_operator.py
[2024-06-24T07:45:21.728+0000] {logging_mixin.py:188} INFO - [2024-06-24T07:45:21.728+0000] {dag.py:3096} INFO - Sync 1 DAGs
[2024-06-24T07:45:21.738+0000] {logging_mixin.py:188} INFO - [2024-06-24T07:45:21.738+0000] {dag.py:3954} INFO - Setting next_dagrun for example_short_circuit_operator to 2024-06-23 00:00:00+00:00, run_after=2024-06-24 00:00:00+00:00
[2024-06-24T07:45:21.746+0000] {processor.py:183} INFO - Processing /home/airflow/.local/lib/python3.12/site-packages/airflow/example_dags/example_short_circuit_operator.py took 0.035 seconds
[2024-06-24T07:45:52.147+0000] {processor.py:161} INFO - Started process (PID=355) to work on /home/airflow/.local/lib/python3.12/site-packages/airflow/example_dags/example_short_circuit_operator.py
[2024-06-24T07:45:52.147+0000] {processor.py:830} INFO - Processing file /home/airflow/.local/lib/python3.12/site-packages/airflow/example_dags/example_short_circuit_operator.py for tasks to queue
[2024-06-24T07:45:52.148+0000] {logging_mixin.py:188} INFO - [2024-06-24T07:45:52.148+0000] {dagbag.py:545} INFO - Filling up the DagBag from /home/airflow/.local/lib/python3.12/site-packages/airflow/example_dags/example_short_circuit_operator.py
[2024-06-24T07:45:52.152+0000] {processor.py:840} INFO - DAG(s) 'example_short_circuit_operator' retrieved from /home/airflow/.local/lib/python3.12/site-packages/airflow/example_dags/example_short_circuit_operator.py
[2024-06-24T07:45:52.161+0000] {logging_mixin.py:188} INFO - [2024-06-24T07:45:52.160+0000] {dag.py:3096} INFO - Sync 1 DAGs
[2024-06-24T07:45:52.169+0000] {logging_mixin.py:188} INFO - [2024-06-24T07:45:52.169+0000] {dag.py:3954} INFO - Setting next_dagrun for example_short_circuit_operator to 2024-06-23 00:00:00+00:00, run_after=2024-06-24 00:00:00+00:00
[2024-06-24T07:45:52.176+0000] {processor.py:183} INFO - Processing /home/airflow/.local/lib/python3.12/site-packages/airflow/example_dags/example_short_circuit_operator.py took 0.031 seconds
[2024-06-24T07:46:22.419+0000] {processor.py:161} INFO - Started process (PID=413) to work on /home/airflow/.local/lib/python3.12/site-packages/airflow/example_dags/example_short_circuit_operator.py
[2024-06-24T07:46:22.419+0000] {processor.py:830} INFO - Processing file /home/airflow/.local/lib/python3.12/site-packages/airflow/example_dags/example_short_circuit_operator.py for tasks to queue
[2024-06-24T07:46:22.420+0000] {logging_mixin.py:188} INFO - [2024-06-24T07:46:22.420+0000] {dagbag.py:545} INFO - Filling up the DagBag from /home/airflow/.local/lib/python3.12/site-packages/airflow/example_dags/example_short_circuit_operator.py
[2024-06-24T07:46:22.423+0000] {processor.py:840} INFO - DAG(s) 'example_short_circuit_operator' retrieved from /home/airflow/.local/lib/python3.12/site-packages/airflow/example_dags/example_short_circuit_operator.py
[2024-06-24T07:46:22.431+0000] {logging_mixin.py:188} INFO - [2024-06-24T07:46:22.431+0000] {dag.py:3096} INFO - Sync 1 DAGs
[2024-06-24T07:46:22.439+0000] {logging_mixin.py:188} INFO - [2024-06-24T07:46:22.439+0000] {dag.py:3954} INFO - Setting next_dagrun for example_short_circuit_operator to 2024-06-23 00:00:00+00:00, run_after=2024-06-24 00:00:00+00:00
[2024-06-24T07:46:22.446+0000] {processor.py:183} INFO - Processing /home/airflow/.local/lib/python3.12/site-packages/airflow/example_dags/example_short_circuit_operator.py took 0.029 seconds
[2024-06-24T07:46:52.827+0000] {processor.py:161} INFO - Started process (PID=470) to work on /home/airflow/.local/lib/python3.12/site-packages/airflow/example_dags/example_short_circuit_operator.py
[2024-06-24T07:46:52.828+0000] {processor.py:830} INFO - Processing file /home/airflow/.local/lib/python3.12/site-packages/airflow/example_dags/example_short_circuit_operator.py for tasks to queue
[2024-06-24T07:46:52.829+0000] {logging_mixin.py:188} INFO - [2024-06-24T07:46:52.829+0000] {dagbag.py:545} INFO - Filling up the DagBag from /home/airflow/.local/lib/python3.12/site-packages/airflow/example_dags/example_short_circuit_operator.py
[2024-06-24T07:46:52.832+0000] {processor.py:840} INFO - DAG(s) 'example_short_circuit_operator' retrieved from /home/airflow/.local/lib/python3.12/site-packages/airflow/example_dags/example_short_circuit_operator.py
[2024-06-24T07:46:52.842+0000] {logging_mixin.py:188} INFO - [2024-06-24T07:46:52.841+0000] {dag.py:3096} INFO - Sync 1 DAGs
[2024-06-24T07:46:52.851+0000] {logging_mixin.py:188} INFO - [2024-06-24T07:46:52.851+0000] {dag.py:3954} INFO - Setting next_dagrun for example_short_circuit_operator to 2024-06-23 00:00:00+00:00, run_after=2024-06-24 00:00:00+00:00
[2024-06-24T07:46:52.858+0000] {processor.py:183} INFO - Processing /home/airflow/.local/lib/python3.12/site-packages/airflow/example_dags/example_short_circuit_operator.py took 0.033 seconds
[2024-06-24T07:47:23.162+0000] {processor.py:161} INFO - Started process (PID=528) to work on /home/airflow/.local/lib/python3.12/site-packages/airflow/example_dags/example_short_circuit_operator.py
[2024-06-24T07:47:23.163+0000] {processor.py:830} INFO - Processing file /home/airflow/.local/lib/python3.12/site-packages/airflow/example_dags/example_short_circuit_operator.py for tasks to queue
[2024-06-24T07:47:23.164+0000] {logging_mixin.py:188} INFO - [2024-06-24T07:47:23.164+0000] {dagbag.py:545} INFO - Filling up the DagBag from /home/airflow/.local/lib/python3.12/site-packages/airflow/example_dags/example_short_circuit_operator.py
[2024-06-24T07:47:23.167+0000] {processor.py:840} INFO - DAG(s) 'example_short_circuit_operator' retrieved from /home/airflow/.local/lib/python3.12/site-packages/airflow/example_dags/example_short_circuit_operator.py
[2024-06-24T07:47:23.177+0000] {logging_mixin.py:188} INFO - [2024-06-24T07:47:23.176+0000] {dag.py:3096} INFO - Sync 1 DAGs
[2024-06-24T07:47:23.185+0000] {logging_mixin.py:188} INFO - [2024-06-24T07:47:23.185+0000] {dag.py:3954} INFO - Setting next_dagrun for example_short_circuit_operator to 2024-06-23 00:00:00+00:00, run_after=2024-06-24 00:00:00+00:00
[2024-06-24T07:47:23.192+0000] {processor.py:183} INFO - Processing /home/airflow/.local/lib/python3.12/site-packages/airflow/example_dags/example_short_circuit_operator.py took 0.032 seconds
[2024-06-24T07:47:53.576+0000] {processor.py:161} INFO - Started process (PID=585) to work on /home/airflow/.local/lib/python3.12/site-packages/airflow/example_dags/example_short_circuit_operator.py
[2024-06-24T07:47:53.576+0000] {processor.py:830} INFO - Processing file /home/airflow/.local/lib/python3.12/site-packages/airflow/example_dags/example_short_circuit_operator.py for tasks to queue
[2024-06-24T07:47:53.580+0000] {logging_mixin.py:188} INFO - [2024-06-24T07:47:53.580+0000] {dagbag.py:545} INFO - Filling up the DagBag from /home/airflow/.local/lib/python3.12/site-packages/airflow/example_dags/example_short_circuit_operator.py
[2024-06-24T07:47:53.583+0000] {processor.py:840} INFO - DAG(s) 'example_short_circuit_operator' retrieved from /home/airflow/.local/lib/python3.12/site-packages/airflow/example_dags/example_short_circuit_operator.py
[2024-06-24T07:47:53.593+0000] {logging_mixin.py:188} INFO - [2024-06-24T07:47:53.593+0000] {dag.py:3096} INFO - Sync 1 DAGs
[2024-06-24T07:47:53.601+0000] {logging_mixin.py:188} INFO - [2024-06-24T07:47:53.601+0000] {dag.py:3954} INFO - Setting next_dagrun for example_short_circuit_operator to 2024-06-23 00:00:00+00:00, run_after=2024-06-24 00:00:00+00:00
[2024-06-24T07:47:53.608+0000] {processor.py:183} INFO - Processing /home/airflow/.local/lib/python3.12/site-packages/airflow/example_dags/example_short_circuit_operator.py took 0.034 seconds
[2024-06-24T07:48:24.046+0000] {processor.py:161} INFO - Started process (PID=643) to work on /home/airflow/.local/lib/python3.12/site-packages/airflow/example_dags/example_short_circuit_operator.py
[2024-06-24T07:48:24.046+0000] {processor.py:830} INFO - Processing file /home/airflow/.local/lib/python3.12/site-packages/airflow/example_dags/example_short_circuit_operator.py for tasks to queue
[2024-06-24T07:48:24.047+0000] {logging_mixin.py:188} INFO - [2024-06-24T07:48:24.047+0000] {dagbag.py:545} INFO - Filling up the DagBag from /home/airflow/.local/lib/python3.12/site-packages/airflow/example_dags/example_short_circuit_operator.py
[2024-06-24T07:48:24.050+0000] {processor.py:840} INFO - DAG(s) 'example_short_circuit_operator' retrieved from /home/airflow/.local/lib/python3.12/site-packages/airflow/example_dags/example_short_circuit_operator.py
[2024-06-24T07:48:24.059+0000] {logging_mixin.py:188} INFO - [2024-06-24T07:48:24.059+0000] {dag.py:3096} INFO - Sync 1 DAGs
[2024-06-24T07:48:24.068+0000] {logging_mixin.py:188} INFO - [2024-06-24T07:48:24.068+0000] {dag.py:3954} INFO - Setting next_dagrun for example_short_circuit_operator to 2024-06-23 00:00:00+00:00, run_after=2024-06-24 00:00:00+00:00
[2024-06-24T07:48:24.074+0000] {processor.py:183} INFO - Processing /home/airflow/.local/lib/python3.12/site-packages/airflow/example_dags/example_short_circuit_operator.py took 0.031 seconds
[2024-06-24T07:48:54.500+0000] {processor.py:161} INFO - Started process (PID=701) to work on /home/airflow/.local/lib/python3.12/site-packages/airflow/example_dags/example_short_circuit_operator.py
[2024-06-24T07:48:54.501+0000] {processor.py:830} INFO - Processing file /home/airflow/.local/lib/python3.12/site-packages/airflow/example_dags/example_short_circuit_operator.py for tasks to queue
[2024-06-24T07:48:54.502+0000] {logging_mixin.py:188} INFO - [2024-06-24T07:48:54.502+0000] {dagbag.py:545} INFO - Filling up the DagBag from /home/airflow/.local/lib/python3.12/site-packages/airflow/example_dags/example_short_circuit_operator.py
[2024-06-24T07:48:54.506+0000] {processor.py:840} INFO - DAG(s) 'example_short_circuit_operator' retrieved from /home/airflow/.local/lib/python3.12/site-packages/airflow/example_dags/example_short_circuit_operator.py
[2024-06-24T07:48:54.519+0000] {logging_mixin.py:188} INFO - [2024-06-24T07:48:54.519+0000] {dag.py:3096} INFO - Sync 1 DAGs
[2024-06-24T07:48:54.530+0000] {logging_mixin.py:188} INFO - [2024-06-24T07:48:54.529+0000] {dag.py:3954} INFO - Setting next_dagrun for example_short_circuit_operator to 2024-06-23 00:00:00+00:00, run_after=2024-06-24 00:00:00+00:00
[2024-06-24T07:48:54.538+0000] {processor.py:183} INFO - Processing /home/airflow/.local/lib/python3.12/site-packages/airflow/example_dags/example_short_circuit_operator.py took 0.041 seconds
[2024-06-24T07:49:25.035+0000] {processor.py:161} INFO - Started process (PID=758) to work on /home/airflow/.local/lib/python3.12/site-packages/airflow/example_dags/example_short_circuit_operator.py
[2024-06-24T07:49:25.036+0000] {processor.py:830} INFO - Processing file /home/airflow/.local/lib/python3.12/site-packages/airflow/example_dags/example_short_circuit_operator.py for tasks to queue
[2024-06-24T07:49:25.037+0000] {logging_mixin.py:188} INFO - [2024-06-24T07:49:25.037+0000] {dagbag.py:545} INFO - Filling up the DagBag from /home/airflow/.local/lib/python3.12/site-packages/airflow/example_dags/example_short_circuit_operator.py
[2024-06-24T07:49:25.040+0000] {processor.py:840} INFO - DAG(s) 'example_short_circuit_operator' retrieved from /home/airflow/.local/lib/python3.12/site-packages/airflow/example_dags/example_short_circuit_operator.py
[2024-06-24T07:49:25.050+0000] {logging_mixin.py:188} INFO - [2024-06-24T07:49:25.050+0000] {dag.py:3096} INFO - Sync 1 DAGs
[2024-06-24T07:49:25.059+0000] {logging_mixin.py:188} INFO - [2024-06-24T07:49:25.059+0000] {dag.py:3954} INFO - Setting next_dagrun for example_short_circuit_operator to 2024-06-23 00:00:00+00:00, run_after=2024-06-24 00:00:00+00:00
[2024-06-24T07:49:25.067+0000] {processor.py:183} INFO - Processing /home/airflow/.local/lib/python3.12/site-packages/airflow/example_dags/example_short_circuit_operator.py took 0.035 seconds
[2024-06-24T07:49:55.470+0000] {processor.py:161} INFO - Started process (PID=816) to work on /home/airflow/.local/lib/python3.12/site-packages/airflow/example_dags/example_short_circuit_operator.py
[2024-06-24T07:49:55.471+0000] {processor.py:830} INFO - Processing file /home/airflow/.local/lib/python3.12/site-packages/airflow/example_dags/example_short_circuit_operator.py for tasks to queue
[2024-06-24T07:49:55.472+0000] {logging_mixin.py:188} INFO - [2024-06-24T07:49:55.472+0000] {dagbag.py:545} INFO - Filling up the DagBag from /home/airflow/.local/lib/python3.12/site-packages/airflow/example_dags/example_short_circuit_operator.py
[2024-06-24T07:49:55.475+0000] {processor.py:840} INFO - DAG(s) 'example_short_circuit_operator' retrieved from /home/airflow/.local/lib/python3.12/site-packages/airflow/example_dags/example_short_circuit_operator.py
[2024-06-24T07:49:55.485+0000] {logging_mixin.py:188} INFO - [2024-06-24T07:49:55.485+0000] {dag.py:3096} INFO - Sync 1 DAGs
[2024-06-24T07:49:55.493+0000] {logging_mixin.py:188} INFO - [2024-06-24T07:49:55.493+0000] {dag.py:3954} INFO - Setting next_dagrun for example_short_circuit_operator to 2024-06-23 00:00:00+00:00, run_after=2024-06-24 00:00:00+00:00
[2024-06-24T07:49:55.501+0000] {processor.py:183} INFO - Processing /home/airflow/.local/lib/python3.12/site-packages/airflow/example_dags/example_short_circuit_operator.py took 0.033 seconds
[2024-06-24T07:50:25.868+0000] {processor.py:161} INFO - Started process (PID=874) to work on /home/airflow/.local/lib/python3.12/site-packages/airflow/example_dags/example_short_circuit_operator.py
[2024-06-24T07:50:25.869+0000] {processor.py:830} INFO - Processing file /home/airflow/.local/lib/python3.12/site-packages/airflow/example_dags/example_short_circuit_operator.py for tasks to queue
[2024-06-24T07:50:25.870+0000] {logging_mixin.py:188} INFO - [2024-06-24T07:50:25.869+0000] {dagbag.py:545} INFO - Filling up the DagBag from /home/airflow/.local/lib/python3.12/site-packages/airflow/example_dags/example_short_circuit_operator.py
[2024-06-24T07:50:25.873+0000] {processor.py:840} INFO - DAG(s) 'example_short_circuit_operator' retrieved from /home/airflow/.local/lib/python3.12/site-packages/airflow/example_dags/example_short_circuit_operator.py
[2024-06-24T07:50:25.882+0000] {logging_mixin.py:188} INFO - [2024-06-24T07:50:25.882+0000] {dag.py:3096} INFO - Sync 1 DAGs
[2024-06-24T07:50:25.890+0000] {logging_mixin.py:188} INFO - [2024-06-24T07:50:25.890+0000] {dag.py:3954} INFO - Setting next_dagrun for example_short_circuit_operator to 2024-06-23 00:00:00+00:00, run_after=2024-06-24 00:00:00+00:00
[2024-06-24T07:50:25.896+0000] {processor.py:183} INFO - Processing /home/airflow/.local/lib/python3.12/site-packages/airflow/example_dags/example_short_circuit_operator.py took 0.030 seconds
[2024-06-24T07:50:56.459+0000] {processor.py:161} INFO - Started process (PID=932) to work on /home/airflow/.local/lib/python3.12/site-packages/airflow/example_dags/example_short_circuit_operator.py
[2024-06-24T07:50:56.459+0000] {processor.py:830} INFO - Processing file /home/airflow/.local/lib/python3.12/site-packages/airflow/example_dags/example_short_circuit_operator.py for tasks to queue
[2024-06-24T07:50:56.460+0000] {logging_mixin.py:188} INFO - [2024-06-24T07:50:56.460+0000] {dagbag.py:545} INFO - Filling up the DagBag from /home/airflow/.local/lib/python3.12/site-packages/airflow/example_dags/example_short_circuit_operator.py
[2024-06-24T07:50:56.464+0000] {processor.py:840} INFO - DAG(s) 'example_short_circuit_operator' retrieved from /home/airflow/.local/lib/python3.12/site-packages/airflow/example_dags/example_short_circuit_operator.py
[2024-06-24T07:50:56.473+0000] {logging_mixin.py:188} INFO - [2024-06-24T07:50:56.473+0000] {dag.py:3096} INFO - Sync 1 DAGs
[2024-06-24T07:50:56.483+0000] {logging_mixin.py:188} INFO - [2024-06-24T07:50:56.483+0000] {dag.py:3954} INFO - Setting next_dagrun for example_short_circuit_operator to 2024-06-23 00:00:00+00:00, run_after=2024-06-24 00:00:00+00:00
[2024-06-24T07:50:56.490+0000] {processor.py:183} INFO - Processing /home/airflow/.local/lib/python3.12/site-packages/airflow/example_dags/example_short_circuit_operator.py took 0.034 seconds
[2024-06-24T07:51:26.792+0000] {processor.py:161} INFO - Started process (PID=989) to work on /home/airflow/.local/lib/python3.12/site-packages/airflow/example_dags/example_short_circuit_operator.py
[2024-06-24T07:51:26.792+0000] {processor.py:830} INFO - Processing file /home/airflow/.local/lib/python3.12/site-packages/airflow/example_dags/example_short_circuit_operator.py for tasks to queue
[2024-06-24T07:51:26.793+0000] {logging_mixin.py:188} INFO - [2024-06-24T07:51:26.793+0000] {dagbag.py:545} INFO - Filling up the DagBag from /home/airflow/.local/lib/python3.12/site-packages/airflow/example_dags/example_short_circuit_operator.py
[2024-06-24T07:51:26.796+0000] {processor.py:840} INFO - DAG(s) 'example_short_circuit_operator' retrieved from /home/airflow/.local/lib/python3.12/site-packages/airflow/example_dags/example_short_circuit_operator.py
[2024-06-24T07:51:26.805+0000] {logging_mixin.py:188} INFO - [2024-06-24T07:51:26.805+0000] {dag.py:3096} INFO - Sync 1 DAGs
[2024-06-24T07:51:26.813+0000] {logging_mixin.py:188} INFO - [2024-06-24T07:51:26.813+0000] {dag.py:3954} INFO - Setting next_dagrun for example_short_circuit_operator to 2024-06-23 00:00:00+00:00, run_after=2024-06-24 00:00:00+00:00
[2024-06-24T07:51:26.820+0000] {processor.py:183} INFO - Processing /home/airflow/.local/lib/python3.12/site-packages/airflow/example_dags/example_short_circuit_operator.py took 0.031 seconds
[2024-06-24T07:51:57.258+0000] {processor.py:161} INFO - Started process (PID=1047) to work on /home/airflow/.local/lib/python3.12/site-packages/airflow/example_dags/example_short_circuit_operator.py
[2024-06-24T07:51:57.258+0000] {processor.py:830} INFO - Processing file /home/airflow/.local/lib/python3.12/site-packages/airflow/example_dags/example_short_circuit_operator.py for tasks to queue
[2024-06-24T07:51:57.259+0000] {logging_mixin.py:188} INFO - [2024-06-24T07:51:57.259+0000] {dagbag.py:545} INFO - Filling up the DagBag from /home/airflow/.local/lib/python3.12/site-packages/airflow/example_dags/example_short_circuit_operator.py
[2024-06-24T07:51:57.262+0000] {processor.py:840} INFO - DAG(s) 'example_short_circuit_operator' retrieved from /home/airflow/.local/lib/python3.12/site-packages/airflow/example_dags/example_short_circuit_operator.py
[2024-06-24T07:51:57.271+0000] {logging_mixin.py:188} INFO - [2024-06-24T07:51:57.271+0000] {dag.py:3096} INFO - Sync 1 DAGs
[2024-06-24T07:51:57.280+0000] {logging_mixin.py:188} INFO - [2024-06-24T07:51:57.280+0000] {dag.py:3954} INFO - Setting next_dagrun for example_short_circuit_operator to 2024-06-23 00:00:00+00:00, run_after=2024-06-24 00:00:00+00:00
[2024-06-24T07:51:57.286+0000] {processor.py:183} INFO - Processing /home/airflow/.local/lib/python3.12/site-packages/airflow/example_dags/example_short_circuit_operator.py took 0.031 seconds
[2024-06-24T07:52:27.653+0000] {processor.py:161} INFO - Started process (PID=1105) to work on /home/airflow/.local/lib/python3.12/site-packages/airflow/example_dags/example_short_circuit_operator.py
[2024-06-24T07:52:27.653+0000] {processor.py:830} INFO - Processing file /home/airflow/.local/lib/python3.12/site-packages/airflow/example_dags/example_short_circuit_operator.py for tasks to queue
[2024-06-24T07:52:27.654+0000] {logging_mixin.py:188} INFO - [2024-06-24T07:52:27.654+0000] {dagbag.py:545} INFO - Filling up the DagBag from /home/airflow/.local/lib/python3.12/site-packages/airflow/example_dags/example_short_circuit_operator.py
[2024-06-24T07:52:27.657+0000] {processor.py:840} INFO - DAG(s) 'example_short_circuit_operator' retrieved from /home/airflow/.local/lib/python3.12/site-packages/airflow/example_dags/example_short_circuit_operator.py
[2024-06-24T07:52:27.666+0000] {logging_mixin.py:188} INFO - [2024-06-24T07:52:27.666+0000] {dag.py:3096} INFO - Sync 1 DAGs
[2024-06-24T07:52:27.675+0000] {logging_mixin.py:188} INFO - [2024-06-24T07:52:27.675+0000] {dag.py:3954} INFO - Setting next_dagrun for example_short_circuit_operator to 2024-06-23 00:00:00+00:00, run_after=2024-06-24 00:00:00+00:00
[2024-06-24T07:52:27.681+0000] {processor.py:183} INFO - Processing /home/airflow/.local/lib/python3.12/site-packages/airflow/example_dags/example_short_circuit_operator.py took 0.032 seconds
[2024-06-24T07:52:58.097+0000] {processor.py:161} INFO - Started process (PID=1162) to work on /home/airflow/.local/lib/python3.12/site-packages/airflow/example_dags/example_short_circuit_operator.py
[2024-06-24T07:52:58.099+0000] {processor.py:830} INFO - Processing file /home/airflow/.local/lib/python3.12/site-packages/airflow/example_dags/example_short_circuit_operator.py for tasks to queue
[2024-06-24T07:52:58.100+0000] {logging_mixin.py:188} INFO - [2024-06-24T07:52:58.100+0000] {dagbag.py:545} INFO - Filling up the DagBag from /home/airflow/.local/lib/python3.12/site-packages/airflow/example_dags/example_short_circuit_operator.py
[2024-06-24T07:52:58.103+0000] {processor.py:840} INFO - DAG(s) 'example_short_circuit_operator' retrieved from /home/airflow/.local/lib/python3.12/site-packages/airflow/example_dags/example_short_circuit_operator.py
[2024-06-24T07:52:58.113+0000] {logging_mixin.py:188} INFO - [2024-06-24T07:52:58.113+0000] {dag.py:3096} INFO - Sync 1 DAGs
[2024-06-24T07:52:58.121+0000] {logging_mixin.py:188} INFO - [2024-06-24T07:52:58.121+0000] {dag.py:3954} INFO - Setting next_dagrun for example_short_circuit_operator to 2024-06-23 00:00:00+00:00, run_after=2024-06-24 00:00:00+00:00
[2024-06-24T07:52:58.128+0000] {processor.py:183} INFO - Processing /home/airflow/.local/lib/python3.12/site-packages/airflow/example_dags/example_short_circuit_operator.py took 0.033 seconds
[2024-06-24T07:53:28.549+0000] {processor.py:161} INFO - Started process (PID=1220) to work on /home/airflow/.local/lib/python3.12/site-packages/airflow/example_dags/example_short_circuit_operator.py
[2024-06-24T07:53:28.550+0000] {processor.py:830} INFO - Processing file /home/airflow/.local/lib/python3.12/site-packages/airflow/example_dags/example_short_circuit_operator.py for tasks to queue
[2024-06-24T07:53:28.551+0000] {logging_mixin.py:188} INFO - [2024-06-24T07:53:28.550+0000] {dagbag.py:545} INFO - Filling up the DagBag from /home/airflow/.local/lib/python3.12/site-packages/airflow/example_dags/example_short_circuit_operator.py
[2024-06-24T07:53:28.554+0000] {processor.py:840} INFO - DAG(s) 'example_short_circuit_operator' retrieved from /home/airflow/.local/lib/python3.12/site-packages/airflow/example_dags/example_short_circuit_operator.py
[2024-06-24T07:53:28.563+0000] {logging_mixin.py:188} INFO - [2024-06-24T07:53:28.563+0000] {dag.py:3096} INFO - Sync 1 DAGs
[2024-06-24T07:53:28.572+0000] {logging_mixin.py:188} INFO - [2024-06-24T07:53:28.572+0000] {dag.py:3954} INFO - Setting next_dagrun for example_short_circuit_operator to 2024-06-23 00:00:00+00:00, run_after=2024-06-24 00:00:00+00:00
[2024-06-24T07:53:28.581+0000] {processor.py:183} INFO - Processing /home/airflow/.local/lib/python3.12/site-packages/airflow/example_dags/example_short_circuit_operator.py took 0.034 seconds
[2024-06-24T07:53:59.018+0000] {processor.py:161} INFO - Started process (PID=1278) to work on /home/airflow/.local/lib/python3.12/site-packages/airflow/example_dags/example_short_circuit_operator.py
[2024-06-24T07:53:59.019+0000] {processor.py:830} INFO - Processing file /home/airflow/.local/lib/python3.12/site-packages/airflow/example_dags/example_short_circuit_operator.py for tasks to queue
[2024-06-24T07:53:59.019+0000] {logging_mixin.py:188} INFO - [2024-06-24T07:53:59.019+0000] {dagbag.py:545} INFO - Filling up the DagBag from /home/airflow/.local/lib/python3.12/site-packages/airflow/example_dags/example_short_circuit_operator.py
[2024-06-24T07:53:59.023+0000] {processor.py:840} INFO - DAG(s) 'example_short_circuit_operator' retrieved from /home/airflow/.local/lib/python3.12/site-packages/airflow/example_dags/example_short_circuit_operator.py
[2024-06-24T07:53:59.032+0000] {logging_mixin.py:188} INFO - [2024-06-24T07:53:59.032+0000] {dag.py:3096} INFO - Sync 1 DAGs
[2024-06-24T07:53:59.041+0000] {logging_mixin.py:188} INFO - [2024-06-24T07:53:59.041+0000] {dag.py:3954} INFO - Setting next_dagrun for example_short_circuit_operator to 2024-06-23 00:00:00+00:00, run_after=2024-06-24 00:00:00+00:00
[2024-06-24T07:53:59.048+0000] {processor.py:183} INFO - Processing /home/airflow/.local/lib/python3.12/site-packages/airflow/example_dags/example_short_circuit_operator.py took 0.033 seconds
[2024-06-24T07:54:29.417+0000] {processor.py:161} INFO - Started process (PID=1336) to work on /home/airflow/.local/lib/python3.12/site-packages/airflow/example_dags/example_short_circuit_operator.py
[2024-06-24T07:54:29.418+0000] {processor.py:830} INFO - Processing file /home/airflow/.local/lib/python3.12/site-packages/airflow/example_dags/example_short_circuit_operator.py for tasks to queue
[2024-06-24T07:54:29.419+0000] {logging_mixin.py:188} INFO - [2024-06-24T07:54:29.419+0000] {dagbag.py:545} INFO - Filling up the DagBag from /home/airflow/.local/lib/python3.12/site-packages/airflow/example_dags/example_short_circuit_operator.py
[2024-06-24T07:54:29.422+0000] {processor.py:840} INFO - DAG(s) 'example_short_circuit_operator' retrieved from /home/airflow/.local/lib/python3.12/site-packages/airflow/example_dags/example_short_circuit_operator.py
[2024-06-24T07:54:29.431+0000] {logging_mixin.py:188} INFO - [2024-06-24T07:54:29.431+0000] {dag.py:3096} INFO - Sync 1 DAGs
[2024-06-24T07:54:29.440+0000] {logging_mixin.py:188} INFO - [2024-06-24T07:54:29.440+0000] {dag.py:3954} INFO - Setting next_dagrun for example_short_circuit_operator to 2024-06-23 00:00:00+00:00, run_after=2024-06-24 00:00:00+00:00
[2024-06-24T07:54:29.446+0000] {processor.py:183} INFO - Processing /home/airflow/.local/lib/python3.12/site-packages/airflow/example_dags/example_short_circuit_operator.py took 0.031 seconds
[2024-06-24T07:54:59.924+0000] {processor.py:161} INFO - Started process (PID=1393) to work on /home/airflow/.local/lib/python3.12/site-packages/airflow/example_dags/example_short_circuit_operator.py
[2024-06-24T07:54:59.924+0000] {processor.py:830} INFO - Processing file /home/airflow/.local/lib/python3.12/site-packages/airflow/example_dags/example_short_circuit_operator.py for tasks to queue
[2024-06-24T07:54:59.925+0000] {logging_mixin.py:188} INFO - [2024-06-24T07:54:59.925+0000] {dagbag.py:545} INFO - Filling up the DagBag from /home/airflow/.local/lib/python3.12/site-packages/airflow/example_dags/example_short_circuit_operator.py
[2024-06-24T07:54:59.929+0000] {processor.py:840} INFO - DAG(s) 'example_short_circuit_operator' retrieved from /home/airflow/.local/lib/python3.12/site-packages/airflow/example_dags/example_short_circuit_operator.py
[2024-06-24T07:54:59.941+0000] {logging_mixin.py:188} INFO - [2024-06-24T07:54:59.941+0000] {dag.py:3096} INFO - Sync 1 DAGs
[2024-06-24T07:54:59.950+0000] {logging_mixin.py:188} INFO - [2024-06-24T07:54:59.950+0000] {dag.py:3954} INFO - Setting next_dagrun for example_short_circuit_operator to 2024-06-23 00:00:00+00:00, run_after=2024-06-24 00:00:00+00:00
[2024-06-24T07:54:59.956+0000] {processor.py:183} INFO - Processing /home/airflow/.local/lib/python3.12/site-packages/airflow/example_dags/example_short_circuit_operator.py took 0.036 seconds
[2024-06-24T07:55:30.550+0000] {processor.py:161} INFO - Started process (PID=1451) to work on /home/airflow/.local/lib/python3.12/site-packages/airflow/example_dags/example_short_circuit_operator.py
[2024-06-24T07:55:30.551+0000] {processor.py:830} INFO - Processing file /home/airflow/.local/lib/python3.12/site-packages/airflow/example_dags/example_short_circuit_operator.py for tasks to queue
[2024-06-24T07:55:30.552+0000] {logging_mixin.py:188} INFO - [2024-06-24T07:55:30.552+0000] {dagbag.py:545} INFO - Filling up the DagBag from /home/airflow/.local/lib/python3.12/site-packages/airflow/example_dags/example_short_circuit_operator.py
[2024-06-24T07:55:30.555+0000] {processor.py:840} INFO - DAG(s) 'example_short_circuit_operator' retrieved from /home/airflow/.local/lib/python3.12/site-packages/airflow/example_dags/example_short_circuit_operator.py
[2024-06-24T07:55:30.566+0000] {logging_mixin.py:188} INFO - [2024-06-24T07:55:30.566+0000] {dag.py:3096} INFO - Sync 1 DAGs
[2024-06-24T07:55:30.576+0000] {logging_mixin.py:188} INFO - [2024-06-24T07:55:30.576+0000] {dag.py:3954} INFO - Setting next_dagrun for example_short_circuit_operator to 2024-06-23 00:00:00+00:00, run_after=2024-06-24 00:00:00+00:00
[2024-06-24T07:55:30.584+0000] {processor.py:183} INFO - Processing /home/airflow/.local/lib/python3.12/site-packages/airflow/example_dags/example_short_circuit_operator.py took 0.037 seconds
[2024-06-24T07:56:01.143+0000] {processor.py:161} INFO - Started process (PID=1509) to work on /home/airflow/.local/lib/python3.12/site-packages/airflow/example_dags/example_short_circuit_operator.py
[2024-06-24T07:56:01.144+0000] {processor.py:830} INFO - Processing file /home/airflow/.local/lib/python3.12/site-packages/airflow/example_dags/example_short_circuit_operator.py for tasks to queue
[2024-06-24T07:56:01.145+0000] {logging_mixin.py:188} INFO - [2024-06-24T07:56:01.145+0000] {dagbag.py:545} INFO - Filling up the DagBag from /home/airflow/.local/lib/python3.12/site-packages/airflow/example_dags/example_short_circuit_operator.py
[2024-06-24T07:56:01.148+0000] {processor.py:840} INFO - DAG(s) 'example_short_circuit_operator' retrieved from /home/airflow/.local/lib/python3.12/site-packages/airflow/example_dags/example_short_circuit_operator.py
[2024-06-24T07:56:01.158+0000] {logging_mixin.py:188} INFO - [2024-06-24T07:56:01.158+0000] {dag.py:3096} INFO - Sync 1 DAGs
[2024-06-24T07:56:01.167+0000] {logging_mixin.py:188} INFO - [2024-06-24T07:56:01.167+0000] {dag.py:3954} INFO - Setting next_dagrun for example_short_circuit_operator to 2024-06-23 00:00:00+00:00, run_after=2024-06-24 00:00:00+00:00
[2024-06-24T07:56:01.174+0000] {processor.py:183} INFO - Processing /home/airflow/.local/lib/python3.12/site-packages/airflow/example_dags/example_short_circuit_operator.py took 0.034 seconds
[2024-06-24T07:56:31.705+0000] {processor.py:161} INFO - Started process (PID=1566) to work on /home/airflow/.local/lib/python3.12/site-packages/airflow/example_dags/example_short_circuit_operator.py
[2024-06-24T07:56:31.709+0000] {processor.py:830} INFO - Processing file /home/airflow/.local/lib/python3.12/site-packages/airflow/example_dags/example_short_circuit_operator.py for tasks to queue
[2024-06-24T07:56:31.711+0000] {logging_mixin.py:188} INFO - [2024-06-24T07:56:31.710+0000] {dagbag.py:545} INFO - Filling up the DagBag from /home/airflow/.local/lib/python3.12/site-packages/airflow/example_dags/example_short_circuit_operator.py
[2024-06-24T07:56:31.714+0000] {processor.py:840} INFO - DAG(s) 'example_short_circuit_operator' retrieved from /home/airflow/.local/lib/python3.12/site-packages/airflow/example_dags/example_short_circuit_operator.py
[2024-06-24T07:56:31.724+0000] {logging_mixin.py:188} INFO - [2024-06-24T07:56:31.724+0000] {dag.py:3096} INFO - Sync 1 DAGs
[2024-06-24T07:56:31.735+0000] {logging_mixin.py:188} INFO - [2024-06-24T07:56:31.735+0000] {dag.py:3954} INFO - Setting next_dagrun for example_short_circuit_operator to 2024-06-23 00:00:00+00:00, run_after=2024-06-24 00:00:00+00:00
[2024-06-24T07:56:31.743+0000] {processor.py:183} INFO - Processing /home/airflow/.local/lib/python3.12/site-packages/airflow/example_dags/example_short_circuit_operator.py took 0.043 seconds
[2024-06-24T07:57:02.699+0000] {processor.py:161} INFO - Started process (PID=1624) to work on /home/airflow/.local/lib/python3.12/site-packages/airflow/example_dags/example_short_circuit_operator.py
[2024-06-24T07:57:02.700+0000] {processor.py:830} INFO - Processing file /home/airflow/.local/lib/python3.12/site-packages/airflow/example_dags/example_short_circuit_operator.py for tasks to queue
[2024-06-24T07:57:02.701+0000] {logging_mixin.py:188} INFO - [2024-06-24T07:57:02.701+0000] {dagbag.py:545} INFO - Filling up the DagBag from /home/airflow/.local/lib/python3.12/site-packages/airflow/example_dags/example_short_circuit_operator.py
[2024-06-24T07:57:02.704+0000] {processor.py:840} INFO - DAG(s) 'example_short_circuit_operator' retrieved from /home/airflow/.local/lib/python3.12/site-packages/airflow/example_dags/example_short_circuit_operator.py
[2024-06-24T07:57:02.713+0000] {logging_mixin.py:188} INFO - [2024-06-24T07:57:02.713+0000] {dag.py:3096} INFO - Sync 1 DAGs
[2024-06-24T07:57:02.721+0000] {logging_mixin.py:188} INFO - [2024-06-24T07:57:02.721+0000] {dag.py:3954} INFO - Setting next_dagrun for example_short_circuit_operator to 2024-06-23 00:00:00+00:00, run_after=2024-06-24 00:00:00+00:00
[2024-06-24T07:57:02.728+0000] {processor.py:183} INFO - Processing /home/airflow/.local/lib/python3.12/site-packages/airflow/example_dags/example_short_circuit_operator.py took 0.031 seconds
[2024-06-24T07:57:34.180+0000] {processor.py:161} INFO - Started process (PID=1682) to work on /home/airflow/.local/lib/python3.12/site-packages/airflow/example_dags/example_short_circuit_operator.py
[2024-06-24T07:57:34.181+0000] {processor.py:830} INFO - Processing file /home/airflow/.local/lib/python3.12/site-packages/airflow/example_dags/example_short_circuit_operator.py for tasks to queue
[2024-06-24T07:57:34.182+0000] {logging_mixin.py:188} INFO - [2024-06-24T07:57:34.181+0000] {dagbag.py:545} INFO - Filling up the DagBag from /home/airflow/.local/lib/python3.12/site-packages/airflow/example_dags/example_short_circuit_operator.py
[2024-06-24T07:57:34.185+0000] {processor.py:840} INFO - DAG(s) 'example_short_circuit_operator' retrieved from /home/airflow/.local/lib/python3.12/site-packages/airflow/example_dags/example_short_circuit_operator.py
[2024-06-24T07:57:34.194+0000] {logging_mixin.py:188} INFO - [2024-06-24T07:57:34.193+0000] {dag.py:3096} INFO - Sync 1 DAGs
[2024-06-24T07:57:34.202+0000] {logging_mixin.py:188} INFO - [2024-06-24T07:57:34.202+0000] {dag.py:3954} INFO - Setting next_dagrun for example_short_circuit_operator to 2024-06-23 00:00:00+00:00, run_after=2024-06-24 00:00:00+00:00
[2024-06-24T07:57:34.209+0000] {processor.py:183} INFO - Processing /home/airflow/.local/lib/python3.12/site-packages/airflow/example_dags/example_short_circuit_operator.py took 0.031 seconds
[2024-06-24T07:58:05.236+0000] {processor.py:161} INFO - Started process (PID=1740) to work on /home/airflow/.local/lib/python3.12/site-packages/airflow/example_dags/example_short_circuit_operator.py
[2024-06-24T07:58:05.237+0000] {processor.py:830} INFO - Processing file /home/airflow/.local/lib/python3.12/site-packages/airflow/example_dags/example_short_circuit_operator.py for tasks to queue
[2024-06-24T07:58:05.238+0000] {logging_mixin.py:188} INFO - [2024-06-24T07:58:05.238+0000] {dagbag.py:545} INFO - Filling up the DagBag from /home/airflow/.local/lib/python3.12/site-packages/airflow/example_dags/example_short_circuit_operator.py
[2024-06-24T07:58:05.241+0000] {processor.py:840} INFO - DAG(s) 'example_short_circuit_operator' retrieved from /home/airflow/.local/lib/python3.12/site-packages/airflow/example_dags/example_short_circuit_operator.py
[2024-06-24T07:58:05.251+0000] {logging_mixin.py:188} INFO - [2024-06-24T07:58:05.251+0000] {dag.py:3096} INFO - Sync 1 DAGs
[2024-06-24T07:58:05.349+0000] {logging_mixin.py:188} INFO - [2024-06-24T07:58:05.349+0000] {dag.py:3954} INFO - Setting next_dagrun for example_short_circuit_operator to 2024-06-23 00:00:00+00:00, run_after=2024-06-24 00:00:00+00:00
[2024-06-24T07:58:05.355+0000] {processor.py:183} INFO - Processing /home/airflow/.local/lib/python3.12/site-packages/airflow/example_dags/example_short_circuit_operator.py took 0.122 seconds
[2024-06-24T07:58:35.898+0000] {processor.py:161} INFO - Started process (PID=1798) to work on /home/airflow/.local/lib/python3.12/site-packages/airflow/example_dags/example_short_circuit_operator.py
[2024-06-24T07:58:35.898+0000] {processor.py:830} INFO - Processing file /home/airflow/.local/lib/python3.12/site-packages/airflow/example_dags/example_short_circuit_operator.py for tasks to queue
[2024-06-24T07:58:35.899+0000] {logging_mixin.py:188} INFO - [2024-06-24T07:58:35.899+0000] {dagbag.py:545} INFO - Filling up the DagBag from /home/airflow/.local/lib/python3.12/site-packages/airflow/example_dags/example_short_circuit_operator.py
[2024-06-24T07:58:35.902+0000] {processor.py:840} INFO - DAG(s) 'example_short_circuit_operator' retrieved from /home/airflow/.local/lib/python3.12/site-packages/airflow/example_dags/example_short_circuit_operator.py
[2024-06-24T07:58:35.912+0000] {logging_mixin.py:188} INFO - [2024-06-24T07:58:35.912+0000] {dag.py:3096} INFO - Sync 1 DAGs
[2024-06-24T07:58:35.996+0000] {logging_mixin.py:188} INFO - [2024-06-24T07:58:35.996+0000] {dag.py:3954} INFO - Setting next_dagrun for example_short_circuit_operator to 2024-06-23 00:00:00+00:00, run_after=2024-06-24 00:00:00+00:00
[2024-06-24T07:58:36.002+0000] {processor.py:183} INFO - Processing /home/airflow/.local/lib/python3.12/site-packages/airflow/example_dags/example_short_circuit_operator.py took 0.107 seconds
[2024-06-24T07:59:06.335+0000] {processor.py:161} INFO - Started process (PID=1856) to work on /home/airflow/.local/lib/python3.12/site-packages/airflow/example_dags/example_short_circuit_operator.py
[2024-06-24T07:59:06.336+0000] {processor.py:830} INFO - Processing file /home/airflow/.local/lib/python3.12/site-packages/airflow/example_dags/example_short_circuit_operator.py for tasks to queue
[2024-06-24T07:59:06.337+0000] {logging_mixin.py:188} INFO - [2024-06-24T07:59:06.337+0000] {dagbag.py:545} INFO - Filling up the DagBag from /home/airflow/.local/lib/python3.12/site-packages/airflow/example_dags/example_short_circuit_operator.py
[2024-06-24T07:59:06.340+0000] {processor.py:840} INFO - DAG(s) 'example_short_circuit_operator' retrieved from /home/airflow/.local/lib/python3.12/site-packages/airflow/example_dags/example_short_circuit_operator.py
[2024-06-24T07:59:06.350+0000] {logging_mixin.py:188} INFO - [2024-06-24T07:59:06.350+0000] {dag.py:3096} INFO - Sync 1 DAGs
[2024-06-24T07:59:06.440+0000] {logging_mixin.py:188} INFO - [2024-06-24T07:59:06.440+0000] {dag.py:3954} INFO - Setting next_dagrun for example_short_circuit_operator to 2024-06-23 00:00:00+00:00, run_after=2024-06-24 00:00:00+00:00
[2024-06-24T07:59:06.446+0000] {processor.py:183} INFO - Processing /home/airflow/.local/lib/python3.12/site-packages/airflow/example_dags/example_short_circuit_operator.py took 0.113 seconds
