[2024-06-24T07:43:19.964+0000] {processor.py:161} INFO - Started process (PID=69) to work on /home/airflow/.local/lib/python3.12/site-packages/airflow/example_dags/example_sensors.py
[2024-06-24T07:43:19.964+0000] {processor.py:830} INFO - Processing file /home/airflow/.local/lib/python3.12/site-packages/airflow/example_dags/example_sensors.py for tasks to queue
[2024-06-24T07:43:19.965+0000] {logging_mixin.py:188} INFO - [2024-06-24T07:43:19.965+0000] {dagbag.py:545} INFO - Filling up the DagBag from /home/airflow/.local/lib/python3.12/site-packages/airflow/example_dags/example_sensors.py
[2024-06-24T07:43:19.970+0000] {processor.py:840} INFO - DAG(s) 'example_sensors' retrieved from /home/airflow/.local/lib/python3.12/site-packages/airflow/example_dags/example_sensors.py
[2024-06-24T07:43:19.985+0000] {logging_mixin.py:188} INFO - [2024-06-24T07:43:19.985+0000] {dag.py:3096} INFO - Sync 1 DAGs
[2024-06-24T07:43:19.993+0000] {logging_mixin.py:188} INFO - [2024-06-24T07:43:19.993+0000] {dag.py:3954} INFO - Setting next_dagrun for example_sensors to None, run_after=None
[2024-06-24T07:43:20.005+0000] {processor.py:183} INFO - Processing /home/airflow/.local/lib/python3.12/site-packages/airflow/example_dags/example_sensors.py took 0.045 seconds
[2024-06-24T07:43:50.480+0000] {processor.py:161} INFO - Started process (PID=127) to work on /home/airflow/.local/lib/python3.12/site-packages/airflow/example_dags/example_sensors.py
[2024-06-24T07:43:50.480+0000] {processor.py:830} INFO - Processing file /home/airflow/.local/lib/python3.12/site-packages/airflow/example_dags/example_sensors.py for tasks to queue
[2024-06-24T07:43:50.481+0000] {logging_mixin.py:188} INFO - [2024-06-24T07:43:50.481+0000] {dagbag.py:545} INFO - Filling up the DagBag from /home/airflow/.local/lib/python3.12/site-packages/airflow/example_dags/example_sensors.py
[2024-06-24T07:43:50.485+0000] {processor.py:840} INFO - DAG(s) 'example_sensors' retrieved from /home/airflow/.local/lib/python3.12/site-packages/airflow/example_dags/example_sensors.py
[2024-06-24T07:43:50.496+0000] {logging_mixin.py:188} INFO - [2024-06-24T07:43:50.496+0000] {dag.py:3096} INFO - Sync 1 DAGs
[2024-06-24T07:43:50.501+0000] {logging_mixin.py:188} INFO - [2024-06-24T07:43:50.501+0000] {dag.py:3954} INFO - Setting next_dagrun for example_sensors to None, run_after=None
[2024-06-24T07:43:50.508+0000] {processor.py:183} INFO - Processing /home/airflow/.local/lib/python3.12/site-packages/airflow/example_dags/example_sensors.py took 0.031 seconds
[2024-06-24T07:44:20.903+0000] {processor.py:161} INFO - Started process (PID=185) to work on /home/airflow/.local/lib/python3.12/site-packages/airflow/example_dags/example_sensors.py
[2024-06-24T07:44:20.903+0000] {processor.py:830} INFO - Processing file /home/airflow/.local/lib/python3.12/site-packages/airflow/example_dags/example_sensors.py for tasks to queue
[2024-06-24T07:44:20.904+0000] {logging_mixin.py:188} INFO - [2024-06-24T07:44:20.904+0000] {dagbag.py:545} INFO - Filling up the DagBag from /home/airflow/.local/lib/python3.12/site-packages/airflow/example_dags/example_sensors.py
[2024-06-24T07:44:20.907+0000] {processor.py:840} INFO - DAG(s) 'example_sensors' retrieved from /home/airflow/.local/lib/python3.12/site-packages/airflow/example_dags/example_sensors.py
[2024-06-24T07:44:20.917+0000] {logging_mixin.py:188} INFO - [2024-06-24T07:44:20.917+0000] {dag.py:3096} INFO - Sync 1 DAGs
[2024-06-24T07:44:20.922+0000] {logging_mixin.py:188} INFO - [2024-06-24T07:44:20.922+0000] {dag.py:3954} INFO - Setting next_dagrun for example_sensors to None, run_after=None
[2024-06-24T07:44:20.929+0000] {processor.py:183} INFO - Processing /home/airflow/.local/lib/python3.12/site-packages/airflow/example_dags/example_sensors.py took 0.030 seconds
[2024-06-24T07:44:51.335+0000] {processor.py:161} INFO - Started process (PID=243) to work on /home/airflow/.local/lib/python3.12/site-packages/airflow/example_dags/example_sensors.py
[2024-06-24T07:44:51.335+0000] {processor.py:830} INFO - Processing file /home/airflow/.local/lib/python3.12/site-packages/airflow/example_dags/example_sensors.py for tasks to queue
[2024-06-24T07:44:51.336+0000] {logging_mixin.py:188} INFO - [2024-06-24T07:44:51.336+0000] {dagbag.py:545} INFO - Filling up the DagBag from /home/airflow/.local/lib/python3.12/site-packages/airflow/example_dags/example_sensors.py
[2024-06-24T07:44:51.340+0000] {processor.py:840} INFO - DAG(s) 'example_sensors' retrieved from /home/airflow/.local/lib/python3.12/site-packages/airflow/example_dags/example_sensors.py
[2024-06-24T07:44:51.350+0000] {logging_mixin.py:188} INFO - [2024-06-24T07:44:51.350+0000] {dag.py:3096} INFO - Sync 1 DAGs
[2024-06-24T07:44:51.355+0000] {logging_mixin.py:188} INFO - [2024-06-24T07:44:51.355+0000] {dag.py:3954} INFO - Setting next_dagrun for example_sensors to None, run_after=None
[2024-06-24T07:44:51.363+0000] {processor.py:183} INFO - Processing /home/airflow/.local/lib/python3.12/site-packages/airflow/example_dags/example_sensors.py took 0.030 seconds
[2024-06-24T07:45:21.788+0000] {processor.py:161} INFO - Started process (PID=301) to work on /home/airflow/.local/lib/python3.12/site-packages/airflow/example_dags/example_sensors.py
[2024-06-24T07:45:21.788+0000] {processor.py:830} INFO - Processing file /home/airflow/.local/lib/python3.12/site-packages/airflow/example_dags/example_sensors.py for tasks to queue
[2024-06-24T07:45:21.789+0000] {logging_mixin.py:188} INFO - [2024-06-24T07:45:21.789+0000] {dagbag.py:545} INFO - Filling up the DagBag from /home/airflow/.local/lib/python3.12/site-packages/airflow/example_dags/example_sensors.py
[2024-06-24T07:45:21.793+0000] {processor.py:840} INFO - DAG(s) 'example_sensors' retrieved from /home/airflow/.local/lib/python3.12/site-packages/airflow/example_dags/example_sensors.py
[2024-06-24T07:45:21.805+0000] {logging_mixin.py:188} INFO - [2024-06-24T07:45:21.805+0000] {dag.py:3096} INFO - Sync 1 DAGs
[2024-06-24T07:45:21.810+0000] {logging_mixin.py:188} INFO - [2024-06-24T07:45:21.810+0000] {dag.py:3954} INFO - Setting next_dagrun for example_sensors to None, run_after=None
[2024-06-24T07:45:21.817+0000] {processor.py:183} INFO - Processing /home/airflow/.local/lib/python3.12/site-packages/airflow/example_dags/example_sensors.py took 0.032 seconds
[2024-06-24T07:45:52.191+0000] {processor.py:161} INFO - Started process (PID=358) to work on /home/airflow/.local/lib/python3.12/site-packages/airflow/example_dags/example_sensors.py
[2024-06-24T07:45:52.192+0000] {processor.py:830} INFO - Processing file /home/airflow/.local/lib/python3.12/site-packages/airflow/example_dags/example_sensors.py for tasks to queue
[2024-06-24T07:45:52.193+0000] {logging_mixin.py:188} INFO - [2024-06-24T07:45:52.192+0000] {dagbag.py:545} INFO - Filling up the DagBag from /home/airflow/.local/lib/python3.12/site-packages/airflow/example_dags/example_sensors.py
[2024-06-24T07:45:52.196+0000] {processor.py:840} INFO - DAG(s) 'example_sensors' retrieved from /home/airflow/.local/lib/python3.12/site-packages/airflow/example_dags/example_sensors.py
[2024-06-24T07:45:52.205+0000] {logging_mixin.py:188} INFO - [2024-06-24T07:45:52.205+0000] {dag.py:3096} INFO - Sync 1 DAGs
[2024-06-24T07:45:52.210+0000] {logging_mixin.py:188} INFO - [2024-06-24T07:45:52.210+0000] {dag.py:3954} INFO - Setting next_dagrun for example_sensors to None, run_after=None
[2024-06-24T07:45:52.217+0000] {processor.py:183} INFO - Processing /home/airflow/.local/lib/python3.12/site-packages/airflow/example_dags/example_sensors.py took 0.028 seconds
[2024-06-24T07:46:22.495+0000] {processor.py:161} INFO - Started process (PID=416) to work on /home/airflow/.local/lib/python3.12/site-packages/airflow/example_dags/example_sensors.py
[2024-06-24T07:46:22.496+0000] {processor.py:830} INFO - Processing file /home/airflow/.local/lib/python3.12/site-packages/airflow/example_dags/example_sensors.py for tasks to queue
[2024-06-24T07:46:22.497+0000] {logging_mixin.py:188} INFO - [2024-06-24T07:46:22.496+0000] {dagbag.py:545} INFO - Filling up the DagBag from /home/airflow/.local/lib/python3.12/site-packages/airflow/example_dags/example_sensors.py
[2024-06-24T07:46:22.500+0000] {processor.py:840} INFO - DAG(s) 'example_sensors' retrieved from /home/airflow/.local/lib/python3.12/site-packages/airflow/example_dags/example_sensors.py
[2024-06-24T07:46:22.509+0000] {logging_mixin.py:188} INFO - [2024-06-24T07:46:22.509+0000] {dag.py:3096} INFO - Sync 1 DAGs
[2024-06-24T07:46:22.513+0000] {logging_mixin.py:188} INFO - [2024-06-24T07:46:22.513+0000] {dag.py:3954} INFO - Setting next_dagrun for example_sensors to None, run_after=None
[2024-06-24T07:46:22.520+0000] {processor.py:183} INFO - Processing /home/airflow/.local/lib/python3.12/site-packages/airflow/example_dags/example_sensors.py took 0.026 seconds
[2024-06-24T07:46:52.901+0000] {processor.py:161} INFO - Started process (PID=473) to work on /home/airflow/.local/lib/python3.12/site-packages/airflow/example_dags/example_sensors.py
[2024-06-24T07:46:52.902+0000] {processor.py:830} INFO - Processing file /home/airflow/.local/lib/python3.12/site-packages/airflow/example_dags/example_sensors.py for tasks to queue
[2024-06-24T07:46:52.903+0000] {logging_mixin.py:188} INFO - [2024-06-24T07:46:52.903+0000] {dagbag.py:545} INFO - Filling up the DagBag from /home/airflow/.local/lib/python3.12/site-packages/airflow/example_dags/example_sensors.py
[2024-06-24T07:46:52.907+0000] {processor.py:840} INFO - DAG(s) 'example_sensors' retrieved from /home/airflow/.local/lib/python3.12/site-packages/airflow/example_dags/example_sensors.py
[2024-06-24T07:46:52.916+0000] {logging_mixin.py:188} INFO - [2024-06-24T07:46:52.916+0000] {dag.py:3096} INFO - Sync 1 DAGs
[2024-06-24T07:46:52.921+0000] {logging_mixin.py:188} INFO - [2024-06-24T07:46:52.921+0000] {dag.py:3954} INFO - Setting next_dagrun for example_sensors to None, run_after=None
[2024-06-24T07:46:52.928+0000] {processor.py:183} INFO - Processing /home/airflow/.local/lib/python3.12/site-packages/airflow/example_dags/example_sensors.py took 0.029 seconds
[2024-06-24T07:47:23.236+0000] {processor.py:161} INFO - Started process (PID=531) to work on /home/airflow/.local/lib/python3.12/site-packages/airflow/example_dags/example_sensors.py
[2024-06-24T07:47:23.237+0000] {processor.py:830} INFO - Processing file /home/airflow/.local/lib/python3.12/site-packages/airflow/example_dags/example_sensors.py for tasks to queue
[2024-06-24T07:47:23.238+0000] {logging_mixin.py:188} INFO - [2024-06-24T07:47:23.238+0000] {dagbag.py:545} INFO - Filling up the DagBag from /home/airflow/.local/lib/python3.12/site-packages/airflow/example_dags/example_sensors.py
[2024-06-24T07:47:23.242+0000] {processor.py:840} INFO - DAG(s) 'example_sensors' retrieved from /home/airflow/.local/lib/python3.12/site-packages/airflow/example_dags/example_sensors.py
[2024-06-24T07:47:23.252+0000] {logging_mixin.py:188} INFO - [2024-06-24T07:47:23.252+0000] {dag.py:3096} INFO - Sync 1 DAGs
[2024-06-24T07:47:23.257+0000] {logging_mixin.py:188} INFO - [2024-06-24T07:47:23.257+0000] {dag.py:3954} INFO - Setting next_dagrun for example_sensors to None, run_after=None
[2024-06-24T07:47:23.264+0000] {processor.py:183} INFO - Processing /home/airflow/.local/lib/python3.12/site-packages/airflow/example_dags/example_sensors.py took 0.031 seconds
[2024-06-24T07:47:53.649+0000] {processor.py:161} INFO - Started process (PID=588) to work on /home/airflow/.local/lib/python3.12/site-packages/airflow/example_dags/example_sensors.py
[2024-06-24T07:47:53.649+0000] {processor.py:830} INFO - Processing file /home/airflow/.local/lib/python3.12/site-packages/airflow/example_dags/example_sensors.py for tasks to queue
[2024-06-24T07:47:53.650+0000] {logging_mixin.py:188} INFO - [2024-06-24T07:47:53.650+0000] {dagbag.py:545} INFO - Filling up the DagBag from /home/airflow/.local/lib/python3.12/site-packages/airflow/example_dags/example_sensors.py
[2024-06-24T07:47:53.653+0000] {processor.py:840} INFO - DAG(s) 'example_sensors' retrieved from /home/airflow/.local/lib/python3.12/site-packages/airflow/example_dags/example_sensors.py
[2024-06-24T07:47:53.663+0000] {logging_mixin.py:188} INFO - [2024-06-24T07:47:53.662+0000] {dag.py:3096} INFO - Sync 1 DAGs
[2024-06-24T07:47:53.667+0000] {logging_mixin.py:188} INFO - [2024-06-24T07:47:53.667+0000] {dag.py:3954} INFO - Setting next_dagrun for example_sensors to None, run_after=None
[2024-06-24T07:47:53.673+0000] {processor.py:183} INFO - Processing /home/airflow/.local/lib/python3.12/site-packages/airflow/example_dags/example_sensors.py took 0.027 seconds
[2024-06-24T07:48:24.116+0000] {processor.py:161} INFO - Started process (PID=646) to work on /home/airflow/.local/lib/python3.12/site-packages/airflow/example_dags/example_sensors.py
[2024-06-24T07:48:24.117+0000] {processor.py:830} INFO - Processing file /home/airflow/.local/lib/python3.12/site-packages/airflow/example_dags/example_sensors.py for tasks to queue
[2024-06-24T07:48:24.118+0000] {logging_mixin.py:188} INFO - [2024-06-24T07:48:24.118+0000] {dagbag.py:545} INFO - Filling up the DagBag from /home/airflow/.local/lib/python3.12/site-packages/airflow/example_dags/example_sensors.py
[2024-06-24T07:48:24.122+0000] {processor.py:840} INFO - DAG(s) 'example_sensors' retrieved from /home/airflow/.local/lib/python3.12/site-packages/airflow/example_dags/example_sensors.py
[2024-06-24T07:48:24.132+0000] {logging_mixin.py:188} INFO - [2024-06-24T07:48:24.132+0000] {dag.py:3096} INFO - Sync 1 DAGs
[2024-06-24T07:48:24.137+0000] {logging_mixin.py:188} INFO - [2024-06-24T07:48:24.137+0000] {dag.py:3954} INFO - Setting next_dagrun for example_sensors to None, run_after=None
[2024-06-24T07:48:24.143+0000] {processor.py:183} INFO - Processing /home/airflow/.local/lib/python3.12/site-packages/airflow/example_dags/example_sensors.py took 0.030 seconds
[2024-06-24T07:48:54.601+0000] {processor.py:161} INFO - Started process (PID=704) to work on /home/airflow/.local/lib/python3.12/site-packages/airflow/example_dags/example_sensors.py
[2024-06-24T07:48:54.601+0000] {processor.py:830} INFO - Processing file /home/airflow/.local/lib/python3.12/site-packages/airflow/example_dags/example_sensors.py for tasks to queue
[2024-06-24T07:48:54.603+0000] {logging_mixin.py:188} INFO - [2024-06-24T07:48:54.603+0000] {dagbag.py:545} INFO - Filling up the DagBag from /home/airflow/.local/lib/python3.12/site-packages/airflow/example_dags/example_sensors.py
[2024-06-24T07:48:54.608+0000] {processor.py:840} INFO - DAG(s) 'example_sensors' retrieved from /home/airflow/.local/lib/python3.12/site-packages/airflow/example_dags/example_sensors.py
[2024-06-24T07:48:54.621+0000] {logging_mixin.py:188} INFO - [2024-06-24T07:48:54.621+0000] {dag.py:3096} INFO - Sync 1 DAGs
[2024-06-24T07:48:54.626+0000] {logging_mixin.py:188} INFO - [2024-06-24T07:48:54.626+0000] {dag.py:3954} INFO - Setting next_dagrun for example_sensors to None, run_after=None
[2024-06-24T07:48:54.635+0000] {processor.py:183} INFO - Processing /home/airflow/.local/lib/python3.12/site-packages/airflow/example_dags/example_sensors.py took 0.038 seconds
[2024-06-24T07:49:25.094+0000] {processor.py:161} INFO - Started process (PID=761) to work on /home/airflow/.local/lib/python3.12/site-packages/airflow/example_dags/example_sensors.py
[2024-06-24T07:49:25.095+0000] {processor.py:830} INFO - Processing file /home/airflow/.local/lib/python3.12/site-packages/airflow/example_dags/example_sensors.py for tasks to queue
[2024-06-24T07:49:25.099+0000] {logging_mixin.py:188} INFO - [2024-06-24T07:49:25.099+0000] {dagbag.py:545} INFO - Filling up the DagBag from /home/airflow/.local/lib/python3.12/site-packages/airflow/example_dags/example_sensors.py
[2024-06-24T07:49:25.104+0000] {processor.py:840} INFO - DAG(s) 'example_sensors' retrieved from /home/airflow/.local/lib/python3.12/site-packages/airflow/example_dags/example_sensors.py
[2024-06-24T07:49:25.114+0000] {logging_mixin.py:188} INFO - [2024-06-24T07:49:25.114+0000] {dag.py:3096} INFO - Sync 1 DAGs
[2024-06-24T07:49:25.120+0000] {logging_mixin.py:188} INFO - [2024-06-24T07:49:25.120+0000] {dag.py:3954} INFO - Setting next_dagrun for example_sensors to None, run_after=None
[2024-06-24T07:49:25.127+0000] {processor.py:183} INFO - Processing /home/airflow/.local/lib/python3.12/site-packages/airflow/example_dags/example_sensors.py took 0.036 seconds
[2024-06-24T07:49:55.519+0000] {processor.py:161} INFO - Started process (PID=819) to work on /home/airflow/.local/lib/python3.12/site-packages/airflow/example_dags/example_sensors.py
[2024-06-24T07:49:55.519+0000] {processor.py:830} INFO - Processing file /home/airflow/.local/lib/python3.12/site-packages/airflow/example_dags/example_sensors.py for tasks to queue
[2024-06-24T07:49:55.520+0000] {logging_mixin.py:188} INFO - [2024-06-24T07:49:55.520+0000] {dagbag.py:545} INFO - Filling up the DagBag from /home/airflow/.local/lib/python3.12/site-packages/airflow/example_dags/example_sensors.py
[2024-06-24T07:49:55.524+0000] {processor.py:840} INFO - DAG(s) 'example_sensors' retrieved from /home/airflow/.local/lib/python3.12/site-packages/airflow/example_dags/example_sensors.py
[2024-06-24T07:49:55.534+0000] {logging_mixin.py:188} INFO - [2024-06-24T07:49:55.534+0000] {dag.py:3096} INFO - Sync 1 DAGs
[2024-06-24T07:49:55.539+0000] {logging_mixin.py:188} INFO - [2024-06-24T07:49:55.539+0000] {dag.py:3954} INFO - Setting next_dagrun for example_sensors to None, run_after=None
[2024-06-24T07:49:55.546+0000] {processor.py:183} INFO - Processing /home/airflow/.local/lib/python3.12/site-packages/airflow/example_dags/example_sensors.py took 0.030 seconds
[2024-06-24T07:50:25.940+0000] {processor.py:161} INFO - Started process (PID=877) to work on /home/airflow/.local/lib/python3.12/site-packages/airflow/example_dags/example_sensors.py
[2024-06-24T07:50:25.942+0000] {processor.py:830} INFO - Processing file /home/airflow/.local/lib/python3.12/site-packages/airflow/example_dags/example_sensors.py for tasks to queue
[2024-06-24T07:50:25.943+0000] {logging_mixin.py:188} INFO - [2024-06-24T07:50:25.942+0000] {dagbag.py:545} INFO - Filling up the DagBag from /home/airflow/.local/lib/python3.12/site-packages/airflow/example_dags/example_sensors.py
[2024-06-24T07:50:25.947+0000] {processor.py:840} INFO - DAG(s) 'example_sensors' retrieved from /home/airflow/.local/lib/python3.12/site-packages/airflow/example_dags/example_sensors.py
[2024-06-24T07:50:25.957+0000] {logging_mixin.py:188} INFO - [2024-06-24T07:50:25.956+0000] {dag.py:3096} INFO - Sync 1 DAGs
[2024-06-24T07:50:25.961+0000] {logging_mixin.py:188} INFO - [2024-06-24T07:50:25.961+0000] {dag.py:3954} INFO - Setting next_dagrun for example_sensors to None, run_after=None
[2024-06-24T07:50:25.968+0000] {processor.py:183} INFO - Processing /home/airflow/.local/lib/python3.12/site-packages/airflow/example_dags/example_sensors.py took 0.030 seconds
[2024-06-24T07:50:56.532+0000] {processor.py:161} INFO - Started process (PID=935) to work on /home/airflow/.local/lib/python3.12/site-packages/airflow/example_dags/example_sensors.py
[2024-06-24T07:50:56.533+0000] {processor.py:830} INFO - Processing file /home/airflow/.local/lib/python3.12/site-packages/airflow/example_dags/example_sensors.py for tasks to queue
[2024-06-24T07:50:56.534+0000] {logging_mixin.py:188} INFO - [2024-06-24T07:50:56.534+0000] {dagbag.py:545} INFO - Filling up the DagBag from /home/airflow/.local/lib/python3.12/site-packages/airflow/example_dags/example_sensors.py
[2024-06-24T07:50:56.538+0000] {processor.py:840} INFO - DAG(s) 'example_sensors' retrieved from /home/airflow/.local/lib/python3.12/site-packages/airflow/example_dags/example_sensors.py
[2024-06-24T07:50:56.548+0000] {logging_mixin.py:188} INFO - [2024-06-24T07:50:56.548+0000] {dag.py:3096} INFO - Sync 1 DAGs
[2024-06-24T07:50:56.553+0000] {logging_mixin.py:188} INFO - [2024-06-24T07:50:56.553+0000] {dag.py:3954} INFO - Setting next_dagrun for example_sensors to None, run_after=None
[2024-06-24T07:50:56.560+0000] {processor.py:183} INFO - Processing /home/airflow/.local/lib/python3.12/site-packages/airflow/example_dags/example_sensors.py took 0.030 seconds
[2024-06-24T07:51:26.868+0000] {processor.py:161} INFO - Started process (PID=992) to work on /home/airflow/.local/lib/python3.12/site-packages/airflow/example_dags/example_sensors.py
[2024-06-24T07:51:26.868+0000] {processor.py:830} INFO - Processing file /home/airflow/.local/lib/python3.12/site-packages/airflow/example_dags/example_sensors.py for tasks to queue
[2024-06-24T07:51:26.869+0000] {logging_mixin.py:188} INFO - [2024-06-24T07:51:26.869+0000] {dagbag.py:545} INFO - Filling up the DagBag from /home/airflow/.local/lib/python3.12/site-packages/airflow/example_dags/example_sensors.py
[2024-06-24T07:51:26.873+0000] {processor.py:840} INFO - DAG(s) 'example_sensors' retrieved from /home/airflow/.local/lib/python3.12/site-packages/airflow/example_dags/example_sensors.py
[2024-06-24T07:51:26.884+0000] {logging_mixin.py:188} INFO - [2024-06-24T07:51:26.884+0000] {dag.py:3096} INFO - Sync 1 DAGs
[2024-06-24T07:51:26.889+0000] {logging_mixin.py:188} INFO - [2024-06-24T07:51:26.889+0000] {dag.py:3954} INFO - Setting next_dagrun for example_sensors to None, run_after=None
[2024-06-24T07:51:26.896+0000] {processor.py:183} INFO - Processing /home/airflow/.local/lib/python3.12/site-packages/airflow/example_dags/example_sensors.py took 0.031 seconds
[2024-06-24T07:51:57.306+0000] {processor.py:161} INFO - Started process (PID=1050) to work on /home/airflow/.local/lib/python3.12/site-packages/airflow/example_dags/example_sensors.py
[2024-06-24T07:51:57.306+0000] {processor.py:830} INFO - Processing file /home/airflow/.local/lib/python3.12/site-packages/airflow/example_dags/example_sensors.py for tasks to queue
[2024-06-24T07:51:57.307+0000] {logging_mixin.py:188} INFO - [2024-06-24T07:51:57.307+0000] {dagbag.py:545} INFO - Filling up the DagBag from /home/airflow/.local/lib/python3.12/site-packages/airflow/example_dags/example_sensors.py
[2024-06-24T07:51:57.311+0000] {processor.py:840} INFO - DAG(s) 'example_sensors' retrieved from /home/airflow/.local/lib/python3.12/site-packages/airflow/example_dags/example_sensors.py
[2024-06-24T07:51:57.321+0000] {logging_mixin.py:188} INFO - [2024-06-24T07:51:57.320+0000] {dag.py:3096} INFO - Sync 1 DAGs
[2024-06-24T07:51:57.325+0000] {logging_mixin.py:188} INFO - [2024-06-24T07:51:57.325+0000] {dag.py:3954} INFO - Setting next_dagrun for example_sensors to None, run_after=None
[2024-06-24T07:51:57.332+0000] {processor.py:183} INFO - Processing /home/airflow/.local/lib/python3.12/site-packages/airflow/example_dags/example_sensors.py took 0.029 seconds
[2024-06-24T07:52:27.733+0000] {processor.py:161} INFO - Started process (PID=1108) to work on /home/airflow/.local/lib/python3.12/site-packages/airflow/example_dags/example_sensors.py
[2024-06-24T07:52:27.733+0000] {processor.py:830} INFO - Processing file /home/airflow/.local/lib/python3.12/site-packages/airflow/example_dags/example_sensors.py for tasks to queue
[2024-06-24T07:52:27.734+0000] {logging_mixin.py:188} INFO - [2024-06-24T07:52:27.734+0000] {dagbag.py:545} INFO - Filling up the DagBag from /home/airflow/.local/lib/python3.12/site-packages/airflow/example_dags/example_sensors.py
[2024-06-24T07:52:27.738+0000] {processor.py:840} INFO - DAG(s) 'example_sensors' retrieved from /home/airflow/.local/lib/python3.12/site-packages/airflow/example_dags/example_sensors.py
[2024-06-24T07:52:27.748+0000] {logging_mixin.py:188} INFO - [2024-06-24T07:52:27.748+0000] {dag.py:3096} INFO - Sync 1 DAGs
[2024-06-24T07:52:27.753+0000] {logging_mixin.py:188} INFO - [2024-06-24T07:52:27.753+0000] {dag.py:3954} INFO - Setting next_dagrun for example_sensors to None, run_after=None
[2024-06-24T07:52:27.760+0000] {processor.py:183} INFO - Processing /home/airflow/.local/lib/python3.12/site-packages/airflow/example_dags/example_sensors.py took 0.030 seconds
[2024-06-24T07:52:58.150+0000] {processor.py:161} INFO - Started process (PID=1165) to work on /home/airflow/.local/lib/python3.12/site-packages/airflow/example_dags/example_sensors.py
[2024-06-24T07:52:58.151+0000] {processor.py:830} INFO - Processing file /home/airflow/.local/lib/python3.12/site-packages/airflow/example_dags/example_sensors.py for tasks to queue
[2024-06-24T07:52:58.152+0000] {logging_mixin.py:188} INFO - [2024-06-24T07:52:58.152+0000] {dagbag.py:545} INFO - Filling up the DagBag from /home/airflow/.local/lib/python3.12/site-packages/airflow/example_dags/example_sensors.py
[2024-06-24T07:52:58.156+0000] {processor.py:840} INFO - DAG(s) 'example_sensors' retrieved from /home/airflow/.local/lib/python3.12/site-packages/airflow/example_dags/example_sensors.py
[2024-06-24T07:52:58.166+0000] {logging_mixin.py:188} INFO - [2024-06-24T07:52:58.166+0000] {dag.py:3096} INFO - Sync 1 DAGs
[2024-06-24T07:52:58.171+0000] {logging_mixin.py:188} INFO - [2024-06-24T07:52:58.171+0000] {dag.py:3954} INFO - Setting next_dagrun for example_sensors to None, run_after=None
[2024-06-24T07:52:58.178+0000] {processor.py:183} INFO - Processing /home/airflow/.local/lib/python3.12/site-packages/airflow/example_dags/example_sensors.py took 0.031 seconds
[2024-06-24T07:53:28.614+0000] {processor.py:161} INFO - Started process (PID=1223) to work on /home/airflow/.local/lib/python3.12/site-packages/airflow/example_dags/example_sensors.py
[2024-06-24T07:53:28.614+0000] {processor.py:830} INFO - Processing file /home/airflow/.local/lib/python3.12/site-packages/airflow/example_dags/example_sensors.py for tasks to queue
[2024-06-24T07:53:28.615+0000] {logging_mixin.py:188} INFO - [2024-06-24T07:53:28.615+0000] {dagbag.py:545} INFO - Filling up the DagBag from /home/airflow/.local/lib/python3.12/site-packages/airflow/example_dags/example_sensors.py
[2024-06-24T07:53:28.619+0000] {processor.py:840} INFO - DAG(s) 'example_sensors' retrieved from /home/airflow/.local/lib/python3.12/site-packages/airflow/example_dags/example_sensors.py
[2024-06-24T07:53:28.629+0000] {logging_mixin.py:188} INFO - [2024-06-24T07:53:28.629+0000] {dag.py:3096} INFO - Sync 1 DAGs
[2024-06-24T07:53:28.634+0000] {logging_mixin.py:188} INFO - [2024-06-24T07:53:28.634+0000] {dag.py:3954} INFO - Setting next_dagrun for example_sensors to None, run_after=None
[2024-06-24T07:53:28.641+0000] {processor.py:183} INFO - Processing /home/airflow/.local/lib/python3.12/site-packages/airflow/example_dags/example_sensors.py took 0.029 seconds
[2024-06-24T07:53:59.069+0000] {processor.py:161} INFO - Started process (PID=1281) to work on /home/airflow/.local/lib/python3.12/site-packages/airflow/example_dags/example_sensors.py
[2024-06-24T07:53:59.071+0000] {processor.py:830} INFO - Processing file /home/airflow/.local/lib/python3.12/site-packages/airflow/example_dags/example_sensors.py for tasks to queue
[2024-06-24T07:53:59.072+0000] {logging_mixin.py:188} INFO - [2024-06-24T07:53:59.072+0000] {dagbag.py:545} INFO - Filling up the DagBag from /home/airflow/.local/lib/python3.12/site-packages/airflow/example_dags/example_sensors.py
[2024-06-24T07:53:59.077+0000] {processor.py:840} INFO - DAG(s) 'example_sensors' retrieved from /home/airflow/.local/lib/python3.12/site-packages/airflow/example_dags/example_sensors.py
[2024-06-24T07:53:59.088+0000] {logging_mixin.py:188} INFO - [2024-06-24T07:53:59.088+0000] {dag.py:3096} INFO - Sync 1 DAGs
[2024-06-24T07:53:59.093+0000] {logging_mixin.py:188} INFO - [2024-06-24T07:53:59.093+0000] {dag.py:3954} INFO - Setting next_dagrun for example_sensors to None, run_after=None
[2024-06-24T07:53:59.100+0000] {processor.py:183} INFO - Processing /home/airflow/.local/lib/python3.12/site-packages/airflow/example_dags/example_sensors.py took 0.034 seconds
[2024-06-24T07:54:29.496+0000] {processor.py:161} INFO - Started process (PID=1339) to work on /home/airflow/.local/lib/python3.12/site-packages/airflow/example_dags/example_sensors.py
[2024-06-24T07:54:29.496+0000] {processor.py:830} INFO - Processing file /home/airflow/.local/lib/python3.12/site-packages/airflow/example_dags/example_sensors.py for tasks to queue
[2024-06-24T07:54:29.497+0000] {logging_mixin.py:188} INFO - [2024-06-24T07:54:29.497+0000] {dagbag.py:545} INFO - Filling up the DagBag from /home/airflow/.local/lib/python3.12/site-packages/airflow/example_dags/example_sensors.py
[2024-06-24T07:54:29.501+0000] {processor.py:840} INFO - DAG(s) 'example_sensors' retrieved from /home/airflow/.local/lib/python3.12/site-packages/airflow/example_dags/example_sensors.py
[2024-06-24T07:54:29.512+0000] {logging_mixin.py:188} INFO - [2024-06-24T07:54:29.511+0000] {dag.py:3096} INFO - Sync 1 DAGs
[2024-06-24T07:54:29.517+0000] {logging_mixin.py:188} INFO - [2024-06-24T07:54:29.516+0000] {dag.py:3954} INFO - Setting next_dagrun for example_sensors to None, run_after=None
[2024-06-24T07:54:29.523+0000] {processor.py:183} INFO - Processing /home/airflow/.local/lib/python3.12/site-packages/airflow/example_dags/example_sensors.py took 0.030 seconds
[2024-06-24T07:55:00.017+0000] {processor.py:161} INFO - Started process (PID=1396) to work on /home/airflow/.local/lib/python3.12/site-packages/airflow/example_dags/example_sensors.py
[2024-06-24T07:55:00.018+0000] {processor.py:830} INFO - Processing file /home/airflow/.local/lib/python3.12/site-packages/airflow/example_dags/example_sensors.py for tasks to queue
[2024-06-24T07:55:00.019+0000] {logging_mixin.py:188} INFO - [2024-06-24T07:55:00.019+0000] {dagbag.py:545} INFO - Filling up the DagBag from /home/airflow/.local/lib/python3.12/site-packages/airflow/example_dags/example_sensors.py
[2024-06-24T07:55:00.023+0000] {processor.py:840} INFO - DAG(s) 'example_sensors' retrieved from /home/airflow/.local/lib/python3.12/site-packages/airflow/example_dags/example_sensors.py
[2024-06-24T07:55:00.033+0000] {logging_mixin.py:188} INFO - [2024-06-24T07:55:00.032+0000] {dag.py:3096} INFO - Sync 1 DAGs
[2024-06-24T07:55:00.037+0000] {logging_mixin.py:188} INFO - [2024-06-24T07:55:00.037+0000] {dag.py:3954} INFO - Setting next_dagrun for example_sensors to None, run_after=None
[2024-06-24T07:55:00.044+0000] {processor.py:183} INFO - Processing /home/airflow/.local/lib/python3.12/site-packages/airflow/example_dags/example_sensors.py took 0.029 seconds
[2024-06-24T07:55:30.645+0000] {processor.py:161} INFO - Started process (PID=1454) to work on /home/airflow/.local/lib/python3.12/site-packages/airflow/example_dags/example_sensors.py
[2024-06-24T07:55:30.646+0000] {processor.py:830} INFO - Processing file /home/airflow/.local/lib/python3.12/site-packages/airflow/example_dags/example_sensors.py for tasks to queue
[2024-06-24T07:55:30.647+0000] {logging_mixin.py:188} INFO - [2024-06-24T07:55:30.647+0000] {dagbag.py:545} INFO - Filling up the DagBag from /home/airflow/.local/lib/python3.12/site-packages/airflow/example_dags/example_sensors.py
[2024-06-24T07:55:30.651+0000] {processor.py:840} INFO - DAG(s) 'example_sensors' retrieved from /home/airflow/.local/lib/python3.12/site-packages/airflow/example_dags/example_sensors.py
[2024-06-24T07:55:30.662+0000] {logging_mixin.py:188} INFO - [2024-06-24T07:55:30.661+0000] {dag.py:3096} INFO - Sync 1 DAGs
[2024-06-24T07:55:30.668+0000] {logging_mixin.py:188} INFO - [2024-06-24T07:55:30.667+0000] {dag.py:3954} INFO - Setting next_dagrun for example_sensors to None, run_after=None
[2024-06-24T07:55:30.675+0000] {processor.py:183} INFO - Processing /home/airflow/.local/lib/python3.12/site-packages/airflow/example_dags/example_sensors.py took 0.033 seconds
[2024-06-24T07:56:01.212+0000] {processor.py:161} INFO - Started process (PID=1512) to work on /home/airflow/.local/lib/python3.12/site-packages/airflow/example_dags/example_sensors.py
[2024-06-24T07:56:01.213+0000] {processor.py:830} INFO - Processing file /home/airflow/.local/lib/python3.12/site-packages/airflow/example_dags/example_sensors.py for tasks to queue
[2024-06-24T07:56:01.214+0000] {logging_mixin.py:188} INFO - [2024-06-24T07:56:01.213+0000] {dagbag.py:545} INFO - Filling up the DagBag from /home/airflow/.local/lib/python3.12/site-packages/airflow/example_dags/example_sensors.py
[2024-06-24T07:56:01.217+0000] {processor.py:840} INFO - DAG(s) 'example_sensors' retrieved from /home/airflow/.local/lib/python3.12/site-packages/airflow/example_dags/example_sensors.py
[2024-06-24T07:56:01.227+0000] {logging_mixin.py:188} INFO - [2024-06-24T07:56:01.227+0000] {dag.py:3096} INFO - Sync 1 DAGs
[2024-06-24T07:56:01.232+0000] {logging_mixin.py:188} INFO - [2024-06-24T07:56:01.232+0000] {dag.py:3954} INFO - Setting next_dagrun for example_sensors to None, run_after=None
[2024-06-24T07:56:01.239+0000] {processor.py:183} INFO - Processing /home/airflow/.local/lib/python3.12/site-packages/airflow/example_dags/example_sensors.py took 0.030 seconds
[2024-06-24T07:56:31.810+0000] {processor.py:161} INFO - Started process (PID=1569) to work on /home/airflow/.local/lib/python3.12/site-packages/airflow/example_dags/example_sensors.py
[2024-06-24T07:56:31.812+0000] {processor.py:830} INFO - Processing file /home/airflow/.local/lib/python3.12/site-packages/airflow/example_dags/example_sensors.py for tasks to queue
[2024-06-24T07:56:31.813+0000] {logging_mixin.py:188} INFO - [2024-06-24T07:56:31.813+0000] {dagbag.py:545} INFO - Filling up the DagBag from /home/airflow/.local/lib/python3.12/site-packages/airflow/example_dags/example_sensors.py
[2024-06-24T07:56:31.817+0000] {processor.py:840} INFO - DAG(s) 'example_sensors' retrieved from /home/airflow/.local/lib/python3.12/site-packages/airflow/example_dags/example_sensors.py
[2024-06-24T07:56:31.830+0000] {logging_mixin.py:188} INFO - [2024-06-24T07:56:31.829+0000] {dag.py:3096} INFO - Sync 1 DAGs
[2024-06-24T07:56:31.837+0000] {logging_mixin.py:188} INFO - [2024-06-24T07:56:31.836+0000] {dag.py:3954} INFO - Setting next_dagrun for example_sensors to None, run_after=None
[2024-06-24T07:56:31.846+0000] {processor.py:183} INFO - Processing /home/airflow/.local/lib/python3.12/site-packages/airflow/example_dags/example_sensors.py took 0.038 seconds
[2024-06-24T07:57:02.770+0000] {processor.py:161} INFO - Started process (PID=1627) to work on /home/airflow/.local/lib/python3.12/site-packages/airflow/example_dags/example_sensors.py
[2024-06-24T07:57:02.770+0000] {processor.py:830} INFO - Processing file /home/airflow/.local/lib/python3.12/site-packages/airflow/example_dags/example_sensors.py for tasks to queue
[2024-06-24T07:57:02.771+0000] {logging_mixin.py:188} INFO - [2024-06-24T07:57:02.771+0000] {dagbag.py:545} INFO - Filling up the DagBag from /home/airflow/.local/lib/python3.12/site-packages/airflow/example_dags/example_sensors.py
[2024-06-24T07:57:02.774+0000] {processor.py:840} INFO - DAG(s) 'example_sensors' retrieved from /home/airflow/.local/lib/python3.12/site-packages/airflow/example_dags/example_sensors.py
[2024-06-24T07:57:02.783+0000] {logging_mixin.py:188} INFO - [2024-06-24T07:57:02.783+0000] {dag.py:3096} INFO - Sync 1 DAGs
[2024-06-24T07:57:02.788+0000] {logging_mixin.py:188} INFO - [2024-06-24T07:57:02.788+0000] {dag.py:3954} INFO - Setting next_dagrun for example_sensors to None, run_after=None
[2024-06-24T07:57:02.794+0000] {processor.py:183} INFO - Processing /home/airflow/.local/lib/python3.12/site-packages/airflow/example_dags/example_sensors.py took 0.026 seconds
[2024-06-24T07:57:34.230+0000] {processor.py:161} INFO - Started process (PID=1685) to work on /home/airflow/.local/lib/python3.12/site-packages/airflow/example_dags/example_sensors.py
[2024-06-24T07:57:34.231+0000] {processor.py:830} INFO - Processing file /home/airflow/.local/lib/python3.12/site-packages/airflow/example_dags/example_sensors.py for tasks to queue
[2024-06-24T07:57:34.232+0000] {logging_mixin.py:188} INFO - [2024-06-24T07:57:34.232+0000] {dagbag.py:545} INFO - Filling up the DagBag from /home/airflow/.local/lib/python3.12/site-packages/airflow/example_dags/example_sensors.py
[2024-06-24T07:57:34.235+0000] {processor.py:840} INFO - DAG(s) 'example_sensors' retrieved from /home/airflow/.local/lib/python3.12/site-packages/airflow/example_dags/example_sensors.py
[2024-06-24T07:57:34.245+0000] {logging_mixin.py:188} INFO - [2024-06-24T07:57:34.245+0000] {dag.py:3096} INFO - Sync 1 DAGs
[2024-06-24T07:57:34.250+0000] {logging_mixin.py:188} INFO - [2024-06-24T07:57:34.250+0000] {dag.py:3954} INFO - Setting next_dagrun for example_sensors to None, run_after=None
[2024-06-24T07:57:34.257+0000] {processor.py:183} INFO - Processing /home/airflow/.local/lib/python3.12/site-packages/airflow/example_dags/example_sensors.py took 0.029 seconds
[2024-06-24T07:58:05.450+0000] {processor.py:161} INFO - Started process (PID=1743) to work on /home/airflow/.local/lib/python3.12/site-packages/airflow/example_dags/example_sensors.py
[2024-06-24T07:58:05.450+0000] {processor.py:830} INFO - Processing file /home/airflow/.local/lib/python3.12/site-packages/airflow/example_dags/example_sensors.py for tasks to queue
[2024-06-24T07:58:05.451+0000] {logging_mixin.py:188} INFO - [2024-06-24T07:58:05.451+0000] {dagbag.py:545} INFO - Filling up the DagBag from /home/airflow/.local/lib/python3.12/site-packages/airflow/example_dags/example_sensors.py
[2024-06-24T07:58:05.456+0000] {processor.py:840} INFO - DAG(s) 'example_sensors' retrieved from /home/airflow/.local/lib/python3.12/site-packages/airflow/example_dags/example_sensors.py
[2024-06-24T07:58:05.470+0000] {logging_mixin.py:188} INFO - [2024-06-24T07:58:05.469+0000] {dag.py:3096} INFO - Sync 1 DAGs
[2024-06-24T07:58:05.554+0000] {logging_mixin.py:188} INFO - [2024-06-24T07:58:05.554+0000] {dag.py:3954} INFO - Setting next_dagrun for example_sensors to None, run_after=None
[2024-06-24T07:58:05.561+0000] {processor.py:183} INFO - Processing /home/airflow/.local/lib/python3.12/site-packages/airflow/example_dags/example_sensors.py took 0.115 seconds
[2024-06-24T07:58:36.125+0000] {processor.py:161} INFO - Started process (PID=1801) to work on /home/airflow/.local/lib/python3.12/site-packages/airflow/example_dags/example_sensors.py
[2024-06-24T07:58:36.125+0000] {processor.py:830} INFO - Processing file /home/airflow/.local/lib/python3.12/site-packages/airflow/example_dags/example_sensors.py for tasks to queue
[2024-06-24T07:58:36.126+0000] {logging_mixin.py:188} INFO - [2024-06-24T07:58:36.126+0000] {dagbag.py:545} INFO - Filling up the DagBag from /home/airflow/.local/lib/python3.12/site-packages/airflow/example_dags/example_sensors.py
[2024-06-24T07:58:36.130+0000] {processor.py:840} INFO - DAG(s) 'example_sensors' retrieved from /home/airflow/.local/lib/python3.12/site-packages/airflow/example_dags/example_sensors.py
[2024-06-24T07:58:36.140+0000] {logging_mixin.py:188} INFO - [2024-06-24T07:58:36.140+0000] {dag.py:3096} INFO - Sync 1 DAGs
[2024-06-24T07:58:36.218+0000] {logging_mixin.py:188} INFO - [2024-06-24T07:58:36.218+0000] {dag.py:3954} INFO - Setting next_dagrun for example_sensors to None, run_after=None
[2024-06-24T07:58:36.225+0000] {processor.py:183} INFO - Processing /home/airflow/.local/lib/python3.12/site-packages/airflow/example_dags/example_sensors.py took 0.102 seconds
[2024-06-24T07:59:06.563+0000] {processor.py:161} INFO - Started process (PID=1859) to work on /home/airflow/.local/lib/python3.12/site-packages/airflow/example_dags/example_sensors.py
[2024-06-24T07:59:06.564+0000] {processor.py:830} INFO - Processing file /home/airflow/.local/lib/python3.12/site-packages/airflow/example_dags/example_sensors.py for tasks to queue
[2024-06-24T07:59:06.565+0000] {logging_mixin.py:188} INFO - [2024-06-24T07:59:06.565+0000] {dagbag.py:545} INFO - Filling up the DagBag from /home/airflow/.local/lib/python3.12/site-packages/airflow/example_dags/example_sensors.py
[2024-06-24T07:59:06.569+0000] {processor.py:840} INFO - DAG(s) 'example_sensors' retrieved from /home/airflow/.local/lib/python3.12/site-packages/airflow/example_dags/example_sensors.py
[2024-06-24T07:59:06.580+0000] {logging_mixin.py:188} INFO - [2024-06-24T07:59:06.580+0000] {dag.py:3096} INFO - Sync 1 DAGs
[2024-06-24T07:59:06.676+0000] {logging_mixin.py:188} INFO - [2024-06-24T07:59:06.676+0000] {dag.py:3954} INFO - Setting next_dagrun for example_sensors to None, run_after=None
[2024-06-24T07:59:06.684+0000] {processor.py:183} INFO - Processing /home/airflow/.local/lib/python3.12/site-packages/airflow/example_dags/example_sensors.py took 0.123 seconds
