[2024-06-24T07:43:18.601+0000] {processor.py:161} INFO - Started process (PID=39) to work on /home/airflow/.local/lib/python3.12/site-packages/airflow/example_dags/example_branch_operator.py
[2024-06-24T07:43:18.602+0000] {processor.py:830} INFO - Processing file /home/airflow/.local/lib/python3.12/site-packages/airflow/example_dags/example_branch_operator.py for tasks to queue
[2024-06-24T07:43:18.604+0000] {logging_mixin.py:188} INFO - [2024-06-24T07:43:18.604+0000] {dagbag.py:545} INFO - Filling up the DagBag from /home/airflow/.local/lib/python3.12/site-packages/airflow/example_dags/example_branch_operator.py
[2024-06-24T07:43:18.618+0000] {processor.py:840} INFO - DAG(s) 'example_branch_operator' retrieved from /home/airflow/.local/lib/python3.12/site-packages/airflow/example_dags/example_branch_operator.py
[2024-06-24T07:43:18.716+0000] {logging_mixin.py:188} INFO - [2024-06-24T07:43:18.716+0000] {dag.py:3096} INFO - Sync 1 DAGs
[2024-06-24T07:43:18.732+0000] {logging_mixin.py:188} INFO - [2024-06-24T07:43:18.732+0000] {dag.py:3954} INFO - Setting next_dagrun for example_branch_operator to 2024-06-23 00:00:00+00:00, run_after=2024-06-24 00:00:00+00:00
[2024-06-24T07:43:18.744+0000] {processor.py:183} INFO - Processing /home/airflow/.local/lib/python3.12/site-packages/airflow/example_dags/example_branch_operator.py took 0.147 seconds
[2024-06-24T07:43:48.807+0000] {processor.py:161} INFO - Started process (PID=97) to work on /home/airflow/.local/lib/python3.12/site-packages/airflow/example_dags/example_branch_operator.py
[2024-06-24T07:43:48.807+0000] {processor.py:830} INFO - Processing file /home/airflow/.local/lib/python3.12/site-packages/airflow/example_dags/example_branch_operator.py for tasks to queue
[2024-06-24T07:43:48.808+0000] {logging_mixin.py:188} INFO - [2024-06-24T07:43:48.808+0000] {dagbag.py:545} INFO - Filling up the DagBag from /home/airflow/.local/lib/python3.12/site-packages/airflow/example_dags/example_branch_operator.py
[2024-06-24T07:43:48.814+0000] {processor.py:840} INFO - DAG(s) 'example_branch_operator' retrieved from /home/airflow/.local/lib/python3.12/site-packages/airflow/example_dags/example_branch_operator.py
[2024-06-24T07:43:48.824+0000] {logging_mixin.py:188} INFO - [2024-06-24T07:43:48.824+0000] {dag.py:3096} INFO - Sync 1 DAGs
[2024-06-24T07:43:48.831+0000] {logging_mixin.py:188} INFO - [2024-06-24T07:43:48.831+0000] {dag.py:3954} INFO - Setting next_dagrun for example_branch_operator to 2024-06-23 00:00:00+00:00, run_after=2024-06-24 00:00:00+00:00
[2024-06-24T07:43:48.838+0000] {processor.py:183} INFO - Processing /home/airflow/.local/lib/python3.12/site-packages/airflow/example_dags/example_branch_operator.py took 0.033 seconds
[2024-06-24T07:44:19.172+0000] {processor.py:161} INFO - Started process (PID=155) to work on /home/airflow/.local/lib/python3.12/site-packages/airflow/example_dags/example_branch_operator.py
[2024-06-24T07:44:19.172+0000] {processor.py:830} INFO - Processing file /home/airflow/.local/lib/python3.12/site-packages/airflow/example_dags/example_branch_operator.py for tasks to queue
[2024-06-24T07:44:19.173+0000] {logging_mixin.py:188} INFO - [2024-06-24T07:44:19.173+0000] {dagbag.py:545} INFO - Filling up the DagBag from /home/airflow/.local/lib/python3.12/site-packages/airflow/example_dags/example_branch_operator.py
[2024-06-24T07:44:19.180+0000] {processor.py:840} INFO - DAG(s) 'example_branch_operator' retrieved from /home/airflow/.local/lib/python3.12/site-packages/airflow/example_dags/example_branch_operator.py
[2024-06-24T07:44:19.190+0000] {logging_mixin.py:188} INFO - [2024-06-24T07:44:19.190+0000] {dag.py:3096} INFO - Sync 1 DAGs
[2024-06-24T07:44:19.198+0000] {logging_mixin.py:188} INFO - [2024-06-24T07:44:19.198+0000] {dag.py:3954} INFO - Setting next_dagrun for example_branch_operator to 2024-06-23 00:00:00+00:00, run_after=2024-06-24 00:00:00+00:00
[2024-06-24T07:44:19.204+0000] {processor.py:183} INFO - Processing /home/airflow/.local/lib/python3.12/site-packages/airflow/example_dags/example_branch_operator.py took 0.034 seconds
[2024-06-24T07:44:49.612+0000] {processor.py:161} INFO - Started process (PID=213) to work on /home/airflow/.local/lib/python3.12/site-packages/airflow/example_dags/example_branch_operator.py
[2024-06-24T07:44:49.612+0000] {processor.py:830} INFO - Processing file /home/airflow/.local/lib/python3.12/site-packages/airflow/example_dags/example_branch_operator.py for tasks to queue
[2024-06-24T07:44:49.613+0000] {logging_mixin.py:188} INFO - [2024-06-24T07:44:49.613+0000] {dagbag.py:545} INFO - Filling up the DagBag from /home/airflow/.local/lib/python3.12/site-packages/airflow/example_dags/example_branch_operator.py
[2024-06-24T07:44:49.620+0000] {processor.py:840} INFO - DAG(s) 'example_branch_operator' retrieved from /home/airflow/.local/lib/python3.12/site-packages/airflow/example_dags/example_branch_operator.py
[2024-06-24T07:44:49.631+0000] {logging_mixin.py:188} INFO - [2024-06-24T07:44:49.631+0000] {dag.py:3096} INFO - Sync 1 DAGs
[2024-06-24T07:44:49.638+0000] {logging_mixin.py:188} INFO - [2024-06-24T07:44:49.638+0000] {dag.py:3954} INFO - Setting next_dagrun for example_branch_operator to 2024-06-23 00:00:00+00:00, run_after=2024-06-24 00:00:00+00:00
[2024-06-24T07:44:49.644+0000] {processor.py:183} INFO - Processing /home/airflow/.local/lib/python3.12/site-packages/airflow/example_dags/example_branch_operator.py took 0.034 seconds
[2024-06-24T07:45:20.011+0000] {processor.py:161} INFO - Started process (PID=271) to work on /home/airflow/.local/lib/python3.12/site-packages/airflow/example_dags/example_branch_operator.py
[2024-06-24T07:45:20.011+0000] {processor.py:830} INFO - Processing file /home/airflow/.local/lib/python3.12/site-packages/airflow/example_dags/example_branch_operator.py for tasks to queue
[2024-06-24T07:45:20.012+0000] {logging_mixin.py:188} INFO - [2024-06-24T07:45:20.012+0000] {dagbag.py:545} INFO - Filling up the DagBag from /home/airflow/.local/lib/python3.12/site-packages/airflow/example_dags/example_branch_operator.py
[2024-06-24T07:45:20.018+0000] {processor.py:840} INFO - DAG(s) 'example_branch_operator' retrieved from /home/airflow/.local/lib/python3.12/site-packages/airflow/example_dags/example_branch_operator.py
[2024-06-24T07:45:20.029+0000] {logging_mixin.py:188} INFO - [2024-06-24T07:45:20.028+0000] {dag.py:3096} INFO - Sync 1 DAGs
[2024-06-24T07:45:20.037+0000] {logging_mixin.py:188} INFO - [2024-06-24T07:45:20.036+0000] {dag.py:3954} INFO - Setting next_dagrun for example_branch_operator to 2024-06-23 00:00:00+00:00, run_after=2024-06-24 00:00:00+00:00
[2024-06-24T07:45:20.043+0000] {processor.py:183} INFO - Processing /home/airflow/.local/lib/python3.12/site-packages/airflow/example_dags/example_branch_operator.py took 0.034 seconds
[2024-06-24T07:45:50.472+0000] {processor.py:161} INFO - Started process (PID=328) to work on /home/airflow/.local/lib/python3.12/site-packages/airflow/example_dags/example_branch_operator.py
[2024-06-24T07:45:50.472+0000] {processor.py:830} INFO - Processing file /home/airflow/.local/lib/python3.12/site-packages/airflow/example_dags/example_branch_operator.py for tasks to queue
[2024-06-24T07:45:50.473+0000] {logging_mixin.py:188} INFO - [2024-06-24T07:45:50.473+0000] {dagbag.py:545} INFO - Filling up the DagBag from /home/airflow/.local/lib/python3.12/site-packages/airflow/example_dags/example_branch_operator.py
[2024-06-24T07:45:50.479+0000] {processor.py:840} INFO - DAG(s) 'example_branch_operator' retrieved from /home/airflow/.local/lib/python3.12/site-packages/airflow/example_dags/example_branch_operator.py
[2024-06-24T07:45:50.489+0000] {logging_mixin.py:188} INFO - [2024-06-24T07:45:50.489+0000] {dag.py:3096} INFO - Sync 1 DAGs
[2024-06-24T07:45:50.497+0000] {logging_mixin.py:188} INFO - [2024-06-24T07:45:50.497+0000] {dag.py:3954} INFO - Setting next_dagrun for example_branch_operator to 2024-06-23 00:00:00+00:00, run_after=2024-06-24 00:00:00+00:00
[2024-06-24T07:45:50.503+0000] {processor.py:183} INFO - Processing /home/airflow/.local/lib/python3.12/site-packages/airflow/example_dags/example_branch_operator.py took 0.034 seconds
[2024-06-24T07:46:20.728+0000] {processor.py:161} INFO - Started process (PID=386) to work on /home/airflow/.local/lib/python3.12/site-packages/airflow/example_dags/example_branch_operator.py
[2024-06-24T07:46:20.728+0000] {processor.py:830} INFO - Processing file /home/airflow/.local/lib/python3.12/site-packages/airflow/example_dags/example_branch_operator.py for tasks to queue
[2024-06-24T07:46:20.729+0000] {logging_mixin.py:188} INFO - [2024-06-24T07:46:20.729+0000] {dagbag.py:545} INFO - Filling up the DagBag from /home/airflow/.local/lib/python3.12/site-packages/airflow/example_dags/example_branch_operator.py
[2024-06-24T07:46:20.737+0000] {processor.py:840} INFO - DAG(s) 'example_branch_operator' retrieved from /home/airflow/.local/lib/python3.12/site-packages/airflow/example_dags/example_branch_operator.py
[2024-06-24T07:46:20.747+0000] {logging_mixin.py:188} INFO - [2024-06-24T07:46:20.747+0000] {dag.py:3096} INFO - Sync 1 DAGs
[2024-06-24T07:46:20.756+0000] {logging_mixin.py:188} INFO - [2024-06-24T07:46:20.756+0000] {dag.py:3954} INFO - Setting next_dagrun for example_branch_operator to 2024-06-23 00:00:00+00:00, run_after=2024-06-24 00:00:00+00:00
[2024-06-24T07:46:20.762+0000] {processor.py:183} INFO - Processing /home/airflow/.local/lib/python3.12/site-packages/airflow/example_dags/example_branch_operator.py took 0.036 seconds
[2024-06-24T07:46:51.130+0000] {processor.py:161} INFO - Started process (PID=443) to work on /home/airflow/.local/lib/python3.12/site-packages/airflow/example_dags/example_branch_operator.py
[2024-06-24T07:46:51.130+0000] {processor.py:830} INFO - Processing file /home/airflow/.local/lib/python3.12/site-packages/airflow/example_dags/example_branch_operator.py for tasks to queue
[2024-06-24T07:46:51.131+0000] {logging_mixin.py:188} INFO - [2024-06-24T07:46:51.131+0000] {dagbag.py:545} INFO - Filling up the DagBag from /home/airflow/.local/lib/python3.12/site-packages/airflow/example_dags/example_branch_operator.py
[2024-06-24T07:46:51.137+0000] {processor.py:840} INFO - DAG(s) 'example_branch_operator' retrieved from /home/airflow/.local/lib/python3.12/site-packages/airflow/example_dags/example_branch_operator.py
[2024-06-24T07:46:51.148+0000] {logging_mixin.py:188} INFO - [2024-06-24T07:46:51.148+0000] {dag.py:3096} INFO - Sync 1 DAGs
[2024-06-24T07:46:51.156+0000] {logging_mixin.py:188} INFO - [2024-06-24T07:46:51.156+0000] {dag.py:3954} INFO - Setting next_dagrun for example_branch_operator to 2024-06-23 00:00:00+00:00, run_after=2024-06-24 00:00:00+00:00
[2024-06-24T07:46:51.163+0000] {processor.py:183} INFO - Processing /home/airflow/.local/lib/python3.12/site-packages/airflow/example_dags/example_branch_operator.py took 0.036 seconds
[2024-06-24T07:47:21.536+0000] {processor.py:161} INFO - Started process (PID=501) to work on /home/airflow/.local/lib/python3.12/site-packages/airflow/example_dags/example_branch_operator.py
[2024-06-24T07:47:21.537+0000] {processor.py:830} INFO - Processing file /home/airflow/.local/lib/python3.12/site-packages/airflow/example_dags/example_branch_operator.py for tasks to queue
[2024-06-24T07:47:21.538+0000] {logging_mixin.py:188} INFO - [2024-06-24T07:47:21.537+0000] {dagbag.py:545} INFO - Filling up the DagBag from /home/airflow/.local/lib/python3.12/site-packages/airflow/example_dags/example_branch_operator.py
[2024-06-24T07:47:21.544+0000] {processor.py:840} INFO - DAG(s) 'example_branch_operator' retrieved from /home/airflow/.local/lib/python3.12/site-packages/airflow/example_dags/example_branch_operator.py
[2024-06-24T07:47:21.555+0000] {logging_mixin.py:188} INFO - [2024-06-24T07:47:21.555+0000] {dag.py:3096} INFO - Sync 1 DAGs
[2024-06-24T07:47:21.564+0000] {logging_mixin.py:188} INFO - [2024-06-24T07:47:21.564+0000] {dag.py:3954} INFO - Setting next_dagrun for example_branch_operator to 2024-06-23 00:00:00+00:00, run_after=2024-06-24 00:00:00+00:00
[2024-06-24T07:47:21.570+0000] {processor.py:183} INFO - Processing /home/airflow/.local/lib/python3.12/site-packages/airflow/example_dags/example_branch_operator.py took 0.036 seconds
[2024-06-24T07:47:51.936+0000] {processor.py:161} INFO - Started process (PID=558) to work on /home/airflow/.local/lib/python3.12/site-packages/airflow/example_dags/example_branch_operator.py
[2024-06-24T07:47:51.936+0000] {processor.py:830} INFO - Processing file /home/airflow/.local/lib/python3.12/site-packages/airflow/example_dags/example_branch_operator.py for tasks to queue
[2024-06-24T07:47:51.938+0000] {logging_mixin.py:188} INFO - [2024-06-24T07:47:51.938+0000] {dagbag.py:545} INFO - Filling up the DagBag from /home/airflow/.local/lib/python3.12/site-packages/airflow/example_dags/example_branch_operator.py
[2024-06-24T07:47:51.948+0000] {processor.py:840} INFO - DAG(s) 'example_branch_operator' retrieved from /home/airflow/.local/lib/python3.12/site-packages/airflow/example_dags/example_branch_operator.py
[2024-06-24T07:47:51.959+0000] {logging_mixin.py:188} INFO - [2024-06-24T07:47:51.959+0000] {dag.py:3096} INFO - Sync 1 DAGs
[2024-06-24T07:47:51.967+0000] {logging_mixin.py:188} INFO - [2024-06-24T07:47:51.967+0000] {dag.py:3954} INFO - Setting next_dagrun for example_branch_operator to 2024-06-23 00:00:00+00:00, run_after=2024-06-24 00:00:00+00:00
[2024-06-24T07:47:51.975+0000] {processor.py:183} INFO - Processing /home/airflow/.local/lib/python3.12/site-packages/airflow/example_dags/example_branch_operator.py took 0.042 seconds
[2024-06-24T07:48:22.323+0000] {processor.py:161} INFO - Started process (PID=616) to work on /home/airflow/.local/lib/python3.12/site-packages/airflow/example_dags/example_branch_operator.py
[2024-06-24T07:48:22.323+0000] {processor.py:830} INFO - Processing file /home/airflow/.local/lib/python3.12/site-packages/airflow/example_dags/example_branch_operator.py for tasks to queue
[2024-06-24T07:48:22.324+0000] {logging_mixin.py:188} INFO - [2024-06-24T07:48:22.324+0000] {dagbag.py:545} INFO - Filling up the DagBag from /home/airflow/.local/lib/python3.12/site-packages/airflow/example_dags/example_branch_operator.py
[2024-06-24T07:48:22.331+0000] {processor.py:840} INFO - DAG(s) 'example_branch_operator' retrieved from /home/airflow/.local/lib/python3.12/site-packages/airflow/example_dags/example_branch_operator.py
[2024-06-24T07:48:22.342+0000] {logging_mixin.py:188} INFO - [2024-06-24T07:48:22.341+0000] {dag.py:3096} INFO - Sync 1 DAGs
[2024-06-24T07:48:22.350+0000] {logging_mixin.py:188} INFO - [2024-06-24T07:48:22.350+0000] {dag.py:3954} INFO - Setting next_dagrun for example_branch_operator to 2024-06-23 00:00:00+00:00, run_after=2024-06-24 00:00:00+00:00
[2024-06-24T07:48:22.356+0000] {processor.py:183} INFO - Processing /home/airflow/.local/lib/python3.12/site-packages/airflow/example_dags/example_branch_operator.py took 0.036 seconds
[2024-06-24T07:48:52.780+0000] {processor.py:161} INFO - Started process (PID=674) to work on /home/airflow/.local/lib/python3.12/site-packages/airflow/example_dags/example_branch_operator.py
[2024-06-24T07:48:52.781+0000] {processor.py:830} INFO - Processing file /home/airflow/.local/lib/python3.12/site-packages/airflow/example_dags/example_branch_operator.py for tasks to queue
[2024-06-24T07:48:52.781+0000] {logging_mixin.py:188} INFO - [2024-06-24T07:48:52.781+0000] {dagbag.py:545} INFO - Filling up the DagBag from /home/airflow/.local/lib/python3.12/site-packages/airflow/example_dags/example_branch_operator.py
[2024-06-24T07:48:52.788+0000] {processor.py:840} INFO - DAG(s) 'example_branch_operator' retrieved from /home/airflow/.local/lib/python3.12/site-packages/airflow/example_dags/example_branch_operator.py
[2024-06-24T07:48:52.798+0000] {logging_mixin.py:188} INFO - [2024-06-24T07:48:52.798+0000] {dag.py:3096} INFO - Sync 1 DAGs
[2024-06-24T07:48:52.807+0000] {logging_mixin.py:188} INFO - [2024-06-24T07:48:52.807+0000] {dag.py:3954} INFO - Setting next_dagrun for example_branch_operator to 2024-06-23 00:00:00+00:00, run_after=2024-06-24 00:00:00+00:00
[2024-06-24T07:48:52.813+0000] {processor.py:183} INFO - Processing /home/airflow/.local/lib/python3.12/site-packages/airflow/example_dags/example_branch_operator.py took 0.035 seconds
[2024-06-24T07:49:23.300+0000] {processor.py:161} INFO - Started process (PID=731) to work on /home/airflow/.local/lib/python3.12/site-packages/airflow/example_dags/example_branch_operator.py
[2024-06-24T07:49:23.300+0000] {processor.py:830} INFO - Processing file /home/airflow/.local/lib/python3.12/site-packages/airflow/example_dags/example_branch_operator.py for tasks to queue
[2024-06-24T07:49:23.301+0000] {logging_mixin.py:188} INFO - [2024-06-24T07:49:23.301+0000] {dagbag.py:545} INFO - Filling up the DagBag from /home/airflow/.local/lib/python3.12/site-packages/airflow/example_dags/example_branch_operator.py
[2024-06-24T07:49:23.308+0000] {processor.py:840} INFO - DAG(s) 'example_branch_operator' retrieved from /home/airflow/.local/lib/python3.12/site-packages/airflow/example_dags/example_branch_operator.py
[2024-06-24T07:49:23.319+0000] {logging_mixin.py:188} INFO - [2024-06-24T07:49:23.319+0000] {dag.py:3096} INFO - Sync 1 DAGs
[2024-06-24T07:49:23.328+0000] {logging_mixin.py:188} INFO - [2024-06-24T07:49:23.328+0000] {dag.py:3954} INFO - Setting next_dagrun for example_branch_operator to 2024-06-23 00:00:00+00:00, run_after=2024-06-24 00:00:00+00:00
[2024-06-24T07:49:23.335+0000] {processor.py:183} INFO - Processing /home/airflow/.local/lib/python3.12/site-packages/airflow/example_dags/example_branch_operator.py took 0.038 seconds
[2024-06-24T07:49:53.776+0000] {processor.py:161} INFO - Started process (PID=789) to work on /home/airflow/.local/lib/python3.12/site-packages/airflow/example_dags/example_branch_operator.py
[2024-06-24T07:49:53.776+0000] {processor.py:830} INFO - Processing file /home/airflow/.local/lib/python3.12/site-packages/airflow/example_dags/example_branch_operator.py for tasks to queue
[2024-06-24T07:49:53.777+0000] {logging_mixin.py:188} INFO - [2024-06-24T07:49:53.777+0000] {dagbag.py:545} INFO - Filling up the DagBag from /home/airflow/.local/lib/python3.12/site-packages/airflow/example_dags/example_branch_operator.py
[2024-06-24T07:49:53.783+0000] {processor.py:840} INFO - DAG(s) 'example_branch_operator' retrieved from /home/airflow/.local/lib/python3.12/site-packages/airflow/example_dags/example_branch_operator.py
[2024-06-24T07:49:53.794+0000] {logging_mixin.py:188} INFO - [2024-06-24T07:49:53.793+0000] {dag.py:3096} INFO - Sync 1 DAGs
[2024-06-24T07:49:53.801+0000] {logging_mixin.py:188} INFO - [2024-06-24T07:49:53.801+0000] {dag.py:3954} INFO - Setting next_dagrun for example_branch_operator to 2024-06-23 00:00:00+00:00, run_after=2024-06-24 00:00:00+00:00
[2024-06-24T07:49:53.807+0000] {processor.py:183} INFO - Processing /home/airflow/.local/lib/python3.12/site-packages/airflow/example_dags/example_branch_operator.py took 0.034 seconds
[2024-06-24T07:50:24.226+0000] {processor.py:161} INFO - Started process (PID=847) to work on /home/airflow/.local/lib/python3.12/site-packages/airflow/example_dags/example_branch_operator.py
[2024-06-24T07:50:24.227+0000] {processor.py:830} INFO - Processing file /home/airflow/.local/lib/python3.12/site-packages/airflow/example_dags/example_branch_operator.py for tasks to queue
[2024-06-24T07:50:24.228+0000] {logging_mixin.py:188} INFO - [2024-06-24T07:50:24.228+0000] {dagbag.py:545} INFO - Filling up the DagBag from /home/airflow/.local/lib/python3.12/site-packages/airflow/example_dags/example_branch_operator.py
[2024-06-24T07:50:24.234+0000] {processor.py:840} INFO - DAG(s) 'example_branch_operator' retrieved from /home/airflow/.local/lib/python3.12/site-packages/airflow/example_dags/example_branch_operator.py
[2024-06-24T07:50:24.245+0000] {logging_mixin.py:188} INFO - [2024-06-24T07:50:24.245+0000] {dag.py:3096} INFO - Sync 1 DAGs
[2024-06-24T07:50:24.253+0000] {logging_mixin.py:188} INFO - [2024-06-24T07:50:24.253+0000] {dag.py:3954} INFO - Setting next_dagrun for example_branch_operator to 2024-06-23 00:00:00+00:00, run_after=2024-06-24 00:00:00+00:00
[2024-06-24T07:50:24.259+0000] {processor.py:183} INFO - Processing /home/airflow/.local/lib/python3.12/site-packages/airflow/example_dags/example_branch_operator.py took 0.035 seconds
[2024-06-24T07:50:54.713+0000] {processor.py:161} INFO - Started process (PID=905) to work on /home/airflow/.local/lib/python3.12/site-packages/airflow/example_dags/example_branch_operator.py
[2024-06-24T07:50:54.714+0000] {processor.py:830} INFO - Processing file /home/airflow/.local/lib/python3.12/site-packages/airflow/example_dags/example_branch_operator.py for tasks to queue
[2024-06-24T07:50:54.715+0000] {logging_mixin.py:188} INFO - [2024-06-24T07:50:54.715+0000] {dagbag.py:545} INFO - Filling up the DagBag from /home/airflow/.local/lib/python3.12/site-packages/airflow/example_dags/example_branch_operator.py
[2024-06-24T07:50:54.725+0000] {processor.py:840} INFO - DAG(s) 'example_branch_operator' retrieved from /home/airflow/.local/lib/python3.12/site-packages/airflow/example_dags/example_branch_operator.py
[2024-06-24T07:50:54.736+0000] {logging_mixin.py:188} INFO - [2024-06-24T07:50:54.736+0000] {dag.py:3096} INFO - Sync 1 DAGs
[2024-06-24T07:50:54.747+0000] {logging_mixin.py:188} INFO - [2024-06-24T07:50:54.747+0000] {dag.py:3954} INFO - Setting next_dagrun for example_branch_operator to 2024-06-23 00:00:00+00:00, run_after=2024-06-24 00:00:00+00:00
[2024-06-24T07:50:54.764+0000] {processor.py:183} INFO - Processing /home/airflow/.local/lib/python3.12/site-packages/airflow/example_dags/example_branch_operator.py took 0.054 seconds
[2024-06-24T07:51:25.180+0000] {processor.py:161} INFO - Started process (PID=962) to work on /home/airflow/.local/lib/python3.12/site-packages/airflow/example_dags/example_branch_operator.py
[2024-06-24T07:51:25.180+0000] {processor.py:830} INFO - Processing file /home/airflow/.local/lib/python3.12/site-packages/airflow/example_dags/example_branch_operator.py for tasks to queue
[2024-06-24T07:51:25.181+0000] {logging_mixin.py:188} INFO - [2024-06-24T07:51:25.181+0000] {dagbag.py:545} INFO - Filling up the DagBag from /home/airflow/.local/lib/python3.12/site-packages/airflow/example_dags/example_branch_operator.py
[2024-06-24T07:51:25.187+0000] {processor.py:840} INFO - DAG(s) 'example_branch_operator' retrieved from /home/airflow/.local/lib/python3.12/site-packages/airflow/example_dags/example_branch_operator.py
[2024-06-24T07:51:25.199+0000] {logging_mixin.py:188} INFO - [2024-06-24T07:51:25.199+0000] {dag.py:3096} INFO - Sync 1 DAGs
[2024-06-24T07:51:25.208+0000] {logging_mixin.py:188} INFO - [2024-06-24T07:51:25.208+0000] {dag.py:3954} INFO - Setting next_dagrun for example_branch_operator to 2024-06-23 00:00:00+00:00, run_after=2024-06-24 00:00:00+00:00
[2024-06-24T07:51:25.214+0000] {processor.py:183} INFO - Processing /home/airflow/.local/lib/python3.12/site-packages/airflow/example_dags/example_branch_operator.py took 0.036 seconds
[2024-06-24T07:51:55.575+0000] {processor.py:161} INFO - Started process (PID=1020) to work on /home/airflow/.local/lib/python3.12/site-packages/airflow/example_dags/example_branch_operator.py
[2024-06-24T07:51:55.575+0000] {processor.py:830} INFO - Processing file /home/airflow/.local/lib/python3.12/site-packages/airflow/example_dags/example_branch_operator.py for tasks to queue
[2024-06-24T07:51:55.576+0000] {logging_mixin.py:188} INFO - [2024-06-24T07:51:55.576+0000] {dagbag.py:545} INFO - Filling up the DagBag from /home/airflow/.local/lib/python3.12/site-packages/airflow/example_dags/example_branch_operator.py
[2024-06-24T07:51:55.583+0000] {processor.py:840} INFO - DAG(s) 'example_branch_operator' retrieved from /home/airflow/.local/lib/python3.12/site-packages/airflow/example_dags/example_branch_operator.py
[2024-06-24T07:51:55.593+0000] {logging_mixin.py:188} INFO - [2024-06-24T07:51:55.593+0000] {dag.py:3096} INFO - Sync 1 DAGs
[2024-06-24T07:51:55.601+0000] {logging_mixin.py:188} INFO - [2024-06-24T07:51:55.601+0000] {dag.py:3954} INFO - Setting next_dagrun for example_branch_operator to 2024-06-23 00:00:00+00:00, run_after=2024-06-24 00:00:00+00:00
[2024-06-24T07:51:55.607+0000] {processor.py:183} INFO - Processing /home/airflow/.local/lib/python3.12/site-packages/airflow/example_dags/example_branch_operator.py took 0.034 seconds
[2024-06-24T07:52:25.998+0000] {processor.py:161} INFO - Started process (PID=1078) to work on /home/airflow/.local/lib/python3.12/site-packages/airflow/example_dags/example_branch_operator.py
[2024-06-24T07:52:25.999+0000] {processor.py:830} INFO - Processing file /home/airflow/.local/lib/python3.12/site-packages/airflow/example_dags/example_branch_operator.py for tasks to queue
[2024-06-24T07:52:26.000+0000] {logging_mixin.py:188} INFO - [2024-06-24T07:52:26.000+0000] {dagbag.py:545} INFO - Filling up the DagBag from /home/airflow/.local/lib/python3.12/site-packages/airflow/example_dags/example_branch_operator.py
[2024-06-24T07:52:26.007+0000] {processor.py:840} INFO - DAG(s) 'example_branch_operator' retrieved from /home/airflow/.local/lib/python3.12/site-packages/airflow/example_dags/example_branch_operator.py
[2024-06-24T07:52:26.018+0000] {logging_mixin.py:188} INFO - [2024-06-24T07:52:26.017+0000] {dag.py:3096} INFO - Sync 1 DAGs
[2024-06-24T07:52:26.026+0000] {logging_mixin.py:188} INFO - [2024-06-24T07:52:26.026+0000] {dag.py:3954} INFO - Setting next_dagrun for example_branch_operator to 2024-06-23 00:00:00+00:00, run_after=2024-06-24 00:00:00+00:00
[2024-06-24T07:52:26.032+0000] {processor.py:183} INFO - Processing /home/airflow/.local/lib/python3.12/site-packages/airflow/example_dags/example_branch_operator.py took 0.037 seconds
[2024-06-24T07:52:56.403+0000] {processor.py:161} INFO - Started process (PID=1135) to work on /home/airflow/.local/lib/python3.12/site-packages/airflow/example_dags/example_branch_operator.py
[2024-06-24T07:52:56.404+0000] {processor.py:830} INFO - Processing file /home/airflow/.local/lib/python3.12/site-packages/airflow/example_dags/example_branch_operator.py for tasks to queue
[2024-06-24T07:52:56.404+0000] {logging_mixin.py:188} INFO - [2024-06-24T07:52:56.404+0000] {dagbag.py:545} INFO - Filling up the DagBag from /home/airflow/.local/lib/python3.12/site-packages/airflow/example_dags/example_branch_operator.py
[2024-06-24T07:52:56.411+0000] {processor.py:840} INFO - DAG(s) 'example_branch_operator' retrieved from /home/airflow/.local/lib/python3.12/site-packages/airflow/example_dags/example_branch_operator.py
[2024-06-24T07:52:56.422+0000] {logging_mixin.py:188} INFO - [2024-06-24T07:52:56.422+0000] {dag.py:3096} INFO - Sync 1 DAGs
[2024-06-24T07:52:56.431+0000] {logging_mixin.py:188} INFO - [2024-06-24T07:52:56.431+0000] {dag.py:3954} INFO - Setting next_dagrun for example_branch_operator to 2024-06-23 00:00:00+00:00, run_after=2024-06-24 00:00:00+00:00
[2024-06-24T07:52:56.437+0000] {processor.py:183} INFO - Processing /home/airflow/.local/lib/python3.12/site-packages/airflow/example_dags/example_branch_operator.py took 0.037 seconds
[2024-06-24T07:53:26.833+0000] {processor.py:161} INFO - Started process (PID=1193) to work on /home/airflow/.local/lib/python3.12/site-packages/airflow/example_dags/example_branch_operator.py
[2024-06-24T07:53:26.834+0000] {processor.py:830} INFO - Processing file /home/airflow/.local/lib/python3.12/site-packages/airflow/example_dags/example_branch_operator.py for tasks to queue
[2024-06-24T07:53:26.834+0000] {logging_mixin.py:188} INFO - [2024-06-24T07:53:26.834+0000] {dagbag.py:545} INFO - Filling up the DagBag from /home/airflow/.local/lib/python3.12/site-packages/airflow/example_dags/example_branch_operator.py
[2024-06-24T07:53:26.841+0000] {processor.py:840} INFO - DAG(s) 'example_branch_operator' retrieved from /home/airflow/.local/lib/python3.12/site-packages/airflow/example_dags/example_branch_operator.py
[2024-06-24T07:53:26.851+0000] {logging_mixin.py:188} INFO - [2024-06-24T07:53:26.851+0000] {dag.py:3096} INFO - Sync 1 DAGs
[2024-06-24T07:53:26.860+0000] {logging_mixin.py:188} INFO - [2024-06-24T07:53:26.860+0000] {dag.py:3954} INFO - Setting next_dagrun for example_branch_operator to 2024-06-23 00:00:00+00:00, run_after=2024-06-24 00:00:00+00:00
[2024-06-24T07:53:26.866+0000] {processor.py:183} INFO - Processing /home/airflow/.local/lib/python3.12/site-packages/airflow/example_dags/example_branch_operator.py took 0.035 seconds
[2024-06-24T07:53:57.249+0000] {processor.py:161} INFO - Started process (PID=1251) to work on /home/airflow/.local/lib/python3.12/site-packages/airflow/example_dags/example_branch_operator.py
[2024-06-24T07:53:57.250+0000] {processor.py:830} INFO - Processing file /home/airflow/.local/lib/python3.12/site-packages/airflow/example_dags/example_branch_operator.py for tasks to queue
[2024-06-24T07:53:57.251+0000] {logging_mixin.py:188} INFO - [2024-06-24T07:53:57.251+0000] {dagbag.py:545} INFO - Filling up the DagBag from /home/airflow/.local/lib/python3.12/site-packages/airflow/example_dags/example_branch_operator.py
[2024-06-24T07:53:57.258+0000] {processor.py:840} INFO - DAG(s) 'example_branch_operator' retrieved from /home/airflow/.local/lib/python3.12/site-packages/airflow/example_dags/example_branch_operator.py
[2024-06-24T07:53:57.268+0000] {logging_mixin.py:188} INFO - [2024-06-24T07:53:57.268+0000] {dag.py:3096} INFO - Sync 1 DAGs
[2024-06-24T07:53:57.276+0000] {logging_mixin.py:188} INFO - [2024-06-24T07:53:57.276+0000] {dag.py:3954} INFO - Setting next_dagrun for example_branch_operator to 2024-06-23 00:00:00+00:00, run_after=2024-06-24 00:00:00+00:00
[2024-06-24T07:53:57.283+0000] {processor.py:183} INFO - Processing /home/airflow/.local/lib/python3.12/site-packages/airflow/example_dags/example_branch_operator.py took 0.035 seconds
[2024-06-24T07:54:27.738+0000] {processor.py:161} INFO - Started process (PID=1309) to work on /home/airflow/.local/lib/python3.12/site-packages/airflow/example_dags/example_branch_operator.py
[2024-06-24T07:54:27.739+0000] {processor.py:830} INFO - Processing file /home/airflow/.local/lib/python3.12/site-packages/airflow/example_dags/example_branch_operator.py for tasks to queue
[2024-06-24T07:54:27.740+0000] {logging_mixin.py:188} INFO - [2024-06-24T07:54:27.740+0000] {dagbag.py:545} INFO - Filling up the DagBag from /home/airflow/.local/lib/python3.12/site-packages/airflow/example_dags/example_branch_operator.py
[2024-06-24T07:54:27.747+0000] {processor.py:840} INFO - DAG(s) 'example_branch_operator' retrieved from /home/airflow/.local/lib/python3.12/site-packages/airflow/example_dags/example_branch_operator.py
[2024-06-24T07:54:27.758+0000] {logging_mixin.py:188} INFO - [2024-06-24T07:54:27.757+0000] {dag.py:3096} INFO - Sync 1 DAGs
[2024-06-24T07:54:27.767+0000] {logging_mixin.py:188} INFO - [2024-06-24T07:54:27.766+0000] {dag.py:3954} INFO - Setting next_dagrun for example_branch_operator to 2024-06-23 00:00:00+00:00, run_after=2024-06-24 00:00:00+00:00
[2024-06-24T07:54:27.775+0000] {processor.py:183} INFO - Processing /home/airflow/.local/lib/python3.12/site-packages/airflow/example_dags/example_branch_operator.py took 0.040 seconds
[2024-06-24T07:54:58.172+0000] {processor.py:161} INFO - Started process (PID=1366) to work on /home/airflow/.local/lib/python3.12/site-packages/airflow/example_dags/example_branch_operator.py
[2024-06-24T07:54:58.172+0000] {processor.py:830} INFO - Processing file /home/airflow/.local/lib/python3.12/site-packages/airflow/example_dags/example_branch_operator.py for tasks to queue
[2024-06-24T07:54:58.173+0000] {logging_mixin.py:188} INFO - [2024-06-24T07:54:58.173+0000] {dagbag.py:545} INFO - Filling up the DagBag from /home/airflow/.local/lib/python3.12/site-packages/airflow/example_dags/example_branch_operator.py
[2024-06-24T07:54:58.180+0000] {processor.py:840} INFO - DAG(s) 'example_branch_operator' retrieved from /home/airflow/.local/lib/python3.12/site-packages/airflow/example_dags/example_branch_operator.py
[2024-06-24T07:54:58.190+0000] {logging_mixin.py:188} INFO - [2024-06-24T07:54:58.190+0000] {dag.py:3096} INFO - Sync 1 DAGs
[2024-06-24T07:54:58.198+0000] {logging_mixin.py:188} INFO - [2024-06-24T07:54:58.198+0000] {dag.py:3954} INFO - Setting next_dagrun for example_branch_operator to 2024-06-23 00:00:00+00:00, run_after=2024-06-24 00:00:00+00:00
[2024-06-24T07:54:58.288+0000] {processor.py:183} INFO - Processing /home/airflow/.local/lib/python3.12/site-packages/airflow/example_dags/example_branch_operator.py took 0.119 seconds
[2024-06-24T07:55:28.708+0000] {processor.py:161} INFO - Started process (PID=1424) to work on /home/airflow/.local/lib/python3.12/site-packages/airflow/example_dags/example_branch_operator.py
[2024-06-24T07:55:28.708+0000] {processor.py:830} INFO - Processing file /home/airflow/.local/lib/python3.12/site-packages/airflow/example_dags/example_branch_operator.py for tasks to queue
[2024-06-24T07:55:28.709+0000] {logging_mixin.py:188} INFO - [2024-06-24T07:55:28.709+0000] {dagbag.py:545} INFO - Filling up the DagBag from /home/airflow/.local/lib/python3.12/site-packages/airflow/example_dags/example_branch_operator.py
[2024-06-24T07:55:28.715+0000] {processor.py:840} INFO - DAG(s) 'example_branch_operator' retrieved from /home/airflow/.local/lib/python3.12/site-packages/airflow/example_dags/example_branch_operator.py
[2024-06-24T07:55:28.726+0000] {logging_mixin.py:188} INFO - [2024-06-24T07:55:28.726+0000] {dag.py:3096} INFO - Sync 1 DAGs
[2024-06-24T07:55:28.734+0000] {logging_mixin.py:188} INFO - [2024-06-24T07:55:28.734+0000] {dag.py:3954} INFO - Setting next_dagrun for example_branch_operator to 2024-06-23 00:00:00+00:00, run_after=2024-06-24 00:00:00+00:00
[2024-06-24T07:55:28.740+0000] {processor.py:183} INFO - Processing /home/airflow/.local/lib/python3.12/site-packages/airflow/example_dags/example_branch_operator.py took 0.035 seconds
[2024-06-24T07:55:59.335+0000] {processor.py:161} INFO - Started process (PID=1482) to work on /home/airflow/.local/lib/python3.12/site-packages/airflow/example_dags/example_branch_operator.py
[2024-06-24T07:55:59.336+0000] {processor.py:830} INFO - Processing file /home/airflow/.local/lib/python3.12/site-packages/airflow/example_dags/example_branch_operator.py for tasks to queue
[2024-06-24T07:55:59.337+0000] {logging_mixin.py:188} INFO - [2024-06-24T07:55:59.337+0000] {dagbag.py:545} INFO - Filling up the DagBag from /home/airflow/.local/lib/python3.12/site-packages/airflow/example_dags/example_branch_operator.py
[2024-06-24T07:55:59.343+0000] {processor.py:840} INFO - DAG(s) 'example_branch_operator' retrieved from /home/airflow/.local/lib/python3.12/site-packages/airflow/example_dags/example_branch_operator.py
[2024-06-24T07:55:59.355+0000] {logging_mixin.py:188} INFO - [2024-06-24T07:55:59.355+0000] {dag.py:3096} INFO - Sync 1 DAGs
[2024-06-24T07:55:59.364+0000] {logging_mixin.py:188} INFO - [2024-06-24T07:55:59.364+0000] {dag.py:3954} INFO - Setting next_dagrun for example_branch_operator to 2024-06-23 00:00:00+00:00, run_after=2024-06-24 00:00:00+00:00
[2024-06-24T07:55:59.371+0000] {processor.py:183} INFO - Processing /home/airflow/.local/lib/python3.12/site-packages/airflow/example_dags/example_branch_operator.py took 0.038 seconds
[2024-06-24T07:56:29.985+0000] {processor.py:161} INFO - Started process (PID=1539) to work on /home/airflow/.local/lib/python3.12/site-packages/airflow/example_dags/example_branch_operator.py
[2024-06-24T07:56:29.987+0000] {processor.py:830} INFO - Processing file /home/airflow/.local/lib/python3.12/site-packages/airflow/example_dags/example_branch_operator.py for tasks to queue
[2024-06-24T07:56:29.988+0000] {logging_mixin.py:188} INFO - [2024-06-24T07:56:29.988+0000] {dagbag.py:545} INFO - Filling up the DagBag from /home/airflow/.local/lib/python3.12/site-packages/airflow/example_dags/example_branch_operator.py
[2024-06-24T07:56:29.998+0000] {processor.py:840} INFO - DAG(s) 'example_branch_operator' retrieved from /home/airflow/.local/lib/python3.12/site-packages/airflow/example_dags/example_branch_operator.py
[2024-06-24T07:56:30.012+0000] {logging_mixin.py:188} INFO - [2024-06-24T07:56:30.012+0000] {dag.py:3096} INFO - Sync 1 DAGs
[2024-06-24T07:56:30.025+0000] {logging_mixin.py:188} INFO - [2024-06-24T07:56:30.025+0000] {dag.py:3954} INFO - Setting next_dagrun for example_branch_operator to 2024-06-23 00:00:00+00:00, run_after=2024-06-24 00:00:00+00:00
[2024-06-24T07:56:30.044+0000] {processor.py:183} INFO - Processing /home/airflow/.local/lib/python3.12/site-packages/airflow/example_dags/example_branch_operator.py took 0.064 seconds
[2024-06-24T07:57:00.507+0000] {processor.py:161} INFO - Started process (PID=1597) to work on /home/airflow/.local/lib/python3.12/site-packages/airflow/example_dags/example_branch_operator.py
[2024-06-24T07:57:00.508+0000] {processor.py:830} INFO - Processing file /home/airflow/.local/lib/python3.12/site-packages/airflow/example_dags/example_branch_operator.py for tasks to queue
[2024-06-24T07:57:00.509+0000] {logging_mixin.py:188} INFO - [2024-06-24T07:57:00.509+0000] {dagbag.py:545} INFO - Filling up the DagBag from /home/airflow/.local/lib/python3.12/site-packages/airflow/example_dags/example_branch_operator.py
[2024-06-24T07:57:00.515+0000] {processor.py:840} INFO - DAG(s) 'example_branch_operator' retrieved from /home/airflow/.local/lib/python3.12/site-packages/airflow/example_dags/example_branch_operator.py
[2024-06-24T07:57:00.525+0000] {logging_mixin.py:188} INFO - [2024-06-24T07:57:00.525+0000] {dag.py:3096} INFO - Sync 1 DAGs
[2024-06-24T07:57:00.613+0000] {logging_mixin.py:188} INFO - [2024-06-24T07:57:00.613+0000] {dag.py:3954} INFO - Setting next_dagrun for example_branch_operator to 2024-06-23 00:00:00+00:00, run_after=2024-06-24 00:00:00+00:00
[2024-06-24T07:57:00.621+0000] {processor.py:183} INFO - Processing /home/airflow/.local/lib/python3.12/site-packages/airflow/example_dags/example_branch_operator.py took 0.116 seconds
[2024-06-24T07:57:30.660+0000] {processor.py:161} INFO - Started process (PID=1655) to work on /home/airflow/.local/lib/python3.12/site-packages/airflow/example_dags/example_branch_operator.py
[2024-06-24T07:57:30.660+0000] {processor.py:830} INFO - Processing file /home/airflow/.local/lib/python3.12/site-packages/airflow/example_dags/example_branch_operator.py for tasks to queue
[2024-06-24T07:57:30.661+0000] {logging_mixin.py:188} INFO - [2024-06-24T07:57:30.661+0000] {dagbag.py:545} INFO - Filling up the DagBag from /home/airflow/.local/lib/python3.12/site-packages/airflow/example_dags/example_branch_operator.py
[2024-06-24T07:57:30.667+0000] {processor.py:840} INFO - DAG(s) 'example_branch_operator' retrieved from /home/airflow/.local/lib/python3.12/site-packages/airflow/example_dags/example_branch_operator.py
[2024-06-24T07:57:30.677+0000] {logging_mixin.py:188} INFO - [2024-06-24T07:57:30.677+0000] {dag.py:3096} INFO - Sync 1 DAGs
[2024-06-24T07:57:30.685+0000] {logging_mixin.py:188} INFO - [2024-06-24T07:57:30.685+0000] {dag.py:3954} INFO - Setting next_dagrun for example_branch_operator to 2024-06-23 00:00:00+00:00, run_after=2024-06-24 00:00:00+00:00
[2024-06-24T07:57:30.692+0000] {processor.py:183} INFO - Processing /home/airflow/.local/lib/python3.12/site-packages/airflow/example_dags/example_branch_operator.py took 0.034 seconds
[2024-06-24T07:58:00.917+0000] {processor.py:161} INFO - Started process (PID=1713) to work on /home/airflow/.local/lib/python3.12/site-packages/airflow/example_dags/example_branch_operator.py
[2024-06-24T07:58:00.918+0000] {processor.py:830} INFO - Processing file /home/airflow/.local/lib/python3.12/site-packages/airflow/example_dags/example_branch_operator.py for tasks to queue
[2024-06-24T07:58:00.918+0000] {logging_mixin.py:188} INFO - [2024-06-24T07:58:00.918+0000] {dagbag.py:545} INFO - Filling up the DagBag from /home/airflow/.local/lib/python3.12/site-packages/airflow/example_dags/example_branch_operator.py
[2024-06-24T07:58:00.924+0000] {processor.py:840} INFO - DAG(s) 'example_branch_operator' retrieved from /home/airflow/.local/lib/python3.12/site-packages/airflow/example_dags/example_branch_operator.py
[2024-06-24T07:58:00.935+0000] {logging_mixin.py:188} INFO - [2024-06-24T07:58:00.935+0000] {dag.py:3096} INFO - Sync 1 DAGs
[2024-06-24T07:58:00.942+0000] {logging_mixin.py:188} INFO - [2024-06-24T07:58:00.942+0000] {dag.py:3954} INFO - Setting next_dagrun for example_branch_operator to 2024-06-23 00:00:00+00:00, run_after=2024-06-24 00:00:00+00:00
[2024-06-24T07:58:00.948+0000] {processor.py:183} INFO - Processing /home/airflow/.local/lib/python3.12/site-packages/airflow/example_dags/example_branch_operator.py took 0.034 seconds
[2024-06-24T07:58:31.542+0000] {processor.py:161} INFO - Started process (PID=1771) to work on /home/airflow/.local/lib/python3.12/site-packages/airflow/example_dags/example_branch_operator.py
[2024-06-24T07:58:31.542+0000] {processor.py:830} INFO - Processing file /home/airflow/.local/lib/python3.12/site-packages/airflow/example_dags/example_branch_operator.py for tasks to queue
[2024-06-24T07:58:31.543+0000] {logging_mixin.py:188} INFO - [2024-06-24T07:58:31.543+0000] {dagbag.py:545} INFO - Filling up the DagBag from /home/airflow/.local/lib/python3.12/site-packages/airflow/example_dags/example_branch_operator.py
[2024-06-24T07:58:31.549+0000] {processor.py:840} INFO - DAG(s) 'example_branch_operator' retrieved from /home/airflow/.local/lib/python3.12/site-packages/airflow/example_dags/example_branch_operator.py
[2024-06-24T07:58:31.559+0000] {logging_mixin.py:188} INFO - [2024-06-24T07:58:31.559+0000] {dag.py:3096} INFO - Sync 1 DAGs
[2024-06-24T07:58:31.567+0000] {logging_mixin.py:188} INFO - [2024-06-24T07:58:31.566+0000] {dag.py:3954} INFO - Setting next_dagrun for example_branch_operator to 2024-06-23 00:00:00+00:00, run_after=2024-06-24 00:00:00+00:00
[2024-06-24T07:58:31.573+0000] {processor.py:183} INFO - Processing /home/airflow/.local/lib/python3.12/site-packages/airflow/example_dags/example_branch_operator.py took 0.034 seconds
[2024-06-24T07:59:02.206+0000] {processor.py:161} INFO - Started process (PID=1829) to work on /home/airflow/.local/lib/python3.12/site-packages/airflow/example_dags/example_branch_operator.py
[2024-06-24T07:59:02.207+0000] {processor.py:830} INFO - Processing file /home/airflow/.local/lib/python3.12/site-packages/airflow/example_dags/example_branch_operator.py for tasks to queue
[2024-06-24T07:59:02.208+0000] {logging_mixin.py:188} INFO - [2024-06-24T07:59:02.208+0000] {dagbag.py:545} INFO - Filling up the DagBag from /home/airflow/.local/lib/python3.12/site-packages/airflow/example_dags/example_branch_operator.py
[2024-06-24T07:59:02.214+0000] {processor.py:840} INFO - DAG(s) 'example_branch_operator' retrieved from /home/airflow/.local/lib/python3.12/site-packages/airflow/example_dags/example_branch_operator.py
[2024-06-24T07:59:02.225+0000] {logging_mixin.py:188} INFO - [2024-06-24T07:59:02.225+0000] {dag.py:3096} INFO - Sync 1 DAGs
[2024-06-24T07:59:02.233+0000] {logging_mixin.py:188} INFO - [2024-06-24T07:59:02.233+0000] {dag.py:3954} INFO - Setting next_dagrun for example_branch_operator to 2024-06-23 00:00:00+00:00, run_after=2024-06-24 00:00:00+00:00
[2024-06-24T07:59:02.240+0000] {processor.py:183} INFO - Processing /home/airflow/.local/lib/python3.12/site-packages/airflow/example_dags/example_branch_operator.py took 0.036 seconds
