[2024-06-24T07:43:20.146+0000] {processor.py:161} INFO - Started process (PID=73) to work on /home/airflow/.local/lib/python3.12/site-packages/airflow/example_dags/example_display_name.py
[2024-06-24T07:43:20.147+0000] {processor.py:830} INFO - Processing file /home/airflow/.local/lib/python3.12/site-packages/airflow/example_dags/example_display_name.py for tasks to queue
[2024-06-24T07:43:20.149+0000] {logging_mixin.py:188} INFO - [2024-06-24T07:43:20.148+0000] {dagbag.py:545} INFO - Filling up the DagBag from /home/airflow/.local/lib/python3.12/site-packages/airflow/example_dags/example_display_name.py
[2024-06-24T07:43:20.154+0000] {processor.py:840} INFO - DAG(s) 'example_display_name' retrieved from /home/airflow/.local/lib/python3.12/site-packages/airflow/example_dags/example_display_name.py
[2024-06-24T07:43:20.170+0000] {logging_mixin.py:188} INFO - [2024-06-24T07:43:20.170+0000] {dag.py:3096} INFO - Sync 1 DAGs
[2024-06-24T07:43:20.177+0000] {logging_mixin.py:188} INFO - [2024-06-24T07:43:20.177+0000] {dag.py:3954} INFO - Setting next_dagrun for example_display_name to None, run_after=None
[2024-06-24T07:43:20.186+0000] {processor.py:183} INFO - Processing /home/airflow/.local/lib/python3.12/site-packages/airflow/example_dags/example_display_name.py took 0.045 seconds
[2024-06-24T07:43:50.551+0000] {processor.py:161} INFO - Started process (PID=131) to work on /home/airflow/.local/lib/python3.12/site-packages/airflow/example_dags/example_display_name.py
[2024-06-24T07:43:50.552+0000] {processor.py:830} INFO - Processing file /home/airflow/.local/lib/python3.12/site-packages/airflow/example_dags/example_display_name.py for tasks to queue
[2024-06-24T07:43:50.553+0000] {logging_mixin.py:188} INFO - [2024-06-24T07:43:50.553+0000] {dagbag.py:545} INFO - Filling up the DagBag from /home/airflow/.local/lib/python3.12/site-packages/airflow/example_dags/example_display_name.py
[2024-06-24T07:43:50.555+0000] {processor.py:840} INFO - DAG(s) 'example_display_name' retrieved from /home/airflow/.local/lib/python3.12/site-packages/airflow/example_dags/example_display_name.py
[2024-06-24T07:43:50.564+0000] {logging_mixin.py:188} INFO - [2024-06-24T07:43:50.564+0000] {dag.py:3096} INFO - Sync 1 DAGs
[2024-06-24T07:43:50.568+0000] {logging_mixin.py:188} INFO - [2024-06-24T07:43:50.568+0000] {dag.py:3954} INFO - Setting next_dagrun for example_display_name to None, run_after=None
[2024-06-24T07:43:50.575+0000] {processor.py:183} INFO - Processing /home/airflow/.local/lib/python3.12/site-packages/airflow/example_dags/example_display_name.py took 0.026 seconds
[2024-06-24T07:44:20.974+0000] {processor.py:161} INFO - Started process (PID=189) to work on /home/airflow/.local/lib/python3.12/site-packages/airflow/example_dags/example_display_name.py
[2024-06-24T07:44:20.975+0000] {processor.py:830} INFO - Processing file /home/airflow/.local/lib/python3.12/site-packages/airflow/example_dags/example_display_name.py for tasks to queue
[2024-06-24T07:44:20.975+0000] {logging_mixin.py:188} INFO - [2024-06-24T07:44:20.975+0000] {dagbag.py:545} INFO - Filling up the DagBag from /home/airflow/.local/lib/python3.12/site-packages/airflow/example_dags/example_display_name.py
[2024-06-24T07:44:20.978+0000] {processor.py:840} INFO - DAG(s) 'example_display_name' retrieved from /home/airflow/.local/lib/python3.12/site-packages/airflow/example_dags/example_display_name.py
[2024-06-24T07:44:20.986+0000] {logging_mixin.py:188} INFO - [2024-06-24T07:44:20.986+0000] {dag.py:3096} INFO - Sync 1 DAGs
[2024-06-24T07:44:20.991+0000] {logging_mixin.py:188} INFO - [2024-06-24T07:44:20.991+0000] {dag.py:3954} INFO - Setting next_dagrun for example_display_name to None, run_after=None
[2024-06-24T07:44:20.997+0000] {processor.py:183} INFO - Processing /home/airflow/.local/lib/python3.12/site-packages/airflow/example_dags/example_display_name.py took 0.026 seconds
[2024-06-24T07:44:51.409+0000] {processor.py:161} INFO - Started process (PID=247) to work on /home/airflow/.local/lib/python3.12/site-packages/airflow/example_dags/example_display_name.py
[2024-06-24T07:44:51.410+0000] {processor.py:830} INFO - Processing file /home/airflow/.local/lib/python3.12/site-packages/airflow/example_dags/example_display_name.py for tasks to queue
[2024-06-24T07:44:51.410+0000] {logging_mixin.py:188} INFO - [2024-06-24T07:44:51.410+0000] {dagbag.py:545} INFO - Filling up the DagBag from /home/airflow/.local/lib/python3.12/site-packages/airflow/example_dags/example_display_name.py
[2024-06-24T07:44:51.413+0000] {processor.py:840} INFO - DAG(s) 'example_display_name' retrieved from /home/airflow/.local/lib/python3.12/site-packages/airflow/example_dags/example_display_name.py
[2024-06-24T07:44:51.420+0000] {logging_mixin.py:188} INFO - [2024-06-24T07:44:51.420+0000] {dag.py:3096} INFO - Sync 1 DAGs
[2024-06-24T07:44:51.425+0000] {logging_mixin.py:188} INFO - [2024-06-24T07:44:51.425+0000] {dag.py:3954} INFO - Setting next_dagrun for example_display_name to None, run_after=None
[2024-06-24T07:44:51.431+0000] {processor.py:183} INFO - Processing /home/airflow/.local/lib/python3.12/site-packages/airflow/example_dags/example_display_name.py took 0.025 seconds
[2024-06-24T07:45:21.866+0000] {processor.py:161} INFO - Started process (PID=305) to work on /home/airflow/.local/lib/python3.12/site-packages/airflow/example_dags/example_display_name.py
[2024-06-24T07:45:21.867+0000] {processor.py:830} INFO - Processing file /home/airflow/.local/lib/python3.12/site-packages/airflow/example_dags/example_display_name.py for tasks to queue
[2024-06-24T07:45:21.868+0000] {logging_mixin.py:188} INFO - [2024-06-24T07:45:21.868+0000] {dagbag.py:545} INFO - Filling up the DagBag from /home/airflow/.local/lib/python3.12/site-packages/airflow/example_dags/example_display_name.py
[2024-06-24T07:45:21.871+0000] {processor.py:840} INFO - DAG(s) 'example_display_name' retrieved from /home/airflow/.local/lib/python3.12/site-packages/airflow/example_dags/example_display_name.py
[2024-06-24T07:45:21.882+0000] {logging_mixin.py:188} INFO - [2024-06-24T07:45:21.882+0000] {dag.py:3096} INFO - Sync 1 DAGs
[2024-06-24T07:45:21.888+0000] {logging_mixin.py:188} INFO - [2024-06-24T07:45:21.887+0000] {dag.py:3954} INFO - Setting next_dagrun for example_display_name to None, run_after=None
[2024-06-24T07:45:21.896+0000] {processor.py:183} INFO - Processing /home/airflow/.local/lib/python3.12/site-packages/airflow/example_dags/example_display_name.py took 0.032 seconds
[2024-06-24T07:45:52.260+0000] {processor.py:161} INFO - Started process (PID=362) to work on /home/airflow/.local/lib/python3.12/site-packages/airflow/example_dags/example_display_name.py
[2024-06-24T07:45:52.261+0000] {processor.py:830} INFO - Processing file /home/airflow/.local/lib/python3.12/site-packages/airflow/example_dags/example_display_name.py for tasks to queue
[2024-06-24T07:45:52.261+0000] {logging_mixin.py:188} INFO - [2024-06-24T07:45:52.261+0000] {dagbag.py:545} INFO - Filling up the DagBag from /home/airflow/.local/lib/python3.12/site-packages/airflow/example_dags/example_display_name.py
[2024-06-24T07:45:52.264+0000] {processor.py:840} INFO - DAG(s) 'example_display_name' retrieved from /home/airflow/.local/lib/python3.12/site-packages/airflow/example_dags/example_display_name.py
[2024-06-24T07:45:52.271+0000] {logging_mixin.py:188} INFO - [2024-06-24T07:45:52.271+0000] {dag.py:3096} INFO - Sync 1 DAGs
[2024-06-24T07:45:52.276+0000] {logging_mixin.py:188} INFO - [2024-06-24T07:45:52.275+0000] {dag.py:3954} INFO - Setting next_dagrun for example_display_name to None, run_after=None
[2024-06-24T07:45:52.282+0000] {processor.py:183} INFO - Processing /home/airflow/.local/lib/python3.12/site-packages/airflow/example_dags/example_display_name.py took 0.025 seconds
[2024-06-24T07:46:22.596+0000] {processor.py:161} INFO - Started process (PID=420) to work on /home/airflow/.local/lib/python3.12/site-packages/airflow/example_dags/example_display_name.py
[2024-06-24T07:46:22.597+0000] {processor.py:830} INFO - Processing file /home/airflow/.local/lib/python3.12/site-packages/airflow/example_dags/example_display_name.py for tasks to queue
[2024-06-24T07:46:22.598+0000] {logging_mixin.py:188} INFO - [2024-06-24T07:46:22.598+0000] {dagbag.py:545} INFO - Filling up the DagBag from /home/airflow/.local/lib/python3.12/site-packages/airflow/example_dags/example_display_name.py
[2024-06-24T07:46:22.600+0000] {processor.py:840} INFO - DAG(s) 'example_display_name' retrieved from /home/airflow/.local/lib/python3.12/site-packages/airflow/example_dags/example_display_name.py
[2024-06-24T07:46:22.609+0000] {logging_mixin.py:188} INFO - [2024-06-24T07:46:22.609+0000] {dag.py:3096} INFO - Sync 1 DAGs
[2024-06-24T07:46:22.614+0000] {logging_mixin.py:188} INFO - [2024-06-24T07:46:22.614+0000] {dag.py:3954} INFO - Setting next_dagrun for example_display_name to None, run_after=None
[2024-06-24T07:46:22.621+0000] {processor.py:183} INFO - Processing /home/airflow/.local/lib/python3.12/site-packages/airflow/example_dags/example_display_name.py took 0.027 seconds
[2024-06-24T07:46:52.975+0000] {processor.py:161} INFO - Started process (PID=477) to work on /home/airflow/.local/lib/python3.12/site-packages/airflow/example_dags/example_display_name.py
[2024-06-24T07:46:52.975+0000] {processor.py:830} INFO - Processing file /home/airflow/.local/lib/python3.12/site-packages/airflow/example_dags/example_display_name.py for tasks to queue
[2024-06-24T07:46:52.976+0000] {logging_mixin.py:188} INFO - [2024-06-24T07:46:52.976+0000] {dagbag.py:545} INFO - Filling up the DagBag from /home/airflow/.local/lib/python3.12/site-packages/airflow/example_dags/example_display_name.py
[2024-06-24T07:46:52.978+0000] {processor.py:840} INFO - DAG(s) 'example_display_name' retrieved from /home/airflow/.local/lib/python3.12/site-packages/airflow/example_dags/example_display_name.py
[2024-06-24T07:46:52.987+0000] {logging_mixin.py:188} INFO - [2024-06-24T07:46:52.987+0000] {dag.py:3096} INFO - Sync 1 DAGs
[2024-06-24T07:46:52.992+0000] {logging_mixin.py:188} INFO - [2024-06-24T07:46:52.992+0000] {dag.py:3954} INFO - Setting next_dagrun for example_display_name to None, run_after=None
[2024-06-24T07:46:52.999+0000] {processor.py:183} INFO - Processing /home/airflow/.local/lib/python3.12/site-packages/airflow/example_dags/example_display_name.py took 0.027 seconds
[2024-06-24T07:47:23.312+0000] {processor.py:161} INFO - Started process (PID=535) to work on /home/airflow/.local/lib/python3.12/site-packages/airflow/example_dags/example_display_name.py
[2024-06-24T07:47:23.313+0000] {processor.py:830} INFO - Processing file /home/airflow/.local/lib/python3.12/site-packages/airflow/example_dags/example_display_name.py for tasks to queue
[2024-06-24T07:47:23.313+0000] {logging_mixin.py:188} INFO - [2024-06-24T07:47:23.313+0000] {dagbag.py:545} INFO - Filling up the DagBag from /home/airflow/.local/lib/python3.12/site-packages/airflow/example_dags/example_display_name.py
[2024-06-24T07:47:23.316+0000] {processor.py:840} INFO - DAG(s) 'example_display_name' retrieved from /home/airflow/.local/lib/python3.12/site-packages/airflow/example_dags/example_display_name.py
[2024-06-24T07:47:23.323+0000] {logging_mixin.py:188} INFO - [2024-06-24T07:47:23.323+0000] {dag.py:3096} INFO - Sync 1 DAGs
[2024-06-24T07:47:23.328+0000] {logging_mixin.py:188} INFO - [2024-06-24T07:47:23.328+0000] {dag.py:3954} INFO - Setting next_dagrun for example_display_name to None, run_after=None
[2024-06-24T07:47:23.335+0000] {processor.py:183} INFO - Processing /home/airflow/.local/lib/python3.12/site-packages/airflow/example_dags/example_display_name.py took 0.025 seconds
[2024-06-24T07:47:53.717+0000] {processor.py:161} INFO - Started process (PID=592) to work on /home/airflow/.local/lib/python3.12/site-packages/airflow/example_dags/example_display_name.py
[2024-06-24T07:47:53.717+0000] {processor.py:830} INFO - Processing file /home/airflow/.local/lib/python3.12/site-packages/airflow/example_dags/example_display_name.py for tasks to queue
[2024-06-24T07:47:53.718+0000] {logging_mixin.py:188} INFO - [2024-06-24T07:47:53.718+0000] {dagbag.py:545} INFO - Filling up the DagBag from /home/airflow/.local/lib/python3.12/site-packages/airflow/example_dags/example_display_name.py
[2024-06-24T07:47:53.720+0000] {processor.py:840} INFO - DAG(s) 'example_display_name' retrieved from /home/airflow/.local/lib/python3.12/site-packages/airflow/example_dags/example_display_name.py
[2024-06-24T07:47:53.728+0000] {logging_mixin.py:188} INFO - [2024-06-24T07:47:53.728+0000] {dag.py:3096} INFO - Sync 1 DAGs
[2024-06-24T07:47:53.732+0000] {logging_mixin.py:188} INFO - [2024-06-24T07:47:53.732+0000] {dag.py:3954} INFO - Setting next_dagrun for example_display_name to None, run_after=None
[2024-06-24T07:47:53.740+0000] {processor.py:183} INFO - Processing /home/airflow/.local/lib/python3.12/site-packages/airflow/example_dags/example_display_name.py took 0.026 seconds
[2024-06-24T07:48:24.191+0000] {processor.py:161} INFO - Started process (PID=650) to work on /home/airflow/.local/lib/python3.12/site-packages/airflow/example_dags/example_display_name.py
[2024-06-24T07:48:24.191+0000] {processor.py:830} INFO - Processing file /home/airflow/.local/lib/python3.12/site-packages/airflow/example_dags/example_display_name.py for tasks to queue
[2024-06-24T07:48:24.192+0000] {logging_mixin.py:188} INFO - [2024-06-24T07:48:24.192+0000] {dagbag.py:545} INFO - Filling up the DagBag from /home/airflow/.local/lib/python3.12/site-packages/airflow/example_dags/example_display_name.py
[2024-06-24T07:48:24.195+0000] {processor.py:840} INFO - DAG(s) 'example_display_name' retrieved from /home/airflow/.local/lib/python3.12/site-packages/airflow/example_dags/example_display_name.py
[2024-06-24T07:48:24.203+0000] {logging_mixin.py:188} INFO - [2024-06-24T07:48:24.203+0000] {dag.py:3096} INFO - Sync 1 DAGs
[2024-06-24T07:48:24.208+0000] {logging_mixin.py:188} INFO - [2024-06-24T07:48:24.208+0000] {dag.py:3954} INFO - Setting next_dagrun for example_display_name to None, run_after=None
[2024-06-24T07:48:24.215+0000] {processor.py:183} INFO - Processing /home/airflow/.local/lib/python3.12/site-packages/airflow/example_dags/example_display_name.py took 0.027 seconds
[2024-06-24T07:48:54.695+0000] {processor.py:161} INFO - Started process (PID=708) to work on /home/airflow/.local/lib/python3.12/site-packages/airflow/example_dags/example_display_name.py
[2024-06-24T07:48:54.697+0000] {processor.py:830} INFO - Processing file /home/airflow/.local/lib/python3.12/site-packages/airflow/example_dags/example_display_name.py for tasks to queue
[2024-06-24T07:48:54.699+0000] {logging_mixin.py:188} INFO - [2024-06-24T07:48:54.698+0000] {dagbag.py:545} INFO - Filling up the DagBag from /home/airflow/.local/lib/python3.12/site-packages/airflow/example_dags/example_display_name.py
[2024-06-24T07:48:54.706+0000] {processor.py:840} INFO - DAG(s) 'example_display_name' retrieved from /home/airflow/.local/lib/python3.12/site-packages/airflow/example_dags/example_display_name.py
[2024-06-24T07:48:54.715+0000] {logging_mixin.py:188} INFO - [2024-06-24T07:48:54.714+0000] {dag.py:3096} INFO - Sync 1 DAGs
[2024-06-24T07:48:54.720+0000] {logging_mixin.py:188} INFO - [2024-06-24T07:48:54.719+0000] {dag.py:3954} INFO - Setting next_dagrun for example_display_name to None, run_after=None
[2024-06-24T07:48:54.727+0000] {processor.py:183} INFO - Processing /home/airflow/.local/lib/python3.12/site-packages/airflow/example_dags/example_display_name.py took 0.034 seconds
[2024-06-24T07:49:25.186+0000] {processor.py:161} INFO - Started process (PID=765) to work on /home/airflow/.local/lib/python3.12/site-packages/airflow/example_dags/example_display_name.py
[2024-06-24T07:49:25.187+0000] {processor.py:830} INFO - Processing file /home/airflow/.local/lib/python3.12/site-packages/airflow/example_dags/example_display_name.py for tasks to queue
[2024-06-24T07:49:25.188+0000] {logging_mixin.py:188} INFO - [2024-06-24T07:49:25.188+0000] {dagbag.py:545} INFO - Filling up the DagBag from /home/airflow/.local/lib/python3.12/site-packages/airflow/example_dags/example_display_name.py
[2024-06-24T07:49:25.192+0000] {processor.py:840} INFO - DAG(s) 'example_display_name' retrieved from /home/airflow/.local/lib/python3.12/site-packages/airflow/example_dags/example_display_name.py
[2024-06-24T07:49:25.201+0000] {logging_mixin.py:188} INFO - [2024-06-24T07:49:25.200+0000] {dag.py:3096} INFO - Sync 1 DAGs
[2024-06-24T07:49:25.209+0000] {logging_mixin.py:188} INFO - [2024-06-24T07:49:25.209+0000] {dag.py:3954} INFO - Setting next_dagrun for example_display_name to None, run_after=None
[2024-06-24T07:49:25.217+0000] {processor.py:183} INFO - Processing /home/airflow/.local/lib/python3.12/site-packages/airflow/example_dags/example_display_name.py took 0.033 seconds
[2024-06-24T07:49:55.595+0000] {processor.py:161} INFO - Started process (PID=823) to work on /home/airflow/.local/lib/python3.12/site-packages/airflow/example_dags/example_display_name.py
[2024-06-24T07:49:55.596+0000] {processor.py:830} INFO - Processing file /home/airflow/.local/lib/python3.12/site-packages/airflow/example_dags/example_display_name.py for tasks to queue
[2024-06-24T07:49:55.597+0000] {logging_mixin.py:188} INFO - [2024-06-24T07:49:55.596+0000] {dagbag.py:545} INFO - Filling up the DagBag from /home/airflow/.local/lib/python3.12/site-packages/airflow/example_dags/example_display_name.py
[2024-06-24T07:49:55.599+0000] {processor.py:840} INFO - DAG(s) 'example_display_name' retrieved from /home/airflow/.local/lib/python3.12/site-packages/airflow/example_dags/example_display_name.py
[2024-06-24T07:49:55.608+0000] {logging_mixin.py:188} INFO - [2024-06-24T07:49:55.607+0000] {dag.py:3096} INFO - Sync 1 DAGs
[2024-06-24T07:49:55.613+0000] {logging_mixin.py:188} INFO - [2024-06-24T07:49:55.613+0000] {dag.py:3954} INFO - Setting next_dagrun for example_display_name to None, run_after=None
[2024-06-24T07:49:55.620+0000] {processor.py:183} INFO - Processing /home/airflow/.local/lib/python3.12/site-packages/airflow/example_dags/example_display_name.py took 0.028 seconds
[2024-06-24T07:50:26.014+0000] {processor.py:161} INFO - Started process (PID=881) to work on /home/airflow/.local/lib/python3.12/site-packages/airflow/example_dags/example_display_name.py
[2024-06-24T07:50:26.015+0000] {processor.py:830} INFO - Processing file /home/airflow/.local/lib/python3.12/site-packages/airflow/example_dags/example_display_name.py for tasks to queue
[2024-06-24T07:50:26.015+0000] {logging_mixin.py:188} INFO - [2024-06-24T07:50:26.015+0000] {dagbag.py:545} INFO - Filling up the DagBag from /home/airflow/.local/lib/python3.12/site-packages/airflow/example_dags/example_display_name.py
[2024-06-24T07:50:26.018+0000] {processor.py:840} INFO - DAG(s) 'example_display_name' retrieved from /home/airflow/.local/lib/python3.12/site-packages/airflow/example_dags/example_display_name.py
[2024-06-24T07:50:26.025+0000] {logging_mixin.py:188} INFO - [2024-06-24T07:50:26.025+0000] {dag.py:3096} INFO - Sync 1 DAGs
[2024-06-24T07:50:26.029+0000] {logging_mixin.py:188} INFO - [2024-06-24T07:50:26.029+0000] {dag.py:3954} INFO - Setting next_dagrun for example_display_name to None, run_after=None
[2024-06-24T07:50:26.035+0000] {processor.py:183} INFO - Processing /home/airflow/.local/lib/python3.12/site-packages/airflow/example_dags/example_display_name.py took 0.024 seconds
[2024-06-24T07:50:56.607+0000] {processor.py:161} INFO - Started process (PID=939) to work on /home/airflow/.local/lib/python3.12/site-packages/airflow/example_dags/example_display_name.py
[2024-06-24T07:50:56.608+0000] {processor.py:830} INFO - Processing file /home/airflow/.local/lib/python3.12/site-packages/airflow/example_dags/example_display_name.py for tasks to queue
[2024-06-24T07:50:56.609+0000] {logging_mixin.py:188} INFO - [2024-06-24T07:50:56.609+0000] {dagbag.py:545} INFO - Filling up the DagBag from /home/airflow/.local/lib/python3.12/site-packages/airflow/example_dags/example_display_name.py
[2024-06-24T07:50:56.611+0000] {processor.py:840} INFO - DAG(s) 'example_display_name' retrieved from /home/airflow/.local/lib/python3.12/site-packages/airflow/example_dags/example_display_name.py
[2024-06-24T07:50:56.620+0000] {logging_mixin.py:188} INFO - [2024-06-24T07:50:56.620+0000] {dag.py:3096} INFO - Sync 1 DAGs
[2024-06-24T07:50:56.625+0000] {logging_mixin.py:188} INFO - [2024-06-24T07:50:56.625+0000] {dag.py:3954} INFO - Setting next_dagrun for example_display_name to None, run_after=None
[2024-06-24T07:50:56.632+0000] {processor.py:183} INFO - Processing /home/airflow/.local/lib/python3.12/site-packages/airflow/example_dags/example_display_name.py took 0.027 seconds
[2024-06-24T07:51:26.944+0000] {processor.py:161} INFO - Started process (PID=996) to work on /home/airflow/.local/lib/python3.12/site-packages/airflow/example_dags/example_display_name.py
[2024-06-24T07:51:26.945+0000] {processor.py:830} INFO - Processing file /home/airflow/.local/lib/python3.12/site-packages/airflow/example_dags/example_display_name.py for tasks to queue
[2024-06-24T07:51:26.946+0000] {logging_mixin.py:188} INFO - [2024-06-24T07:51:26.945+0000] {dagbag.py:545} INFO - Filling up the DagBag from /home/airflow/.local/lib/python3.12/site-packages/airflow/example_dags/example_display_name.py
[2024-06-24T07:51:26.948+0000] {processor.py:840} INFO - DAG(s) 'example_display_name' retrieved from /home/airflow/.local/lib/python3.12/site-packages/airflow/example_dags/example_display_name.py
[2024-06-24T07:51:26.956+0000] {logging_mixin.py:188} INFO - [2024-06-24T07:51:26.956+0000] {dag.py:3096} INFO - Sync 1 DAGs
[2024-06-24T07:51:26.961+0000] {logging_mixin.py:188} INFO - [2024-06-24T07:51:26.961+0000] {dag.py:3954} INFO - Setting next_dagrun for example_display_name to None, run_after=None
[2024-06-24T07:51:26.968+0000] {processor.py:183} INFO - Processing /home/airflow/.local/lib/python3.12/site-packages/airflow/example_dags/example_display_name.py took 0.026 seconds
[2024-06-24T07:51:57.376+0000] {processor.py:161} INFO - Started process (PID=1054) to work on /home/airflow/.local/lib/python3.12/site-packages/airflow/example_dags/example_display_name.py
[2024-06-24T07:51:57.377+0000] {processor.py:830} INFO - Processing file /home/airflow/.local/lib/python3.12/site-packages/airflow/example_dags/example_display_name.py for tasks to queue
[2024-06-24T07:51:57.378+0000] {logging_mixin.py:188} INFO - [2024-06-24T07:51:57.378+0000] {dagbag.py:545} INFO - Filling up the DagBag from /home/airflow/.local/lib/python3.12/site-packages/airflow/example_dags/example_display_name.py
[2024-06-24T07:51:57.380+0000] {processor.py:840} INFO - DAG(s) 'example_display_name' retrieved from /home/airflow/.local/lib/python3.12/site-packages/airflow/example_dags/example_display_name.py
[2024-06-24T07:51:57.387+0000] {logging_mixin.py:188} INFO - [2024-06-24T07:51:57.387+0000] {dag.py:3096} INFO - Sync 1 DAGs
[2024-06-24T07:51:57.392+0000] {logging_mixin.py:188} INFO - [2024-06-24T07:51:57.392+0000] {dag.py:3954} INFO - Setting next_dagrun for example_display_name to None, run_after=None
[2024-06-24T07:51:57.399+0000] {processor.py:183} INFO - Processing /home/airflow/.local/lib/python3.12/site-packages/airflow/example_dags/example_display_name.py took 0.025 seconds
[2024-06-24T07:52:27.842+0000] {processor.py:161} INFO - Started process (PID=1112) to work on /home/airflow/.local/lib/python3.12/site-packages/airflow/example_dags/example_display_name.py
[2024-06-24T07:52:27.842+0000] {processor.py:830} INFO - Processing file /home/airflow/.local/lib/python3.12/site-packages/airflow/example_dags/example_display_name.py for tasks to queue
[2024-06-24T07:52:27.843+0000] {logging_mixin.py:188} INFO - [2024-06-24T07:52:27.843+0000] {dagbag.py:545} INFO - Filling up the DagBag from /home/airflow/.local/lib/python3.12/site-packages/airflow/example_dags/example_display_name.py
[2024-06-24T07:52:27.846+0000] {processor.py:840} INFO - DAG(s) 'example_display_name' retrieved from /home/airflow/.local/lib/python3.12/site-packages/airflow/example_dags/example_display_name.py
[2024-06-24T07:52:27.856+0000] {logging_mixin.py:188} INFO - [2024-06-24T07:52:27.856+0000] {dag.py:3096} INFO - Sync 1 DAGs
[2024-06-24T07:52:27.861+0000] {logging_mixin.py:188} INFO - [2024-06-24T07:52:27.861+0000] {dag.py:3954} INFO - Setting next_dagrun for example_display_name to None, run_after=None
[2024-06-24T07:52:27.869+0000] {processor.py:183} INFO - Processing /home/airflow/.local/lib/python3.12/site-packages/airflow/example_dags/example_display_name.py took 0.030 seconds
[2024-06-24T07:52:58.229+0000] {processor.py:161} INFO - Started process (PID=1169) to work on /home/airflow/.local/lib/python3.12/site-packages/airflow/example_dags/example_display_name.py
[2024-06-24T07:52:58.230+0000] {processor.py:830} INFO - Processing file /home/airflow/.local/lib/python3.12/site-packages/airflow/example_dags/example_display_name.py for tasks to queue
[2024-06-24T07:52:58.231+0000] {logging_mixin.py:188} INFO - [2024-06-24T07:52:58.231+0000] {dagbag.py:545} INFO - Filling up the DagBag from /home/airflow/.local/lib/python3.12/site-packages/airflow/example_dags/example_display_name.py
[2024-06-24T07:52:58.234+0000] {processor.py:840} INFO - DAG(s) 'example_display_name' retrieved from /home/airflow/.local/lib/python3.12/site-packages/airflow/example_dags/example_display_name.py
[2024-06-24T07:52:58.242+0000] {logging_mixin.py:188} INFO - [2024-06-24T07:52:58.242+0000] {dag.py:3096} INFO - Sync 1 DAGs
[2024-06-24T07:52:58.247+0000] {logging_mixin.py:188} INFO - [2024-06-24T07:52:58.247+0000] {dag.py:3954} INFO - Setting next_dagrun for example_display_name to None, run_after=None
[2024-06-24T07:52:58.253+0000] {processor.py:183} INFO - Processing /home/airflow/.local/lib/python3.12/site-packages/airflow/example_dags/example_display_name.py took 0.027 seconds
[2024-06-24T07:53:28.688+0000] {processor.py:161} INFO - Started process (PID=1227) to work on /home/airflow/.local/lib/python3.12/site-packages/airflow/example_dags/example_display_name.py
[2024-06-24T07:53:28.688+0000] {processor.py:830} INFO - Processing file /home/airflow/.local/lib/python3.12/site-packages/airflow/example_dags/example_display_name.py for tasks to queue
[2024-06-24T07:53:28.689+0000] {logging_mixin.py:188} INFO - [2024-06-24T07:53:28.689+0000] {dagbag.py:545} INFO - Filling up the DagBag from /home/airflow/.local/lib/python3.12/site-packages/airflow/example_dags/example_display_name.py
[2024-06-24T07:53:28.692+0000] {processor.py:840} INFO - DAG(s) 'example_display_name' retrieved from /home/airflow/.local/lib/python3.12/site-packages/airflow/example_dags/example_display_name.py
[2024-06-24T07:53:28.700+0000] {logging_mixin.py:188} INFO - [2024-06-24T07:53:28.699+0000] {dag.py:3096} INFO - Sync 1 DAGs
[2024-06-24T07:53:28.705+0000] {logging_mixin.py:188} INFO - [2024-06-24T07:53:28.704+0000] {dag.py:3954} INFO - Setting next_dagrun for example_display_name to None, run_after=None
[2024-06-24T07:53:28.712+0000] {processor.py:183} INFO - Processing /home/airflow/.local/lib/python3.12/site-packages/airflow/example_dags/example_display_name.py took 0.026 seconds
[2024-06-24T07:53:59.152+0000] {processor.py:161} INFO - Started process (PID=1285) to work on /home/airflow/.local/lib/python3.12/site-packages/airflow/example_dags/example_display_name.py
[2024-06-24T07:53:59.153+0000] {processor.py:830} INFO - Processing file /home/airflow/.local/lib/python3.12/site-packages/airflow/example_dags/example_display_name.py for tasks to queue
[2024-06-24T07:53:59.154+0000] {logging_mixin.py:188} INFO - [2024-06-24T07:53:59.154+0000] {dagbag.py:545} INFO - Filling up the DagBag from /home/airflow/.local/lib/python3.12/site-packages/airflow/example_dags/example_display_name.py
[2024-06-24T07:53:59.156+0000] {processor.py:840} INFO - DAG(s) 'example_display_name' retrieved from /home/airflow/.local/lib/python3.12/site-packages/airflow/example_dags/example_display_name.py
[2024-06-24T07:53:59.164+0000] {logging_mixin.py:188} INFO - [2024-06-24T07:53:59.164+0000] {dag.py:3096} INFO - Sync 1 DAGs
[2024-06-24T07:53:59.168+0000] {logging_mixin.py:188} INFO - [2024-06-24T07:53:59.168+0000] {dag.py:3954} INFO - Setting next_dagrun for example_display_name to None, run_after=None
[2024-06-24T07:53:59.175+0000] {processor.py:183} INFO - Processing /home/airflow/.local/lib/python3.12/site-packages/airflow/example_dags/example_display_name.py took 0.026 seconds
[2024-06-24T07:54:29.575+0000] {processor.py:161} INFO - Started process (PID=1343) to work on /home/airflow/.local/lib/python3.12/site-packages/airflow/example_dags/example_display_name.py
[2024-06-24T07:54:29.577+0000] {processor.py:830} INFO - Processing file /home/airflow/.local/lib/python3.12/site-packages/airflow/example_dags/example_display_name.py for tasks to queue
[2024-06-24T07:54:29.579+0000] {logging_mixin.py:188} INFO - [2024-06-24T07:54:29.579+0000] {dagbag.py:545} INFO - Filling up the DagBag from /home/airflow/.local/lib/python3.12/site-packages/airflow/example_dags/example_display_name.py
[2024-06-24T07:54:29.582+0000] {processor.py:840} INFO - DAG(s) 'example_display_name' retrieved from /home/airflow/.local/lib/python3.12/site-packages/airflow/example_dags/example_display_name.py
[2024-06-24T07:54:29.591+0000] {logging_mixin.py:188} INFO - [2024-06-24T07:54:29.590+0000] {dag.py:3096} INFO - Sync 1 DAGs
[2024-06-24T07:54:29.596+0000] {logging_mixin.py:188} INFO - [2024-06-24T07:54:29.595+0000] {dag.py:3954} INFO - Setting next_dagrun for example_display_name to None, run_after=None
[2024-06-24T07:54:29.602+0000] {processor.py:183} INFO - Processing /home/airflow/.local/lib/python3.12/site-packages/airflow/example_dags/example_display_name.py took 0.030 seconds
[2024-06-24T07:55:00.126+0000] {processor.py:161} INFO - Started process (PID=1400) to work on /home/airflow/.local/lib/python3.12/site-packages/airflow/example_dags/example_display_name.py
[2024-06-24T07:55:00.127+0000] {processor.py:830} INFO - Processing file /home/airflow/.local/lib/python3.12/site-packages/airflow/example_dags/example_display_name.py for tasks to queue
[2024-06-24T07:55:00.128+0000] {logging_mixin.py:188} INFO - [2024-06-24T07:55:00.128+0000] {dagbag.py:545} INFO - Filling up the DagBag from /home/airflow/.local/lib/python3.12/site-packages/airflow/example_dags/example_display_name.py
[2024-06-24T07:55:00.130+0000] {processor.py:840} INFO - DAG(s) 'example_display_name' retrieved from /home/airflow/.local/lib/python3.12/site-packages/airflow/example_dags/example_display_name.py
[2024-06-24T07:55:00.138+0000] {logging_mixin.py:188} INFO - [2024-06-24T07:55:00.138+0000] {dag.py:3096} INFO - Sync 1 DAGs
[2024-06-24T07:55:00.143+0000] {logging_mixin.py:188} INFO - [2024-06-24T07:55:00.143+0000] {dag.py:3954} INFO - Setting next_dagrun for example_display_name to None, run_after=None
[2024-06-24T07:55:00.150+0000] {processor.py:183} INFO - Processing /home/airflow/.local/lib/python3.12/site-packages/airflow/example_dags/example_display_name.py took 0.026 seconds
[2024-06-24T07:55:30.729+0000] {processor.py:161} INFO - Started process (PID=1458) to work on /home/airflow/.local/lib/python3.12/site-packages/airflow/example_dags/example_display_name.py
[2024-06-24T07:55:30.730+0000] {processor.py:830} INFO - Processing file /home/airflow/.local/lib/python3.12/site-packages/airflow/example_dags/example_display_name.py for tasks to queue
[2024-06-24T07:55:30.731+0000] {logging_mixin.py:188} INFO - [2024-06-24T07:55:30.731+0000] {dagbag.py:545} INFO - Filling up the DagBag from /home/airflow/.local/lib/python3.12/site-packages/airflow/example_dags/example_display_name.py
[2024-06-24T07:55:30.733+0000] {processor.py:840} INFO - DAG(s) 'example_display_name' retrieved from /home/airflow/.local/lib/python3.12/site-packages/airflow/example_dags/example_display_name.py
[2024-06-24T07:55:30.742+0000] {logging_mixin.py:188} INFO - [2024-06-24T07:55:30.741+0000] {dag.py:3096} INFO - Sync 1 DAGs
[2024-06-24T07:55:30.747+0000] {logging_mixin.py:188} INFO - [2024-06-24T07:55:30.747+0000] {dag.py:3954} INFO - Setting next_dagrun for example_display_name to None, run_after=None
[2024-06-24T07:55:30.754+0000] {processor.py:183} INFO - Processing /home/airflow/.local/lib/python3.12/site-packages/airflow/example_dags/example_display_name.py took 0.027 seconds
[2024-06-24T07:56:01.287+0000] {processor.py:161} INFO - Started process (PID=1516) to work on /home/airflow/.local/lib/python3.12/site-packages/airflow/example_dags/example_display_name.py
[2024-06-24T07:56:01.288+0000] {processor.py:830} INFO - Processing file /home/airflow/.local/lib/python3.12/site-packages/airflow/example_dags/example_display_name.py for tasks to queue
[2024-06-24T07:56:01.289+0000] {logging_mixin.py:188} INFO - [2024-06-24T07:56:01.289+0000] {dagbag.py:545} INFO - Filling up the DagBag from /home/airflow/.local/lib/python3.12/site-packages/airflow/example_dags/example_display_name.py
[2024-06-24T07:56:01.292+0000] {processor.py:840} INFO - DAG(s) 'example_display_name' retrieved from /home/airflow/.local/lib/python3.12/site-packages/airflow/example_dags/example_display_name.py
[2024-06-24T07:56:01.300+0000] {logging_mixin.py:188} INFO - [2024-06-24T07:56:01.300+0000] {dag.py:3096} INFO - Sync 1 DAGs
[2024-06-24T07:56:01.305+0000] {logging_mixin.py:188} INFO - [2024-06-24T07:56:01.305+0000] {dag.py:3954} INFO - Setting next_dagrun for example_display_name to None, run_after=None
[2024-06-24T07:56:01.312+0000] {processor.py:183} INFO - Processing /home/airflow/.local/lib/python3.12/site-packages/airflow/example_dags/example_display_name.py took 0.027 seconds
[2024-06-24T07:56:31.899+0000] {processor.py:161} INFO - Started process (PID=1573) to work on /home/airflow/.local/lib/python3.12/site-packages/airflow/example_dags/example_display_name.py
[2024-06-24T07:56:31.900+0000] {processor.py:830} INFO - Processing file /home/airflow/.local/lib/python3.12/site-packages/airflow/example_dags/example_display_name.py for tasks to queue
[2024-06-24T07:56:31.901+0000] {logging_mixin.py:188} INFO - [2024-06-24T07:56:31.901+0000] {dagbag.py:545} INFO - Filling up the DagBag from /home/airflow/.local/lib/python3.12/site-packages/airflow/example_dags/example_display_name.py
[2024-06-24T07:56:31.904+0000] {processor.py:840} INFO - DAG(s) 'example_display_name' retrieved from /home/airflow/.local/lib/python3.12/site-packages/airflow/example_dags/example_display_name.py
[2024-06-24T07:56:31.913+0000] {logging_mixin.py:188} INFO - [2024-06-24T07:56:31.913+0000] {dag.py:3096} INFO - Sync 1 DAGs
[2024-06-24T07:56:31.918+0000] {logging_mixin.py:188} INFO - [2024-06-24T07:56:31.918+0000] {dag.py:3954} INFO - Setting next_dagrun for example_display_name to None, run_after=None
[2024-06-24T07:56:31.925+0000] {processor.py:183} INFO - Processing /home/airflow/.local/lib/python3.12/site-packages/airflow/example_dags/example_display_name.py took 0.029 seconds
[2024-06-24T07:57:02.840+0000] {processor.py:161} INFO - Started process (PID=1631) to work on /home/airflow/.local/lib/python3.12/site-packages/airflow/example_dags/example_display_name.py
[2024-06-24T07:57:02.844+0000] {processor.py:830} INFO - Processing file /home/airflow/.local/lib/python3.12/site-packages/airflow/example_dags/example_display_name.py for tasks to queue
[2024-06-24T07:57:02.845+0000] {logging_mixin.py:188} INFO - [2024-06-24T07:57:02.845+0000] {dagbag.py:545} INFO - Filling up the DagBag from /home/airflow/.local/lib/python3.12/site-packages/airflow/example_dags/example_display_name.py
[2024-06-24T07:57:02.847+0000] {processor.py:840} INFO - DAG(s) 'example_display_name' retrieved from /home/airflow/.local/lib/python3.12/site-packages/airflow/example_dags/example_display_name.py
[2024-06-24T07:57:02.855+0000] {logging_mixin.py:188} INFO - [2024-06-24T07:57:02.855+0000] {dag.py:3096} INFO - Sync 1 DAGs
[2024-06-24T07:57:02.860+0000] {logging_mixin.py:188} INFO - [2024-06-24T07:57:02.860+0000] {dag.py:3954} INFO - Setting next_dagrun for example_display_name to None, run_after=None
[2024-06-24T07:57:02.867+0000] {processor.py:183} INFO - Processing /home/airflow/.local/lib/python3.12/site-packages/airflow/example_dags/example_display_name.py took 0.030 seconds
[2024-06-24T07:57:34.309+0000] {processor.py:161} INFO - Started process (PID=1689) to work on /home/airflow/.local/lib/python3.12/site-packages/airflow/example_dags/example_display_name.py
[2024-06-24T07:57:34.309+0000] {processor.py:830} INFO - Processing file /home/airflow/.local/lib/python3.12/site-packages/airflow/example_dags/example_display_name.py for tasks to queue
[2024-06-24T07:57:34.310+0000] {logging_mixin.py:188} INFO - [2024-06-24T07:57:34.310+0000] {dagbag.py:545} INFO - Filling up the DagBag from /home/airflow/.local/lib/python3.12/site-packages/airflow/example_dags/example_display_name.py
[2024-06-24T07:57:34.313+0000] {processor.py:840} INFO - DAG(s) 'example_display_name' retrieved from /home/airflow/.local/lib/python3.12/site-packages/airflow/example_dags/example_display_name.py
[2024-06-24T07:57:34.320+0000] {logging_mixin.py:188} INFO - [2024-06-24T07:57:34.320+0000] {dag.py:3096} INFO - Sync 1 DAGs
[2024-06-24T07:57:34.325+0000] {logging_mixin.py:188} INFO - [2024-06-24T07:57:34.325+0000] {dag.py:3954} INFO - Setting next_dagrun for example_display_name to None, run_after=None
[2024-06-24T07:57:34.331+0000] {processor.py:183} INFO - Processing /home/airflow/.local/lib/python3.12/site-packages/airflow/example_dags/example_display_name.py took 0.025 seconds
[2024-06-24T07:58:05.701+0000] {processor.py:161} INFO - Started process (PID=1747) to work on /home/airflow/.local/lib/python3.12/site-packages/airflow/example_dags/example_display_name.py
[2024-06-24T07:58:05.702+0000] {processor.py:830} INFO - Processing file /home/airflow/.local/lib/python3.12/site-packages/airflow/example_dags/example_display_name.py for tasks to queue
[2024-06-24T07:58:05.703+0000] {logging_mixin.py:188} INFO - [2024-06-24T07:58:05.703+0000] {dagbag.py:545} INFO - Filling up the DagBag from /home/airflow/.local/lib/python3.12/site-packages/airflow/example_dags/example_display_name.py
[2024-06-24T07:58:05.706+0000] {processor.py:840} INFO - DAG(s) 'example_display_name' retrieved from /home/airflow/.local/lib/python3.12/site-packages/airflow/example_dags/example_display_name.py
[2024-06-24T07:58:05.713+0000] {logging_mixin.py:188} INFO - [2024-06-24T07:58:05.713+0000] {dag.py:3096} INFO - Sync 1 DAGs
[2024-06-24T07:58:05.795+0000] {logging_mixin.py:188} INFO - [2024-06-24T07:58:05.795+0000] {dag.py:3954} INFO - Setting next_dagrun for example_display_name to None, run_after=None
[2024-06-24T07:58:05.801+0000] {processor.py:183} INFO - Processing /home/airflow/.local/lib/python3.12/site-packages/airflow/example_dags/example_display_name.py took 0.103 seconds
[2024-06-24T07:58:36.331+0000] {processor.py:161} INFO - Started process (PID=1805) to work on /home/airflow/.local/lib/python3.12/site-packages/airflow/example_dags/example_display_name.py
[2024-06-24T07:58:36.331+0000] {processor.py:830} INFO - Processing file /home/airflow/.local/lib/python3.12/site-packages/airflow/example_dags/example_display_name.py for tasks to queue
[2024-06-24T07:58:36.332+0000] {logging_mixin.py:188} INFO - [2024-06-24T07:58:36.332+0000] {dagbag.py:545} INFO - Filling up the DagBag from /home/airflow/.local/lib/python3.12/site-packages/airflow/example_dags/example_display_name.py
[2024-06-24T07:58:36.334+0000] {processor.py:840} INFO - DAG(s) 'example_display_name' retrieved from /home/airflow/.local/lib/python3.12/site-packages/airflow/example_dags/example_display_name.py
[2024-06-24T07:58:36.342+0000] {logging_mixin.py:188} INFO - [2024-06-24T07:58:36.342+0000] {dag.py:3096} INFO - Sync 1 DAGs
[2024-06-24T07:58:36.429+0000] {logging_mixin.py:188} INFO - [2024-06-24T07:58:36.429+0000] {dag.py:3954} INFO - Setting next_dagrun for example_display_name to None, run_after=None
[2024-06-24T07:58:36.436+0000] {processor.py:183} INFO - Processing /home/airflow/.local/lib/python3.12/site-packages/airflow/example_dags/example_display_name.py took 0.107 seconds
[2024-06-24T07:59:06.813+0000] {processor.py:161} INFO - Started process (PID=1863) to work on /home/airflow/.local/lib/python3.12/site-packages/airflow/example_dags/example_display_name.py
[2024-06-24T07:59:06.814+0000] {processor.py:830} INFO - Processing file /home/airflow/.local/lib/python3.12/site-packages/airflow/example_dags/example_display_name.py for tasks to queue
[2024-06-24T07:59:06.815+0000] {logging_mixin.py:188} INFO - [2024-06-24T07:59:06.815+0000] {dagbag.py:545} INFO - Filling up the DagBag from /home/airflow/.local/lib/python3.12/site-packages/airflow/example_dags/example_display_name.py
[2024-06-24T07:59:06.817+0000] {processor.py:840} INFO - DAG(s) 'example_display_name' retrieved from /home/airflow/.local/lib/python3.12/site-packages/airflow/example_dags/example_display_name.py
[2024-06-24T07:59:06.824+0000] {logging_mixin.py:188} INFO - [2024-06-24T07:59:06.824+0000] {dag.py:3096} INFO - Sync 1 DAGs
[2024-06-24T07:59:06.890+0000] {logging_mixin.py:188} INFO - [2024-06-24T07:59:06.890+0000] {dag.py:3954} INFO - Setting next_dagrun for example_display_name to None, run_after=None
[2024-06-24T07:59:06.896+0000] {processor.py:183} INFO - Processing /home/airflow/.local/lib/python3.12/site-packages/airflow/example_dags/example_display_name.py took 0.086 seconds
