[2024-06-24T07:43:18.555+0000] {processor.py:161} INFO - Started process (PID=38) to work on /home/airflow/.local/lib/python3.12/site-packages/airflow/example_dags/example_latest_only_with_trigger.py
[2024-06-24T07:43:18.556+0000] {processor.py:830} INFO - Processing file /home/airflow/.local/lib/python3.12/site-packages/airflow/example_dags/example_latest_only_with_trigger.py for tasks to queue
[2024-06-24T07:43:18.558+0000] {logging_mixin.py:188} INFO - [2024-06-24T07:43:18.558+0000] {dagbag.py:545} INFO - Filling up the DagBag from /home/airflow/.local/lib/python3.12/site-packages/airflow/example_dags/example_latest_only_with_trigger.py
[2024-06-24T07:43:18.565+0000] {processor.py:840} INFO - DAG(s) 'latest_only_with_trigger' retrieved from /home/airflow/.local/lib/python3.12/site-packages/airflow/example_dags/example_latest_only_with_trigger.py
[2024-06-24T07:43:18.587+0000] {logging_mixin.py:188} INFO - [2024-06-24T07:43:18.587+0000] {dag.py:3096} INFO - Sync 1 DAGs
[2024-06-24T07:43:18.599+0000] {logging_mixin.py:188} INFO - [2024-06-24T07:43:18.599+0000] {dag.py:3954} INFO - Setting next_dagrun for latest_only_with_trigger to 2024-06-24 00:00:00+00:00, run_after=2024-06-24 04:00:00+00:00
[2024-06-24T07:43:18.613+0000] {processor.py:183} INFO - Processing /home/airflow/.local/lib/python3.12/site-packages/airflow/example_dags/example_latest_only_with_trigger.py took 0.061 seconds
[2024-06-24T07:43:48.775+0000] {processor.py:161} INFO - Started process (PID=96) to work on /home/airflow/.local/lib/python3.12/site-packages/airflow/example_dags/example_latest_only_with_trigger.py
[2024-06-24T07:43:48.775+0000] {processor.py:830} INFO - Processing file /home/airflow/.local/lib/python3.12/site-packages/airflow/example_dags/example_latest_only_with_trigger.py for tasks to queue
[2024-06-24T07:43:48.776+0000] {logging_mixin.py:188} INFO - [2024-06-24T07:43:48.776+0000] {dagbag.py:545} INFO - Filling up the DagBag from /home/airflow/.local/lib/python3.12/site-packages/airflow/example_dags/example_latest_only_with_trigger.py
[2024-06-24T07:43:48.778+0000] {processor.py:840} INFO - DAG(s) 'latest_only_with_trigger' retrieved from /home/airflow/.local/lib/python3.12/site-packages/airflow/example_dags/example_latest_only_with_trigger.py
[2024-06-24T07:43:48.785+0000] {logging_mixin.py:188} INFO - [2024-06-24T07:43:48.785+0000] {dag.py:3096} INFO - Sync 1 DAGs
[2024-06-24T07:43:48.793+0000] {logging_mixin.py:188} INFO - [2024-06-24T07:43:48.793+0000] {dag.py:3954} INFO - Setting next_dagrun for latest_only_with_trigger to 2024-06-24 00:00:00+00:00, run_after=2024-06-24 04:00:00+00:00
[2024-06-24T07:43:48.800+0000] {processor.py:183} INFO - Processing /home/airflow/.local/lib/python3.12/site-packages/airflow/example_dags/example_latest_only_with_trigger.py took 0.027 seconds
[2024-06-24T07:44:19.143+0000] {processor.py:161} INFO - Started process (PID=154) to work on /home/airflow/.local/lib/python3.12/site-packages/airflow/example_dags/example_latest_only_with_trigger.py
[2024-06-24T07:44:19.143+0000] {processor.py:830} INFO - Processing file /home/airflow/.local/lib/python3.12/site-packages/airflow/example_dags/example_latest_only_with_trigger.py for tasks to queue
[2024-06-24T07:44:19.144+0000] {logging_mixin.py:188} INFO - [2024-06-24T07:44:19.144+0000] {dagbag.py:545} INFO - Filling up the DagBag from /home/airflow/.local/lib/python3.12/site-packages/airflow/example_dags/example_latest_only_with_trigger.py
[2024-06-24T07:44:19.146+0000] {processor.py:840} INFO - DAG(s) 'latest_only_with_trigger' retrieved from /home/airflow/.local/lib/python3.12/site-packages/airflow/example_dags/example_latest_only_with_trigger.py
[2024-06-24T07:44:19.154+0000] {logging_mixin.py:188} INFO - [2024-06-24T07:44:19.153+0000] {dag.py:3096} INFO - Sync 1 DAGs
[2024-06-24T07:44:19.162+0000] {logging_mixin.py:188} INFO - [2024-06-24T07:44:19.161+0000] {dag.py:3954} INFO - Setting next_dagrun for latest_only_with_trigger to 2024-06-24 00:00:00+00:00, run_after=2024-06-24 04:00:00+00:00
[2024-06-24T07:44:19.168+0000] {processor.py:183} INFO - Processing /home/airflow/.local/lib/python3.12/site-packages/airflow/example_dags/example_latest_only_with_trigger.py took 0.027 seconds
[2024-06-24T07:44:49.582+0000] {processor.py:161} INFO - Started process (PID=212) to work on /home/airflow/.local/lib/python3.12/site-packages/airflow/example_dags/example_latest_only_with_trigger.py
[2024-06-24T07:44:49.582+0000] {processor.py:830} INFO - Processing file /home/airflow/.local/lib/python3.12/site-packages/airflow/example_dags/example_latest_only_with_trigger.py for tasks to queue
[2024-06-24T07:44:49.583+0000] {logging_mixin.py:188} INFO - [2024-06-24T07:44:49.583+0000] {dagbag.py:545} INFO - Filling up the DagBag from /home/airflow/.local/lib/python3.12/site-packages/airflow/example_dags/example_latest_only_with_trigger.py
[2024-06-24T07:44:49.586+0000] {processor.py:840} INFO - DAG(s) 'latest_only_with_trigger' retrieved from /home/airflow/.local/lib/python3.12/site-packages/airflow/example_dags/example_latest_only_with_trigger.py
[2024-06-24T07:44:49.593+0000] {logging_mixin.py:188} INFO - [2024-06-24T07:44:49.593+0000] {dag.py:3096} INFO - Sync 1 DAGs
[2024-06-24T07:44:49.601+0000] {logging_mixin.py:188} INFO - [2024-06-24T07:44:49.601+0000] {dag.py:3954} INFO - Setting next_dagrun for latest_only_with_trigger to 2024-06-24 00:00:00+00:00, run_after=2024-06-24 04:00:00+00:00
[2024-06-24T07:44:49.607+0000] {processor.py:183} INFO - Processing /home/airflow/.local/lib/python3.12/site-packages/airflow/example_dags/example_latest_only_with_trigger.py took 0.027 seconds
[2024-06-24T07:45:20.009+0000] {processor.py:161} INFO - Started process (PID=270) to work on /home/airflow/.local/lib/python3.12/site-packages/airflow/example_dags/example_latest_only_with_trigger.py
[2024-06-24T07:45:20.009+0000] {processor.py:830} INFO - Processing file /home/airflow/.local/lib/python3.12/site-packages/airflow/example_dags/example_latest_only_with_trigger.py for tasks to queue
[2024-06-24T07:45:20.010+0000] {logging_mixin.py:188} INFO - [2024-06-24T07:45:20.010+0000] {dagbag.py:545} INFO - Filling up the DagBag from /home/airflow/.local/lib/python3.12/site-packages/airflow/example_dags/example_latest_only_with_trigger.py
[2024-06-24T07:45:20.013+0000] {processor.py:840} INFO - DAG(s) 'latest_only_with_trigger' retrieved from /home/airflow/.local/lib/python3.12/site-packages/airflow/example_dags/example_latest_only_with_trigger.py
[2024-06-24T07:45:20.021+0000] {logging_mixin.py:188} INFO - [2024-06-24T07:45:20.021+0000] {dag.py:3096} INFO - Sync 1 DAGs
[2024-06-24T07:45:20.029+0000] {logging_mixin.py:188} INFO - [2024-06-24T07:45:20.029+0000] {dag.py:3954} INFO - Setting next_dagrun for latest_only_with_trigger to 2024-06-24 00:00:00+00:00, run_after=2024-06-24 04:00:00+00:00
[2024-06-24T07:45:20.036+0000] {processor.py:183} INFO - Processing /home/airflow/.local/lib/python3.12/site-packages/airflow/example_dags/example_latest_only_with_trigger.py took 0.029 seconds
[2024-06-24T07:45:50.440+0000] {processor.py:161} INFO - Started process (PID=327) to work on /home/airflow/.local/lib/python3.12/site-packages/airflow/example_dags/example_latest_only_with_trigger.py
[2024-06-24T07:45:50.441+0000] {processor.py:830} INFO - Processing file /home/airflow/.local/lib/python3.12/site-packages/airflow/example_dags/example_latest_only_with_trigger.py for tasks to queue
[2024-06-24T07:45:50.442+0000] {logging_mixin.py:188} INFO - [2024-06-24T07:45:50.441+0000] {dagbag.py:545} INFO - Filling up the DagBag from /home/airflow/.local/lib/python3.12/site-packages/airflow/example_dags/example_latest_only_with_trigger.py
[2024-06-24T07:45:50.444+0000] {processor.py:840} INFO - DAG(s) 'latest_only_with_trigger' retrieved from /home/airflow/.local/lib/python3.12/site-packages/airflow/example_dags/example_latest_only_with_trigger.py
[2024-06-24T07:45:50.452+0000] {logging_mixin.py:188} INFO - [2024-06-24T07:45:50.451+0000] {dag.py:3096} INFO - Sync 1 DAGs
[2024-06-24T07:45:50.459+0000] {logging_mixin.py:188} INFO - [2024-06-24T07:45:50.459+0000] {dag.py:3954} INFO - Setting next_dagrun for latest_only_with_trigger to 2024-06-24 00:00:00+00:00, run_after=2024-06-24 04:00:00+00:00
[2024-06-24T07:45:50.466+0000] {processor.py:183} INFO - Processing /home/airflow/.local/lib/python3.12/site-packages/airflow/example_dags/example_latest_only_with_trigger.py took 0.028 seconds
[2024-06-24T07:46:20.727+0000] {processor.py:161} INFO - Started process (PID=385) to work on /home/airflow/.local/lib/python3.12/site-packages/airflow/example_dags/example_latest_only_with_trigger.py
[2024-06-24T07:46:20.727+0000] {processor.py:830} INFO - Processing file /home/airflow/.local/lib/python3.12/site-packages/airflow/example_dags/example_latest_only_with_trigger.py for tasks to queue
[2024-06-24T07:46:20.728+0000] {logging_mixin.py:188} INFO - [2024-06-24T07:46:20.728+0000] {dagbag.py:545} INFO - Filling up the DagBag from /home/airflow/.local/lib/python3.12/site-packages/airflow/example_dags/example_latest_only_with_trigger.py
[2024-06-24T07:46:20.731+0000] {processor.py:840} INFO - DAG(s) 'latest_only_with_trigger' retrieved from /home/airflow/.local/lib/python3.12/site-packages/airflow/example_dags/example_latest_only_with_trigger.py
[2024-06-24T07:46:20.739+0000] {logging_mixin.py:188} INFO - [2024-06-24T07:46:20.739+0000] {dag.py:3096} INFO - Sync 1 DAGs
[2024-06-24T07:46:20.748+0000] {logging_mixin.py:188} INFO - [2024-06-24T07:46:20.748+0000] {dag.py:3954} INFO - Setting next_dagrun for latest_only_with_trigger to 2024-06-24 00:00:00+00:00, run_after=2024-06-24 04:00:00+00:00
[2024-06-24T07:46:20.755+0000] {processor.py:183} INFO - Processing /home/airflow/.local/lib/python3.12/site-packages/airflow/example_dags/example_latest_only_with_trigger.py took 0.030 seconds
[2024-06-24T07:46:51.128+0000] {processor.py:161} INFO - Started process (PID=442) to work on /home/airflow/.local/lib/python3.12/site-packages/airflow/example_dags/example_latest_only_with_trigger.py
[2024-06-24T07:46:51.128+0000] {processor.py:830} INFO - Processing file /home/airflow/.local/lib/python3.12/site-packages/airflow/example_dags/example_latest_only_with_trigger.py for tasks to queue
[2024-06-24T07:46:51.129+0000] {logging_mixin.py:188} INFO - [2024-06-24T07:46:51.129+0000] {dagbag.py:545} INFO - Filling up the DagBag from /home/airflow/.local/lib/python3.12/site-packages/airflow/example_dags/example_latest_only_with_trigger.py
[2024-06-24T07:46:51.131+0000] {processor.py:840} INFO - DAG(s) 'latest_only_with_trigger' retrieved from /home/airflow/.local/lib/python3.12/site-packages/airflow/example_dags/example_latest_only_with_trigger.py
[2024-06-24T07:46:51.140+0000] {logging_mixin.py:188} INFO - [2024-06-24T07:46:51.140+0000] {dag.py:3096} INFO - Sync 1 DAGs
[2024-06-24T07:46:51.148+0000] {logging_mixin.py:188} INFO - [2024-06-24T07:46:51.148+0000] {dag.py:3954} INFO - Setting next_dagrun for latest_only_with_trigger to 2024-06-24 00:00:00+00:00, run_after=2024-06-24 04:00:00+00:00
[2024-06-24T07:46:51.155+0000] {processor.py:183} INFO - Processing /home/airflow/.local/lib/python3.12/site-packages/airflow/example_dags/example_latest_only_with_trigger.py took 0.030 seconds
[2024-06-24T07:47:21.523+0000] {processor.py:161} INFO - Started process (PID=500) to work on /home/airflow/.local/lib/python3.12/site-packages/airflow/example_dags/example_latest_only_with_trigger.py
[2024-06-24T07:47:21.523+0000] {processor.py:830} INFO - Processing file /home/airflow/.local/lib/python3.12/site-packages/airflow/example_dags/example_latest_only_with_trigger.py for tasks to queue
[2024-06-24T07:47:21.524+0000] {logging_mixin.py:188} INFO - [2024-06-24T07:47:21.524+0000] {dagbag.py:545} INFO - Filling up the DagBag from /home/airflow/.local/lib/python3.12/site-packages/airflow/example_dags/example_latest_only_with_trigger.py
[2024-06-24T07:47:21.527+0000] {processor.py:840} INFO - DAG(s) 'latest_only_with_trigger' retrieved from /home/airflow/.local/lib/python3.12/site-packages/airflow/example_dags/example_latest_only_with_trigger.py
[2024-06-24T07:47:21.535+0000] {logging_mixin.py:188} INFO - [2024-06-24T07:47:21.535+0000] {dag.py:3096} INFO - Sync 1 DAGs
[2024-06-24T07:47:21.543+0000] {logging_mixin.py:188} INFO - [2024-06-24T07:47:21.543+0000] {dag.py:3954} INFO - Setting next_dagrun for latest_only_with_trigger to 2024-06-24 00:00:00+00:00, run_after=2024-06-24 04:00:00+00:00
[2024-06-24T07:47:21.550+0000] {processor.py:183} INFO - Processing /home/airflow/.local/lib/python3.12/site-packages/airflow/example_dags/example_latest_only_with_trigger.py took 0.029 seconds
[2024-06-24T07:47:51.895+0000] {processor.py:161} INFO - Started process (PID=557) to work on /home/airflow/.local/lib/python3.12/site-packages/airflow/example_dags/example_latest_only_with_trigger.py
[2024-06-24T07:47:51.895+0000] {processor.py:830} INFO - Processing file /home/airflow/.local/lib/python3.12/site-packages/airflow/example_dags/example_latest_only_with_trigger.py for tasks to queue
[2024-06-24T07:47:51.896+0000] {logging_mixin.py:188} INFO - [2024-06-24T07:47:51.896+0000] {dagbag.py:545} INFO - Filling up the DagBag from /home/airflow/.local/lib/python3.12/site-packages/airflow/example_dags/example_latest_only_with_trigger.py
[2024-06-24T07:47:51.898+0000] {processor.py:840} INFO - DAG(s) 'latest_only_with_trigger' retrieved from /home/airflow/.local/lib/python3.12/site-packages/airflow/example_dags/example_latest_only_with_trigger.py
[2024-06-24T07:47:51.907+0000] {logging_mixin.py:188} INFO - [2024-06-24T07:47:51.907+0000] {dag.py:3096} INFO - Sync 1 DAGs
[2024-06-24T07:47:51.917+0000] {logging_mixin.py:188} INFO - [2024-06-24T07:47:51.916+0000] {dag.py:3954} INFO - Setting next_dagrun for latest_only_with_trigger to 2024-06-24 00:00:00+00:00, run_after=2024-06-24 04:00:00+00:00
[2024-06-24T07:47:51.924+0000] {processor.py:183} INFO - Processing /home/airflow/.local/lib/python3.12/site-packages/airflow/example_dags/example_latest_only_with_trigger.py took 0.031 seconds
[2024-06-24T07:48:22.286+0000] {processor.py:161} INFO - Started process (PID=615) to work on /home/airflow/.local/lib/python3.12/site-packages/airflow/example_dags/example_latest_only_with_trigger.py
[2024-06-24T07:48:22.286+0000] {processor.py:830} INFO - Processing file /home/airflow/.local/lib/python3.12/site-packages/airflow/example_dags/example_latest_only_with_trigger.py for tasks to queue
[2024-06-24T07:48:22.287+0000] {logging_mixin.py:188} INFO - [2024-06-24T07:48:22.287+0000] {dagbag.py:545} INFO - Filling up the DagBag from /home/airflow/.local/lib/python3.12/site-packages/airflow/example_dags/example_latest_only_with_trigger.py
[2024-06-24T07:48:22.289+0000] {processor.py:840} INFO - DAG(s) 'latest_only_with_trigger' retrieved from /home/airflow/.local/lib/python3.12/site-packages/airflow/example_dags/example_latest_only_with_trigger.py
[2024-06-24T07:48:22.297+0000] {logging_mixin.py:188} INFO - [2024-06-24T07:48:22.297+0000] {dag.py:3096} INFO - Sync 1 DAGs
[2024-06-24T07:48:22.306+0000] {logging_mixin.py:188} INFO - [2024-06-24T07:48:22.306+0000] {dag.py:3954} INFO - Setting next_dagrun for latest_only_with_trigger to 2024-06-24 00:00:00+00:00, run_after=2024-06-24 04:00:00+00:00
[2024-06-24T07:48:22.312+0000] {processor.py:183} INFO - Processing /home/airflow/.local/lib/python3.12/site-packages/airflow/example_dags/example_latest_only_with_trigger.py took 0.029 seconds
[2024-06-24T07:48:52.778+0000] {processor.py:161} INFO - Started process (PID=673) to work on /home/airflow/.local/lib/python3.12/site-packages/airflow/example_dags/example_latest_only_with_trigger.py
[2024-06-24T07:48:52.779+0000] {processor.py:830} INFO - Processing file /home/airflow/.local/lib/python3.12/site-packages/airflow/example_dags/example_latest_only_with_trigger.py for tasks to queue
[2024-06-24T07:48:52.779+0000] {logging_mixin.py:188} INFO - [2024-06-24T07:48:52.779+0000] {dagbag.py:545} INFO - Filling up the DagBag from /home/airflow/.local/lib/python3.12/site-packages/airflow/example_dags/example_latest_only_with_trigger.py
[2024-06-24T07:48:52.782+0000] {processor.py:840} INFO - DAG(s) 'latest_only_with_trigger' retrieved from /home/airflow/.local/lib/python3.12/site-packages/airflow/example_dags/example_latest_only_with_trigger.py
[2024-06-24T07:48:52.790+0000] {logging_mixin.py:188} INFO - [2024-06-24T07:48:52.790+0000] {dag.py:3096} INFO - Sync 1 DAGs
[2024-06-24T07:48:52.798+0000] {logging_mixin.py:188} INFO - [2024-06-24T07:48:52.798+0000] {dag.py:3954} INFO - Setting next_dagrun for latest_only_with_trigger to 2024-06-24 00:00:00+00:00, run_after=2024-06-24 04:00:00+00:00
[2024-06-24T07:48:52.805+0000] {processor.py:183} INFO - Processing /home/airflow/.local/lib/python3.12/site-packages/airflow/example_dags/example_latest_only_with_trigger.py took 0.029 seconds
[2024-06-24T07:49:23.282+0000] {processor.py:161} INFO - Started process (PID=730) to work on /home/airflow/.local/lib/python3.12/site-packages/airflow/example_dags/example_latest_only_with_trigger.py
[2024-06-24T07:49:23.282+0000] {processor.py:830} INFO - Processing file /home/airflow/.local/lib/python3.12/site-packages/airflow/example_dags/example_latest_only_with_trigger.py for tasks to queue
[2024-06-24T07:49:23.283+0000] {logging_mixin.py:188} INFO - [2024-06-24T07:49:23.283+0000] {dagbag.py:545} INFO - Filling up the DagBag from /home/airflow/.local/lib/python3.12/site-packages/airflow/example_dags/example_latest_only_with_trigger.py
[2024-06-24T07:49:23.286+0000] {processor.py:840} INFO - DAG(s) 'latest_only_with_trigger' retrieved from /home/airflow/.local/lib/python3.12/site-packages/airflow/example_dags/example_latest_only_with_trigger.py
[2024-06-24T07:49:23.294+0000] {logging_mixin.py:188} INFO - [2024-06-24T07:49:23.294+0000] {dag.py:3096} INFO - Sync 1 DAGs
[2024-06-24T07:49:23.302+0000] {logging_mixin.py:188} INFO - [2024-06-24T07:49:23.302+0000] {dag.py:3954} INFO - Setting next_dagrun for latest_only_with_trigger to 2024-06-24 00:00:00+00:00, run_after=2024-06-24 04:00:00+00:00
[2024-06-24T07:49:23.309+0000] {processor.py:183} INFO - Processing /home/airflow/.local/lib/python3.12/site-packages/airflow/example_dags/example_latest_only_with_trigger.py took 0.030 seconds
[2024-06-24T07:49:53.743+0000] {processor.py:161} INFO - Started process (PID=788) to work on /home/airflow/.local/lib/python3.12/site-packages/airflow/example_dags/example_latest_only_with_trigger.py
[2024-06-24T07:49:53.743+0000] {processor.py:830} INFO - Processing file /home/airflow/.local/lib/python3.12/site-packages/airflow/example_dags/example_latest_only_with_trigger.py for tasks to queue
[2024-06-24T07:49:53.744+0000] {logging_mixin.py:188} INFO - [2024-06-24T07:49:53.744+0000] {dagbag.py:545} INFO - Filling up the DagBag from /home/airflow/.local/lib/python3.12/site-packages/airflow/example_dags/example_latest_only_with_trigger.py
[2024-06-24T07:49:53.746+0000] {processor.py:840} INFO - DAG(s) 'latest_only_with_trigger' retrieved from /home/airflow/.local/lib/python3.12/site-packages/airflow/example_dags/example_latest_only_with_trigger.py
[2024-06-24T07:49:53.754+0000] {logging_mixin.py:188} INFO - [2024-06-24T07:49:53.754+0000] {dag.py:3096} INFO - Sync 1 DAGs
[2024-06-24T07:49:53.762+0000] {logging_mixin.py:188} INFO - [2024-06-24T07:49:53.762+0000] {dag.py:3954} INFO - Setting next_dagrun for latest_only_with_trigger to 2024-06-24 00:00:00+00:00, run_after=2024-06-24 04:00:00+00:00
[2024-06-24T07:49:53.768+0000] {processor.py:183} INFO - Processing /home/airflow/.local/lib/python3.12/site-packages/airflow/example_dags/example_latest_only_with_trigger.py took 0.028 seconds
[2024-06-24T07:50:24.191+0000] {processor.py:161} INFO - Started process (PID=846) to work on /home/airflow/.local/lib/python3.12/site-packages/airflow/example_dags/example_latest_only_with_trigger.py
[2024-06-24T07:50:24.192+0000] {processor.py:830} INFO - Processing file /home/airflow/.local/lib/python3.12/site-packages/airflow/example_dags/example_latest_only_with_trigger.py for tasks to queue
[2024-06-24T07:50:24.193+0000] {logging_mixin.py:188} INFO - [2024-06-24T07:50:24.192+0000] {dagbag.py:545} INFO - Filling up the DagBag from /home/airflow/.local/lib/python3.12/site-packages/airflow/example_dags/example_latest_only_with_trigger.py
[2024-06-24T07:50:24.195+0000] {processor.py:840} INFO - DAG(s) 'latest_only_with_trigger' retrieved from /home/airflow/.local/lib/python3.12/site-packages/airflow/example_dags/example_latest_only_with_trigger.py
[2024-06-24T07:50:24.204+0000] {logging_mixin.py:188} INFO - [2024-06-24T07:50:24.203+0000] {dag.py:3096} INFO - Sync 1 DAGs
[2024-06-24T07:50:24.212+0000] {logging_mixin.py:188} INFO - [2024-06-24T07:50:24.212+0000] {dag.py:3954} INFO - Setting next_dagrun for latest_only_with_trigger to 2024-06-24 00:00:00+00:00, run_after=2024-06-24 04:00:00+00:00
[2024-06-24T07:50:24.219+0000] {processor.py:183} INFO - Processing /home/airflow/.local/lib/python3.12/site-packages/airflow/example_dags/example_latest_only_with_trigger.py took 0.030 seconds
[2024-06-24T07:50:54.712+0000] {processor.py:161} INFO - Started process (PID=904) to work on /home/airflow/.local/lib/python3.12/site-packages/airflow/example_dags/example_latest_only_with_trigger.py
[2024-06-24T07:50:54.713+0000] {processor.py:830} INFO - Processing file /home/airflow/.local/lib/python3.12/site-packages/airflow/example_dags/example_latest_only_with_trigger.py for tasks to queue
[2024-06-24T07:50:54.715+0000] {logging_mixin.py:188} INFO - [2024-06-24T07:50:54.714+0000] {dagbag.py:545} INFO - Filling up the DagBag from /home/airflow/.local/lib/python3.12/site-packages/airflow/example_dags/example_latest_only_with_trigger.py
[2024-06-24T07:50:54.720+0000] {processor.py:840} INFO - DAG(s) 'latest_only_with_trigger' retrieved from /home/airflow/.local/lib/python3.12/site-packages/airflow/example_dags/example_latest_only_with_trigger.py
[2024-06-24T07:50:54.734+0000] {logging_mixin.py:188} INFO - [2024-06-24T07:50:54.733+0000] {dag.py:3096} INFO - Sync 1 DAGs
[2024-06-24T07:50:54.745+0000] {logging_mixin.py:188} INFO - [2024-06-24T07:50:54.745+0000] {dag.py:3954} INFO - Setting next_dagrun for latest_only_with_trigger to 2024-06-24 00:00:00+00:00, run_after=2024-06-24 04:00:00+00:00
[2024-06-24T07:50:54.753+0000] {processor.py:183} INFO - Processing /home/airflow/.local/lib/python3.12/site-packages/airflow/example_dags/example_latest_only_with_trigger.py took 0.044 seconds
[2024-06-24T07:51:25.146+0000] {processor.py:161} INFO - Started process (PID=961) to work on /home/airflow/.local/lib/python3.12/site-packages/airflow/example_dags/example_latest_only_with_trigger.py
[2024-06-24T07:51:25.147+0000] {processor.py:830} INFO - Processing file /home/airflow/.local/lib/python3.12/site-packages/airflow/example_dags/example_latest_only_with_trigger.py for tasks to queue
[2024-06-24T07:51:25.147+0000] {logging_mixin.py:188} INFO - [2024-06-24T07:51:25.147+0000] {dagbag.py:545} INFO - Filling up the DagBag from /home/airflow/.local/lib/python3.12/site-packages/airflow/example_dags/example_latest_only_with_trigger.py
[2024-06-24T07:51:25.150+0000] {processor.py:840} INFO - DAG(s) 'latest_only_with_trigger' retrieved from /home/airflow/.local/lib/python3.12/site-packages/airflow/example_dags/example_latest_only_with_trigger.py
[2024-06-24T07:51:25.158+0000] {logging_mixin.py:188} INFO - [2024-06-24T07:51:25.157+0000] {dag.py:3096} INFO - Sync 1 DAGs
[2024-06-24T07:51:25.166+0000] {logging_mixin.py:188} INFO - [2024-06-24T07:51:25.166+0000] {dag.py:3954} INFO - Setting next_dagrun for latest_only_with_trigger to 2024-06-24 00:00:00+00:00, run_after=2024-06-24 04:00:00+00:00
[2024-06-24T07:51:25.173+0000] {processor.py:183} INFO - Processing /home/airflow/.local/lib/python3.12/site-packages/airflow/example_dags/example_latest_only_with_trigger.py took 0.029 seconds
[2024-06-24T07:51:55.573+0000] {processor.py:161} INFO - Started process (PID=1019) to work on /home/airflow/.local/lib/python3.12/site-packages/airflow/example_dags/example_latest_only_with_trigger.py
[2024-06-24T07:51:55.574+0000] {processor.py:830} INFO - Processing file /home/airflow/.local/lib/python3.12/site-packages/airflow/example_dags/example_latest_only_with_trigger.py for tasks to queue
[2024-06-24T07:51:55.574+0000] {logging_mixin.py:188} INFO - [2024-06-24T07:51:55.574+0000] {dagbag.py:545} INFO - Filling up the DagBag from /home/airflow/.local/lib/python3.12/site-packages/airflow/example_dags/example_latest_only_with_trigger.py
[2024-06-24T07:51:55.577+0000] {processor.py:840} INFO - DAG(s) 'latest_only_with_trigger' retrieved from /home/airflow/.local/lib/python3.12/site-packages/airflow/example_dags/example_latest_only_with_trigger.py
[2024-06-24T07:51:55.585+0000] {logging_mixin.py:188} INFO - [2024-06-24T07:51:55.585+0000] {dag.py:3096} INFO - Sync 1 DAGs
[2024-06-24T07:51:55.593+0000] {logging_mixin.py:188} INFO - [2024-06-24T07:51:55.593+0000] {dag.py:3954} INFO - Setting next_dagrun for latest_only_with_trigger to 2024-06-24 00:00:00+00:00, run_after=2024-06-24 04:00:00+00:00
[2024-06-24T07:51:55.600+0000] {processor.py:183} INFO - Processing /home/airflow/.local/lib/python3.12/site-packages/airflow/example_dags/example_latest_only_with_trigger.py took 0.029 seconds
[2024-06-24T07:52:25.958+0000] {processor.py:161} INFO - Started process (PID=1077) to work on /home/airflow/.local/lib/python3.12/site-packages/airflow/example_dags/example_latest_only_with_trigger.py
[2024-06-24T07:52:25.960+0000] {processor.py:830} INFO - Processing file /home/airflow/.local/lib/python3.12/site-packages/airflow/example_dags/example_latest_only_with_trigger.py for tasks to queue
[2024-06-24T07:52:25.961+0000] {logging_mixin.py:188} INFO - [2024-06-24T07:52:25.961+0000] {dagbag.py:545} INFO - Filling up the DagBag from /home/airflow/.local/lib/python3.12/site-packages/airflow/example_dags/example_latest_only_with_trigger.py
[2024-06-24T07:52:25.964+0000] {processor.py:840} INFO - DAG(s) 'latest_only_with_trigger' retrieved from /home/airflow/.local/lib/python3.12/site-packages/airflow/example_dags/example_latest_only_with_trigger.py
[2024-06-24T07:52:25.972+0000] {logging_mixin.py:188} INFO - [2024-06-24T07:52:25.972+0000] {dag.py:3096} INFO - Sync 1 DAGs
[2024-06-24T07:52:25.980+0000] {logging_mixin.py:188} INFO - [2024-06-24T07:52:25.980+0000] {dag.py:3954} INFO - Setting next_dagrun for latest_only_with_trigger to 2024-06-24 00:00:00+00:00, run_after=2024-06-24 04:00:00+00:00
[2024-06-24T07:52:25.987+0000] {processor.py:183} INFO - Processing /home/airflow/.local/lib/python3.12/site-packages/airflow/example_dags/example_latest_only_with_trigger.py took 0.031 seconds
[2024-06-24T07:52:56.401+0000] {processor.py:161} INFO - Started process (PID=1134) to work on /home/airflow/.local/lib/python3.12/site-packages/airflow/example_dags/example_latest_only_with_trigger.py
[2024-06-24T07:52:56.402+0000] {processor.py:830} INFO - Processing file /home/airflow/.local/lib/python3.12/site-packages/airflow/example_dags/example_latest_only_with_trigger.py for tasks to queue
[2024-06-24T07:52:56.403+0000] {logging_mixin.py:188} INFO - [2024-06-24T07:52:56.403+0000] {dagbag.py:545} INFO - Filling up the DagBag from /home/airflow/.local/lib/python3.12/site-packages/airflow/example_dags/example_latest_only_with_trigger.py
[2024-06-24T07:52:56.405+0000] {processor.py:840} INFO - DAG(s) 'latest_only_with_trigger' retrieved from /home/airflow/.local/lib/python3.12/site-packages/airflow/example_dags/example_latest_only_with_trigger.py
[2024-06-24T07:52:56.415+0000] {logging_mixin.py:188} INFO - [2024-06-24T07:52:56.414+0000] {dag.py:3096} INFO - Sync 1 DAGs
[2024-06-24T07:52:56.423+0000] {logging_mixin.py:188} INFO - [2024-06-24T07:52:56.423+0000] {dag.py:3954} INFO - Setting next_dagrun for latest_only_with_trigger to 2024-06-24 00:00:00+00:00, run_after=2024-06-24 04:00:00+00:00
[2024-06-24T07:52:56.430+0000] {processor.py:183} INFO - Processing /home/airflow/.local/lib/python3.12/site-packages/airflow/example_dags/example_latest_only_with_trigger.py took 0.032 seconds
[2024-06-24T07:53:26.832+0000] {processor.py:161} INFO - Started process (PID=1192) to work on /home/airflow/.local/lib/python3.12/site-packages/airflow/example_dags/example_latest_only_with_trigger.py
[2024-06-24T07:53:26.833+0000] {processor.py:830} INFO - Processing file /home/airflow/.local/lib/python3.12/site-packages/airflow/example_dags/example_latest_only_with_trigger.py for tasks to queue
[2024-06-24T07:53:26.833+0000] {logging_mixin.py:188} INFO - [2024-06-24T07:53:26.833+0000] {dagbag.py:545} INFO - Filling up the DagBag from /home/airflow/.local/lib/python3.12/site-packages/airflow/example_dags/example_latest_only_with_trigger.py
[2024-06-24T07:53:26.836+0000] {processor.py:840} INFO - DAG(s) 'latest_only_with_trigger' retrieved from /home/airflow/.local/lib/python3.12/site-packages/airflow/example_dags/example_latest_only_with_trigger.py
[2024-06-24T07:53:26.844+0000] {logging_mixin.py:188} INFO - [2024-06-24T07:53:26.844+0000] {dag.py:3096} INFO - Sync 1 DAGs
[2024-06-24T07:53:26.852+0000] {logging_mixin.py:188} INFO - [2024-06-24T07:53:26.852+0000] {dag.py:3954} INFO - Setting next_dagrun for latest_only_with_trigger to 2024-06-24 00:00:00+00:00, run_after=2024-06-24 04:00:00+00:00
[2024-06-24T07:53:26.859+0000] {processor.py:183} INFO - Processing /home/airflow/.local/lib/python3.12/site-packages/airflow/example_dags/example_latest_only_with_trigger.py took 0.029 seconds
[2024-06-24T07:53:57.248+0000] {processor.py:161} INFO - Started process (PID=1250) to work on /home/airflow/.local/lib/python3.12/site-packages/airflow/example_dags/example_latest_only_with_trigger.py
[2024-06-24T07:53:57.250+0000] {processor.py:830} INFO - Processing file /home/airflow/.local/lib/python3.12/site-packages/airflow/example_dags/example_latest_only_with_trigger.py for tasks to queue
[2024-06-24T07:53:57.251+0000] {logging_mixin.py:188} INFO - [2024-06-24T07:53:57.251+0000] {dagbag.py:545} INFO - Filling up the DagBag from /home/airflow/.local/lib/python3.12/site-packages/airflow/example_dags/example_latest_only_with_trigger.py
[2024-06-24T07:53:57.253+0000] {processor.py:840} INFO - DAG(s) 'latest_only_with_trigger' retrieved from /home/airflow/.local/lib/python3.12/site-packages/airflow/example_dags/example_latest_only_with_trigger.py
[2024-06-24T07:53:57.263+0000] {logging_mixin.py:188} INFO - [2024-06-24T07:53:57.263+0000] {dag.py:3096} INFO - Sync 1 DAGs
[2024-06-24T07:53:57.274+0000] {logging_mixin.py:188} INFO - [2024-06-24T07:53:57.274+0000] {dag.py:3954} INFO - Setting next_dagrun for latest_only_with_trigger to 2024-06-24 00:00:00+00:00, run_after=2024-06-24 04:00:00+00:00
[2024-06-24T07:53:57.281+0000] {processor.py:183} INFO - Processing /home/airflow/.local/lib/python3.12/site-packages/airflow/example_dags/example_latest_only_with_trigger.py took 0.036 seconds
[2024-06-24T07:54:27.734+0000] {processor.py:161} INFO - Started process (PID=1308) to work on /home/airflow/.local/lib/python3.12/site-packages/airflow/example_dags/example_latest_only_with_trigger.py
[2024-06-24T07:54:27.734+0000] {processor.py:830} INFO - Processing file /home/airflow/.local/lib/python3.12/site-packages/airflow/example_dags/example_latest_only_with_trigger.py for tasks to queue
[2024-06-24T07:54:27.735+0000] {logging_mixin.py:188} INFO - [2024-06-24T07:54:27.735+0000] {dagbag.py:545} INFO - Filling up the DagBag from /home/airflow/.local/lib/python3.12/site-packages/airflow/example_dags/example_latest_only_with_trigger.py
[2024-06-24T07:54:27.737+0000] {processor.py:840} INFO - DAG(s) 'latest_only_with_trigger' retrieved from /home/airflow/.local/lib/python3.12/site-packages/airflow/example_dags/example_latest_only_with_trigger.py
[2024-06-24T07:54:27.746+0000] {logging_mixin.py:188} INFO - [2024-06-24T07:54:27.746+0000] {dag.py:3096} INFO - Sync 1 DAGs
[2024-06-24T07:54:27.755+0000] {logging_mixin.py:188} INFO - [2024-06-24T07:54:27.755+0000] {dag.py:3954} INFO - Setting next_dagrun for latest_only_with_trigger to 2024-06-24 00:00:00+00:00, run_after=2024-06-24 04:00:00+00:00
[2024-06-24T07:54:27.762+0000] {processor.py:183} INFO - Processing /home/airflow/.local/lib/python3.12/site-packages/airflow/example_dags/example_latest_only_with_trigger.py took 0.031 seconds
[2024-06-24T07:54:58.127+0000] {processor.py:161} INFO - Started process (PID=1365) to work on /home/airflow/.local/lib/python3.12/site-packages/airflow/example_dags/example_latest_only_with_trigger.py
[2024-06-24T07:54:58.128+0000] {processor.py:830} INFO - Processing file /home/airflow/.local/lib/python3.12/site-packages/airflow/example_dags/example_latest_only_with_trigger.py for tasks to queue
[2024-06-24T07:54:58.129+0000] {logging_mixin.py:188} INFO - [2024-06-24T07:54:58.129+0000] {dagbag.py:545} INFO - Filling up the DagBag from /home/airflow/.local/lib/python3.12/site-packages/airflow/example_dags/example_latest_only_with_trigger.py
[2024-06-24T07:54:58.131+0000] {processor.py:840} INFO - DAG(s) 'latest_only_with_trigger' retrieved from /home/airflow/.local/lib/python3.12/site-packages/airflow/example_dags/example_latest_only_with_trigger.py
[2024-06-24T07:54:58.145+0000] {logging_mixin.py:188} INFO - [2024-06-24T07:54:58.145+0000] {dag.py:3096} INFO - Sync 1 DAGs
[2024-06-24T07:54:58.155+0000] {logging_mixin.py:188} INFO - [2024-06-24T07:54:58.155+0000] {dag.py:3954} INFO - Setting next_dagrun for latest_only_with_trigger to 2024-06-24 00:00:00+00:00, run_after=2024-06-24 04:00:00+00:00
[2024-06-24T07:54:58.162+0000] {processor.py:183} INFO - Processing /home/airflow/.local/lib/python3.12/site-packages/airflow/example_dags/example_latest_only_with_trigger.py took 0.037 seconds
[2024-06-24T07:55:28.706+0000] {processor.py:161} INFO - Started process (PID=1423) to work on /home/airflow/.local/lib/python3.12/site-packages/airflow/example_dags/example_latest_only_with_trigger.py
[2024-06-24T07:55:28.706+0000] {processor.py:830} INFO - Processing file /home/airflow/.local/lib/python3.12/site-packages/airflow/example_dags/example_latest_only_with_trigger.py for tasks to queue
[2024-06-24T07:55:28.707+0000] {logging_mixin.py:188} INFO - [2024-06-24T07:55:28.707+0000] {dagbag.py:545} INFO - Filling up the DagBag from /home/airflow/.local/lib/python3.12/site-packages/airflow/example_dags/example_latest_only_with_trigger.py
[2024-06-24T07:55:28.709+0000] {processor.py:840} INFO - DAG(s) 'latest_only_with_trigger' retrieved from /home/airflow/.local/lib/python3.12/site-packages/airflow/example_dags/example_latest_only_with_trigger.py
[2024-06-24T07:55:28.718+0000] {logging_mixin.py:188} INFO - [2024-06-24T07:55:28.718+0000] {dag.py:3096} INFO - Sync 1 DAGs
[2024-06-24T07:55:28.726+0000] {logging_mixin.py:188} INFO - [2024-06-24T07:55:28.726+0000] {dag.py:3954} INFO - Setting next_dagrun for latest_only_with_trigger to 2024-06-24 00:00:00+00:00, run_after=2024-06-24 04:00:00+00:00
[2024-06-24T07:55:28.732+0000] {processor.py:183} INFO - Processing /home/airflow/.local/lib/python3.12/site-packages/airflow/example_dags/example_latest_only_with_trigger.py took 0.029 seconds
[2024-06-24T07:55:59.300+0000] {processor.py:161} INFO - Started process (PID=1481) to work on /home/airflow/.local/lib/python3.12/site-packages/airflow/example_dags/example_latest_only_with_trigger.py
[2024-06-24T07:55:59.300+0000] {processor.py:830} INFO - Processing file /home/airflow/.local/lib/python3.12/site-packages/airflow/example_dags/example_latest_only_with_trigger.py for tasks to queue
[2024-06-24T07:55:59.301+0000] {logging_mixin.py:188} INFO - [2024-06-24T07:55:59.301+0000] {dagbag.py:545} INFO - Filling up the DagBag from /home/airflow/.local/lib/python3.12/site-packages/airflow/example_dags/example_latest_only_with_trigger.py
[2024-06-24T07:55:59.303+0000] {processor.py:840} INFO - DAG(s) 'latest_only_with_trigger' retrieved from /home/airflow/.local/lib/python3.12/site-packages/airflow/example_dags/example_latest_only_with_trigger.py
[2024-06-24T07:55:59.312+0000] {logging_mixin.py:188} INFO - [2024-06-24T07:55:59.312+0000] {dag.py:3096} INFO - Sync 1 DAGs
[2024-06-24T07:55:59.320+0000] {logging_mixin.py:188} INFO - [2024-06-24T07:55:59.320+0000] {dag.py:3954} INFO - Setting next_dagrun for latest_only_with_trigger to 2024-06-24 00:00:00+00:00, run_after=2024-06-24 04:00:00+00:00
[2024-06-24T07:55:59.327+0000] {processor.py:183} INFO - Processing /home/airflow/.local/lib/python3.12/site-packages/airflow/example_dags/example_latest_only_with_trigger.py took 0.029 seconds
[2024-06-24T07:56:29.925+0000] {processor.py:161} INFO - Started process (PID=1538) to work on /home/airflow/.local/lib/python3.12/site-packages/airflow/example_dags/example_latest_only_with_trigger.py
[2024-06-24T07:56:29.926+0000] {processor.py:830} INFO - Processing file /home/airflow/.local/lib/python3.12/site-packages/airflow/example_dags/example_latest_only_with_trigger.py for tasks to queue
[2024-06-24T07:56:29.927+0000] {logging_mixin.py:188} INFO - [2024-06-24T07:56:29.927+0000] {dagbag.py:545} INFO - Filling up the DagBag from /home/airflow/.local/lib/python3.12/site-packages/airflow/example_dags/example_latest_only_with_trigger.py
[2024-06-24T07:56:29.930+0000] {processor.py:840} INFO - DAG(s) 'latest_only_with_trigger' retrieved from /home/airflow/.local/lib/python3.12/site-packages/airflow/example_dags/example_latest_only_with_trigger.py
[2024-06-24T07:56:29.944+0000] {logging_mixin.py:188} INFO - [2024-06-24T07:56:29.943+0000] {dag.py:3096} INFO - Sync 1 DAGs
[2024-06-24T07:56:29.961+0000] {logging_mixin.py:188} INFO - [2024-06-24T07:56:29.961+0000] {dag.py:3954} INFO - Setting next_dagrun for latest_only_with_trigger to 2024-06-24 00:00:00+00:00, run_after=2024-06-24 04:00:00+00:00
[2024-06-24T07:56:29.971+0000] {processor.py:183} INFO - Processing /home/airflow/.local/lib/python3.12/site-packages/airflow/example_dags/example_latest_only_with_trigger.py took 0.049 seconds
[2024-06-24T07:57:00.501+0000] {processor.py:161} INFO - Started process (PID=1596) to work on /home/airflow/.local/lib/python3.12/site-packages/airflow/example_dags/example_latest_only_with_trigger.py
[2024-06-24T07:57:00.502+0000] {processor.py:830} INFO - Processing file /home/airflow/.local/lib/python3.12/site-packages/airflow/example_dags/example_latest_only_with_trigger.py for tasks to queue
[2024-06-24T07:57:00.503+0000] {logging_mixin.py:188} INFO - [2024-06-24T07:57:00.503+0000] {dagbag.py:545} INFO - Filling up the DagBag from /home/airflow/.local/lib/python3.12/site-packages/airflow/example_dags/example_latest_only_with_trigger.py
[2024-06-24T07:57:00.505+0000] {processor.py:840} INFO - DAG(s) 'latest_only_with_trigger' retrieved from /home/airflow/.local/lib/python3.12/site-packages/airflow/example_dags/example_latest_only_with_trigger.py
[2024-06-24T07:57:00.513+0000] {logging_mixin.py:188} INFO - [2024-06-24T07:57:00.513+0000] {dag.py:3096} INFO - Sync 1 DAGs
[2024-06-24T07:57:00.522+0000] {logging_mixin.py:188} INFO - [2024-06-24T07:57:00.521+0000] {dag.py:3954} INFO - Setting next_dagrun for latest_only_with_trigger to 2024-06-24 00:00:00+00:00, run_after=2024-06-24 04:00:00+00:00
[2024-06-24T07:57:00.529+0000] {processor.py:183} INFO - Processing /home/airflow/.local/lib/python3.12/site-packages/airflow/example_dags/example_latest_only_with_trigger.py took 0.030 seconds
[2024-06-24T07:57:30.626+0000] {processor.py:161} INFO - Started process (PID=1654) to work on /home/airflow/.local/lib/python3.12/site-packages/airflow/example_dags/example_latest_only_with_trigger.py
[2024-06-24T07:57:30.626+0000] {processor.py:830} INFO - Processing file /home/airflow/.local/lib/python3.12/site-packages/airflow/example_dags/example_latest_only_with_trigger.py for tasks to queue
[2024-06-24T07:57:30.627+0000] {logging_mixin.py:188} INFO - [2024-06-24T07:57:30.627+0000] {dagbag.py:545} INFO - Filling up the DagBag from /home/airflow/.local/lib/python3.12/site-packages/airflow/example_dags/example_latest_only_with_trigger.py
[2024-06-24T07:57:30.629+0000] {processor.py:840} INFO - DAG(s) 'latest_only_with_trigger' retrieved from /home/airflow/.local/lib/python3.12/site-packages/airflow/example_dags/example_latest_only_with_trigger.py
[2024-06-24T07:57:30.637+0000] {logging_mixin.py:188} INFO - [2024-06-24T07:57:30.637+0000] {dag.py:3096} INFO - Sync 1 DAGs
[2024-06-24T07:57:30.645+0000] {logging_mixin.py:188} INFO - [2024-06-24T07:57:30.645+0000] {dag.py:3954} INFO - Setting next_dagrun for latest_only_with_trigger to 2024-06-24 00:00:00+00:00, run_after=2024-06-24 04:00:00+00:00
[2024-06-24T07:57:30.651+0000] {processor.py:183} INFO - Processing /home/airflow/.local/lib/python3.12/site-packages/airflow/example_dags/example_latest_only_with_trigger.py took 0.027 seconds
[2024-06-24T07:58:00.883+0000] {processor.py:161} INFO - Started process (PID=1712) to work on /home/airflow/.local/lib/python3.12/site-packages/airflow/example_dags/example_latest_only_with_trigger.py
[2024-06-24T07:58:00.883+0000] {processor.py:830} INFO - Processing file /home/airflow/.local/lib/python3.12/site-packages/airflow/example_dags/example_latest_only_with_trigger.py for tasks to queue
[2024-06-24T07:58:00.884+0000] {logging_mixin.py:188} INFO - [2024-06-24T07:58:00.884+0000] {dagbag.py:545} INFO - Filling up the DagBag from /home/airflow/.local/lib/python3.12/site-packages/airflow/example_dags/example_latest_only_with_trigger.py
[2024-06-24T07:58:00.886+0000] {processor.py:840} INFO - DAG(s) 'latest_only_with_trigger' retrieved from /home/airflow/.local/lib/python3.12/site-packages/airflow/example_dags/example_latest_only_with_trigger.py
[2024-06-24T07:58:00.894+0000] {logging_mixin.py:188} INFO - [2024-06-24T07:58:00.894+0000] {dag.py:3096} INFO - Sync 1 DAGs
[2024-06-24T07:58:00.902+0000] {logging_mixin.py:188} INFO - [2024-06-24T07:58:00.902+0000] {dag.py:3954} INFO - Setting next_dagrun for latest_only_with_trigger to 2024-06-24 00:00:00+00:00, run_after=2024-06-24 04:00:00+00:00
[2024-06-24T07:58:00.909+0000] {processor.py:183} INFO - Processing /home/airflow/.local/lib/python3.12/site-packages/airflow/example_dags/example_latest_only_with_trigger.py took 0.028 seconds
[2024-06-24T07:58:31.508+0000] {processor.py:161} INFO - Started process (PID=1770) to work on /home/airflow/.local/lib/python3.12/site-packages/airflow/example_dags/example_latest_only_with_trigger.py
[2024-06-24T07:58:31.508+0000] {processor.py:830} INFO - Processing file /home/airflow/.local/lib/python3.12/site-packages/airflow/example_dags/example_latest_only_with_trigger.py for tasks to queue
[2024-06-24T07:58:31.509+0000] {logging_mixin.py:188} INFO - [2024-06-24T07:58:31.509+0000] {dagbag.py:545} INFO - Filling up the DagBag from /home/airflow/.local/lib/python3.12/site-packages/airflow/example_dags/example_latest_only_with_trigger.py
[2024-06-24T07:58:31.511+0000] {processor.py:840} INFO - DAG(s) 'latest_only_with_trigger' retrieved from /home/airflow/.local/lib/python3.12/site-packages/airflow/example_dags/example_latest_only_with_trigger.py
[2024-06-24T07:58:31.519+0000] {logging_mixin.py:188} INFO - [2024-06-24T07:58:31.519+0000] {dag.py:3096} INFO - Sync 1 DAGs
[2024-06-24T07:58:31.527+0000] {logging_mixin.py:188} INFO - [2024-06-24T07:58:31.527+0000] {dag.py:3954} INFO - Setting next_dagrun for latest_only_with_trigger to 2024-06-24 00:00:00+00:00, run_after=2024-06-24 04:00:00+00:00
[2024-06-24T07:58:31.534+0000] {processor.py:183} INFO - Processing /home/airflow/.local/lib/python3.12/site-packages/airflow/example_dags/example_latest_only_with_trigger.py took 0.028 seconds
[2024-06-24T07:59:02.194+0000] {processor.py:161} INFO - Started process (PID=1828) to work on /home/airflow/.local/lib/python3.12/site-packages/airflow/example_dags/example_latest_only_with_trigger.py
[2024-06-24T07:59:02.195+0000] {processor.py:830} INFO - Processing file /home/airflow/.local/lib/python3.12/site-packages/airflow/example_dags/example_latest_only_with_trigger.py for tasks to queue
[2024-06-24T07:59:02.196+0000] {logging_mixin.py:188} INFO - [2024-06-24T07:59:02.196+0000] {dagbag.py:545} INFO - Filling up the DagBag from /home/airflow/.local/lib/python3.12/site-packages/airflow/example_dags/example_latest_only_with_trigger.py
[2024-06-24T07:59:02.198+0000] {processor.py:840} INFO - DAG(s) 'latest_only_with_trigger' retrieved from /home/airflow/.local/lib/python3.12/site-packages/airflow/example_dags/example_latest_only_with_trigger.py
[2024-06-24T07:59:02.206+0000] {logging_mixin.py:188} INFO - [2024-06-24T07:59:02.206+0000] {dag.py:3096} INFO - Sync 1 DAGs
[2024-06-24T07:59:02.214+0000] {logging_mixin.py:188} INFO - [2024-06-24T07:59:02.214+0000] {dag.py:3954} INFO - Setting next_dagrun for latest_only_with_trigger to 2024-06-24 00:00:00+00:00, run_after=2024-06-24 04:00:00+00:00
[2024-06-24T07:59:02.221+0000] {processor.py:183} INFO - Processing /home/airflow/.local/lib/python3.12/site-packages/airflow/example_dags/example_latest_only_with_trigger.py took 0.029 seconds
