[2024-06-24T07:43:18.629+0000] {processor.py:161} INFO - Started process (PID=40) to work on /home/airflow/.local/lib/python3.12/site-packages/airflow/example_dags/example_nested_branch_dag.py
[2024-06-24T07:43:18.630+0000] {processor.py:830} INFO - Processing file /home/airflow/.local/lib/python3.12/site-packages/airflow/example_dags/example_nested_branch_dag.py for tasks to queue
[2024-06-24T07:43:18.631+0000] {logging_mixin.py:188} INFO - [2024-06-24T07:43:18.631+0000] {dagbag.py:545} INFO - Filling up the DagBag from /home/airflow/.local/lib/python3.12/site-packages/airflow/example_dags/example_nested_branch_dag.py
[2024-06-24T07:43:18.637+0000] {processor.py:840} INFO - DAG(s) 'example_nested_branch_dag' retrieved from /home/airflow/.local/lib/python3.12/site-packages/airflow/example_dags/example_nested_branch_dag.py
[2024-06-24T07:43:18.652+0000] {logging_mixin.py:188} INFO - [2024-06-24T07:43:18.652+0000] {dag.py:3096} INFO - Sync 1 DAGs
[2024-06-24T07:43:18.672+0000] {logging_mixin.py:188} INFO - [2024-06-24T07:43:18.672+0000] {dag.py:3954} INFO - Setting next_dagrun for example_nested_branch_dag to 2024-06-23 00:00:00+00:00, run_after=2024-06-24 00:00:00+00:00
[2024-06-24T07:43:18.686+0000] {processor.py:183} INFO - Processing /home/airflow/.local/lib/python3.12/site-packages/airflow/example_dags/example_nested_branch_dag.py took 0.059 seconds
[2024-06-24T07:43:48.846+0000] {processor.py:161} INFO - Started process (PID=98) to work on /home/airflow/.local/lib/python3.12/site-packages/airflow/example_dags/example_nested_branch_dag.py
[2024-06-24T07:43:48.846+0000] {processor.py:830} INFO - Processing file /home/airflow/.local/lib/python3.12/site-packages/airflow/example_dags/example_nested_branch_dag.py for tasks to queue
[2024-06-24T07:43:48.847+0000] {logging_mixin.py:188} INFO - [2024-06-24T07:43:48.847+0000] {dagbag.py:545} INFO - Filling up the DagBag from /home/airflow/.local/lib/python3.12/site-packages/airflow/example_dags/example_nested_branch_dag.py
[2024-06-24T07:43:48.850+0000] {processor.py:840} INFO - DAG(s) 'example_nested_branch_dag' retrieved from /home/airflow/.local/lib/python3.12/site-packages/airflow/example_dags/example_nested_branch_dag.py
[2024-06-24T07:43:48.858+0000] {logging_mixin.py:188} INFO - [2024-06-24T07:43:48.858+0000] {dag.py:3096} INFO - Sync 1 DAGs
[2024-06-24T07:43:48.865+0000] {logging_mixin.py:188} INFO - [2024-06-24T07:43:48.865+0000] {dag.py:3954} INFO - Setting next_dagrun for example_nested_branch_dag to 2024-06-23 00:00:00+00:00, run_after=2024-06-24 00:00:00+00:00
[2024-06-24T07:43:48.871+0000] {processor.py:183} INFO - Processing /home/airflow/.local/lib/python3.12/site-packages/airflow/example_dags/example_nested_branch_dag.py took 0.028 seconds
[2024-06-24T07:44:19.176+0000] {processor.py:161} INFO - Started process (PID=156) to work on /home/airflow/.local/lib/python3.12/site-packages/airflow/example_dags/example_nested_branch_dag.py
[2024-06-24T07:44:19.177+0000] {processor.py:830} INFO - Processing file /home/airflow/.local/lib/python3.12/site-packages/airflow/example_dags/example_nested_branch_dag.py for tasks to queue
[2024-06-24T07:44:19.178+0000] {logging_mixin.py:188} INFO - [2024-06-24T07:44:19.177+0000] {dagbag.py:545} INFO - Filling up the DagBag from /home/airflow/.local/lib/python3.12/site-packages/airflow/example_dags/example_nested_branch_dag.py
[2024-06-24T07:44:19.181+0000] {processor.py:840} INFO - DAG(s) 'example_nested_branch_dag' retrieved from /home/airflow/.local/lib/python3.12/site-packages/airflow/example_dags/example_nested_branch_dag.py
[2024-06-24T07:44:19.189+0000] {logging_mixin.py:188} INFO - [2024-06-24T07:44:19.189+0000] {dag.py:3096} INFO - Sync 1 DAGs
[2024-06-24T07:44:19.197+0000] {logging_mixin.py:188} INFO - [2024-06-24T07:44:19.197+0000] {dag.py:3954} INFO - Setting next_dagrun for example_nested_branch_dag to 2024-06-23 00:00:00+00:00, run_after=2024-06-24 00:00:00+00:00
[2024-06-24T07:44:19.204+0000] {processor.py:183} INFO - Processing /home/airflow/.local/lib/python3.12/site-packages/airflow/example_dags/example_nested_branch_dag.py took 0.030 seconds
[2024-06-24T07:44:49.615+0000] {processor.py:161} INFO - Started process (PID=214) to work on /home/airflow/.local/lib/python3.12/site-packages/airflow/example_dags/example_nested_branch_dag.py
[2024-06-24T07:44:49.616+0000] {processor.py:830} INFO - Processing file /home/airflow/.local/lib/python3.12/site-packages/airflow/example_dags/example_nested_branch_dag.py for tasks to queue
[2024-06-24T07:44:49.617+0000] {logging_mixin.py:188} INFO - [2024-06-24T07:44:49.617+0000] {dagbag.py:545} INFO - Filling up the DagBag from /home/airflow/.local/lib/python3.12/site-packages/airflow/example_dags/example_nested_branch_dag.py
[2024-06-24T07:44:49.620+0000] {processor.py:840} INFO - DAG(s) 'example_nested_branch_dag' retrieved from /home/airflow/.local/lib/python3.12/site-packages/airflow/example_dags/example_nested_branch_dag.py
[2024-06-24T07:44:49.628+0000] {logging_mixin.py:188} INFO - [2024-06-24T07:44:49.628+0000] {dag.py:3096} INFO - Sync 1 DAGs
[2024-06-24T07:44:49.636+0000] {logging_mixin.py:188} INFO - [2024-06-24T07:44:49.636+0000] {dag.py:3954} INFO - Setting next_dagrun for example_nested_branch_dag to 2024-06-23 00:00:00+00:00, run_after=2024-06-24 00:00:00+00:00
[2024-06-24T07:44:49.643+0000] {processor.py:183} INFO - Processing /home/airflow/.local/lib/python3.12/site-packages/airflow/example_dags/example_nested_branch_dag.py took 0.030 seconds
[2024-06-24T07:45:20.045+0000] {processor.py:161} INFO - Started process (PID=272) to work on /home/airflow/.local/lib/python3.12/site-packages/airflow/example_dags/example_nested_branch_dag.py
[2024-06-24T07:45:20.045+0000] {processor.py:830} INFO - Processing file /home/airflow/.local/lib/python3.12/site-packages/airflow/example_dags/example_nested_branch_dag.py for tasks to queue
[2024-06-24T07:45:20.046+0000] {logging_mixin.py:188} INFO - [2024-06-24T07:45:20.046+0000] {dagbag.py:545} INFO - Filling up the DagBag from /home/airflow/.local/lib/python3.12/site-packages/airflow/example_dags/example_nested_branch_dag.py
[2024-06-24T07:45:20.050+0000] {processor.py:840} INFO - DAG(s) 'example_nested_branch_dag' retrieved from /home/airflow/.local/lib/python3.12/site-packages/airflow/example_dags/example_nested_branch_dag.py
[2024-06-24T07:45:20.059+0000] {logging_mixin.py:188} INFO - [2024-06-24T07:45:20.059+0000] {dag.py:3096} INFO - Sync 1 DAGs
[2024-06-24T07:45:20.068+0000] {logging_mixin.py:188} INFO - [2024-06-24T07:45:20.068+0000] {dag.py:3954} INFO - Setting next_dagrun for example_nested_branch_dag to 2024-06-23 00:00:00+00:00, run_after=2024-06-24 00:00:00+00:00
[2024-06-24T07:45:20.075+0000] {processor.py:183} INFO - Processing /home/airflow/.local/lib/python3.12/site-packages/airflow/example_dags/example_nested_branch_dag.py took 0.032 seconds
[2024-06-24T07:45:50.512+0000] {processor.py:161} INFO - Started process (PID=329) to work on /home/airflow/.local/lib/python3.12/site-packages/airflow/example_dags/example_nested_branch_dag.py
[2024-06-24T07:45:50.512+0000] {processor.py:830} INFO - Processing file /home/airflow/.local/lib/python3.12/site-packages/airflow/example_dags/example_nested_branch_dag.py for tasks to queue
[2024-06-24T07:45:50.513+0000] {logging_mixin.py:188} INFO - [2024-06-24T07:45:50.513+0000] {dagbag.py:545} INFO - Filling up the DagBag from /home/airflow/.local/lib/python3.12/site-packages/airflow/example_dags/example_nested_branch_dag.py
[2024-06-24T07:45:50.517+0000] {processor.py:840} INFO - DAG(s) 'example_nested_branch_dag' retrieved from /home/airflow/.local/lib/python3.12/site-packages/airflow/example_dags/example_nested_branch_dag.py
[2024-06-24T07:45:50.526+0000] {logging_mixin.py:188} INFO - [2024-06-24T07:45:50.525+0000] {dag.py:3096} INFO - Sync 1 DAGs
[2024-06-24T07:45:50.534+0000] {logging_mixin.py:188} INFO - [2024-06-24T07:45:50.534+0000] {dag.py:3954} INFO - Setting next_dagrun for example_nested_branch_dag to 2024-06-23 00:00:00+00:00, run_after=2024-06-24 00:00:00+00:00
[2024-06-24T07:45:50.541+0000] {processor.py:183} INFO - Processing /home/airflow/.local/lib/python3.12/site-packages/airflow/example_dags/example_nested_branch_dag.py took 0.031 seconds
[2024-06-24T07:46:20.764+0000] {processor.py:161} INFO - Started process (PID=387) to work on /home/airflow/.local/lib/python3.12/site-packages/airflow/example_dags/example_nested_branch_dag.py
[2024-06-24T07:46:20.766+0000] {processor.py:830} INFO - Processing file /home/airflow/.local/lib/python3.12/site-packages/airflow/example_dags/example_nested_branch_dag.py for tasks to queue
[2024-06-24T07:46:20.768+0000] {logging_mixin.py:188} INFO - [2024-06-24T07:46:20.768+0000] {dagbag.py:545} INFO - Filling up the DagBag from /home/airflow/.local/lib/python3.12/site-packages/airflow/example_dags/example_nested_branch_dag.py
[2024-06-24T07:46:20.773+0000] {processor.py:840} INFO - DAG(s) 'example_nested_branch_dag' retrieved from /home/airflow/.local/lib/python3.12/site-packages/airflow/example_dags/example_nested_branch_dag.py
[2024-06-24T07:46:20.782+0000] {logging_mixin.py:188} INFO - [2024-06-24T07:46:20.781+0000] {dag.py:3096} INFO - Sync 1 DAGs
[2024-06-24T07:46:20.790+0000] {logging_mixin.py:188} INFO - [2024-06-24T07:46:20.790+0000] {dag.py:3954} INFO - Setting next_dagrun for example_nested_branch_dag to 2024-06-23 00:00:00+00:00, run_after=2024-06-24 00:00:00+00:00
[2024-06-24T07:46:20.797+0000] {processor.py:183} INFO - Processing /home/airflow/.local/lib/python3.12/site-packages/airflow/example_dags/example_nested_branch_dag.py took 0.035 seconds
[2024-06-24T07:46:51.165+0000] {processor.py:161} INFO - Started process (PID=444) to work on /home/airflow/.local/lib/python3.12/site-packages/airflow/example_dags/example_nested_branch_dag.py
[2024-06-24T07:46:51.166+0000] {processor.py:830} INFO - Processing file /home/airflow/.local/lib/python3.12/site-packages/airflow/example_dags/example_nested_branch_dag.py for tasks to queue
[2024-06-24T07:46:51.167+0000] {logging_mixin.py:188} INFO - [2024-06-24T07:46:51.166+0000] {dagbag.py:545} INFO - Filling up the DagBag from /home/airflow/.local/lib/python3.12/site-packages/airflow/example_dags/example_nested_branch_dag.py
[2024-06-24T07:46:51.171+0000] {processor.py:840} INFO - DAG(s) 'example_nested_branch_dag' retrieved from /home/airflow/.local/lib/python3.12/site-packages/airflow/example_dags/example_nested_branch_dag.py
[2024-06-24T07:46:51.180+0000] {logging_mixin.py:188} INFO - [2024-06-24T07:46:51.180+0000] {dag.py:3096} INFO - Sync 1 DAGs
[2024-06-24T07:46:51.188+0000] {logging_mixin.py:188} INFO - [2024-06-24T07:46:51.188+0000] {dag.py:3954} INFO - Setting next_dagrun for example_nested_branch_dag to 2024-06-23 00:00:00+00:00, run_after=2024-06-24 00:00:00+00:00
[2024-06-24T07:46:51.195+0000] {processor.py:183} INFO - Processing /home/airflow/.local/lib/python3.12/site-packages/airflow/example_dags/example_nested_branch_dag.py took 0.032 seconds
[2024-06-24T07:47:21.559+0000] {processor.py:161} INFO - Started process (PID=502) to work on /home/airflow/.local/lib/python3.12/site-packages/airflow/example_dags/example_nested_branch_dag.py
[2024-06-24T07:47:21.560+0000] {processor.py:830} INFO - Processing file /home/airflow/.local/lib/python3.12/site-packages/airflow/example_dags/example_nested_branch_dag.py for tasks to queue
[2024-06-24T07:47:21.561+0000] {logging_mixin.py:188} INFO - [2024-06-24T07:47:21.561+0000] {dagbag.py:545} INFO - Filling up the DagBag from /home/airflow/.local/lib/python3.12/site-packages/airflow/example_dags/example_nested_branch_dag.py
[2024-06-24T07:47:21.565+0000] {processor.py:840} INFO - DAG(s) 'example_nested_branch_dag' retrieved from /home/airflow/.local/lib/python3.12/site-packages/airflow/example_dags/example_nested_branch_dag.py
[2024-06-24T07:47:21.573+0000] {logging_mixin.py:188} INFO - [2024-06-24T07:47:21.573+0000] {dag.py:3096} INFO - Sync 1 DAGs
[2024-06-24T07:47:21.581+0000] {logging_mixin.py:188} INFO - [2024-06-24T07:47:21.581+0000] {dag.py:3954} INFO - Setting next_dagrun for example_nested_branch_dag to 2024-06-23 00:00:00+00:00, run_after=2024-06-24 00:00:00+00:00
[2024-06-24T07:47:21.587+0000] {processor.py:183} INFO - Processing /home/airflow/.local/lib/python3.12/site-packages/airflow/example_dags/example_nested_branch_dag.py took 0.030 seconds
[2024-06-24T07:47:51.938+0000] {processor.py:161} INFO - Started process (PID=559) to work on /home/airflow/.local/lib/python3.12/site-packages/airflow/example_dags/example_nested_branch_dag.py
[2024-06-24T07:47:51.939+0000] {processor.py:830} INFO - Processing file /home/airflow/.local/lib/python3.12/site-packages/airflow/example_dags/example_nested_branch_dag.py for tasks to queue
[2024-06-24T07:47:51.941+0000] {logging_mixin.py:188} INFO - [2024-06-24T07:47:51.941+0000] {dagbag.py:545} INFO - Filling up the DagBag from /home/airflow/.local/lib/python3.12/site-packages/airflow/example_dags/example_nested_branch_dag.py
[2024-06-24T07:47:51.947+0000] {processor.py:840} INFO - DAG(s) 'example_nested_branch_dag' retrieved from /home/airflow/.local/lib/python3.12/site-packages/airflow/example_dags/example_nested_branch_dag.py
[2024-06-24T07:47:51.957+0000] {logging_mixin.py:188} INFO - [2024-06-24T07:47:51.956+0000] {dag.py:3096} INFO - Sync 1 DAGs
[2024-06-24T07:47:51.965+0000] {logging_mixin.py:188} INFO - [2024-06-24T07:47:51.965+0000] {dag.py:3954} INFO - Setting next_dagrun for example_nested_branch_dag to 2024-06-23 00:00:00+00:00, run_after=2024-06-24 00:00:00+00:00
[2024-06-24T07:47:51.973+0000] {processor.py:183} INFO - Processing /home/airflow/.local/lib/python3.12/site-packages/airflow/example_dags/example_nested_branch_dag.py took 0.039 seconds
[2024-06-24T07:48:22.325+0000] {processor.py:161} INFO - Started process (PID=617) to work on /home/airflow/.local/lib/python3.12/site-packages/airflow/example_dags/example_nested_branch_dag.py
[2024-06-24T07:48:22.326+0000] {processor.py:830} INFO - Processing file /home/airflow/.local/lib/python3.12/site-packages/airflow/example_dags/example_nested_branch_dag.py for tasks to queue
[2024-06-24T07:48:22.327+0000] {logging_mixin.py:188} INFO - [2024-06-24T07:48:22.326+0000] {dagbag.py:545} INFO - Filling up the DagBag from /home/airflow/.local/lib/python3.12/site-packages/airflow/example_dags/example_nested_branch_dag.py
[2024-06-24T07:48:22.331+0000] {processor.py:840} INFO - DAG(s) 'example_nested_branch_dag' retrieved from /home/airflow/.local/lib/python3.12/site-packages/airflow/example_dags/example_nested_branch_dag.py
[2024-06-24T07:48:22.339+0000] {logging_mixin.py:188} INFO - [2024-06-24T07:48:22.339+0000] {dag.py:3096} INFO - Sync 1 DAGs
[2024-06-24T07:48:22.348+0000] {logging_mixin.py:188} INFO - [2024-06-24T07:48:22.348+0000] {dag.py:3954} INFO - Setting next_dagrun for example_nested_branch_dag to 2024-06-23 00:00:00+00:00, run_after=2024-06-24 00:00:00+00:00
[2024-06-24T07:48:22.355+0000] {processor.py:183} INFO - Processing /home/airflow/.local/lib/python3.12/site-packages/airflow/example_dags/example_nested_branch_dag.py took 0.032 seconds
[2024-06-24T07:48:52.815+0000] {processor.py:161} INFO - Started process (PID=675) to work on /home/airflow/.local/lib/python3.12/site-packages/airflow/example_dags/example_nested_branch_dag.py
[2024-06-24T07:48:52.815+0000] {processor.py:830} INFO - Processing file /home/airflow/.local/lib/python3.12/site-packages/airflow/example_dags/example_nested_branch_dag.py for tasks to queue
[2024-06-24T07:48:52.816+0000] {logging_mixin.py:188} INFO - [2024-06-24T07:48:52.816+0000] {dagbag.py:545} INFO - Filling up the DagBag from /home/airflow/.local/lib/python3.12/site-packages/airflow/example_dags/example_nested_branch_dag.py
[2024-06-24T07:48:52.820+0000] {processor.py:840} INFO - DAG(s) 'example_nested_branch_dag' retrieved from /home/airflow/.local/lib/python3.12/site-packages/airflow/example_dags/example_nested_branch_dag.py
[2024-06-24T07:48:52.828+0000] {logging_mixin.py:188} INFO - [2024-06-24T07:48:52.828+0000] {dag.py:3096} INFO - Sync 1 DAGs
[2024-06-24T07:48:52.837+0000] {logging_mixin.py:188} INFO - [2024-06-24T07:48:52.836+0000] {dag.py:3954} INFO - Setting next_dagrun for example_nested_branch_dag to 2024-06-23 00:00:00+00:00, run_after=2024-06-24 00:00:00+00:00
[2024-06-24T07:48:52.843+0000] {processor.py:183} INFO - Processing /home/airflow/.local/lib/python3.12/site-packages/airflow/example_dags/example_nested_branch_dag.py took 0.031 seconds
[2024-06-24T07:49:23.319+0000] {processor.py:161} INFO - Started process (PID=732) to work on /home/airflow/.local/lib/python3.12/site-packages/airflow/example_dags/example_nested_branch_dag.py
[2024-06-24T07:49:23.319+0000] {processor.py:830} INFO - Processing file /home/airflow/.local/lib/python3.12/site-packages/airflow/example_dags/example_nested_branch_dag.py for tasks to queue
[2024-06-24T07:49:23.320+0000] {logging_mixin.py:188} INFO - [2024-06-24T07:49:23.320+0000] {dagbag.py:545} INFO - Filling up the DagBag from /home/airflow/.local/lib/python3.12/site-packages/airflow/example_dags/example_nested_branch_dag.py
[2024-06-24T07:49:23.324+0000] {processor.py:840} INFO - DAG(s) 'example_nested_branch_dag' retrieved from /home/airflow/.local/lib/python3.12/site-packages/airflow/example_dags/example_nested_branch_dag.py
[2024-06-24T07:49:23.333+0000] {logging_mixin.py:188} INFO - [2024-06-24T07:49:23.333+0000] {dag.py:3096} INFO - Sync 1 DAGs
[2024-06-24T07:49:23.342+0000] {logging_mixin.py:188} INFO - [2024-06-24T07:49:23.342+0000] {dag.py:3954} INFO - Setting next_dagrun for example_nested_branch_dag to 2024-06-23 00:00:00+00:00, run_after=2024-06-24 00:00:00+00:00
[2024-06-24T07:49:23.349+0000] {processor.py:183} INFO - Processing /home/airflow/.local/lib/python3.12/site-packages/airflow/example_dags/example_nested_branch_dag.py took 0.032 seconds
[2024-06-24T07:49:53.816+0000] {processor.py:161} INFO - Started process (PID=790) to work on /home/airflow/.local/lib/python3.12/site-packages/airflow/example_dags/example_nested_branch_dag.py
[2024-06-24T07:49:53.817+0000] {processor.py:830} INFO - Processing file /home/airflow/.local/lib/python3.12/site-packages/airflow/example_dags/example_nested_branch_dag.py for tasks to queue
[2024-06-24T07:49:53.818+0000] {logging_mixin.py:188} INFO - [2024-06-24T07:49:53.817+0000] {dagbag.py:545} INFO - Filling up the DagBag from /home/airflow/.local/lib/python3.12/site-packages/airflow/example_dags/example_nested_branch_dag.py
[2024-06-24T07:49:53.822+0000] {processor.py:840} INFO - DAG(s) 'example_nested_branch_dag' retrieved from /home/airflow/.local/lib/python3.12/site-packages/airflow/example_dags/example_nested_branch_dag.py
[2024-06-24T07:49:53.830+0000] {logging_mixin.py:188} INFO - [2024-06-24T07:49:53.830+0000] {dag.py:3096} INFO - Sync 1 DAGs
[2024-06-24T07:49:53.838+0000] {logging_mixin.py:188} INFO - [2024-06-24T07:49:53.838+0000] {dag.py:3954} INFO - Setting next_dagrun for example_nested_branch_dag to 2024-06-23 00:00:00+00:00, run_after=2024-06-24 00:00:00+00:00
[2024-06-24T07:49:53.846+0000] {processor.py:183} INFO - Processing /home/airflow/.local/lib/python3.12/site-packages/airflow/example_dags/example_nested_branch_dag.py took 0.032 seconds
[2024-06-24T07:50:24.268+0000] {processor.py:161} INFO - Started process (PID=848) to work on /home/airflow/.local/lib/python3.12/site-packages/airflow/example_dags/example_nested_branch_dag.py
[2024-06-24T07:50:24.269+0000] {processor.py:830} INFO - Processing file /home/airflow/.local/lib/python3.12/site-packages/airflow/example_dags/example_nested_branch_dag.py for tasks to queue
[2024-06-24T07:50:24.270+0000] {logging_mixin.py:188} INFO - [2024-06-24T07:50:24.270+0000] {dagbag.py:545} INFO - Filling up the DagBag from /home/airflow/.local/lib/python3.12/site-packages/airflow/example_dags/example_nested_branch_dag.py
[2024-06-24T07:50:24.274+0000] {processor.py:840} INFO - DAG(s) 'example_nested_branch_dag' retrieved from /home/airflow/.local/lib/python3.12/site-packages/airflow/example_dags/example_nested_branch_dag.py
[2024-06-24T07:50:24.283+0000] {logging_mixin.py:188} INFO - [2024-06-24T07:50:24.283+0000] {dag.py:3096} INFO - Sync 1 DAGs
[2024-06-24T07:50:24.292+0000] {logging_mixin.py:188} INFO - [2024-06-24T07:50:24.292+0000] {dag.py:3954} INFO - Setting next_dagrun for example_nested_branch_dag to 2024-06-23 00:00:00+00:00, run_after=2024-06-24 00:00:00+00:00
[2024-06-24T07:50:24.300+0000] {processor.py:183} INFO - Processing /home/airflow/.local/lib/python3.12/site-packages/airflow/example_dags/example_nested_branch_dag.py took 0.034 seconds
[2024-06-24T07:50:54.768+0000] {processor.py:161} INFO - Started process (PID=906) to work on /home/airflow/.local/lib/python3.12/site-packages/airflow/example_dags/example_nested_branch_dag.py
[2024-06-24T07:50:54.769+0000] {processor.py:830} INFO - Processing file /home/airflow/.local/lib/python3.12/site-packages/airflow/example_dags/example_nested_branch_dag.py for tasks to queue
[2024-06-24T07:50:54.770+0000] {logging_mixin.py:188} INFO - [2024-06-24T07:50:54.770+0000] {dagbag.py:545} INFO - Filling up the DagBag from /home/airflow/.local/lib/python3.12/site-packages/airflow/example_dags/example_nested_branch_dag.py
[2024-06-24T07:50:54.774+0000] {processor.py:840} INFO - DAG(s) 'example_nested_branch_dag' retrieved from /home/airflow/.local/lib/python3.12/site-packages/airflow/example_dags/example_nested_branch_dag.py
[2024-06-24T07:50:54.784+0000] {logging_mixin.py:188} INFO - [2024-06-24T07:50:54.784+0000] {dag.py:3096} INFO - Sync 1 DAGs
[2024-06-24T07:50:54.793+0000] {logging_mixin.py:188} INFO - [2024-06-24T07:50:54.793+0000] {dag.py:3954} INFO - Setting next_dagrun for example_nested_branch_dag to 2024-06-23 00:00:00+00:00, run_after=2024-06-24 00:00:00+00:00
[2024-06-24T07:50:54.802+0000] {processor.py:183} INFO - Processing /home/airflow/.local/lib/python3.12/site-packages/airflow/example_dags/example_nested_branch_dag.py took 0.036 seconds
[2024-06-24T07:51:25.224+0000] {processor.py:161} INFO - Started process (PID=963) to work on /home/airflow/.local/lib/python3.12/site-packages/airflow/example_dags/example_nested_branch_dag.py
[2024-06-24T07:51:25.224+0000] {processor.py:830} INFO - Processing file /home/airflow/.local/lib/python3.12/site-packages/airflow/example_dags/example_nested_branch_dag.py for tasks to queue
[2024-06-24T07:51:25.225+0000] {logging_mixin.py:188} INFO - [2024-06-24T07:51:25.225+0000] {dagbag.py:545} INFO - Filling up the DagBag from /home/airflow/.local/lib/python3.12/site-packages/airflow/example_dags/example_nested_branch_dag.py
[2024-06-24T07:51:25.229+0000] {processor.py:840} INFO - DAG(s) 'example_nested_branch_dag' retrieved from /home/airflow/.local/lib/python3.12/site-packages/airflow/example_dags/example_nested_branch_dag.py
[2024-06-24T07:51:25.238+0000] {logging_mixin.py:188} INFO - [2024-06-24T07:51:25.238+0000] {dag.py:3096} INFO - Sync 1 DAGs
[2024-06-24T07:51:25.247+0000] {logging_mixin.py:188} INFO - [2024-06-24T07:51:25.247+0000] {dag.py:3954} INFO - Setting next_dagrun for example_nested_branch_dag to 2024-06-23 00:00:00+00:00, run_after=2024-06-24 00:00:00+00:00
[2024-06-24T07:51:25.253+0000] {processor.py:183} INFO - Processing /home/airflow/.local/lib/python3.12/site-packages/airflow/example_dags/example_nested_branch_dag.py took 0.032 seconds
[2024-06-24T07:51:55.609+0000] {processor.py:161} INFO - Started process (PID=1021) to work on /home/airflow/.local/lib/python3.12/site-packages/airflow/example_dags/example_nested_branch_dag.py
[2024-06-24T07:51:55.609+0000] {processor.py:830} INFO - Processing file /home/airflow/.local/lib/python3.12/site-packages/airflow/example_dags/example_nested_branch_dag.py for tasks to queue
[2024-06-24T07:51:55.610+0000] {logging_mixin.py:188} INFO - [2024-06-24T07:51:55.610+0000] {dagbag.py:545} INFO - Filling up the DagBag from /home/airflow/.local/lib/python3.12/site-packages/airflow/example_dags/example_nested_branch_dag.py
[2024-06-24T07:51:55.614+0000] {processor.py:840} INFO - DAG(s) 'example_nested_branch_dag' retrieved from /home/airflow/.local/lib/python3.12/site-packages/airflow/example_dags/example_nested_branch_dag.py
[2024-06-24T07:51:55.622+0000] {logging_mixin.py:188} INFO - [2024-06-24T07:51:55.622+0000] {dag.py:3096} INFO - Sync 1 DAGs
[2024-06-24T07:51:55.630+0000] {logging_mixin.py:188} INFO - [2024-06-24T07:51:55.630+0000] {dag.py:3954} INFO - Setting next_dagrun for example_nested_branch_dag to 2024-06-23 00:00:00+00:00, run_after=2024-06-24 00:00:00+00:00
[2024-06-24T07:51:55.637+0000] {processor.py:183} INFO - Processing /home/airflow/.local/lib/python3.12/site-packages/airflow/example_dags/example_nested_branch_dag.py took 0.031 seconds
[2024-06-24T07:52:26.000+0000] {processor.py:161} INFO - Started process (PID=1079) to work on /home/airflow/.local/lib/python3.12/site-packages/airflow/example_dags/example_nested_branch_dag.py
[2024-06-24T07:52:26.000+0000] {processor.py:830} INFO - Processing file /home/airflow/.local/lib/python3.12/site-packages/airflow/example_dags/example_nested_branch_dag.py for tasks to queue
[2024-06-24T07:52:26.001+0000] {logging_mixin.py:188} INFO - [2024-06-24T07:52:26.001+0000] {dagbag.py:545} INFO - Filling up the DagBag from /home/airflow/.local/lib/python3.12/site-packages/airflow/example_dags/example_nested_branch_dag.py
[2024-06-24T07:52:26.005+0000] {processor.py:840} INFO - DAG(s) 'example_nested_branch_dag' retrieved from /home/airflow/.local/lib/python3.12/site-packages/airflow/example_dags/example_nested_branch_dag.py
[2024-06-24T07:52:26.014+0000] {logging_mixin.py:188} INFO - [2024-06-24T07:52:26.014+0000] {dag.py:3096} INFO - Sync 1 DAGs
[2024-06-24T07:52:26.023+0000] {logging_mixin.py:188} INFO - [2024-06-24T07:52:26.023+0000] {dag.py:3954} INFO - Setting next_dagrun for example_nested_branch_dag to 2024-06-23 00:00:00+00:00, run_after=2024-06-24 00:00:00+00:00
[2024-06-24T07:52:26.030+0000] {processor.py:183} INFO - Processing /home/airflow/.local/lib/python3.12/site-packages/airflow/example_dags/example_nested_branch_dag.py took 0.033 seconds
[2024-06-24T07:52:56.440+0000] {processor.py:161} INFO - Started process (PID=1136) to work on /home/airflow/.local/lib/python3.12/site-packages/airflow/example_dags/example_nested_branch_dag.py
[2024-06-24T07:52:56.441+0000] {processor.py:830} INFO - Processing file /home/airflow/.local/lib/python3.12/site-packages/airflow/example_dags/example_nested_branch_dag.py for tasks to queue
[2024-06-24T07:52:56.443+0000] {logging_mixin.py:188} INFO - [2024-06-24T07:52:56.443+0000] {dagbag.py:545} INFO - Filling up the DagBag from /home/airflow/.local/lib/python3.12/site-packages/airflow/example_dags/example_nested_branch_dag.py
[2024-06-24T07:52:56.448+0000] {processor.py:840} INFO - DAG(s) 'example_nested_branch_dag' retrieved from /home/airflow/.local/lib/python3.12/site-packages/airflow/example_dags/example_nested_branch_dag.py
[2024-06-24T07:52:56.457+0000] {logging_mixin.py:188} INFO - [2024-06-24T07:52:56.457+0000] {dag.py:3096} INFO - Sync 1 DAGs
[2024-06-24T07:52:56.465+0000] {logging_mixin.py:188} INFO - [2024-06-24T07:52:56.465+0000] {dag.py:3954} INFO - Setting next_dagrun for example_nested_branch_dag to 2024-06-23 00:00:00+00:00, run_after=2024-06-24 00:00:00+00:00
[2024-06-24T07:52:56.472+0000] {processor.py:183} INFO - Processing /home/airflow/.local/lib/python3.12/site-packages/airflow/example_dags/example_nested_branch_dag.py took 0.035 seconds
[2024-06-24T07:53:26.869+0000] {processor.py:161} INFO - Started process (PID=1194) to work on /home/airflow/.local/lib/python3.12/site-packages/airflow/example_dags/example_nested_branch_dag.py
[2024-06-24T07:53:26.869+0000] {processor.py:830} INFO - Processing file /home/airflow/.local/lib/python3.12/site-packages/airflow/example_dags/example_nested_branch_dag.py for tasks to queue
[2024-06-24T07:53:26.872+0000] {logging_mixin.py:188} INFO - [2024-06-24T07:53:26.872+0000] {dagbag.py:545} INFO - Filling up the DagBag from /home/airflow/.local/lib/python3.12/site-packages/airflow/example_dags/example_nested_branch_dag.py
[2024-06-24T07:53:26.876+0000] {processor.py:840} INFO - DAG(s) 'example_nested_branch_dag' retrieved from /home/airflow/.local/lib/python3.12/site-packages/airflow/example_dags/example_nested_branch_dag.py
[2024-06-24T07:53:26.884+0000] {logging_mixin.py:188} INFO - [2024-06-24T07:53:26.884+0000] {dag.py:3096} INFO - Sync 1 DAGs
[2024-06-24T07:53:26.893+0000] {logging_mixin.py:188} INFO - [2024-06-24T07:53:26.893+0000] {dag.py:3954} INFO - Setting next_dagrun for example_nested_branch_dag to 2024-06-23 00:00:00+00:00, run_after=2024-06-24 00:00:00+00:00
[2024-06-24T07:53:26.900+0000] {processor.py:183} INFO - Processing /home/airflow/.local/lib/python3.12/site-packages/airflow/example_dags/example_nested_branch_dag.py took 0.034 seconds
[2024-06-24T07:53:57.292+0000] {processor.py:161} INFO - Started process (PID=1252) to work on /home/airflow/.local/lib/python3.12/site-packages/airflow/example_dags/example_nested_branch_dag.py
[2024-06-24T07:53:57.293+0000] {processor.py:830} INFO - Processing file /home/airflow/.local/lib/python3.12/site-packages/airflow/example_dags/example_nested_branch_dag.py for tasks to queue
[2024-06-24T07:53:57.293+0000] {logging_mixin.py:188} INFO - [2024-06-24T07:53:57.293+0000] {dagbag.py:545} INFO - Filling up the DagBag from /home/airflow/.local/lib/python3.12/site-packages/airflow/example_dags/example_nested_branch_dag.py
[2024-06-24T07:53:57.297+0000] {processor.py:840} INFO - DAG(s) 'example_nested_branch_dag' retrieved from /home/airflow/.local/lib/python3.12/site-packages/airflow/example_dags/example_nested_branch_dag.py
[2024-06-24T07:53:57.306+0000] {logging_mixin.py:188} INFO - [2024-06-24T07:53:57.306+0000] {dag.py:3096} INFO - Sync 1 DAGs
[2024-06-24T07:53:57.315+0000] {logging_mixin.py:188} INFO - [2024-06-24T07:53:57.315+0000] {dag.py:3954} INFO - Setting next_dagrun for example_nested_branch_dag to 2024-06-23 00:00:00+00:00, run_after=2024-06-24 00:00:00+00:00
[2024-06-24T07:53:57.321+0000] {processor.py:183} INFO - Processing /home/airflow/.local/lib/python3.12/site-packages/airflow/example_dags/example_nested_branch_dag.py took 0.031 seconds
[2024-06-24T07:54:27.773+0000] {processor.py:161} INFO - Started process (PID=1310) to work on /home/airflow/.local/lib/python3.12/site-packages/airflow/example_dags/example_nested_branch_dag.py
[2024-06-24T07:54:27.773+0000] {processor.py:830} INFO - Processing file /home/airflow/.local/lib/python3.12/site-packages/airflow/example_dags/example_nested_branch_dag.py for tasks to queue
[2024-06-24T07:54:27.774+0000] {logging_mixin.py:188} INFO - [2024-06-24T07:54:27.774+0000] {dagbag.py:545} INFO - Filling up the DagBag from /home/airflow/.local/lib/python3.12/site-packages/airflow/example_dags/example_nested_branch_dag.py
[2024-06-24T07:54:27.780+0000] {processor.py:840} INFO - DAG(s) 'example_nested_branch_dag' retrieved from /home/airflow/.local/lib/python3.12/site-packages/airflow/example_dags/example_nested_branch_dag.py
[2024-06-24T07:54:27.790+0000] {logging_mixin.py:188} INFO - [2024-06-24T07:54:27.789+0000] {dag.py:3096} INFO - Sync 1 DAGs
[2024-06-24T07:54:27.801+0000] {logging_mixin.py:188} INFO - [2024-06-24T07:54:27.801+0000] {dag.py:3954} INFO - Setting next_dagrun for example_nested_branch_dag to 2024-06-23 00:00:00+00:00, run_after=2024-06-24 00:00:00+00:00
[2024-06-24T07:54:27.812+0000] {processor.py:183} INFO - Processing /home/airflow/.local/lib/python3.12/site-packages/airflow/example_dags/example_nested_branch_dag.py took 0.041 seconds
[2024-06-24T07:54:58.173+0000] {processor.py:161} INFO - Started process (PID=1367) to work on /home/airflow/.local/lib/python3.12/site-packages/airflow/example_dags/example_nested_branch_dag.py
[2024-06-24T07:54:58.174+0000] {processor.py:830} INFO - Processing file /home/airflow/.local/lib/python3.12/site-packages/airflow/example_dags/example_nested_branch_dag.py for tasks to queue
[2024-06-24T07:54:58.175+0000] {logging_mixin.py:188} INFO - [2024-06-24T07:54:58.175+0000] {dagbag.py:545} INFO - Filling up the DagBag from /home/airflow/.local/lib/python3.12/site-packages/airflow/example_dags/example_nested_branch_dag.py
[2024-06-24T07:54:58.179+0000] {processor.py:840} INFO - DAG(s) 'example_nested_branch_dag' retrieved from /home/airflow/.local/lib/python3.12/site-packages/airflow/example_dags/example_nested_branch_dag.py
[2024-06-24T07:54:58.187+0000] {logging_mixin.py:188} INFO - [2024-06-24T07:54:58.187+0000] {dag.py:3096} INFO - Sync 1 DAGs
[2024-06-24T07:54:58.196+0000] {logging_mixin.py:188} INFO - [2024-06-24T07:54:58.196+0000] {dag.py:3954} INFO - Setting next_dagrun for example_nested_branch_dag to 2024-06-23 00:00:00+00:00, run_after=2024-06-24 00:00:00+00:00
[2024-06-24T07:54:58.203+0000] {processor.py:183} INFO - Processing /home/airflow/.local/lib/python3.12/site-packages/airflow/example_dags/example_nested_branch_dag.py took 0.032 seconds
[2024-06-24T07:55:28.742+0000] {processor.py:161} INFO - Started process (PID=1425) to work on /home/airflow/.local/lib/python3.12/site-packages/airflow/example_dags/example_nested_branch_dag.py
[2024-06-24T07:55:28.742+0000] {processor.py:830} INFO - Processing file /home/airflow/.local/lib/python3.12/site-packages/airflow/example_dags/example_nested_branch_dag.py for tasks to queue
[2024-06-24T07:55:28.743+0000] {logging_mixin.py:188} INFO - [2024-06-24T07:55:28.743+0000] {dagbag.py:545} INFO - Filling up the DagBag from /home/airflow/.local/lib/python3.12/site-packages/airflow/example_dags/example_nested_branch_dag.py
[2024-06-24T07:55:28.747+0000] {processor.py:840} INFO - DAG(s) 'example_nested_branch_dag' retrieved from /home/airflow/.local/lib/python3.12/site-packages/airflow/example_dags/example_nested_branch_dag.py
[2024-06-24T07:55:28.755+0000] {logging_mixin.py:188} INFO - [2024-06-24T07:55:28.755+0000] {dag.py:3096} INFO - Sync 1 DAGs
[2024-06-24T07:55:28.764+0000] {logging_mixin.py:188} INFO - [2024-06-24T07:55:28.764+0000] {dag.py:3954} INFO - Setting next_dagrun for example_nested_branch_dag to 2024-06-23 00:00:00+00:00, run_after=2024-06-24 00:00:00+00:00
[2024-06-24T07:55:28.771+0000] {processor.py:183} INFO - Processing /home/airflow/.local/lib/python3.12/site-packages/airflow/example_dags/example_nested_branch_dag.py took 0.032 seconds
[2024-06-24T07:55:59.381+0000] {processor.py:161} INFO - Started process (PID=1483) to work on /home/airflow/.local/lib/python3.12/site-packages/airflow/example_dags/example_nested_branch_dag.py
[2024-06-24T07:55:59.381+0000] {processor.py:830} INFO - Processing file /home/airflow/.local/lib/python3.12/site-packages/airflow/example_dags/example_nested_branch_dag.py for tasks to queue
[2024-06-24T07:55:59.382+0000] {logging_mixin.py:188} INFO - [2024-06-24T07:55:59.382+0000] {dagbag.py:545} INFO - Filling up the DagBag from /home/airflow/.local/lib/python3.12/site-packages/airflow/example_dags/example_nested_branch_dag.py
[2024-06-24T07:55:59.387+0000] {processor.py:840} INFO - DAG(s) 'example_nested_branch_dag' retrieved from /home/airflow/.local/lib/python3.12/site-packages/airflow/example_dags/example_nested_branch_dag.py
[2024-06-24T07:55:59.397+0000] {logging_mixin.py:188} INFO - [2024-06-24T07:55:59.396+0000] {dag.py:3096} INFO - Sync 1 DAGs
[2024-06-24T07:55:59.407+0000] {logging_mixin.py:188} INFO - [2024-06-24T07:55:59.407+0000] {dag.py:3954} INFO - Setting next_dagrun for example_nested_branch_dag to 2024-06-23 00:00:00+00:00, run_after=2024-06-24 00:00:00+00:00
[2024-06-24T07:55:59.414+0000] {processor.py:183} INFO - Processing /home/airflow/.local/lib/python3.12/site-packages/airflow/example_dags/example_nested_branch_dag.py took 0.036 seconds
[2024-06-24T07:56:29.989+0000] {processor.py:161} INFO - Started process (PID=1540) to work on /home/airflow/.local/lib/python3.12/site-packages/airflow/example_dags/example_nested_branch_dag.py
[2024-06-24T07:56:29.990+0000] {processor.py:830} INFO - Processing file /home/airflow/.local/lib/python3.12/site-packages/airflow/example_dags/example_nested_branch_dag.py for tasks to queue
[2024-06-24T07:56:29.991+0000] {logging_mixin.py:188} INFO - [2024-06-24T07:56:29.991+0000] {dagbag.py:545} INFO - Filling up the DagBag from /home/airflow/.local/lib/python3.12/site-packages/airflow/example_dags/example_nested_branch_dag.py
[2024-06-24T07:56:29.997+0000] {processor.py:840} INFO - DAG(s) 'example_nested_branch_dag' retrieved from /home/airflow/.local/lib/python3.12/site-packages/airflow/example_dags/example_nested_branch_dag.py
[2024-06-24T07:56:30.010+0000] {logging_mixin.py:188} INFO - [2024-06-24T07:56:30.010+0000] {dag.py:3096} INFO - Sync 1 DAGs
[2024-06-24T07:56:30.021+0000] {logging_mixin.py:188} INFO - [2024-06-24T07:56:30.021+0000] {dag.py:3954} INFO - Setting next_dagrun for example_nested_branch_dag to 2024-06-23 00:00:00+00:00, run_after=2024-06-24 00:00:00+00:00
[2024-06-24T07:56:30.033+0000] {processor.py:183} INFO - Processing /home/airflow/.local/lib/python3.12/site-packages/airflow/example_dags/example_nested_branch_dag.py took 0.048 seconds
[2024-06-24T07:57:00.538+0000] {processor.py:161} INFO - Started process (PID=1598) to work on /home/airflow/.local/lib/python3.12/site-packages/airflow/example_dags/example_nested_branch_dag.py
[2024-06-24T07:57:00.539+0000] {processor.py:830} INFO - Processing file /home/airflow/.local/lib/python3.12/site-packages/airflow/example_dags/example_nested_branch_dag.py for tasks to queue
[2024-06-24T07:57:00.540+0000] {logging_mixin.py:188} INFO - [2024-06-24T07:57:00.540+0000] {dagbag.py:545} INFO - Filling up the DagBag from /home/airflow/.local/lib/python3.12/site-packages/airflow/example_dags/example_nested_branch_dag.py
[2024-06-24T07:57:00.544+0000] {processor.py:840} INFO - DAG(s) 'example_nested_branch_dag' retrieved from /home/airflow/.local/lib/python3.12/site-packages/airflow/example_dags/example_nested_branch_dag.py
[2024-06-24T07:57:00.554+0000] {logging_mixin.py:188} INFO - [2024-06-24T07:57:00.554+0000] {dag.py:3096} INFO - Sync 1 DAGs
[2024-06-24T07:57:00.565+0000] {logging_mixin.py:188} INFO - [2024-06-24T07:57:00.564+0000] {dag.py:3954} INFO - Setting next_dagrun for example_nested_branch_dag to 2024-06-23 00:00:00+00:00, run_after=2024-06-24 00:00:00+00:00
[2024-06-24T07:57:00.656+0000] {processor.py:183} INFO - Processing /home/airflow/.local/lib/python3.12/site-packages/airflow/example_dags/example_nested_branch_dag.py took 0.120 seconds
[2024-06-24T07:57:30.700+0000] {processor.py:161} INFO - Started process (PID=1656) to work on /home/airflow/.local/lib/python3.12/site-packages/airflow/example_dags/example_nested_branch_dag.py
[2024-06-24T07:57:30.701+0000] {processor.py:830} INFO - Processing file /home/airflow/.local/lib/python3.12/site-packages/airflow/example_dags/example_nested_branch_dag.py for tasks to queue
[2024-06-24T07:57:30.701+0000] {logging_mixin.py:188} INFO - [2024-06-24T07:57:30.701+0000] {dagbag.py:545} INFO - Filling up the DagBag from /home/airflow/.local/lib/python3.12/site-packages/airflow/example_dags/example_nested_branch_dag.py
[2024-06-24T07:57:30.705+0000] {processor.py:840} INFO - DAG(s) 'example_nested_branch_dag' retrieved from /home/airflow/.local/lib/python3.12/site-packages/airflow/example_dags/example_nested_branch_dag.py
[2024-06-24T07:57:30.713+0000] {logging_mixin.py:188} INFO - [2024-06-24T07:57:30.713+0000] {dag.py:3096} INFO - Sync 1 DAGs
[2024-06-24T07:57:30.721+0000] {logging_mixin.py:188} INFO - [2024-06-24T07:57:30.721+0000] {dag.py:3954} INFO - Setting next_dagrun for example_nested_branch_dag to 2024-06-23 00:00:00+00:00, run_after=2024-06-24 00:00:00+00:00
[2024-06-24T07:57:30.728+0000] {processor.py:183} INFO - Processing /home/airflow/.local/lib/python3.12/site-packages/airflow/example_dags/example_nested_branch_dag.py took 0.030 seconds
[2024-06-24T07:58:00.957+0000] {processor.py:161} INFO - Started process (PID=1714) to work on /home/airflow/.local/lib/python3.12/site-packages/airflow/example_dags/example_nested_branch_dag.py
[2024-06-24T07:58:00.957+0000] {processor.py:830} INFO - Processing file /home/airflow/.local/lib/python3.12/site-packages/airflow/example_dags/example_nested_branch_dag.py for tasks to queue
[2024-06-24T07:58:00.958+0000] {logging_mixin.py:188} INFO - [2024-06-24T07:58:00.958+0000] {dagbag.py:545} INFO - Filling up the DagBag from /home/airflow/.local/lib/python3.12/site-packages/airflow/example_dags/example_nested_branch_dag.py
[2024-06-24T07:58:00.962+0000] {processor.py:840} INFO - DAG(s) 'example_nested_branch_dag' retrieved from /home/airflow/.local/lib/python3.12/site-packages/airflow/example_dags/example_nested_branch_dag.py
[2024-06-24T07:58:00.970+0000] {logging_mixin.py:188} INFO - [2024-06-24T07:58:00.970+0000] {dag.py:3096} INFO - Sync 1 DAGs
[2024-06-24T07:58:00.978+0000] {logging_mixin.py:188} INFO - [2024-06-24T07:58:00.978+0000] {dag.py:3954} INFO - Setting next_dagrun for example_nested_branch_dag to 2024-06-23 00:00:00+00:00, run_after=2024-06-24 00:00:00+00:00
[2024-06-24T07:58:00.984+0000] {processor.py:183} INFO - Processing /home/airflow/.local/lib/python3.12/site-packages/airflow/example_dags/example_nested_branch_dag.py took 0.029 seconds
[2024-06-24T07:58:31.581+0000] {processor.py:161} INFO - Started process (PID=1772) to work on /home/airflow/.local/lib/python3.12/site-packages/airflow/example_dags/example_nested_branch_dag.py
[2024-06-24T07:58:31.582+0000] {processor.py:830} INFO - Processing file /home/airflow/.local/lib/python3.12/site-packages/airflow/example_dags/example_nested_branch_dag.py for tasks to queue
[2024-06-24T07:58:31.583+0000] {logging_mixin.py:188} INFO - [2024-06-24T07:58:31.583+0000] {dagbag.py:545} INFO - Filling up the DagBag from /home/airflow/.local/lib/python3.12/site-packages/airflow/example_dags/example_nested_branch_dag.py
[2024-06-24T07:58:31.587+0000] {processor.py:840} INFO - DAG(s) 'example_nested_branch_dag' retrieved from /home/airflow/.local/lib/python3.12/site-packages/airflow/example_dags/example_nested_branch_dag.py
[2024-06-24T07:58:31.594+0000] {logging_mixin.py:188} INFO - [2024-06-24T07:58:31.594+0000] {dag.py:3096} INFO - Sync 1 DAGs
[2024-06-24T07:58:31.602+0000] {logging_mixin.py:188} INFO - [2024-06-24T07:58:31.602+0000] {dag.py:3954} INFO - Setting next_dagrun for example_nested_branch_dag to 2024-06-23 00:00:00+00:00, run_after=2024-06-24 00:00:00+00:00
[2024-06-24T07:58:31.609+0000] {processor.py:183} INFO - Processing /home/airflow/.local/lib/python3.12/site-packages/airflow/example_dags/example_nested_branch_dag.py took 0.030 seconds
[2024-06-24T07:59:02.230+0000] {processor.py:161} INFO - Started process (PID=1830) to work on /home/airflow/.local/lib/python3.12/site-packages/airflow/example_dags/example_nested_branch_dag.py
[2024-06-24T07:59:02.231+0000] {processor.py:830} INFO - Processing file /home/airflow/.local/lib/python3.12/site-packages/airflow/example_dags/example_nested_branch_dag.py for tasks to queue
[2024-06-24T07:59:02.232+0000] {logging_mixin.py:188} INFO - [2024-06-24T07:59:02.232+0000] {dagbag.py:545} INFO - Filling up the DagBag from /home/airflow/.local/lib/python3.12/site-packages/airflow/example_dags/example_nested_branch_dag.py
[2024-06-24T07:59:02.236+0000] {processor.py:840} INFO - DAG(s) 'example_nested_branch_dag' retrieved from /home/airflow/.local/lib/python3.12/site-packages/airflow/example_dags/example_nested_branch_dag.py
[2024-06-24T07:59:02.244+0000] {logging_mixin.py:188} INFO - [2024-06-24T07:59:02.244+0000] {dag.py:3096} INFO - Sync 1 DAGs
[2024-06-24T07:59:02.252+0000] {logging_mixin.py:188} INFO - [2024-06-24T07:59:02.252+0000] {dag.py:3954} INFO - Setting next_dagrun for example_nested_branch_dag to 2024-06-23 00:00:00+00:00, run_after=2024-06-24 00:00:00+00:00
[2024-06-24T07:59:02.257+0000] {processor.py:183} INFO - Processing /home/airflow/.local/lib/python3.12/site-packages/airflow/example_dags/example_nested_branch_dag.py took 0.029 seconds
