[2024-06-24T07:43:19.191+0000] {processor.py:161} INFO - Started process (PID=51) to work on /home/airflow/.local/lib/python3.12/site-packages/airflow/example_dags/example_sla_dag.py
[2024-06-24T07:43:19.194+0000] {processor.py:830} INFO - Processing file /home/airflow/.local/lib/python3.12/site-packages/airflow/example_dags/example_sla_dag.py for tasks to queue
[2024-06-24T07:43:19.196+0000] {logging_mixin.py:188} INFO - [2024-06-24T07:43:19.196+0000] {dagbag.py:545} INFO - Filling up the DagBag from /home/airflow/.local/lib/python3.12/site-packages/airflow/example_dags/example_sla_dag.py
[2024-06-24T07:43:19.207+0000] {processor.py:840} INFO - DAG(s) 'example_sla_dag' retrieved from /home/airflow/.local/lib/python3.12/site-packages/airflow/example_dags/example_sla_dag.py
[2024-06-24T07:43:19.227+0000] {logging_mixin.py:188} INFO - [2024-06-24T07:43:19.226+0000] {dag.py:3096} INFO - Sync 1 DAGs
[2024-06-24T07:43:19.243+0000] {logging_mixin.py:188} INFO - [2024-06-24T07:43:19.243+0000] {dag.py:3954} INFO - Setting next_dagrun for example_sla_dag to 2024-06-24 07:40:00+00:00, run_after=2024-06-24 07:42:00+00:00
[2024-06-24T07:43:19.252+0000] {processor.py:183} INFO - Processing /home/airflow/.local/lib/python3.12/site-packages/airflow/example_dags/example_sla_dag.py took 0.068 seconds
[2024-06-24T07:43:50.108+0000] {processor.py:161} INFO - Started process (PID=109) to work on /home/airflow/.local/lib/python3.12/site-packages/airflow/example_dags/example_sla_dag.py
[2024-06-24T07:43:50.109+0000] {processor.py:830} INFO - Processing file /home/airflow/.local/lib/python3.12/site-packages/airflow/example_dags/example_sla_dag.py for tasks to queue
[2024-06-24T07:43:50.109+0000] {logging_mixin.py:188} INFO - [2024-06-24T07:43:50.109+0000] {dagbag.py:545} INFO - Filling up the DagBag from /home/airflow/.local/lib/python3.12/site-packages/airflow/example_dags/example_sla_dag.py
[2024-06-24T07:43:50.112+0000] {processor.py:840} INFO - DAG(s) 'example_sla_dag' retrieved from /home/airflow/.local/lib/python3.12/site-packages/airflow/example_dags/example_sla_dag.py
[2024-06-24T07:43:50.119+0000] {logging_mixin.py:188} INFO - [2024-06-24T07:43:50.119+0000] {dag.py:3096} INFO - Sync 1 DAGs
[2024-06-24T07:43:50.127+0000] {logging_mixin.py:188} INFO - [2024-06-24T07:43:50.127+0000] {dag.py:3954} INFO - Setting next_dagrun for example_sla_dag to 2024-06-24 07:40:00+00:00, run_after=2024-06-24 07:42:00+00:00
[2024-06-24T07:43:50.133+0000] {processor.py:183} INFO - Processing /home/airflow/.local/lib/python3.12/site-packages/airflow/example_dags/example_sla_dag.py took 0.027 seconds
[2024-06-24T07:44:20.444+0000] {processor.py:161} INFO - Started process (PID=167) to work on /home/airflow/.local/lib/python3.12/site-packages/airflow/example_dags/example_sla_dag.py
[2024-06-24T07:44:20.445+0000] {processor.py:830} INFO - Processing file /home/airflow/.local/lib/python3.12/site-packages/airflow/example_dags/example_sla_dag.py for tasks to queue
[2024-06-24T07:44:20.445+0000] {logging_mixin.py:188} INFO - [2024-06-24T07:44:20.445+0000] {dagbag.py:545} INFO - Filling up the DagBag from /home/airflow/.local/lib/python3.12/site-packages/airflow/example_dags/example_sla_dag.py
[2024-06-24T07:44:20.449+0000] {processor.py:840} INFO - DAG(s) 'example_sla_dag' retrieved from /home/airflow/.local/lib/python3.12/site-packages/airflow/example_dags/example_sla_dag.py
[2024-06-24T07:44:20.457+0000] {logging_mixin.py:188} INFO - [2024-06-24T07:44:20.456+0000] {dag.py:3096} INFO - Sync 1 DAGs
[2024-06-24T07:44:20.465+0000] {logging_mixin.py:188} INFO - [2024-06-24T07:44:20.465+0000] {dag.py:3954} INFO - Setting next_dagrun for example_sla_dag to 2024-06-24 07:42:00+00:00, run_after=2024-06-24 07:44:00+00:00
[2024-06-24T07:44:20.501+0000] {processor.py:183} INFO - Processing /home/airflow/.local/lib/python3.12/site-packages/airflow/example_dags/example_sla_dag.py took 0.059 seconds
[2024-06-24T07:44:50.913+0000] {processor.py:161} INFO - Started process (PID=225) to work on /home/airflow/.local/lib/python3.12/site-packages/airflow/example_dags/example_sla_dag.py
[2024-06-24T07:44:50.913+0000] {processor.py:830} INFO - Processing file /home/airflow/.local/lib/python3.12/site-packages/airflow/example_dags/example_sla_dag.py for tasks to queue
[2024-06-24T07:44:50.914+0000] {logging_mixin.py:188} INFO - [2024-06-24T07:44:50.914+0000] {dagbag.py:545} INFO - Filling up the DagBag from /home/airflow/.local/lib/python3.12/site-packages/airflow/example_dags/example_sla_dag.py
[2024-06-24T07:44:50.918+0000] {processor.py:840} INFO - DAG(s) 'example_sla_dag' retrieved from /home/airflow/.local/lib/python3.12/site-packages/airflow/example_dags/example_sla_dag.py
[2024-06-24T07:44:50.926+0000] {logging_mixin.py:188} INFO - [2024-06-24T07:44:50.926+0000] {dag.py:3096} INFO - Sync 1 DAGs
[2024-06-24T07:44:50.936+0000] {logging_mixin.py:188} INFO - [2024-06-24T07:44:50.936+0000] {dag.py:3954} INFO - Setting next_dagrun for example_sla_dag to 2024-06-24 07:42:00+00:00, run_after=2024-06-24 07:44:00+00:00
[2024-06-24T07:44:50.942+0000] {processor.py:183} INFO - Processing /home/airflow/.local/lib/python3.12/site-packages/airflow/example_dags/example_sla_dag.py took 0.032 seconds
[2024-06-24T07:45:21.316+0000] {processor.py:161} INFO - Started process (PID=283) to work on /home/airflow/.local/lib/python3.12/site-packages/airflow/example_dags/example_sla_dag.py
[2024-06-24T07:45:21.317+0000] {processor.py:830} INFO - Processing file /home/airflow/.local/lib/python3.12/site-packages/airflow/example_dags/example_sla_dag.py for tasks to queue
[2024-06-24T07:45:21.317+0000] {logging_mixin.py:188} INFO - [2024-06-24T07:45:21.317+0000] {dagbag.py:545} INFO - Filling up the DagBag from /home/airflow/.local/lib/python3.12/site-packages/airflow/example_dags/example_sla_dag.py
[2024-06-24T07:45:21.321+0000] {processor.py:840} INFO - DAG(s) 'example_sla_dag' retrieved from /home/airflow/.local/lib/python3.12/site-packages/airflow/example_dags/example_sla_dag.py
[2024-06-24T07:45:21.329+0000] {logging_mixin.py:188} INFO - [2024-06-24T07:45:21.329+0000] {dag.py:3096} INFO - Sync 1 DAGs
[2024-06-24T07:45:21.339+0000] {logging_mixin.py:188} INFO - [2024-06-24T07:45:21.339+0000] {dag.py:3954} INFO - Setting next_dagrun for example_sla_dag to 2024-06-24 07:42:00+00:00, run_after=2024-06-24 07:44:00+00:00
[2024-06-24T07:45:21.345+0000] {processor.py:183} INFO - Processing /home/airflow/.local/lib/python3.12/site-packages/airflow/example_dags/example_sla_dag.py took 0.032 seconds
[2024-06-24T07:45:51.768+0000] {processor.py:161} INFO - Started process (PID=340) to work on /home/airflow/.local/lib/python3.12/site-packages/airflow/example_dags/example_sla_dag.py
[2024-06-24T07:45:51.768+0000] {processor.py:830} INFO - Processing file /home/airflow/.local/lib/python3.12/site-packages/airflow/example_dags/example_sla_dag.py for tasks to queue
[2024-06-24T07:45:51.769+0000] {logging_mixin.py:188} INFO - [2024-06-24T07:45:51.769+0000] {dagbag.py:545} INFO - Filling up the DagBag from /home/airflow/.local/lib/python3.12/site-packages/airflow/example_dags/example_sla_dag.py
[2024-06-24T07:45:51.773+0000] {processor.py:840} INFO - DAG(s) 'example_sla_dag' retrieved from /home/airflow/.local/lib/python3.12/site-packages/airflow/example_dags/example_sla_dag.py
[2024-06-24T07:45:51.781+0000] {logging_mixin.py:188} INFO - [2024-06-24T07:45:51.781+0000] {dag.py:3096} INFO - Sync 1 DAGs
[2024-06-24T07:45:51.790+0000] {logging_mixin.py:188} INFO - [2024-06-24T07:45:51.790+0000] {dag.py:3954} INFO - Setting next_dagrun for example_sla_dag to 2024-06-24 07:42:00+00:00, run_after=2024-06-24 07:44:00+00:00
[2024-06-24T07:45:51.796+0000] {processor.py:183} INFO - Processing /home/airflow/.local/lib/python3.12/site-packages/airflow/example_dags/example_sla_dag.py took 0.031 seconds
[2024-06-24T07:46:22.023+0000] {processor.py:161} INFO - Started process (PID=398) to work on /home/airflow/.local/lib/python3.12/site-packages/airflow/example_dags/example_sla_dag.py
[2024-06-24T07:46:22.023+0000] {processor.py:830} INFO - Processing file /home/airflow/.local/lib/python3.12/site-packages/airflow/example_dags/example_sla_dag.py for tasks to queue
[2024-06-24T07:46:22.024+0000] {logging_mixin.py:188} INFO - [2024-06-24T07:46:22.024+0000] {dagbag.py:545} INFO - Filling up the DagBag from /home/airflow/.local/lib/python3.12/site-packages/airflow/example_dags/example_sla_dag.py
[2024-06-24T07:46:22.028+0000] {processor.py:840} INFO - DAG(s) 'example_sla_dag' retrieved from /home/airflow/.local/lib/python3.12/site-packages/airflow/example_dags/example_sla_dag.py
[2024-06-24T07:46:22.035+0000] {logging_mixin.py:188} INFO - [2024-06-24T07:46:22.035+0000] {dag.py:3096} INFO - Sync 1 DAGs
[2024-06-24T07:46:22.044+0000] {logging_mixin.py:188} INFO - [2024-06-24T07:46:22.044+0000] {dag.py:3954} INFO - Setting next_dagrun for example_sla_dag to 2024-06-24 07:44:00+00:00, run_after=2024-06-24 07:46:00+00:00
[2024-06-24T07:46:22.050+0000] {processor.py:183} INFO - Processing /home/airflow/.local/lib/python3.12/site-packages/airflow/example_dags/example_sla_dag.py took 0.030 seconds
[2024-06-24T07:46:52.411+0000] {processor.py:161} INFO - Started process (PID=455) to work on /home/airflow/.local/lib/python3.12/site-packages/airflow/example_dags/example_sla_dag.py
[2024-06-24T07:46:52.412+0000] {processor.py:830} INFO - Processing file /home/airflow/.local/lib/python3.12/site-packages/airflow/example_dags/example_sla_dag.py for tasks to queue
[2024-06-24T07:46:52.412+0000] {logging_mixin.py:188} INFO - [2024-06-24T07:46:52.412+0000] {dagbag.py:545} INFO - Filling up the DagBag from /home/airflow/.local/lib/python3.12/site-packages/airflow/example_dags/example_sla_dag.py
[2024-06-24T07:46:52.416+0000] {processor.py:840} INFO - DAG(s) 'example_sla_dag' retrieved from /home/airflow/.local/lib/python3.12/site-packages/airflow/example_dags/example_sla_dag.py
[2024-06-24T07:46:52.424+0000] {logging_mixin.py:188} INFO - [2024-06-24T07:46:52.424+0000] {dag.py:3096} INFO - Sync 1 DAGs
[2024-06-24T07:46:52.434+0000] {logging_mixin.py:188} INFO - [2024-06-24T07:46:52.434+0000] {dag.py:3954} INFO - Setting next_dagrun for example_sla_dag to 2024-06-24 07:44:00+00:00, run_after=2024-06-24 07:46:00+00:00
[2024-06-24T07:46:52.440+0000] {processor.py:183} INFO - Processing /home/airflow/.local/lib/python3.12/site-packages/airflow/example_dags/example_sla_dag.py took 0.031 seconds
[2024-06-24T07:47:22.821+0000] {processor.py:161} INFO - Started process (PID=513) to work on /home/airflow/.local/lib/python3.12/site-packages/airflow/example_dags/example_sla_dag.py
[2024-06-24T07:47:22.822+0000] {processor.py:830} INFO - Processing file /home/airflow/.local/lib/python3.12/site-packages/airflow/example_dags/example_sla_dag.py for tasks to queue
[2024-06-24T07:47:22.822+0000] {logging_mixin.py:188} INFO - [2024-06-24T07:47:22.822+0000] {dagbag.py:545} INFO - Filling up the DagBag from /home/airflow/.local/lib/python3.12/site-packages/airflow/example_dags/example_sla_dag.py
[2024-06-24T07:47:22.826+0000] {processor.py:840} INFO - DAG(s) 'example_sla_dag' retrieved from /home/airflow/.local/lib/python3.12/site-packages/airflow/example_dags/example_sla_dag.py
[2024-06-24T07:47:22.834+0000] {logging_mixin.py:188} INFO - [2024-06-24T07:47:22.834+0000] {dag.py:3096} INFO - Sync 1 DAGs
[2024-06-24T07:47:22.843+0000] {logging_mixin.py:188} INFO - [2024-06-24T07:47:22.843+0000] {dag.py:3954} INFO - Setting next_dagrun for example_sla_dag to 2024-06-24 07:44:00+00:00, run_after=2024-06-24 07:46:00+00:00
[2024-06-24T07:47:22.849+0000] {processor.py:183} INFO - Processing /home/airflow/.local/lib/python3.12/site-packages/airflow/example_dags/example_sla_dag.py took 0.030 seconds
[2024-06-24T07:47:53.245+0000] {processor.py:161} INFO - Started process (PID=570) to work on /home/airflow/.local/lib/python3.12/site-packages/airflow/example_dags/example_sla_dag.py
[2024-06-24T07:47:53.245+0000] {processor.py:830} INFO - Processing file /home/airflow/.local/lib/python3.12/site-packages/airflow/example_dags/example_sla_dag.py for tasks to queue
[2024-06-24T07:47:53.246+0000] {logging_mixin.py:188} INFO - [2024-06-24T07:47:53.246+0000] {dagbag.py:545} INFO - Filling up the DagBag from /home/airflow/.local/lib/python3.12/site-packages/airflow/example_dags/example_sla_dag.py
[2024-06-24T07:47:53.249+0000] {processor.py:840} INFO - DAG(s) 'example_sla_dag' retrieved from /home/airflow/.local/lib/python3.12/site-packages/airflow/example_dags/example_sla_dag.py
[2024-06-24T07:47:53.257+0000] {logging_mixin.py:188} INFO - [2024-06-24T07:47:53.257+0000] {dag.py:3096} INFO - Sync 1 DAGs
[2024-06-24T07:47:53.266+0000] {logging_mixin.py:188} INFO - [2024-06-24T07:47:53.266+0000] {dag.py:3954} INFO - Setting next_dagrun for example_sla_dag to 2024-06-24 07:44:00+00:00, run_after=2024-06-24 07:46:00+00:00
[2024-06-24T07:47:53.272+0000] {processor.py:183} INFO - Processing /home/airflow/.local/lib/python3.12/site-packages/airflow/example_dags/example_sla_dag.py took 0.029 seconds
[2024-06-24T07:48:23.619+0000] {processor.py:161} INFO - Started process (PID=628) to work on /home/airflow/.local/lib/python3.12/site-packages/airflow/example_dags/example_sla_dag.py
[2024-06-24T07:48:23.620+0000] {processor.py:830} INFO - Processing file /home/airflow/.local/lib/python3.12/site-packages/airflow/example_dags/example_sla_dag.py for tasks to queue
[2024-06-24T07:48:23.621+0000] {logging_mixin.py:188} INFO - [2024-06-24T07:48:23.621+0000] {dagbag.py:545} INFO - Filling up the DagBag from /home/airflow/.local/lib/python3.12/site-packages/airflow/example_dags/example_sla_dag.py
[2024-06-24T07:48:23.625+0000] {processor.py:840} INFO - DAG(s) 'example_sla_dag' retrieved from /home/airflow/.local/lib/python3.12/site-packages/airflow/example_dags/example_sla_dag.py
[2024-06-24T07:48:23.634+0000] {logging_mixin.py:188} INFO - [2024-06-24T07:48:23.634+0000] {dag.py:3096} INFO - Sync 1 DAGs
[2024-06-24T07:48:23.642+0000] {logging_mixin.py:188} INFO - [2024-06-24T07:48:23.642+0000] {dag.py:3954} INFO - Setting next_dagrun for example_sla_dag to 2024-06-24 07:46:00+00:00, run_after=2024-06-24 07:48:00+00:00
[2024-06-24T07:48:23.649+0000] {processor.py:183} INFO - Processing /home/airflow/.local/lib/python3.12/site-packages/airflow/example_dags/example_sla_dag.py took 0.032 seconds
[2024-06-24T07:48:54.056+0000] {processor.py:161} INFO - Started process (PID=686) to work on /home/airflow/.local/lib/python3.12/site-packages/airflow/example_dags/example_sla_dag.py
[2024-06-24T07:48:54.057+0000] {processor.py:830} INFO - Processing file /home/airflow/.local/lib/python3.12/site-packages/airflow/example_dags/example_sla_dag.py for tasks to queue
[2024-06-24T07:48:54.058+0000] {logging_mixin.py:188} INFO - [2024-06-24T07:48:54.058+0000] {dagbag.py:545} INFO - Filling up the DagBag from /home/airflow/.local/lib/python3.12/site-packages/airflow/example_dags/example_sla_dag.py
[2024-06-24T07:48:54.062+0000] {processor.py:840} INFO - DAG(s) 'example_sla_dag' retrieved from /home/airflow/.local/lib/python3.12/site-packages/airflow/example_dags/example_sla_dag.py
[2024-06-24T07:48:54.071+0000] {logging_mixin.py:188} INFO - [2024-06-24T07:48:54.070+0000] {dag.py:3096} INFO - Sync 1 DAGs
[2024-06-24T07:48:54.081+0000] {logging_mixin.py:188} INFO - [2024-06-24T07:48:54.081+0000] {dag.py:3954} INFO - Setting next_dagrun for example_sla_dag to 2024-06-24 07:46:00+00:00, run_after=2024-06-24 07:48:00+00:00
[2024-06-24T07:48:54.089+0000] {processor.py:183} INFO - Processing /home/airflow/.local/lib/python3.12/site-packages/airflow/example_dags/example_sla_dag.py took 0.035 seconds
[2024-06-24T07:49:24.567+0000] {processor.py:161} INFO - Started process (PID=743) to work on /home/airflow/.local/lib/python3.12/site-packages/airflow/example_dags/example_sla_dag.py
[2024-06-24T07:49:24.567+0000] {processor.py:830} INFO - Processing file /home/airflow/.local/lib/python3.12/site-packages/airflow/example_dags/example_sla_dag.py for tasks to queue
[2024-06-24T07:49:24.568+0000] {logging_mixin.py:188} INFO - [2024-06-24T07:49:24.568+0000] {dagbag.py:545} INFO - Filling up the DagBag from /home/airflow/.local/lib/python3.12/site-packages/airflow/example_dags/example_sla_dag.py
[2024-06-24T07:49:24.572+0000] {processor.py:840} INFO - DAG(s) 'example_sla_dag' retrieved from /home/airflow/.local/lib/python3.12/site-packages/airflow/example_dags/example_sla_dag.py
[2024-06-24T07:49:24.580+0000] {logging_mixin.py:188} INFO - [2024-06-24T07:49:24.580+0000] {dag.py:3096} INFO - Sync 1 DAGs
[2024-06-24T07:49:24.589+0000] {logging_mixin.py:188} INFO - [2024-06-24T07:49:24.589+0000] {dag.py:3954} INFO - Setting next_dagrun for example_sla_dag to 2024-06-24 07:46:00+00:00, run_after=2024-06-24 07:48:00+00:00
[2024-06-24T07:49:24.596+0000] {processor.py:183} INFO - Processing /home/airflow/.local/lib/python3.12/site-packages/airflow/example_dags/example_sla_dag.py took 0.032 seconds
[2024-06-24T07:49:55.081+0000] {processor.py:161} INFO - Started process (PID=801) to work on /home/airflow/.local/lib/python3.12/site-packages/airflow/example_dags/example_sla_dag.py
[2024-06-24T07:49:55.081+0000] {processor.py:830} INFO - Processing file /home/airflow/.local/lib/python3.12/site-packages/airflow/example_dags/example_sla_dag.py for tasks to queue
[2024-06-24T07:49:55.082+0000] {logging_mixin.py:188} INFO - [2024-06-24T07:49:55.082+0000] {dagbag.py:545} INFO - Filling up the DagBag from /home/airflow/.local/lib/python3.12/site-packages/airflow/example_dags/example_sla_dag.py
[2024-06-24T07:49:55.085+0000] {processor.py:840} INFO - DAG(s) 'example_sla_dag' retrieved from /home/airflow/.local/lib/python3.12/site-packages/airflow/example_dags/example_sla_dag.py
[2024-06-24T07:49:55.096+0000] {logging_mixin.py:188} INFO - [2024-06-24T07:49:55.095+0000] {dag.py:3096} INFO - Sync 1 DAGs
[2024-06-24T07:49:55.105+0000] {logging_mixin.py:188} INFO - [2024-06-24T07:49:55.105+0000] {dag.py:3954} INFO - Setting next_dagrun for example_sla_dag to 2024-06-24 07:46:00+00:00, run_after=2024-06-24 07:48:00+00:00
[2024-06-24T07:49:55.111+0000] {processor.py:183} INFO - Processing /home/airflow/.local/lib/python3.12/site-packages/airflow/example_dags/example_sla_dag.py took 0.033 seconds
[2024-06-24T07:50:25.543+0000] {processor.py:161} INFO - Started process (PID=859) to work on /home/airflow/.local/lib/python3.12/site-packages/airflow/example_dags/example_sla_dag.py
[2024-06-24T07:50:25.545+0000] {processor.py:830} INFO - Processing file /home/airflow/.local/lib/python3.12/site-packages/airflow/example_dags/example_sla_dag.py for tasks to queue
[2024-06-24T07:50:25.545+0000] {logging_mixin.py:188} INFO - [2024-06-24T07:50:25.545+0000] {dagbag.py:545} INFO - Filling up the DagBag from /home/airflow/.local/lib/python3.12/site-packages/airflow/example_dags/example_sla_dag.py
[2024-06-24T07:50:25.549+0000] {processor.py:840} INFO - DAG(s) 'example_sla_dag' retrieved from /home/airflow/.local/lib/python3.12/site-packages/airflow/example_dags/example_sla_dag.py
[2024-06-24T07:50:25.557+0000] {logging_mixin.py:188} INFO - [2024-06-24T07:50:25.557+0000] {dag.py:3096} INFO - Sync 1 DAGs
[2024-06-24T07:50:25.566+0000] {logging_mixin.py:188} INFO - [2024-06-24T07:50:25.566+0000] {dag.py:3954} INFO - Setting next_dagrun for example_sla_dag to 2024-06-24 07:48:00+00:00, run_after=2024-06-24 07:50:00+00:00
[2024-06-24T07:50:25.572+0000] {processor.py:183} INFO - Processing /home/airflow/.local/lib/python3.12/site-packages/airflow/example_dags/example_sla_dag.py took 0.032 seconds
[2024-06-24T07:50:56.022+0000] {processor.py:161} INFO - Started process (PID=917) to work on /home/airflow/.local/lib/python3.12/site-packages/airflow/example_dags/example_sla_dag.py
[2024-06-24T07:50:56.022+0000] {processor.py:830} INFO - Processing file /home/airflow/.local/lib/python3.12/site-packages/airflow/example_dags/example_sla_dag.py for tasks to queue
[2024-06-24T07:50:56.023+0000] {logging_mixin.py:188} INFO - [2024-06-24T07:50:56.023+0000] {dagbag.py:545} INFO - Filling up the DagBag from /home/airflow/.local/lib/python3.12/site-packages/airflow/example_dags/example_sla_dag.py
[2024-06-24T07:50:56.027+0000] {processor.py:840} INFO - DAG(s) 'example_sla_dag' retrieved from /home/airflow/.local/lib/python3.12/site-packages/airflow/example_dags/example_sla_dag.py
[2024-06-24T07:50:56.034+0000] {logging_mixin.py:188} INFO - [2024-06-24T07:50:56.034+0000] {dag.py:3096} INFO - Sync 1 DAGs
[2024-06-24T07:50:56.044+0000] {logging_mixin.py:188} INFO - [2024-06-24T07:50:56.043+0000] {dag.py:3954} INFO - Setting next_dagrun for example_sla_dag to 2024-06-24 07:48:00+00:00, run_after=2024-06-24 07:50:00+00:00
[2024-06-24T07:50:56.050+0000] {processor.py:183} INFO - Processing /home/airflow/.local/lib/python3.12/site-packages/airflow/example_dags/example_sla_dag.py took 0.030 seconds
[2024-06-24T07:51:26.478+0000] {processor.py:161} INFO - Started process (PID=974) to work on /home/airflow/.local/lib/python3.12/site-packages/airflow/example_dags/example_sla_dag.py
[2024-06-24T07:51:26.479+0000] {processor.py:830} INFO - Processing file /home/airflow/.local/lib/python3.12/site-packages/airflow/example_dags/example_sla_dag.py for tasks to queue
[2024-06-24T07:51:26.480+0000] {logging_mixin.py:188} INFO - [2024-06-24T07:51:26.480+0000] {dagbag.py:545} INFO - Filling up the DagBag from /home/airflow/.local/lib/python3.12/site-packages/airflow/example_dags/example_sla_dag.py
[2024-06-24T07:51:26.484+0000] {processor.py:840} INFO - DAG(s) 'example_sla_dag' retrieved from /home/airflow/.local/lib/python3.12/site-packages/airflow/example_dags/example_sla_dag.py
[2024-06-24T07:51:26.492+0000] {logging_mixin.py:188} INFO - [2024-06-24T07:51:26.492+0000] {dag.py:3096} INFO - Sync 1 DAGs
[2024-06-24T07:51:26.502+0000] {logging_mixin.py:188} INFO - [2024-06-24T07:51:26.502+0000] {dag.py:3954} INFO - Setting next_dagrun for example_sla_dag to 2024-06-24 07:48:00+00:00, run_after=2024-06-24 07:50:00+00:00
[2024-06-24T07:51:26.508+0000] {processor.py:183} INFO - Processing /home/airflow/.local/lib/python3.12/site-packages/airflow/example_dags/example_sla_dag.py took 0.033 seconds
[2024-06-24T07:51:56.875+0000] {processor.py:161} INFO - Started process (PID=1032) to work on /home/airflow/.local/lib/python3.12/site-packages/airflow/example_dags/example_sla_dag.py
[2024-06-24T07:51:56.876+0000] {processor.py:830} INFO - Processing file /home/airflow/.local/lib/python3.12/site-packages/airflow/example_dags/example_sla_dag.py for tasks to queue
[2024-06-24T07:51:56.876+0000] {logging_mixin.py:188} INFO - [2024-06-24T07:51:56.876+0000] {dagbag.py:545} INFO - Filling up the DagBag from /home/airflow/.local/lib/python3.12/site-packages/airflow/example_dags/example_sla_dag.py
[2024-06-24T07:51:56.879+0000] {processor.py:840} INFO - DAG(s) 'example_sla_dag' retrieved from /home/airflow/.local/lib/python3.12/site-packages/airflow/example_dags/example_sla_dag.py
[2024-06-24T07:51:56.887+0000] {logging_mixin.py:188} INFO - [2024-06-24T07:51:56.887+0000] {dag.py:3096} INFO - Sync 1 DAGs
[2024-06-24T07:51:56.895+0000] {logging_mixin.py:188} INFO - [2024-06-24T07:51:56.895+0000] {dag.py:3954} INFO - Setting next_dagrun for example_sla_dag to 2024-06-24 07:48:00+00:00, run_after=2024-06-24 07:50:00+00:00
[2024-06-24T07:51:56.901+0000] {processor.py:183} INFO - Processing /home/airflow/.local/lib/python3.12/site-packages/airflow/example_dags/example_sla_dag.py took 0.029 seconds
[2024-06-24T07:52:27.312+0000] {processor.py:161} INFO - Started process (PID=1090) to work on /home/airflow/.local/lib/python3.12/site-packages/airflow/example_dags/example_sla_dag.py
[2024-06-24T07:52:27.312+0000] {processor.py:830} INFO - Processing file /home/airflow/.local/lib/python3.12/site-packages/airflow/example_dags/example_sla_dag.py for tasks to queue
[2024-06-24T07:52:27.313+0000] {logging_mixin.py:188} INFO - [2024-06-24T07:52:27.313+0000] {dagbag.py:545} INFO - Filling up the DagBag from /home/airflow/.local/lib/python3.12/site-packages/airflow/example_dags/example_sla_dag.py
[2024-06-24T07:52:27.317+0000] {processor.py:840} INFO - DAG(s) 'example_sla_dag' retrieved from /home/airflow/.local/lib/python3.12/site-packages/airflow/example_dags/example_sla_dag.py
[2024-06-24T07:52:27.325+0000] {logging_mixin.py:188} INFO - [2024-06-24T07:52:27.324+0000] {dag.py:3096} INFO - Sync 1 DAGs
[2024-06-24T07:52:27.335+0000] {logging_mixin.py:188} INFO - [2024-06-24T07:52:27.334+0000] {dag.py:3954} INFO - Setting next_dagrun for example_sla_dag to 2024-06-24 07:50:00+00:00, run_after=2024-06-24 07:52:00+00:00
[2024-06-24T07:52:27.341+0000] {processor.py:183} INFO - Processing /home/airflow/.local/lib/python3.12/site-packages/airflow/example_dags/example_sla_dag.py took 0.032 seconds
[2024-06-24T07:52:57.696+0000] {processor.py:161} INFO - Started process (PID=1147) to work on /home/airflow/.local/lib/python3.12/site-packages/airflow/example_dags/example_sla_dag.py
[2024-06-24T07:52:57.697+0000] {processor.py:830} INFO - Processing file /home/airflow/.local/lib/python3.12/site-packages/airflow/example_dags/example_sla_dag.py for tasks to queue
[2024-06-24T07:52:57.698+0000] {logging_mixin.py:188} INFO - [2024-06-24T07:52:57.698+0000] {dagbag.py:545} INFO - Filling up the DagBag from /home/airflow/.local/lib/python3.12/site-packages/airflow/example_dags/example_sla_dag.py
[2024-06-24T07:52:57.701+0000] {processor.py:840} INFO - DAG(s) 'example_sla_dag' retrieved from /home/airflow/.local/lib/python3.12/site-packages/airflow/example_dags/example_sla_dag.py
[2024-06-24T07:52:57.709+0000] {logging_mixin.py:188} INFO - [2024-06-24T07:52:57.709+0000] {dag.py:3096} INFO - Sync 1 DAGs
[2024-06-24T07:52:57.719+0000] {logging_mixin.py:188} INFO - [2024-06-24T07:52:57.719+0000] {dag.py:3954} INFO - Setting next_dagrun for example_sla_dag to 2024-06-24 07:50:00+00:00, run_after=2024-06-24 07:52:00+00:00
[2024-06-24T07:52:57.726+0000] {processor.py:183} INFO - Processing /home/airflow/.local/lib/python3.12/site-packages/airflow/example_dags/example_sla_dag.py took 0.032 seconds
[2024-06-24T07:53:28.145+0000] {processor.py:161} INFO - Started process (PID=1205) to work on /home/airflow/.local/lib/python3.12/site-packages/airflow/example_dags/example_sla_dag.py
[2024-06-24T07:53:28.145+0000] {processor.py:830} INFO - Processing file /home/airflow/.local/lib/python3.12/site-packages/airflow/example_dags/example_sla_dag.py for tasks to queue
[2024-06-24T07:53:28.146+0000] {logging_mixin.py:188} INFO - [2024-06-24T07:53:28.146+0000] {dagbag.py:545} INFO - Filling up the DagBag from /home/airflow/.local/lib/python3.12/site-packages/airflow/example_dags/example_sla_dag.py
[2024-06-24T07:53:28.150+0000] {processor.py:840} INFO - DAG(s) 'example_sla_dag' retrieved from /home/airflow/.local/lib/python3.12/site-packages/airflow/example_dags/example_sla_dag.py
[2024-06-24T07:53:28.157+0000] {logging_mixin.py:188} INFO - [2024-06-24T07:53:28.157+0000] {dag.py:3096} INFO - Sync 1 DAGs
[2024-06-24T07:53:28.166+0000] {logging_mixin.py:188} INFO - [2024-06-24T07:53:28.166+0000] {dag.py:3954} INFO - Setting next_dagrun for example_sla_dag to 2024-06-24 07:50:00+00:00, run_after=2024-06-24 07:52:00+00:00
[2024-06-24T07:53:28.173+0000] {processor.py:183} INFO - Processing /home/airflow/.local/lib/python3.12/site-packages/airflow/example_dags/example_sla_dag.py took 0.030 seconds
[2024-06-24T07:53:58.554+0000] {processor.py:161} INFO - Started process (PID=1263) to work on /home/airflow/.local/lib/python3.12/site-packages/airflow/example_dags/example_sla_dag.py
[2024-06-24T07:53:58.554+0000] {processor.py:830} INFO - Processing file /home/airflow/.local/lib/python3.12/site-packages/airflow/example_dags/example_sla_dag.py for tasks to queue
[2024-06-24T07:53:58.555+0000] {logging_mixin.py:188} INFO - [2024-06-24T07:53:58.555+0000] {dagbag.py:545} INFO - Filling up the DagBag from /home/airflow/.local/lib/python3.12/site-packages/airflow/example_dags/example_sla_dag.py
[2024-06-24T07:53:58.559+0000] {processor.py:840} INFO - DAG(s) 'example_sla_dag' retrieved from /home/airflow/.local/lib/python3.12/site-packages/airflow/example_dags/example_sla_dag.py
[2024-06-24T07:53:58.567+0000] {logging_mixin.py:188} INFO - [2024-06-24T07:53:58.567+0000] {dag.py:3096} INFO - Sync 1 DAGs
[2024-06-24T07:53:58.576+0000] {logging_mixin.py:188} INFO - [2024-06-24T07:53:58.576+0000] {dag.py:3954} INFO - Setting next_dagrun for example_sla_dag to 2024-06-24 07:50:00+00:00, run_after=2024-06-24 07:52:00+00:00
[2024-06-24T07:53:58.583+0000] {processor.py:183} INFO - Processing /home/airflow/.local/lib/python3.12/site-packages/airflow/example_dags/example_sla_dag.py took 0.031 seconds
[2024-06-24T07:54:29.023+0000] {processor.py:161} INFO - Started process (PID=1321) to work on /home/airflow/.local/lib/python3.12/site-packages/airflow/example_dags/example_sla_dag.py
[2024-06-24T07:54:29.023+0000] {processor.py:830} INFO - Processing file /home/airflow/.local/lib/python3.12/site-packages/airflow/example_dags/example_sla_dag.py for tasks to queue
[2024-06-24T07:54:29.024+0000] {logging_mixin.py:188} INFO - [2024-06-24T07:54:29.024+0000] {dagbag.py:545} INFO - Filling up the DagBag from /home/airflow/.local/lib/python3.12/site-packages/airflow/example_dags/example_sla_dag.py
[2024-06-24T07:54:29.027+0000] {processor.py:840} INFO - DAG(s) 'example_sla_dag' retrieved from /home/airflow/.local/lib/python3.12/site-packages/airflow/example_dags/example_sla_dag.py
[2024-06-24T07:54:29.035+0000] {logging_mixin.py:188} INFO - [2024-06-24T07:54:29.035+0000] {dag.py:3096} INFO - Sync 1 DAGs
[2024-06-24T07:54:29.045+0000] {logging_mixin.py:188} INFO - [2024-06-24T07:54:29.045+0000] {dag.py:3954} INFO - Setting next_dagrun for example_sla_dag to 2024-06-24 07:52:00+00:00, run_after=2024-06-24 07:54:00+00:00
[2024-06-24T07:54:29.051+0000] {processor.py:183} INFO - Processing /home/airflow/.local/lib/python3.12/site-packages/airflow/example_dags/example_sla_dag.py took 0.031 seconds
[2024-06-24T07:54:59.537+0000] {processor.py:161} INFO - Started process (PID=1378) to work on /home/airflow/.local/lib/python3.12/site-packages/airflow/example_dags/example_sla_dag.py
[2024-06-24T07:54:59.538+0000] {processor.py:830} INFO - Processing file /home/airflow/.local/lib/python3.12/site-packages/airflow/example_dags/example_sla_dag.py for tasks to queue
[2024-06-24T07:54:59.539+0000] {logging_mixin.py:188} INFO - [2024-06-24T07:54:59.539+0000] {dagbag.py:545} INFO - Filling up the DagBag from /home/airflow/.local/lib/python3.12/site-packages/airflow/example_dags/example_sla_dag.py
[2024-06-24T07:54:59.542+0000] {processor.py:840} INFO - DAG(s) 'example_sla_dag' retrieved from /home/airflow/.local/lib/python3.12/site-packages/airflow/example_dags/example_sla_dag.py
[2024-06-24T07:54:59.550+0000] {logging_mixin.py:188} INFO - [2024-06-24T07:54:59.550+0000] {dag.py:3096} INFO - Sync 1 DAGs
[2024-06-24T07:54:59.560+0000] {logging_mixin.py:188} INFO - [2024-06-24T07:54:59.560+0000] {dag.py:3954} INFO - Setting next_dagrun for example_sla_dag to 2024-06-24 07:52:00+00:00, run_after=2024-06-24 07:54:00+00:00
[2024-06-24T07:54:59.566+0000] {processor.py:183} INFO - Processing /home/airflow/.local/lib/python3.12/site-packages/airflow/example_dags/example_sla_dag.py took 0.032 seconds
[2024-06-24T07:55:30.034+0000] {processor.py:161} INFO - Started process (PID=1436) to work on /home/airflow/.local/lib/python3.12/site-packages/airflow/example_dags/example_sla_dag.py
[2024-06-24T07:55:30.035+0000] {processor.py:830} INFO - Processing file /home/airflow/.local/lib/python3.12/site-packages/airflow/example_dags/example_sla_dag.py for tasks to queue
[2024-06-24T07:55:30.036+0000] {logging_mixin.py:188} INFO - [2024-06-24T07:55:30.036+0000] {dagbag.py:545} INFO - Filling up the DagBag from /home/airflow/.local/lib/python3.12/site-packages/airflow/example_dags/example_sla_dag.py
[2024-06-24T07:55:30.039+0000] {processor.py:840} INFO - DAG(s) 'example_sla_dag' retrieved from /home/airflow/.local/lib/python3.12/site-packages/airflow/example_dags/example_sla_dag.py
[2024-06-24T07:55:30.049+0000] {logging_mixin.py:188} INFO - [2024-06-24T07:55:30.049+0000] {dag.py:3096} INFO - Sync 1 DAGs
[2024-06-24T07:55:30.059+0000] {logging_mixin.py:188} INFO - [2024-06-24T07:55:30.059+0000] {dag.py:3954} INFO - Setting next_dagrun for example_sla_dag to 2024-06-24 07:52:00+00:00, run_after=2024-06-24 07:54:00+00:00
[2024-06-24T07:55:30.066+0000] {processor.py:183} INFO - Processing /home/airflow/.local/lib/python3.12/site-packages/airflow/example_dags/example_sla_dag.py took 0.034 seconds
[2024-06-24T07:56:00.640+0000] {processor.py:161} INFO - Started process (PID=1494) to work on /home/airflow/.local/lib/python3.12/site-packages/airflow/example_dags/example_sla_dag.py
[2024-06-24T07:56:00.641+0000] {processor.py:830} INFO - Processing file /home/airflow/.local/lib/python3.12/site-packages/airflow/example_dags/example_sla_dag.py for tasks to queue
[2024-06-24T07:56:00.642+0000] {logging_mixin.py:188} INFO - [2024-06-24T07:56:00.642+0000] {dagbag.py:545} INFO - Filling up the DagBag from /home/airflow/.local/lib/python3.12/site-packages/airflow/example_dags/example_sla_dag.py
[2024-06-24T07:56:00.646+0000] {processor.py:840} INFO - DAG(s) 'example_sla_dag' retrieved from /home/airflow/.local/lib/python3.12/site-packages/airflow/example_dags/example_sla_dag.py
[2024-06-24T07:56:00.654+0000] {logging_mixin.py:188} INFO - [2024-06-24T07:56:00.654+0000] {dag.py:3096} INFO - Sync 1 DAGs
[2024-06-24T07:56:00.664+0000] {logging_mixin.py:188} INFO - [2024-06-24T07:56:00.664+0000] {dag.py:3954} INFO - Setting next_dagrun for example_sla_dag to 2024-06-24 07:54:00+00:00, run_after=2024-06-24 07:56:00+00:00
[2024-06-24T07:56:00.670+0000] {processor.py:183} INFO - Processing /home/airflow/.local/lib/python3.12/site-packages/airflow/example_dags/example_sla_dag.py took 0.032 seconds
[2024-06-24T07:56:31.282+0000] {processor.py:161} INFO - Started process (PID=1551) to work on /home/airflow/.local/lib/python3.12/site-packages/airflow/example_dags/example_sla_dag.py
[2024-06-24T07:56:31.283+0000] {processor.py:830} INFO - Processing file /home/airflow/.local/lib/python3.12/site-packages/airflow/example_dags/example_sla_dag.py for tasks to queue
[2024-06-24T07:56:31.284+0000] {logging_mixin.py:188} INFO - [2024-06-24T07:56:31.283+0000] {dagbag.py:545} INFO - Filling up the DagBag from /home/airflow/.local/lib/python3.12/site-packages/airflow/example_dags/example_sla_dag.py
[2024-06-24T07:56:31.288+0000] {processor.py:840} INFO - DAG(s) 'example_sla_dag' retrieved from /home/airflow/.local/lib/python3.12/site-packages/airflow/example_dags/example_sla_dag.py
[2024-06-24T07:56:31.295+0000] {logging_mixin.py:188} INFO - [2024-06-24T07:56:31.295+0000] {dag.py:3096} INFO - Sync 1 DAGs
[2024-06-24T07:56:31.309+0000] {logging_mixin.py:188} INFO - [2024-06-24T07:56:31.309+0000] {dag.py:3954} INFO - Setting next_dagrun for example_sla_dag to 2024-06-24 07:54:00+00:00, run_after=2024-06-24 07:56:00+00:00
[2024-06-24T07:56:31.320+0000] {processor.py:183} INFO - Processing /home/airflow/.local/lib/python3.12/site-packages/airflow/example_dags/example_sla_dag.py took 0.041 seconds
[2024-06-24T07:57:02.169+0000] {processor.py:161} INFO - Started process (PID=1609) to work on /home/airflow/.local/lib/python3.12/site-packages/airflow/example_dags/example_sla_dag.py
[2024-06-24T07:57:02.170+0000] {processor.py:830} INFO - Processing file /home/airflow/.local/lib/python3.12/site-packages/airflow/example_dags/example_sla_dag.py for tasks to queue
[2024-06-24T07:57:02.171+0000] {logging_mixin.py:188} INFO - [2024-06-24T07:57:02.170+0000] {dagbag.py:545} INFO - Filling up the DagBag from /home/airflow/.local/lib/python3.12/site-packages/airflow/example_dags/example_sla_dag.py
[2024-06-24T07:57:02.174+0000] {processor.py:840} INFO - DAG(s) 'example_sla_dag' retrieved from /home/airflow/.local/lib/python3.12/site-packages/airflow/example_dags/example_sla_dag.py
[2024-06-24T07:57:02.182+0000] {logging_mixin.py:188} INFO - [2024-06-24T07:57:02.182+0000] {dag.py:3096} INFO - Sync 1 DAGs
[2024-06-24T07:57:02.268+0000] {logging_mixin.py:188} INFO - [2024-06-24T07:57:02.267+0000] {dag.py:3954} INFO - Setting next_dagrun for example_sla_dag to 2024-06-24 07:54:00+00:00, run_after=2024-06-24 07:56:00+00:00
[2024-06-24T07:57:02.273+0000] {processor.py:183} INFO - Processing /home/airflow/.local/lib/python3.12/site-packages/airflow/example_dags/example_sla_dag.py took 0.106 seconds
[2024-06-24T07:57:33.292+0000] {processor.py:161} INFO - Started process (PID=1667) to work on /home/airflow/.local/lib/python3.12/site-packages/airflow/example_dags/example_sla_dag.py
[2024-06-24T07:57:33.293+0000] {processor.py:830} INFO - Processing file /home/airflow/.local/lib/python3.12/site-packages/airflow/example_dags/example_sla_dag.py for tasks to queue
[2024-06-24T07:57:33.294+0000] {logging_mixin.py:188} INFO - [2024-06-24T07:57:33.294+0000] {dagbag.py:545} INFO - Filling up the DagBag from /home/airflow/.local/lib/python3.12/site-packages/airflow/example_dags/example_sla_dag.py
[2024-06-24T07:57:33.300+0000] {processor.py:840} INFO - DAG(s) 'example_sla_dag' retrieved from /home/airflow/.local/lib/python3.12/site-packages/airflow/example_dags/example_sla_dag.py
[2024-06-24T07:57:33.309+0000] {logging_mixin.py:188} INFO - [2024-06-24T07:57:33.308+0000] {dag.py:3096} INFO - Sync 1 DAGs
[2024-06-24T07:57:33.398+0000] {logging_mixin.py:188} INFO - [2024-06-24T07:57:33.398+0000] {dag.py:3954} INFO - Setting next_dagrun for example_sla_dag to 2024-06-24 07:54:00+00:00, run_after=2024-06-24 07:56:00+00:00
[2024-06-24T07:57:33.405+0000] {processor.py:183} INFO - Processing /home/airflow/.local/lib/python3.12/site-packages/airflow/example_dags/example_sla_dag.py took 0.118 seconds
[2024-06-24T07:58:04.251+0000] {processor.py:161} INFO - Started process (PID=1725) to work on /home/airflow/.local/lib/python3.12/site-packages/airflow/example_dags/example_sla_dag.py
[2024-06-24T07:58:04.251+0000] {processor.py:830} INFO - Processing file /home/airflow/.local/lib/python3.12/site-packages/airflow/example_dags/example_sla_dag.py for tasks to queue
[2024-06-24T07:58:04.252+0000] {logging_mixin.py:188} INFO - [2024-06-24T07:58:04.252+0000] {dagbag.py:545} INFO - Filling up the DagBag from /home/airflow/.local/lib/python3.12/site-packages/airflow/example_dags/example_sla_dag.py
[2024-06-24T07:58:04.257+0000] {processor.py:840} INFO - DAG(s) 'example_sla_dag' retrieved from /home/airflow/.local/lib/python3.12/site-packages/airflow/example_dags/example_sla_dag.py
[2024-06-24T07:58:04.265+0000] {logging_mixin.py:188} INFO - [2024-06-24T07:58:04.265+0000] {dag.py:3096} INFO - Sync 1 DAGs
[2024-06-24T07:58:04.274+0000] {logging_mixin.py:188} INFO - [2024-06-24T07:58:04.274+0000] {dag.py:3954} INFO - Setting next_dagrun for example_sla_dag to 2024-06-24 07:56:00+00:00, run_after=2024-06-24 07:58:00+00:00
[2024-06-24T07:58:04.360+0000] {processor.py:183} INFO - Processing /home/airflow/.local/lib/python3.12/site-packages/airflow/example_dags/example_sla_dag.py took 0.112 seconds
[2024-06-24T07:58:34.930+0000] {processor.py:161} INFO - Started process (PID=1783) to work on /home/airflow/.local/lib/python3.12/site-packages/airflow/example_dags/example_sla_dag.py
[2024-06-24T07:58:34.931+0000] {processor.py:830} INFO - Processing file /home/airflow/.local/lib/python3.12/site-packages/airflow/example_dags/example_sla_dag.py for tasks to queue
[2024-06-24T07:58:34.932+0000] {logging_mixin.py:188} INFO - [2024-06-24T07:58:34.932+0000] {dagbag.py:545} INFO - Filling up the DagBag from /home/airflow/.local/lib/python3.12/site-packages/airflow/example_dags/example_sla_dag.py
[2024-06-24T07:58:34.936+0000] {processor.py:840} INFO - DAG(s) 'example_sla_dag' retrieved from /home/airflow/.local/lib/python3.12/site-packages/airflow/example_dags/example_sla_dag.py
[2024-06-24T07:58:34.945+0000] {logging_mixin.py:188} INFO - [2024-06-24T07:58:34.945+0000] {dag.py:3096} INFO - Sync 1 DAGs
[2024-06-24T07:58:34.954+0000] {logging_mixin.py:188} INFO - [2024-06-24T07:58:34.954+0000] {dag.py:3954} INFO - Setting next_dagrun for example_sla_dag to 2024-06-24 07:56:00+00:00, run_after=2024-06-24 07:58:00+00:00
[2024-06-24T07:58:35.037+0000] {processor.py:183} INFO - Processing /home/airflow/.local/lib/python3.12/site-packages/airflow/example_dags/example_sla_dag.py took 0.110 seconds
[2024-06-24T07:59:05.542+0000] {processor.py:161} INFO - Started process (PID=1841) to work on /home/airflow/.local/lib/python3.12/site-packages/airflow/example_dags/example_sla_dag.py
[2024-06-24T07:59:05.542+0000] {processor.py:830} INFO - Processing file /home/airflow/.local/lib/python3.12/site-packages/airflow/example_dags/example_sla_dag.py for tasks to queue
[2024-06-24T07:59:05.543+0000] {logging_mixin.py:188} INFO - [2024-06-24T07:59:05.543+0000] {dagbag.py:545} INFO - Filling up the DagBag from /home/airflow/.local/lib/python3.12/site-packages/airflow/example_dags/example_sla_dag.py
[2024-06-24T07:59:05.547+0000] {processor.py:840} INFO - DAG(s) 'example_sla_dag' retrieved from /home/airflow/.local/lib/python3.12/site-packages/airflow/example_dags/example_sla_dag.py
[2024-06-24T07:59:05.556+0000] {logging_mixin.py:188} INFO - [2024-06-24T07:59:05.556+0000] {dag.py:3096} INFO - Sync 1 DAGs
[2024-06-24T07:59:05.564+0000] {logging_mixin.py:188} INFO - [2024-06-24T07:59:05.564+0000] {dag.py:3954} INFO - Setting next_dagrun for example_sla_dag to 2024-06-24 07:56:00+00:00, run_after=2024-06-24 07:58:00+00:00
[2024-06-24T07:59:05.571+0000] {processor.py:183} INFO - Processing /home/airflow/.local/lib/python3.12/site-packages/airflow/example_dags/example_sla_dag.py took 0.032 seconds
