[2024-06-24T07:43:19.558+0000] {processor.py:161} INFO - Started process (PID=58) to work on /home/airflow/.local/lib/python3.12/site-packages/airflow/example_dags/example_complex.py
[2024-06-24T07:43:19.559+0000] {processor.py:830} INFO - Processing file /home/airflow/.local/lib/python3.12/site-packages/airflow/example_dags/example_complex.py for tasks to queue
[2024-06-24T07:43:19.560+0000] {logging_mixin.py:188} INFO - [2024-06-24T07:43:19.560+0000] {dagbag.py:545} INFO - Filling up the DagBag from /home/airflow/.local/lib/python3.12/site-packages/airflow/example_dags/example_complex.py
[2024-06-24T07:43:19.571+0000] {processor.py:840} INFO - DAG(s) 'example_complex' retrieved from /home/airflow/.local/lib/python3.12/site-packages/airflow/example_dags/example_complex.py
[2024-06-24T07:43:19.589+0000] {logging_mixin.py:188} INFO - [2024-06-24T07:43:19.589+0000] {dag.py:3096} INFO - Sync 1 DAGs
[2024-06-24T07:43:19.595+0000] {logging_mixin.py:188} INFO - [2024-06-24T07:43:19.595+0000] {dag.py:3954} INFO - Setting next_dagrun for example_complex to None, run_after=None
[2024-06-24T07:43:19.604+0000] {processor.py:183} INFO - Processing /home/airflow/.local/lib/python3.12/site-packages/airflow/example_dags/example_complex.py took 0.051 seconds
[2024-06-24T07:43:50.260+0000] {processor.py:161} INFO - Started process (PID=116) to work on /home/airflow/.local/lib/python3.12/site-packages/airflow/example_dags/example_complex.py
[2024-06-24T07:43:50.261+0000] {processor.py:830} INFO - Processing file /home/airflow/.local/lib/python3.12/site-packages/airflow/example_dags/example_complex.py for tasks to queue
[2024-06-24T07:43:50.262+0000] {logging_mixin.py:188} INFO - [2024-06-24T07:43:50.262+0000] {dagbag.py:545} INFO - Filling up the DagBag from /home/airflow/.local/lib/python3.12/site-packages/airflow/example_dags/example_complex.py
[2024-06-24T07:43:50.266+0000] {processor.py:840} INFO - DAG(s) 'example_complex' retrieved from /home/airflow/.local/lib/python3.12/site-packages/airflow/example_dags/example_complex.py
[2024-06-24T07:43:50.277+0000] {logging_mixin.py:188} INFO - [2024-06-24T07:43:50.277+0000] {dag.py:3096} INFO - Sync 1 DAGs
[2024-06-24T07:43:50.282+0000] {logging_mixin.py:188} INFO - [2024-06-24T07:43:50.282+0000] {dag.py:3954} INFO - Setting next_dagrun for example_complex to None, run_after=None
[2024-06-24T07:43:50.289+0000] {processor.py:183} INFO - Processing /home/airflow/.local/lib/python3.12/site-packages/airflow/example_dags/example_complex.py took 0.031 seconds
[2024-06-24T07:44:20.628+0000] {processor.py:161} INFO - Started process (PID=174) to work on /home/airflow/.local/lib/python3.12/site-packages/airflow/example_dags/example_complex.py
[2024-06-24T07:44:20.628+0000] {processor.py:830} INFO - Processing file /home/airflow/.local/lib/python3.12/site-packages/airflow/example_dags/example_complex.py for tasks to queue
[2024-06-24T07:44:20.629+0000] {logging_mixin.py:188} INFO - [2024-06-24T07:44:20.629+0000] {dagbag.py:545} INFO - Filling up the DagBag from /home/airflow/.local/lib/python3.12/site-packages/airflow/example_dags/example_complex.py
[2024-06-24T07:44:20.633+0000] {processor.py:840} INFO - DAG(s) 'example_complex' retrieved from /home/airflow/.local/lib/python3.12/site-packages/airflow/example_dags/example_complex.py
[2024-06-24T07:44:20.646+0000] {logging_mixin.py:188} INFO - [2024-06-24T07:44:20.646+0000] {dag.py:3096} INFO - Sync 1 DAGs
[2024-06-24T07:44:20.651+0000] {logging_mixin.py:188} INFO - [2024-06-24T07:44:20.651+0000] {dag.py:3954} INFO - Setting next_dagrun for example_complex to None, run_after=None
[2024-06-24T07:44:20.658+0000] {processor.py:183} INFO - Processing /home/airflow/.local/lib/python3.12/site-packages/airflow/example_dags/example_complex.py took 0.032 seconds
[2024-06-24T07:44:51.059+0000] {processor.py:161} INFO - Started process (PID=232) to work on /home/airflow/.local/lib/python3.12/site-packages/airflow/example_dags/example_complex.py
[2024-06-24T07:44:51.060+0000] {processor.py:830} INFO - Processing file /home/airflow/.local/lib/python3.12/site-packages/airflow/example_dags/example_complex.py for tasks to queue
[2024-06-24T07:44:51.061+0000] {logging_mixin.py:188} INFO - [2024-06-24T07:44:51.061+0000] {dagbag.py:545} INFO - Filling up the DagBag from /home/airflow/.local/lib/python3.12/site-packages/airflow/example_dags/example_complex.py
[2024-06-24T07:44:51.065+0000] {processor.py:840} INFO - DAG(s) 'example_complex' retrieved from /home/airflow/.local/lib/python3.12/site-packages/airflow/example_dags/example_complex.py
[2024-06-24T07:44:51.077+0000] {logging_mixin.py:188} INFO - [2024-06-24T07:44:51.077+0000] {dag.py:3096} INFO - Sync 1 DAGs
[2024-06-24T07:44:51.081+0000] {logging_mixin.py:188} INFO - [2024-06-24T07:44:51.081+0000] {dag.py:3954} INFO - Setting next_dagrun for example_complex to None, run_after=None
[2024-06-24T07:44:51.088+0000] {processor.py:183} INFO - Processing /home/airflow/.local/lib/python3.12/site-packages/airflow/example_dags/example_complex.py took 0.031 seconds
[2024-06-24T07:45:21.503+0000] {processor.py:161} INFO - Started process (PID=290) to work on /home/airflow/.local/lib/python3.12/site-packages/airflow/example_dags/example_complex.py
[2024-06-24T07:45:21.503+0000] {processor.py:830} INFO - Processing file /home/airflow/.local/lib/python3.12/site-packages/airflow/example_dags/example_complex.py for tasks to queue
[2024-06-24T07:45:21.504+0000] {logging_mixin.py:188} INFO - [2024-06-24T07:45:21.504+0000] {dagbag.py:545} INFO - Filling up the DagBag from /home/airflow/.local/lib/python3.12/site-packages/airflow/example_dags/example_complex.py
[2024-06-24T07:45:21.508+0000] {processor.py:840} INFO - DAG(s) 'example_complex' retrieved from /home/airflow/.local/lib/python3.12/site-packages/airflow/example_dags/example_complex.py
[2024-06-24T07:45:21.521+0000] {logging_mixin.py:188} INFO - [2024-06-24T07:45:21.521+0000] {dag.py:3096} INFO - Sync 1 DAGs
[2024-06-24T07:45:21.526+0000] {logging_mixin.py:188} INFO - [2024-06-24T07:45:21.526+0000] {dag.py:3954} INFO - Setting next_dagrun for example_complex to None, run_after=None
[2024-06-24T07:45:21.533+0000] {processor.py:183} INFO - Processing /home/airflow/.local/lib/python3.12/site-packages/airflow/example_dags/example_complex.py took 0.033 seconds
[2024-06-24T07:45:51.932+0000] {processor.py:161} INFO - Started process (PID=347) to work on /home/airflow/.local/lib/python3.12/site-packages/airflow/example_dags/example_complex.py
[2024-06-24T07:45:51.932+0000] {processor.py:830} INFO - Processing file /home/airflow/.local/lib/python3.12/site-packages/airflow/example_dags/example_complex.py for tasks to queue
[2024-06-24T07:45:51.933+0000] {logging_mixin.py:188} INFO - [2024-06-24T07:45:51.933+0000] {dagbag.py:545} INFO - Filling up the DagBag from /home/airflow/.local/lib/python3.12/site-packages/airflow/example_dags/example_complex.py
[2024-06-24T07:45:51.937+0000] {processor.py:840} INFO - DAG(s) 'example_complex' retrieved from /home/airflow/.local/lib/python3.12/site-packages/airflow/example_dags/example_complex.py
[2024-06-24T07:45:51.949+0000] {logging_mixin.py:188} INFO - [2024-06-24T07:45:51.949+0000] {dag.py:3096} INFO - Sync 1 DAGs
[2024-06-24T07:45:51.954+0000] {logging_mixin.py:188} INFO - [2024-06-24T07:45:51.954+0000] {dag.py:3954} INFO - Setting next_dagrun for example_complex to None, run_after=None
[2024-06-24T07:45:51.961+0000] {processor.py:183} INFO - Processing /home/airflow/.local/lib/python3.12/site-packages/airflow/example_dags/example_complex.py took 0.031 seconds
[2024-06-24T07:46:22.185+0000] {processor.py:161} INFO - Started process (PID=405) to work on /home/airflow/.local/lib/python3.12/site-packages/airflow/example_dags/example_complex.py
[2024-06-24T07:46:22.185+0000] {processor.py:830} INFO - Processing file /home/airflow/.local/lib/python3.12/site-packages/airflow/example_dags/example_complex.py for tasks to queue
[2024-06-24T07:46:22.186+0000] {logging_mixin.py:188} INFO - [2024-06-24T07:46:22.186+0000] {dagbag.py:545} INFO - Filling up the DagBag from /home/airflow/.local/lib/python3.12/site-packages/airflow/example_dags/example_complex.py
[2024-06-24T07:46:22.190+0000] {processor.py:840} INFO - DAG(s) 'example_complex' retrieved from /home/airflow/.local/lib/python3.12/site-packages/airflow/example_dags/example_complex.py
[2024-06-24T07:46:22.202+0000] {logging_mixin.py:188} INFO - [2024-06-24T07:46:22.202+0000] {dag.py:3096} INFO - Sync 1 DAGs
[2024-06-24T07:46:22.207+0000] {logging_mixin.py:188} INFO - [2024-06-24T07:46:22.207+0000] {dag.py:3954} INFO - Setting next_dagrun for example_complex to None, run_after=None
[2024-06-24T07:46:22.214+0000] {processor.py:183} INFO - Processing /home/airflow/.local/lib/python3.12/site-packages/airflow/example_dags/example_complex.py took 0.031 seconds
[2024-06-24T07:46:52.560+0000] {processor.py:161} INFO - Started process (PID=461) to work on /home/airflow/.local/lib/python3.12/site-packages/airflow/example_dags/example_complex.py
[2024-06-24T07:46:52.562+0000] {processor.py:830} INFO - Processing file /home/airflow/.local/lib/python3.12/site-packages/airflow/example_dags/example_complex.py for tasks to queue
[2024-06-24T07:46:52.563+0000] {logging_mixin.py:188} INFO - [2024-06-24T07:46:52.562+0000] {dagbag.py:545} INFO - Filling up the DagBag from /home/airflow/.local/lib/python3.12/site-packages/airflow/example_dags/example_complex.py
[2024-06-24T07:46:52.567+0000] {processor.py:840} INFO - DAG(s) 'example_complex' retrieved from /home/airflow/.local/lib/python3.12/site-packages/airflow/example_dags/example_complex.py
[2024-06-24T07:46:52.579+0000] {logging_mixin.py:188} INFO - [2024-06-24T07:46:52.579+0000] {dag.py:3096} INFO - Sync 1 DAGs
[2024-06-24T07:46:52.584+0000] {logging_mixin.py:188} INFO - [2024-06-24T07:46:52.584+0000] {dag.py:3954} INFO - Setting next_dagrun for example_complex to None, run_after=None
[2024-06-24T07:46:52.591+0000] {processor.py:183} INFO - Processing /home/airflow/.local/lib/python3.12/site-packages/airflow/example_dags/example_complex.py took 0.034 seconds
[2024-06-24T07:47:22.942+0000] {processor.py:161} INFO - Started process (PID=519) to work on /home/airflow/.local/lib/python3.12/site-packages/airflow/example_dags/example_complex.py
[2024-06-24T07:47:22.943+0000] {processor.py:830} INFO - Processing file /home/airflow/.local/lib/python3.12/site-packages/airflow/example_dags/example_complex.py for tasks to queue
[2024-06-24T07:47:22.944+0000] {logging_mixin.py:188} INFO - [2024-06-24T07:47:22.944+0000] {dagbag.py:545} INFO - Filling up the DagBag from /home/airflow/.local/lib/python3.12/site-packages/airflow/example_dags/example_complex.py
[2024-06-24T07:47:22.948+0000] {processor.py:840} INFO - DAG(s) 'example_complex' retrieved from /home/airflow/.local/lib/python3.12/site-packages/airflow/example_dags/example_complex.py
[2024-06-24T07:47:22.959+0000] {logging_mixin.py:188} INFO - [2024-06-24T07:47:22.959+0000] {dag.py:3096} INFO - Sync 1 DAGs
[2024-06-24T07:47:22.964+0000] {logging_mixin.py:188} INFO - [2024-06-24T07:47:22.963+0000] {dag.py:3954} INFO - Setting next_dagrun for example_complex to None, run_after=None
[2024-06-24T07:47:22.970+0000] {processor.py:183} INFO - Processing /home/airflow/.local/lib/python3.12/site-packages/airflow/example_dags/example_complex.py took 0.030 seconds
[2024-06-24T07:47:53.402+0000] {processor.py:161} INFO - Started process (PID=577) to work on /home/airflow/.local/lib/python3.12/site-packages/airflow/example_dags/example_complex.py
[2024-06-24T07:47:53.402+0000] {processor.py:830} INFO - Processing file /home/airflow/.local/lib/python3.12/site-packages/airflow/example_dags/example_complex.py for tasks to queue
[2024-06-24T07:47:53.403+0000] {logging_mixin.py:188} INFO - [2024-06-24T07:47:53.403+0000] {dagbag.py:545} INFO - Filling up the DagBag from /home/airflow/.local/lib/python3.12/site-packages/airflow/example_dags/example_complex.py
[2024-06-24T07:47:53.407+0000] {processor.py:840} INFO - DAG(s) 'example_complex' retrieved from /home/airflow/.local/lib/python3.12/site-packages/airflow/example_dags/example_complex.py
[2024-06-24T07:47:53.418+0000] {logging_mixin.py:188} INFO - [2024-06-24T07:47:53.418+0000] {dag.py:3096} INFO - Sync 1 DAGs
[2024-06-24T07:47:53.423+0000] {logging_mixin.py:188} INFO - [2024-06-24T07:47:53.423+0000] {dag.py:3954} INFO - Setting next_dagrun for example_complex to None, run_after=None
[2024-06-24T07:47:53.430+0000] {processor.py:183} INFO - Processing /home/airflow/.local/lib/python3.12/site-packages/airflow/example_dags/example_complex.py took 0.030 seconds
[2024-06-24T07:48:23.813+0000] {processor.py:161} INFO - Started process (PID=635) to work on /home/airflow/.local/lib/python3.12/site-packages/airflow/example_dags/example_complex.py
[2024-06-24T07:48:23.813+0000] {processor.py:830} INFO - Processing file /home/airflow/.local/lib/python3.12/site-packages/airflow/example_dags/example_complex.py for tasks to queue
[2024-06-24T07:48:23.814+0000] {logging_mixin.py:188} INFO - [2024-06-24T07:48:23.814+0000] {dagbag.py:545} INFO - Filling up the DagBag from /home/airflow/.local/lib/python3.12/site-packages/airflow/example_dags/example_complex.py
[2024-06-24T07:48:23.819+0000] {processor.py:840} INFO - DAG(s) 'example_complex' retrieved from /home/airflow/.local/lib/python3.12/site-packages/airflow/example_dags/example_complex.py
[2024-06-24T07:48:23.834+0000] {logging_mixin.py:188} INFO - [2024-06-24T07:48:23.834+0000] {dag.py:3096} INFO - Sync 1 DAGs
[2024-06-24T07:48:23.840+0000] {logging_mixin.py:188} INFO - [2024-06-24T07:48:23.840+0000] {dag.py:3954} INFO - Setting next_dagrun for example_complex to None, run_after=None
[2024-06-24T07:48:23.851+0000] {processor.py:183} INFO - Processing /home/airflow/.local/lib/python3.12/site-packages/airflow/example_dags/example_complex.py took 0.042 seconds
[2024-06-24T07:48:54.232+0000] {processor.py:161} INFO - Started process (PID=693) to work on /home/airflow/.local/lib/python3.12/site-packages/airflow/example_dags/example_complex.py
[2024-06-24T07:48:54.233+0000] {processor.py:830} INFO - Processing file /home/airflow/.local/lib/python3.12/site-packages/airflow/example_dags/example_complex.py for tasks to queue
[2024-06-24T07:48:54.234+0000] {logging_mixin.py:188} INFO - [2024-06-24T07:48:54.234+0000] {dagbag.py:545} INFO - Filling up the DagBag from /home/airflow/.local/lib/python3.12/site-packages/airflow/example_dags/example_complex.py
[2024-06-24T07:48:54.239+0000] {processor.py:840} INFO - DAG(s) 'example_complex' retrieved from /home/airflow/.local/lib/python3.12/site-packages/airflow/example_dags/example_complex.py
[2024-06-24T07:48:54.256+0000] {logging_mixin.py:188} INFO - [2024-06-24T07:48:54.256+0000] {dag.py:3096} INFO - Sync 1 DAGs
[2024-06-24T07:48:54.264+0000] {logging_mixin.py:188} INFO - [2024-06-24T07:48:54.264+0000] {dag.py:3954} INFO - Setting next_dagrun for example_complex to None, run_after=None
[2024-06-24T07:48:54.272+0000] {processor.py:183} INFO - Processing /home/airflow/.local/lib/python3.12/site-packages/airflow/example_dags/example_complex.py took 0.043 seconds
[2024-06-24T07:49:24.742+0000] {processor.py:161} INFO - Started process (PID=750) to work on /home/airflow/.local/lib/python3.12/site-packages/airflow/example_dags/example_complex.py
[2024-06-24T07:49:24.742+0000] {processor.py:830} INFO - Processing file /home/airflow/.local/lib/python3.12/site-packages/airflow/example_dags/example_complex.py for tasks to queue
[2024-06-24T07:49:24.743+0000] {logging_mixin.py:188} INFO - [2024-06-24T07:49:24.743+0000] {dagbag.py:545} INFO - Filling up the DagBag from /home/airflow/.local/lib/python3.12/site-packages/airflow/example_dags/example_complex.py
[2024-06-24T07:49:24.747+0000] {processor.py:840} INFO - DAG(s) 'example_complex' retrieved from /home/airflow/.local/lib/python3.12/site-packages/airflow/example_dags/example_complex.py
[2024-06-24T07:49:24.760+0000] {logging_mixin.py:188} INFO - [2024-06-24T07:49:24.760+0000] {dag.py:3096} INFO - Sync 1 DAGs
[2024-06-24T07:49:24.765+0000] {logging_mixin.py:188} INFO - [2024-06-24T07:49:24.765+0000] {dag.py:3954} INFO - Setting next_dagrun for example_complex to None, run_after=None
[2024-06-24T07:49:24.773+0000] {processor.py:183} INFO - Processing /home/airflow/.local/lib/python3.12/site-packages/airflow/example_dags/example_complex.py took 0.034 seconds
[2024-06-24T07:49:55.248+0000] {processor.py:161} INFO - Started process (PID=808) to work on /home/airflow/.local/lib/python3.12/site-packages/airflow/example_dags/example_complex.py
[2024-06-24T07:49:55.248+0000] {processor.py:830} INFO - Processing file /home/airflow/.local/lib/python3.12/site-packages/airflow/example_dags/example_complex.py for tasks to queue
[2024-06-24T07:49:55.250+0000] {logging_mixin.py:188} INFO - [2024-06-24T07:49:55.250+0000] {dagbag.py:545} INFO - Filling up the DagBag from /home/airflow/.local/lib/python3.12/site-packages/airflow/example_dags/example_complex.py
[2024-06-24T07:49:55.254+0000] {processor.py:840} INFO - DAG(s) 'example_complex' retrieved from /home/airflow/.local/lib/python3.12/site-packages/airflow/example_dags/example_complex.py
[2024-06-24T07:49:55.267+0000] {logging_mixin.py:188} INFO - [2024-06-24T07:49:55.267+0000] {dag.py:3096} INFO - Sync 1 DAGs
[2024-06-24T07:49:55.272+0000] {logging_mixin.py:188} INFO - [2024-06-24T07:49:55.272+0000] {dag.py:3954} INFO - Setting next_dagrun for example_complex to None, run_after=None
[2024-06-24T07:49:55.279+0000] {processor.py:183} INFO - Processing /home/airflow/.local/lib/python3.12/site-packages/airflow/example_dags/example_complex.py took 0.034 seconds
[2024-06-24T07:50:25.705+0000] {processor.py:161} INFO - Started process (PID=866) to work on /home/airflow/.local/lib/python3.12/site-packages/airflow/example_dags/example_complex.py
[2024-06-24T07:50:25.706+0000] {processor.py:830} INFO - Processing file /home/airflow/.local/lib/python3.12/site-packages/airflow/example_dags/example_complex.py for tasks to queue
[2024-06-24T07:50:25.706+0000] {logging_mixin.py:188} INFO - [2024-06-24T07:50:25.706+0000] {dagbag.py:545} INFO - Filling up the DagBag from /home/airflow/.local/lib/python3.12/site-packages/airflow/example_dags/example_complex.py
[2024-06-24T07:50:25.711+0000] {processor.py:840} INFO - DAG(s) 'example_complex' retrieved from /home/airflow/.local/lib/python3.12/site-packages/airflow/example_dags/example_complex.py
[2024-06-24T07:50:25.723+0000] {logging_mixin.py:188} INFO - [2024-06-24T07:50:25.723+0000] {dag.py:3096} INFO - Sync 1 DAGs
[2024-06-24T07:50:25.729+0000] {logging_mixin.py:188} INFO - [2024-06-24T07:50:25.728+0000] {dag.py:3954} INFO - Setting next_dagrun for example_complex to None, run_after=None
[2024-06-24T07:50:25.736+0000] {processor.py:183} INFO - Processing /home/airflow/.local/lib/python3.12/site-packages/airflow/example_dags/example_complex.py took 0.034 seconds
[2024-06-24T07:50:56.179+0000] {processor.py:161} INFO - Started process (PID=924) to work on /home/airflow/.local/lib/python3.12/site-packages/airflow/example_dags/example_complex.py
[2024-06-24T07:50:56.179+0000] {processor.py:830} INFO - Processing file /home/airflow/.local/lib/python3.12/site-packages/airflow/example_dags/example_complex.py for tasks to queue
[2024-06-24T07:50:56.180+0000] {logging_mixin.py:188} INFO - [2024-06-24T07:50:56.180+0000] {dagbag.py:545} INFO - Filling up the DagBag from /home/airflow/.local/lib/python3.12/site-packages/airflow/example_dags/example_complex.py
[2024-06-24T07:50:56.184+0000] {processor.py:840} INFO - DAG(s) 'example_complex' retrieved from /home/airflow/.local/lib/python3.12/site-packages/airflow/example_dags/example_complex.py
[2024-06-24T07:50:56.196+0000] {logging_mixin.py:188} INFO - [2024-06-24T07:50:56.196+0000] {dag.py:3096} INFO - Sync 1 DAGs
[2024-06-24T07:50:56.201+0000] {logging_mixin.py:188} INFO - [2024-06-24T07:50:56.200+0000] {dag.py:3954} INFO - Setting next_dagrun for example_complex to None, run_after=None
[2024-06-24T07:50:56.208+0000] {processor.py:183} INFO - Processing /home/airflow/.local/lib/python3.12/site-packages/airflow/example_dags/example_complex.py took 0.032 seconds
[2024-06-24T07:51:26.596+0000] {processor.py:161} INFO - Started process (PID=980) to work on /home/airflow/.local/lib/python3.12/site-packages/airflow/example_dags/example_complex.py
[2024-06-24T07:51:26.597+0000] {processor.py:830} INFO - Processing file /home/airflow/.local/lib/python3.12/site-packages/airflow/example_dags/example_complex.py for tasks to queue
[2024-06-24T07:51:26.598+0000] {logging_mixin.py:188} INFO - [2024-06-24T07:51:26.597+0000] {dagbag.py:545} INFO - Filling up the DagBag from /home/airflow/.local/lib/python3.12/site-packages/airflow/example_dags/example_complex.py
[2024-06-24T07:51:26.602+0000] {processor.py:840} INFO - DAG(s) 'example_complex' retrieved from /home/airflow/.local/lib/python3.12/site-packages/airflow/example_dags/example_complex.py
[2024-06-24T07:51:26.614+0000] {logging_mixin.py:188} INFO - [2024-06-24T07:51:26.614+0000] {dag.py:3096} INFO - Sync 1 DAGs
[2024-06-24T07:51:26.619+0000] {logging_mixin.py:188} INFO - [2024-06-24T07:51:26.619+0000] {dag.py:3954} INFO - Setting next_dagrun for example_complex to None, run_after=None
[2024-06-24T07:51:26.625+0000] {processor.py:183} INFO - Processing /home/airflow/.local/lib/python3.12/site-packages/airflow/example_dags/example_complex.py took 0.032 seconds
[2024-06-24T07:51:57.001+0000] {processor.py:161} INFO - Started process (PID=1038) to work on /home/airflow/.local/lib/python3.12/site-packages/airflow/example_dags/example_complex.py
[2024-06-24T07:51:57.001+0000] {processor.py:830} INFO - Processing file /home/airflow/.local/lib/python3.12/site-packages/airflow/example_dags/example_complex.py for tasks to queue
[2024-06-24T07:51:57.002+0000] {logging_mixin.py:188} INFO - [2024-06-24T07:51:57.002+0000] {dagbag.py:545} INFO - Filling up the DagBag from /home/airflow/.local/lib/python3.12/site-packages/airflow/example_dags/example_complex.py
[2024-06-24T07:51:57.006+0000] {processor.py:840} INFO - DAG(s) 'example_complex' retrieved from /home/airflow/.local/lib/python3.12/site-packages/airflow/example_dags/example_complex.py
[2024-06-24T07:51:57.019+0000] {logging_mixin.py:188} INFO - [2024-06-24T07:51:57.019+0000] {dag.py:3096} INFO - Sync 1 DAGs
[2024-06-24T07:51:57.025+0000] {logging_mixin.py:188} INFO - [2024-06-24T07:51:57.025+0000] {dag.py:3954} INFO - Setting next_dagrun for example_complex to None, run_after=None
[2024-06-24T07:51:57.032+0000] {processor.py:183} INFO - Processing /home/airflow/.local/lib/python3.12/site-packages/airflow/example_dags/example_complex.py took 0.034 seconds
[2024-06-24T07:52:27.429+0000] {processor.py:161} INFO - Started process (PID=1096) to work on /home/airflow/.local/lib/python3.12/site-packages/airflow/example_dags/example_complex.py
[2024-06-24T07:52:27.430+0000] {processor.py:830} INFO - Processing file /home/airflow/.local/lib/python3.12/site-packages/airflow/example_dags/example_complex.py for tasks to queue
[2024-06-24T07:52:27.431+0000] {logging_mixin.py:188} INFO - [2024-06-24T07:52:27.431+0000] {dagbag.py:545} INFO - Filling up the DagBag from /home/airflow/.local/lib/python3.12/site-packages/airflow/example_dags/example_complex.py
[2024-06-24T07:52:27.435+0000] {processor.py:840} INFO - DAG(s) 'example_complex' retrieved from /home/airflow/.local/lib/python3.12/site-packages/airflow/example_dags/example_complex.py
[2024-06-24T07:52:27.448+0000] {logging_mixin.py:188} INFO - [2024-06-24T07:52:27.448+0000] {dag.py:3096} INFO - Sync 1 DAGs
[2024-06-24T07:52:27.453+0000] {logging_mixin.py:188} INFO - [2024-06-24T07:52:27.453+0000] {dag.py:3954} INFO - Setting next_dagrun for example_complex to None, run_after=None
[2024-06-24T07:52:27.459+0000] {processor.py:183} INFO - Processing /home/airflow/.local/lib/python3.12/site-packages/airflow/example_dags/example_complex.py took 0.033 seconds
[2024-06-24T07:52:57.830+0000] {processor.py:161} INFO - Started process (PID=1153) to work on /home/airflow/.local/lib/python3.12/site-packages/airflow/example_dags/example_complex.py
[2024-06-24T07:52:57.831+0000] {processor.py:830} INFO - Processing file /home/airflow/.local/lib/python3.12/site-packages/airflow/example_dags/example_complex.py for tasks to queue
[2024-06-24T07:52:57.832+0000] {logging_mixin.py:188} INFO - [2024-06-24T07:52:57.832+0000] {dagbag.py:545} INFO - Filling up the DagBag from /home/airflow/.local/lib/python3.12/site-packages/airflow/example_dags/example_complex.py
[2024-06-24T07:52:57.836+0000] {processor.py:840} INFO - DAG(s) 'example_complex' retrieved from /home/airflow/.local/lib/python3.12/site-packages/airflow/example_dags/example_complex.py
[2024-06-24T07:52:57.848+0000] {logging_mixin.py:188} INFO - [2024-06-24T07:52:57.848+0000] {dag.py:3096} INFO - Sync 1 DAGs
[2024-06-24T07:52:57.853+0000] {logging_mixin.py:188} INFO - [2024-06-24T07:52:57.853+0000] {dag.py:3954} INFO - Setting next_dagrun for example_complex to None, run_after=None
[2024-06-24T07:52:57.860+0000] {processor.py:183} INFO - Processing /home/airflow/.local/lib/python3.12/site-packages/airflow/example_dags/example_complex.py took 0.033 seconds
[2024-06-24T07:53:28.262+0000] {processor.py:161} INFO - Started process (PID=1211) to work on /home/airflow/.local/lib/python3.12/site-packages/airflow/example_dags/example_complex.py
[2024-06-24T07:53:28.262+0000] {processor.py:830} INFO - Processing file /home/airflow/.local/lib/python3.12/site-packages/airflow/example_dags/example_complex.py for tasks to queue
[2024-06-24T07:53:28.264+0000] {logging_mixin.py:188} INFO - [2024-06-24T07:53:28.263+0000] {dagbag.py:545} INFO - Filling up the DagBag from /home/airflow/.local/lib/python3.12/site-packages/airflow/example_dags/example_complex.py
[2024-06-24T07:53:28.268+0000] {processor.py:840} INFO - DAG(s) 'example_complex' retrieved from /home/airflow/.local/lib/python3.12/site-packages/airflow/example_dags/example_complex.py
[2024-06-24T07:53:28.281+0000] {logging_mixin.py:188} INFO - [2024-06-24T07:53:28.280+0000] {dag.py:3096} INFO - Sync 1 DAGs
[2024-06-24T07:53:28.286+0000] {logging_mixin.py:188} INFO - [2024-06-24T07:53:28.286+0000] {dag.py:3954} INFO - Setting next_dagrun for example_complex to None, run_after=None
[2024-06-24T07:53:28.294+0000] {processor.py:183} INFO - Processing /home/airflow/.local/lib/python3.12/site-packages/airflow/example_dags/example_complex.py took 0.035 seconds
[2024-06-24T07:53:58.704+0000] {processor.py:161} INFO - Started process (PID=1269) to work on /home/airflow/.local/lib/python3.12/site-packages/airflow/example_dags/example_complex.py
[2024-06-24T07:53:58.706+0000] {processor.py:830} INFO - Processing file /home/airflow/.local/lib/python3.12/site-packages/airflow/example_dags/example_complex.py for tasks to queue
[2024-06-24T07:53:58.707+0000] {logging_mixin.py:188} INFO - [2024-06-24T07:53:58.706+0000] {dagbag.py:545} INFO - Filling up the DagBag from /home/airflow/.local/lib/python3.12/site-packages/airflow/example_dags/example_complex.py
[2024-06-24T07:53:58.711+0000] {processor.py:840} INFO - DAG(s) 'example_complex' retrieved from /home/airflow/.local/lib/python3.12/site-packages/airflow/example_dags/example_complex.py
[2024-06-24T07:53:58.723+0000] {logging_mixin.py:188} INFO - [2024-06-24T07:53:58.723+0000] {dag.py:3096} INFO - Sync 1 DAGs
[2024-06-24T07:53:58.729+0000] {logging_mixin.py:188} INFO - [2024-06-24T07:53:58.728+0000] {dag.py:3954} INFO - Setting next_dagrun for example_complex to None, run_after=None
[2024-06-24T07:53:58.736+0000] {processor.py:183} INFO - Processing /home/airflow/.local/lib/python3.12/site-packages/airflow/example_dags/example_complex.py took 0.034 seconds
[2024-06-24T07:54:29.148+0000] {processor.py:161} INFO - Started process (PID=1327) to work on /home/airflow/.local/lib/python3.12/site-packages/airflow/example_dags/example_complex.py
[2024-06-24T07:54:29.148+0000] {processor.py:830} INFO - Processing file /home/airflow/.local/lib/python3.12/site-packages/airflow/example_dags/example_complex.py for tasks to queue
[2024-06-24T07:54:29.149+0000] {logging_mixin.py:188} INFO - [2024-06-24T07:54:29.149+0000] {dagbag.py:545} INFO - Filling up the DagBag from /home/airflow/.local/lib/python3.12/site-packages/airflow/example_dags/example_complex.py
[2024-06-24T07:54:29.153+0000] {processor.py:840} INFO - DAG(s) 'example_complex' retrieved from /home/airflow/.local/lib/python3.12/site-packages/airflow/example_dags/example_complex.py
[2024-06-24T07:54:29.165+0000] {logging_mixin.py:188} INFO - [2024-06-24T07:54:29.165+0000] {dag.py:3096} INFO - Sync 1 DAGs
[2024-06-24T07:54:29.170+0000] {logging_mixin.py:188} INFO - [2024-06-24T07:54:29.170+0000] {dag.py:3954} INFO - Setting next_dagrun for example_complex to None, run_after=None
[2024-06-24T07:54:29.177+0000] {processor.py:183} INFO - Processing /home/airflow/.local/lib/python3.12/site-packages/airflow/example_dags/example_complex.py took 0.031 seconds
[2024-06-24T07:54:59.689+0000] {processor.py:161} INFO - Started process (PID=1384) to work on /home/airflow/.local/lib/python3.12/site-packages/airflow/example_dags/example_complex.py
[2024-06-24T07:54:59.690+0000] {processor.py:830} INFO - Processing file /home/airflow/.local/lib/python3.12/site-packages/airflow/example_dags/example_complex.py for tasks to queue
[2024-06-24T07:54:59.691+0000] {logging_mixin.py:188} INFO - [2024-06-24T07:54:59.691+0000] {dagbag.py:545} INFO - Filling up the DagBag from /home/airflow/.local/lib/python3.12/site-packages/airflow/example_dags/example_complex.py
[2024-06-24T07:54:59.695+0000] {processor.py:840} INFO - DAG(s) 'example_complex' retrieved from /home/airflow/.local/lib/python3.12/site-packages/airflow/example_dags/example_complex.py
[2024-06-24T07:54:59.707+0000] {logging_mixin.py:188} INFO - [2024-06-24T07:54:59.707+0000] {dag.py:3096} INFO - Sync 1 DAGs
[2024-06-24T07:54:59.712+0000] {logging_mixin.py:188} INFO - [2024-06-24T07:54:59.712+0000] {dag.py:3954} INFO - Setting next_dagrun for example_complex to None, run_after=None
[2024-06-24T07:54:59.719+0000] {processor.py:183} INFO - Processing /home/airflow/.local/lib/python3.12/site-packages/airflow/example_dags/example_complex.py took 0.032 seconds
[2024-06-24T07:55:30.227+0000] {processor.py:161} INFO - Started process (PID=1442) to work on /home/airflow/.local/lib/python3.12/site-packages/airflow/example_dags/example_complex.py
[2024-06-24T07:55:30.229+0000] {processor.py:830} INFO - Processing file /home/airflow/.local/lib/python3.12/site-packages/airflow/example_dags/example_complex.py for tasks to queue
[2024-06-24T07:55:30.232+0000] {logging_mixin.py:188} INFO - [2024-06-24T07:55:30.232+0000] {dagbag.py:545} INFO - Filling up the DagBag from /home/airflow/.local/lib/python3.12/site-packages/airflow/example_dags/example_complex.py
[2024-06-24T07:55:30.237+0000] {processor.py:840} INFO - DAG(s) 'example_complex' retrieved from /home/airflow/.local/lib/python3.12/site-packages/airflow/example_dags/example_complex.py
[2024-06-24T07:55:30.249+0000] {logging_mixin.py:188} INFO - [2024-06-24T07:55:30.249+0000] {dag.py:3096} INFO - Sync 1 DAGs
[2024-06-24T07:55:30.254+0000] {logging_mixin.py:188} INFO - [2024-06-24T07:55:30.253+0000] {dag.py:3954} INFO - Setting next_dagrun for example_complex to None, run_after=None
[2024-06-24T07:55:30.261+0000] {processor.py:183} INFO - Processing /home/airflow/.local/lib/python3.12/site-packages/airflow/example_dags/example_complex.py took 0.036 seconds
[2024-06-24T07:56:00.818+0000] {processor.py:161} INFO - Started process (PID=1500) to work on /home/airflow/.local/lib/python3.12/site-packages/airflow/example_dags/example_complex.py
[2024-06-24T07:56:00.818+0000] {processor.py:830} INFO - Processing file /home/airflow/.local/lib/python3.12/site-packages/airflow/example_dags/example_complex.py for tasks to queue
[2024-06-24T07:56:00.819+0000] {logging_mixin.py:188} INFO - [2024-06-24T07:56:00.819+0000] {dagbag.py:545} INFO - Filling up the DagBag from /home/airflow/.local/lib/python3.12/site-packages/airflow/example_dags/example_complex.py
[2024-06-24T07:56:00.824+0000] {processor.py:840} INFO - DAG(s) 'example_complex' retrieved from /home/airflow/.local/lib/python3.12/site-packages/airflow/example_dags/example_complex.py
[2024-06-24T07:56:00.839+0000] {logging_mixin.py:188} INFO - [2024-06-24T07:56:00.839+0000] {dag.py:3096} INFO - Sync 1 DAGs
[2024-06-24T07:56:00.844+0000] {logging_mixin.py:188} INFO - [2024-06-24T07:56:00.844+0000] {dag.py:3954} INFO - Setting next_dagrun for example_complex to None, run_after=None
[2024-06-24T07:56:00.852+0000] {processor.py:183} INFO - Processing /home/airflow/.local/lib/python3.12/site-packages/airflow/example_dags/example_complex.py took 0.038 seconds
[2024-06-24T07:56:31.434+0000] {processor.py:161} INFO - Started process (PID=1557) to work on /home/airflow/.local/lib/python3.12/site-packages/airflow/example_dags/example_complex.py
[2024-06-24T07:56:31.435+0000] {processor.py:830} INFO - Processing file /home/airflow/.local/lib/python3.12/site-packages/airflow/example_dags/example_complex.py for tasks to queue
[2024-06-24T07:56:31.436+0000] {logging_mixin.py:188} INFO - [2024-06-24T07:56:31.435+0000] {dagbag.py:545} INFO - Filling up the DagBag from /home/airflow/.local/lib/python3.12/site-packages/airflow/example_dags/example_complex.py
[2024-06-24T07:56:31.440+0000] {processor.py:840} INFO - DAG(s) 'example_complex' retrieved from /home/airflow/.local/lib/python3.12/site-packages/airflow/example_dags/example_complex.py
[2024-06-24T07:56:31.453+0000] {logging_mixin.py:188} INFO - [2024-06-24T07:56:31.453+0000] {dag.py:3096} INFO - Sync 1 DAGs
[2024-06-24T07:56:31.458+0000] {logging_mixin.py:188} INFO - [2024-06-24T07:56:31.458+0000] {dag.py:3954} INFO - Setting next_dagrun for example_complex to None, run_after=None
[2024-06-24T07:56:31.466+0000] {processor.py:183} INFO - Processing /home/airflow/.local/lib/python3.12/site-packages/airflow/example_dags/example_complex.py took 0.034 seconds
[2024-06-24T07:57:02.495+0000] {processor.py:161} INFO - Started process (PID=1616) to work on /home/airflow/.local/lib/python3.12/site-packages/airflow/example_dags/example_complex.py
[2024-06-24T07:57:02.495+0000] {processor.py:830} INFO - Processing file /home/airflow/.local/lib/python3.12/site-packages/airflow/example_dags/example_complex.py for tasks to queue
[2024-06-24T07:57:02.496+0000] {logging_mixin.py:188} INFO - [2024-06-24T07:57:02.496+0000] {dagbag.py:545} INFO - Filling up the DagBag from /home/airflow/.local/lib/python3.12/site-packages/airflow/example_dags/example_complex.py
[2024-06-24T07:57:02.500+0000] {processor.py:840} INFO - DAG(s) 'example_complex' retrieved from /home/airflow/.local/lib/python3.12/site-packages/airflow/example_dags/example_complex.py
[2024-06-24T07:57:02.513+0000] {logging_mixin.py:188} INFO - [2024-06-24T07:57:02.513+0000] {dag.py:3096} INFO - Sync 1 DAGs
[2024-06-24T07:57:02.518+0000] {logging_mixin.py:188} INFO - [2024-06-24T07:57:02.518+0000] {dag.py:3954} INFO - Setting next_dagrun for example_complex to None, run_after=None
[2024-06-24T07:57:02.525+0000] {processor.py:183} INFO - Processing /home/airflow/.local/lib/python3.12/site-packages/airflow/example_dags/example_complex.py took 0.033 seconds
[2024-06-24T07:57:33.759+0000] {processor.py:161} INFO - Started process (PID=1674) to work on /home/airflow/.local/lib/python3.12/site-packages/airflow/example_dags/example_complex.py
[2024-06-24T07:57:33.759+0000] {processor.py:830} INFO - Processing file /home/airflow/.local/lib/python3.12/site-packages/airflow/example_dags/example_complex.py for tasks to queue
[2024-06-24T07:57:33.760+0000] {logging_mixin.py:188} INFO - [2024-06-24T07:57:33.760+0000] {dagbag.py:545} INFO - Filling up the DagBag from /home/airflow/.local/lib/python3.12/site-packages/airflow/example_dags/example_complex.py
[2024-06-24T07:57:33.764+0000] {processor.py:840} INFO - DAG(s) 'example_complex' retrieved from /home/airflow/.local/lib/python3.12/site-packages/airflow/example_dags/example_complex.py
[2024-06-24T07:57:33.776+0000] {logging_mixin.py:188} INFO - [2024-06-24T07:57:33.776+0000] {dag.py:3096} INFO - Sync 1 DAGs
[2024-06-24T07:57:33.861+0000] {logging_mixin.py:188} INFO - [2024-06-24T07:57:33.860+0000] {dag.py:3954} INFO - Setting next_dagrun for example_complex to None, run_after=None
[2024-06-24T07:57:33.867+0000] {processor.py:183} INFO - Processing /home/airflow/.local/lib/python3.12/site-packages/airflow/example_dags/example_complex.py took 0.111 seconds
[2024-06-24T07:58:04.719+0000] {processor.py:161} INFO - Started process (PID=1732) to work on /home/airflow/.local/lib/python3.12/site-packages/airflow/example_dags/example_complex.py
[2024-06-24T07:58:04.720+0000] {processor.py:830} INFO - Processing file /home/airflow/.local/lib/python3.12/site-packages/airflow/example_dags/example_complex.py for tasks to queue
[2024-06-24T07:58:04.721+0000] {logging_mixin.py:188} INFO - [2024-06-24T07:58:04.721+0000] {dagbag.py:545} INFO - Filling up the DagBag from /home/airflow/.local/lib/python3.12/site-packages/airflow/example_dags/example_complex.py
[2024-06-24T07:58:04.725+0000] {processor.py:840} INFO - DAG(s) 'example_complex' retrieved from /home/airflow/.local/lib/python3.12/site-packages/airflow/example_dags/example_complex.py
[2024-06-24T07:58:04.737+0000] {logging_mixin.py:188} INFO - [2024-06-24T07:58:04.737+0000] {dag.py:3096} INFO - Sync 1 DAGs
[2024-06-24T07:58:04.820+0000] {logging_mixin.py:188} INFO - [2024-06-24T07:58:04.820+0000] {dag.py:3954} INFO - Setting next_dagrun for example_complex to None, run_after=None
[2024-06-24T07:58:04.827+0000] {processor.py:183} INFO - Processing /home/airflow/.local/lib/python3.12/site-packages/airflow/example_dags/example_complex.py took 0.111 seconds
[2024-06-24T07:58:35.429+0000] {processor.py:161} INFO - Started process (PID=1790) to work on /home/airflow/.local/lib/python3.12/site-packages/airflow/example_dags/example_complex.py
[2024-06-24T07:58:35.430+0000] {processor.py:830} INFO - Processing file /home/airflow/.local/lib/python3.12/site-packages/airflow/example_dags/example_complex.py for tasks to queue
[2024-06-24T07:58:35.431+0000] {logging_mixin.py:188} INFO - [2024-06-24T07:58:35.431+0000] {dagbag.py:545} INFO - Filling up the DagBag from /home/airflow/.local/lib/python3.12/site-packages/airflow/example_dags/example_complex.py
[2024-06-24T07:58:35.435+0000] {processor.py:840} INFO - DAG(s) 'example_complex' retrieved from /home/airflow/.local/lib/python3.12/site-packages/airflow/example_dags/example_complex.py
[2024-06-24T07:58:35.446+0000] {logging_mixin.py:188} INFO - [2024-06-24T07:58:35.446+0000] {dag.py:3096} INFO - Sync 1 DAGs
[2024-06-24T07:58:35.529+0000] {logging_mixin.py:188} INFO - [2024-06-24T07:58:35.529+0000] {dag.py:3954} INFO - Setting next_dagrun for example_complex to None, run_after=None
[2024-06-24T07:58:35.536+0000] {processor.py:183} INFO - Processing /home/airflow/.local/lib/python3.12/site-packages/airflow/example_dags/example_complex.py took 0.109 seconds
[2024-06-24T07:59:05.780+0000] {processor.py:161} INFO - Started process (PID=1848) to work on /home/airflow/.local/lib/python3.12/site-packages/airflow/example_dags/example_complex.py
[2024-06-24T07:59:05.782+0000] {processor.py:830} INFO - Processing file /home/airflow/.local/lib/python3.12/site-packages/airflow/example_dags/example_complex.py for tasks to queue
[2024-06-24T07:59:05.782+0000] {logging_mixin.py:188} INFO - [2024-06-24T07:59:05.782+0000] {dagbag.py:545} INFO - Filling up the DagBag from /home/airflow/.local/lib/python3.12/site-packages/airflow/example_dags/example_complex.py
[2024-06-24T07:59:05.786+0000] {processor.py:840} INFO - DAG(s) 'example_complex' retrieved from /home/airflow/.local/lib/python3.12/site-packages/airflow/example_dags/example_complex.py
[2024-06-24T07:59:05.798+0000] {logging_mixin.py:188} INFO - [2024-06-24T07:59:05.798+0000] {dag.py:3096} INFO - Sync 1 DAGs
[2024-06-24T07:59:05.804+0000] {logging_mixin.py:188} INFO - [2024-06-24T07:59:05.804+0000] {dag.py:3954} INFO - Setting next_dagrun for example_complex to None, run_after=None
[2024-06-24T07:59:05.888+0000] {processor.py:183} INFO - Processing /home/airflow/.local/lib/python3.12/site-packages/airflow/example_dags/example_complex.py took 0.110 seconds
