[2024-06-24T07:43:19.019+0000] {processor.py:161} INFO - Started process (PID=48) to work on /home/airflow/.local/lib/python3.12/site-packages/airflow/example_dags/example_branch_python_dop_operator_3.py
[2024-06-24T07:43:19.020+0000] {processor.py:830} INFO - Processing file /home/airflow/.local/lib/python3.12/site-packages/airflow/example_dags/example_branch_python_dop_operator_3.py for tasks to queue
[2024-06-24T07:43:19.021+0000] {logging_mixin.py:188} INFO - [2024-06-24T07:43:19.021+0000] {dagbag.py:545} INFO - Filling up the DagBag from /home/airflow/.local/lib/python3.12/site-packages/airflow/example_dags/example_branch_python_dop_operator_3.py
[2024-06-24T07:43:19.028+0000] {processor.py:840} INFO - DAG(s) 'example_branch_dop_operator_v3' retrieved from /home/airflow/.local/lib/python3.12/site-packages/airflow/example_dags/example_branch_python_dop_operator_3.py
[2024-06-24T07:43:19.053+0000] {logging_mixin.py:188} INFO - [2024-06-24T07:43:19.052+0000] {dag.py:3096} INFO - Sync 1 DAGs
[2024-06-24T07:43:19.087+0000] {logging_mixin.py:188} INFO - [2024-06-24T07:43:19.087+0000] {dag.py:3954} INFO - Setting next_dagrun for example_branch_dop_operator_v3 to 2024-06-24 07:42:00+00:00, run_after=2024-06-24 07:43:00+00:00
[2024-06-24T07:43:19.101+0000] {processor.py:183} INFO - Processing /home/airflow/.local/lib/python3.12/site-packages/airflow/example_dags/example_branch_python_dop_operator_3.py took 0.086 seconds
[2024-06-24T07:43:50.037+0000] {processor.py:161} INFO - Started process (PID=106) to work on /home/airflow/.local/lib/python3.12/site-packages/airflow/example_dags/example_branch_python_dop_operator_3.py
[2024-06-24T07:43:50.038+0000] {processor.py:830} INFO - Processing file /home/airflow/.local/lib/python3.12/site-packages/airflow/example_dags/example_branch_python_dop_operator_3.py for tasks to queue
[2024-06-24T07:43:50.039+0000] {logging_mixin.py:188} INFO - [2024-06-24T07:43:50.038+0000] {dagbag.py:545} INFO - Filling up the DagBag from /home/airflow/.local/lib/python3.12/site-packages/airflow/example_dags/example_branch_python_dop_operator_3.py
[2024-06-24T07:43:50.042+0000] {processor.py:840} INFO - DAG(s) 'example_branch_dop_operator_v3' retrieved from /home/airflow/.local/lib/python3.12/site-packages/airflow/example_dags/example_branch_python_dop_operator_3.py
[2024-06-24T07:43:50.049+0000] {logging_mixin.py:188} INFO - [2024-06-24T07:43:50.049+0000] {dag.py:3096} INFO - Sync 1 DAGs
[2024-06-24T07:43:50.058+0000] {logging_mixin.py:188} INFO - [2024-06-24T07:43:50.057+0000] {dag.py:3954} INFO - Setting next_dagrun for example_branch_dop_operator_v3 to 2024-06-24 07:42:00+00:00, run_after=2024-06-24 07:43:00+00:00
[2024-06-24T07:43:50.064+0000] {processor.py:183} INFO - Processing /home/airflow/.local/lib/python3.12/site-packages/airflow/example_dags/example_branch_python_dop_operator_3.py took 0.029 seconds
[2024-06-24T07:44:20.372+0000] {processor.py:161} INFO - Started process (PID=164) to work on /home/airflow/.local/lib/python3.12/site-packages/airflow/example_dags/example_branch_python_dop_operator_3.py
[2024-06-24T07:44:20.373+0000] {processor.py:830} INFO - Processing file /home/airflow/.local/lib/python3.12/site-packages/airflow/example_dags/example_branch_python_dop_operator_3.py for tasks to queue
[2024-06-24T07:44:20.373+0000] {logging_mixin.py:188} INFO - [2024-06-24T07:44:20.373+0000] {dagbag.py:545} INFO - Filling up the DagBag from /home/airflow/.local/lib/python3.12/site-packages/airflow/example_dags/example_branch_python_dop_operator_3.py
[2024-06-24T07:44:20.377+0000] {processor.py:840} INFO - DAG(s) 'example_branch_dop_operator_v3' retrieved from /home/airflow/.local/lib/python3.12/site-packages/airflow/example_dags/example_branch_python_dop_operator_3.py
[2024-06-24T07:44:20.384+0000] {logging_mixin.py:188} INFO - [2024-06-24T07:44:20.384+0000] {dag.py:3096} INFO - Sync 1 DAGs
[2024-06-24T07:44:20.393+0000] {logging_mixin.py:188} INFO - [2024-06-24T07:44:20.393+0000] {dag.py:3954} INFO - Setting next_dagrun for example_branch_dop_operator_v3 to 2024-06-24 07:43:00+00:00, run_after=2024-06-24 07:44:00+00:00
[2024-06-24T07:44:20.400+0000] {processor.py:183} INFO - Processing /home/airflow/.local/lib/python3.12/site-packages/airflow/example_dags/example_branch_python_dop_operator_3.py took 0.030 seconds
[2024-06-24T07:44:50.843+0000] {processor.py:161} INFO - Started process (PID=222) to work on /home/airflow/.local/lib/python3.12/site-packages/airflow/example_dags/example_branch_python_dop_operator_3.py
[2024-06-24T07:44:50.843+0000] {processor.py:830} INFO - Processing file /home/airflow/.local/lib/python3.12/site-packages/airflow/example_dags/example_branch_python_dop_operator_3.py for tasks to queue
[2024-06-24T07:44:50.844+0000] {logging_mixin.py:188} INFO - [2024-06-24T07:44:50.844+0000] {dagbag.py:545} INFO - Filling up the DagBag from /home/airflow/.local/lib/python3.12/site-packages/airflow/example_dags/example_branch_python_dop_operator_3.py
[2024-06-24T07:44:50.848+0000] {processor.py:840} INFO - DAG(s) 'example_branch_dop_operator_v3' retrieved from /home/airflow/.local/lib/python3.12/site-packages/airflow/example_dags/example_branch_python_dop_operator_3.py
[2024-06-24T07:44:50.856+0000] {logging_mixin.py:188} INFO - [2024-06-24T07:44:50.856+0000] {dag.py:3096} INFO - Sync 1 DAGs
[2024-06-24T07:44:50.865+0000] {logging_mixin.py:188} INFO - [2024-06-24T07:44:50.865+0000] {dag.py:3954} INFO - Setting next_dagrun for example_branch_dop_operator_v3 to 2024-06-24 07:43:00+00:00, run_after=2024-06-24 07:44:00+00:00
[2024-06-24T07:44:50.871+0000] {processor.py:183} INFO - Processing /home/airflow/.local/lib/python3.12/site-packages/airflow/example_dags/example_branch_python_dop_operator_3.py took 0.031 seconds
[2024-06-24T07:45:21.230+0000] {processor.py:161} INFO - Started process (PID=280) to work on /home/airflow/.local/lib/python3.12/site-packages/airflow/example_dags/example_branch_python_dop_operator_3.py
[2024-06-24T07:45:21.231+0000] {processor.py:830} INFO - Processing file /home/airflow/.local/lib/python3.12/site-packages/airflow/example_dags/example_branch_python_dop_operator_3.py for tasks to queue
[2024-06-24T07:45:21.232+0000] {logging_mixin.py:188} INFO - [2024-06-24T07:45:21.232+0000] {dagbag.py:545} INFO - Filling up the DagBag from /home/airflow/.local/lib/python3.12/site-packages/airflow/example_dags/example_branch_python_dop_operator_3.py
[2024-06-24T07:45:21.238+0000] {processor.py:840} INFO - DAG(s) 'example_branch_dop_operator_v3' retrieved from /home/airflow/.local/lib/python3.12/site-packages/airflow/example_dags/example_branch_python_dop_operator_3.py
[2024-06-24T07:45:21.248+0000] {logging_mixin.py:188} INFO - [2024-06-24T07:45:21.248+0000] {dag.py:3096} INFO - Sync 1 DAGs
[2024-06-24T07:45:21.259+0000] {logging_mixin.py:188} INFO - [2024-06-24T07:45:21.259+0000] {dag.py:3954} INFO - Setting next_dagrun for example_branch_dop_operator_v3 to 2024-06-24 07:44:00+00:00, run_after=2024-06-24 07:45:00+00:00
[2024-06-24T07:45:21.267+0000] {processor.py:183} INFO - Processing /home/airflow/.local/lib/python3.12/site-packages/airflow/example_dags/example_branch_python_dop_operator_3.py took 0.040 seconds
[2024-06-24T07:45:51.696+0000] {processor.py:161} INFO - Started process (PID=337) to work on /home/airflow/.local/lib/python3.12/site-packages/airflow/example_dags/example_branch_python_dop_operator_3.py
[2024-06-24T07:45:51.697+0000] {processor.py:830} INFO - Processing file /home/airflow/.local/lib/python3.12/site-packages/airflow/example_dags/example_branch_python_dop_operator_3.py for tasks to queue
[2024-06-24T07:45:51.697+0000] {logging_mixin.py:188} INFO - [2024-06-24T07:45:51.697+0000] {dagbag.py:545} INFO - Filling up the DagBag from /home/airflow/.local/lib/python3.12/site-packages/airflow/example_dags/example_branch_python_dop_operator_3.py
[2024-06-24T07:45:51.701+0000] {processor.py:840} INFO - DAG(s) 'example_branch_dop_operator_v3' retrieved from /home/airflow/.local/lib/python3.12/site-packages/airflow/example_dags/example_branch_python_dop_operator_3.py
[2024-06-24T07:45:51.708+0000] {logging_mixin.py:188} INFO - [2024-06-24T07:45:51.708+0000] {dag.py:3096} INFO - Sync 1 DAGs
[2024-06-24T07:45:51.717+0000] {logging_mixin.py:188} INFO - [2024-06-24T07:45:51.716+0000] {dag.py:3954} INFO - Setting next_dagrun for example_branch_dop_operator_v3 to 2024-06-24 07:44:00+00:00, run_after=2024-06-24 07:45:00+00:00
[2024-06-24T07:45:51.723+0000] {processor.py:183} INFO - Processing /home/airflow/.local/lib/python3.12/site-packages/airflow/example_dags/example_branch_python_dop_operator_3.py took 0.029 seconds
[2024-06-24T07:46:21.947+0000] {processor.py:161} INFO - Started process (PID=395) to work on /home/airflow/.local/lib/python3.12/site-packages/airflow/example_dags/example_branch_python_dop_operator_3.py
[2024-06-24T07:46:21.948+0000] {processor.py:830} INFO - Processing file /home/airflow/.local/lib/python3.12/site-packages/airflow/example_dags/example_branch_python_dop_operator_3.py for tasks to queue
[2024-06-24T07:46:21.949+0000] {logging_mixin.py:188} INFO - [2024-06-24T07:46:21.949+0000] {dagbag.py:545} INFO - Filling up the DagBag from /home/airflow/.local/lib/python3.12/site-packages/airflow/example_dags/example_branch_python_dop_operator_3.py
[2024-06-24T07:46:21.952+0000] {processor.py:840} INFO - DAG(s) 'example_branch_dop_operator_v3' retrieved from /home/airflow/.local/lib/python3.12/site-packages/airflow/example_dags/example_branch_python_dop_operator_3.py
[2024-06-24T07:46:21.960+0000] {logging_mixin.py:188} INFO - [2024-06-24T07:46:21.960+0000] {dag.py:3096} INFO - Sync 1 DAGs
[2024-06-24T07:46:21.969+0000] {logging_mixin.py:188} INFO - [2024-06-24T07:46:21.969+0000] {dag.py:3954} INFO - Setting next_dagrun for example_branch_dop_operator_v3 to 2024-06-24 07:45:00+00:00, run_after=2024-06-24 07:46:00+00:00
[2024-06-24T07:46:21.975+0000] {processor.py:183} INFO - Processing /home/airflow/.local/lib/python3.12/site-packages/airflow/example_dags/example_branch_python_dop_operator_3.py took 0.030 seconds
[2024-06-24T07:46:52.334+0000] {processor.py:161} INFO - Started process (PID=452) to work on /home/airflow/.local/lib/python3.12/site-packages/airflow/example_dags/example_branch_python_dop_operator_3.py
[2024-06-24T07:46:52.334+0000] {processor.py:830} INFO - Processing file /home/airflow/.local/lib/python3.12/site-packages/airflow/example_dags/example_branch_python_dop_operator_3.py for tasks to queue
[2024-06-24T07:46:52.335+0000] {logging_mixin.py:188} INFO - [2024-06-24T07:46:52.335+0000] {dagbag.py:545} INFO - Filling up the DagBag from /home/airflow/.local/lib/python3.12/site-packages/airflow/example_dags/example_branch_python_dop_operator_3.py
[2024-06-24T07:46:52.339+0000] {processor.py:840} INFO - DAG(s) 'example_branch_dop_operator_v3' retrieved from /home/airflow/.local/lib/python3.12/site-packages/airflow/example_dags/example_branch_python_dop_operator_3.py
[2024-06-24T07:46:52.347+0000] {logging_mixin.py:188} INFO - [2024-06-24T07:46:52.346+0000] {dag.py:3096} INFO - Sync 1 DAGs
[2024-06-24T07:46:52.356+0000] {logging_mixin.py:188} INFO - [2024-06-24T07:46:52.356+0000] {dag.py:3954} INFO - Setting next_dagrun for example_branch_dop_operator_v3 to 2024-06-24 07:45:00+00:00, run_after=2024-06-24 07:46:00+00:00
[2024-06-24T07:46:52.363+0000] {processor.py:183} INFO - Processing /home/airflow/.local/lib/python3.12/site-packages/airflow/example_dags/example_branch_python_dop_operator_3.py took 0.031 seconds
[2024-06-24T07:47:22.750+0000] {processor.py:161} INFO - Started process (PID=510) to work on /home/airflow/.local/lib/python3.12/site-packages/airflow/example_dags/example_branch_python_dop_operator_3.py
[2024-06-24T07:47:22.750+0000] {processor.py:830} INFO - Processing file /home/airflow/.local/lib/python3.12/site-packages/airflow/example_dags/example_branch_python_dop_operator_3.py for tasks to queue
[2024-06-24T07:47:22.751+0000] {logging_mixin.py:188} INFO - [2024-06-24T07:47:22.751+0000] {dagbag.py:545} INFO - Filling up the DagBag from /home/airflow/.local/lib/python3.12/site-packages/airflow/example_dags/example_branch_python_dop_operator_3.py
[2024-06-24T07:47:22.754+0000] {processor.py:840} INFO - DAG(s) 'example_branch_dop_operator_v3' retrieved from /home/airflow/.local/lib/python3.12/site-packages/airflow/example_dags/example_branch_python_dop_operator_3.py
[2024-06-24T07:47:22.762+0000] {logging_mixin.py:188} INFO - [2024-06-24T07:47:22.761+0000] {dag.py:3096} INFO - Sync 1 DAGs
[2024-06-24T07:47:22.770+0000] {logging_mixin.py:188} INFO - [2024-06-24T07:47:22.770+0000] {dag.py:3954} INFO - Setting next_dagrun for example_branch_dop_operator_v3 to 2024-06-24 07:46:00+00:00, run_after=2024-06-24 07:47:00+00:00
[2024-06-24T07:47:22.776+0000] {processor.py:183} INFO - Processing /home/airflow/.local/lib/python3.12/site-packages/airflow/example_dags/example_branch_python_dop_operator_3.py took 0.029 seconds
[2024-06-24T07:47:53.203+0000] {processor.py:161} INFO - Started process (PID=567) to work on /home/airflow/.local/lib/python3.12/site-packages/airflow/example_dags/example_branch_python_dop_operator_3.py
[2024-06-24T07:47:53.204+0000] {processor.py:830} INFO - Processing file /home/airflow/.local/lib/python3.12/site-packages/airflow/example_dags/example_branch_python_dop_operator_3.py for tasks to queue
[2024-06-24T07:47:53.207+0000] {logging_mixin.py:188} INFO - [2024-06-24T07:47:53.207+0000] {dagbag.py:545} INFO - Filling up the DagBag from /home/airflow/.local/lib/python3.12/site-packages/airflow/example_dags/example_branch_python_dop_operator_3.py
[2024-06-24T07:47:53.211+0000] {processor.py:840} INFO - DAG(s) 'example_branch_dop_operator_v3' retrieved from /home/airflow/.local/lib/python3.12/site-packages/airflow/example_dags/example_branch_python_dop_operator_3.py
[2024-06-24T07:47:53.219+0000] {logging_mixin.py:188} INFO - [2024-06-24T07:47:53.219+0000] {dag.py:3096} INFO - Sync 1 DAGs
[2024-06-24T07:47:53.228+0000] {logging_mixin.py:188} INFO - [2024-06-24T07:47:53.228+0000] {dag.py:3954} INFO - Setting next_dagrun for example_branch_dop_operator_v3 to 2024-06-24 07:46:00+00:00, run_after=2024-06-24 07:47:00+00:00
[2024-06-24T07:47:53.234+0000] {processor.py:183} INFO - Processing /home/airflow/.local/lib/python3.12/site-packages/airflow/example_dags/example_branch_python_dop_operator_3.py took 0.033 seconds
[2024-06-24T07:48:23.535+0000] {processor.py:161} INFO - Started process (PID=625) to work on /home/airflow/.local/lib/python3.12/site-packages/airflow/example_dags/example_branch_python_dop_operator_3.py
[2024-06-24T07:48:23.535+0000] {processor.py:830} INFO - Processing file /home/airflow/.local/lib/python3.12/site-packages/airflow/example_dags/example_branch_python_dop_operator_3.py for tasks to queue
[2024-06-24T07:48:23.536+0000] {logging_mixin.py:188} INFO - [2024-06-24T07:48:23.536+0000] {dagbag.py:545} INFO - Filling up the DagBag from /home/airflow/.local/lib/python3.12/site-packages/airflow/example_dags/example_branch_python_dop_operator_3.py
[2024-06-24T07:48:23.540+0000] {processor.py:840} INFO - DAG(s) 'example_branch_dop_operator_v3' retrieved from /home/airflow/.local/lib/python3.12/site-packages/airflow/example_dags/example_branch_python_dop_operator_3.py
[2024-06-24T07:48:23.548+0000] {logging_mixin.py:188} INFO - [2024-06-24T07:48:23.548+0000] {dag.py:3096} INFO - Sync 1 DAGs
[2024-06-24T07:48:23.558+0000] {logging_mixin.py:188} INFO - [2024-06-24T07:48:23.557+0000] {dag.py:3954} INFO - Setting next_dagrun for example_branch_dop_operator_v3 to 2024-06-24 07:47:00+00:00, run_after=2024-06-24 07:48:00+00:00
[2024-06-24T07:48:23.565+0000] {processor.py:183} INFO - Processing /home/airflow/.local/lib/python3.12/site-packages/airflow/example_dags/example_branch_python_dop_operator_3.py took 0.032 seconds
[2024-06-24T07:48:53.971+0000] {processor.py:161} INFO - Started process (PID=683) to work on /home/airflow/.local/lib/python3.12/site-packages/airflow/example_dags/example_branch_python_dop_operator_3.py
[2024-06-24T07:48:53.972+0000] {processor.py:830} INFO - Processing file /home/airflow/.local/lib/python3.12/site-packages/airflow/example_dags/example_branch_python_dop_operator_3.py for tasks to queue
[2024-06-24T07:48:53.974+0000] {logging_mixin.py:188} INFO - [2024-06-24T07:48:53.973+0000] {dagbag.py:545} INFO - Filling up the DagBag from /home/airflow/.local/lib/python3.12/site-packages/airflow/example_dags/example_branch_python_dop_operator_3.py
[2024-06-24T07:48:53.977+0000] {processor.py:840} INFO - DAG(s) 'example_branch_dop_operator_v3' retrieved from /home/airflow/.local/lib/python3.12/site-packages/airflow/example_dags/example_branch_python_dop_operator_3.py
[2024-06-24T07:48:53.986+0000] {logging_mixin.py:188} INFO - [2024-06-24T07:48:53.986+0000] {dag.py:3096} INFO - Sync 1 DAGs
[2024-06-24T07:48:53.996+0000] {logging_mixin.py:188} INFO - [2024-06-24T07:48:53.996+0000] {dag.py:3954} INFO - Setting next_dagrun for example_branch_dop_operator_v3 to 2024-06-24 07:47:00+00:00, run_after=2024-06-24 07:48:00+00:00
[2024-06-24T07:48:54.005+0000] {processor.py:183} INFO - Processing /home/airflow/.local/lib/python3.12/site-packages/airflow/example_dags/example_branch_python_dop_operator_3.py took 0.036 seconds
[2024-06-24T07:49:24.487+0000] {processor.py:161} INFO - Started process (PID=740) to work on /home/airflow/.local/lib/python3.12/site-packages/airflow/example_dags/example_branch_python_dop_operator_3.py
[2024-06-24T07:49:24.488+0000] {processor.py:830} INFO - Processing file /home/airflow/.local/lib/python3.12/site-packages/airflow/example_dags/example_branch_python_dop_operator_3.py for tasks to queue
[2024-06-24T07:49:24.489+0000] {logging_mixin.py:188} INFO - [2024-06-24T07:49:24.489+0000] {dagbag.py:545} INFO - Filling up the DagBag from /home/airflow/.local/lib/python3.12/site-packages/airflow/example_dags/example_branch_python_dop_operator_3.py
[2024-06-24T07:49:24.493+0000] {processor.py:840} INFO - DAG(s) 'example_branch_dop_operator_v3' retrieved from /home/airflow/.local/lib/python3.12/site-packages/airflow/example_dags/example_branch_python_dop_operator_3.py
[2024-06-24T07:49:24.501+0000] {logging_mixin.py:188} INFO - [2024-06-24T07:49:24.501+0000] {dag.py:3096} INFO - Sync 1 DAGs
[2024-06-24T07:49:24.511+0000] {logging_mixin.py:188} INFO - [2024-06-24T07:49:24.511+0000] {dag.py:3954} INFO - Setting next_dagrun for example_branch_dop_operator_v3 to 2024-06-24 07:48:00+00:00, run_after=2024-06-24 07:49:00+00:00
[2024-06-24T07:49:24.519+0000] {processor.py:183} INFO - Processing /home/airflow/.local/lib/python3.12/site-packages/airflow/example_dags/example_branch_python_dop_operator_3.py took 0.034 seconds
[2024-06-24T07:49:55.005+0000] {processor.py:161} INFO - Started process (PID=798) to work on /home/airflow/.local/lib/python3.12/site-packages/airflow/example_dags/example_branch_python_dop_operator_3.py
[2024-06-24T07:49:55.006+0000] {processor.py:830} INFO - Processing file /home/airflow/.local/lib/python3.12/site-packages/airflow/example_dags/example_branch_python_dop_operator_3.py for tasks to queue
[2024-06-24T07:49:55.007+0000] {logging_mixin.py:188} INFO - [2024-06-24T07:49:55.006+0000] {dagbag.py:545} INFO - Filling up the DagBag from /home/airflow/.local/lib/python3.12/site-packages/airflow/example_dags/example_branch_python_dop_operator_3.py
[2024-06-24T07:49:55.010+0000] {processor.py:840} INFO - DAG(s) 'example_branch_dop_operator_v3' retrieved from /home/airflow/.local/lib/python3.12/site-packages/airflow/example_dags/example_branch_python_dop_operator_3.py
[2024-06-24T07:49:55.018+0000] {logging_mixin.py:188} INFO - [2024-06-24T07:49:55.018+0000] {dag.py:3096} INFO - Sync 1 DAGs
[2024-06-24T07:49:55.027+0000] {logging_mixin.py:188} INFO - [2024-06-24T07:49:55.027+0000] {dag.py:3954} INFO - Setting next_dagrun for example_branch_dop_operator_v3 to 2024-06-24 07:48:00+00:00, run_after=2024-06-24 07:49:00+00:00
[2024-06-24T07:49:55.033+0000] {processor.py:183} INFO - Processing /home/airflow/.local/lib/python3.12/site-packages/airflow/example_dags/example_branch_python_dop_operator_3.py took 0.031 seconds
[2024-06-24T07:50:25.469+0000] {processor.py:161} INFO - Started process (PID=856) to work on /home/airflow/.local/lib/python3.12/site-packages/airflow/example_dags/example_branch_python_dop_operator_3.py
[2024-06-24T07:50:25.470+0000] {processor.py:830} INFO - Processing file /home/airflow/.local/lib/python3.12/site-packages/airflow/example_dags/example_branch_python_dop_operator_3.py for tasks to queue
[2024-06-24T07:50:25.471+0000] {logging_mixin.py:188} INFO - [2024-06-24T07:50:25.471+0000] {dagbag.py:545} INFO - Filling up the DagBag from /home/airflow/.local/lib/python3.12/site-packages/airflow/example_dags/example_branch_python_dop_operator_3.py
[2024-06-24T07:50:25.475+0000] {processor.py:840} INFO - DAG(s) 'example_branch_dop_operator_v3' retrieved from /home/airflow/.local/lib/python3.12/site-packages/airflow/example_dags/example_branch_python_dop_operator_3.py
[2024-06-24T07:50:25.484+0000] {logging_mixin.py:188} INFO - [2024-06-24T07:50:25.484+0000] {dag.py:3096} INFO - Sync 1 DAGs
[2024-06-24T07:50:25.494+0000] {logging_mixin.py:188} INFO - [2024-06-24T07:50:25.494+0000] {dag.py:3954} INFO - Setting next_dagrun for example_branch_dop_operator_v3 to 2024-06-24 07:49:00+00:00, run_after=2024-06-24 07:50:00+00:00
[2024-06-24T07:50:25.501+0000] {processor.py:183} INFO - Processing /home/airflow/.local/lib/python3.12/site-packages/airflow/example_dags/example_branch_python_dop_operator_3.py took 0.034 seconds
[2024-06-24T07:50:55.977+0000] {processor.py:161} INFO - Started process (PID=914) to work on /home/airflow/.local/lib/python3.12/site-packages/airflow/example_dags/example_branch_python_dop_operator_3.py
[2024-06-24T07:50:55.977+0000] {processor.py:830} INFO - Processing file /home/airflow/.local/lib/python3.12/site-packages/airflow/example_dags/example_branch_python_dop_operator_3.py for tasks to queue
[2024-06-24T07:50:55.978+0000] {logging_mixin.py:188} INFO - [2024-06-24T07:50:55.978+0000] {dagbag.py:545} INFO - Filling up the DagBag from /home/airflow/.local/lib/python3.12/site-packages/airflow/example_dags/example_branch_python_dop_operator_3.py
[2024-06-24T07:50:55.982+0000] {processor.py:840} INFO - DAG(s) 'example_branch_dop_operator_v3' retrieved from /home/airflow/.local/lib/python3.12/site-packages/airflow/example_dags/example_branch_python_dop_operator_3.py
[2024-06-24T07:50:55.990+0000] {logging_mixin.py:188} INFO - [2024-06-24T07:50:55.990+0000] {dag.py:3096} INFO - Sync 1 DAGs
[2024-06-24T07:50:56.000+0000] {logging_mixin.py:188} INFO - [2024-06-24T07:50:56.000+0000] {dag.py:3954} INFO - Setting next_dagrun for example_branch_dop_operator_v3 to 2024-06-24 07:49:00+00:00, run_after=2024-06-24 07:50:00+00:00
[2024-06-24T07:50:56.007+0000] {processor.py:183} INFO - Processing /home/airflow/.local/lib/python3.12/site-packages/airflow/example_dags/example_branch_python_dop_operator_3.py took 0.033 seconds
[2024-06-24T07:51:26.398+0000] {processor.py:161} INFO - Started process (PID=971) to work on /home/airflow/.local/lib/python3.12/site-packages/airflow/example_dags/example_branch_python_dop_operator_3.py
[2024-06-24T07:51:26.399+0000] {processor.py:830} INFO - Processing file /home/airflow/.local/lib/python3.12/site-packages/airflow/example_dags/example_branch_python_dop_operator_3.py for tasks to queue
[2024-06-24T07:51:26.399+0000] {logging_mixin.py:188} INFO - [2024-06-24T07:51:26.399+0000] {dagbag.py:545} INFO - Filling up the DagBag from /home/airflow/.local/lib/python3.12/site-packages/airflow/example_dags/example_branch_python_dop_operator_3.py
[2024-06-24T07:51:26.403+0000] {processor.py:840} INFO - DAG(s) 'example_branch_dop_operator_v3' retrieved from /home/airflow/.local/lib/python3.12/site-packages/airflow/example_dags/example_branch_python_dop_operator_3.py
[2024-06-24T07:51:26.412+0000] {logging_mixin.py:188} INFO - [2024-06-24T07:51:26.412+0000] {dag.py:3096} INFO - Sync 1 DAGs
[2024-06-24T07:51:26.422+0000] {logging_mixin.py:188} INFO - [2024-06-24T07:51:26.422+0000] {dag.py:3954} INFO - Setting next_dagrun for example_branch_dop_operator_v3 to 2024-06-24 07:50:00+00:00, run_after=2024-06-24 07:51:00+00:00
[2024-06-24T07:51:26.429+0000] {processor.py:183} INFO - Processing /home/airflow/.local/lib/python3.12/site-packages/airflow/example_dags/example_branch_python_dop_operator_3.py took 0.034 seconds
[2024-06-24T07:51:56.801+0000] {processor.py:161} INFO - Started process (PID=1029) to work on /home/airflow/.local/lib/python3.12/site-packages/airflow/example_dags/example_branch_python_dop_operator_3.py
[2024-06-24T07:51:56.801+0000] {processor.py:830} INFO - Processing file /home/airflow/.local/lib/python3.12/site-packages/airflow/example_dags/example_branch_python_dop_operator_3.py for tasks to queue
[2024-06-24T07:51:56.802+0000] {logging_mixin.py:188} INFO - [2024-06-24T07:51:56.802+0000] {dagbag.py:545} INFO - Filling up the DagBag from /home/airflow/.local/lib/python3.12/site-packages/airflow/example_dags/example_branch_python_dop_operator_3.py
[2024-06-24T07:51:56.806+0000] {processor.py:840} INFO - DAG(s) 'example_branch_dop_operator_v3' retrieved from /home/airflow/.local/lib/python3.12/site-packages/airflow/example_dags/example_branch_python_dop_operator_3.py
[2024-06-24T07:51:56.813+0000] {logging_mixin.py:188} INFO - [2024-06-24T07:51:56.813+0000] {dag.py:3096} INFO - Sync 1 DAGs
[2024-06-24T07:51:56.821+0000] {logging_mixin.py:188} INFO - [2024-06-24T07:51:56.821+0000] {dag.py:3954} INFO - Setting next_dagrun for example_branch_dop_operator_v3 to 2024-06-24 07:50:00+00:00, run_after=2024-06-24 07:51:00+00:00
[2024-06-24T07:51:56.828+0000] {processor.py:183} INFO - Processing /home/airflow/.local/lib/python3.12/site-packages/airflow/example_dags/example_branch_python_dop_operator_3.py took 0.029 seconds
[2024-06-24T07:52:27.240+0000] {processor.py:161} INFO - Started process (PID=1087) to work on /home/airflow/.local/lib/python3.12/site-packages/airflow/example_dags/example_branch_python_dop_operator_3.py
[2024-06-24T07:52:27.240+0000] {processor.py:830} INFO - Processing file /home/airflow/.local/lib/python3.12/site-packages/airflow/example_dags/example_branch_python_dop_operator_3.py for tasks to queue
[2024-06-24T07:52:27.241+0000] {logging_mixin.py:188} INFO - [2024-06-24T07:52:27.241+0000] {dagbag.py:545} INFO - Filling up the DagBag from /home/airflow/.local/lib/python3.12/site-packages/airflow/example_dags/example_branch_python_dop_operator_3.py
[2024-06-24T07:52:27.245+0000] {processor.py:840} INFO - DAG(s) 'example_branch_dop_operator_v3' retrieved from /home/airflow/.local/lib/python3.12/site-packages/airflow/example_dags/example_branch_python_dop_operator_3.py
[2024-06-24T07:52:27.252+0000] {logging_mixin.py:188} INFO - [2024-06-24T07:52:27.252+0000] {dag.py:3096} INFO - Sync 1 DAGs
[2024-06-24T07:52:27.261+0000] {logging_mixin.py:188} INFO - [2024-06-24T07:52:27.261+0000] {dag.py:3954} INFO - Setting next_dagrun for example_branch_dop_operator_v3 to 2024-06-24 07:51:00+00:00, run_after=2024-06-24 07:52:00+00:00
[2024-06-24T07:52:27.268+0000] {processor.py:183} INFO - Processing /home/airflow/.local/lib/python3.12/site-packages/airflow/example_dags/example_branch_python_dop_operator_3.py took 0.030 seconds
[2024-06-24T07:52:57.614+0000] {processor.py:161} INFO - Started process (PID=1144) to work on /home/airflow/.local/lib/python3.12/site-packages/airflow/example_dags/example_branch_python_dop_operator_3.py
[2024-06-24T07:52:57.615+0000] {processor.py:830} INFO - Processing file /home/airflow/.local/lib/python3.12/site-packages/airflow/example_dags/example_branch_python_dop_operator_3.py for tasks to queue
[2024-06-24T07:52:57.616+0000] {logging_mixin.py:188} INFO - [2024-06-24T07:52:57.616+0000] {dagbag.py:545} INFO - Filling up the DagBag from /home/airflow/.local/lib/python3.12/site-packages/airflow/example_dags/example_branch_python_dop_operator_3.py
[2024-06-24T07:52:57.619+0000] {processor.py:840} INFO - DAG(s) 'example_branch_dop_operator_v3' retrieved from /home/airflow/.local/lib/python3.12/site-packages/airflow/example_dags/example_branch_python_dop_operator_3.py
[2024-06-24T07:52:57.627+0000] {logging_mixin.py:188} INFO - [2024-06-24T07:52:57.627+0000] {dag.py:3096} INFO - Sync 1 DAGs
[2024-06-24T07:52:57.637+0000] {logging_mixin.py:188} INFO - [2024-06-24T07:52:57.637+0000] {dag.py:3954} INFO - Setting next_dagrun for example_branch_dop_operator_v3 to 2024-06-24 07:51:00+00:00, run_after=2024-06-24 07:52:00+00:00
[2024-06-24T07:52:57.645+0000] {processor.py:183} INFO - Processing /home/airflow/.local/lib/python3.12/site-packages/airflow/example_dags/example_branch_python_dop_operator_3.py took 0.033 seconds
[2024-06-24T07:53:28.069+0000] {processor.py:161} INFO - Started process (PID=1202) to work on /home/airflow/.local/lib/python3.12/site-packages/airflow/example_dags/example_branch_python_dop_operator_3.py
[2024-06-24T07:53:28.070+0000] {processor.py:830} INFO - Processing file /home/airflow/.local/lib/python3.12/site-packages/airflow/example_dags/example_branch_python_dop_operator_3.py for tasks to queue
[2024-06-24T07:53:28.071+0000] {logging_mixin.py:188} INFO - [2024-06-24T07:53:28.071+0000] {dagbag.py:545} INFO - Filling up the DagBag from /home/airflow/.local/lib/python3.12/site-packages/airflow/example_dags/example_branch_python_dop_operator_3.py
[2024-06-24T07:53:28.075+0000] {processor.py:840} INFO - DAG(s) 'example_branch_dop_operator_v3' retrieved from /home/airflow/.local/lib/python3.12/site-packages/airflow/example_dags/example_branch_python_dop_operator_3.py
[2024-06-24T07:53:28.084+0000] {logging_mixin.py:188} INFO - [2024-06-24T07:53:28.084+0000] {dag.py:3096} INFO - Sync 1 DAGs
[2024-06-24T07:53:28.093+0000] {logging_mixin.py:188} INFO - [2024-06-24T07:53:28.093+0000] {dag.py:3954} INFO - Setting next_dagrun for example_branch_dop_operator_v3 to 2024-06-24 07:52:00+00:00, run_after=2024-06-24 07:53:00+00:00
[2024-06-24T07:53:28.100+0000] {processor.py:183} INFO - Processing /home/airflow/.local/lib/python3.12/site-packages/airflow/example_dags/example_branch_python_dop_operator_3.py took 0.034 seconds
[2024-06-24T07:53:58.474+0000] {processor.py:161} INFO - Started process (PID=1260) to work on /home/airflow/.local/lib/python3.12/site-packages/airflow/example_dags/example_branch_python_dop_operator_3.py
[2024-06-24T07:53:58.476+0000] {processor.py:830} INFO - Processing file /home/airflow/.local/lib/python3.12/site-packages/airflow/example_dags/example_branch_python_dop_operator_3.py for tasks to queue
[2024-06-24T07:53:58.477+0000] {logging_mixin.py:188} INFO - [2024-06-24T07:53:58.477+0000] {dagbag.py:545} INFO - Filling up the DagBag from /home/airflow/.local/lib/python3.12/site-packages/airflow/example_dags/example_branch_python_dop_operator_3.py
[2024-06-24T07:53:58.481+0000] {processor.py:840} INFO - DAG(s) 'example_branch_dop_operator_v3' retrieved from /home/airflow/.local/lib/python3.12/site-packages/airflow/example_dags/example_branch_python_dop_operator_3.py
[2024-06-24T07:53:58.489+0000] {logging_mixin.py:188} INFO - [2024-06-24T07:53:58.489+0000] {dag.py:3096} INFO - Sync 1 DAGs
[2024-06-24T07:53:58.499+0000] {logging_mixin.py:188} INFO - [2024-06-24T07:53:58.499+0000] {dag.py:3954} INFO - Setting next_dagrun for example_branch_dop_operator_v3 to 2024-06-24 07:52:00+00:00, run_after=2024-06-24 07:53:00+00:00
[2024-06-24T07:53:58.505+0000] {processor.py:183} INFO - Processing /home/airflow/.local/lib/python3.12/site-packages/airflow/example_dags/example_branch_python_dop_operator_3.py took 0.035 seconds
[2024-06-24T07:54:28.974+0000] {processor.py:161} INFO - Started process (PID=1318) to work on /home/airflow/.local/lib/python3.12/site-packages/airflow/example_dags/example_branch_python_dop_operator_3.py
[2024-06-24T07:54:28.975+0000] {processor.py:830} INFO - Processing file /home/airflow/.local/lib/python3.12/site-packages/airflow/example_dags/example_branch_python_dop_operator_3.py for tasks to queue
[2024-06-24T07:54:28.976+0000] {logging_mixin.py:188} INFO - [2024-06-24T07:54:28.976+0000] {dagbag.py:545} INFO - Filling up the DagBag from /home/airflow/.local/lib/python3.12/site-packages/airflow/example_dags/example_branch_python_dop_operator_3.py
[2024-06-24T07:54:28.980+0000] {processor.py:840} INFO - DAG(s) 'example_branch_dop_operator_v3' retrieved from /home/airflow/.local/lib/python3.12/site-packages/airflow/example_dags/example_branch_python_dop_operator_3.py
[2024-06-24T07:54:28.988+0000] {logging_mixin.py:188} INFO - [2024-06-24T07:54:28.988+0000] {dag.py:3096} INFO - Sync 1 DAGs
[2024-06-24T07:54:28.998+0000] {logging_mixin.py:188} INFO - [2024-06-24T07:54:28.998+0000] {dag.py:3954} INFO - Setting next_dagrun for example_branch_dop_operator_v3 to 2024-06-24 07:53:00+00:00, run_after=2024-06-24 07:54:00+00:00
[2024-06-24T07:54:29.006+0000] {processor.py:183} INFO - Processing /home/airflow/.local/lib/python3.12/site-packages/airflow/example_dags/example_branch_python_dop_operator_3.py took 0.034 seconds
[2024-06-24T07:54:59.459+0000] {processor.py:161} INFO - Started process (PID=1375) to work on /home/airflow/.local/lib/python3.12/site-packages/airflow/example_dags/example_branch_python_dop_operator_3.py
[2024-06-24T07:54:59.460+0000] {processor.py:830} INFO - Processing file /home/airflow/.local/lib/python3.12/site-packages/airflow/example_dags/example_branch_python_dop_operator_3.py for tasks to queue
[2024-06-24T07:54:59.461+0000] {logging_mixin.py:188} INFO - [2024-06-24T07:54:59.461+0000] {dagbag.py:545} INFO - Filling up the DagBag from /home/airflow/.local/lib/python3.12/site-packages/airflow/example_dags/example_branch_python_dop_operator_3.py
[2024-06-24T07:54:59.464+0000] {processor.py:840} INFO - DAG(s) 'example_branch_dop_operator_v3' retrieved from /home/airflow/.local/lib/python3.12/site-packages/airflow/example_dags/example_branch_python_dop_operator_3.py
[2024-06-24T07:54:59.471+0000] {logging_mixin.py:188} INFO - [2024-06-24T07:54:59.471+0000] {dag.py:3096} INFO - Sync 1 DAGs
[2024-06-24T07:54:59.481+0000] {logging_mixin.py:188} INFO - [2024-06-24T07:54:59.481+0000] {dag.py:3954} INFO - Setting next_dagrun for example_branch_dop_operator_v3 to 2024-06-24 07:53:00+00:00, run_after=2024-06-24 07:54:00+00:00
[2024-06-24T07:54:59.487+0000] {processor.py:183} INFO - Processing /home/airflow/.local/lib/python3.12/site-packages/airflow/example_dags/example_branch_python_dop_operator_3.py took 0.031 seconds
[2024-06-24T07:55:29.953+0000] {processor.py:161} INFO - Started process (PID=1433) to work on /home/airflow/.local/lib/python3.12/site-packages/airflow/example_dags/example_branch_python_dop_operator_3.py
[2024-06-24T07:55:29.953+0000] {processor.py:830} INFO - Processing file /home/airflow/.local/lib/python3.12/site-packages/airflow/example_dags/example_branch_python_dop_operator_3.py for tasks to queue
[2024-06-24T07:55:29.954+0000] {logging_mixin.py:188} INFO - [2024-06-24T07:55:29.954+0000] {dagbag.py:545} INFO - Filling up the DagBag from /home/airflow/.local/lib/python3.12/site-packages/airflow/example_dags/example_branch_python_dop_operator_3.py
[2024-06-24T07:55:29.958+0000] {processor.py:840} INFO - DAG(s) 'example_branch_dop_operator_v3' retrieved from /home/airflow/.local/lib/python3.12/site-packages/airflow/example_dags/example_branch_python_dop_operator_3.py
[2024-06-24T07:55:29.965+0000] {logging_mixin.py:188} INFO - [2024-06-24T07:55:29.965+0000] {dag.py:3096} INFO - Sync 1 DAGs
[2024-06-24T07:55:29.975+0000] {logging_mixin.py:188} INFO - [2024-06-24T07:55:29.975+0000] {dag.py:3954} INFO - Setting next_dagrun for example_branch_dop_operator_v3 to 2024-06-24 07:54:00+00:00, run_after=2024-06-24 07:55:00+00:00
[2024-06-24T07:55:29.982+0000] {processor.py:183} INFO - Processing /home/airflow/.local/lib/python3.12/site-packages/airflow/example_dags/example_branch_python_dop_operator_3.py took 0.032 seconds
[2024-06-24T07:56:00.560+0000] {processor.py:161} INFO - Started process (PID=1491) to work on /home/airflow/.local/lib/python3.12/site-packages/airflow/example_dags/example_branch_python_dop_operator_3.py
[2024-06-24T07:56:00.561+0000] {processor.py:830} INFO - Processing file /home/airflow/.local/lib/python3.12/site-packages/airflow/example_dags/example_branch_python_dop_operator_3.py for tasks to queue
[2024-06-24T07:56:00.561+0000] {logging_mixin.py:188} INFO - [2024-06-24T07:56:00.561+0000] {dagbag.py:545} INFO - Filling up the DagBag from /home/airflow/.local/lib/python3.12/site-packages/airflow/example_dags/example_branch_python_dop_operator_3.py
[2024-06-24T07:56:00.565+0000] {processor.py:840} INFO - DAG(s) 'example_branch_dop_operator_v3' retrieved from /home/airflow/.local/lib/python3.12/site-packages/airflow/example_dags/example_branch_python_dop_operator_3.py
[2024-06-24T07:56:00.573+0000] {logging_mixin.py:188} INFO - [2024-06-24T07:56:00.573+0000] {dag.py:3096} INFO - Sync 1 DAGs
[2024-06-24T07:56:00.585+0000] {logging_mixin.py:188} INFO - [2024-06-24T07:56:00.585+0000] {dag.py:3954} INFO - Setting next_dagrun for example_branch_dop_operator_v3 to 2024-06-24 07:55:00+00:00, run_after=2024-06-24 07:56:00+00:00
[2024-06-24T07:56:00.594+0000] {processor.py:183} INFO - Processing /home/airflow/.local/lib/python3.12/site-packages/airflow/example_dags/example_branch_python_dop_operator_3.py took 0.036 seconds
[2024-06-24T07:56:31.229+0000] {processor.py:161} INFO - Started process (PID=1548) to work on /home/airflow/.local/lib/python3.12/site-packages/airflow/example_dags/example_branch_python_dop_operator_3.py
[2024-06-24T07:56:31.230+0000] {processor.py:830} INFO - Processing file /home/airflow/.local/lib/python3.12/site-packages/airflow/example_dags/example_branch_python_dop_operator_3.py for tasks to queue
[2024-06-24T07:56:31.231+0000] {logging_mixin.py:188} INFO - [2024-06-24T07:56:31.231+0000] {dagbag.py:545} INFO - Filling up the DagBag from /home/airflow/.local/lib/python3.12/site-packages/airflow/example_dags/example_branch_python_dop_operator_3.py
[2024-06-24T07:56:31.235+0000] {processor.py:840} INFO - DAG(s) 'example_branch_dop_operator_v3' retrieved from /home/airflow/.local/lib/python3.12/site-packages/airflow/example_dags/example_branch_python_dop_operator_3.py
[2024-06-24T07:56:31.246+0000] {logging_mixin.py:188} INFO - [2024-06-24T07:56:31.246+0000] {dag.py:3096} INFO - Sync 1 DAGs
[2024-06-24T07:56:31.255+0000] {logging_mixin.py:188} INFO - [2024-06-24T07:56:31.255+0000] {dag.py:3954} INFO - Setting next_dagrun for example_branch_dop_operator_v3 to 2024-06-24 07:55:00+00:00, run_after=2024-06-24 07:56:00+00:00
[2024-06-24T07:56:31.262+0000] {processor.py:183} INFO - Processing /home/airflow/.local/lib/python3.12/site-packages/airflow/example_dags/example_branch_python_dop_operator_3.py took 0.035 seconds
[2024-06-24T07:57:02.056+0000] {processor.py:161} INFO - Started process (PID=1606) to work on /home/airflow/.local/lib/python3.12/site-packages/airflow/example_dags/example_branch_python_dop_operator_3.py
[2024-06-24T07:57:02.057+0000] {processor.py:830} INFO - Processing file /home/airflow/.local/lib/python3.12/site-packages/airflow/example_dags/example_branch_python_dop_operator_3.py for tasks to queue
[2024-06-24T07:57:02.058+0000] {logging_mixin.py:188} INFO - [2024-06-24T07:57:02.057+0000] {dagbag.py:545} INFO - Filling up the DagBag from /home/airflow/.local/lib/python3.12/site-packages/airflow/example_dags/example_branch_python_dop_operator_3.py
[2024-06-24T07:57:02.062+0000] {processor.py:840} INFO - DAG(s) 'example_branch_dop_operator_v3' retrieved from /home/airflow/.local/lib/python3.12/site-packages/airflow/example_dags/example_branch_python_dop_operator_3.py
[2024-06-24T07:57:02.069+0000] {logging_mixin.py:188} INFO - [2024-06-24T07:57:02.069+0000] {dag.py:3096} INFO - Sync 1 DAGs
[2024-06-24T07:57:02.151+0000] {logging_mixin.py:188} INFO - [2024-06-24T07:57:02.151+0000] {dag.py:3954} INFO - Setting next_dagrun for example_branch_dop_operator_v3 to 2024-06-24 07:56:00+00:00, run_after=2024-06-24 07:57:00+00:00
[2024-06-24T07:57:02.157+0000] {processor.py:183} INFO - Processing /home/airflow/.local/lib/python3.12/site-packages/airflow/example_dags/example_branch_python_dop_operator_3.py took 0.104 seconds
[2024-06-24T07:57:33.076+0000] {processor.py:161} INFO - Started process (PID=1664) to work on /home/airflow/.local/lib/python3.12/site-packages/airflow/example_dags/example_branch_python_dop_operator_3.py
[2024-06-24T07:57:33.076+0000] {processor.py:830} INFO - Processing file /home/airflow/.local/lib/python3.12/site-packages/airflow/example_dags/example_branch_python_dop_operator_3.py for tasks to queue
[2024-06-24T07:57:33.077+0000] {logging_mixin.py:188} INFO - [2024-06-24T07:57:33.077+0000] {dagbag.py:545} INFO - Filling up the DagBag from /home/airflow/.local/lib/python3.12/site-packages/airflow/example_dags/example_branch_python_dop_operator_3.py
[2024-06-24T07:57:33.081+0000] {processor.py:840} INFO - DAG(s) 'example_branch_dop_operator_v3' retrieved from /home/airflow/.local/lib/python3.12/site-packages/airflow/example_dags/example_branch_python_dop_operator_3.py
[2024-06-24T07:57:33.089+0000] {logging_mixin.py:188} INFO - [2024-06-24T07:57:33.089+0000] {dag.py:3096} INFO - Sync 1 DAGs
[2024-06-24T07:57:33.099+0000] {logging_mixin.py:188} INFO - [2024-06-24T07:57:33.099+0000] {dag.py:3954} INFO - Setting next_dagrun for example_branch_dop_operator_v3 to 2024-06-24 07:56:00+00:00, run_after=2024-06-24 07:57:00+00:00
[2024-06-24T07:57:33.187+0000] {processor.py:183} INFO - Processing /home/airflow/.local/lib/python3.12/site-packages/airflow/example_dags/example_branch_python_dop_operator_3.py took 0.114 seconds
[2024-06-24T07:58:04.164+0000] {processor.py:161} INFO - Started process (PID=1722) to work on /home/airflow/.local/lib/python3.12/site-packages/airflow/example_dags/example_branch_python_dop_operator_3.py
[2024-06-24T07:58:04.166+0000] {processor.py:830} INFO - Processing file /home/airflow/.local/lib/python3.12/site-packages/airflow/example_dags/example_branch_python_dop_operator_3.py for tasks to queue
[2024-06-24T07:58:04.169+0000] {logging_mixin.py:188} INFO - [2024-06-24T07:58:04.169+0000] {dagbag.py:545} INFO - Filling up the DagBag from /home/airflow/.local/lib/python3.12/site-packages/airflow/example_dags/example_branch_python_dop_operator_3.py
[2024-06-24T07:58:04.176+0000] {processor.py:840} INFO - DAG(s) 'example_branch_dop_operator_v3' retrieved from /home/airflow/.local/lib/python3.12/site-packages/airflow/example_dags/example_branch_python_dop_operator_3.py
[2024-06-24T07:58:04.190+0000] {logging_mixin.py:188} INFO - [2024-06-24T07:58:04.189+0000] {dag.py:3096} INFO - Sync 1 DAGs
[2024-06-24T07:58:04.203+0000] {logging_mixin.py:188} INFO - [2024-06-24T07:58:04.203+0000] {dag.py:3954} INFO - Setting next_dagrun for example_branch_dop_operator_v3 to 2024-06-24 07:57:00+00:00, run_after=2024-06-24 07:58:00+00:00
[2024-06-24T07:58:04.211+0000] {processor.py:183} INFO - Processing /home/airflow/.local/lib/python3.12/site-packages/airflow/example_dags/example_branch_python_dop_operator_3.py took 0.054 seconds
[2024-06-24T07:58:34.843+0000] {processor.py:161} INFO - Started process (PID=1780) to work on /home/airflow/.local/lib/python3.12/site-packages/airflow/example_dags/example_branch_python_dop_operator_3.py
[2024-06-24T07:58:34.844+0000] {processor.py:830} INFO - Processing file /home/airflow/.local/lib/python3.12/site-packages/airflow/example_dags/example_branch_python_dop_operator_3.py for tasks to queue
[2024-06-24T07:58:34.846+0000] {logging_mixin.py:188} INFO - [2024-06-24T07:58:34.846+0000] {dagbag.py:545} INFO - Filling up the DagBag from /home/airflow/.local/lib/python3.12/site-packages/airflow/example_dags/example_branch_python_dop_operator_3.py
[2024-06-24T07:58:34.853+0000] {processor.py:840} INFO - DAG(s) 'example_branch_dop_operator_v3' retrieved from /home/airflow/.local/lib/python3.12/site-packages/airflow/example_dags/example_branch_python_dop_operator_3.py
[2024-06-24T07:58:34.866+0000] {logging_mixin.py:188} INFO - [2024-06-24T07:58:34.866+0000] {dag.py:3096} INFO - Sync 1 DAGs
[2024-06-24T07:58:34.877+0000] {logging_mixin.py:188} INFO - [2024-06-24T07:58:34.877+0000] {dag.py:3954} INFO - Setting next_dagrun for example_branch_dop_operator_v3 to 2024-06-24 07:57:00+00:00, run_after=2024-06-24 07:58:00+00:00
[2024-06-24T07:58:34.884+0000] {processor.py:183} INFO - Processing /home/airflow/.local/lib/python3.12/site-packages/airflow/example_dags/example_branch_python_dop_operator_3.py took 0.045 seconds
[2024-06-24T07:59:05.455+0000] {processor.py:161} INFO - Started process (PID=1838) to work on /home/airflow/.local/lib/python3.12/site-packages/airflow/example_dags/example_branch_python_dop_operator_3.py
[2024-06-24T07:59:05.457+0000] {processor.py:830} INFO - Processing file /home/airflow/.local/lib/python3.12/site-packages/airflow/example_dags/example_branch_python_dop_operator_3.py for tasks to queue
[2024-06-24T07:59:05.458+0000] {logging_mixin.py:188} INFO - [2024-06-24T07:59:05.458+0000] {dagbag.py:545} INFO - Filling up the DagBag from /home/airflow/.local/lib/python3.12/site-packages/airflow/example_dags/example_branch_python_dop_operator_3.py
[2024-06-24T07:59:05.466+0000] {processor.py:840} INFO - DAG(s) 'example_branch_dop_operator_v3' retrieved from /home/airflow/.local/lib/python3.12/site-packages/airflow/example_dags/example_branch_python_dop_operator_3.py
[2024-06-24T07:59:05.477+0000] {logging_mixin.py:188} INFO - [2024-06-24T07:59:05.477+0000] {dag.py:3096} INFO - Sync 1 DAGs
[2024-06-24T07:59:05.489+0000] {logging_mixin.py:188} INFO - [2024-06-24T07:59:05.489+0000] {dag.py:3954} INFO - Setting next_dagrun for example_branch_dop_operator_v3 to 2024-06-24 07:58:00+00:00, run_after=2024-06-24 07:59:00+00:00
[2024-06-24T07:59:05.497+0000] {processor.py:183} INFO - Processing /home/airflow/.local/lib/python3.12/site-packages/airflow/example_dags/example_branch_python_dop_operator_3.py took 0.047 seconds
