[2024-06-24T07:43:20.022+0000] {processor.py:161} INFO - Started process (PID=71) to work on /home/airflow/.local/lib/python3.12/site-packages/airflow/example_dags/example_python_operator.py
[2024-06-24T07:43:20.025+0000] {processor.py:830} INFO - Processing file /home/airflow/.local/lib/python3.12/site-packages/airflow/example_dags/example_python_operator.py for tasks to queue
[2024-06-24T07:43:20.027+0000] {logging_mixin.py:188} INFO - [2024-06-24T07:43:20.027+0000] {dagbag.py:545} INFO - Filling up the DagBag from /home/airflow/.local/lib/python3.12/site-packages/airflow/example_dags/example_python_operator.py
[2024-06-24T07:43:20.038+0000] {processor.py:840} INFO - DAG(s) 'example_python_operator' retrieved from /home/airflow/.local/lib/python3.12/site-packages/airflow/example_dags/example_python_operator.py
[2024-06-24T07:43:20.104+0000] {logging_mixin.py:188} INFO - [2024-06-24T07:43:20.104+0000] {dag.py:3096} INFO - Sync 1 DAGs
[2024-06-24T07:43:20.111+0000] {logging_mixin.py:188} INFO - [2024-06-24T07:43:20.111+0000] {dag.py:3954} INFO - Setting next_dagrun for example_python_operator to None, run_after=None
[2024-06-24T07:43:20.126+0000] {processor.py:183} INFO - Processing /home/airflow/.local/lib/python3.12/site-packages/airflow/example_dags/example_python_operator.py took 0.110 seconds
[2024-06-24T07:43:50.518+0000] {processor.py:161} INFO - Started process (PID=129) to work on /home/airflow/.local/lib/python3.12/site-packages/airflow/example_dags/example_python_operator.py
[2024-06-24T07:43:50.518+0000] {processor.py:830} INFO - Processing file /home/airflow/.local/lib/python3.12/site-packages/airflow/example_dags/example_python_operator.py for tasks to queue
[2024-06-24T07:43:50.519+0000] {logging_mixin.py:188} INFO - [2024-06-24T07:43:50.519+0000] {dagbag.py:545} INFO - Filling up the DagBag from /home/airflow/.local/lib/python3.12/site-packages/airflow/example_dags/example_python_operator.py
[2024-06-24T07:43:50.523+0000] {processor.py:840} INFO - DAG(s) 'example_python_operator' retrieved from /home/airflow/.local/lib/python3.12/site-packages/airflow/example_dags/example_python_operator.py
[2024-06-24T07:43:50.531+0000] {logging_mixin.py:188} INFO - [2024-06-24T07:43:50.531+0000] {dag.py:3096} INFO - Sync 1 DAGs
[2024-06-24T07:43:50.535+0000] {logging_mixin.py:188} INFO - [2024-06-24T07:43:50.535+0000] {dag.py:3954} INFO - Setting next_dagrun for example_python_operator to None, run_after=None
[2024-06-24T07:43:50.542+0000] {processor.py:183} INFO - Processing /home/airflow/.local/lib/python3.12/site-packages/airflow/example_dags/example_python_operator.py took 0.026 seconds
[2024-06-24T07:44:20.939+0000] {processor.py:161} INFO - Started process (PID=187) to work on /home/airflow/.local/lib/python3.12/site-packages/airflow/example_dags/example_python_operator.py
[2024-06-24T07:44:20.940+0000] {processor.py:830} INFO - Processing file /home/airflow/.local/lib/python3.12/site-packages/airflow/example_dags/example_python_operator.py for tasks to queue
[2024-06-24T07:44:20.941+0000] {logging_mixin.py:188} INFO - [2024-06-24T07:44:20.941+0000] {dagbag.py:545} INFO - Filling up the DagBag from /home/airflow/.local/lib/python3.12/site-packages/airflow/example_dags/example_python_operator.py
[2024-06-24T07:44:20.945+0000] {processor.py:840} INFO - DAG(s) 'example_python_operator' retrieved from /home/airflow/.local/lib/python3.12/site-packages/airflow/example_dags/example_python_operator.py
[2024-06-24T07:44:20.954+0000] {logging_mixin.py:188} INFO - [2024-06-24T07:44:20.954+0000] {dag.py:3096} INFO - Sync 1 DAGs
[2024-06-24T07:44:20.958+0000] {logging_mixin.py:188} INFO - [2024-06-24T07:44:20.958+0000] {dag.py:3954} INFO - Setting next_dagrun for example_python_operator to None, run_after=None
[2024-06-24T07:44:20.965+0000] {processor.py:183} INFO - Processing /home/airflow/.local/lib/python3.12/site-packages/airflow/example_dags/example_python_operator.py took 0.028 seconds
[2024-06-24T07:44:51.374+0000] {processor.py:161} INFO - Started process (PID=245) to work on /home/airflow/.local/lib/python3.12/site-packages/airflow/example_dags/example_python_operator.py
[2024-06-24T07:44:51.374+0000] {processor.py:830} INFO - Processing file /home/airflow/.local/lib/python3.12/site-packages/airflow/example_dags/example_python_operator.py for tasks to queue
[2024-06-24T07:44:51.375+0000] {logging_mixin.py:188} INFO - [2024-06-24T07:44:51.375+0000] {dagbag.py:545} INFO - Filling up the DagBag from /home/airflow/.local/lib/python3.12/site-packages/airflow/example_dags/example_python_operator.py
[2024-06-24T07:44:51.380+0000] {processor.py:840} INFO - DAG(s) 'example_python_operator' retrieved from /home/airflow/.local/lib/python3.12/site-packages/airflow/example_dags/example_python_operator.py
[2024-06-24T07:44:51.388+0000] {logging_mixin.py:188} INFO - [2024-06-24T07:44:51.388+0000] {dag.py:3096} INFO - Sync 1 DAGs
[2024-06-24T07:44:51.393+0000] {logging_mixin.py:188} INFO - [2024-06-24T07:44:51.393+0000] {dag.py:3954} INFO - Setting next_dagrun for example_python_operator to None, run_after=None
[2024-06-24T07:44:51.400+0000] {processor.py:183} INFO - Processing /home/airflow/.local/lib/python3.12/site-packages/airflow/example_dags/example_python_operator.py took 0.028 seconds
[2024-06-24T07:45:21.827+0000] {processor.py:161} INFO - Started process (PID=303) to work on /home/airflow/.local/lib/python3.12/site-packages/airflow/example_dags/example_python_operator.py
[2024-06-24T07:45:21.828+0000] {processor.py:830} INFO - Processing file /home/airflow/.local/lib/python3.12/site-packages/airflow/example_dags/example_python_operator.py for tasks to queue
[2024-06-24T07:45:21.828+0000] {logging_mixin.py:188} INFO - [2024-06-24T07:45:21.828+0000] {dagbag.py:545} INFO - Filling up the DagBag from /home/airflow/.local/lib/python3.12/site-packages/airflow/example_dags/example_python_operator.py
[2024-06-24T07:45:21.833+0000] {processor.py:840} INFO - DAG(s) 'example_python_operator' retrieved from /home/airflow/.local/lib/python3.12/site-packages/airflow/example_dags/example_python_operator.py
[2024-06-24T07:45:21.842+0000] {logging_mixin.py:188} INFO - [2024-06-24T07:45:21.841+0000] {dag.py:3096} INFO - Sync 1 DAGs
[2024-06-24T07:45:21.847+0000] {logging_mixin.py:188} INFO - [2024-06-24T07:45:21.847+0000] {dag.py:3954} INFO - Setting next_dagrun for example_python_operator to None, run_after=None
[2024-06-24T07:45:21.856+0000] {processor.py:183} INFO - Processing /home/airflow/.local/lib/python3.12/site-packages/airflow/example_dags/example_python_operator.py took 0.032 seconds
[2024-06-24T07:45:52.226+0000] {processor.py:161} INFO - Started process (PID=360) to work on /home/airflow/.local/lib/python3.12/site-packages/airflow/example_dags/example_python_operator.py
[2024-06-24T07:45:52.226+0000] {processor.py:830} INFO - Processing file /home/airflow/.local/lib/python3.12/site-packages/airflow/example_dags/example_python_operator.py for tasks to queue
[2024-06-24T07:45:52.227+0000] {logging_mixin.py:188} INFO - [2024-06-24T07:45:52.227+0000] {dagbag.py:545} INFO - Filling up the DagBag from /home/airflow/.local/lib/python3.12/site-packages/airflow/example_dags/example_python_operator.py
[2024-06-24T07:45:52.232+0000] {processor.py:840} INFO - DAG(s) 'example_python_operator' retrieved from /home/airflow/.local/lib/python3.12/site-packages/airflow/example_dags/example_python_operator.py
[2024-06-24T07:45:52.240+0000] {logging_mixin.py:188} INFO - [2024-06-24T07:45:52.240+0000] {dag.py:3096} INFO - Sync 1 DAGs
[2024-06-24T07:45:52.245+0000] {logging_mixin.py:188} INFO - [2024-06-24T07:45:52.245+0000] {dag.py:3954} INFO - Setting next_dagrun for example_python_operator to None, run_after=None
[2024-06-24T07:45:52.251+0000] {processor.py:183} INFO - Processing /home/airflow/.local/lib/python3.12/site-packages/airflow/example_dags/example_python_operator.py took 0.028 seconds
[2024-06-24T07:46:22.530+0000] {processor.py:161} INFO - Started process (PID=418) to work on /home/airflow/.local/lib/python3.12/site-packages/airflow/example_dags/example_python_operator.py
[2024-06-24T07:46:22.531+0000] {processor.py:830} INFO - Processing file /home/airflow/.local/lib/python3.12/site-packages/airflow/example_dags/example_python_operator.py for tasks to queue
[2024-06-24T07:46:22.531+0000] {logging_mixin.py:188} INFO - [2024-06-24T07:46:22.531+0000] {dagbag.py:545} INFO - Filling up the DagBag from /home/airflow/.local/lib/python3.12/site-packages/airflow/example_dags/example_python_operator.py
[2024-06-24T07:46:22.536+0000] {processor.py:840} INFO - DAG(s) 'example_python_operator' retrieved from /home/airflow/.local/lib/python3.12/site-packages/airflow/example_dags/example_python_operator.py
[2024-06-24T07:46:22.544+0000] {logging_mixin.py:188} INFO - [2024-06-24T07:46:22.544+0000] {dag.py:3096} INFO - Sync 1 DAGs
[2024-06-24T07:46:22.549+0000] {logging_mixin.py:188} INFO - [2024-06-24T07:46:22.549+0000] {dag.py:3954} INFO - Setting next_dagrun for example_python_operator to None, run_after=None
[2024-06-24T07:46:22.556+0000] {processor.py:183} INFO - Processing /home/airflow/.local/lib/python3.12/site-packages/airflow/example_dags/example_python_operator.py took 0.028 seconds
[2024-06-24T07:46:52.936+0000] {processor.py:161} INFO - Started process (PID=475) to work on /home/airflow/.local/lib/python3.12/site-packages/airflow/example_dags/example_python_operator.py
[2024-06-24T07:46:52.937+0000] {processor.py:830} INFO - Processing file /home/airflow/.local/lib/python3.12/site-packages/airflow/example_dags/example_python_operator.py for tasks to queue
[2024-06-24T07:46:52.938+0000] {logging_mixin.py:188} INFO - [2024-06-24T07:46:52.937+0000] {dagbag.py:545} INFO - Filling up the DagBag from /home/airflow/.local/lib/python3.12/site-packages/airflow/example_dags/example_python_operator.py
[2024-06-24T07:46:52.942+0000] {processor.py:840} INFO - DAG(s) 'example_python_operator' retrieved from /home/airflow/.local/lib/python3.12/site-packages/airflow/example_dags/example_python_operator.py
[2024-06-24T07:46:52.951+0000] {logging_mixin.py:188} INFO - [2024-06-24T07:46:52.951+0000] {dag.py:3096} INFO - Sync 1 DAGs
[2024-06-24T07:46:52.956+0000] {logging_mixin.py:188} INFO - [2024-06-24T07:46:52.956+0000] {dag.py:3954} INFO - Setting next_dagrun for example_python_operator to None, run_after=None
[2024-06-24T07:46:52.963+0000] {processor.py:183} INFO - Processing /home/airflow/.local/lib/python3.12/site-packages/airflow/example_dags/example_python_operator.py took 0.029 seconds
[2024-06-24T07:47:23.276+0000] {processor.py:161} INFO - Started process (PID=533) to work on /home/airflow/.local/lib/python3.12/site-packages/airflow/example_dags/example_python_operator.py
[2024-06-24T07:47:23.277+0000] {processor.py:830} INFO - Processing file /home/airflow/.local/lib/python3.12/site-packages/airflow/example_dags/example_python_operator.py for tasks to queue
[2024-06-24T07:47:23.278+0000] {logging_mixin.py:188} INFO - [2024-06-24T07:47:23.277+0000] {dagbag.py:545} INFO - Filling up the DagBag from /home/airflow/.local/lib/python3.12/site-packages/airflow/example_dags/example_python_operator.py
[2024-06-24T07:47:23.282+0000] {processor.py:840} INFO - DAG(s) 'example_python_operator' retrieved from /home/airflow/.local/lib/python3.12/site-packages/airflow/example_dags/example_python_operator.py
[2024-06-24T07:47:23.291+0000] {logging_mixin.py:188} INFO - [2024-06-24T07:47:23.291+0000] {dag.py:3096} INFO - Sync 1 DAGs
[2024-06-24T07:47:23.296+0000] {logging_mixin.py:188} INFO - [2024-06-24T07:47:23.296+0000] {dag.py:3954} INFO - Setting next_dagrun for example_python_operator to None, run_after=None
[2024-06-24T07:47:23.303+0000] {processor.py:183} INFO - Processing /home/airflow/.local/lib/python3.12/site-packages/airflow/example_dags/example_python_operator.py took 0.029 seconds
[2024-06-24T07:47:53.684+0000] {processor.py:161} INFO - Started process (PID=590) to work on /home/airflow/.local/lib/python3.12/site-packages/airflow/example_dags/example_python_operator.py
[2024-06-24T07:47:53.684+0000] {processor.py:830} INFO - Processing file /home/airflow/.local/lib/python3.12/site-packages/airflow/example_dags/example_python_operator.py for tasks to queue
[2024-06-24T07:47:53.685+0000] {logging_mixin.py:188} INFO - [2024-06-24T07:47:53.685+0000] {dagbag.py:545} INFO - Filling up the DagBag from /home/airflow/.local/lib/python3.12/site-packages/airflow/example_dags/example_python_operator.py
[2024-06-24T07:47:53.689+0000] {processor.py:840} INFO - DAG(s) 'example_python_operator' retrieved from /home/airflow/.local/lib/python3.12/site-packages/airflow/example_dags/example_python_operator.py
[2024-06-24T07:47:53.697+0000] {logging_mixin.py:188} INFO - [2024-06-24T07:47:53.697+0000] {dag.py:3096} INFO - Sync 1 DAGs
[2024-06-24T07:47:53.702+0000] {logging_mixin.py:188} INFO - [2024-06-24T07:47:53.702+0000] {dag.py:3954} INFO - Setting next_dagrun for example_python_operator to None, run_after=None
[2024-06-24T07:47:53.708+0000] {processor.py:183} INFO - Processing /home/airflow/.local/lib/python3.12/site-packages/airflow/example_dags/example_python_operator.py took 0.027 seconds
[2024-06-24T07:48:24.154+0000] {processor.py:161} INFO - Started process (PID=648) to work on /home/airflow/.local/lib/python3.12/site-packages/airflow/example_dags/example_python_operator.py
[2024-06-24T07:48:24.155+0000] {processor.py:830} INFO - Processing file /home/airflow/.local/lib/python3.12/site-packages/airflow/example_dags/example_python_operator.py for tasks to queue
[2024-06-24T07:48:24.156+0000] {logging_mixin.py:188} INFO - [2024-06-24T07:48:24.156+0000] {dagbag.py:545} INFO - Filling up the DagBag from /home/airflow/.local/lib/python3.12/site-packages/airflow/example_dags/example_python_operator.py
[2024-06-24T07:48:24.160+0000] {processor.py:840} INFO - DAG(s) 'example_python_operator' retrieved from /home/airflow/.local/lib/python3.12/site-packages/airflow/example_dags/example_python_operator.py
[2024-06-24T07:48:24.169+0000] {logging_mixin.py:188} INFO - [2024-06-24T07:48:24.169+0000] {dag.py:3096} INFO - Sync 1 DAGs
[2024-06-24T07:48:24.174+0000] {logging_mixin.py:188} INFO - [2024-06-24T07:48:24.174+0000] {dag.py:3954} INFO - Setting next_dagrun for example_python_operator to None, run_after=None
[2024-06-24T07:48:24.180+0000] {processor.py:183} INFO - Processing /home/airflow/.local/lib/python3.12/site-packages/airflow/example_dags/example_python_operator.py took 0.028 seconds
[2024-06-24T07:48:54.651+0000] {processor.py:161} INFO - Started process (PID=706) to work on /home/airflow/.local/lib/python3.12/site-packages/airflow/example_dags/example_python_operator.py
[2024-06-24T07:48:54.652+0000] {processor.py:830} INFO - Processing file /home/airflow/.local/lib/python3.12/site-packages/airflow/example_dags/example_python_operator.py for tasks to queue
[2024-06-24T07:48:54.653+0000] {logging_mixin.py:188} INFO - [2024-06-24T07:48:54.653+0000] {dagbag.py:545} INFO - Filling up the DagBag from /home/airflow/.local/lib/python3.12/site-packages/airflow/example_dags/example_python_operator.py
[2024-06-24T07:48:54.658+0000] {processor.py:840} INFO - DAG(s) 'example_python_operator' retrieved from /home/airflow/.local/lib/python3.12/site-packages/airflow/example_dags/example_python_operator.py
[2024-06-24T07:48:54.669+0000] {logging_mixin.py:188} INFO - [2024-06-24T07:48:54.669+0000] {dag.py:3096} INFO - Sync 1 DAGs
[2024-06-24T07:48:54.674+0000] {logging_mixin.py:188} INFO - [2024-06-24T07:48:54.674+0000] {dag.py:3954} INFO - Setting next_dagrun for example_python_operator to None, run_after=None
[2024-06-24T07:48:54.682+0000] {processor.py:183} INFO - Processing /home/airflow/.local/lib/python3.12/site-packages/airflow/example_dags/example_python_operator.py took 0.034 seconds
[2024-06-24T07:49:25.144+0000] {processor.py:161} INFO - Started process (PID=763) to work on /home/airflow/.local/lib/python3.12/site-packages/airflow/example_dags/example_python_operator.py
[2024-06-24T07:49:25.146+0000] {processor.py:830} INFO - Processing file /home/airflow/.local/lib/python3.12/site-packages/airflow/example_dags/example_python_operator.py for tasks to queue
[2024-06-24T07:49:25.147+0000] {logging_mixin.py:188} INFO - [2024-06-24T07:49:25.147+0000] {dagbag.py:545} INFO - Filling up the DagBag from /home/airflow/.local/lib/python3.12/site-packages/airflow/example_dags/example_python_operator.py
[2024-06-24T07:49:25.152+0000] {processor.py:840} INFO - DAG(s) 'example_python_operator' retrieved from /home/airflow/.local/lib/python3.12/site-packages/airflow/example_dags/example_python_operator.py
[2024-06-24T07:49:25.163+0000] {logging_mixin.py:188} INFO - [2024-06-24T07:49:25.163+0000] {dag.py:3096} INFO - Sync 1 DAGs
[2024-06-24T07:49:25.168+0000] {logging_mixin.py:188} INFO - [2024-06-24T07:49:25.168+0000] {dag.py:3954} INFO - Setting next_dagrun for example_python_operator to None, run_after=None
[2024-06-24T07:49:25.175+0000] {processor.py:183} INFO - Processing /home/airflow/.local/lib/python3.12/site-packages/airflow/example_dags/example_python_operator.py took 0.034 seconds
[2024-06-24T07:49:55.557+0000] {processor.py:161} INFO - Started process (PID=821) to work on /home/airflow/.local/lib/python3.12/site-packages/airflow/example_dags/example_python_operator.py
[2024-06-24T07:49:55.558+0000] {processor.py:830} INFO - Processing file /home/airflow/.local/lib/python3.12/site-packages/airflow/example_dags/example_python_operator.py for tasks to queue
[2024-06-24T07:49:55.559+0000] {logging_mixin.py:188} INFO - [2024-06-24T07:49:55.558+0000] {dagbag.py:545} INFO - Filling up the DagBag from /home/airflow/.local/lib/python3.12/site-packages/airflow/example_dags/example_python_operator.py
[2024-06-24T07:49:55.563+0000] {processor.py:840} INFO - DAG(s) 'example_python_operator' retrieved from /home/airflow/.local/lib/python3.12/site-packages/airflow/example_dags/example_python_operator.py
[2024-06-24T07:49:55.572+0000] {logging_mixin.py:188} INFO - [2024-06-24T07:49:55.572+0000] {dag.py:3096} INFO - Sync 1 DAGs
[2024-06-24T07:49:55.577+0000] {logging_mixin.py:188} INFO - [2024-06-24T07:49:55.577+0000] {dag.py:3954} INFO - Setting next_dagrun for example_python_operator to None, run_after=None
[2024-06-24T07:49:55.584+0000] {processor.py:183} INFO - Processing /home/airflow/.local/lib/python3.12/site-packages/airflow/example_dags/example_python_operator.py took 0.029 seconds
[2024-06-24T07:50:25.978+0000] {processor.py:161} INFO - Started process (PID=879) to work on /home/airflow/.local/lib/python3.12/site-packages/airflow/example_dags/example_python_operator.py
[2024-06-24T07:50:25.979+0000] {processor.py:830} INFO - Processing file /home/airflow/.local/lib/python3.12/site-packages/airflow/example_dags/example_python_operator.py for tasks to queue
[2024-06-24T07:50:25.979+0000] {logging_mixin.py:188} INFO - [2024-06-24T07:50:25.979+0000] {dagbag.py:545} INFO - Filling up the DagBag from /home/airflow/.local/lib/python3.12/site-packages/airflow/example_dags/example_python_operator.py
[2024-06-24T07:50:25.984+0000] {processor.py:840} INFO - DAG(s) 'example_python_operator' retrieved from /home/airflow/.local/lib/python3.12/site-packages/airflow/example_dags/example_python_operator.py
[2024-06-24T07:50:25.994+0000] {logging_mixin.py:188} INFO - [2024-06-24T07:50:25.993+0000] {dag.py:3096} INFO - Sync 1 DAGs
[2024-06-24T07:50:25.998+0000] {logging_mixin.py:188} INFO - [2024-06-24T07:50:25.998+0000] {dag.py:3954} INFO - Setting next_dagrun for example_python_operator to None, run_after=None
[2024-06-24T07:50:26.005+0000] {processor.py:183} INFO - Processing /home/airflow/.local/lib/python3.12/site-packages/airflow/example_dags/example_python_operator.py took 0.029 seconds
[2024-06-24T07:50:56.570+0000] {processor.py:161} INFO - Started process (PID=937) to work on /home/airflow/.local/lib/python3.12/site-packages/airflow/example_dags/example_python_operator.py
[2024-06-24T07:50:56.570+0000] {processor.py:830} INFO - Processing file /home/airflow/.local/lib/python3.12/site-packages/airflow/example_dags/example_python_operator.py for tasks to queue
[2024-06-24T07:50:56.571+0000] {logging_mixin.py:188} INFO - [2024-06-24T07:50:56.571+0000] {dagbag.py:545} INFO - Filling up the DagBag from /home/airflow/.local/lib/python3.12/site-packages/airflow/example_dags/example_python_operator.py
[2024-06-24T07:50:56.576+0000] {processor.py:840} INFO - DAG(s) 'example_python_operator' retrieved from /home/airflow/.local/lib/python3.12/site-packages/airflow/example_dags/example_python_operator.py
[2024-06-24T07:50:56.585+0000] {logging_mixin.py:188} INFO - [2024-06-24T07:50:56.585+0000] {dag.py:3096} INFO - Sync 1 DAGs
[2024-06-24T07:50:56.590+0000] {logging_mixin.py:188} INFO - [2024-06-24T07:50:56.590+0000] {dag.py:3954} INFO - Setting next_dagrun for example_python_operator to None, run_after=None
[2024-06-24T07:50:56.598+0000] {processor.py:183} INFO - Processing /home/airflow/.local/lib/python3.12/site-packages/airflow/example_dags/example_python_operator.py took 0.030 seconds
[2024-06-24T07:51:26.906+0000] {processor.py:161} INFO - Started process (PID=994) to work on /home/airflow/.local/lib/python3.12/site-packages/airflow/example_dags/example_python_operator.py
[2024-06-24T07:51:26.907+0000] {processor.py:830} INFO - Processing file /home/airflow/.local/lib/python3.12/site-packages/airflow/example_dags/example_python_operator.py for tasks to queue
[2024-06-24T07:51:26.908+0000] {logging_mixin.py:188} INFO - [2024-06-24T07:51:26.907+0000] {dagbag.py:545} INFO - Filling up the DagBag from /home/airflow/.local/lib/python3.12/site-packages/airflow/example_dags/example_python_operator.py
[2024-06-24T07:51:26.912+0000] {processor.py:840} INFO - DAG(s) 'example_python_operator' retrieved from /home/airflow/.local/lib/python3.12/site-packages/airflow/example_dags/example_python_operator.py
[2024-06-24T07:51:26.922+0000] {logging_mixin.py:188} INFO - [2024-06-24T07:51:26.922+0000] {dag.py:3096} INFO - Sync 1 DAGs
[2024-06-24T07:51:26.928+0000] {logging_mixin.py:188} INFO - [2024-06-24T07:51:26.927+0000] {dag.py:3954} INFO - Setting next_dagrun for example_python_operator to None, run_after=None
[2024-06-24T07:51:26.934+0000] {processor.py:183} INFO - Processing /home/airflow/.local/lib/python3.12/site-packages/airflow/example_dags/example_python_operator.py took 0.031 seconds
[2024-06-24T07:51:57.342+0000] {processor.py:161} INFO - Started process (PID=1052) to work on /home/airflow/.local/lib/python3.12/site-packages/airflow/example_dags/example_python_operator.py
[2024-06-24T07:51:57.342+0000] {processor.py:830} INFO - Processing file /home/airflow/.local/lib/python3.12/site-packages/airflow/example_dags/example_python_operator.py for tasks to queue
[2024-06-24T07:51:57.343+0000] {logging_mixin.py:188} INFO - [2024-06-24T07:51:57.343+0000] {dagbag.py:545} INFO - Filling up the DagBag from /home/airflow/.local/lib/python3.12/site-packages/airflow/example_dags/example_python_operator.py
[2024-06-24T07:51:57.347+0000] {processor.py:840} INFO - DAG(s) 'example_python_operator' retrieved from /home/airflow/.local/lib/python3.12/site-packages/airflow/example_dags/example_python_operator.py
[2024-06-24T07:51:57.356+0000] {logging_mixin.py:188} INFO - [2024-06-24T07:51:57.356+0000] {dag.py:3096} INFO - Sync 1 DAGs
[2024-06-24T07:51:57.361+0000] {logging_mixin.py:188} INFO - [2024-06-24T07:51:57.361+0000] {dag.py:3954} INFO - Setting next_dagrun for example_python_operator to None, run_after=None
[2024-06-24T07:51:57.367+0000] {processor.py:183} INFO - Processing /home/airflow/.local/lib/python3.12/site-packages/airflow/example_dags/example_python_operator.py took 0.028 seconds
[2024-06-24T07:52:27.804+0000] {processor.py:161} INFO - Started process (PID=1110) to work on /home/airflow/.local/lib/python3.12/site-packages/airflow/example_dags/example_python_operator.py
[2024-06-24T07:52:27.805+0000] {processor.py:830} INFO - Processing file /home/airflow/.local/lib/python3.12/site-packages/airflow/example_dags/example_python_operator.py for tasks to queue
[2024-06-24T07:52:27.805+0000] {logging_mixin.py:188} INFO - [2024-06-24T07:52:27.805+0000] {dagbag.py:545} INFO - Filling up the DagBag from /home/airflow/.local/lib/python3.12/site-packages/airflow/example_dags/example_python_operator.py
[2024-06-24T07:52:27.810+0000] {processor.py:840} INFO - DAG(s) 'example_python_operator' retrieved from /home/airflow/.local/lib/python3.12/site-packages/airflow/example_dags/example_python_operator.py
[2024-06-24T07:52:27.820+0000] {logging_mixin.py:188} INFO - [2024-06-24T07:52:27.820+0000] {dag.py:3096} INFO - Sync 1 DAGs
[2024-06-24T07:52:27.825+0000] {logging_mixin.py:188} INFO - [2024-06-24T07:52:27.825+0000] {dag.py:3954} INFO - Setting next_dagrun for example_python_operator to None, run_after=None
[2024-06-24T07:52:27.832+0000] {processor.py:183} INFO - Processing /home/airflow/.local/lib/python3.12/site-packages/airflow/example_dags/example_python_operator.py took 0.030 seconds
[2024-06-24T07:52:58.189+0000] {processor.py:161} INFO - Started process (PID=1167) to work on /home/airflow/.local/lib/python3.12/site-packages/airflow/example_dags/example_python_operator.py
[2024-06-24T07:52:58.190+0000] {processor.py:830} INFO - Processing file /home/airflow/.local/lib/python3.12/site-packages/airflow/example_dags/example_python_operator.py for tasks to queue
[2024-06-24T07:52:58.191+0000] {logging_mixin.py:188} INFO - [2024-06-24T07:52:58.191+0000] {dagbag.py:545} INFO - Filling up the DagBag from /home/airflow/.local/lib/python3.12/site-packages/airflow/example_dags/example_python_operator.py
[2024-06-24T07:52:58.196+0000] {processor.py:840} INFO - DAG(s) 'example_python_operator' retrieved from /home/airflow/.local/lib/python3.12/site-packages/airflow/example_dags/example_python_operator.py
[2024-06-24T07:52:58.205+0000] {logging_mixin.py:188} INFO - [2024-06-24T07:52:58.205+0000] {dag.py:3096} INFO - Sync 1 DAGs
[2024-06-24T07:52:58.211+0000] {logging_mixin.py:188} INFO - [2024-06-24T07:52:58.210+0000] {dag.py:3954} INFO - Setting next_dagrun for example_python_operator to None, run_after=None
[2024-06-24T07:52:58.218+0000] {processor.py:183} INFO - Processing /home/airflow/.local/lib/python3.12/site-packages/airflow/example_dags/example_python_operator.py took 0.031 seconds
[2024-06-24T07:53:28.651+0000] {processor.py:161} INFO - Started process (PID=1225) to work on /home/airflow/.local/lib/python3.12/site-packages/airflow/example_dags/example_python_operator.py
[2024-06-24T07:53:28.651+0000] {processor.py:830} INFO - Processing file /home/airflow/.local/lib/python3.12/site-packages/airflow/example_dags/example_python_operator.py for tasks to queue
[2024-06-24T07:53:28.652+0000] {logging_mixin.py:188} INFO - [2024-06-24T07:53:28.652+0000] {dagbag.py:545} INFO - Filling up the DagBag from /home/airflow/.local/lib/python3.12/site-packages/airflow/example_dags/example_python_operator.py
[2024-06-24T07:53:28.657+0000] {processor.py:840} INFO - DAG(s) 'example_python_operator' retrieved from /home/airflow/.local/lib/python3.12/site-packages/airflow/example_dags/example_python_operator.py
[2024-06-24T07:53:28.666+0000] {logging_mixin.py:188} INFO - [2024-06-24T07:53:28.665+0000] {dag.py:3096} INFO - Sync 1 DAGs
[2024-06-24T07:53:28.671+0000] {logging_mixin.py:188} INFO - [2024-06-24T07:53:28.671+0000] {dag.py:3954} INFO - Setting next_dagrun for example_python_operator to None, run_after=None
[2024-06-24T07:53:28.678+0000] {processor.py:183} INFO - Processing /home/airflow/.local/lib/python3.12/site-packages/airflow/example_dags/example_python_operator.py took 0.030 seconds
[2024-06-24T07:53:59.111+0000] {processor.py:161} INFO - Started process (PID=1283) to work on /home/airflow/.local/lib/python3.12/site-packages/airflow/example_dags/example_python_operator.py
[2024-06-24T07:53:59.111+0000] {processor.py:830} INFO - Processing file /home/airflow/.local/lib/python3.12/site-packages/airflow/example_dags/example_python_operator.py for tasks to queue
[2024-06-24T07:53:59.112+0000] {logging_mixin.py:188} INFO - [2024-06-24T07:53:59.112+0000] {dagbag.py:545} INFO - Filling up the DagBag from /home/airflow/.local/lib/python3.12/site-packages/airflow/example_dags/example_python_operator.py
[2024-06-24T07:53:59.117+0000] {processor.py:840} INFO - DAG(s) 'example_python_operator' retrieved from /home/airflow/.local/lib/python3.12/site-packages/airflow/example_dags/example_python_operator.py
[2024-06-24T07:53:59.126+0000] {logging_mixin.py:188} INFO - [2024-06-24T07:53:59.126+0000] {dag.py:3096} INFO - Sync 1 DAGs
[2024-06-24T07:53:59.132+0000] {logging_mixin.py:188} INFO - [2024-06-24T07:53:59.132+0000] {dag.py:3954} INFO - Setting next_dagrun for example_python_operator to None, run_after=None
[2024-06-24T07:53:59.140+0000] {processor.py:183} INFO - Processing /home/airflow/.local/lib/python3.12/site-packages/airflow/example_dags/example_python_operator.py took 0.031 seconds
[2024-06-24T07:54:29.537+0000] {processor.py:161} INFO - Started process (PID=1341) to work on /home/airflow/.local/lib/python3.12/site-packages/airflow/example_dags/example_python_operator.py
[2024-06-24T07:54:29.537+0000] {processor.py:830} INFO - Processing file /home/airflow/.local/lib/python3.12/site-packages/airflow/example_dags/example_python_operator.py for tasks to queue
[2024-06-24T07:54:29.538+0000] {logging_mixin.py:188} INFO - [2024-06-24T07:54:29.538+0000] {dagbag.py:545} INFO - Filling up the DagBag from /home/airflow/.local/lib/python3.12/site-packages/airflow/example_dags/example_python_operator.py
[2024-06-24T07:54:29.543+0000] {processor.py:840} INFO - DAG(s) 'example_python_operator' retrieved from /home/airflow/.local/lib/python3.12/site-packages/airflow/example_dags/example_python_operator.py
[2024-06-24T07:54:29.553+0000] {logging_mixin.py:188} INFO - [2024-06-24T07:54:29.553+0000] {dag.py:3096} INFO - Sync 1 DAGs
[2024-06-24T07:54:29.558+0000] {logging_mixin.py:188} INFO - [2024-06-24T07:54:29.558+0000] {dag.py:3954} INFO - Setting next_dagrun for example_python_operator to None, run_after=None
[2024-06-24T07:54:29.565+0000] {processor.py:183} INFO - Processing /home/airflow/.local/lib/python3.12/site-packages/airflow/example_dags/example_python_operator.py took 0.031 seconds
[2024-06-24T07:55:00.057+0000] {processor.py:161} INFO - Started process (PID=1398) to work on /home/airflow/.local/lib/python3.12/site-packages/airflow/example_dags/example_python_operator.py
[2024-06-24T07:55:00.058+0000] {processor.py:830} INFO - Processing file /home/airflow/.local/lib/python3.12/site-packages/airflow/example_dags/example_python_operator.py for tasks to queue
[2024-06-24T07:55:00.058+0000] {logging_mixin.py:188} INFO - [2024-06-24T07:55:00.058+0000] {dagbag.py:545} INFO - Filling up the DagBag from /home/airflow/.local/lib/python3.12/site-packages/airflow/example_dags/example_python_operator.py
[2024-06-24T07:55:00.063+0000] {processor.py:840} INFO - DAG(s) 'example_python_operator' retrieved from /home/airflow/.local/lib/python3.12/site-packages/airflow/example_dags/example_python_operator.py
[2024-06-24T07:55:00.072+0000] {logging_mixin.py:188} INFO - [2024-06-24T07:55:00.072+0000] {dag.py:3096} INFO - Sync 1 DAGs
[2024-06-24T07:55:00.077+0000] {logging_mixin.py:188} INFO - [2024-06-24T07:55:00.077+0000] {dag.py:3954} INFO - Setting next_dagrun for example_python_operator to None, run_after=None
[2024-06-24T07:55:00.083+0000] {processor.py:183} INFO - Processing /home/airflow/.local/lib/python3.12/site-packages/airflow/example_dags/example_python_operator.py took 0.029 seconds
[2024-06-24T07:55:30.686+0000] {processor.py:161} INFO - Started process (PID=1456) to work on /home/airflow/.local/lib/python3.12/site-packages/airflow/example_dags/example_python_operator.py
[2024-06-24T07:55:30.687+0000] {processor.py:830} INFO - Processing file /home/airflow/.local/lib/python3.12/site-packages/airflow/example_dags/example_python_operator.py for tasks to queue
[2024-06-24T07:55:30.688+0000] {logging_mixin.py:188} INFO - [2024-06-24T07:55:30.687+0000] {dagbag.py:545} INFO - Filling up the DagBag from /home/airflow/.local/lib/python3.12/site-packages/airflow/example_dags/example_python_operator.py
[2024-06-24T07:55:30.693+0000] {processor.py:840} INFO - DAG(s) 'example_python_operator' retrieved from /home/airflow/.local/lib/python3.12/site-packages/airflow/example_dags/example_python_operator.py
[2024-06-24T07:55:30.704+0000] {logging_mixin.py:188} INFO - [2024-06-24T07:55:30.704+0000] {dag.py:3096} INFO - Sync 1 DAGs
[2024-06-24T07:55:30.711+0000] {logging_mixin.py:188} INFO - [2024-06-24T07:55:30.710+0000] {dag.py:3954} INFO - Setting next_dagrun for example_python_operator to None, run_after=None
[2024-06-24T07:55:30.719+0000] {processor.py:183} INFO - Processing /home/airflow/.local/lib/python3.12/site-packages/airflow/example_dags/example_python_operator.py took 0.036 seconds
[2024-06-24T07:56:01.250+0000] {processor.py:161} INFO - Started process (PID=1514) to work on /home/airflow/.local/lib/python3.12/site-packages/airflow/example_dags/example_python_operator.py
[2024-06-24T07:56:01.251+0000] {processor.py:830} INFO - Processing file /home/airflow/.local/lib/python3.12/site-packages/airflow/example_dags/example_python_operator.py for tasks to queue
[2024-06-24T07:56:01.251+0000] {logging_mixin.py:188} INFO - [2024-06-24T07:56:01.251+0000] {dagbag.py:545} INFO - Filling up the DagBag from /home/airflow/.local/lib/python3.12/site-packages/airflow/example_dags/example_python_operator.py
[2024-06-24T07:56:01.256+0000] {processor.py:840} INFO - DAG(s) 'example_python_operator' retrieved from /home/airflow/.local/lib/python3.12/site-packages/airflow/example_dags/example_python_operator.py
[2024-06-24T07:56:01.265+0000] {logging_mixin.py:188} INFO - [2024-06-24T07:56:01.265+0000] {dag.py:3096} INFO - Sync 1 DAGs
[2024-06-24T07:56:01.270+0000] {logging_mixin.py:188} INFO - [2024-06-24T07:56:01.270+0000] {dag.py:3954} INFO - Setting next_dagrun for example_python_operator to None, run_after=None
[2024-06-24T07:56:01.277+0000] {processor.py:183} INFO - Processing /home/airflow/.local/lib/python3.12/site-packages/airflow/example_dags/example_python_operator.py took 0.030 seconds
[2024-06-24T07:56:31.858+0000] {processor.py:161} INFO - Started process (PID=1571) to work on /home/airflow/.local/lib/python3.12/site-packages/airflow/example_dags/example_python_operator.py
[2024-06-24T07:56:31.859+0000] {processor.py:830} INFO - Processing file /home/airflow/.local/lib/python3.12/site-packages/airflow/example_dags/example_python_operator.py for tasks to queue
[2024-06-24T07:56:31.860+0000] {logging_mixin.py:188} INFO - [2024-06-24T07:56:31.859+0000] {dagbag.py:545} INFO - Filling up the DagBag from /home/airflow/.local/lib/python3.12/site-packages/airflow/example_dags/example_python_operator.py
[2024-06-24T07:56:31.864+0000] {processor.py:840} INFO - DAG(s) 'example_python_operator' retrieved from /home/airflow/.local/lib/python3.12/site-packages/airflow/example_dags/example_python_operator.py
[2024-06-24T07:56:31.874+0000] {logging_mixin.py:188} INFO - [2024-06-24T07:56:31.874+0000] {dag.py:3096} INFO - Sync 1 DAGs
[2024-06-24T07:56:31.879+0000] {logging_mixin.py:188} INFO - [2024-06-24T07:56:31.879+0000] {dag.py:3954} INFO - Setting next_dagrun for example_python_operator to None, run_after=None
[2024-06-24T07:56:31.886+0000] {processor.py:183} INFO - Processing /home/airflow/.local/lib/python3.12/site-packages/airflow/example_dags/example_python_operator.py took 0.031 seconds
[2024-06-24T07:57:02.804+0000] {processor.py:161} INFO - Started process (PID=1629) to work on /home/airflow/.local/lib/python3.12/site-packages/airflow/example_dags/example_python_operator.py
[2024-06-24T07:57:02.804+0000] {processor.py:830} INFO - Processing file /home/airflow/.local/lib/python3.12/site-packages/airflow/example_dags/example_python_operator.py for tasks to queue
[2024-06-24T07:57:02.805+0000] {logging_mixin.py:188} INFO - [2024-06-24T07:57:02.805+0000] {dagbag.py:545} INFO - Filling up the DagBag from /home/airflow/.local/lib/python3.12/site-packages/airflow/example_dags/example_python_operator.py
[2024-06-24T07:57:02.810+0000] {processor.py:840} INFO - DAG(s) 'example_python_operator' retrieved from /home/airflow/.local/lib/python3.12/site-packages/airflow/example_dags/example_python_operator.py
[2024-06-24T07:57:02.817+0000] {logging_mixin.py:188} INFO - [2024-06-24T07:57:02.817+0000] {dag.py:3096} INFO - Sync 1 DAGs
[2024-06-24T07:57:02.822+0000] {logging_mixin.py:188} INFO - [2024-06-24T07:57:02.822+0000] {dag.py:3954} INFO - Setting next_dagrun for example_python_operator to None, run_after=None
[2024-06-24T07:57:02.828+0000] {processor.py:183} INFO - Processing /home/airflow/.local/lib/python3.12/site-packages/airflow/example_dags/example_python_operator.py took 0.027 seconds
[2024-06-24T07:57:34.270+0000] {processor.py:161} INFO - Started process (PID=1687) to work on /home/airflow/.local/lib/python3.12/site-packages/airflow/example_dags/example_python_operator.py
[2024-06-24T07:57:34.271+0000] {processor.py:830} INFO - Processing file /home/airflow/.local/lib/python3.12/site-packages/airflow/example_dags/example_python_operator.py for tasks to queue
[2024-06-24T07:57:34.273+0000] {logging_mixin.py:188} INFO - [2024-06-24T07:57:34.272+0000] {dagbag.py:545} INFO - Filling up the DagBag from /home/airflow/.local/lib/python3.12/site-packages/airflow/example_dags/example_python_operator.py
[2024-06-24T07:57:34.278+0000] {processor.py:840} INFO - DAG(s) 'example_python_operator' retrieved from /home/airflow/.local/lib/python3.12/site-packages/airflow/example_dags/example_python_operator.py
[2024-06-24T07:57:34.287+0000] {logging_mixin.py:188} INFO - [2024-06-24T07:57:34.287+0000] {dag.py:3096} INFO - Sync 1 DAGs
[2024-06-24T07:57:34.292+0000] {logging_mixin.py:188} INFO - [2024-06-24T07:57:34.292+0000] {dag.py:3954} INFO - Setting next_dagrun for example_python_operator to None, run_after=None
[2024-06-24T07:57:34.299+0000] {processor.py:183} INFO - Processing /home/airflow/.local/lib/python3.12/site-packages/airflow/example_dags/example_python_operator.py took 0.032 seconds
[2024-06-24T07:58:05.574+0000] {processor.py:161} INFO - Started process (PID=1745) to work on /home/airflow/.local/lib/python3.12/site-packages/airflow/example_dags/example_python_operator.py
[2024-06-24T07:58:05.574+0000] {processor.py:830} INFO - Processing file /home/airflow/.local/lib/python3.12/site-packages/airflow/example_dags/example_python_operator.py for tasks to queue
[2024-06-24T07:58:05.575+0000] {logging_mixin.py:188} INFO - [2024-06-24T07:58:05.575+0000] {dagbag.py:545} INFO - Filling up the DagBag from /home/airflow/.local/lib/python3.12/site-packages/airflow/example_dags/example_python_operator.py
[2024-06-24T07:58:05.583+0000] {processor.py:840} INFO - DAG(s) 'example_python_operator' retrieved from /home/airflow/.local/lib/python3.12/site-packages/airflow/example_dags/example_python_operator.py
[2024-06-24T07:58:05.676+0000] {logging_mixin.py:188} INFO - [2024-06-24T07:58:05.675+0000] {dag.py:3096} INFO - Sync 1 DAGs
[2024-06-24T07:58:05.680+0000] {logging_mixin.py:188} INFO - [2024-06-24T07:58:05.680+0000] {dag.py:3954} INFO - Setting next_dagrun for example_python_operator to None, run_after=None
[2024-06-24T07:58:05.687+0000] {processor.py:183} INFO - Processing /home/airflow/.local/lib/python3.12/site-packages/airflow/example_dags/example_python_operator.py took 0.116 seconds
[2024-06-24T07:58:36.234+0000] {processor.py:161} INFO - Started process (PID=1803) to work on /home/airflow/.local/lib/python3.12/site-packages/airflow/example_dags/example_python_operator.py
[2024-06-24T07:58:36.234+0000] {processor.py:830} INFO - Processing file /home/airflow/.local/lib/python3.12/site-packages/airflow/example_dags/example_python_operator.py for tasks to queue
[2024-06-24T07:58:36.235+0000] {logging_mixin.py:188} INFO - [2024-06-24T07:58:36.235+0000] {dagbag.py:545} INFO - Filling up the DagBag from /home/airflow/.local/lib/python3.12/site-packages/airflow/example_dags/example_python_operator.py
[2024-06-24T07:58:36.239+0000] {processor.py:840} INFO - DAG(s) 'example_python_operator' retrieved from /home/airflow/.local/lib/python3.12/site-packages/airflow/example_dags/example_python_operator.py
[2024-06-24T07:58:36.309+0000] {logging_mixin.py:188} INFO - [2024-06-24T07:58:36.309+0000] {dag.py:3096} INFO - Sync 1 DAGs
[2024-06-24T07:58:36.313+0000] {logging_mixin.py:188} INFO - [2024-06-24T07:58:36.313+0000] {dag.py:3954} INFO - Setting next_dagrun for example_python_operator to None, run_after=None
[2024-06-24T07:58:36.319+0000] {processor.py:183} INFO - Processing /home/airflow/.local/lib/python3.12/site-packages/airflow/example_dags/example_python_operator.py took 0.087 seconds
[2024-06-24T07:59:06.695+0000] {processor.py:161} INFO - Started process (PID=1861) to work on /home/airflow/.local/lib/python3.12/site-packages/airflow/example_dags/example_python_operator.py
[2024-06-24T07:59:06.696+0000] {processor.py:830} INFO - Processing file /home/airflow/.local/lib/python3.12/site-packages/airflow/example_dags/example_python_operator.py for tasks to queue
[2024-06-24T07:59:06.697+0000] {logging_mixin.py:188} INFO - [2024-06-24T07:59:06.696+0000] {dagbag.py:545} INFO - Filling up the DagBag from /home/airflow/.local/lib/python3.12/site-packages/airflow/example_dags/example_python_operator.py
[2024-06-24T07:59:06.701+0000] {processor.py:840} INFO - DAG(s) 'example_python_operator' retrieved from /home/airflow/.local/lib/python3.12/site-packages/airflow/example_dags/example_python_operator.py
[2024-06-24T07:59:06.710+0000] {logging_mixin.py:188} INFO - [2024-06-24T07:59:06.710+0000] {dag.py:3096} INFO - Sync 1 DAGs
[2024-06-24T07:59:06.795+0000] {logging_mixin.py:188} INFO - [2024-06-24T07:59:06.795+0000] {dag.py:3954} INFO - Setting next_dagrun for example_python_operator to None, run_after=None
[2024-06-24T07:59:06.802+0000] {processor.py:183} INFO - Processing /home/airflow/.local/lib/python3.12/site-packages/airflow/example_dags/example_python_operator.py took 0.109 seconds
