[2024-06-24T07:43:18.463+0000] {processor.py:161} INFO - Started process (PID=35) to work on /home/airflow/.local/lib/python3.12/site-packages/airflow/example_dags/example_setup_teardown.py
[2024-06-24T07:43:18.465+0000] {processor.py:830} INFO - Processing file /home/airflow/.local/lib/python3.12/site-packages/airflow/example_dags/example_setup_teardown.py for tasks to queue
[2024-06-24T07:43:18.467+0000] {logging_mixin.py:188} INFO - [2024-06-24T07:43:18.466+0000] {dagbag.py:545} INFO - Filling up the DagBag from /home/airflow/.local/lib/python3.12/site-packages/airflow/example_dags/example_setup_teardown.py
[2024-06-24T07:43:18.473+0000] {processor.py:840} INFO - DAG(s) 'example_setup_teardown' retrieved from /home/airflow/.local/lib/python3.12/site-packages/airflow/example_dags/example_setup_teardown.py
[2024-06-24T07:43:18.492+0000] {logging_mixin.py:188} INFO - [2024-06-24T07:43:18.491+0000] {dag.py:3096} INFO - Sync 1 DAGs
[2024-06-24T07:43:18.509+0000] {logging_mixin.py:188} INFO - [2024-06-24T07:43:18.509+0000] {dag.py:3954} INFO - Setting next_dagrun for example_setup_teardown to 2024-06-23 00:00:00+00:00, run_after=2024-06-24 00:00:00+00:00
[2024-06-24T07:43:18.519+0000] {processor.py:183} INFO - Processing /home/airflow/.local/lib/python3.12/site-packages/airflow/example_dags/example_setup_teardown.py took 0.061 seconds
[2024-06-24T07:43:48.705+0000] {processor.py:161} INFO - Started process (PID=93) to work on /home/airflow/.local/lib/python3.12/site-packages/airflow/example_dags/example_setup_teardown.py
[2024-06-24T07:43:48.706+0000] {processor.py:830} INFO - Processing file /home/airflow/.local/lib/python3.12/site-packages/airflow/example_dags/example_setup_teardown.py for tasks to queue
[2024-06-24T07:43:48.706+0000] {logging_mixin.py:188} INFO - [2024-06-24T07:43:48.706+0000] {dagbag.py:545} INFO - Filling up the DagBag from /home/airflow/.local/lib/python3.12/site-packages/airflow/example_dags/example_setup_teardown.py
[2024-06-24T07:43:48.709+0000] {processor.py:840} INFO - DAG(s) 'example_setup_teardown' retrieved from /home/airflow/.local/lib/python3.12/site-packages/airflow/example_dags/example_setup_teardown.py
[2024-06-24T07:43:48.717+0000] {logging_mixin.py:188} INFO - [2024-06-24T07:43:48.716+0000] {dag.py:3096} INFO - Sync 1 DAGs
[2024-06-24T07:43:48.725+0000] {logging_mixin.py:188} INFO - [2024-06-24T07:43:48.725+0000] {dag.py:3954} INFO - Setting next_dagrun for example_setup_teardown to 2024-06-23 00:00:00+00:00, run_after=2024-06-24 00:00:00+00:00
[2024-06-24T07:43:48.731+0000] {processor.py:183} INFO - Processing /home/airflow/.local/lib/python3.12/site-packages/airflow/example_dags/example_setup_teardown.py took 0.028 seconds
[2024-06-24T07:44:19.105+0000] {processor.py:161} INFO - Started process (PID=151) to work on /home/airflow/.local/lib/python3.12/site-packages/airflow/example_dags/example_setup_teardown.py
[2024-06-24T07:44:19.106+0000] {processor.py:830} INFO - Processing file /home/airflow/.local/lib/python3.12/site-packages/airflow/example_dags/example_setup_teardown.py for tasks to queue
[2024-06-24T07:44:19.106+0000] {logging_mixin.py:188} INFO - [2024-06-24T07:44:19.106+0000] {dagbag.py:545} INFO - Filling up the DagBag from /home/airflow/.local/lib/python3.12/site-packages/airflow/example_dags/example_setup_teardown.py
[2024-06-24T07:44:19.109+0000] {processor.py:840} INFO - DAG(s) 'example_setup_teardown' retrieved from /home/airflow/.local/lib/python3.12/site-packages/airflow/example_dags/example_setup_teardown.py
[2024-06-24T07:44:19.117+0000] {logging_mixin.py:188} INFO - [2024-06-24T07:44:19.117+0000] {dag.py:3096} INFO - Sync 1 DAGs
[2024-06-24T07:44:19.128+0000] {logging_mixin.py:188} INFO - [2024-06-24T07:44:19.128+0000] {dag.py:3954} INFO - Setting next_dagrun for example_setup_teardown to 2024-06-23 00:00:00+00:00, run_after=2024-06-24 00:00:00+00:00
[2024-06-24T07:44:19.134+0000] {processor.py:183} INFO - Processing /home/airflow/.local/lib/python3.12/site-packages/airflow/example_dags/example_setup_teardown.py took 0.032 seconds
[2024-06-24T07:44:49.542+0000] {processor.py:161} INFO - Started process (PID=209) to work on /home/airflow/.local/lib/python3.12/site-packages/airflow/example_dags/example_setup_teardown.py
[2024-06-24T07:44:49.543+0000] {processor.py:830} INFO - Processing file /home/airflow/.local/lib/python3.12/site-packages/airflow/example_dags/example_setup_teardown.py for tasks to queue
[2024-06-24T07:44:49.544+0000] {logging_mixin.py:188} INFO - [2024-06-24T07:44:49.543+0000] {dagbag.py:545} INFO - Filling up the DagBag from /home/airflow/.local/lib/python3.12/site-packages/airflow/example_dags/example_setup_teardown.py
[2024-06-24T07:44:49.546+0000] {processor.py:840} INFO - DAG(s) 'example_setup_teardown' retrieved from /home/airflow/.local/lib/python3.12/site-packages/airflow/example_dags/example_setup_teardown.py
[2024-06-24T07:44:49.555+0000] {logging_mixin.py:188} INFO - [2024-06-24T07:44:49.555+0000] {dag.py:3096} INFO - Sync 1 DAGs
[2024-06-24T07:44:49.567+0000] {logging_mixin.py:188} INFO - [2024-06-24T07:44:49.566+0000] {dag.py:3954} INFO - Setting next_dagrun for example_setup_teardown to 2024-06-23 00:00:00+00:00, run_after=2024-06-24 00:00:00+00:00
[2024-06-24T07:44:49.573+0000] {processor.py:183} INFO - Processing /home/airflow/.local/lib/python3.12/site-packages/airflow/example_dags/example_setup_teardown.py took 0.033 seconds
[2024-06-24T07:45:19.946+0000] {processor.py:161} INFO - Started process (PID=267) to work on /home/airflow/.local/lib/python3.12/site-packages/airflow/example_dags/example_setup_teardown.py
[2024-06-24T07:45:19.946+0000] {processor.py:830} INFO - Processing file /home/airflow/.local/lib/python3.12/site-packages/airflow/example_dags/example_setup_teardown.py for tasks to queue
[2024-06-24T07:45:19.947+0000] {logging_mixin.py:188} INFO - [2024-06-24T07:45:19.947+0000] {dagbag.py:545} INFO - Filling up the DagBag from /home/airflow/.local/lib/python3.12/site-packages/airflow/example_dags/example_setup_teardown.py
[2024-06-24T07:45:19.950+0000] {processor.py:840} INFO - DAG(s) 'example_setup_teardown' retrieved from /home/airflow/.local/lib/python3.12/site-packages/airflow/example_dags/example_setup_teardown.py
[2024-06-24T07:45:19.958+0000] {logging_mixin.py:188} INFO - [2024-06-24T07:45:19.958+0000] {dag.py:3096} INFO - Sync 1 DAGs
[2024-06-24T07:45:19.966+0000] {logging_mixin.py:188} INFO - [2024-06-24T07:45:19.966+0000] {dag.py:3954} INFO - Setting next_dagrun for example_setup_teardown to 2024-06-23 00:00:00+00:00, run_after=2024-06-24 00:00:00+00:00
[2024-06-24T07:45:19.972+0000] {processor.py:183} INFO - Processing /home/airflow/.local/lib/python3.12/site-packages/airflow/example_dags/example_setup_teardown.py took 0.029 seconds
[2024-06-24T07:45:50.404+0000] {processor.py:161} INFO - Started process (PID=324) to work on /home/airflow/.local/lib/python3.12/site-packages/airflow/example_dags/example_setup_teardown.py
[2024-06-24T07:45:50.404+0000] {processor.py:830} INFO - Processing file /home/airflow/.local/lib/python3.12/site-packages/airflow/example_dags/example_setup_teardown.py for tasks to queue
[2024-06-24T07:45:50.405+0000] {logging_mixin.py:188} INFO - [2024-06-24T07:45:50.405+0000] {dagbag.py:545} INFO - Filling up the DagBag from /home/airflow/.local/lib/python3.12/site-packages/airflow/example_dags/example_setup_teardown.py
[2024-06-24T07:45:50.408+0000] {processor.py:840} INFO - DAG(s) 'example_setup_teardown' retrieved from /home/airflow/.local/lib/python3.12/site-packages/airflow/example_dags/example_setup_teardown.py
[2024-06-24T07:45:50.416+0000] {logging_mixin.py:188} INFO - [2024-06-24T07:45:50.416+0000] {dag.py:3096} INFO - Sync 1 DAGs
[2024-06-24T07:45:50.425+0000] {logging_mixin.py:188} INFO - [2024-06-24T07:45:50.424+0000] {dag.py:3954} INFO - Setting next_dagrun for example_setup_teardown to 2024-06-23 00:00:00+00:00, run_after=2024-06-24 00:00:00+00:00
[2024-06-24T07:45:50.431+0000] {processor.py:183} INFO - Processing /home/airflow/.local/lib/python3.12/site-packages/airflow/example_dags/example_setup_teardown.py took 0.030 seconds
[2024-06-24T07:46:20.656+0000] {processor.py:161} INFO - Started process (PID=382) to work on /home/airflow/.local/lib/python3.12/site-packages/airflow/example_dags/example_setup_teardown.py
[2024-06-24T07:46:20.656+0000] {processor.py:830} INFO - Processing file /home/airflow/.local/lib/python3.12/site-packages/airflow/example_dags/example_setup_teardown.py for tasks to queue
[2024-06-24T07:46:20.657+0000] {logging_mixin.py:188} INFO - [2024-06-24T07:46:20.657+0000] {dagbag.py:545} INFO - Filling up the DagBag from /home/airflow/.local/lib/python3.12/site-packages/airflow/example_dags/example_setup_teardown.py
[2024-06-24T07:46:20.660+0000] {processor.py:840} INFO - DAG(s) 'example_setup_teardown' retrieved from /home/airflow/.local/lib/python3.12/site-packages/airflow/example_dags/example_setup_teardown.py
[2024-06-24T07:46:20.668+0000] {logging_mixin.py:188} INFO - [2024-06-24T07:46:20.667+0000] {dag.py:3096} INFO - Sync 1 DAGs
[2024-06-24T07:46:20.676+0000] {logging_mixin.py:188} INFO - [2024-06-24T07:46:20.676+0000] {dag.py:3954} INFO - Setting next_dagrun for example_setup_teardown to 2024-06-23 00:00:00+00:00, run_after=2024-06-24 00:00:00+00:00
[2024-06-24T07:46:20.682+0000] {processor.py:183} INFO - Processing /home/airflow/.local/lib/python3.12/site-packages/airflow/example_dags/example_setup_teardown.py took 0.029 seconds
[2024-06-24T07:46:51.056+0000] {processor.py:161} INFO - Started process (PID=439) to work on /home/airflow/.local/lib/python3.12/site-packages/airflow/example_dags/example_setup_teardown.py
[2024-06-24T07:46:51.057+0000] {processor.py:830} INFO - Processing file /home/airflow/.local/lib/python3.12/site-packages/airflow/example_dags/example_setup_teardown.py for tasks to queue
[2024-06-24T07:46:51.058+0000] {logging_mixin.py:188} INFO - [2024-06-24T07:46:51.058+0000] {dagbag.py:545} INFO - Filling up the DagBag from /home/airflow/.local/lib/python3.12/site-packages/airflow/example_dags/example_setup_teardown.py
[2024-06-24T07:46:51.061+0000] {processor.py:840} INFO - DAG(s) 'example_setup_teardown' retrieved from /home/airflow/.local/lib/python3.12/site-packages/airflow/example_dags/example_setup_teardown.py
[2024-06-24T07:46:51.070+0000] {logging_mixin.py:188} INFO - [2024-06-24T07:46:51.070+0000] {dag.py:3096} INFO - Sync 1 DAGs
[2024-06-24T07:46:51.079+0000] {logging_mixin.py:188} INFO - [2024-06-24T07:46:51.079+0000] {dag.py:3954} INFO - Setting next_dagrun for example_setup_teardown to 2024-06-23 00:00:00+00:00, run_after=2024-06-24 00:00:00+00:00
[2024-06-24T07:46:51.085+0000] {processor.py:183} INFO - Processing /home/airflow/.local/lib/python3.12/site-packages/airflow/example_dags/example_setup_teardown.py took 0.032 seconds
[2024-06-24T07:47:21.460+0000] {processor.py:161} INFO - Started process (PID=497) to work on /home/airflow/.local/lib/python3.12/site-packages/airflow/example_dags/example_setup_teardown.py
[2024-06-24T07:47:21.461+0000] {processor.py:830} INFO - Processing file /home/airflow/.local/lib/python3.12/site-packages/airflow/example_dags/example_setup_teardown.py for tasks to queue
[2024-06-24T07:47:21.462+0000] {logging_mixin.py:188} INFO - [2024-06-24T07:47:21.462+0000] {dagbag.py:545} INFO - Filling up the DagBag from /home/airflow/.local/lib/python3.12/site-packages/airflow/example_dags/example_setup_teardown.py
[2024-06-24T07:47:21.465+0000] {processor.py:840} INFO - DAG(s) 'example_setup_teardown' retrieved from /home/airflow/.local/lib/python3.12/site-packages/airflow/example_dags/example_setup_teardown.py
[2024-06-24T07:47:21.473+0000] {logging_mixin.py:188} INFO - [2024-06-24T07:47:21.473+0000] {dag.py:3096} INFO - Sync 1 DAGs
[2024-06-24T07:47:21.481+0000] {logging_mixin.py:188} INFO - [2024-06-24T07:47:21.481+0000] {dag.py:3954} INFO - Setting next_dagrun for example_setup_teardown to 2024-06-23 00:00:00+00:00, run_after=2024-06-24 00:00:00+00:00
[2024-06-24T07:47:21.487+0000] {processor.py:183} INFO - Processing /home/airflow/.local/lib/python3.12/site-packages/airflow/example_dags/example_setup_teardown.py took 0.030 seconds
[2024-06-24T07:47:51.822+0000] {processor.py:161} INFO - Started process (PID=554) to work on /home/airflow/.local/lib/python3.12/site-packages/airflow/example_dags/example_setup_teardown.py
[2024-06-24T07:47:51.823+0000] {processor.py:830} INFO - Processing file /home/airflow/.local/lib/python3.12/site-packages/airflow/example_dags/example_setup_teardown.py for tasks to queue
[2024-06-24T07:47:51.824+0000] {logging_mixin.py:188} INFO - [2024-06-24T07:47:51.824+0000] {dagbag.py:545} INFO - Filling up the DagBag from /home/airflow/.local/lib/python3.12/site-packages/airflow/example_dags/example_setup_teardown.py
[2024-06-24T07:47:51.826+0000] {processor.py:840} INFO - DAG(s) 'example_setup_teardown' retrieved from /home/airflow/.local/lib/python3.12/site-packages/airflow/example_dags/example_setup_teardown.py
[2024-06-24T07:47:51.835+0000] {logging_mixin.py:188} INFO - [2024-06-24T07:47:51.835+0000] {dag.py:3096} INFO - Sync 1 DAGs
[2024-06-24T07:47:51.843+0000] {logging_mixin.py:188} INFO - [2024-06-24T07:47:51.843+0000] {dag.py:3954} INFO - Setting next_dagrun for example_setup_teardown to 2024-06-23 00:00:00+00:00, run_after=2024-06-24 00:00:00+00:00
[2024-06-24T07:47:51.850+0000] {processor.py:183} INFO - Processing /home/airflow/.local/lib/python3.12/site-packages/airflow/example_dags/example_setup_teardown.py took 0.030 seconds
[2024-06-24T07:48:22.214+0000] {processor.py:161} INFO - Started process (PID=612) to work on /home/airflow/.local/lib/python3.12/site-packages/airflow/example_dags/example_setup_teardown.py
[2024-06-24T07:48:22.215+0000] {processor.py:830} INFO - Processing file /home/airflow/.local/lib/python3.12/site-packages/airflow/example_dags/example_setup_teardown.py for tasks to queue
[2024-06-24T07:48:22.216+0000] {logging_mixin.py:188} INFO - [2024-06-24T07:48:22.216+0000] {dagbag.py:545} INFO - Filling up the DagBag from /home/airflow/.local/lib/python3.12/site-packages/airflow/example_dags/example_setup_teardown.py
[2024-06-24T07:48:22.219+0000] {processor.py:840} INFO - DAG(s) 'example_setup_teardown' retrieved from /home/airflow/.local/lib/python3.12/site-packages/airflow/example_dags/example_setup_teardown.py
[2024-06-24T07:48:22.228+0000] {logging_mixin.py:188} INFO - [2024-06-24T07:48:22.227+0000] {dag.py:3096} INFO - Sync 1 DAGs
[2024-06-24T07:48:22.237+0000] {logging_mixin.py:188} INFO - [2024-06-24T07:48:22.237+0000] {dag.py:3954} INFO - Setting next_dagrun for example_setup_teardown to 2024-06-23 00:00:00+00:00, run_after=2024-06-24 00:00:00+00:00
[2024-06-24T07:48:22.244+0000] {processor.py:183} INFO - Processing /home/airflow/.local/lib/python3.12/site-packages/airflow/example_dags/example_setup_teardown.py took 0.032 seconds
[2024-06-24T07:48:52.715+0000] {processor.py:161} INFO - Started process (PID=670) to work on /home/airflow/.local/lib/python3.12/site-packages/airflow/example_dags/example_setup_teardown.py
[2024-06-24T07:48:52.715+0000] {processor.py:830} INFO - Processing file /home/airflow/.local/lib/python3.12/site-packages/airflow/example_dags/example_setup_teardown.py for tasks to queue
[2024-06-24T07:48:52.716+0000] {logging_mixin.py:188} INFO - [2024-06-24T07:48:52.716+0000] {dagbag.py:545} INFO - Filling up the DagBag from /home/airflow/.local/lib/python3.12/site-packages/airflow/example_dags/example_setup_teardown.py
[2024-06-24T07:48:52.719+0000] {processor.py:840} INFO - DAG(s) 'example_setup_teardown' retrieved from /home/airflow/.local/lib/python3.12/site-packages/airflow/example_dags/example_setup_teardown.py
[2024-06-24T07:48:52.726+0000] {logging_mixin.py:188} INFO - [2024-06-24T07:48:52.726+0000] {dag.py:3096} INFO - Sync 1 DAGs
[2024-06-24T07:48:52.734+0000] {logging_mixin.py:188} INFO - [2024-06-24T07:48:52.734+0000] {dag.py:3954} INFO - Setting next_dagrun for example_setup_teardown to 2024-06-23 00:00:00+00:00, run_after=2024-06-24 00:00:00+00:00
[2024-06-24T07:48:52.741+0000] {processor.py:183} INFO - Processing /home/airflow/.local/lib/python3.12/site-packages/airflow/example_dags/example_setup_teardown.py took 0.028 seconds
[2024-06-24T07:49:23.225+0000] {processor.py:161} INFO - Started process (PID=727) to work on /home/airflow/.local/lib/python3.12/site-packages/airflow/example_dags/example_setup_teardown.py
[2024-06-24T07:49:23.226+0000] {processor.py:830} INFO - Processing file /home/airflow/.local/lib/python3.12/site-packages/airflow/example_dags/example_setup_teardown.py for tasks to queue
[2024-06-24T07:49:23.227+0000] {logging_mixin.py:188} INFO - [2024-06-24T07:49:23.227+0000] {dagbag.py:545} INFO - Filling up the DagBag from /home/airflow/.local/lib/python3.12/site-packages/airflow/example_dags/example_setup_teardown.py
[2024-06-24T07:49:23.230+0000] {processor.py:840} INFO - DAG(s) 'example_setup_teardown' retrieved from /home/airflow/.local/lib/python3.12/site-packages/airflow/example_dags/example_setup_teardown.py
[2024-06-24T07:49:23.238+0000] {logging_mixin.py:188} INFO - [2024-06-24T07:49:23.238+0000] {dag.py:3096} INFO - Sync 1 DAGs
[2024-06-24T07:49:23.247+0000] {logging_mixin.py:188} INFO - [2024-06-24T07:49:23.247+0000] {dag.py:3954} INFO - Setting next_dagrun for example_setup_teardown to 2024-06-23 00:00:00+00:00, run_after=2024-06-24 00:00:00+00:00
[2024-06-24T07:49:23.254+0000] {processor.py:183} INFO - Processing /home/airflow/.local/lib/python3.12/site-packages/airflow/example_dags/example_setup_teardown.py took 0.031 seconds
[2024-06-24T07:49:53.679+0000] {processor.py:161} INFO - Started process (PID=785) to work on /home/airflow/.local/lib/python3.12/site-packages/airflow/example_dags/example_setup_teardown.py
[2024-06-24T07:49:53.679+0000] {processor.py:830} INFO - Processing file /home/airflow/.local/lib/python3.12/site-packages/airflow/example_dags/example_setup_teardown.py for tasks to queue
[2024-06-24T07:49:53.680+0000] {logging_mixin.py:188} INFO - [2024-06-24T07:49:53.680+0000] {dagbag.py:545} INFO - Filling up the DagBag from /home/airflow/.local/lib/python3.12/site-packages/airflow/example_dags/example_setup_teardown.py
[2024-06-24T07:49:53.682+0000] {processor.py:840} INFO - DAG(s) 'example_setup_teardown' retrieved from /home/airflow/.local/lib/python3.12/site-packages/airflow/example_dags/example_setup_teardown.py
[2024-06-24T07:49:53.690+0000] {logging_mixin.py:188} INFO - [2024-06-24T07:49:53.690+0000] {dag.py:3096} INFO - Sync 1 DAGs
[2024-06-24T07:49:53.698+0000] {logging_mixin.py:188} INFO - [2024-06-24T07:49:53.698+0000] {dag.py:3954} INFO - Setting next_dagrun for example_setup_teardown to 2024-06-23 00:00:00+00:00, run_after=2024-06-24 00:00:00+00:00
[2024-06-24T07:49:53.704+0000] {processor.py:183} INFO - Processing /home/airflow/.local/lib/python3.12/site-packages/airflow/example_dags/example_setup_teardown.py took 0.028 seconds
[2024-06-24T07:50:24.155+0000] {processor.py:161} INFO - Started process (PID=843) to work on /home/airflow/.local/lib/python3.12/site-packages/airflow/example_dags/example_setup_teardown.py
[2024-06-24T07:50:24.156+0000] {processor.py:830} INFO - Processing file /home/airflow/.local/lib/python3.12/site-packages/airflow/example_dags/example_setup_teardown.py for tasks to queue
[2024-06-24T07:50:24.157+0000] {logging_mixin.py:188} INFO - [2024-06-24T07:50:24.156+0000] {dagbag.py:545} INFO - Filling up the DagBag from /home/airflow/.local/lib/python3.12/site-packages/airflow/example_dags/example_setup_teardown.py
[2024-06-24T07:50:24.159+0000] {processor.py:840} INFO - DAG(s) 'example_setup_teardown' retrieved from /home/airflow/.local/lib/python3.12/site-packages/airflow/example_dags/example_setup_teardown.py
[2024-06-24T07:50:24.168+0000] {logging_mixin.py:188} INFO - [2024-06-24T07:50:24.168+0000] {dag.py:3096} INFO - Sync 1 DAGs
[2024-06-24T07:50:24.176+0000] {logging_mixin.py:188} INFO - [2024-06-24T07:50:24.176+0000] {dag.py:3954} INFO - Setting next_dagrun for example_setup_teardown to 2024-06-23 00:00:00+00:00, run_after=2024-06-24 00:00:00+00:00
[2024-06-24T07:50:24.182+0000] {processor.py:183} INFO - Processing /home/airflow/.local/lib/python3.12/site-packages/airflow/example_dags/example_setup_teardown.py took 0.029 seconds
[2024-06-24T07:50:54.602+0000] {processor.py:161} INFO - Started process (PID=901) to work on /home/airflow/.local/lib/python3.12/site-packages/airflow/example_dags/example_setup_teardown.py
[2024-06-24T07:50:54.617+0000] {processor.py:830} INFO - Processing file /home/airflow/.local/lib/python3.12/site-packages/airflow/example_dags/example_setup_teardown.py for tasks to queue
[2024-06-24T07:50:54.618+0000] {logging_mixin.py:188} INFO - [2024-06-24T07:50:54.618+0000] {dagbag.py:545} INFO - Filling up the DagBag from /home/airflow/.local/lib/python3.12/site-packages/airflow/example_dags/example_setup_teardown.py
[2024-06-24T07:50:54.621+0000] {processor.py:840} INFO - DAG(s) 'example_setup_teardown' retrieved from /home/airflow/.local/lib/python3.12/site-packages/airflow/example_dags/example_setup_teardown.py
[2024-06-24T07:50:54.628+0000] {logging_mixin.py:188} INFO - [2024-06-24T07:50:54.628+0000] {dag.py:3096} INFO - Sync 1 DAGs
[2024-06-24T07:50:54.637+0000] {logging_mixin.py:188} INFO - [2024-06-24T07:50:54.637+0000] {dag.py:3954} INFO - Setting next_dagrun for example_setup_teardown to 2024-06-23 00:00:00+00:00, run_after=2024-06-24 00:00:00+00:00
[2024-06-24T07:50:54.644+0000] {processor.py:183} INFO - Processing /home/airflow/.local/lib/python3.12/site-packages/airflow/example_dags/example_setup_teardown.py took 0.045 seconds
[2024-06-24T07:51:25.079+0000] {processor.py:161} INFO - Started process (PID=958) to work on /home/airflow/.local/lib/python3.12/site-packages/airflow/example_dags/example_setup_teardown.py
[2024-06-24T07:51:25.080+0000] {processor.py:830} INFO - Processing file /home/airflow/.local/lib/python3.12/site-packages/airflow/example_dags/example_setup_teardown.py for tasks to queue
[2024-06-24T07:51:25.080+0000] {logging_mixin.py:188} INFO - [2024-06-24T07:51:25.080+0000] {dagbag.py:545} INFO - Filling up the DagBag from /home/airflow/.local/lib/python3.12/site-packages/airflow/example_dags/example_setup_teardown.py
[2024-06-24T07:51:25.083+0000] {processor.py:840} INFO - DAG(s) 'example_setup_teardown' retrieved from /home/airflow/.local/lib/python3.12/site-packages/airflow/example_dags/example_setup_teardown.py
[2024-06-24T07:51:25.091+0000] {logging_mixin.py:188} INFO - [2024-06-24T07:51:25.091+0000] {dag.py:3096} INFO - Sync 1 DAGs
[2024-06-24T07:51:25.100+0000] {logging_mixin.py:188} INFO - [2024-06-24T07:51:25.100+0000] {dag.py:3954} INFO - Setting next_dagrun for example_setup_teardown to 2024-06-23 00:00:00+00:00, run_after=2024-06-24 00:00:00+00:00
[2024-06-24T07:51:25.106+0000] {processor.py:183} INFO - Processing /home/airflow/.local/lib/python3.12/site-packages/airflow/example_dags/example_setup_teardown.py took 0.029 seconds
[2024-06-24T07:51:55.510+0000] {processor.py:161} INFO - Started process (PID=1016) to work on /home/airflow/.local/lib/python3.12/site-packages/airflow/example_dags/example_setup_teardown.py
[2024-06-24T07:51:55.510+0000] {processor.py:830} INFO - Processing file /home/airflow/.local/lib/python3.12/site-packages/airflow/example_dags/example_setup_teardown.py for tasks to queue
[2024-06-24T07:51:55.511+0000] {logging_mixin.py:188} INFO - [2024-06-24T07:51:55.511+0000] {dagbag.py:545} INFO - Filling up the DagBag from /home/airflow/.local/lib/python3.12/site-packages/airflow/example_dags/example_setup_teardown.py
[2024-06-24T07:51:55.514+0000] {processor.py:840} INFO - DAG(s) 'example_setup_teardown' retrieved from /home/airflow/.local/lib/python3.12/site-packages/airflow/example_dags/example_setup_teardown.py
[2024-06-24T07:51:55.522+0000] {logging_mixin.py:188} INFO - [2024-06-24T07:51:55.522+0000] {dag.py:3096} INFO - Sync 1 DAGs
[2024-06-24T07:51:55.530+0000] {logging_mixin.py:188} INFO - [2024-06-24T07:51:55.530+0000] {dag.py:3954} INFO - Setting next_dagrun for example_setup_teardown to 2024-06-23 00:00:00+00:00, run_after=2024-06-24 00:00:00+00:00
[2024-06-24T07:51:55.536+0000] {processor.py:183} INFO - Processing /home/airflow/.local/lib/python3.12/site-packages/airflow/example_dags/example_setup_teardown.py took 0.029 seconds
[2024-06-24T07:52:25.867+0000] {processor.py:161} INFO - Started process (PID=1074) to work on /home/airflow/.local/lib/python3.12/site-packages/airflow/example_dags/example_setup_teardown.py
[2024-06-24T07:52:25.868+0000] {processor.py:830} INFO - Processing file /home/airflow/.local/lib/python3.12/site-packages/airflow/example_dags/example_setup_teardown.py for tasks to queue
[2024-06-24T07:52:25.868+0000] {logging_mixin.py:188} INFO - [2024-06-24T07:52:25.868+0000] {dagbag.py:545} INFO - Filling up the DagBag from /home/airflow/.local/lib/python3.12/site-packages/airflow/example_dags/example_setup_teardown.py
[2024-06-24T07:52:25.871+0000] {processor.py:840} INFO - DAG(s) 'example_setup_teardown' retrieved from /home/airflow/.local/lib/python3.12/site-packages/airflow/example_dags/example_setup_teardown.py
[2024-06-24T07:52:25.880+0000] {logging_mixin.py:188} INFO - [2024-06-24T07:52:25.880+0000] {dag.py:3096} INFO - Sync 1 DAGs
[2024-06-24T07:52:25.889+0000] {logging_mixin.py:188} INFO - [2024-06-24T07:52:25.889+0000] {dag.py:3954} INFO - Setting next_dagrun for example_setup_teardown to 2024-06-23 00:00:00+00:00, run_after=2024-06-24 00:00:00+00:00
[2024-06-24T07:52:25.899+0000] {processor.py:183} INFO - Processing /home/airflow/.local/lib/python3.12/site-packages/airflow/example_dags/example_setup_teardown.py took 0.035 seconds
[2024-06-24T07:52:56.331+0000] {processor.py:161} INFO - Started process (PID=1131) to work on /home/airflow/.local/lib/python3.12/site-packages/airflow/example_dags/example_setup_teardown.py
[2024-06-24T07:52:56.332+0000] {processor.py:830} INFO - Processing file /home/airflow/.local/lib/python3.12/site-packages/airflow/example_dags/example_setup_teardown.py for tasks to queue
[2024-06-24T07:52:56.333+0000] {logging_mixin.py:188} INFO - [2024-06-24T07:52:56.332+0000] {dagbag.py:545} INFO - Filling up the DagBag from /home/airflow/.local/lib/python3.12/site-packages/airflow/example_dags/example_setup_teardown.py
[2024-06-24T07:52:56.336+0000] {processor.py:840} INFO - DAG(s) 'example_setup_teardown' retrieved from /home/airflow/.local/lib/python3.12/site-packages/airflow/example_dags/example_setup_teardown.py
[2024-06-24T07:52:56.344+0000] {logging_mixin.py:188} INFO - [2024-06-24T07:52:56.344+0000] {dag.py:3096} INFO - Sync 1 DAGs
[2024-06-24T07:52:56.353+0000] {logging_mixin.py:188} INFO - [2024-06-24T07:52:56.353+0000] {dag.py:3954} INFO - Setting next_dagrun for example_setup_teardown to 2024-06-23 00:00:00+00:00, run_after=2024-06-24 00:00:00+00:00
[2024-06-24T07:52:56.359+0000] {processor.py:183} INFO - Processing /home/airflow/.local/lib/python3.12/site-packages/airflow/example_dags/example_setup_teardown.py took 0.031 seconds
[2024-06-24T07:53:26.763+0000] {processor.py:161} INFO - Started process (PID=1189) to work on /home/airflow/.local/lib/python3.12/site-packages/airflow/example_dags/example_setup_teardown.py
[2024-06-24T07:53:26.763+0000] {processor.py:830} INFO - Processing file /home/airflow/.local/lib/python3.12/site-packages/airflow/example_dags/example_setup_teardown.py for tasks to queue
[2024-06-24T07:53:26.764+0000] {logging_mixin.py:188} INFO - [2024-06-24T07:53:26.764+0000] {dagbag.py:545} INFO - Filling up the DagBag from /home/airflow/.local/lib/python3.12/site-packages/airflow/example_dags/example_setup_teardown.py
[2024-06-24T07:53:26.766+0000] {processor.py:840} INFO - DAG(s) 'example_setup_teardown' retrieved from /home/airflow/.local/lib/python3.12/site-packages/airflow/example_dags/example_setup_teardown.py
[2024-06-24T07:53:26.774+0000] {logging_mixin.py:188} INFO - [2024-06-24T07:53:26.774+0000] {dag.py:3096} INFO - Sync 1 DAGs
[2024-06-24T07:53:26.782+0000] {logging_mixin.py:188} INFO - [2024-06-24T07:53:26.782+0000] {dag.py:3954} INFO - Setting next_dagrun for example_setup_teardown to 2024-06-23 00:00:00+00:00, run_after=2024-06-24 00:00:00+00:00
[2024-06-24T07:53:26.788+0000] {processor.py:183} INFO - Processing /home/airflow/.local/lib/python3.12/site-packages/airflow/example_dags/example_setup_teardown.py took 0.028 seconds
[2024-06-24T07:53:57.174+0000] {processor.py:161} INFO - Started process (PID=1247) to work on /home/airflow/.local/lib/python3.12/site-packages/airflow/example_dags/example_setup_teardown.py
[2024-06-24T07:53:57.175+0000] {processor.py:830} INFO - Processing file /home/airflow/.local/lib/python3.12/site-packages/airflow/example_dags/example_setup_teardown.py for tasks to queue
[2024-06-24T07:53:57.175+0000] {logging_mixin.py:188} INFO - [2024-06-24T07:53:57.175+0000] {dagbag.py:545} INFO - Filling up the DagBag from /home/airflow/.local/lib/python3.12/site-packages/airflow/example_dags/example_setup_teardown.py
[2024-06-24T07:53:57.178+0000] {processor.py:840} INFO - DAG(s) 'example_setup_teardown' retrieved from /home/airflow/.local/lib/python3.12/site-packages/airflow/example_dags/example_setup_teardown.py
[2024-06-24T07:53:57.187+0000] {logging_mixin.py:188} INFO - [2024-06-24T07:53:57.187+0000] {dag.py:3096} INFO - Sync 1 DAGs
[2024-06-24T07:53:57.196+0000] {logging_mixin.py:188} INFO - [2024-06-24T07:53:57.196+0000] {dag.py:3954} INFO - Setting next_dagrun for example_setup_teardown to 2024-06-23 00:00:00+00:00, run_after=2024-06-24 00:00:00+00:00
[2024-06-24T07:53:57.202+0000] {processor.py:183} INFO - Processing /home/airflow/.local/lib/python3.12/site-packages/airflow/example_dags/example_setup_teardown.py took 0.031 seconds
[2024-06-24T07:54:27.651+0000] {processor.py:161} INFO - Started process (PID=1305) to work on /home/airflow/.local/lib/python3.12/site-packages/airflow/example_dags/example_setup_teardown.py
[2024-06-24T07:54:27.652+0000] {processor.py:830} INFO - Processing file /home/airflow/.local/lib/python3.12/site-packages/airflow/example_dags/example_setup_teardown.py for tasks to queue
[2024-06-24T07:54:27.653+0000] {logging_mixin.py:188} INFO - [2024-06-24T07:54:27.653+0000] {dagbag.py:545} INFO - Filling up the DagBag from /home/airflow/.local/lib/python3.12/site-packages/airflow/example_dags/example_setup_teardown.py
[2024-06-24T07:54:27.657+0000] {processor.py:840} INFO - DAG(s) 'example_setup_teardown' retrieved from /home/airflow/.local/lib/python3.12/site-packages/airflow/example_dags/example_setup_teardown.py
[2024-06-24T07:54:27.666+0000] {logging_mixin.py:188} INFO - [2024-06-24T07:54:27.666+0000] {dag.py:3096} INFO - Sync 1 DAGs
[2024-06-24T07:54:27.675+0000] {logging_mixin.py:188} INFO - [2024-06-24T07:54:27.675+0000] {dag.py:3954} INFO - Setting next_dagrun for example_setup_teardown to 2024-06-23 00:00:00+00:00, run_after=2024-06-24 00:00:00+00:00
[2024-06-24T07:54:27.683+0000] {processor.py:183} INFO - Processing /home/airflow/.local/lib/python3.12/site-packages/airflow/example_dags/example_setup_teardown.py took 0.035 seconds
[2024-06-24T07:54:58.056+0000] {processor.py:161} INFO - Started process (PID=1362) to work on /home/airflow/.local/lib/python3.12/site-packages/airflow/example_dags/example_setup_teardown.py
[2024-06-24T07:54:58.057+0000] {processor.py:830} INFO - Processing file /home/airflow/.local/lib/python3.12/site-packages/airflow/example_dags/example_setup_teardown.py for tasks to queue
[2024-06-24T07:54:58.058+0000] {logging_mixin.py:188} INFO - [2024-06-24T07:54:58.058+0000] {dagbag.py:545} INFO - Filling up the DagBag from /home/airflow/.local/lib/python3.12/site-packages/airflow/example_dags/example_setup_teardown.py
[2024-06-24T07:54:58.060+0000] {processor.py:840} INFO - DAG(s) 'example_setup_teardown' retrieved from /home/airflow/.local/lib/python3.12/site-packages/airflow/example_dags/example_setup_teardown.py
[2024-06-24T07:54:58.069+0000] {logging_mixin.py:188} INFO - [2024-06-24T07:54:58.068+0000] {dag.py:3096} INFO - Sync 1 DAGs
[2024-06-24T07:54:58.077+0000] {logging_mixin.py:188} INFO - [2024-06-24T07:54:58.077+0000] {dag.py:3954} INFO - Setting next_dagrun for example_setup_teardown to 2024-06-23 00:00:00+00:00, run_after=2024-06-24 00:00:00+00:00
[2024-06-24T07:54:58.084+0000] {processor.py:183} INFO - Processing /home/airflow/.local/lib/python3.12/site-packages/airflow/example_dags/example_setup_teardown.py took 0.030 seconds
[2024-06-24T07:55:28.633+0000] {processor.py:161} INFO - Started process (PID=1420) to work on /home/airflow/.local/lib/python3.12/site-packages/airflow/example_dags/example_setup_teardown.py
[2024-06-24T07:55:28.634+0000] {processor.py:830} INFO - Processing file /home/airflow/.local/lib/python3.12/site-packages/airflow/example_dags/example_setup_teardown.py for tasks to queue
[2024-06-24T07:55:28.635+0000] {logging_mixin.py:188} INFO - [2024-06-24T07:55:28.634+0000] {dagbag.py:545} INFO - Filling up the DagBag from /home/airflow/.local/lib/python3.12/site-packages/airflow/example_dags/example_setup_teardown.py
[2024-06-24T07:55:28.638+0000] {processor.py:840} INFO - DAG(s) 'example_setup_teardown' retrieved from /home/airflow/.local/lib/python3.12/site-packages/airflow/example_dags/example_setup_teardown.py
[2024-06-24T07:55:28.646+0000] {logging_mixin.py:188} INFO - [2024-06-24T07:55:28.646+0000] {dag.py:3096} INFO - Sync 1 DAGs
[2024-06-24T07:55:28.655+0000] {logging_mixin.py:188} INFO - [2024-06-24T07:55:28.655+0000] {dag.py:3954} INFO - Setting next_dagrun for example_setup_teardown to 2024-06-23 00:00:00+00:00, run_after=2024-06-24 00:00:00+00:00
[2024-06-24T07:55:28.662+0000] {processor.py:183} INFO - Processing /home/airflow/.local/lib/python3.12/site-packages/airflow/example_dags/example_setup_teardown.py took 0.032 seconds
[2024-06-24T07:55:59.223+0000] {processor.py:161} INFO - Started process (PID=1478) to work on /home/airflow/.local/lib/python3.12/site-packages/airflow/example_dags/example_setup_teardown.py
[2024-06-24T07:55:59.224+0000] {processor.py:830} INFO - Processing file /home/airflow/.local/lib/python3.12/site-packages/airflow/example_dags/example_setup_teardown.py for tasks to queue
[2024-06-24T07:55:59.225+0000] {logging_mixin.py:188} INFO - [2024-06-24T07:55:59.225+0000] {dagbag.py:545} INFO - Filling up the DagBag from /home/airflow/.local/lib/python3.12/site-packages/airflow/example_dags/example_setup_teardown.py
[2024-06-24T07:55:59.228+0000] {processor.py:840} INFO - DAG(s) 'example_setup_teardown' retrieved from /home/airflow/.local/lib/python3.12/site-packages/airflow/example_dags/example_setup_teardown.py
[2024-06-24T07:55:59.239+0000] {logging_mixin.py:188} INFO - [2024-06-24T07:55:59.239+0000] {dag.py:3096} INFO - Sync 1 DAGs
[2024-06-24T07:55:59.251+0000] {logging_mixin.py:188} INFO - [2024-06-24T07:55:59.251+0000] {dag.py:3954} INFO - Setting next_dagrun for example_setup_teardown to 2024-06-23 00:00:00+00:00, run_after=2024-06-24 00:00:00+00:00
[2024-06-24T07:55:59.259+0000] {processor.py:183} INFO - Processing /home/airflow/.local/lib/python3.12/site-packages/airflow/example_dags/example_setup_teardown.py took 0.038 seconds
[2024-06-24T07:56:29.815+0000] {processor.py:161} INFO - Started process (PID=1535) to work on /home/airflow/.local/lib/python3.12/site-packages/airflow/example_dags/example_setup_teardown.py
[2024-06-24T07:56:29.820+0000] {processor.py:830} INFO - Processing file /home/airflow/.local/lib/python3.12/site-packages/airflow/example_dags/example_setup_teardown.py for tasks to queue
[2024-06-24T07:56:29.821+0000] {logging_mixin.py:188} INFO - [2024-06-24T07:56:29.820+0000] {dagbag.py:545} INFO - Filling up the DagBag from /home/airflow/.local/lib/python3.12/site-packages/airflow/example_dags/example_setup_teardown.py
[2024-06-24T07:56:29.824+0000] {processor.py:840} INFO - DAG(s) 'example_setup_teardown' retrieved from /home/airflow/.local/lib/python3.12/site-packages/airflow/example_dags/example_setup_teardown.py
[2024-06-24T07:56:29.834+0000] {logging_mixin.py:188} INFO - [2024-06-24T07:56:29.833+0000] {dag.py:3096} INFO - Sync 1 DAGs
[2024-06-24T07:56:29.844+0000] {logging_mixin.py:188} INFO - [2024-06-24T07:56:29.843+0000] {dag.py:3954} INFO - Setting next_dagrun for example_setup_teardown to 2024-06-23 00:00:00+00:00, run_after=2024-06-24 00:00:00+00:00
[2024-06-24T07:56:29.851+0000] {processor.py:183} INFO - Processing /home/airflow/.local/lib/python3.12/site-packages/airflow/example_dags/example_setup_teardown.py took 0.038 seconds
[2024-06-24T07:57:00.438+0000] {processor.py:161} INFO - Started process (PID=1593) to work on /home/airflow/.local/lib/python3.12/site-packages/airflow/example_dags/example_setup_teardown.py
[2024-06-24T07:57:00.439+0000] {processor.py:830} INFO - Processing file /home/airflow/.local/lib/python3.12/site-packages/airflow/example_dags/example_setup_teardown.py for tasks to queue
[2024-06-24T07:57:00.440+0000] {logging_mixin.py:188} INFO - [2024-06-24T07:57:00.440+0000] {dagbag.py:545} INFO - Filling up the DagBag from /home/airflow/.local/lib/python3.12/site-packages/airflow/example_dags/example_setup_teardown.py
[2024-06-24T07:57:00.443+0000] {processor.py:840} INFO - DAG(s) 'example_setup_teardown' retrieved from /home/airflow/.local/lib/python3.12/site-packages/airflow/example_dags/example_setup_teardown.py
[2024-06-24T07:57:00.450+0000] {logging_mixin.py:188} INFO - [2024-06-24T07:57:00.450+0000] {dag.py:3096} INFO - Sync 1 DAGs
[2024-06-24T07:57:00.458+0000] {logging_mixin.py:188} INFO - [2024-06-24T07:57:00.458+0000] {dag.py:3954} INFO - Setting next_dagrun for example_setup_teardown to 2024-06-23 00:00:00+00:00, run_after=2024-06-24 00:00:00+00:00
[2024-06-24T07:57:00.465+0000] {processor.py:183} INFO - Processing /home/airflow/.local/lib/python3.12/site-packages/airflow/example_dags/example_setup_teardown.py took 0.028 seconds
[2024-06-24T07:57:30.558+0000] {processor.py:161} INFO - Started process (PID=1651) to work on /home/airflow/.local/lib/python3.12/site-packages/airflow/example_dags/example_setup_teardown.py
[2024-06-24T07:57:30.559+0000] {processor.py:830} INFO - Processing file /home/airflow/.local/lib/python3.12/site-packages/airflow/example_dags/example_setup_teardown.py for tasks to queue
[2024-06-24T07:57:30.560+0000] {logging_mixin.py:188} INFO - [2024-06-24T07:57:30.559+0000] {dagbag.py:545} INFO - Filling up the DagBag from /home/airflow/.local/lib/python3.12/site-packages/airflow/example_dags/example_setup_teardown.py
[2024-06-24T07:57:30.562+0000] {processor.py:840} INFO - DAG(s) 'example_setup_teardown' retrieved from /home/airflow/.local/lib/python3.12/site-packages/airflow/example_dags/example_setup_teardown.py
[2024-06-24T07:57:30.570+0000] {logging_mixin.py:188} INFO - [2024-06-24T07:57:30.570+0000] {dag.py:3096} INFO - Sync 1 DAGs
[2024-06-24T07:57:30.578+0000] {logging_mixin.py:188} INFO - [2024-06-24T07:57:30.578+0000] {dag.py:3954} INFO - Setting next_dagrun for example_setup_teardown to 2024-06-23 00:00:00+00:00, run_after=2024-06-24 00:00:00+00:00
[2024-06-24T07:57:30.584+0000] {processor.py:183} INFO - Processing /home/airflow/.local/lib/python3.12/site-packages/airflow/example_dags/example_setup_teardown.py took 0.028 seconds
[2024-06-24T07:58:00.817+0000] {processor.py:161} INFO - Started process (PID=1709) to work on /home/airflow/.local/lib/python3.12/site-packages/airflow/example_dags/example_setup_teardown.py
[2024-06-24T07:58:00.817+0000] {processor.py:830} INFO - Processing file /home/airflow/.local/lib/python3.12/site-packages/airflow/example_dags/example_setup_teardown.py for tasks to queue
[2024-06-24T07:58:00.818+0000] {logging_mixin.py:188} INFO - [2024-06-24T07:58:00.818+0000] {dagbag.py:545} INFO - Filling up the DagBag from /home/airflow/.local/lib/python3.12/site-packages/airflow/example_dags/example_setup_teardown.py
[2024-06-24T07:58:00.820+0000] {processor.py:840} INFO - DAG(s) 'example_setup_teardown' retrieved from /home/airflow/.local/lib/python3.12/site-packages/airflow/example_dags/example_setup_teardown.py
[2024-06-24T07:58:00.829+0000] {logging_mixin.py:188} INFO - [2024-06-24T07:58:00.829+0000] {dag.py:3096} INFO - Sync 1 DAGs
[2024-06-24T07:58:00.837+0000] {logging_mixin.py:188} INFO - [2024-06-24T07:58:00.837+0000] {dag.py:3954} INFO - Setting next_dagrun for example_setup_teardown to 2024-06-23 00:00:00+00:00, run_after=2024-06-24 00:00:00+00:00
[2024-06-24T07:58:00.843+0000] {processor.py:183} INFO - Processing /home/airflow/.local/lib/python3.12/site-packages/airflow/example_dags/example_setup_teardown.py took 0.029 seconds
[2024-06-24T07:58:31.443+0000] {processor.py:161} INFO - Started process (PID=1767) to work on /home/airflow/.local/lib/python3.12/site-packages/airflow/example_dags/example_setup_teardown.py
[2024-06-24T07:58:31.444+0000] {processor.py:830} INFO - Processing file /home/airflow/.local/lib/python3.12/site-packages/airflow/example_dags/example_setup_teardown.py for tasks to queue
[2024-06-24T07:58:31.445+0000] {logging_mixin.py:188} INFO - [2024-06-24T07:58:31.445+0000] {dagbag.py:545} INFO - Filling up the DagBag from /home/airflow/.local/lib/python3.12/site-packages/airflow/example_dags/example_setup_teardown.py
[2024-06-24T07:58:31.447+0000] {processor.py:840} INFO - DAG(s) 'example_setup_teardown' retrieved from /home/airflow/.local/lib/python3.12/site-packages/airflow/example_dags/example_setup_teardown.py
[2024-06-24T07:58:31.455+0000] {logging_mixin.py:188} INFO - [2024-06-24T07:58:31.455+0000] {dag.py:3096} INFO - Sync 1 DAGs
[2024-06-24T07:58:31.463+0000] {logging_mixin.py:188} INFO - [2024-06-24T07:58:31.463+0000] {dag.py:3954} INFO - Setting next_dagrun for example_setup_teardown to 2024-06-23 00:00:00+00:00, run_after=2024-06-24 00:00:00+00:00
[2024-06-24T07:58:31.469+0000] {processor.py:183} INFO - Processing /home/airflow/.local/lib/python3.12/site-packages/airflow/example_dags/example_setup_teardown.py took 0.028 seconds
[2024-06-24T07:59:02.137+0000] {processor.py:161} INFO - Started process (PID=1825) to work on /home/airflow/.local/lib/python3.12/site-packages/airflow/example_dags/example_setup_teardown.py
[2024-06-24T07:59:02.138+0000] {processor.py:830} INFO - Processing file /home/airflow/.local/lib/python3.12/site-packages/airflow/example_dags/example_setup_teardown.py for tasks to queue
[2024-06-24T07:59:02.138+0000] {logging_mixin.py:188} INFO - [2024-06-24T07:59:02.138+0000] {dagbag.py:545} INFO - Filling up the DagBag from /home/airflow/.local/lib/python3.12/site-packages/airflow/example_dags/example_setup_teardown.py
[2024-06-24T07:59:02.141+0000] {processor.py:840} INFO - DAG(s) 'example_setup_teardown' retrieved from /home/airflow/.local/lib/python3.12/site-packages/airflow/example_dags/example_setup_teardown.py
[2024-06-24T07:59:02.149+0000] {logging_mixin.py:188} INFO - [2024-06-24T07:59:02.148+0000] {dag.py:3096} INFO - Sync 1 DAGs
[2024-06-24T07:59:02.157+0000] {logging_mixin.py:188} INFO - [2024-06-24T07:59:02.157+0000] {dag.py:3954} INFO - Setting next_dagrun for example_setup_teardown to 2024-06-23 00:00:00+00:00, run_after=2024-06-24 00:00:00+00:00
[2024-06-24T07:59:02.163+0000] {processor.py:183} INFO - Processing /home/airflow/.local/lib/python3.12/site-packages/airflow/example_dags/example_setup_teardown.py took 0.028 seconds
