[2024-06-24T07:43:19.245+0000] {processor.py:161} INFO - Started process (PID=52) to work on /home/airflow/.local/lib/python3.12/site-packages/airflow/example_dags/example_setup_teardown_taskflow.py
[2024-06-24T07:43:19.246+0000] {processor.py:830} INFO - Processing file /home/airflow/.local/lib/python3.12/site-packages/airflow/example_dags/example_setup_teardown_taskflow.py for tasks to queue
[2024-06-24T07:43:19.247+0000] {logging_mixin.py:188} INFO - [2024-06-24T07:43:19.247+0000] {dagbag.py:545} INFO - Filling up the DagBag from /home/airflow/.local/lib/python3.12/site-packages/airflow/example_dags/example_setup_teardown_taskflow.py
[2024-06-24T07:43:19.254+0000] {processor.py:840} INFO - DAG(s) 'example_setup_teardown_taskflow' retrieved from /home/airflow/.local/lib/python3.12/site-packages/airflow/example_dags/example_setup_teardown_taskflow.py
[2024-06-24T07:43:19.266+0000] {logging_mixin.py:188} INFO - [2024-06-24T07:43:19.266+0000] {dag.py:3096} INFO - Sync 1 DAGs
[2024-06-24T07:43:19.278+0000] {logging_mixin.py:188} INFO - [2024-06-24T07:43:19.278+0000] {dag.py:3954} INFO - Setting next_dagrun for example_setup_teardown_taskflow to 2024-06-23 00:00:00+00:00, run_after=2024-06-24 00:00:00+00:00
[2024-06-24T07:43:19.287+0000] {processor.py:183} INFO - Processing /home/airflow/.local/lib/python3.12/site-packages/airflow/example_dags/example_setup_teardown_taskflow.py took 0.045 seconds
[2024-06-24T07:43:50.141+0000] {processor.py:161} INFO - Started process (PID=110) to work on /home/airflow/.local/lib/python3.12/site-packages/airflow/example_dags/example_setup_teardown_taskflow.py
[2024-06-24T07:43:50.142+0000] {processor.py:830} INFO - Processing file /home/airflow/.local/lib/python3.12/site-packages/airflow/example_dags/example_setup_teardown_taskflow.py for tasks to queue
[2024-06-24T07:43:50.143+0000] {logging_mixin.py:188} INFO - [2024-06-24T07:43:50.142+0000] {dagbag.py:545} INFO - Filling up the DagBag from /home/airflow/.local/lib/python3.12/site-packages/airflow/example_dags/example_setup_teardown_taskflow.py
[2024-06-24T07:43:50.146+0000] {processor.py:840} INFO - DAG(s) 'example_setup_teardown_taskflow' retrieved from /home/airflow/.local/lib/python3.12/site-packages/airflow/example_dags/example_setup_teardown_taskflow.py
[2024-06-24T07:43:50.155+0000] {logging_mixin.py:188} INFO - [2024-06-24T07:43:50.154+0000] {dag.py:3096} INFO - Sync 1 DAGs
[2024-06-24T07:43:50.162+0000] {logging_mixin.py:188} INFO - [2024-06-24T07:43:50.162+0000] {dag.py:3954} INFO - Setting next_dagrun for example_setup_teardown_taskflow to 2024-06-23 00:00:00+00:00, run_after=2024-06-24 00:00:00+00:00
[2024-06-24T07:43:50.169+0000] {processor.py:183} INFO - Processing /home/airflow/.local/lib/python3.12/site-packages/airflow/example_dags/example_setup_teardown_taskflow.py took 0.030 seconds
[2024-06-24T07:44:20.509+0000] {processor.py:161} INFO - Started process (PID=168) to work on /home/airflow/.local/lib/python3.12/site-packages/airflow/example_dags/example_setup_teardown_taskflow.py
[2024-06-24T07:44:20.509+0000] {processor.py:830} INFO - Processing file /home/airflow/.local/lib/python3.12/site-packages/airflow/example_dags/example_setup_teardown_taskflow.py for tasks to queue
[2024-06-24T07:44:20.510+0000] {logging_mixin.py:188} INFO - [2024-06-24T07:44:20.510+0000] {dagbag.py:545} INFO - Filling up the DagBag from /home/airflow/.local/lib/python3.12/site-packages/airflow/example_dags/example_setup_teardown_taskflow.py
[2024-06-24T07:44:20.513+0000] {processor.py:840} INFO - DAG(s) 'example_setup_teardown_taskflow' retrieved from /home/airflow/.local/lib/python3.12/site-packages/airflow/example_dags/example_setup_teardown_taskflow.py
[2024-06-24T07:44:20.522+0000] {logging_mixin.py:188} INFO - [2024-06-24T07:44:20.521+0000] {dag.py:3096} INFO - Sync 1 DAGs
[2024-06-24T07:44:20.529+0000] {logging_mixin.py:188} INFO - [2024-06-24T07:44:20.529+0000] {dag.py:3954} INFO - Setting next_dagrun for example_setup_teardown_taskflow to 2024-06-23 00:00:00+00:00, run_after=2024-06-24 00:00:00+00:00
[2024-06-24T07:44:20.536+0000] {processor.py:183} INFO - Processing /home/airflow/.local/lib/python3.12/site-packages/airflow/example_dags/example_setup_teardown_taskflow.py took 0.029 seconds
[2024-06-24T07:44:50.914+0000] {processor.py:161} INFO - Started process (PID=226) to work on /home/airflow/.local/lib/python3.12/site-packages/airflow/example_dags/example_setup_teardown_taskflow.py
[2024-06-24T07:44:50.914+0000] {processor.py:830} INFO - Processing file /home/airflow/.local/lib/python3.12/site-packages/airflow/example_dags/example_setup_teardown_taskflow.py for tasks to queue
[2024-06-24T07:44:50.915+0000] {logging_mixin.py:188} INFO - [2024-06-24T07:44:50.915+0000] {dagbag.py:545} INFO - Filling up the DagBag from /home/airflow/.local/lib/python3.12/site-packages/airflow/example_dags/example_setup_teardown_taskflow.py
[2024-06-24T07:44:50.919+0000] {processor.py:840} INFO - DAG(s) 'example_setup_teardown_taskflow' retrieved from /home/airflow/.local/lib/python3.12/site-packages/airflow/example_dags/example_setup_teardown_taskflow.py
[2024-06-24T07:44:50.927+0000] {logging_mixin.py:188} INFO - [2024-06-24T07:44:50.927+0000] {dag.py:3096} INFO - Sync 1 DAGs
[2024-06-24T07:44:50.935+0000] {logging_mixin.py:188} INFO - [2024-06-24T07:44:50.935+0000] {dag.py:3954} INFO - Setting next_dagrun for example_setup_teardown_taskflow to 2024-06-23 00:00:00+00:00, run_after=2024-06-24 00:00:00+00:00
[2024-06-24T07:44:50.942+0000] {processor.py:183} INFO - Processing /home/airflow/.local/lib/python3.12/site-packages/airflow/example_dags/example_setup_teardown_taskflow.py took 0.030 seconds
[2024-06-24T07:45:21.351+0000] {processor.py:161} INFO - Started process (PID=284) to work on /home/airflow/.local/lib/python3.12/site-packages/airflow/example_dags/example_setup_teardown_taskflow.py
[2024-06-24T07:45:21.352+0000] {processor.py:830} INFO - Processing file /home/airflow/.local/lib/python3.12/site-packages/airflow/example_dags/example_setup_teardown_taskflow.py for tasks to queue
[2024-06-24T07:45:21.353+0000] {logging_mixin.py:188} INFO - [2024-06-24T07:45:21.353+0000] {dagbag.py:545} INFO - Filling up the DagBag from /home/airflow/.local/lib/python3.12/site-packages/airflow/example_dags/example_setup_teardown_taskflow.py
[2024-06-24T07:45:21.357+0000] {processor.py:840} INFO - DAG(s) 'example_setup_teardown_taskflow' retrieved from /home/airflow/.local/lib/python3.12/site-packages/airflow/example_dags/example_setup_teardown_taskflow.py
[2024-06-24T07:45:21.365+0000] {logging_mixin.py:188} INFO - [2024-06-24T07:45:21.365+0000] {dag.py:3096} INFO - Sync 1 DAGs
[2024-06-24T07:45:21.373+0000] {logging_mixin.py:188} INFO - [2024-06-24T07:45:21.373+0000] {dag.py:3954} INFO - Setting next_dagrun for example_setup_teardown_taskflow to 2024-06-23 00:00:00+00:00, run_after=2024-06-24 00:00:00+00:00
[2024-06-24T07:45:21.379+0000] {processor.py:183} INFO - Processing /home/airflow/.local/lib/python3.12/site-packages/airflow/example_dags/example_setup_teardown_taskflow.py took 0.030 seconds
[2024-06-24T07:45:51.769+0000] {processor.py:161} INFO - Started process (PID=341) to work on /home/airflow/.local/lib/python3.12/site-packages/airflow/example_dags/example_setup_teardown_taskflow.py
[2024-06-24T07:45:51.770+0000] {processor.py:830} INFO - Processing file /home/airflow/.local/lib/python3.12/site-packages/airflow/example_dags/example_setup_teardown_taskflow.py for tasks to queue
[2024-06-24T07:45:51.770+0000] {logging_mixin.py:188} INFO - [2024-06-24T07:45:51.770+0000] {dagbag.py:545} INFO - Filling up the DagBag from /home/airflow/.local/lib/python3.12/site-packages/airflow/example_dags/example_setup_teardown_taskflow.py
[2024-06-24T07:45:51.774+0000] {processor.py:840} INFO - DAG(s) 'example_setup_teardown_taskflow' retrieved from /home/airflow/.local/lib/python3.12/site-packages/airflow/example_dags/example_setup_teardown_taskflow.py
[2024-06-24T07:45:51.782+0000] {logging_mixin.py:188} INFO - [2024-06-24T07:45:51.781+0000] {dag.py:3096} INFO - Sync 1 DAGs
[2024-06-24T07:45:51.789+0000] {logging_mixin.py:188} INFO - [2024-06-24T07:45:51.789+0000] {dag.py:3954} INFO - Setting next_dagrun for example_setup_teardown_taskflow to 2024-06-23 00:00:00+00:00, run_after=2024-06-24 00:00:00+00:00
[2024-06-24T07:45:51.796+0000] {processor.py:183} INFO - Processing /home/airflow/.local/lib/python3.12/site-packages/airflow/example_dags/example_setup_teardown_taskflow.py took 0.029 seconds
[2024-06-24T07:46:22.059+0000] {processor.py:161} INFO - Started process (PID=399) to work on /home/airflow/.local/lib/python3.12/site-packages/airflow/example_dags/example_setup_teardown_taskflow.py
[2024-06-24T07:46:22.060+0000] {processor.py:830} INFO - Processing file /home/airflow/.local/lib/python3.12/site-packages/airflow/example_dags/example_setup_teardown_taskflow.py for tasks to queue
[2024-06-24T07:46:22.061+0000] {logging_mixin.py:188} INFO - [2024-06-24T07:46:22.061+0000] {dagbag.py:545} INFO - Filling up the DagBag from /home/airflow/.local/lib/python3.12/site-packages/airflow/example_dags/example_setup_teardown_taskflow.py
[2024-06-24T07:46:22.066+0000] {processor.py:840} INFO - DAG(s) 'example_setup_teardown_taskflow' retrieved from /home/airflow/.local/lib/python3.12/site-packages/airflow/example_dags/example_setup_teardown_taskflow.py
[2024-06-24T07:46:22.076+0000] {logging_mixin.py:188} INFO - [2024-06-24T07:46:22.076+0000] {dag.py:3096} INFO - Sync 1 DAGs
[2024-06-24T07:46:22.085+0000] {logging_mixin.py:188} INFO - [2024-06-24T07:46:22.085+0000] {dag.py:3954} INFO - Setting next_dagrun for example_setup_teardown_taskflow to 2024-06-23 00:00:00+00:00, run_after=2024-06-24 00:00:00+00:00
[2024-06-24T07:46:22.092+0000] {processor.py:183} INFO - Processing /home/airflow/.local/lib/python3.12/site-packages/airflow/example_dags/example_setup_teardown_taskflow.py took 0.035 seconds
[2024-06-24T07:46:52.447+0000] {processor.py:161} INFO - Started process (PID=456) to work on /home/airflow/.local/lib/python3.12/site-packages/airflow/example_dags/example_setup_teardown_taskflow.py
[2024-06-24T07:46:52.448+0000] {processor.py:830} INFO - Processing file /home/airflow/.local/lib/python3.12/site-packages/airflow/example_dags/example_setup_teardown_taskflow.py for tasks to queue
[2024-06-24T07:46:52.449+0000] {logging_mixin.py:188} INFO - [2024-06-24T07:46:52.449+0000] {dagbag.py:545} INFO - Filling up the DagBag from /home/airflow/.local/lib/python3.12/site-packages/airflow/example_dags/example_setup_teardown_taskflow.py
[2024-06-24T07:46:52.452+0000] {processor.py:840} INFO - DAG(s) 'example_setup_teardown_taskflow' retrieved from /home/airflow/.local/lib/python3.12/site-packages/airflow/example_dags/example_setup_teardown_taskflow.py
[2024-06-24T07:46:52.461+0000] {logging_mixin.py:188} INFO - [2024-06-24T07:46:52.461+0000] {dag.py:3096} INFO - Sync 1 DAGs
[2024-06-24T07:46:52.469+0000] {logging_mixin.py:188} INFO - [2024-06-24T07:46:52.469+0000] {dag.py:3954} INFO - Setting next_dagrun for example_setup_teardown_taskflow to 2024-06-23 00:00:00+00:00, run_after=2024-06-24 00:00:00+00:00
[2024-06-24T07:46:52.476+0000] {processor.py:183} INFO - Processing /home/airflow/.local/lib/python3.12/site-packages/airflow/example_dags/example_setup_teardown_taskflow.py took 0.031 seconds
[2024-06-24T07:47:22.823+0000] {processor.py:161} INFO - Started process (PID=514) to work on /home/airflow/.local/lib/python3.12/site-packages/airflow/example_dags/example_setup_teardown_taskflow.py
[2024-06-24T07:47:22.823+0000] {processor.py:830} INFO - Processing file /home/airflow/.local/lib/python3.12/site-packages/airflow/example_dags/example_setup_teardown_taskflow.py for tasks to queue
[2024-06-24T07:47:22.824+0000] {logging_mixin.py:188} INFO - [2024-06-24T07:47:22.824+0000] {dagbag.py:545} INFO - Filling up the DagBag from /home/airflow/.local/lib/python3.12/site-packages/airflow/example_dags/example_setup_teardown_taskflow.py
[2024-06-24T07:47:22.827+0000] {processor.py:840} INFO - DAG(s) 'example_setup_teardown_taskflow' retrieved from /home/airflow/.local/lib/python3.12/site-packages/airflow/example_dags/example_setup_teardown_taskflow.py
[2024-06-24T07:47:22.835+0000] {logging_mixin.py:188} INFO - [2024-06-24T07:47:22.835+0000] {dag.py:3096} INFO - Sync 1 DAGs
[2024-06-24T07:47:22.842+0000] {logging_mixin.py:188} INFO - [2024-06-24T07:47:22.842+0000] {dag.py:3954} INFO - Setting next_dagrun for example_setup_teardown_taskflow to 2024-06-23 00:00:00+00:00, run_after=2024-06-24 00:00:00+00:00
[2024-06-24T07:47:22.849+0000] {processor.py:183} INFO - Processing /home/airflow/.local/lib/python3.12/site-packages/airflow/example_dags/example_setup_teardown_taskflow.py took 0.029 seconds
[2024-06-24T07:47:53.283+0000] {processor.py:161} INFO - Started process (PID=571) to work on /home/airflow/.local/lib/python3.12/site-packages/airflow/example_dags/example_setup_teardown_taskflow.py
[2024-06-24T07:47:53.283+0000] {processor.py:830} INFO - Processing file /home/airflow/.local/lib/python3.12/site-packages/airflow/example_dags/example_setup_teardown_taskflow.py for tasks to queue
[2024-06-24T07:47:53.284+0000] {logging_mixin.py:188} INFO - [2024-06-24T07:47:53.284+0000] {dagbag.py:545} INFO - Filling up the DagBag from /home/airflow/.local/lib/python3.12/site-packages/airflow/example_dags/example_setup_teardown_taskflow.py
[2024-06-24T07:47:53.288+0000] {processor.py:840} INFO - DAG(s) 'example_setup_teardown_taskflow' retrieved from /home/airflow/.local/lib/python3.12/site-packages/airflow/example_dags/example_setup_teardown_taskflow.py
[2024-06-24T07:47:53.297+0000] {logging_mixin.py:188} INFO - [2024-06-24T07:47:53.297+0000] {dag.py:3096} INFO - Sync 1 DAGs
[2024-06-24T07:47:53.305+0000] {logging_mixin.py:188} INFO - [2024-06-24T07:47:53.305+0000] {dag.py:3954} INFO - Setting next_dagrun for example_setup_teardown_taskflow to 2024-06-23 00:00:00+00:00, run_after=2024-06-24 00:00:00+00:00
[2024-06-24T07:47:53.311+0000] {processor.py:183} INFO - Processing /home/airflow/.local/lib/python3.12/site-packages/airflow/example_dags/example_setup_teardown_taskflow.py took 0.031 seconds
[2024-06-24T07:48:23.660+0000] {processor.py:161} INFO - Started process (PID=629) to work on /home/airflow/.local/lib/python3.12/site-packages/airflow/example_dags/example_setup_teardown_taskflow.py
[2024-06-24T07:48:23.660+0000] {processor.py:830} INFO - Processing file /home/airflow/.local/lib/python3.12/site-packages/airflow/example_dags/example_setup_teardown_taskflow.py for tasks to queue
[2024-06-24T07:48:23.661+0000] {logging_mixin.py:188} INFO - [2024-06-24T07:48:23.661+0000] {dagbag.py:545} INFO - Filling up the DagBag from /home/airflow/.local/lib/python3.12/site-packages/airflow/example_dags/example_setup_teardown_taskflow.py
[2024-06-24T07:48:23.665+0000] {processor.py:840} INFO - DAG(s) 'example_setup_teardown_taskflow' retrieved from /home/airflow/.local/lib/python3.12/site-packages/airflow/example_dags/example_setup_teardown_taskflow.py
[2024-06-24T07:48:23.675+0000] {logging_mixin.py:188} INFO - [2024-06-24T07:48:23.675+0000] {dag.py:3096} INFO - Sync 1 DAGs
[2024-06-24T07:48:23.684+0000] {logging_mixin.py:188} INFO - [2024-06-24T07:48:23.684+0000] {dag.py:3954} INFO - Setting next_dagrun for example_setup_teardown_taskflow to 2024-06-23 00:00:00+00:00, run_after=2024-06-24 00:00:00+00:00
[2024-06-24T07:48:23.691+0000] {processor.py:183} INFO - Processing /home/airflow/.local/lib/python3.12/site-packages/airflow/example_dags/example_setup_teardown_taskflow.py took 0.034 seconds
[2024-06-24T07:48:54.057+0000] {processor.py:161} INFO - Started process (PID=687) to work on /home/airflow/.local/lib/python3.12/site-packages/airflow/example_dags/example_setup_teardown_taskflow.py
[2024-06-24T07:48:54.058+0000] {processor.py:830} INFO - Processing file /home/airflow/.local/lib/python3.12/site-packages/airflow/example_dags/example_setup_teardown_taskflow.py for tasks to queue
[2024-06-24T07:48:54.059+0000] {logging_mixin.py:188} INFO - [2024-06-24T07:48:54.059+0000] {dagbag.py:545} INFO - Filling up the DagBag from /home/airflow/.local/lib/python3.12/site-packages/airflow/example_dags/example_setup_teardown_taskflow.py
[2024-06-24T07:48:54.062+0000] {processor.py:840} INFO - DAG(s) 'example_setup_teardown_taskflow' retrieved from /home/airflow/.local/lib/python3.12/site-packages/airflow/example_dags/example_setup_teardown_taskflow.py
[2024-06-24T07:48:54.071+0000] {logging_mixin.py:188} INFO - [2024-06-24T07:48:54.071+0000] {dag.py:3096} INFO - Sync 1 DAGs
[2024-06-24T07:48:54.081+0000] {logging_mixin.py:188} INFO - [2024-06-24T07:48:54.080+0000] {dag.py:3954} INFO - Setting next_dagrun for example_setup_teardown_taskflow to 2024-06-23 00:00:00+00:00, run_after=2024-06-24 00:00:00+00:00
[2024-06-24T07:48:54.089+0000] {processor.py:183} INFO - Processing /home/airflow/.local/lib/python3.12/site-packages/airflow/example_dags/example_setup_teardown_taskflow.py took 0.034 seconds
[2024-06-24T07:49:24.605+0000] {processor.py:161} INFO - Started process (PID=744) to work on /home/airflow/.local/lib/python3.12/site-packages/airflow/example_dags/example_setup_teardown_taskflow.py
[2024-06-24T07:49:24.606+0000] {processor.py:830} INFO - Processing file /home/airflow/.local/lib/python3.12/site-packages/airflow/example_dags/example_setup_teardown_taskflow.py for tasks to queue
[2024-06-24T07:49:24.607+0000] {logging_mixin.py:188} INFO - [2024-06-24T07:49:24.607+0000] {dagbag.py:545} INFO - Filling up the DagBag from /home/airflow/.local/lib/python3.12/site-packages/airflow/example_dags/example_setup_teardown_taskflow.py
[2024-06-24T07:49:24.611+0000] {processor.py:840} INFO - DAG(s) 'example_setup_teardown_taskflow' retrieved from /home/airflow/.local/lib/python3.12/site-packages/airflow/example_dags/example_setup_teardown_taskflow.py
[2024-06-24T07:49:24.620+0000] {logging_mixin.py:188} INFO - [2024-06-24T07:49:24.620+0000] {dag.py:3096} INFO - Sync 1 DAGs
[2024-06-24T07:49:24.628+0000] {logging_mixin.py:188} INFO - [2024-06-24T07:49:24.628+0000] {dag.py:3954} INFO - Setting next_dagrun for example_setup_teardown_taskflow to 2024-06-23 00:00:00+00:00, run_after=2024-06-24 00:00:00+00:00
[2024-06-24T07:49:24.635+0000] {processor.py:183} INFO - Processing /home/airflow/.local/lib/python3.12/site-packages/airflow/example_dags/example_setup_teardown_taskflow.py took 0.032 seconds
[2024-06-24T07:49:55.121+0000] {processor.py:161} INFO - Started process (PID=802) to work on /home/airflow/.local/lib/python3.12/site-packages/airflow/example_dags/example_setup_teardown_taskflow.py
[2024-06-24T07:49:55.122+0000] {processor.py:830} INFO - Processing file /home/airflow/.local/lib/python3.12/site-packages/airflow/example_dags/example_setup_teardown_taskflow.py for tasks to queue
[2024-06-24T07:49:55.123+0000] {logging_mixin.py:188} INFO - [2024-06-24T07:49:55.122+0000] {dagbag.py:545} INFO - Filling up the DagBag from /home/airflow/.local/lib/python3.12/site-packages/airflow/example_dags/example_setup_teardown_taskflow.py
[2024-06-24T07:49:55.126+0000] {processor.py:840} INFO - DAG(s) 'example_setup_teardown_taskflow' retrieved from /home/airflow/.local/lib/python3.12/site-packages/airflow/example_dags/example_setup_teardown_taskflow.py
[2024-06-24T07:49:55.136+0000] {logging_mixin.py:188} INFO - [2024-06-24T07:49:55.136+0000] {dag.py:3096} INFO - Sync 1 DAGs
[2024-06-24T07:49:55.144+0000] {logging_mixin.py:188} INFO - [2024-06-24T07:49:55.144+0000] {dag.py:3954} INFO - Setting next_dagrun for example_setup_teardown_taskflow to 2024-06-23 00:00:00+00:00, run_after=2024-06-24 00:00:00+00:00
[2024-06-24T07:49:55.150+0000] {processor.py:183} INFO - Processing /home/airflow/.local/lib/python3.12/site-packages/airflow/example_dags/example_setup_teardown_taskflow.py took 0.032 seconds
[2024-06-24T07:50:25.544+0000] {processor.py:161} INFO - Started process (PID=860) to work on /home/airflow/.local/lib/python3.12/site-packages/airflow/example_dags/example_setup_teardown_taskflow.py
[2024-06-24T07:50:25.545+0000] {processor.py:830} INFO - Processing file /home/airflow/.local/lib/python3.12/site-packages/airflow/example_dags/example_setup_teardown_taskflow.py for tasks to queue
[2024-06-24T07:50:25.545+0000] {logging_mixin.py:188} INFO - [2024-06-24T07:50:25.545+0000] {dagbag.py:545} INFO - Filling up the DagBag from /home/airflow/.local/lib/python3.12/site-packages/airflow/example_dags/example_setup_teardown_taskflow.py
[2024-06-24T07:50:25.549+0000] {processor.py:840} INFO - DAG(s) 'example_setup_teardown_taskflow' retrieved from /home/airflow/.local/lib/python3.12/site-packages/airflow/example_dags/example_setup_teardown_taskflow.py
[2024-06-24T07:50:25.558+0000] {logging_mixin.py:188} INFO - [2024-06-24T07:50:25.557+0000] {dag.py:3096} INFO - Sync 1 DAGs
[2024-06-24T07:50:25.565+0000] {logging_mixin.py:188} INFO - [2024-06-24T07:50:25.565+0000] {dag.py:3954} INFO - Setting next_dagrun for example_setup_teardown_taskflow to 2024-06-23 00:00:00+00:00, run_after=2024-06-24 00:00:00+00:00
[2024-06-24T07:50:25.572+0000] {processor.py:183} INFO - Processing /home/airflow/.local/lib/python3.12/site-packages/airflow/example_dags/example_setup_teardown_taskflow.py took 0.030 seconds
[2024-06-24T07:50:56.055+0000] {processor.py:161} INFO - Started process (PID=918) to work on /home/airflow/.local/lib/python3.12/site-packages/airflow/example_dags/example_setup_teardown_taskflow.py
[2024-06-24T07:50:56.056+0000] {processor.py:830} INFO - Processing file /home/airflow/.local/lib/python3.12/site-packages/airflow/example_dags/example_setup_teardown_taskflow.py for tasks to queue
[2024-06-24T07:50:56.057+0000] {logging_mixin.py:188} INFO - [2024-06-24T07:50:56.057+0000] {dagbag.py:545} INFO - Filling up the DagBag from /home/airflow/.local/lib/python3.12/site-packages/airflow/example_dags/example_setup_teardown_taskflow.py
[2024-06-24T07:50:56.060+0000] {processor.py:840} INFO - DAG(s) 'example_setup_teardown_taskflow' retrieved from /home/airflow/.local/lib/python3.12/site-packages/airflow/example_dags/example_setup_teardown_taskflow.py
[2024-06-24T07:50:56.069+0000] {logging_mixin.py:188} INFO - [2024-06-24T07:50:56.069+0000] {dag.py:3096} INFO - Sync 1 DAGs
[2024-06-24T07:50:56.078+0000] {logging_mixin.py:188} INFO - [2024-06-24T07:50:56.078+0000] {dag.py:3954} INFO - Setting next_dagrun for example_setup_teardown_taskflow to 2024-06-23 00:00:00+00:00, run_after=2024-06-24 00:00:00+00:00
[2024-06-24T07:50:56.084+0000] {processor.py:183} INFO - Processing /home/airflow/.local/lib/python3.12/site-packages/airflow/example_dags/example_setup_teardown_taskflow.py took 0.031 seconds
[2024-06-24T07:51:26.479+0000] {processor.py:161} INFO - Started process (PID=975) to work on /home/airflow/.local/lib/python3.12/site-packages/airflow/example_dags/example_setup_teardown_taskflow.py
[2024-06-24T07:51:26.480+0000] {processor.py:830} INFO - Processing file /home/airflow/.local/lib/python3.12/site-packages/airflow/example_dags/example_setup_teardown_taskflow.py for tasks to queue
[2024-06-24T07:51:26.481+0000] {logging_mixin.py:188} INFO - [2024-06-24T07:51:26.481+0000] {dagbag.py:545} INFO - Filling up the DagBag from /home/airflow/.local/lib/python3.12/site-packages/airflow/example_dags/example_setup_teardown_taskflow.py
[2024-06-24T07:51:26.484+0000] {processor.py:840} INFO - DAG(s) 'example_setup_teardown_taskflow' retrieved from /home/airflow/.local/lib/python3.12/site-packages/airflow/example_dags/example_setup_teardown_taskflow.py
[2024-06-24T07:51:26.493+0000] {logging_mixin.py:188} INFO - [2024-06-24T07:51:26.493+0000] {dag.py:3096} INFO - Sync 1 DAGs
[2024-06-24T07:51:26.501+0000] {logging_mixin.py:188} INFO - [2024-06-24T07:51:26.501+0000] {dag.py:3954} INFO - Setting next_dagrun for example_setup_teardown_taskflow to 2024-06-23 00:00:00+00:00, run_after=2024-06-24 00:00:00+00:00
[2024-06-24T07:51:26.508+0000] {processor.py:183} INFO - Processing /home/airflow/.local/lib/python3.12/site-packages/airflow/example_dags/example_setup_teardown_taskflow.py took 0.031 seconds
[2024-06-24T07:51:56.911+0000] {processor.py:161} INFO - Started process (PID=1033) to work on /home/airflow/.local/lib/python3.12/site-packages/airflow/example_dags/example_setup_teardown_taskflow.py
[2024-06-24T07:51:56.911+0000] {processor.py:830} INFO - Processing file /home/airflow/.local/lib/python3.12/site-packages/airflow/example_dags/example_setup_teardown_taskflow.py for tasks to queue
[2024-06-24T07:51:56.912+0000] {logging_mixin.py:188} INFO - [2024-06-24T07:51:56.912+0000] {dagbag.py:545} INFO - Filling up the DagBag from /home/airflow/.local/lib/python3.12/site-packages/airflow/example_dags/example_setup_teardown_taskflow.py
[2024-06-24T07:51:56.917+0000] {processor.py:840} INFO - DAG(s) 'example_setup_teardown_taskflow' retrieved from /home/airflow/.local/lib/python3.12/site-packages/airflow/example_dags/example_setup_teardown_taskflow.py
[2024-06-24T07:51:56.926+0000] {logging_mixin.py:188} INFO - [2024-06-24T07:51:56.926+0000] {dag.py:3096} INFO - Sync 1 DAGs
[2024-06-24T07:51:56.934+0000] {logging_mixin.py:188} INFO - [2024-06-24T07:51:56.934+0000] {dag.py:3954} INFO - Setting next_dagrun for example_setup_teardown_taskflow to 2024-06-23 00:00:00+00:00, run_after=2024-06-24 00:00:00+00:00
[2024-06-24T07:51:56.941+0000] {processor.py:183} INFO - Processing /home/airflow/.local/lib/python3.12/site-packages/airflow/example_dags/example_setup_teardown_taskflow.py took 0.033 seconds
[2024-06-24T07:52:27.312+0000] {processor.py:161} INFO - Started process (PID=1091) to work on /home/airflow/.local/lib/python3.12/site-packages/airflow/example_dags/example_setup_teardown_taskflow.py
[2024-06-24T07:52:27.313+0000] {processor.py:830} INFO - Processing file /home/airflow/.local/lib/python3.12/site-packages/airflow/example_dags/example_setup_teardown_taskflow.py for tasks to queue
[2024-06-24T07:52:27.314+0000] {logging_mixin.py:188} INFO - [2024-06-24T07:52:27.314+0000] {dagbag.py:545} INFO - Filling up the DagBag from /home/airflow/.local/lib/python3.12/site-packages/airflow/example_dags/example_setup_teardown_taskflow.py
[2024-06-24T07:52:27.317+0000] {processor.py:840} INFO - DAG(s) 'example_setup_teardown_taskflow' retrieved from /home/airflow/.local/lib/python3.12/site-packages/airflow/example_dags/example_setup_teardown_taskflow.py
[2024-06-24T07:52:27.325+0000] {logging_mixin.py:188} INFO - [2024-06-24T07:52:27.325+0000] {dag.py:3096} INFO - Sync 1 DAGs
[2024-06-24T07:52:27.334+0000] {logging_mixin.py:188} INFO - [2024-06-24T07:52:27.334+0000] {dag.py:3954} INFO - Setting next_dagrun for example_setup_teardown_taskflow to 2024-06-23 00:00:00+00:00, run_after=2024-06-24 00:00:00+00:00
[2024-06-24T07:52:27.341+0000] {processor.py:183} INFO - Processing /home/airflow/.local/lib/python3.12/site-packages/airflow/example_dags/example_setup_teardown_taskflow.py took 0.031 seconds
[2024-06-24T07:52:57.737+0000] {processor.py:161} INFO - Started process (PID=1148) to work on /home/airflow/.local/lib/python3.12/site-packages/airflow/example_dags/example_setup_teardown_taskflow.py
[2024-06-24T07:52:57.739+0000] {processor.py:830} INFO - Processing file /home/airflow/.local/lib/python3.12/site-packages/airflow/example_dags/example_setup_teardown_taskflow.py for tasks to queue
[2024-06-24T07:52:57.740+0000] {logging_mixin.py:188} INFO - [2024-06-24T07:52:57.740+0000] {dagbag.py:545} INFO - Filling up the DagBag from /home/airflow/.local/lib/python3.12/site-packages/airflow/example_dags/example_setup_teardown_taskflow.py
[2024-06-24T07:52:57.744+0000] {processor.py:840} INFO - DAG(s) 'example_setup_teardown_taskflow' retrieved from /home/airflow/.local/lib/python3.12/site-packages/airflow/example_dags/example_setup_teardown_taskflow.py
[2024-06-24T07:52:57.753+0000] {logging_mixin.py:188} INFO - [2024-06-24T07:52:57.753+0000] {dag.py:3096} INFO - Sync 1 DAGs
[2024-06-24T07:52:57.762+0000] {logging_mixin.py:188} INFO - [2024-06-24T07:52:57.761+0000] {dag.py:3954} INFO - Setting next_dagrun for example_setup_teardown_taskflow to 2024-06-23 00:00:00+00:00, run_after=2024-06-24 00:00:00+00:00
[2024-06-24T07:52:57.768+0000] {processor.py:183} INFO - Processing /home/airflow/.local/lib/python3.12/site-packages/airflow/example_dags/example_setup_teardown_taskflow.py took 0.034 seconds
[2024-06-24T07:53:28.145+0000] {processor.py:161} INFO - Started process (PID=1206) to work on /home/airflow/.local/lib/python3.12/site-packages/airflow/example_dags/example_setup_teardown_taskflow.py
[2024-06-24T07:53:28.146+0000] {processor.py:830} INFO - Processing file /home/airflow/.local/lib/python3.12/site-packages/airflow/example_dags/example_setup_teardown_taskflow.py for tasks to queue
[2024-06-24T07:53:28.147+0000] {logging_mixin.py:188} INFO - [2024-06-24T07:53:28.146+0000] {dagbag.py:545} INFO - Filling up the DagBag from /home/airflow/.local/lib/python3.12/site-packages/airflow/example_dags/example_setup_teardown_taskflow.py
[2024-06-24T07:53:28.150+0000] {processor.py:840} INFO - DAG(s) 'example_setup_teardown_taskflow' retrieved from /home/airflow/.local/lib/python3.12/site-packages/airflow/example_dags/example_setup_teardown_taskflow.py
[2024-06-24T07:53:28.158+0000] {logging_mixin.py:188} INFO - [2024-06-24T07:53:28.158+0000] {dag.py:3096} INFO - Sync 1 DAGs
[2024-06-24T07:53:28.166+0000] {logging_mixin.py:188} INFO - [2024-06-24T07:53:28.166+0000] {dag.py:3954} INFO - Setting next_dagrun for example_setup_teardown_taskflow to 2024-06-23 00:00:00+00:00, run_after=2024-06-24 00:00:00+00:00
[2024-06-24T07:53:28.173+0000] {processor.py:183} INFO - Processing /home/airflow/.local/lib/python3.12/site-packages/airflow/example_dags/example_setup_teardown_taskflow.py took 0.030 seconds
[2024-06-24T07:53:58.589+0000] {processor.py:161} INFO - Started process (PID=1264) to work on /home/airflow/.local/lib/python3.12/site-packages/airflow/example_dags/example_setup_teardown_taskflow.py
[2024-06-24T07:53:58.590+0000] {processor.py:830} INFO - Processing file /home/airflow/.local/lib/python3.12/site-packages/airflow/example_dags/example_setup_teardown_taskflow.py for tasks to queue
[2024-06-24T07:53:58.590+0000] {logging_mixin.py:188} INFO - [2024-06-24T07:53:58.590+0000] {dagbag.py:545} INFO - Filling up the DagBag from /home/airflow/.local/lib/python3.12/site-packages/airflow/example_dags/example_setup_teardown_taskflow.py
[2024-06-24T07:53:58.594+0000] {processor.py:840} INFO - DAG(s) 'example_setup_teardown_taskflow' retrieved from /home/airflow/.local/lib/python3.12/site-packages/airflow/example_dags/example_setup_teardown_taskflow.py
[2024-06-24T07:53:58.603+0000] {logging_mixin.py:188} INFO - [2024-06-24T07:53:58.603+0000] {dag.py:3096} INFO - Sync 1 DAGs
[2024-06-24T07:53:58.611+0000] {logging_mixin.py:188} INFO - [2024-06-24T07:53:58.611+0000] {dag.py:3954} INFO - Setting next_dagrun for example_setup_teardown_taskflow to 2024-06-23 00:00:00+00:00, run_after=2024-06-24 00:00:00+00:00
[2024-06-24T07:53:58.618+0000] {processor.py:183} INFO - Processing /home/airflow/.local/lib/python3.12/site-packages/airflow/example_dags/example_setup_teardown_taskflow.py took 0.031 seconds
[2024-06-24T07:54:29.057+0000] {processor.py:161} INFO - Started process (PID=1322) to work on /home/airflow/.local/lib/python3.12/site-packages/airflow/example_dags/example_setup_teardown_taskflow.py
[2024-06-24T07:54:29.058+0000] {processor.py:830} INFO - Processing file /home/airflow/.local/lib/python3.12/site-packages/airflow/example_dags/example_setup_teardown_taskflow.py for tasks to queue
[2024-06-24T07:54:29.059+0000] {logging_mixin.py:188} INFO - [2024-06-24T07:54:29.059+0000] {dagbag.py:545} INFO - Filling up the DagBag from /home/airflow/.local/lib/python3.12/site-packages/airflow/example_dags/example_setup_teardown_taskflow.py
[2024-06-24T07:54:29.062+0000] {processor.py:840} INFO - DAG(s) 'example_setup_teardown_taskflow' retrieved from /home/airflow/.local/lib/python3.12/site-packages/airflow/example_dags/example_setup_teardown_taskflow.py
[2024-06-24T07:54:29.071+0000] {logging_mixin.py:188} INFO - [2024-06-24T07:54:29.071+0000] {dag.py:3096} INFO - Sync 1 DAGs
[2024-06-24T07:54:29.080+0000] {logging_mixin.py:188} INFO - [2024-06-24T07:54:29.080+0000] {dag.py:3954} INFO - Setting next_dagrun for example_setup_teardown_taskflow to 2024-06-23 00:00:00+00:00, run_after=2024-06-24 00:00:00+00:00
[2024-06-24T07:54:29.086+0000] {processor.py:183} INFO - Processing /home/airflow/.local/lib/python3.12/site-packages/airflow/example_dags/example_setup_teardown_taskflow.py took 0.032 seconds
[2024-06-24T07:54:59.574+0000] {processor.py:161} INFO - Started process (PID=1379) to work on /home/airflow/.local/lib/python3.12/site-packages/airflow/example_dags/example_setup_teardown_taskflow.py
[2024-06-24T07:54:59.575+0000] {processor.py:830} INFO - Processing file /home/airflow/.local/lib/python3.12/site-packages/airflow/example_dags/example_setup_teardown_taskflow.py for tasks to queue
[2024-06-24T07:54:59.576+0000] {logging_mixin.py:188} INFO - [2024-06-24T07:54:59.576+0000] {dagbag.py:545} INFO - Filling up the DagBag from /home/airflow/.local/lib/python3.12/site-packages/airflow/example_dags/example_setup_teardown_taskflow.py
[2024-06-24T07:54:59.580+0000] {processor.py:840} INFO - DAG(s) 'example_setup_teardown_taskflow' retrieved from /home/airflow/.local/lib/python3.12/site-packages/airflow/example_dags/example_setup_teardown_taskflow.py
[2024-06-24T07:54:59.589+0000] {logging_mixin.py:188} INFO - [2024-06-24T07:54:59.589+0000] {dag.py:3096} INFO - Sync 1 DAGs
[2024-06-24T07:54:59.597+0000] {logging_mixin.py:188} INFO - [2024-06-24T07:54:59.597+0000] {dag.py:3954} INFO - Setting next_dagrun for example_setup_teardown_taskflow to 2024-06-23 00:00:00+00:00, run_after=2024-06-24 00:00:00+00:00
[2024-06-24T07:54:59.603+0000] {processor.py:183} INFO - Processing /home/airflow/.local/lib/python3.12/site-packages/airflow/example_dags/example_setup_teardown_taskflow.py took 0.031 seconds
[2024-06-24T07:55:30.072+0000] {processor.py:161} INFO - Started process (PID=1437) to work on /home/airflow/.local/lib/python3.12/site-packages/airflow/example_dags/example_setup_teardown_taskflow.py
[2024-06-24T07:55:30.072+0000] {processor.py:830} INFO - Processing file /home/airflow/.local/lib/python3.12/site-packages/airflow/example_dags/example_setup_teardown_taskflow.py for tasks to queue
[2024-06-24T07:55:30.073+0000] {logging_mixin.py:188} INFO - [2024-06-24T07:55:30.073+0000] {dagbag.py:545} INFO - Filling up the DagBag from /home/airflow/.local/lib/python3.12/site-packages/airflow/example_dags/example_setup_teardown_taskflow.py
[2024-06-24T07:55:30.077+0000] {processor.py:840} INFO - DAG(s) 'example_setup_teardown_taskflow' retrieved from /home/airflow/.local/lib/python3.12/site-packages/airflow/example_dags/example_setup_teardown_taskflow.py
[2024-06-24T07:55:30.086+0000] {logging_mixin.py:188} INFO - [2024-06-24T07:55:30.086+0000] {dag.py:3096} INFO - Sync 1 DAGs
[2024-06-24T07:55:30.095+0000] {logging_mixin.py:188} INFO - [2024-06-24T07:55:30.095+0000] {dag.py:3954} INFO - Setting next_dagrun for example_setup_teardown_taskflow to 2024-06-23 00:00:00+00:00, run_after=2024-06-24 00:00:00+00:00
[2024-06-24T07:55:30.103+0000] {processor.py:183} INFO - Processing /home/airflow/.local/lib/python3.12/site-packages/airflow/example_dags/example_setup_teardown_taskflow.py took 0.033 seconds
[2024-06-24T07:56:00.678+0000] {processor.py:161} INFO - Started process (PID=1495) to work on /home/airflow/.local/lib/python3.12/site-packages/airflow/example_dags/example_setup_teardown_taskflow.py
[2024-06-24T07:56:00.678+0000] {processor.py:830} INFO - Processing file /home/airflow/.local/lib/python3.12/site-packages/airflow/example_dags/example_setup_teardown_taskflow.py for tasks to queue
[2024-06-24T07:56:00.679+0000] {logging_mixin.py:188} INFO - [2024-06-24T07:56:00.679+0000] {dagbag.py:545} INFO - Filling up the DagBag from /home/airflow/.local/lib/python3.12/site-packages/airflow/example_dags/example_setup_teardown_taskflow.py
[2024-06-24T07:56:00.683+0000] {processor.py:840} INFO - DAG(s) 'example_setup_teardown_taskflow' retrieved from /home/airflow/.local/lib/python3.12/site-packages/airflow/example_dags/example_setup_teardown_taskflow.py
[2024-06-24T07:56:00.692+0000] {logging_mixin.py:188} INFO - [2024-06-24T07:56:00.692+0000] {dag.py:3096} INFO - Sync 1 DAGs
[2024-06-24T07:56:00.702+0000] {logging_mixin.py:188} INFO - [2024-06-24T07:56:00.701+0000] {dag.py:3954} INFO - Setting next_dagrun for example_setup_teardown_taskflow to 2024-06-23 00:00:00+00:00, run_after=2024-06-24 00:00:00+00:00
[2024-06-24T07:56:00.709+0000] {processor.py:183} INFO - Processing /home/airflow/.local/lib/python3.12/site-packages/airflow/example_dags/example_setup_teardown_taskflow.py took 0.034 seconds
[2024-06-24T07:56:31.321+0000] {processor.py:161} INFO - Started process (PID=1552) to work on /home/airflow/.local/lib/python3.12/site-packages/airflow/example_dags/example_setup_teardown_taskflow.py
[2024-06-24T07:56:31.322+0000] {processor.py:830} INFO - Processing file /home/airflow/.local/lib/python3.12/site-packages/airflow/example_dags/example_setup_teardown_taskflow.py for tasks to queue
[2024-06-24T07:56:31.324+0000] {logging_mixin.py:188} INFO - [2024-06-24T07:56:31.324+0000] {dagbag.py:545} INFO - Filling up the DagBag from /home/airflow/.local/lib/python3.12/site-packages/airflow/example_dags/example_setup_teardown_taskflow.py
[2024-06-24T07:56:31.329+0000] {processor.py:840} INFO - DAG(s) 'example_setup_teardown_taskflow' retrieved from /home/airflow/.local/lib/python3.12/site-packages/airflow/example_dags/example_setup_teardown_taskflow.py
[2024-06-24T07:56:31.339+0000] {logging_mixin.py:188} INFO - [2024-06-24T07:56:31.339+0000] {dag.py:3096} INFO - Sync 1 DAGs
[2024-06-24T07:56:31.348+0000] {logging_mixin.py:188} INFO - [2024-06-24T07:56:31.348+0000] {dag.py:3954} INFO - Setting next_dagrun for example_setup_teardown_taskflow to 2024-06-23 00:00:00+00:00, run_after=2024-06-24 00:00:00+00:00
[2024-06-24T07:56:31.356+0000] {processor.py:183} INFO - Processing /home/airflow/.local/lib/python3.12/site-packages/airflow/example_dags/example_setup_teardown_taskflow.py took 0.038 seconds
[2024-06-24T07:57:02.282+0000] {processor.py:161} INFO - Started process (PID=1610) to work on /home/airflow/.local/lib/python3.12/site-packages/airflow/example_dags/example_setup_teardown_taskflow.py
[2024-06-24T07:57:02.283+0000] {processor.py:830} INFO - Processing file /home/airflow/.local/lib/python3.12/site-packages/airflow/example_dags/example_setup_teardown_taskflow.py for tasks to queue
[2024-06-24T07:57:02.283+0000] {logging_mixin.py:188} INFO - [2024-06-24T07:57:02.283+0000] {dagbag.py:545} INFO - Filling up the DagBag from /home/airflow/.local/lib/python3.12/site-packages/airflow/example_dags/example_setup_teardown_taskflow.py
[2024-06-24T07:57:02.287+0000] {processor.py:840} INFO - DAG(s) 'example_setup_teardown_taskflow' retrieved from /home/airflow/.local/lib/python3.12/site-packages/airflow/example_dags/example_setup_teardown_taskflow.py
[2024-06-24T07:57:02.295+0000] {logging_mixin.py:188} INFO - [2024-06-24T07:57:02.295+0000] {dag.py:3096} INFO - Sync 1 DAGs
[2024-06-24T07:57:02.364+0000] {logging_mixin.py:188} INFO - [2024-06-24T07:57:02.363+0000] {dag.py:3954} INFO - Setting next_dagrun for example_setup_teardown_taskflow to 2024-06-23 00:00:00+00:00, run_after=2024-06-24 00:00:00+00:00
[2024-06-24T07:57:02.370+0000] {processor.py:183} INFO - Processing /home/airflow/.local/lib/python3.12/site-packages/airflow/example_dags/example_setup_teardown_taskflow.py took 0.090 seconds
[2024-06-24T07:57:33.316+0000] {processor.py:161} INFO - Started process (PID=1668) to work on /home/airflow/.local/lib/python3.12/site-packages/airflow/example_dags/example_setup_teardown_taskflow.py
[2024-06-24T07:57:33.316+0000] {processor.py:830} INFO - Processing file /home/airflow/.local/lib/python3.12/site-packages/airflow/example_dags/example_setup_teardown_taskflow.py for tasks to queue
[2024-06-24T07:57:33.317+0000] {logging_mixin.py:188} INFO - [2024-06-24T07:57:33.317+0000] {dagbag.py:545} INFO - Filling up the DagBag from /home/airflow/.local/lib/python3.12/site-packages/airflow/example_dags/example_setup_teardown_taskflow.py
[2024-06-24T07:57:33.321+0000] {processor.py:840} INFO - DAG(s) 'example_setup_teardown_taskflow' retrieved from /home/airflow/.local/lib/python3.12/site-packages/airflow/example_dags/example_setup_teardown_taskflow.py
[2024-06-24T07:57:33.331+0000] {logging_mixin.py:188} INFO - [2024-06-24T07:57:33.330+0000] {dag.py:3096} INFO - Sync 1 DAGs
[2024-06-24T07:57:33.419+0000] {logging_mixin.py:188} INFO - [2024-06-24T07:57:33.419+0000] {dag.py:3954} INFO - Setting next_dagrun for example_setup_teardown_taskflow to 2024-06-23 00:00:00+00:00, run_after=2024-06-24 00:00:00+00:00
[2024-06-24T07:57:33.426+0000] {processor.py:183} INFO - Processing /home/airflow/.local/lib/python3.12/site-packages/airflow/example_dags/example_setup_teardown_taskflow.py took 0.112 seconds
[2024-06-24T07:58:04.257+0000] {processor.py:161} INFO - Started process (PID=1726) to work on /home/airflow/.local/lib/python3.12/site-packages/airflow/example_dags/example_setup_teardown_taskflow.py
[2024-06-24T07:58:04.258+0000] {processor.py:830} INFO - Processing file /home/airflow/.local/lib/python3.12/site-packages/airflow/example_dags/example_setup_teardown_taskflow.py for tasks to queue
[2024-06-24T07:58:04.259+0000] {logging_mixin.py:188} INFO - [2024-06-24T07:58:04.258+0000] {dagbag.py:545} INFO - Filling up the DagBag from /home/airflow/.local/lib/python3.12/site-packages/airflow/example_dags/example_setup_teardown_taskflow.py
[2024-06-24T07:58:04.262+0000] {processor.py:840} INFO - DAG(s) 'example_setup_teardown_taskflow' retrieved from /home/airflow/.local/lib/python3.12/site-packages/airflow/example_dags/example_setup_teardown_taskflow.py
[2024-06-24T07:58:04.271+0000] {logging_mixin.py:188} INFO - [2024-06-24T07:58:04.271+0000] {dag.py:3096} INFO - Sync 1 DAGs
[2024-06-24T07:58:04.279+0000] {logging_mixin.py:188} INFO - [2024-06-24T07:58:04.279+0000] {dag.py:3954} INFO - Setting next_dagrun for example_setup_teardown_taskflow to 2024-06-23 00:00:00+00:00, run_after=2024-06-24 00:00:00+00:00
[2024-06-24T07:58:04.360+0000] {processor.py:183} INFO - Processing /home/airflow/.local/lib/python3.12/site-packages/airflow/example_dags/example_setup_teardown_taskflow.py took 0.105 seconds
[2024-06-24T07:58:35.011+0000] {processor.py:161} INFO - Started process (PID=1784) to work on /home/airflow/.local/lib/python3.12/site-packages/airflow/example_dags/example_setup_teardown_taskflow.py
[2024-06-24T07:58:35.011+0000] {processor.py:830} INFO - Processing file /home/airflow/.local/lib/python3.12/site-packages/airflow/example_dags/example_setup_teardown_taskflow.py for tasks to queue
[2024-06-24T07:58:35.012+0000] {logging_mixin.py:188} INFO - [2024-06-24T07:58:35.012+0000] {dagbag.py:545} INFO - Filling up the DagBag from /home/airflow/.local/lib/python3.12/site-packages/airflow/example_dags/example_setup_teardown_taskflow.py
[2024-06-24T07:58:35.016+0000] {processor.py:840} INFO - DAG(s) 'example_setup_teardown_taskflow' retrieved from /home/airflow/.local/lib/python3.12/site-packages/airflow/example_dags/example_setup_teardown_taskflow.py
[2024-06-24T07:58:35.026+0000] {logging_mixin.py:188} INFO - [2024-06-24T07:58:35.026+0000] {dag.py:3096} INFO - Sync 1 DAGs
[2024-06-24T07:58:35.037+0000] {logging_mixin.py:188} INFO - [2024-06-24T07:58:35.037+0000] {dag.py:3954} INFO - Setting next_dagrun for example_setup_teardown_taskflow to 2024-06-23 00:00:00+00:00, run_after=2024-06-24 00:00:00+00:00
[2024-06-24T07:58:35.121+0000] {processor.py:183} INFO - Processing /home/airflow/.local/lib/python3.12/site-packages/airflow/example_dags/example_setup_teardown_taskflow.py took 0.112 seconds
[2024-06-24T07:59:05.578+0000] {processor.py:161} INFO - Started process (PID=1842) to work on /home/airflow/.local/lib/python3.12/site-packages/airflow/example_dags/example_setup_teardown_taskflow.py
[2024-06-24T07:59:05.578+0000] {processor.py:830} INFO - Processing file /home/airflow/.local/lib/python3.12/site-packages/airflow/example_dags/example_setup_teardown_taskflow.py for tasks to queue
[2024-06-24T07:59:05.579+0000] {logging_mixin.py:188} INFO - [2024-06-24T07:59:05.579+0000] {dagbag.py:545} INFO - Filling up the DagBag from /home/airflow/.local/lib/python3.12/site-packages/airflow/example_dags/example_setup_teardown_taskflow.py
[2024-06-24T07:59:05.582+0000] {processor.py:840} INFO - DAG(s) 'example_setup_teardown_taskflow' retrieved from /home/airflow/.local/lib/python3.12/site-packages/airflow/example_dags/example_setup_teardown_taskflow.py
[2024-06-24T07:59:05.590+0000] {logging_mixin.py:188} INFO - [2024-06-24T07:59:05.590+0000] {dag.py:3096} INFO - Sync 1 DAGs
[2024-06-24T07:59:05.598+0000] {logging_mixin.py:188} INFO - [2024-06-24T07:59:05.598+0000] {dag.py:3954} INFO - Setting next_dagrun for example_setup_teardown_taskflow to 2024-06-23 00:00:00+00:00, run_after=2024-06-24 00:00:00+00:00
[2024-06-24T07:59:05.605+0000] {processor.py:183} INFO - Processing /home/airflow/.local/lib/python3.12/site-packages/airflow/example_dags/example_setup_teardown_taskflow.py took 0.030 seconds
