[2024-06-24T07:43:18.964+0000] {processor.py:161} INFO - Started process (PID=47) to work on /home/airflow/.local/lib/python3.12/site-packages/airflow/example_dags/example_branch_labels.py
[2024-06-24T07:43:18.965+0000] {processor.py:830} INFO - Processing file /home/airflow/.local/lib/python3.12/site-packages/airflow/example_dags/example_branch_labels.py for tasks to queue
[2024-06-24T07:43:18.967+0000] {logging_mixin.py:188} INFO - [2024-06-24T07:43:18.967+0000] {dagbag.py:545} INFO - Filling up the DagBag from /home/airflow/.local/lib/python3.12/site-packages/airflow/example_dags/example_branch_labels.py
[2024-06-24T07:43:18.972+0000] {processor.py:840} INFO - DAG(s) 'example_branch_labels' retrieved from /home/airflow/.local/lib/python3.12/site-packages/airflow/example_dags/example_branch_labels.py
[2024-06-24T07:43:18.985+0000] {logging_mixin.py:188} INFO - [2024-06-24T07:43:18.985+0000] {dag.py:3096} INFO - Sync 1 DAGs
[2024-06-24T07:43:18.996+0000] {logging_mixin.py:188} INFO - [2024-06-24T07:43:18.996+0000] {dag.py:3954} INFO - Setting next_dagrun for example_branch_labels to 2024-06-23 00:00:00+00:00, run_after=2024-06-24 00:00:00+00:00
[2024-06-24T07:43:19.008+0000] {processor.py:183} INFO - Processing /home/airflow/.local/lib/python3.12/site-packages/airflow/example_dags/example_branch_labels.py took 0.047 seconds
[2024-06-24T07:43:50.003+0000] {processor.py:161} INFO - Started process (PID=105) to work on /home/airflow/.local/lib/python3.12/site-packages/airflow/example_dags/example_branch_labels.py
[2024-06-24T07:43:50.004+0000] {processor.py:830} INFO - Processing file /home/airflow/.local/lib/python3.12/site-packages/airflow/example_dags/example_branch_labels.py for tasks to queue
[2024-06-24T07:43:50.005+0000] {logging_mixin.py:188} INFO - [2024-06-24T07:43:50.005+0000] {dagbag.py:545} INFO - Filling up the DagBag from /home/airflow/.local/lib/python3.12/site-packages/airflow/example_dags/example_branch_labels.py
[2024-06-24T07:43:50.008+0000] {processor.py:840} INFO - DAG(s) 'example_branch_labels' retrieved from /home/airflow/.local/lib/python3.12/site-packages/airflow/example_dags/example_branch_labels.py
[2024-06-24T07:43:50.016+0000] {logging_mixin.py:188} INFO - [2024-06-24T07:43:50.016+0000] {dag.py:3096} INFO - Sync 1 DAGs
[2024-06-24T07:43:50.024+0000] {logging_mixin.py:188} INFO - [2024-06-24T07:43:50.024+0000] {dag.py:3954} INFO - Setting next_dagrun for example_branch_labels to 2024-06-23 00:00:00+00:00, run_after=2024-06-24 00:00:00+00:00
[2024-06-24T07:43:50.031+0000] {processor.py:183} INFO - Processing /home/airflow/.local/lib/python3.12/site-packages/airflow/example_dags/example_branch_labels.py took 0.030 seconds
[2024-06-24T07:44:20.371+0000] {processor.py:161} INFO - Started process (PID=163) to work on /home/airflow/.local/lib/python3.12/site-packages/airflow/example_dags/example_branch_labels.py
[2024-06-24T07:44:20.371+0000] {processor.py:830} INFO - Processing file /home/airflow/.local/lib/python3.12/site-packages/airflow/example_dags/example_branch_labels.py for tasks to queue
[2024-06-24T07:44:20.372+0000] {logging_mixin.py:188} INFO - [2024-06-24T07:44:20.372+0000] {dagbag.py:545} INFO - Filling up the DagBag from /home/airflow/.local/lib/python3.12/site-packages/airflow/example_dags/example_branch_labels.py
[2024-06-24T07:44:20.375+0000] {processor.py:840} INFO - DAG(s) 'example_branch_labels' retrieved from /home/airflow/.local/lib/python3.12/site-packages/airflow/example_dags/example_branch_labels.py
[2024-06-24T07:44:20.384+0000] {logging_mixin.py:188} INFO - [2024-06-24T07:44:20.384+0000] {dag.py:3096} INFO - Sync 1 DAGs
[2024-06-24T07:44:20.393+0000] {logging_mixin.py:188} INFO - [2024-06-24T07:44:20.393+0000] {dag.py:3954} INFO - Setting next_dagrun for example_branch_labels to 2024-06-23 00:00:00+00:00, run_after=2024-06-24 00:00:00+00:00
[2024-06-24T07:44:20.400+0000] {processor.py:183} INFO - Processing /home/airflow/.local/lib/python3.12/site-packages/airflow/example_dags/example_branch_labels.py took 0.031 seconds
[2024-06-24T07:44:50.807+0000] {processor.py:161} INFO - Started process (PID=221) to work on /home/airflow/.local/lib/python3.12/site-packages/airflow/example_dags/example_branch_labels.py
[2024-06-24T07:44:50.808+0000] {processor.py:830} INFO - Processing file /home/airflow/.local/lib/python3.12/site-packages/airflow/example_dags/example_branch_labels.py for tasks to queue
[2024-06-24T07:44:50.809+0000] {logging_mixin.py:188} INFO - [2024-06-24T07:44:50.809+0000] {dagbag.py:545} INFO - Filling up the DagBag from /home/airflow/.local/lib/python3.12/site-packages/airflow/example_dags/example_branch_labels.py
[2024-06-24T07:44:50.812+0000] {processor.py:840} INFO - DAG(s) 'example_branch_labels' retrieved from /home/airflow/.local/lib/python3.12/site-packages/airflow/example_dags/example_branch_labels.py
[2024-06-24T07:44:50.820+0000] {logging_mixin.py:188} INFO - [2024-06-24T07:44:50.820+0000] {dag.py:3096} INFO - Sync 1 DAGs
[2024-06-24T07:44:50.828+0000] {logging_mixin.py:188} INFO - [2024-06-24T07:44:50.828+0000] {dag.py:3954} INFO - Setting next_dagrun for example_branch_labels to 2024-06-23 00:00:00+00:00, run_after=2024-06-24 00:00:00+00:00
[2024-06-24T07:44:50.834+0000] {processor.py:183} INFO - Processing /home/airflow/.local/lib/python3.12/site-packages/airflow/example_dags/example_branch_labels.py took 0.029 seconds
[2024-06-24T07:45:21.226+0000] {processor.py:161} INFO - Started process (PID=279) to work on /home/airflow/.local/lib/python3.12/site-packages/airflow/example_dags/example_branch_labels.py
[2024-06-24T07:45:21.227+0000] {processor.py:830} INFO - Processing file /home/airflow/.local/lib/python3.12/site-packages/airflow/example_dags/example_branch_labels.py for tasks to queue
[2024-06-24T07:45:21.228+0000] {logging_mixin.py:188} INFO - [2024-06-24T07:45:21.228+0000] {dagbag.py:545} INFO - Filling up the DagBag from /home/airflow/.local/lib/python3.12/site-packages/airflow/example_dags/example_branch_labels.py
[2024-06-24T07:45:21.232+0000] {processor.py:840} INFO - DAG(s) 'example_branch_labels' retrieved from /home/airflow/.local/lib/python3.12/site-packages/airflow/example_dags/example_branch_labels.py
[2024-06-24T07:45:21.246+0000] {logging_mixin.py:188} INFO - [2024-06-24T07:45:21.246+0000] {dag.py:3096} INFO - Sync 1 DAGs
[2024-06-24T07:45:21.257+0000] {logging_mixin.py:188} INFO - [2024-06-24T07:45:21.257+0000] {dag.py:3954} INFO - Setting next_dagrun for example_branch_labels to 2024-06-23 00:00:00+00:00, run_after=2024-06-24 00:00:00+00:00
[2024-06-24T07:45:21.264+0000] {processor.py:183} INFO - Processing /home/airflow/.local/lib/python3.12/site-packages/airflow/example_dags/example_branch_labels.py took 0.041 seconds
[2024-06-24T07:45:51.663+0000] {processor.py:161} INFO - Started process (PID=336) to work on /home/airflow/.local/lib/python3.12/site-packages/airflow/example_dags/example_branch_labels.py
[2024-06-24T07:45:51.664+0000] {processor.py:830} INFO - Processing file /home/airflow/.local/lib/python3.12/site-packages/airflow/example_dags/example_branch_labels.py for tasks to queue
[2024-06-24T07:45:51.664+0000] {logging_mixin.py:188} INFO - [2024-06-24T07:45:51.664+0000] {dagbag.py:545} INFO - Filling up the DagBag from /home/airflow/.local/lib/python3.12/site-packages/airflow/example_dags/example_branch_labels.py
[2024-06-24T07:45:51.668+0000] {processor.py:840} INFO - DAG(s) 'example_branch_labels' retrieved from /home/airflow/.local/lib/python3.12/site-packages/airflow/example_dags/example_branch_labels.py
[2024-06-24T07:45:51.675+0000] {logging_mixin.py:188} INFO - [2024-06-24T07:45:51.675+0000] {dag.py:3096} INFO - Sync 1 DAGs
[2024-06-24T07:45:51.684+0000] {logging_mixin.py:188} INFO - [2024-06-24T07:45:51.684+0000] {dag.py:3954} INFO - Setting next_dagrun for example_branch_labels to 2024-06-23 00:00:00+00:00, run_after=2024-06-24 00:00:00+00:00
[2024-06-24T07:45:51.690+0000] {processor.py:183} INFO - Processing /home/airflow/.local/lib/python3.12/site-packages/airflow/example_dags/example_branch_labels.py took 0.029 seconds
[2024-06-24T07:46:21.912+0000] {processor.py:161} INFO - Started process (PID=394) to work on /home/airflow/.local/lib/python3.12/site-packages/airflow/example_dags/example_branch_labels.py
[2024-06-24T07:46:21.912+0000] {processor.py:830} INFO - Processing file /home/airflow/.local/lib/python3.12/site-packages/airflow/example_dags/example_branch_labels.py for tasks to queue
[2024-06-24T07:46:21.913+0000] {logging_mixin.py:188} INFO - [2024-06-24T07:46:21.913+0000] {dagbag.py:545} INFO - Filling up the DagBag from /home/airflow/.local/lib/python3.12/site-packages/airflow/example_dags/example_branch_labels.py
[2024-06-24T07:46:21.916+0000] {processor.py:840} INFO - DAG(s) 'example_branch_labels' retrieved from /home/airflow/.local/lib/python3.12/site-packages/airflow/example_dags/example_branch_labels.py
[2024-06-24T07:46:21.924+0000] {logging_mixin.py:188} INFO - [2024-06-24T07:46:21.924+0000] {dag.py:3096} INFO - Sync 1 DAGs
[2024-06-24T07:46:21.932+0000] {logging_mixin.py:188} INFO - [2024-06-24T07:46:21.932+0000] {dag.py:3954} INFO - Setting next_dagrun for example_branch_labels to 2024-06-23 00:00:00+00:00, run_after=2024-06-24 00:00:00+00:00
[2024-06-24T07:46:21.939+0000] {processor.py:183} INFO - Processing /home/airflow/.local/lib/python3.12/site-packages/airflow/example_dags/example_branch_labels.py took 0.029 seconds
[2024-06-24T07:46:52.332+0000] {processor.py:161} INFO - Started process (PID=451) to work on /home/airflow/.local/lib/python3.12/site-packages/airflow/example_dags/example_branch_labels.py
[2024-06-24T07:46:52.333+0000] {processor.py:830} INFO - Processing file /home/airflow/.local/lib/python3.12/site-packages/airflow/example_dags/example_branch_labels.py for tasks to queue
[2024-06-24T07:46:52.334+0000] {logging_mixin.py:188} INFO - [2024-06-24T07:46:52.334+0000] {dagbag.py:545} INFO - Filling up the DagBag from /home/airflow/.local/lib/python3.12/site-packages/airflow/example_dags/example_branch_labels.py
[2024-06-24T07:46:52.337+0000] {processor.py:840} INFO - DAG(s) 'example_branch_labels' retrieved from /home/airflow/.local/lib/python3.12/site-packages/airflow/example_dags/example_branch_labels.py
[2024-06-24T07:46:52.347+0000] {logging_mixin.py:188} INFO - [2024-06-24T07:46:52.346+0000] {dag.py:3096} INFO - Sync 1 DAGs
[2024-06-24T07:46:52.355+0000] {logging_mixin.py:188} INFO - [2024-06-24T07:46:52.355+0000] {dag.py:3954} INFO - Setting next_dagrun for example_branch_labels to 2024-06-23 00:00:00+00:00, run_after=2024-06-24 00:00:00+00:00
[2024-06-24T07:46:52.362+0000] {processor.py:183} INFO - Processing /home/airflow/.local/lib/python3.12/site-packages/airflow/example_dags/example_branch_labels.py took 0.032 seconds
[2024-06-24T07:47:22.717+0000] {processor.py:161} INFO - Started process (PID=509) to work on /home/airflow/.local/lib/python3.12/site-packages/airflow/example_dags/example_branch_labels.py
[2024-06-24T07:47:22.717+0000] {processor.py:830} INFO - Processing file /home/airflow/.local/lib/python3.12/site-packages/airflow/example_dags/example_branch_labels.py for tasks to queue
[2024-06-24T07:47:22.718+0000] {logging_mixin.py:188} INFO - [2024-06-24T07:47:22.718+0000] {dagbag.py:545} INFO - Filling up the DagBag from /home/airflow/.local/lib/python3.12/site-packages/airflow/example_dags/example_branch_labels.py
[2024-06-24T07:47:22.721+0000] {processor.py:840} INFO - DAG(s) 'example_branch_labels' retrieved from /home/airflow/.local/lib/python3.12/site-packages/airflow/example_dags/example_branch_labels.py
[2024-06-24T07:47:22.729+0000] {logging_mixin.py:188} INFO - [2024-06-24T07:47:22.729+0000] {dag.py:3096} INFO - Sync 1 DAGs
[2024-06-24T07:47:22.737+0000] {logging_mixin.py:188} INFO - [2024-06-24T07:47:22.737+0000] {dag.py:3954} INFO - Setting next_dagrun for example_branch_labels to 2024-06-23 00:00:00+00:00, run_after=2024-06-24 00:00:00+00:00
[2024-06-24T07:47:22.743+0000] {processor.py:183} INFO - Processing /home/airflow/.local/lib/python3.12/site-packages/airflow/example_dags/example_branch_labels.py took 0.028 seconds
[2024-06-24T07:47:53.170+0000] {processor.py:161} INFO - Started process (PID=566) to work on /home/airflow/.local/lib/python3.12/site-packages/airflow/example_dags/example_branch_labels.py
[2024-06-24T07:47:53.171+0000] {processor.py:830} INFO - Processing file /home/airflow/.local/lib/python3.12/site-packages/airflow/example_dags/example_branch_labels.py for tasks to queue
[2024-06-24T07:47:53.172+0000] {logging_mixin.py:188} INFO - [2024-06-24T07:47:53.172+0000] {dagbag.py:545} INFO - Filling up the DagBag from /home/airflow/.local/lib/python3.12/site-packages/airflow/example_dags/example_branch_labels.py
[2024-06-24T07:47:53.175+0000] {processor.py:840} INFO - DAG(s) 'example_branch_labels' retrieved from /home/airflow/.local/lib/python3.12/site-packages/airflow/example_dags/example_branch_labels.py
[2024-06-24T07:47:53.184+0000] {logging_mixin.py:188} INFO - [2024-06-24T07:47:53.184+0000] {dag.py:3096} INFO - Sync 1 DAGs
[2024-06-24T07:47:53.192+0000] {logging_mixin.py:188} INFO - [2024-06-24T07:47:53.192+0000] {dag.py:3954} INFO - Setting next_dagrun for example_branch_labels to 2024-06-23 00:00:00+00:00, run_after=2024-06-24 00:00:00+00:00
[2024-06-24T07:47:53.198+0000] {processor.py:183} INFO - Processing /home/airflow/.local/lib/python3.12/site-packages/airflow/example_dags/example_branch_labels.py took 0.030 seconds
[2024-06-24T07:48:23.497+0000] {processor.py:161} INFO - Started process (PID=624) to work on /home/airflow/.local/lib/python3.12/site-packages/airflow/example_dags/example_branch_labels.py
[2024-06-24T07:48:23.498+0000] {processor.py:830} INFO - Processing file /home/airflow/.local/lib/python3.12/site-packages/airflow/example_dags/example_branch_labels.py for tasks to queue
[2024-06-24T07:48:23.499+0000] {logging_mixin.py:188} INFO - [2024-06-24T07:48:23.499+0000] {dagbag.py:545} INFO - Filling up the DagBag from /home/airflow/.local/lib/python3.12/site-packages/airflow/example_dags/example_branch_labels.py
[2024-06-24T07:48:23.502+0000] {processor.py:840} INFO - DAG(s) 'example_branch_labels' retrieved from /home/airflow/.local/lib/python3.12/site-packages/airflow/example_dags/example_branch_labels.py
[2024-06-24T07:48:23.511+0000] {logging_mixin.py:188} INFO - [2024-06-24T07:48:23.511+0000] {dag.py:3096} INFO - Sync 1 DAGs
[2024-06-24T07:48:23.520+0000] {logging_mixin.py:188} INFO - [2024-06-24T07:48:23.520+0000] {dag.py:3954} INFO - Setting next_dagrun for example_branch_labels to 2024-06-23 00:00:00+00:00, run_after=2024-06-24 00:00:00+00:00
[2024-06-24T07:48:23.528+0000] {processor.py:183} INFO - Processing /home/airflow/.local/lib/python3.12/site-packages/airflow/example_dags/example_branch_labels.py took 0.034 seconds
[2024-06-24T07:48:53.933+0000] {processor.py:161} INFO - Started process (PID=682) to work on /home/airflow/.local/lib/python3.12/site-packages/airflow/example_dags/example_branch_labels.py
[2024-06-24T07:48:53.933+0000] {processor.py:830} INFO - Processing file /home/airflow/.local/lib/python3.12/site-packages/airflow/example_dags/example_branch_labels.py for tasks to queue
[2024-06-24T07:48:53.934+0000] {logging_mixin.py:188} INFO - [2024-06-24T07:48:53.934+0000] {dagbag.py:545} INFO - Filling up the DagBag from /home/airflow/.local/lib/python3.12/site-packages/airflow/example_dags/example_branch_labels.py
[2024-06-24T07:48:53.937+0000] {processor.py:840} INFO - DAG(s) 'example_branch_labels' retrieved from /home/airflow/.local/lib/python3.12/site-packages/airflow/example_dags/example_branch_labels.py
[2024-06-24T07:48:53.945+0000] {logging_mixin.py:188} INFO - [2024-06-24T07:48:53.945+0000] {dag.py:3096} INFO - Sync 1 DAGs
[2024-06-24T07:48:53.954+0000] {logging_mixin.py:188} INFO - [2024-06-24T07:48:53.954+0000] {dag.py:3954} INFO - Setting next_dagrun for example_branch_labels to 2024-06-23 00:00:00+00:00, run_after=2024-06-24 00:00:00+00:00
[2024-06-24T07:48:53.961+0000] {processor.py:183} INFO - Processing /home/airflow/.local/lib/python3.12/site-packages/airflow/example_dags/example_branch_labels.py took 0.030 seconds
[2024-06-24T07:49:24.452+0000] {processor.py:161} INFO - Started process (PID=739) to work on /home/airflow/.local/lib/python3.12/site-packages/airflow/example_dags/example_branch_labels.py
[2024-06-24T07:49:24.452+0000] {processor.py:830} INFO - Processing file /home/airflow/.local/lib/python3.12/site-packages/airflow/example_dags/example_branch_labels.py for tasks to queue
[2024-06-24T07:49:24.453+0000] {logging_mixin.py:188} INFO - [2024-06-24T07:49:24.453+0000] {dagbag.py:545} INFO - Filling up the DagBag from /home/airflow/.local/lib/python3.12/site-packages/airflow/example_dags/example_branch_labels.py
[2024-06-24T07:49:24.457+0000] {processor.py:840} INFO - DAG(s) 'example_branch_labels' retrieved from /home/airflow/.local/lib/python3.12/site-packages/airflow/example_dags/example_branch_labels.py
[2024-06-24T07:49:24.464+0000] {logging_mixin.py:188} INFO - [2024-06-24T07:49:24.464+0000] {dag.py:3096} INFO - Sync 1 DAGs
[2024-06-24T07:49:24.473+0000] {logging_mixin.py:188} INFO - [2024-06-24T07:49:24.473+0000] {dag.py:3954} INFO - Setting next_dagrun for example_branch_labels to 2024-06-23 00:00:00+00:00, run_after=2024-06-24 00:00:00+00:00
[2024-06-24T07:49:24.480+0000] {processor.py:183} INFO - Processing /home/airflow/.local/lib/python3.12/site-packages/airflow/example_dags/example_branch_labels.py took 0.031 seconds
[2024-06-24T07:49:54.969+0000] {processor.py:161} INFO - Started process (PID=797) to work on /home/airflow/.local/lib/python3.12/site-packages/airflow/example_dags/example_branch_labels.py
[2024-06-24T07:49:54.970+0000] {processor.py:830} INFO - Processing file /home/airflow/.local/lib/python3.12/site-packages/airflow/example_dags/example_branch_labels.py for tasks to queue
[2024-06-24T07:49:54.970+0000] {logging_mixin.py:188} INFO - [2024-06-24T07:49:54.970+0000] {dagbag.py:545} INFO - Filling up the DagBag from /home/airflow/.local/lib/python3.12/site-packages/airflow/example_dags/example_branch_labels.py
[2024-06-24T07:49:54.974+0000] {processor.py:840} INFO - DAG(s) 'example_branch_labels' retrieved from /home/airflow/.local/lib/python3.12/site-packages/airflow/example_dags/example_branch_labels.py
[2024-06-24T07:49:54.983+0000] {logging_mixin.py:188} INFO - [2024-06-24T07:49:54.982+0000] {dag.py:3096} INFO - Sync 1 DAGs
[2024-06-24T07:49:54.991+0000] {logging_mixin.py:188} INFO - [2024-06-24T07:49:54.991+0000] {dag.py:3954} INFO - Setting next_dagrun for example_branch_labels to 2024-06-23 00:00:00+00:00, run_after=2024-06-24 00:00:00+00:00
[2024-06-24T07:49:54.997+0000] {processor.py:183} INFO - Processing /home/airflow/.local/lib/python3.12/site-packages/airflow/example_dags/example_branch_labels.py took 0.031 seconds
[2024-06-24T07:50:25.430+0000] {processor.py:161} INFO - Started process (PID=855) to work on /home/airflow/.local/lib/python3.12/site-packages/airflow/example_dags/example_branch_labels.py
[2024-06-24T07:50:25.431+0000] {processor.py:830} INFO - Processing file /home/airflow/.local/lib/python3.12/site-packages/airflow/example_dags/example_branch_labels.py for tasks to queue
[2024-06-24T07:50:25.432+0000] {logging_mixin.py:188} INFO - [2024-06-24T07:50:25.431+0000] {dagbag.py:545} INFO - Filling up the DagBag from /home/airflow/.local/lib/python3.12/site-packages/airflow/example_dags/example_branch_labels.py
[2024-06-24T07:50:25.435+0000] {processor.py:840} INFO - DAG(s) 'example_branch_labels' retrieved from /home/airflow/.local/lib/python3.12/site-packages/airflow/example_dags/example_branch_labels.py
[2024-06-24T07:50:25.444+0000] {logging_mixin.py:188} INFO - [2024-06-24T07:50:25.444+0000] {dag.py:3096} INFO - Sync 1 DAGs
[2024-06-24T07:50:25.453+0000] {logging_mixin.py:188} INFO - [2024-06-24T07:50:25.453+0000] {dag.py:3954} INFO - Setting next_dagrun for example_branch_labels to 2024-06-23 00:00:00+00:00, run_after=2024-06-24 00:00:00+00:00
[2024-06-24T07:50:25.460+0000] {processor.py:183} INFO - Processing /home/airflow/.local/lib/python3.12/site-packages/airflow/example_dags/example_branch_labels.py took 0.032 seconds
[2024-06-24T07:50:55.946+0000] {processor.py:161} INFO - Started process (PID=913) to work on /home/airflow/.local/lib/python3.12/site-packages/airflow/example_dags/example_branch_labels.py
[2024-06-24T07:50:55.946+0000] {processor.py:830} INFO - Processing file /home/airflow/.local/lib/python3.12/site-packages/airflow/example_dags/example_branch_labels.py for tasks to queue
[2024-06-24T07:50:55.947+0000] {logging_mixin.py:188} INFO - [2024-06-24T07:50:55.947+0000] {dagbag.py:545} INFO - Filling up the DagBag from /home/airflow/.local/lib/python3.12/site-packages/airflow/example_dags/example_branch_labels.py
[2024-06-24T07:50:55.950+0000] {processor.py:840} INFO - DAG(s) 'example_branch_labels' retrieved from /home/airflow/.local/lib/python3.12/site-packages/airflow/example_dags/example_branch_labels.py
[2024-06-24T07:50:55.959+0000] {logging_mixin.py:188} INFO - [2024-06-24T07:50:55.959+0000] {dag.py:3096} INFO - Sync 1 DAGs
[2024-06-24T07:50:55.967+0000] {logging_mixin.py:188} INFO - [2024-06-24T07:50:55.967+0000] {dag.py:3954} INFO - Setting next_dagrun for example_branch_labels to 2024-06-23 00:00:00+00:00, run_after=2024-06-24 00:00:00+00:00
[2024-06-24T07:50:55.974+0000] {processor.py:183} INFO - Processing /home/airflow/.local/lib/python3.12/site-packages/airflow/example_dags/example_branch_labels.py took 0.031 seconds
[2024-06-24T07:51:26.363+0000] {processor.py:161} INFO - Started process (PID=970) to work on /home/airflow/.local/lib/python3.12/site-packages/airflow/example_dags/example_branch_labels.py
[2024-06-24T07:51:26.364+0000] {processor.py:830} INFO - Processing file /home/airflow/.local/lib/python3.12/site-packages/airflow/example_dags/example_branch_labels.py for tasks to queue
[2024-06-24T07:51:26.365+0000] {logging_mixin.py:188} INFO - [2024-06-24T07:51:26.365+0000] {dagbag.py:545} INFO - Filling up the DagBag from /home/airflow/.local/lib/python3.12/site-packages/airflow/example_dags/example_branch_labels.py
[2024-06-24T07:51:26.369+0000] {processor.py:840} INFO - DAG(s) 'example_branch_labels' retrieved from /home/airflow/.local/lib/python3.12/site-packages/airflow/example_dags/example_branch_labels.py
[2024-06-24T07:51:26.377+0000] {logging_mixin.py:188} INFO - [2024-06-24T07:51:26.377+0000] {dag.py:3096} INFO - Sync 1 DAGs
[2024-06-24T07:51:26.388+0000] {logging_mixin.py:188} INFO - [2024-06-24T07:51:26.388+0000] {dag.py:3954} INFO - Setting next_dagrun for example_branch_labels to 2024-06-23 00:00:00+00:00, run_after=2024-06-24 00:00:00+00:00
[2024-06-24T07:51:26.395+0000] {processor.py:183} INFO - Processing /home/airflow/.local/lib/python3.12/site-packages/airflow/example_dags/example_branch_labels.py took 0.034 seconds
[2024-06-24T07:51:56.767+0000] {processor.py:161} INFO - Started process (PID=1028) to work on /home/airflow/.local/lib/python3.12/site-packages/airflow/example_dags/example_branch_labels.py
[2024-06-24T07:51:56.768+0000] {processor.py:830} INFO - Processing file /home/airflow/.local/lib/python3.12/site-packages/airflow/example_dags/example_branch_labels.py for tasks to queue
[2024-06-24T07:51:56.769+0000] {logging_mixin.py:188} INFO - [2024-06-24T07:51:56.768+0000] {dagbag.py:545} INFO - Filling up the DagBag from /home/airflow/.local/lib/python3.12/site-packages/airflow/example_dags/example_branch_labels.py
[2024-06-24T07:51:56.772+0000] {processor.py:840} INFO - DAG(s) 'example_branch_labels' retrieved from /home/airflow/.local/lib/python3.12/site-packages/airflow/example_dags/example_branch_labels.py
[2024-06-24T07:51:56.779+0000] {logging_mixin.py:188} INFO - [2024-06-24T07:51:56.779+0000] {dag.py:3096} INFO - Sync 1 DAGs
[2024-06-24T07:51:56.787+0000] {logging_mixin.py:188} INFO - [2024-06-24T07:51:56.787+0000] {dag.py:3954} INFO - Setting next_dagrun for example_branch_labels to 2024-06-23 00:00:00+00:00, run_after=2024-06-24 00:00:00+00:00
[2024-06-24T07:51:56.794+0000] {processor.py:183} INFO - Processing /home/airflow/.local/lib/python3.12/site-packages/airflow/example_dags/example_branch_labels.py took 0.030 seconds
[2024-06-24T07:52:27.204+0000] {processor.py:161} INFO - Started process (PID=1086) to work on /home/airflow/.local/lib/python3.12/site-packages/airflow/example_dags/example_branch_labels.py
[2024-06-24T07:52:27.205+0000] {processor.py:830} INFO - Processing file /home/airflow/.local/lib/python3.12/site-packages/airflow/example_dags/example_branch_labels.py for tasks to queue
[2024-06-24T07:52:27.206+0000] {logging_mixin.py:188} INFO - [2024-06-24T07:52:27.206+0000] {dagbag.py:545} INFO - Filling up the DagBag from /home/airflow/.local/lib/python3.12/site-packages/airflow/example_dags/example_branch_labels.py
[2024-06-24T07:52:27.209+0000] {processor.py:840} INFO - DAG(s) 'example_branch_labels' retrieved from /home/airflow/.local/lib/python3.12/site-packages/airflow/example_dags/example_branch_labels.py
[2024-06-24T07:52:27.217+0000] {logging_mixin.py:188} INFO - [2024-06-24T07:52:27.217+0000] {dag.py:3096} INFO - Sync 1 DAGs
[2024-06-24T07:52:27.225+0000] {logging_mixin.py:188} INFO - [2024-06-24T07:52:27.225+0000] {dag.py:3954} INFO - Setting next_dagrun for example_branch_labels to 2024-06-23 00:00:00+00:00, run_after=2024-06-24 00:00:00+00:00
[2024-06-24T07:52:27.231+0000] {processor.py:183} INFO - Processing /home/airflow/.local/lib/python3.12/site-packages/airflow/example_dags/example_branch_labels.py took 0.030 seconds
[2024-06-24T07:52:57.579+0000] {processor.py:161} INFO - Started process (PID=1143) to work on /home/airflow/.local/lib/python3.12/site-packages/airflow/example_dags/example_branch_labels.py
[2024-06-24T07:52:57.580+0000] {processor.py:830} INFO - Processing file /home/airflow/.local/lib/python3.12/site-packages/airflow/example_dags/example_branch_labels.py for tasks to queue
[2024-06-24T07:52:57.581+0000] {logging_mixin.py:188} INFO - [2024-06-24T07:52:57.581+0000] {dagbag.py:545} INFO - Filling up the DagBag from /home/airflow/.local/lib/python3.12/site-packages/airflow/example_dags/example_branch_labels.py
[2024-06-24T07:52:57.584+0000] {processor.py:840} INFO - DAG(s) 'example_branch_labels' retrieved from /home/airflow/.local/lib/python3.12/site-packages/airflow/example_dags/example_branch_labels.py
[2024-06-24T07:52:57.592+0000] {logging_mixin.py:188} INFO - [2024-06-24T07:52:57.592+0000] {dag.py:3096} INFO - Sync 1 DAGs
[2024-06-24T07:52:57.601+0000] {logging_mixin.py:188} INFO - [2024-06-24T07:52:57.600+0000] {dag.py:3954} INFO - Setting next_dagrun for example_branch_labels to 2024-06-23 00:00:00+00:00, run_after=2024-06-24 00:00:00+00:00
[2024-06-24T07:52:57.607+0000] {processor.py:183} INFO - Processing /home/airflow/.local/lib/python3.12/site-packages/airflow/example_dags/example_branch_labels.py took 0.030 seconds
[2024-06-24T07:53:28.036+0000] {processor.py:161} INFO - Started process (PID=1201) to work on /home/airflow/.local/lib/python3.12/site-packages/airflow/example_dags/example_branch_labels.py
[2024-06-24T07:53:28.036+0000] {processor.py:830} INFO - Processing file /home/airflow/.local/lib/python3.12/site-packages/airflow/example_dags/example_branch_labels.py for tasks to queue
[2024-06-24T07:53:28.037+0000] {logging_mixin.py:188} INFO - [2024-06-24T07:53:28.037+0000] {dagbag.py:545} INFO - Filling up the DagBag from /home/airflow/.local/lib/python3.12/site-packages/airflow/example_dags/example_branch_labels.py
[2024-06-24T07:53:28.040+0000] {processor.py:840} INFO - DAG(s) 'example_branch_labels' retrieved from /home/airflow/.local/lib/python3.12/site-packages/airflow/example_dags/example_branch_labels.py
[2024-06-24T07:53:28.048+0000] {logging_mixin.py:188} INFO - [2024-06-24T07:53:28.048+0000] {dag.py:3096} INFO - Sync 1 DAGs
[2024-06-24T07:53:28.057+0000] {logging_mixin.py:188} INFO - [2024-06-24T07:53:28.056+0000] {dag.py:3954} INFO - Setting next_dagrun for example_branch_labels to 2024-06-23 00:00:00+00:00, run_after=2024-06-24 00:00:00+00:00
[2024-06-24T07:53:28.063+0000] {processor.py:183} INFO - Processing /home/airflow/.local/lib/python3.12/site-packages/airflow/example_dags/example_branch_labels.py took 0.030 seconds
[2024-06-24T07:53:58.472+0000] {processor.py:161} INFO - Started process (PID=1259) to work on /home/airflow/.local/lib/python3.12/site-packages/airflow/example_dags/example_branch_labels.py
[2024-06-24T07:53:58.473+0000] {processor.py:830} INFO - Processing file /home/airflow/.local/lib/python3.12/site-packages/airflow/example_dags/example_branch_labels.py for tasks to queue
[2024-06-24T07:53:58.474+0000] {logging_mixin.py:188} INFO - [2024-06-24T07:53:58.474+0000] {dagbag.py:545} INFO - Filling up the DagBag from /home/airflow/.local/lib/python3.12/site-packages/airflow/example_dags/example_branch_labels.py
[2024-06-24T07:53:58.479+0000] {processor.py:840} INFO - DAG(s) 'example_branch_labels' retrieved from /home/airflow/.local/lib/python3.12/site-packages/airflow/example_dags/example_branch_labels.py
[2024-06-24T07:53:58.489+0000] {logging_mixin.py:188} INFO - [2024-06-24T07:53:58.489+0000] {dag.py:3096} INFO - Sync 1 DAGs
[2024-06-24T07:53:58.498+0000] {logging_mixin.py:188} INFO - [2024-06-24T07:53:58.498+0000] {dag.py:3954} INFO - Setting next_dagrun for example_branch_labels to 2024-06-23 00:00:00+00:00, run_after=2024-06-24 00:00:00+00:00
[2024-06-24T07:53:58.505+0000] {processor.py:183} INFO - Processing /home/airflow/.local/lib/python3.12/site-packages/airflow/example_dags/example_branch_labels.py took 0.036 seconds
[2024-06-24T07:54:28.943+0000] {processor.py:161} INFO - Started process (PID=1317) to work on /home/airflow/.local/lib/python3.12/site-packages/airflow/example_dags/example_branch_labels.py
[2024-06-24T07:54:28.943+0000] {processor.py:830} INFO - Processing file /home/airflow/.local/lib/python3.12/site-packages/airflow/example_dags/example_branch_labels.py for tasks to queue
[2024-06-24T07:54:28.944+0000] {logging_mixin.py:188} INFO - [2024-06-24T07:54:28.944+0000] {dagbag.py:545} INFO - Filling up the DagBag from /home/airflow/.local/lib/python3.12/site-packages/airflow/example_dags/example_branch_labels.py
[2024-06-24T07:54:28.948+0000] {processor.py:840} INFO - DAG(s) 'example_branch_labels' retrieved from /home/airflow/.local/lib/python3.12/site-packages/airflow/example_dags/example_branch_labels.py
[2024-06-24T07:54:28.957+0000] {logging_mixin.py:188} INFO - [2024-06-24T07:54:28.956+0000] {dag.py:3096} INFO - Sync 1 DAGs
[2024-06-24T07:54:28.965+0000] {logging_mixin.py:188} INFO - [2024-06-24T07:54:28.965+0000] {dag.py:3954} INFO - Setting next_dagrun for example_branch_labels to 2024-06-23 00:00:00+00:00, run_after=2024-06-24 00:00:00+00:00
[2024-06-24T07:54:28.972+0000] {processor.py:183} INFO - Processing /home/airflow/.local/lib/python3.12/site-packages/airflow/example_dags/example_branch_labels.py took 0.032 seconds
[2024-06-24T07:54:59.458+0000] {processor.py:161} INFO - Started process (PID=1374) to work on /home/airflow/.local/lib/python3.12/site-packages/airflow/example_dags/example_branch_labels.py
[2024-06-24T07:54:59.458+0000] {processor.py:830} INFO - Processing file /home/airflow/.local/lib/python3.12/site-packages/airflow/example_dags/example_branch_labels.py for tasks to queue
[2024-06-24T07:54:59.459+0000] {logging_mixin.py:188} INFO - [2024-06-24T07:54:59.459+0000] {dagbag.py:545} INFO - Filling up the DagBag from /home/airflow/.local/lib/python3.12/site-packages/airflow/example_dags/example_branch_labels.py
[2024-06-24T07:54:59.463+0000] {processor.py:840} INFO - DAG(s) 'example_branch_labels' retrieved from /home/airflow/.local/lib/python3.12/site-packages/airflow/example_dags/example_branch_labels.py
[2024-06-24T07:54:59.471+0000] {logging_mixin.py:188} INFO - [2024-06-24T07:54:59.471+0000] {dag.py:3096} INFO - Sync 1 DAGs
[2024-06-24T07:54:59.480+0000] {logging_mixin.py:188} INFO - [2024-06-24T07:54:59.480+0000] {dag.py:3954} INFO - Setting next_dagrun for example_branch_labels to 2024-06-23 00:00:00+00:00, run_after=2024-06-24 00:00:00+00:00
[2024-06-24T07:54:59.487+0000] {processor.py:183} INFO - Processing /home/airflow/.local/lib/python3.12/site-packages/airflow/example_dags/example_branch_labels.py took 0.032 seconds
[2024-06-24T07:55:29.951+0000] {processor.py:161} INFO - Started process (PID=1432) to work on /home/airflow/.local/lib/python3.12/site-packages/airflow/example_dags/example_branch_labels.py
[2024-06-24T07:55:29.952+0000] {processor.py:830} INFO - Processing file /home/airflow/.local/lib/python3.12/site-packages/airflow/example_dags/example_branch_labels.py for tasks to queue
[2024-06-24T07:55:29.953+0000] {logging_mixin.py:188} INFO - [2024-06-24T07:55:29.953+0000] {dagbag.py:545} INFO - Filling up the DagBag from /home/airflow/.local/lib/python3.12/site-packages/airflow/example_dags/example_branch_labels.py
[2024-06-24T07:55:29.956+0000] {processor.py:840} INFO - DAG(s) 'example_branch_labels' retrieved from /home/airflow/.local/lib/python3.12/site-packages/airflow/example_dags/example_branch_labels.py
[2024-06-24T07:55:29.965+0000] {logging_mixin.py:188} INFO - [2024-06-24T07:55:29.965+0000] {dag.py:3096} INFO - Sync 1 DAGs
[2024-06-24T07:55:29.974+0000] {logging_mixin.py:188} INFO - [2024-06-24T07:55:29.974+0000] {dag.py:3954} INFO - Setting next_dagrun for example_branch_labels to 2024-06-23 00:00:00+00:00, run_after=2024-06-24 00:00:00+00:00
[2024-06-24T07:55:29.981+0000] {processor.py:183} INFO - Processing /home/airflow/.local/lib/python3.12/site-packages/airflow/example_dags/example_branch_labels.py took 0.033 seconds
[2024-06-24T07:56:00.559+0000] {processor.py:161} INFO - Started process (PID=1490) to work on /home/airflow/.local/lib/python3.12/site-packages/airflow/example_dags/example_branch_labels.py
[2024-06-24T07:56:00.559+0000] {processor.py:830} INFO - Processing file /home/airflow/.local/lib/python3.12/site-packages/airflow/example_dags/example_branch_labels.py for tasks to queue
[2024-06-24T07:56:00.560+0000] {logging_mixin.py:188} INFO - [2024-06-24T07:56:00.560+0000] {dagbag.py:545} INFO - Filling up the DagBag from /home/airflow/.local/lib/python3.12/site-packages/airflow/example_dags/example_branch_labels.py
[2024-06-24T07:56:00.563+0000] {processor.py:840} INFO - DAG(s) 'example_branch_labels' retrieved from /home/airflow/.local/lib/python3.12/site-packages/airflow/example_dags/example_branch_labels.py
[2024-06-24T07:56:00.573+0000] {logging_mixin.py:188} INFO - [2024-06-24T07:56:00.573+0000] {dag.py:3096} INFO - Sync 1 DAGs
[2024-06-24T07:56:00.584+0000] {logging_mixin.py:188} INFO - [2024-06-24T07:56:00.584+0000] {dag.py:3954} INFO - Setting next_dagrun for example_branch_labels to 2024-06-23 00:00:00+00:00, run_after=2024-06-24 00:00:00+00:00
[2024-06-24T07:56:00.592+0000] {processor.py:183} INFO - Processing /home/airflow/.local/lib/python3.12/site-packages/airflow/example_dags/example_branch_labels.py took 0.036 seconds
[2024-06-24T07:56:31.163+0000] {processor.py:161} INFO - Started process (PID=1547) to work on /home/airflow/.local/lib/python3.12/site-packages/airflow/example_dags/example_branch_labels.py
[2024-06-24T07:56:31.163+0000] {processor.py:830} INFO - Processing file /home/airflow/.local/lib/python3.12/site-packages/airflow/example_dags/example_branch_labels.py for tasks to queue
[2024-06-24T07:56:31.164+0000] {logging_mixin.py:188} INFO - [2024-06-24T07:56:31.164+0000] {dagbag.py:545} INFO - Filling up the DagBag from /home/airflow/.local/lib/python3.12/site-packages/airflow/example_dags/example_branch_labels.py
[2024-06-24T07:56:31.168+0000] {processor.py:840} INFO - DAG(s) 'example_branch_labels' retrieved from /home/airflow/.local/lib/python3.12/site-packages/airflow/example_dags/example_branch_labels.py
[2024-06-24T07:56:31.203+0000] {logging_mixin.py:188} INFO - [2024-06-24T07:56:31.203+0000] {dag.py:3096} INFO - Sync 1 DAGs
[2024-06-24T07:56:31.213+0000] {logging_mixin.py:188} INFO - [2024-06-24T07:56:31.213+0000] {dag.py:3954} INFO - Setting next_dagrun for example_branch_labels to 2024-06-23 00:00:00+00:00, run_after=2024-06-24 00:00:00+00:00
[2024-06-24T07:56:31.220+0000] {processor.py:183} INFO - Processing /home/airflow/.local/lib/python3.12/site-packages/airflow/example_dags/example_branch_labels.py took 0.060 seconds
[2024-06-24T07:57:01.942+0000] {processor.py:161} INFO - Started process (PID=1605) to work on /home/airflow/.local/lib/python3.12/site-packages/airflow/example_dags/example_branch_labels.py
[2024-06-24T07:57:01.943+0000] {processor.py:830} INFO - Processing file /home/airflow/.local/lib/python3.12/site-packages/airflow/example_dags/example_branch_labels.py for tasks to queue
[2024-06-24T07:57:01.944+0000] {logging_mixin.py:188} INFO - [2024-06-24T07:57:01.944+0000] {dagbag.py:545} INFO - Filling up the DagBag from /home/airflow/.local/lib/python3.12/site-packages/airflow/example_dags/example_branch_labels.py
[2024-06-24T07:57:01.947+0000] {processor.py:840} INFO - DAG(s) 'example_branch_labels' retrieved from /home/airflow/.local/lib/python3.12/site-packages/airflow/example_dags/example_branch_labels.py
[2024-06-24T07:57:01.955+0000] {logging_mixin.py:188} INFO - [2024-06-24T07:57:01.955+0000] {dag.py:3096} INFO - Sync 1 DAGs
[2024-06-24T07:57:02.039+0000] {logging_mixin.py:188} INFO - [2024-06-24T07:57:02.039+0000] {dag.py:3954} INFO - Setting next_dagrun for example_branch_labels to 2024-06-23 00:00:00+00:00, run_after=2024-06-24 00:00:00+00:00
[2024-06-24T07:57:02.045+0000] {processor.py:183} INFO - Processing /home/airflow/.local/lib/python3.12/site-packages/airflow/example_dags/example_branch_labels.py took 0.105 seconds
[2024-06-24T07:57:33.041+0000] {processor.py:161} INFO - Started process (PID=1663) to work on /home/airflow/.local/lib/python3.12/site-packages/airflow/example_dags/example_branch_labels.py
[2024-06-24T07:57:33.041+0000] {processor.py:830} INFO - Processing file /home/airflow/.local/lib/python3.12/site-packages/airflow/example_dags/example_branch_labels.py for tasks to queue
[2024-06-24T07:57:33.042+0000] {logging_mixin.py:188} INFO - [2024-06-24T07:57:33.042+0000] {dagbag.py:545} INFO - Filling up the DagBag from /home/airflow/.local/lib/python3.12/site-packages/airflow/example_dags/example_branch_labels.py
[2024-06-24T07:57:33.046+0000] {processor.py:840} INFO - DAG(s) 'example_branch_labels' retrieved from /home/airflow/.local/lib/python3.12/site-packages/airflow/example_dags/example_branch_labels.py
[2024-06-24T07:57:33.059+0000] {logging_mixin.py:188} INFO - [2024-06-24T07:57:33.059+0000] {dag.py:3096} INFO - Sync 1 DAGs
[2024-06-24T07:57:33.068+0000] {logging_mixin.py:188} INFO - [2024-06-24T07:57:33.068+0000] {dag.py:3954} INFO - Setting next_dagrun for example_branch_labels to 2024-06-23 00:00:00+00:00, run_after=2024-06-24 00:00:00+00:00
[2024-06-24T07:57:33.155+0000] {processor.py:183} INFO - Processing /home/airflow/.local/lib/python3.12/site-packages/airflow/example_dags/example_branch_labels.py took 0.117 seconds
[2024-06-24T07:58:04.154+0000] {processor.py:161} INFO - Started process (PID=1721) to work on /home/airflow/.local/lib/python3.12/site-packages/airflow/example_dags/example_branch_labels.py
[2024-06-24T07:58:04.156+0000] {processor.py:830} INFO - Processing file /home/airflow/.local/lib/python3.12/site-packages/airflow/example_dags/example_branch_labels.py for tasks to queue
[2024-06-24T07:58:04.158+0000] {logging_mixin.py:188} INFO - [2024-06-24T07:58:04.157+0000] {dagbag.py:545} INFO - Filling up the DagBag from /home/airflow/.local/lib/python3.12/site-packages/airflow/example_dags/example_branch_labels.py
[2024-06-24T07:58:04.166+0000] {processor.py:840} INFO - DAG(s) 'example_branch_labels' retrieved from /home/airflow/.local/lib/python3.12/site-packages/airflow/example_dags/example_branch_labels.py
[2024-06-24T07:58:04.182+0000] {logging_mixin.py:188} INFO - [2024-06-24T07:58:04.182+0000] {dag.py:3096} INFO - Sync 1 DAGs
[2024-06-24T07:58:04.195+0000] {logging_mixin.py:188} INFO - [2024-06-24T07:58:04.194+0000] {dag.py:3954} INFO - Setting next_dagrun for example_branch_labels to 2024-06-23 00:00:00+00:00, run_after=2024-06-24 00:00:00+00:00
[2024-06-24T07:58:04.203+0000] {processor.py:183} INFO - Processing /home/airflow/.local/lib/python3.12/site-packages/airflow/example_dags/example_branch_labels.py took 0.057 seconds
[2024-06-24T07:58:34.841+0000] {processor.py:161} INFO - Started process (PID=1779) to work on /home/airflow/.local/lib/python3.12/site-packages/airflow/example_dags/example_branch_labels.py
[2024-06-24T07:58:34.843+0000] {processor.py:830} INFO - Processing file /home/airflow/.local/lib/python3.12/site-packages/airflow/example_dags/example_branch_labels.py for tasks to queue
[2024-06-24T07:58:34.844+0000] {logging_mixin.py:188} INFO - [2024-06-24T07:58:34.844+0000] {dagbag.py:545} INFO - Filling up the DagBag from /home/airflow/.local/lib/python3.12/site-packages/airflow/example_dags/example_branch_labels.py
[2024-06-24T07:58:34.852+0000] {processor.py:840} INFO - DAG(s) 'example_branch_labels' retrieved from /home/airflow/.local/lib/python3.12/site-packages/airflow/example_dags/example_branch_labels.py
[2024-06-24T07:58:34.866+0000] {logging_mixin.py:188} INFO - [2024-06-24T07:58:34.866+0000] {dag.py:3096} INFO - Sync 1 DAGs
[2024-06-24T07:58:34.876+0000] {logging_mixin.py:188} INFO - [2024-06-24T07:58:34.876+0000] {dag.py:3954} INFO - Setting next_dagrun for example_branch_labels to 2024-06-23 00:00:00+00:00, run_after=2024-06-24 00:00:00+00:00
[2024-06-24T07:58:34.883+0000] {processor.py:183} INFO - Processing /home/airflow/.local/lib/python3.12/site-packages/airflow/example_dags/example_branch_labels.py took 0.046 seconds
[2024-06-24T07:59:05.449+0000] {processor.py:161} INFO - Started process (PID=1837) to work on /home/airflow/.local/lib/python3.12/site-packages/airflow/example_dags/example_branch_labels.py
[2024-06-24T07:59:05.451+0000] {processor.py:830} INFO - Processing file /home/airflow/.local/lib/python3.12/site-packages/airflow/example_dags/example_branch_labels.py for tasks to queue
[2024-06-24T07:59:05.453+0000] {logging_mixin.py:188} INFO - [2024-06-24T07:59:05.453+0000] {dagbag.py:545} INFO - Filling up the DagBag from /home/airflow/.local/lib/python3.12/site-packages/airflow/example_dags/example_branch_labels.py
[2024-06-24T07:59:05.461+0000] {processor.py:840} INFO - DAG(s) 'example_branch_labels' retrieved from /home/airflow/.local/lib/python3.12/site-packages/airflow/example_dags/example_branch_labels.py
[2024-06-24T07:59:05.475+0000] {logging_mixin.py:188} INFO - [2024-06-24T07:59:05.475+0000] {dag.py:3096} INFO - Sync 1 DAGs
[2024-06-24T07:59:05.487+0000] {logging_mixin.py:188} INFO - [2024-06-24T07:59:05.487+0000] {dag.py:3954} INFO - Setting next_dagrun for example_branch_labels to 2024-06-23 00:00:00+00:00, run_after=2024-06-24 00:00:00+00:00
[2024-06-24T07:59:05.495+0000] {processor.py:183} INFO - Processing /home/airflow/.local/lib/python3.12/site-packages/airflow/example_dags/example_branch_labels.py took 0.054 seconds
