[2024-06-24T07:43:19.617+0000] {processor.py:161} INFO - Started process (PID=60) to work on /home/airflow/.local/lib/python3.12/site-packages/airflow/example_dags/example_skip_dag.py
[2024-06-24T07:43:19.618+0000] {processor.py:830} INFO - Processing file /home/airflow/.local/lib/python3.12/site-packages/airflow/example_dags/example_skip_dag.py for tasks to queue
[2024-06-24T07:43:19.622+0000] {logging_mixin.py:188} INFO - [2024-06-24T07:43:19.621+0000] {dagbag.py:545} INFO - Filling up the DagBag from /home/airflow/.local/lib/python3.12/site-packages/airflow/example_dags/example_skip_dag.py
[2024-06-24T07:43:19.629+0000] {processor.py:840} INFO - DAG(s) 'example_skip_dag' retrieved from /home/airflow/.local/lib/python3.12/site-packages/airflow/example_dags/example_skip_dag.py
[2024-06-24T07:43:19.645+0000] {logging_mixin.py:188} INFO - [2024-06-24T07:43:19.645+0000] {dag.py:3096} INFO - Sync 1 DAGs
[2024-06-24T07:43:19.662+0000] {logging_mixin.py:188} INFO - [2024-06-24T07:43:19.662+0000] {dag.py:3954} INFO - Setting next_dagrun for example_skip_dag to 2024-06-23 00:00:00+00:00, run_after=2024-06-24 00:00:00+00:00
[2024-06-24T07:43:19.673+0000] {processor.py:183} INFO - Processing /home/airflow/.local/lib/python3.12/site-packages/airflow/example_dags/example_skip_dag.py took 0.060 seconds
[2024-06-24T07:43:50.299+0000] {processor.py:161} INFO - Started process (PID=118) to work on /home/airflow/.local/lib/python3.12/site-packages/airflow/example_dags/example_skip_dag.py
[2024-06-24T07:43:50.300+0000] {processor.py:830} INFO - Processing file /home/airflow/.local/lib/python3.12/site-packages/airflow/example_dags/example_skip_dag.py for tasks to queue
[2024-06-24T07:43:50.301+0000] {logging_mixin.py:188} INFO - [2024-06-24T07:43:50.301+0000] {dagbag.py:545} INFO - Filling up the DagBag from /home/airflow/.local/lib/python3.12/site-packages/airflow/example_dags/example_skip_dag.py
[2024-06-24T07:43:50.304+0000] {processor.py:840} INFO - DAG(s) 'example_skip_dag' retrieved from /home/airflow/.local/lib/python3.12/site-packages/airflow/example_dags/example_skip_dag.py
[2024-06-24T07:43:50.312+0000] {logging_mixin.py:188} INFO - [2024-06-24T07:43:50.312+0000] {dag.py:3096} INFO - Sync 1 DAGs
[2024-06-24T07:43:50.321+0000] {logging_mixin.py:188} INFO - [2024-06-24T07:43:50.321+0000] {dag.py:3954} INFO - Setting next_dagrun for example_skip_dag to 2024-06-23 00:00:00+00:00, run_after=2024-06-24 00:00:00+00:00
[2024-06-24T07:43:50.327+0000] {processor.py:183} INFO - Processing /home/airflow/.local/lib/python3.12/site-packages/airflow/example_dags/example_skip_dag.py took 0.030 seconds
[2024-06-24T07:44:20.699+0000] {processor.py:161} INFO - Started process (PID=176) to work on /home/airflow/.local/lib/python3.12/site-packages/airflow/example_dags/example_skip_dag.py
[2024-06-24T07:44:20.700+0000] {processor.py:830} INFO - Processing file /home/airflow/.local/lib/python3.12/site-packages/airflow/example_dags/example_skip_dag.py for tasks to queue
[2024-06-24T07:44:20.701+0000] {logging_mixin.py:188} INFO - [2024-06-24T07:44:20.700+0000] {dagbag.py:545} INFO - Filling up the DagBag from /home/airflow/.local/lib/python3.12/site-packages/airflow/example_dags/example_skip_dag.py
[2024-06-24T07:44:20.703+0000] {processor.py:840} INFO - DAG(s) 'example_skip_dag' retrieved from /home/airflow/.local/lib/python3.12/site-packages/airflow/example_dags/example_skip_dag.py
[2024-06-24T07:44:20.711+0000] {logging_mixin.py:188} INFO - [2024-06-24T07:44:20.711+0000] {dag.py:3096} INFO - Sync 1 DAGs
[2024-06-24T07:44:20.720+0000] {logging_mixin.py:188} INFO - [2024-06-24T07:44:20.720+0000] {dag.py:3954} INFO - Setting next_dagrun for example_skip_dag to 2024-06-23 00:00:00+00:00, run_after=2024-06-24 00:00:00+00:00
[2024-06-24T07:44:20.726+0000] {processor.py:183} INFO - Processing /home/airflow/.local/lib/python3.12/site-packages/airflow/example_dags/example_skip_dag.py took 0.029 seconds
[2024-06-24T07:44:51.097+0000] {processor.py:161} INFO - Started process (PID=234) to work on /home/airflow/.local/lib/python3.12/site-packages/airflow/example_dags/example_skip_dag.py
[2024-06-24T07:44:51.098+0000] {processor.py:830} INFO - Processing file /home/airflow/.local/lib/python3.12/site-packages/airflow/example_dags/example_skip_dag.py for tasks to queue
[2024-06-24T07:44:51.098+0000] {logging_mixin.py:188} INFO - [2024-06-24T07:44:51.098+0000] {dagbag.py:545} INFO - Filling up the DagBag from /home/airflow/.local/lib/python3.12/site-packages/airflow/example_dags/example_skip_dag.py
[2024-06-24T07:44:51.101+0000] {processor.py:840} INFO - DAG(s) 'example_skip_dag' retrieved from /home/airflow/.local/lib/python3.12/site-packages/airflow/example_dags/example_skip_dag.py
[2024-06-24T07:44:51.108+0000] {logging_mixin.py:188} INFO - [2024-06-24T07:44:51.108+0000] {dag.py:3096} INFO - Sync 1 DAGs
[2024-06-24T07:44:51.116+0000] {logging_mixin.py:188} INFO - [2024-06-24T07:44:51.116+0000] {dag.py:3954} INFO - Setting next_dagrun for example_skip_dag to 2024-06-23 00:00:00+00:00, run_after=2024-06-24 00:00:00+00:00
[2024-06-24T07:44:51.122+0000] {processor.py:183} INFO - Processing /home/airflow/.local/lib/python3.12/site-packages/airflow/example_dags/example_skip_dag.py took 0.027 seconds
[2024-06-24T07:45:21.573+0000] {processor.py:161} INFO - Started process (PID=292) to work on /home/airflow/.local/lib/python3.12/site-packages/airflow/example_dags/example_skip_dag.py
[2024-06-24T07:45:21.573+0000] {processor.py:830} INFO - Processing file /home/airflow/.local/lib/python3.12/site-packages/airflow/example_dags/example_skip_dag.py for tasks to queue
[2024-06-24T07:45:21.574+0000] {logging_mixin.py:188} INFO - [2024-06-24T07:45:21.574+0000] {dagbag.py:545} INFO - Filling up the DagBag from /home/airflow/.local/lib/python3.12/site-packages/airflow/example_dags/example_skip_dag.py
[2024-06-24T07:45:21.577+0000] {processor.py:840} INFO - DAG(s) 'example_skip_dag' retrieved from /home/airflow/.local/lib/python3.12/site-packages/airflow/example_dags/example_skip_dag.py
[2024-06-24T07:45:21.585+0000] {logging_mixin.py:188} INFO - [2024-06-24T07:45:21.585+0000] {dag.py:3096} INFO - Sync 1 DAGs
[2024-06-24T07:45:21.598+0000] {logging_mixin.py:188} INFO - [2024-06-24T07:45:21.597+0000] {dag.py:3954} INFO - Setting next_dagrun for example_skip_dag to 2024-06-23 00:00:00+00:00, run_after=2024-06-24 00:00:00+00:00
[2024-06-24T07:45:21.607+0000] {processor.py:183} INFO - Processing /home/airflow/.local/lib/python3.12/site-packages/airflow/example_dags/example_skip_dag.py took 0.036 seconds
[2024-06-24T07:45:51.986+0000] {processor.py:161} INFO - Started process (PID=349) to work on /home/airflow/.local/lib/python3.12/site-packages/airflow/example_dags/example_skip_dag.py
[2024-06-24T07:45:51.986+0000] {processor.py:830} INFO - Processing file /home/airflow/.local/lib/python3.12/site-packages/airflow/example_dags/example_skip_dag.py for tasks to queue
[2024-06-24T07:45:51.987+0000] {logging_mixin.py:188} INFO - [2024-06-24T07:45:51.987+0000] {dagbag.py:545} INFO - Filling up the DagBag from /home/airflow/.local/lib/python3.12/site-packages/airflow/example_dags/example_skip_dag.py
[2024-06-24T07:45:51.990+0000] {processor.py:840} INFO - DAG(s) 'example_skip_dag' retrieved from /home/airflow/.local/lib/python3.12/site-packages/airflow/example_dags/example_skip_dag.py
[2024-06-24T07:45:51.998+0000] {logging_mixin.py:188} INFO - [2024-06-24T07:45:51.998+0000] {dag.py:3096} INFO - Sync 1 DAGs
[2024-06-24T07:45:52.007+0000] {logging_mixin.py:188} INFO - [2024-06-24T07:45:52.007+0000] {dag.py:3954} INFO - Setting next_dagrun for example_skip_dag to 2024-06-23 00:00:00+00:00, run_after=2024-06-24 00:00:00+00:00
[2024-06-24T07:45:52.013+0000] {processor.py:183} INFO - Processing /home/airflow/.local/lib/python3.12/site-packages/airflow/example_dags/example_skip_dag.py took 0.030 seconds
[2024-06-24T07:46:22.263+0000] {processor.py:161} INFO - Started process (PID=407) to work on /home/airflow/.local/lib/python3.12/site-packages/airflow/example_dags/example_skip_dag.py
[2024-06-24T07:46:22.264+0000] {processor.py:830} INFO - Processing file /home/airflow/.local/lib/python3.12/site-packages/airflow/example_dags/example_skip_dag.py for tasks to queue
[2024-06-24T07:46:22.265+0000] {logging_mixin.py:188} INFO - [2024-06-24T07:46:22.265+0000] {dagbag.py:545} INFO - Filling up the DagBag from /home/airflow/.local/lib/python3.12/site-packages/airflow/example_dags/example_skip_dag.py
[2024-06-24T07:46:22.268+0000] {processor.py:840} INFO - DAG(s) 'example_skip_dag' retrieved from /home/airflow/.local/lib/python3.12/site-packages/airflow/example_dags/example_skip_dag.py
[2024-06-24T07:46:22.278+0000] {logging_mixin.py:188} INFO - [2024-06-24T07:46:22.278+0000] {dag.py:3096} INFO - Sync 1 DAGs
[2024-06-24T07:46:22.289+0000] {logging_mixin.py:188} INFO - [2024-06-24T07:46:22.288+0000] {dag.py:3954} INFO - Setting next_dagrun for example_skip_dag to 2024-06-23 00:00:00+00:00, run_after=2024-06-24 00:00:00+00:00
[2024-06-24T07:46:22.296+0000] {processor.py:183} INFO - Processing /home/airflow/.local/lib/python3.12/site-packages/airflow/example_dags/example_skip_dag.py took 0.037 seconds
[2024-06-24T07:46:52.635+0000] {processor.py:161} INFO - Started process (PID=464) to work on /home/airflow/.local/lib/python3.12/site-packages/airflow/example_dags/example_skip_dag.py
[2024-06-24T07:46:52.636+0000] {processor.py:830} INFO - Processing file /home/airflow/.local/lib/python3.12/site-packages/airflow/example_dags/example_skip_dag.py for tasks to queue
[2024-06-24T07:46:52.636+0000] {logging_mixin.py:188} INFO - [2024-06-24T07:46:52.636+0000] {dagbag.py:545} INFO - Filling up the DagBag from /home/airflow/.local/lib/python3.12/site-packages/airflow/example_dags/example_skip_dag.py
[2024-06-24T07:46:52.639+0000] {processor.py:840} INFO - DAG(s) 'example_skip_dag' retrieved from /home/airflow/.local/lib/python3.12/site-packages/airflow/example_dags/example_skip_dag.py
[2024-06-24T07:46:52.648+0000] {logging_mixin.py:188} INFO - [2024-06-24T07:46:52.648+0000] {dag.py:3096} INFO - Sync 1 DAGs
[2024-06-24T07:46:52.657+0000] {logging_mixin.py:188} INFO - [2024-06-24T07:46:52.657+0000] {dag.py:3954} INFO - Setting next_dagrun for example_skip_dag to 2024-06-23 00:00:00+00:00, run_after=2024-06-24 00:00:00+00:00
[2024-06-24T07:46:52.665+0000] {processor.py:183} INFO - Processing /home/airflow/.local/lib/python3.12/site-packages/airflow/example_dags/example_skip_dag.py took 0.032 seconds
[2024-06-24T07:47:23.007+0000] {processor.py:161} INFO - Started process (PID=522) to work on /home/airflow/.local/lib/python3.12/site-packages/airflow/example_dags/example_skip_dag.py
[2024-06-24T07:47:23.008+0000] {processor.py:830} INFO - Processing file /home/airflow/.local/lib/python3.12/site-packages/airflow/example_dags/example_skip_dag.py for tasks to queue
[2024-06-24T07:47:23.009+0000] {logging_mixin.py:188} INFO - [2024-06-24T07:47:23.008+0000] {dagbag.py:545} INFO - Filling up the DagBag from /home/airflow/.local/lib/python3.12/site-packages/airflow/example_dags/example_skip_dag.py
[2024-06-24T07:47:23.011+0000] {processor.py:840} INFO - DAG(s) 'example_skip_dag' retrieved from /home/airflow/.local/lib/python3.12/site-packages/airflow/example_dags/example_skip_dag.py
[2024-06-24T07:47:23.021+0000] {logging_mixin.py:188} INFO - [2024-06-24T07:47:23.021+0000] {dag.py:3096} INFO - Sync 1 DAGs
[2024-06-24T07:47:23.030+0000] {logging_mixin.py:188} INFO - [2024-06-24T07:47:23.029+0000] {dag.py:3954} INFO - Setting next_dagrun for example_skip_dag to 2024-06-23 00:00:00+00:00, run_after=2024-06-24 00:00:00+00:00
[2024-06-24T07:47:23.036+0000] {processor.py:183} INFO - Processing /home/airflow/.local/lib/python3.12/site-packages/airflow/example_dags/example_skip_dag.py took 0.032 seconds
[2024-06-24T07:47:53.451+0000] {processor.py:161} INFO - Started process (PID=579) to work on /home/airflow/.local/lib/python3.12/site-packages/airflow/example_dags/example_skip_dag.py
[2024-06-24T07:47:53.451+0000] {processor.py:830} INFO - Processing file /home/airflow/.local/lib/python3.12/site-packages/airflow/example_dags/example_skip_dag.py for tasks to queue
[2024-06-24T07:47:53.452+0000] {logging_mixin.py:188} INFO - [2024-06-24T07:47:53.452+0000] {dagbag.py:545} INFO - Filling up the DagBag from /home/airflow/.local/lib/python3.12/site-packages/airflow/example_dags/example_skip_dag.py
[2024-06-24T07:47:53.455+0000] {processor.py:840} INFO - DAG(s) 'example_skip_dag' retrieved from /home/airflow/.local/lib/python3.12/site-packages/airflow/example_dags/example_skip_dag.py
[2024-06-24T07:47:53.463+0000] {logging_mixin.py:188} INFO - [2024-06-24T07:47:53.463+0000] {dag.py:3096} INFO - Sync 1 DAGs
[2024-06-24T07:47:53.471+0000] {logging_mixin.py:188} INFO - [2024-06-24T07:47:53.471+0000] {dag.py:3954} INFO - Setting next_dagrun for example_skip_dag to 2024-06-23 00:00:00+00:00, run_after=2024-06-24 00:00:00+00:00
[2024-06-24T07:47:53.478+0000] {processor.py:183} INFO - Processing /home/airflow/.local/lib/python3.12/site-packages/airflow/example_dags/example_skip_dag.py took 0.029 seconds
[2024-06-24T07:48:23.901+0000] {processor.py:161} INFO - Started process (PID=637) to work on /home/airflow/.local/lib/python3.12/site-packages/airflow/example_dags/example_skip_dag.py
[2024-06-24T07:48:23.902+0000] {processor.py:830} INFO - Processing file /home/airflow/.local/lib/python3.12/site-packages/airflow/example_dags/example_skip_dag.py for tasks to queue
[2024-06-24T07:48:23.903+0000] {logging_mixin.py:188} INFO - [2024-06-24T07:48:23.903+0000] {dagbag.py:545} INFO - Filling up the DagBag from /home/airflow/.local/lib/python3.12/site-packages/airflow/example_dags/example_skip_dag.py
[2024-06-24T07:48:23.907+0000] {processor.py:840} INFO - DAG(s) 'example_skip_dag' retrieved from /home/airflow/.local/lib/python3.12/site-packages/airflow/example_dags/example_skip_dag.py
[2024-06-24T07:48:23.917+0000] {logging_mixin.py:188} INFO - [2024-06-24T07:48:23.917+0000] {dag.py:3096} INFO - Sync 1 DAGs
[2024-06-24T07:48:23.927+0000] {logging_mixin.py:188} INFO - [2024-06-24T07:48:23.927+0000] {dag.py:3954} INFO - Setting next_dagrun for example_skip_dag to 2024-06-23 00:00:00+00:00, run_after=2024-06-24 00:00:00+00:00
[2024-06-24T07:48:23.935+0000] {processor.py:183} INFO - Processing /home/airflow/.local/lib/python3.12/site-packages/airflow/example_dags/example_skip_dag.py took 0.038 seconds
[2024-06-24T07:48:54.340+0000] {processor.py:161} INFO - Started process (PID=695) to work on /home/airflow/.local/lib/python3.12/site-packages/airflow/example_dags/example_skip_dag.py
[2024-06-24T07:48:54.341+0000] {processor.py:830} INFO - Processing file /home/airflow/.local/lib/python3.12/site-packages/airflow/example_dags/example_skip_dag.py for tasks to queue
[2024-06-24T07:48:54.342+0000] {logging_mixin.py:188} INFO - [2024-06-24T07:48:54.341+0000] {dagbag.py:545} INFO - Filling up the DagBag from /home/airflow/.local/lib/python3.12/site-packages/airflow/example_dags/example_skip_dag.py
[2024-06-24T07:48:54.345+0000] {processor.py:840} INFO - DAG(s) 'example_skip_dag' retrieved from /home/airflow/.local/lib/python3.12/site-packages/airflow/example_dags/example_skip_dag.py
[2024-06-24T07:48:54.356+0000] {logging_mixin.py:188} INFO - [2024-06-24T07:48:54.356+0000] {dag.py:3096} INFO - Sync 1 DAGs
[2024-06-24T07:48:54.368+0000] {logging_mixin.py:188} INFO - [2024-06-24T07:48:54.368+0000] {dag.py:3954} INFO - Setting next_dagrun for example_skip_dag to 2024-06-23 00:00:00+00:00, run_after=2024-06-24 00:00:00+00:00
[2024-06-24T07:48:54.380+0000] {processor.py:183} INFO - Processing /home/airflow/.local/lib/python3.12/site-packages/airflow/example_dags/example_skip_dag.py took 0.045 seconds
[2024-06-24T07:49:24.829+0000] {processor.py:161} INFO - Started process (PID=752) to work on /home/airflow/.local/lib/python3.12/site-packages/airflow/example_dags/example_skip_dag.py
[2024-06-24T07:49:24.830+0000] {processor.py:830} INFO - Processing file /home/airflow/.local/lib/python3.12/site-packages/airflow/example_dags/example_skip_dag.py for tasks to queue
[2024-06-24T07:49:24.831+0000] {logging_mixin.py:188} INFO - [2024-06-24T07:49:24.831+0000] {dagbag.py:545} INFO - Filling up the DagBag from /home/airflow/.local/lib/python3.12/site-packages/airflow/example_dags/example_skip_dag.py
[2024-06-24T07:49:24.834+0000] {processor.py:840} INFO - DAG(s) 'example_skip_dag' retrieved from /home/airflow/.local/lib/python3.12/site-packages/airflow/example_dags/example_skip_dag.py
[2024-06-24T07:49:24.845+0000] {logging_mixin.py:188} INFO - [2024-06-24T07:49:24.845+0000] {dag.py:3096} INFO - Sync 1 DAGs
[2024-06-24T07:49:24.857+0000] {logging_mixin.py:188} INFO - [2024-06-24T07:49:24.857+0000] {dag.py:3954} INFO - Setting next_dagrun for example_skip_dag to 2024-06-23 00:00:00+00:00, run_after=2024-06-24 00:00:00+00:00
[2024-06-24T07:49:24.865+0000] {processor.py:183} INFO - Processing /home/airflow/.local/lib/python3.12/site-packages/airflow/example_dags/example_skip_dag.py took 0.039 seconds
[2024-06-24T07:49:55.296+0000] {processor.py:161} INFO - Started process (PID=810) to work on /home/airflow/.local/lib/python3.12/site-packages/airflow/example_dags/example_skip_dag.py
[2024-06-24T07:49:55.297+0000] {processor.py:830} INFO - Processing file /home/airflow/.local/lib/python3.12/site-packages/airflow/example_dags/example_skip_dag.py for tasks to queue
[2024-06-24T07:49:55.298+0000] {logging_mixin.py:188} INFO - [2024-06-24T07:49:55.298+0000] {dagbag.py:545} INFO - Filling up the DagBag from /home/airflow/.local/lib/python3.12/site-packages/airflow/example_dags/example_skip_dag.py
[2024-06-24T07:49:55.301+0000] {processor.py:840} INFO - DAG(s) 'example_skip_dag' retrieved from /home/airflow/.local/lib/python3.12/site-packages/airflow/example_dags/example_skip_dag.py
[2024-06-24T07:49:55.310+0000] {logging_mixin.py:188} INFO - [2024-06-24T07:49:55.310+0000] {dag.py:3096} INFO - Sync 1 DAGs
[2024-06-24T07:49:55.318+0000] {logging_mixin.py:188} INFO - [2024-06-24T07:49:55.318+0000] {dag.py:3954} INFO - Setting next_dagrun for example_skip_dag to 2024-06-23 00:00:00+00:00, run_after=2024-06-24 00:00:00+00:00
[2024-06-24T07:49:55.325+0000] {processor.py:183} INFO - Processing /home/airflow/.local/lib/python3.12/site-packages/airflow/example_dags/example_skip_dag.py took 0.032 seconds
[2024-06-24T07:50:25.746+0000] {processor.py:161} INFO - Started process (PID=868) to work on /home/airflow/.local/lib/python3.12/site-packages/airflow/example_dags/example_skip_dag.py
[2024-06-24T07:50:25.747+0000] {processor.py:830} INFO - Processing file /home/airflow/.local/lib/python3.12/site-packages/airflow/example_dags/example_skip_dag.py for tasks to queue
[2024-06-24T07:50:25.748+0000] {logging_mixin.py:188} INFO - [2024-06-24T07:50:25.747+0000] {dagbag.py:545} INFO - Filling up the DagBag from /home/airflow/.local/lib/python3.12/site-packages/airflow/example_dags/example_skip_dag.py
[2024-06-24T07:50:25.750+0000] {processor.py:840} INFO - DAG(s) 'example_skip_dag' retrieved from /home/airflow/.local/lib/python3.12/site-packages/airflow/example_dags/example_skip_dag.py
[2024-06-24T07:50:25.759+0000] {logging_mixin.py:188} INFO - [2024-06-24T07:50:25.759+0000] {dag.py:3096} INFO - Sync 1 DAGs
[2024-06-24T07:50:25.768+0000] {logging_mixin.py:188} INFO - [2024-06-24T07:50:25.768+0000] {dag.py:3954} INFO - Setting next_dagrun for example_skip_dag to 2024-06-23 00:00:00+00:00, run_after=2024-06-24 00:00:00+00:00
[2024-06-24T07:50:25.774+0000] {processor.py:183} INFO - Processing /home/airflow/.local/lib/python3.12/site-packages/airflow/example_dags/example_skip_dag.py took 0.031 seconds
[2024-06-24T07:50:56.256+0000] {processor.py:161} INFO - Started process (PID=926) to work on /home/airflow/.local/lib/python3.12/site-packages/airflow/example_dags/example_skip_dag.py
[2024-06-24T07:50:56.257+0000] {processor.py:830} INFO - Processing file /home/airflow/.local/lib/python3.12/site-packages/airflow/example_dags/example_skip_dag.py for tasks to queue
[2024-06-24T07:50:56.258+0000] {logging_mixin.py:188} INFO - [2024-06-24T07:50:56.258+0000] {dagbag.py:545} INFO - Filling up the DagBag from /home/airflow/.local/lib/python3.12/site-packages/airflow/example_dags/example_skip_dag.py
[2024-06-24T07:50:56.261+0000] {processor.py:840} INFO - DAG(s) 'example_skip_dag' retrieved from /home/airflow/.local/lib/python3.12/site-packages/airflow/example_dags/example_skip_dag.py
[2024-06-24T07:50:56.306+0000] {logging_mixin.py:188} INFO - [2024-06-24T07:50:56.306+0000] {dag.py:3096} INFO - Sync 1 DAGs
[2024-06-24T07:50:56.323+0000] {logging_mixin.py:188} INFO - [2024-06-24T07:50:56.323+0000] {dag.py:3954} INFO - Setting next_dagrun for example_skip_dag to 2024-06-23 00:00:00+00:00, run_after=2024-06-24 00:00:00+00:00
[2024-06-24T07:50:56.331+0000] {processor.py:183} INFO - Processing /home/airflow/.local/lib/python3.12/site-packages/airflow/example_dags/example_skip_dag.py took 0.078 seconds
[2024-06-24T07:51:26.637+0000] {processor.py:161} INFO - Started process (PID=983) to work on /home/airflow/.local/lib/python3.12/site-packages/airflow/example_dags/example_skip_dag.py
[2024-06-24T07:51:26.637+0000] {processor.py:830} INFO - Processing file /home/airflow/.local/lib/python3.12/site-packages/airflow/example_dags/example_skip_dag.py for tasks to queue
[2024-06-24T07:51:26.638+0000] {logging_mixin.py:188} INFO - [2024-06-24T07:51:26.638+0000] {dagbag.py:545} INFO - Filling up the DagBag from /home/airflow/.local/lib/python3.12/site-packages/airflow/example_dags/example_skip_dag.py
[2024-06-24T07:51:26.641+0000] {processor.py:840} INFO - DAG(s) 'example_skip_dag' retrieved from /home/airflow/.local/lib/python3.12/site-packages/airflow/example_dags/example_skip_dag.py
[2024-06-24T07:51:26.650+0000] {logging_mixin.py:188} INFO - [2024-06-24T07:51:26.650+0000] {dag.py:3096} INFO - Sync 1 DAGs
[2024-06-24T07:51:26.658+0000] {logging_mixin.py:188} INFO - [2024-06-24T07:51:26.658+0000] {dag.py:3954} INFO - Setting next_dagrun for example_skip_dag to 2024-06-23 00:00:00+00:00, run_after=2024-06-24 00:00:00+00:00
[2024-06-24T07:51:26.665+0000] {processor.py:183} INFO - Processing /home/airflow/.local/lib/python3.12/site-packages/airflow/example_dags/example_skip_dag.py took 0.030 seconds
[2024-06-24T07:51:57.042+0000] {processor.py:161} INFO - Started process (PID=1040) to work on /home/airflow/.local/lib/python3.12/site-packages/airflow/example_dags/example_skip_dag.py
[2024-06-24T07:51:57.042+0000] {processor.py:830} INFO - Processing file /home/airflow/.local/lib/python3.12/site-packages/airflow/example_dags/example_skip_dag.py for tasks to queue
[2024-06-24T07:51:57.043+0000] {logging_mixin.py:188} INFO - [2024-06-24T07:51:57.043+0000] {dagbag.py:545} INFO - Filling up the DagBag from /home/airflow/.local/lib/python3.12/site-packages/airflow/example_dags/example_skip_dag.py
[2024-06-24T07:51:57.046+0000] {processor.py:840} INFO - DAG(s) 'example_skip_dag' retrieved from /home/airflow/.local/lib/python3.12/site-packages/airflow/example_dags/example_skip_dag.py
[2024-06-24T07:51:57.055+0000] {logging_mixin.py:188} INFO - [2024-06-24T07:51:57.055+0000] {dag.py:3096} INFO - Sync 1 DAGs
[2024-06-24T07:51:57.064+0000] {logging_mixin.py:188} INFO - [2024-06-24T07:51:57.064+0000] {dag.py:3954} INFO - Setting next_dagrun for example_skip_dag to 2024-06-23 00:00:00+00:00, run_after=2024-06-24 00:00:00+00:00
[2024-06-24T07:51:57.070+0000] {processor.py:183} INFO - Processing /home/airflow/.local/lib/python3.12/site-packages/airflow/example_dags/example_skip_dag.py took 0.031 seconds
[2024-06-24T07:52:27.469+0000] {processor.py:161} INFO - Started process (PID=1098) to work on /home/airflow/.local/lib/python3.12/site-packages/airflow/example_dags/example_skip_dag.py
[2024-06-24T07:52:27.469+0000] {processor.py:830} INFO - Processing file /home/airflow/.local/lib/python3.12/site-packages/airflow/example_dags/example_skip_dag.py for tasks to queue
[2024-06-24T07:52:27.470+0000] {logging_mixin.py:188} INFO - [2024-06-24T07:52:27.470+0000] {dagbag.py:545} INFO - Filling up the DagBag from /home/airflow/.local/lib/python3.12/site-packages/airflow/example_dags/example_skip_dag.py
[2024-06-24T07:52:27.472+0000] {processor.py:840} INFO - DAG(s) 'example_skip_dag' retrieved from /home/airflow/.local/lib/python3.12/site-packages/airflow/example_dags/example_skip_dag.py
[2024-06-24T07:52:27.481+0000] {logging_mixin.py:188} INFO - [2024-06-24T07:52:27.481+0000] {dag.py:3096} INFO - Sync 1 DAGs
[2024-06-24T07:52:27.489+0000] {logging_mixin.py:188} INFO - [2024-06-24T07:52:27.489+0000] {dag.py:3954} INFO - Setting next_dagrun for example_skip_dag to 2024-06-23 00:00:00+00:00, run_after=2024-06-24 00:00:00+00:00
[2024-06-24T07:52:27.495+0000] {processor.py:183} INFO - Processing /home/airflow/.local/lib/python3.12/site-packages/airflow/example_dags/example_skip_dag.py took 0.029 seconds
[2024-06-24T07:52:57.870+0000] {processor.py:161} INFO - Started process (PID=1155) to work on /home/airflow/.local/lib/python3.12/site-packages/airflow/example_dags/example_skip_dag.py
[2024-06-24T07:52:57.870+0000] {processor.py:830} INFO - Processing file /home/airflow/.local/lib/python3.12/site-packages/airflow/example_dags/example_skip_dag.py for tasks to queue
[2024-06-24T07:52:57.871+0000] {logging_mixin.py:188} INFO - [2024-06-24T07:52:57.871+0000] {dagbag.py:545} INFO - Filling up the DagBag from /home/airflow/.local/lib/python3.12/site-packages/airflow/example_dags/example_skip_dag.py
[2024-06-24T07:52:57.874+0000] {processor.py:840} INFO - DAG(s) 'example_skip_dag' retrieved from /home/airflow/.local/lib/python3.12/site-packages/airflow/example_dags/example_skip_dag.py
[2024-06-24T07:52:57.883+0000] {logging_mixin.py:188} INFO - [2024-06-24T07:52:57.883+0000] {dag.py:3096} INFO - Sync 1 DAGs
[2024-06-24T07:52:57.892+0000] {logging_mixin.py:188} INFO - [2024-06-24T07:52:57.892+0000] {dag.py:3954} INFO - Setting next_dagrun for example_skip_dag to 2024-06-23 00:00:00+00:00, run_after=2024-06-24 00:00:00+00:00
[2024-06-24T07:52:57.898+0000] {processor.py:183} INFO - Processing /home/airflow/.local/lib/python3.12/site-packages/airflow/example_dags/example_skip_dag.py took 0.031 seconds
[2024-06-24T07:53:28.309+0000] {processor.py:161} INFO - Started process (PID=1213) to work on /home/airflow/.local/lib/python3.12/site-packages/airflow/example_dags/example_skip_dag.py
[2024-06-24T07:53:28.309+0000] {processor.py:830} INFO - Processing file /home/airflow/.local/lib/python3.12/site-packages/airflow/example_dags/example_skip_dag.py for tasks to queue
[2024-06-24T07:53:28.310+0000] {logging_mixin.py:188} INFO - [2024-06-24T07:53:28.310+0000] {dagbag.py:545} INFO - Filling up the DagBag from /home/airflow/.local/lib/python3.12/site-packages/airflow/example_dags/example_skip_dag.py
[2024-06-24T07:53:28.313+0000] {processor.py:840} INFO - DAG(s) 'example_skip_dag' retrieved from /home/airflow/.local/lib/python3.12/site-packages/airflow/example_dags/example_skip_dag.py
[2024-06-24T07:53:28.323+0000] {logging_mixin.py:188} INFO - [2024-06-24T07:53:28.323+0000] {dag.py:3096} INFO - Sync 1 DAGs
[2024-06-24T07:53:28.332+0000] {logging_mixin.py:188} INFO - [2024-06-24T07:53:28.331+0000] {dag.py:3954} INFO - Setting next_dagrun for example_skip_dag to 2024-06-23 00:00:00+00:00, run_after=2024-06-24 00:00:00+00:00
[2024-06-24T07:53:28.342+0000] {processor.py:183} INFO - Processing /home/airflow/.local/lib/python3.12/site-packages/airflow/example_dags/example_skip_dag.py took 0.036 seconds
[2024-06-24T07:53:58.746+0000] {processor.py:161} INFO - Started process (PID=1271) to work on /home/airflow/.local/lib/python3.12/site-packages/airflow/example_dags/example_skip_dag.py
[2024-06-24T07:53:58.747+0000] {processor.py:830} INFO - Processing file /home/airflow/.local/lib/python3.12/site-packages/airflow/example_dags/example_skip_dag.py for tasks to queue
[2024-06-24T07:53:58.748+0000] {logging_mixin.py:188} INFO - [2024-06-24T07:53:58.747+0000] {dagbag.py:545} INFO - Filling up the DagBag from /home/airflow/.local/lib/python3.12/site-packages/airflow/example_dags/example_skip_dag.py
[2024-06-24T07:53:58.750+0000] {processor.py:840} INFO - DAG(s) 'example_skip_dag' retrieved from /home/airflow/.local/lib/python3.12/site-packages/airflow/example_dags/example_skip_dag.py
[2024-06-24T07:53:58.759+0000] {logging_mixin.py:188} INFO - [2024-06-24T07:53:58.759+0000] {dag.py:3096} INFO - Sync 1 DAGs
[2024-06-24T07:53:58.767+0000] {logging_mixin.py:188} INFO - [2024-06-24T07:53:58.767+0000] {dag.py:3954} INFO - Setting next_dagrun for example_skip_dag to 2024-06-23 00:00:00+00:00, run_after=2024-06-24 00:00:00+00:00
[2024-06-24T07:53:58.774+0000] {processor.py:183} INFO - Processing /home/airflow/.local/lib/python3.12/site-packages/airflow/example_dags/example_skip_dag.py took 0.031 seconds
[2024-06-24T07:54:29.186+0000] {processor.py:161} INFO - Started process (PID=1329) to work on /home/airflow/.local/lib/python3.12/site-packages/airflow/example_dags/example_skip_dag.py
[2024-06-24T07:54:29.187+0000] {processor.py:830} INFO - Processing file /home/airflow/.local/lib/python3.12/site-packages/airflow/example_dags/example_skip_dag.py for tasks to queue
[2024-06-24T07:54:29.188+0000] {logging_mixin.py:188} INFO - [2024-06-24T07:54:29.188+0000] {dagbag.py:545} INFO - Filling up the DagBag from /home/airflow/.local/lib/python3.12/site-packages/airflow/example_dags/example_skip_dag.py
[2024-06-24T07:54:29.191+0000] {processor.py:840} INFO - DAG(s) 'example_skip_dag' retrieved from /home/airflow/.local/lib/python3.12/site-packages/airflow/example_dags/example_skip_dag.py
[2024-06-24T07:54:29.199+0000] {logging_mixin.py:188} INFO - [2024-06-24T07:54:29.199+0000] {dag.py:3096} INFO - Sync 1 DAGs
[2024-06-24T07:54:29.208+0000] {logging_mixin.py:188} INFO - [2024-06-24T07:54:29.208+0000] {dag.py:3954} INFO - Setting next_dagrun for example_skip_dag to 2024-06-23 00:00:00+00:00, run_after=2024-06-24 00:00:00+00:00
[2024-06-24T07:54:29.215+0000] {processor.py:183} INFO - Processing /home/airflow/.local/lib/python3.12/site-packages/airflow/example_dags/example_skip_dag.py took 0.031 seconds
[2024-06-24T07:54:59.730+0000] {processor.py:161} INFO - Started process (PID=1386) to work on /home/airflow/.local/lib/python3.12/site-packages/airflow/example_dags/example_skip_dag.py
[2024-06-24T07:54:59.731+0000] {processor.py:830} INFO - Processing file /home/airflow/.local/lib/python3.12/site-packages/airflow/example_dags/example_skip_dag.py for tasks to queue
[2024-06-24T07:54:59.732+0000] {logging_mixin.py:188} INFO - [2024-06-24T07:54:59.732+0000] {dagbag.py:545} INFO - Filling up the DagBag from /home/airflow/.local/lib/python3.12/site-packages/airflow/example_dags/example_skip_dag.py
[2024-06-24T07:54:59.736+0000] {processor.py:840} INFO - DAG(s) 'example_skip_dag' retrieved from /home/airflow/.local/lib/python3.12/site-packages/airflow/example_dags/example_skip_dag.py
[2024-06-24T07:54:59.745+0000] {logging_mixin.py:188} INFO - [2024-06-24T07:54:59.745+0000] {dag.py:3096} INFO - Sync 1 DAGs
[2024-06-24T07:54:59.754+0000] {logging_mixin.py:188} INFO - [2024-06-24T07:54:59.754+0000] {dag.py:3954} INFO - Setting next_dagrun for example_skip_dag to 2024-06-23 00:00:00+00:00, run_after=2024-06-24 00:00:00+00:00
[2024-06-24T07:54:59.761+0000] {processor.py:183} INFO - Processing /home/airflow/.local/lib/python3.12/site-packages/airflow/example_dags/example_skip_dag.py took 0.034 seconds
[2024-06-24T07:55:30.273+0000] {processor.py:161} INFO - Started process (PID=1444) to work on /home/airflow/.local/lib/python3.12/site-packages/airflow/example_dags/example_skip_dag.py
[2024-06-24T07:55:30.274+0000] {processor.py:830} INFO - Processing file /home/airflow/.local/lib/python3.12/site-packages/airflow/example_dags/example_skip_dag.py for tasks to queue
[2024-06-24T07:55:30.275+0000] {logging_mixin.py:188} INFO - [2024-06-24T07:55:30.275+0000] {dagbag.py:545} INFO - Filling up the DagBag from /home/airflow/.local/lib/python3.12/site-packages/airflow/example_dags/example_skip_dag.py
[2024-06-24T07:55:30.277+0000] {processor.py:840} INFO - DAG(s) 'example_skip_dag' retrieved from /home/airflow/.local/lib/python3.12/site-packages/airflow/example_dags/example_skip_dag.py
[2024-06-24T07:55:30.287+0000] {logging_mixin.py:188} INFO - [2024-06-24T07:55:30.287+0000] {dag.py:3096} INFO - Sync 1 DAGs
[2024-06-24T07:55:30.296+0000] {logging_mixin.py:188} INFO - [2024-06-24T07:55:30.296+0000] {dag.py:3954} INFO - Setting next_dagrun for example_skip_dag to 2024-06-23 00:00:00+00:00, run_after=2024-06-24 00:00:00+00:00
[2024-06-24T07:55:30.303+0000] {processor.py:183} INFO - Processing /home/airflow/.local/lib/python3.12/site-packages/airflow/example_dags/example_skip_dag.py took 0.033 seconds
[2024-06-24T07:56:00.863+0000] {processor.py:161} INFO - Started process (PID=1502) to work on /home/airflow/.local/lib/python3.12/site-packages/airflow/example_dags/example_skip_dag.py
[2024-06-24T07:56:00.864+0000] {processor.py:830} INFO - Processing file /home/airflow/.local/lib/python3.12/site-packages/airflow/example_dags/example_skip_dag.py for tasks to queue
[2024-06-24T07:56:00.865+0000] {logging_mixin.py:188} INFO - [2024-06-24T07:56:00.864+0000] {dagbag.py:545} INFO - Filling up the DagBag from /home/airflow/.local/lib/python3.12/site-packages/airflow/example_dags/example_skip_dag.py
[2024-06-24T07:56:00.869+0000] {processor.py:840} INFO - DAG(s) 'example_skip_dag' retrieved from /home/airflow/.local/lib/python3.12/site-packages/airflow/example_dags/example_skip_dag.py
[2024-06-24T07:56:00.879+0000] {logging_mixin.py:188} INFO - [2024-06-24T07:56:00.879+0000] {dag.py:3096} INFO - Sync 1 DAGs
[2024-06-24T07:56:00.888+0000] {logging_mixin.py:188} INFO - [2024-06-24T07:56:00.888+0000] {dag.py:3954} INFO - Setting next_dagrun for example_skip_dag to 2024-06-23 00:00:00+00:00, run_after=2024-06-24 00:00:00+00:00
[2024-06-24T07:56:00.895+0000] {processor.py:183} INFO - Processing /home/airflow/.local/lib/python3.12/site-packages/airflow/example_dags/example_skip_dag.py took 0.035 seconds
[2024-06-24T07:56:31.477+0000] {processor.py:161} INFO - Started process (PID=1559) to work on /home/airflow/.local/lib/python3.12/site-packages/airflow/example_dags/example_skip_dag.py
[2024-06-24T07:56:31.478+0000] {processor.py:830} INFO - Processing file /home/airflow/.local/lib/python3.12/site-packages/airflow/example_dags/example_skip_dag.py for tasks to queue
[2024-06-24T07:56:31.480+0000] {logging_mixin.py:188} INFO - [2024-06-24T07:56:31.479+0000] {dagbag.py:545} INFO - Filling up the DagBag from /home/airflow/.local/lib/python3.12/site-packages/airflow/example_dags/example_skip_dag.py
[2024-06-24T07:56:31.483+0000] {processor.py:840} INFO - DAG(s) 'example_skip_dag' retrieved from /home/airflow/.local/lib/python3.12/site-packages/airflow/example_dags/example_skip_dag.py
[2024-06-24T07:56:31.493+0000] {logging_mixin.py:188} INFO - [2024-06-24T07:56:31.493+0000] {dag.py:3096} INFO - Sync 1 DAGs
[2024-06-24T07:56:31.502+0000] {logging_mixin.py:188} INFO - [2024-06-24T07:56:31.502+0000] {dag.py:3954} INFO - Setting next_dagrun for example_skip_dag to 2024-06-23 00:00:00+00:00, run_after=2024-06-24 00:00:00+00:00
[2024-06-24T07:56:31.509+0000] {processor.py:183} INFO - Processing /home/airflow/.local/lib/python3.12/site-packages/airflow/example_dags/example_skip_dag.py took 0.035 seconds
[2024-06-24T07:57:02.571+0000] {processor.py:161} INFO - Started process (PID=1618) to work on /home/airflow/.local/lib/python3.12/site-packages/airflow/example_dags/example_skip_dag.py
[2024-06-24T07:57:02.572+0000] {processor.py:830} INFO - Processing file /home/airflow/.local/lib/python3.12/site-packages/airflow/example_dags/example_skip_dag.py for tasks to queue
[2024-06-24T07:57:02.573+0000] {logging_mixin.py:188} INFO - [2024-06-24T07:57:02.572+0000] {dagbag.py:545} INFO - Filling up the DagBag from /home/airflow/.local/lib/python3.12/site-packages/airflow/example_dags/example_skip_dag.py
[2024-06-24T07:57:02.575+0000] {processor.py:840} INFO - DAG(s) 'example_skip_dag' retrieved from /home/airflow/.local/lib/python3.12/site-packages/airflow/example_dags/example_skip_dag.py
[2024-06-24T07:57:02.584+0000] {logging_mixin.py:188} INFO - [2024-06-24T07:57:02.584+0000] {dag.py:3096} INFO - Sync 1 DAGs
[2024-06-24T07:57:02.592+0000] {logging_mixin.py:188} INFO - [2024-06-24T07:57:02.592+0000] {dag.py:3954} INFO - Setting next_dagrun for example_skip_dag to 2024-06-23 00:00:00+00:00, run_after=2024-06-24 00:00:00+00:00
[2024-06-24T07:57:02.599+0000] {processor.py:183} INFO - Processing /home/airflow/.local/lib/python3.12/site-packages/airflow/example_dags/example_skip_dag.py took 0.030 seconds
[2024-06-24T07:57:33.878+0000] {processor.py:161} INFO - Started process (PID=1676) to work on /home/airflow/.local/lib/python3.12/site-packages/airflow/example_dags/example_skip_dag.py
[2024-06-24T07:57:33.879+0000] {processor.py:830} INFO - Processing file /home/airflow/.local/lib/python3.12/site-packages/airflow/example_dags/example_skip_dag.py for tasks to queue
[2024-06-24T07:57:33.880+0000] {logging_mixin.py:188} INFO - [2024-06-24T07:57:33.880+0000] {dagbag.py:545} INFO - Filling up the DagBag from /home/airflow/.local/lib/python3.12/site-packages/airflow/example_dags/example_skip_dag.py
[2024-06-24T07:57:33.883+0000] {processor.py:840} INFO - DAG(s) 'example_skip_dag' retrieved from /home/airflow/.local/lib/python3.12/site-packages/airflow/example_dags/example_skip_dag.py
[2024-06-24T07:57:33.892+0000] {logging_mixin.py:188} INFO - [2024-06-24T07:57:33.892+0000] {dag.py:3096} INFO - Sync 1 DAGs
[2024-06-24T07:57:33.991+0000] {logging_mixin.py:188} INFO - [2024-06-24T07:57:33.991+0000] {dag.py:3954} INFO - Setting next_dagrun for example_skip_dag to 2024-06-23 00:00:00+00:00, run_after=2024-06-24 00:00:00+00:00
[2024-06-24T07:57:33.998+0000] {processor.py:183} INFO - Processing /home/airflow/.local/lib/python3.12/site-packages/airflow/example_dags/example_skip_dag.py took 0.122 seconds
[2024-06-24T07:58:04.838+0000] {processor.py:161} INFO - Started process (PID=1734) to work on /home/airflow/.local/lib/python3.12/site-packages/airflow/example_dags/example_skip_dag.py
[2024-06-24T07:58:04.839+0000] {processor.py:830} INFO - Processing file /home/airflow/.local/lib/python3.12/site-packages/airflow/example_dags/example_skip_dag.py for tasks to queue
[2024-06-24T07:58:04.840+0000] {logging_mixin.py:188} INFO - [2024-06-24T07:58:04.840+0000] {dagbag.py:545} INFO - Filling up the DagBag from /home/airflow/.local/lib/python3.12/site-packages/airflow/example_dags/example_skip_dag.py
[2024-06-24T07:58:04.843+0000] {processor.py:840} INFO - DAG(s) 'example_skip_dag' retrieved from /home/airflow/.local/lib/python3.12/site-packages/airflow/example_dags/example_skip_dag.py
[2024-06-24T07:58:04.853+0000] {logging_mixin.py:188} INFO - [2024-06-24T07:58:04.853+0000] {dag.py:3096} INFO - Sync 1 DAGs
[2024-06-24T07:58:04.957+0000] {logging_mixin.py:188} INFO - [2024-06-24T07:58:04.957+0000] {dag.py:3954} INFO - Setting next_dagrun for example_skip_dag to 2024-06-23 00:00:00+00:00, run_after=2024-06-24 00:00:00+00:00
[2024-06-24T07:58:04.963+0000] {processor.py:183} INFO - Processing /home/airflow/.local/lib/python3.12/site-packages/airflow/example_dags/example_skip_dag.py took 0.127 seconds
[2024-06-24T07:58:35.544+0000] {processor.py:161} INFO - Started process (PID=1792) to work on /home/airflow/.local/lib/python3.12/site-packages/airflow/example_dags/example_skip_dag.py
[2024-06-24T07:58:35.545+0000] {processor.py:830} INFO - Processing file /home/airflow/.local/lib/python3.12/site-packages/airflow/example_dags/example_skip_dag.py for tasks to queue
[2024-06-24T07:58:35.546+0000] {logging_mixin.py:188} INFO - [2024-06-24T07:58:35.545+0000] {dagbag.py:545} INFO - Filling up the DagBag from /home/airflow/.local/lib/python3.12/site-packages/airflow/example_dags/example_skip_dag.py
[2024-06-24T07:58:35.548+0000] {processor.py:840} INFO - DAG(s) 'example_skip_dag' retrieved from /home/airflow/.local/lib/python3.12/site-packages/airflow/example_dags/example_skip_dag.py
[2024-06-24T07:58:35.557+0000] {logging_mixin.py:188} INFO - [2024-06-24T07:58:35.557+0000] {dag.py:3096} INFO - Sync 1 DAGs
[2024-06-24T07:58:35.627+0000] {logging_mixin.py:188} INFO - [2024-06-24T07:58:35.627+0000] {dag.py:3954} INFO - Setting next_dagrun for example_skip_dag to 2024-06-23 00:00:00+00:00, run_after=2024-06-24 00:00:00+00:00
[2024-06-24T07:58:35.633+0000] {processor.py:183} INFO - Processing /home/airflow/.local/lib/python3.12/site-packages/airflow/example_dags/example_skip_dag.py took 0.092 seconds
[2024-06-24T07:59:05.945+0000] {processor.py:161} INFO - Started process (PID=1850) to work on /home/airflow/.local/lib/python3.12/site-packages/airflow/example_dags/example_skip_dag.py
[2024-06-24T07:59:05.945+0000] {processor.py:830} INFO - Processing file /home/airflow/.local/lib/python3.12/site-packages/airflow/example_dags/example_skip_dag.py for tasks to queue
[2024-06-24T07:59:05.946+0000] {logging_mixin.py:188} INFO - [2024-06-24T07:59:05.946+0000] {dagbag.py:545} INFO - Filling up the DagBag from /home/airflow/.local/lib/python3.12/site-packages/airflow/example_dags/example_skip_dag.py
[2024-06-24T07:59:05.949+0000] {processor.py:840} INFO - DAG(s) 'example_skip_dag' retrieved from /home/airflow/.local/lib/python3.12/site-packages/airflow/example_dags/example_skip_dag.py
[2024-06-24T07:59:05.959+0000] {logging_mixin.py:188} INFO - [2024-06-24T07:59:05.959+0000] {dag.py:3096} INFO - Sync 1 DAGs
[2024-06-24T07:59:06.059+0000] {logging_mixin.py:188} INFO - [2024-06-24T07:59:06.059+0000] {dag.py:3954} INFO - Setting next_dagrun for example_skip_dag to 2024-06-23 00:00:00+00:00, run_after=2024-06-24 00:00:00+00:00
[2024-06-24T07:59:06.066+0000] {processor.py:183} INFO - Processing /home/airflow/.local/lib/python3.12/site-packages/airflow/example_dags/example_skip_dag.py took 0.124 seconds
