[2024-06-24T07:43:19.687+0000] {processor.py:161} INFO - Started process (PID=62) to work on /home/airflow/.local/lib/python3.12/site-packages/airflow/example_dags/example_latest_only.py
[2024-06-24T07:43:19.688+0000] {processor.py:830} INFO - Processing file /home/airflow/.local/lib/python3.12/site-packages/airflow/example_dags/example_latest_only.py for tasks to queue
[2024-06-24T07:43:19.689+0000] {logging_mixin.py:188} INFO - [2024-06-24T07:43:19.689+0000] {dagbag.py:545} INFO - Filling up the DagBag from /home/airflow/.local/lib/python3.12/site-packages/airflow/example_dags/example_latest_only.py
[2024-06-24T07:43:19.695+0000] {processor.py:840} INFO - DAG(s) 'latest_only' retrieved from /home/airflow/.local/lib/python3.12/site-packages/airflow/example_dags/example_latest_only.py
[2024-06-24T07:43:19.706+0000] {logging_mixin.py:188} INFO - [2024-06-24T07:43:19.706+0000] {dag.py:3096} INFO - Sync 1 DAGs
[2024-06-24T07:43:19.717+0000] {logging_mixin.py:188} INFO - [2024-06-24T07:43:19.717+0000] {dag.py:3954} INFO - Setting next_dagrun for latest_only to 2024-06-24 00:00:00+00:00, run_after=2024-06-24 04:00:00+00:00
[2024-06-24T07:43:19.728+0000] {processor.py:183} INFO - Processing /home/airflow/.local/lib/python3.12/site-packages/airflow/example_dags/example_latest_only.py took 0.044 seconds
[2024-06-24T07:43:50.336+0000] {processor.py:161} INFO - Started process (PID=120) to work on /home/airflow/.local/lib/python3.12/site-packages/airflow/example_dags/example_latest_only.py
[2024-06-24T07:43:50.336+0000] {processor.py:830} INFO - Processing file /home/airflow/.local/lib/python3.12/site-packages/airflow/example_dags/example_latest_only.py for tasks to queue
[2024-06-24T07:43:50.337+0000] {logging_mixin.py:188} INFO - [2024-06-24T07:43:50.337+0000] {dagbag.py:545} INFO - Filling up the DagBag from /home/airflow/.local/lib/python3.12/site-packages/airflow/example_dags/example_latest_only.py
[2024-06-24T07:43:50.339+0000] {processor.py:840} INFO - DAG(s) 'latest_only' retrieved from /home/airflow/.local/lib/python3.12/site-packages/airflow/example_dags/example_latest_only.py
[2024-06-24T07:43:50.347+0000] {logging_mixin.py:188} INFO - [2024-06-24T07:43:50.347+0000] {dag.py:3096} INFO - Sync 1 DAGs
[2024-06-24T07:43:50.355+0000] {logging_mixin.py:188} INFO - [2024-06-24T07:43:50.355+0000] {dag.py:3954} INFO - Setting next_dagrun for latest_only to 2024-06-24 00:00:00+00:00, run_after=2024-06-24 04:00:00+00:00
[2024-06-24T07:43:50.362+0000] {processor.py:183} INFO - Processing /home/airflow/.local/lib/python3.12/site-packages/airflow/example_dags/example_latest_only.py took 0.028 seconds
[2024-06-24T07:44:20.735+0000] {processor.py:161} INFO - Started process (PID=178) to work on /home/airflow/.local/lib/python3.12/site-packages/airflow/example_dags/example_latest_only.py
[2024-06-24T07:44:20.736+0000] {processor.py:830} INFO - Processing file /home/airflow/.local/lib/python3.12/site-packages/airflow/example_dags/example_latest_only.py for tasks to queue
[2024-06-24T07:44:20.737+0000] {logging_mixin.py:188} INFO - [2024-06-24T07:44:20.737+0000] {dagbag.py:545} INFO - Filling up the DagBag from /home/airflow/.local/lib/python3.12/site-packages/airflow/example_dags/example_latest_only.py
[2024-06-24T07:44:20.739+0000] {processor.py:840} INFO - DAG(s) 'latest_only' retrieved from /home/airflow/.local/lib/python3.12/site-packages/airflow/example_dags/example_latest_only.py
[2024-06-24T07:44:20.746+0000] {logging_mixin.py:188} INFO - [2024-06-24T07:44:20.746+0000] {dag.py:3096} INFO - Sync 1 DAGs
[2024-06-24T07:44:20.755+0000] {logging_mixin.py:188} INFO - [2024-06-24T07:44:20.754+0000] {dag.py:3954} INFO - Setting next_dagrun for latest_only to 2024-06-24 00:00:00+00:00, run_after=2024-06-24 04:00:00+00:00
[2024-06-24T07:44:20.761+0000] {processor.py:183} INFO - Processing /home/airflow/.local/lib/python3.12/site-packages/airflow/example_dags/example_latest_only.py took 0.028 seconds
[2024-06-24T07:44:51.131+0000] {processor.py:161} INFO - Started process (PID=236) to work on /home/airflow/.local/lib/python3.12/site-packages/airflow/example_dags/example_latest_only.py
[2024-06-24T07:44:51.131+0000] {processor.py:830} INFO - Processing file /home/airflow/.local/lib/python3.12/site-packages/airflow/example_dags/example_latest_only.py for tasks to queue
[2024-06-24T07:44:51.132+0000] {logging_mixin.py:188} INFO - [2024-06-24T07:44:51.132+0000] {dagbag.py:545} INFO - Filling up the DagBag from /home/airflow/.local/lib/python3.12/site-packages/airflow/example_dags/example_latest_only.py
[2024-06-24T07:44:51.134+0000] {processor.py:840} INFO - DAG(s) 'latest_only' retrieved from /home/airflow/.local/lib/python3.12/site-packages/airflow/example_dags/example_latest_only.py
[2024-06-24T07:44:51.141+0000] {logging_mixin.py:188} INFO - [2024-06-24T07:44:51.141+0000] {dag.py:3096} INFO - Sync 1 DAGs
[2024-06-24T07:44:51.149+0000] {logging_mixin.py:188} INFO - [2024-06-24T07:44:51.149+0000] {dag.py:3954} INFO - Setting next_dagrun for latest_only to 2024-06-24 00:00:00+00:00, run_after=2024-06-24 04:00:00+00:00
[2024-06-24T07:44:51.155+0000] {processor.py:183} INFO - Processing /home/airflow/.local/lib/python3.12/site-packages/airflow/example_dags/example_latest_only.py took 0.027 seconds
[2024-06-24T07:45:21.616+0000] {processor.py:161} INFO - Started process (PID=294) to work on /home/airflow/.local/lib/python3.12/site-packages/airflow/example_dags/example_latest_only.py
[2024-06-24T07:45:21.617+0000] {processor.py:830} INFO - Processing file /home/airflow/.local/lib/python3.12/site-packages/airflow/example_dags/example_latest_only.py for tasks to queue
[2024-06-24T07:45:21.617+0000] {logging_mixin.py:188} INFO - [2024-06-24T07:45:21.617+0000] {dagbag.py:545} INFO - Filling up the DagBag from /home/airflow/.local/lib/python3.12/site-packages/airflow/example_dags/example_latest_only.py
[2024-06-24T07:45:21.619+0000] {processor.py:840} INFO - DAG(s) 'latest_only' retrieved from /home/airflow/.local/lib/python3.12/site-packages/airflow/example_dags/example_latest_only.py
[2024-06-24T07:45:21.627+0000] {logging_mixin.py:188} INFO - [2024-06-24T07:45:21.627+0000] {dag.py:3096} INFO - Sync 1 DAGs
[2024-06-24T07:45:21.635+0000] {logging_mixin.py:188} INFO - [2024-06-24T07:45:21.635+0000] {dag.py:3954} INFO - Setting next_dagrun for latest_only to 2024-06-24 00:00:00+00:00, run_after=2024-06-24 04:00:00+00:00
[2024-06-24T07:45:21.641+0000] {processor.py:183} INFO - Processing /home/airflow/.local/lib/python3.12/site-packages/airflow/example_dags/example_latest_only.py took 0.027 seconds
[2024-06-24T07:45:52.024+0000] {processor.py:161} INFO - Started process (PID=351) to work on /home/airflow/.local/lib/python3.12/site-packages/airflow/example_dags/example_latest_only.py
[2024-06-24T07:45:52.027+0000] {processor.py:830} INFO - Processing file /home/airflow/.local/lib/python3.12/site-packages/airflow/example_dags/example_latest_only.py for tasks to queue
[2024-06-24T07:45:52.028+0000] {logging_mixin.py:188} INFO - [2024-06-24T07:45:52.028+0000] {dagbag.py:545} INFO - Filling up the DagBag from /home/airflow/.local/lib/python3.12/site-packages/airflow/example_dags/example_latest_only.py
[2024-06-24T07:45:52.032+0000] {processor.py:840} INFO - DAG(s) 'latest_only' retrieved from /home/airflow/.local/lib/python3.12/site-packages/airflow/example_dags/example_latest_only.py
[2024-06-24T07:45:52.041+0000] {logging_mixin.py:188} INFO - [2024-06-24T07:45:52.041+0000] {dag.py:3096} INFO - Sync 1 DAGs
[2024-06-24T07:45:52.050+0000] {logging_mixin.py:188} INFO - [2024-06-24T07:45:52.050+0000] {dag.py:3954} INFO - Setting next_dagrun for latest_only to 2024-06-24 00:00:00+00:00, run_after=2024-06-24 04:00:00+00:00
[2024-06-24T07:45:52.057+0000] {processor.py:183} INFO - Processing /home/airflow/.local/lib/python3.12/site-packages/airflow/example_dags/example_latest_only.py took 0.037 seconds
[2024-06-24T07:46:22.341+0000] {processor.py:161} INFO - Started process (PID=409) to work on /home/airflow/.local/lib/python3.12/site-packages/airflow/example_dags/example_latest_only.py
[2024-06-24T07:46:22.341+0000] {processor.py:830} INFO - Processing file /home/airflow/.local/lib/python3.12/site-packages/airflow/example_dags/example_latest_only.py for tasks to queue
[2024-06-24T07:46:22.342+0000] {logging_mixin.py:188} INFO - [2024-06-24T07:46:22.342+0000] {dagbag.py:545} INFO - Filling up the DagBag from /home/airflow/.local/lib/python3.12/site-packages/airflow/example_dags/example_latest_only.py
[2024-06-24T07:46:22.344+0000] {processor.py:840} INFO - DAG(s) 'latest_only' retrieved from /home/airflow/.local/lib/python3.12/site-packages/airflow/example_dags/example_latest_only.py
[2024-06-24T07:46:22.352+0000] {logging_mixin.py:188} INFO - [2024-06-24T07:46:22.352+0000] {dag.py:3096} INFO - Sync 1 DAGs
[2024-06-24T07:46:22.361+0000] {logging_mixin.py:188} INFO - [2024-06-24T07:46:22.361+0000] {dag.py:3954} INFO - Setting next_dagrun for latest_only to 2024-06-24 00:00:00+00:00, run_after=2024-06-24 04:00:00+00:00
[2024-06-24T07:46:22.369+0000] {processor.py:183} INFO - Processing /home/airflow/.local/lib/python3.12/site-packages/airflow/example_dags/example_latest_only.py took 0.031 seconds
[2024-06-24T07:46:52.720+0000] {processor.py:161} INFO - Started process (PID=466) to work on /home/airflow/.local/lib/python3.12/site-packages/airflow/example_dags/example_latest_only.py
[2024-06-24T07:46:52.721+0000] {processor.py:830} INFO - Processing file /home/airflow/.local/lib/python3.12/site-packages/airflow/example_dags/example_latest_only.py for tasks to queue
[2024-06-24T07:46:52.722+0000] {logging_mixin.py:188} INFO - [2024-06-24T07:46:52.721+0000] {dagbag.py:545} INFO - Filling up the DagBag from /home/airflow/.local/lib/python3.12/site-packages/airflow/example_dags/example_latest_only.py
[2024-06-24T07:46:52.724+0000] {processor.py:840} INFO - DAG(s) 'latest_only' retrieved from /home/airflow/.local/lib/python3.12/site-packages/airflow/example_dags/example_latest_only.py
[2024-06-24T07:46:52.735+0000] {logging_mixin.py:188} INFO - [2024-06-24T07:46:52.735+0000] {dag.py:3096} INFO - Sync 1 DAGs
[2024-06-24T07:46:52.748+0000] {logging_mixin.py:188} INFO - [2024-06-24T07:46:52.748+0000] {dag.py:3954} INFO - Setting next_dagrun for latest_only to 2024-06-24 00:00:00+00:00, run_after=2024-06-24 04:00:00+00:00
[2024-06-24T07:46:52.759+0000] {processor.py:183} INFO - Processing /home/airflow/.local/lib/python3.12/site-packages/airflow/example_dags/example_latest_only.py took 0.042 seconds
[2024-06-24T07:47:23.078+0000] {processor.py:161} INFO - Started process (PID=524) to work on /home/airflow/.local/lib/python3.12/site-packages/airflow/example_dags/example_latest_only.py
[2024-06-24T07:47:23.078+0000] {processor.py:830} INFO - Processing file /home/airflow/.local/lib/python3.12/site-packages/airflow/example_dags/example_latest_only.py for tasks to queue
[2024-06-24T07:47:23.079+0000] {logging_mixin.py:188} INFO - [2024-06-24T07:47:23.079+0000] {dagbag.py:545} INFO - Filling up the DagBag from /home/airflow/.local/lib/python3.12/site-packages/airflow/example_dags/example_latest_only.py
[2024-06-24T07:47:23.081+0000] {processor.py:840} INFO - DAG(s) 'latest_only' retrieved from /home/airflow/.local/lib/python3.12/site-packages/airflow/example_dags/example_latest_only.py
[2024-06-24T07:47:23.090+0000] {logging_mixin.py:188} INFO - [2024-06-24T07:47:23.090+0000] {dag.py:3096} INFO - Sync 1 DAGs
[2024-06-24T07:47:23.099+0000] {logging_mixin.py:188} INFO - [2024-06-24T07:47:23.099+0000] {dag.py:3954} INFO - Setting next_dagrun for latest_only to 2024-06-24 00:00:00+00:00, run_after=2024-06-24 04:00:00+00:00
[2024-06-24T07:47:23.106+0000] {processor.py:183} INFO - Processing /home/airflow/.local/lib/python3.12/site-packages/airflow/example_dags/example_latest_only.py took 0.031 seconds
[2024-06-24T07:47:53.487+0000] {processor.py:161} INFO - Started process (PID=581) to work on /home/airflow/.local/lib/python3.12/site-packages/airflow/example_dags/example_latest_only.py
[2024-06-24T07:47:53.488+0000] {processor.py:830} INFO - Processing file /home/airflow/.local/lib/python3.12/site-packages/airflow/example_dags/example_latest_only.py for tasks to queue
[2024-06-24T07:47:53.489+0000] {logging_mixin.py:188} INFO - [2024-06-24T07:47:53.488+0000] {dagbag.py:545} INFO - Filling up the DagBag from /home/airflow/.local/lib/python3.12/site-packages/airflow/example_dags/example_latest_only.py
[2024-06-24T07:47:53.491+0000] {processor.py:840} INFO - DAG(s) 'latest_only' retrieved from /home/airflow/.local/lib/python3.12/site-packages/airflow/example_dags/example_latest_only.py
[2024-06-24T07:47:53.498+0000] {logging_mixin.py:188} INFO - [2024-06-24T07:47:53.498+0000] {dag.py:3096} INFO - Sync 1 DAGs
[2024-06-24T07:47:53.506+0000] {logging_mixin.py:188} INFO - [2024-06-24T07:47:53.506+0000] {dag.py:3954} INFO - Setting next_dagrun for latest_only to 2024-06-24 00:00:00+00:00, run_after=2024-06-24 04:00:00+00:00
[2024-06-24T07:47:53.513+0000] {processor.py:183} INFO - Processing /home/airflow/.local/lib/python3.12/site-packages/airflow/example_dags/example_latest_only.py took 0.028 seconds
[2024-06-24T07:48:23.949+0000] {processor.py:161} INFO - Started process (PID=639) to work on /home/airflow/.local/lib/python3.12/site-packages/airflow/example_dags/example_latest_only.py
[2024-06-24T07:48:23.951+0000] {processor.py:830} INFO - Processing file /home/airflow/.local/lib/python3.12/site-packages/airflow/example_dags/example_latest_only.py for tasks to queue
[2024-06-24T07:48:23.953+0000] {logging_mixin.py:188} INFO - [2024-06-24T07:48:23.952+0000] {dagbag.py:545} INFO - Filling up the DagBag from /home/airflow/.local/lib/python3.12/site-packages/airflow/example_dags/example_latest_only.py
[2024-06-24T07:48:23.957+0000] {processor.py:840} INFO - DAG(s) 'latest_only' retrieved from /home/airflow/.local/lib/python3.12/site-packages/airflow/example_dags/example_latest_only.py
[2024-06-24T07:48:23.970+0000] {logging_mixin.py:188} INFO - [2024-06-24T07:48:23.970+0000] {dag.py:3096} INFO - Sync 1 DAGs
[2024-06-24T07:48:23.980+0000] {logging_mixin.py:188} INFO - [2024-06-24T07:48:23.980+0000] {dag.py:3954} INFO - Setting next_dagrun for latest_only to 2024-06-24 00:00:00+00:00, run_after=2024-06-24 04:00:00+00:00
[2024-06-24T07:48:23.989+0000] {processor.py:183} INFO - Processing /home/airflow/.local/lib/python3.12/site-packages/airflow/example_dags/example_latest_only.py took 0.044 seconds
[2024-06-24T07:48:54.404+0000] {processor.py:161} INFO - Started process (PID=697) to work on /home/airflow/.local/lib/python3.12/site-packages/airflow/example_dags/example_latest_only.py
[2024-06-24T07:48:54.405+0000] {processor.py:830} INFO - Processing file /home/airflow/.local/lib/python3.12/site-packages/airflow/example_dags/example_latest_only.py for tasks to queue
[2024-06-24T07:48:54.406+0000] {logging_mixin.py:188} INFO - [2024-06-24T07:48:54.406+0000] {dagbag.py:545} INFO - Filling up the DagBag from /home/airflow/.local/lib/python3.12/site-packages/airflow/example_dags/example_latest_only.py
[2024-06-24T07:48:54.409+0000] {processor.py:840} INFO - DAG(s) 'latest_only' retrieved from /home/airflow/.local/lib/python3.12/site-packages/airflow/example_dags/example_latest_only.py
[2024-06-24T07:48:54.421+0000] {logging_mixin.py:188} INFO - [2024-06-24T07:48:54.420+0000] {dag.py:3096} INFO - Sync 1 DAGs
[2024-06-24T07:48:54.430+0000] {logging_mixin.py:188} INFO - [2024-06-24T07:48:54.429+0000] {dag.py:3954} INFO - Setting next_dagrun for latest_only to 2024-06-24 00:00:00+00:00, run_after=2024-06-24 04:00:00+00:00
[2024-06-24T07:48:54.438+0000] {processor.py:183} INFO - Processing /home/airflow/.local/lib/python3.12/site-packages/airflow/example_dags/example_latest_only.py took 0.038 seconds
[2024-06-24T07:49:24.880+0000] {processor.py:161} INFO - Started process (PID=754) to work on /home/airflow/.local/lib/python3.12/site-packages/airflow/example_dags/example_latest_only.py
[2024-06-24T07:49:24.880+0000] {processor.py:830} INFO - Processing file /home/airflow/.local/lib/python3.12/site-packages/airflow/example_dags/example_latest_only.py for tasks to queue
[2024-06-24T07:49:24.881+0000] {logging_mixin.py:188} INFO - [2024-06-24T07:49:24.881+0000] {dagbag.py:545} INFO - Filling up the DagBag from /home/airflow/.local/lib/python3.12/site-packages/airflow/example_dags/example_latest_only.py
[2024-06-24T07:49:24.883+0000] {processor.py:840} INFO - DAG(s) 'latest_only' retrieved from /home/airflow/.local/lib/python3.12/site-packages/airflow/example_dags/example_latest_only.py
[2024-06-24T07:49:24.892+0000] {logging_mixin.py:188} INFO - [2024-06-24T07:49:24.892+0000] {dag.py:3096} INFO - Sync 1 DAGs
[2024-06-24T07:49:24.901+0000] {logging_mixin.py:188} INFO - [2024-06-24T07:49:24.901+0000] {dag.py:3954} INFO - Setting next_dagrun for latest_only to 2024-06-24 00:00:00+00:00, run_after=2024-06-24 04:00:00+00:00
[2024-06-24T07:49:24.908+0000] {processor.py:183} INFO - Processing /home/airflow/.local/lib/python3.12/site-packages/airflow/example_dags/example_latest_only.py took 0.030 seconds
[2024-06-24T07:49:55.334+0000] {processor.py:161} INFO - Started process (PID=812) to work on /home/airflow/.local/lib/python3.12/site-packages/airflow/example_dags/example_latest_only.py
[2024-06-24T07:49:55.335+0000] {processor.py:830} INFO - Processing file /home/airflow/.local/lib/python3.12/site-packages/airflow/example_dags/example_latest_only.py for tasks to queue
[2024-06-24T07:49:55.336+0000] {logging_mixin.py:188} INFO - [2024-06-24T07:49:55.336+0000] {dagbag.py:545} INFO - Filling up the DagBag from /home/airflow/.local/lib/python3.12/site-packages/airflow/example_dags/example_latest_only.py
[2024-06-24T07:49:55.338+0000] {processor.py:840} INFO - DAG(s) 'latest_only' retrieved from /home/airflow/.local/lib/python3.12/site-packages/airflow/example_dags/example_latest_only.py
[2024-06-24T07:49:55.346+0000] {logging_mixin.py:188} INFO - [2024-06-24T07:49:55.346+0000] {dag.py:3096} INFO - Sync 1 DAGs
[2024-06-24T07:49:55.354+0000] {logging_mixin.py:188} INFO - [2024-06-24T07:49:55.354+0000] {dag.py:3954} INFO - Setting next_dagrun for latest_only to 2024-06-24 00:00:00+00:00, run_after=2024-06-24 04:00:00+00:00
[2024-06-24T07:49:55.360+0000] {processor.py:183} INFO - Processing /home/airflow/.local/lib/python3.12/site-packages/airflow/example_dags/example_latest_only.py took 0.028 seconds
[2024-06-24T07:50:25.784+0000] {processor.py:161} INFO - Started process (PID=870) to work on /home/airflow/.local/lib/python3.12/site-packages/airflow/example_dags/example_latest_only.py
[2024-06-24T07:50:25.784+0000] {processor.py:830} INFO - Processing file /home/airflow/.local/lib/python3.12/site-packages/airflow/example_dags/example_latest_only.py for tasks to queue
[2024-06-24T07:50:25.785+0000] {logging_mixin.py:188} INFO - [2024-06-24T07:50:25.785+0000] {dagbag.py:545} INFO - Filling up the DagBag from /home/airflow/.local/lib/python3.12/site-packages/airflow/example_dags/example_latest_only.py
[2024-06-24T07:50:25.787+0000] {processor.py:840} INFO - DAG(s) 'latest_only' retrieved from /home/airflow/.local/lib/python3.12/site-packages/airflow/example_dags/example_latest_only.py
[2024-06-24T07:50:25.795+0000] {logging_mixin.py:188} INFO - [2024-06-24T07:50:25.795+0000] {dag.py:3096} INFO - Sync 1 DAGs
[2024-06-24T07:50:25.803+0000] {logging_mixin.py:188} INFO - [2024-06-24T07:50:25.803+0000] {dag.py:3954} INFO - Setting next_dagrun for latest_only to 2024-06-24 00:00:00+00:00, run_after=2024-06-24 04:00:00+00:00
[2024-06-24T07:50:25.809+0000] {processor.py:183} INFO - Processing /home/airflow/.local/lib/python3.12/site-packages/airflow/example_dags/example_latest_only.py took 0.028 seconds
[2024-06-24T07:50:56.353+0000] {processor.py:161} INFO - Started process (PID=928) to work on /home/airflow/.local/lib/python3.12/site-packages/airflow/example_dags/example_latest_only.py
[2024-06-24T07:50:56.354+0000] {processor.py:830} INFO - Processing file /home/airflow/.local/lib/python3.12/site-packages/airflow/example_dags/example_latest_only.py for tasks to queue
[2024-06-24T07:50:56.354+0000] {logging_mixin.py:188} INFO - [2024-06-24T07:50:56.354+0000] {dagbag.py:545} INFO - Filling up the DagBag from /home/airflow/.local/lib/python3.12/site-packages/airflow/example_dags/example_latest_only.py
[2024-06-24T07:50:56.357+0000] {processor.py:840} INFO - DAG(s) 'latest_only' retrieved from /home/airflow/.local/lib/python3.12/site-packages/airflow/example_dags/example_latest_only.py
[2024-06-24T07:50:56.365+0000] {logging_mixin.py:188} INFO - [2024-06-24T07:50:56.365+0000] {dag.py:3096} INFO - Sync 1 DAGs
[2024-06-24T07:50:56.374+0000] {logging_mixin.py:188} INFO - [2024-06-24T07:50:56.374+0000] {dag.py:3954} INFO - Setting next_dagrun for latest_only to 2024-06-24 00:00:00+00:00, run_after=2024-06-24 04:00:00+00:00
[2024-06-24T07:50:56.381+0000] {processor.py:183} INFO - Processing /home/airflow/.local/lib/python3.12/site-packages/airflow/example_dags/example_latest_only.py took 0.031 seconds
[2024-06-24T07:51:26.707+0000] {processor.py:161} INFO - Started process (PID=985) to work on /home/airflow/.local/lib/python3.12/site-packages/airflow/example_dags/example_latest_only.py
[2024-06-24T07:51:26.709+0000] {processor.py:830} INFO - Processing file /home/airflow/.local/lib/python3.12/site-packages/airflow/example_dags/example_latest_only.py for tasks to queue
[2024-06-24T07:51:26.710+0000] {logging_mixin.py:188} INFO - [2024-06-24T07:51:26.710+0000] {dagbag.py:545} INFO - Filling up the DagBag from /home/airflow/.local/lib/python3.12/site-packages/airflow/example_dags/example_latest_only.py
[2024-06-24T07:51:26.713+0000] {processor.py:840} INFO - DAG(s) 'latest_only' retrieved from /home/airflow/.local/lib/python3.12/site-packages/airflow/example_dags/example_latest_only.py
[2024-06-24T07:51:26.722+0000] {logging_mixin.py:188} INFO - [2024-06-24T07:51:26.722+0000] {dag.py:3096} INFO - Sync 1 DAGs
[2024-06-24T07:51:26.731+0000] {logging_mixin.py:188} INFO - [2024-06-24T07:51:26.731+0000] {dag.py:3954} INFO - Setting next_dagrun for latest_only to 2024-06-24 00:00:00+00:00, run_after=2024-06-24 04:00:00+00:00
[2024-06-24T07:51:26.738+0000] {processor.py:183} INFO - Processing /home/airflow/.local/lib/python3.12/site-packages/airflow/example_dags/example_latest_only.py took 0.034 seconds
[2024-06-24T07:51:57.116+0000] {processor.py:161} INFO - Started process (PID=1043) to work on /home/airflow/.local/lib/python3.12/site-packages/airflow/example_dags/example_latest_only.py
[2024-06-24T07:51:57.117+0000] {processor.py:830} INFO - Processing file /home/airflow/.local/lib/python3.12/site-packages/airflow/example_dags/example_latest_only.py for tasks to queue
[2024-06-24T07:51:57.118+0000] {logging_mixin.py:188} INFO - [2024-06-24T07:51:57.118+0000] {dagbag.py:545} INFO - Filling up the DagBag from /home/airflow/.local/lib/python3.12/site-packages/airflow/example_dags/example_latest_only.py
[2024-06-24T07:51:57.120+0000] {processor.py:840} INFO - DAG(s) 'latest_only' retrieved from /home/airflow/.local/lib/python3.12/site-packages/airflow/example_dags/example_latest_only.py
[2024-06-24T07:51:57.128+0000] {logging_mixin.py:188} INFO - [2024-06-24T07:51:57.128+0000] {dag.py:3096} INFO - Sync 1 DAGs
[2024-06-24T07:51:57.137+0000] {logging_mixin.py:188} INFO - [2024-06-24T07:51:57.137+0000] {dag.py:3954} INFO - Setting next_dagrun for latest_only to 2024-06-24 00:00:00+00:00, run_after=2024-06-24 04:00:00+00:00
[2024-06-24T07:51:57.144+0000] {processor.py:183} INFO - Processing /home/airflow/.local/lib/python3.12/site-packages/airflow/example_dags/example_latest_only.py took 0.030 seconds
[2024-06-24T07:52:27.541+0000] {processor.py:161} INFO - Started process (PID=1101) to work on /home/airflow/.local/lib/python3.12/site-packages/airflow/example_dags/example_latest_only.py
[2024-06-24T07:52:27.543+0000] {processor.py:830} INFO - Processing file /home/airflow/.local/lib/python3.12/site-packages/airflow/example_dags/example_latest_only.py for tasks to queue
[2024-06-24T07:52:27.544+0000] {logging_mixin.py:188} INFO - [2024-06-24T07:52:27.544+0000] {dagbag.py:545} INFO - Filling up the DagBag from /home/airflow/.local/lib/python3.12/site-packages/airflow/example_dags/example_latest_only.py
[2024-06-24T07:52:27.546+0000] {processor.py:840} INFO - DAG(s) 'latest_only' retrieved from /home/airflow/.local/lib/python3.12/site-packages/airflow/example_dags/example_latest_only.py
[2024-06-24T07:52:27.555+0000] {logging_mixin.py:188} INFO - [2024-06-24T07:52:27.554+0000] {dag.py:3096} INFO - Sync 1 DAGs
[2024-06-24T07:52:27.563+0000] {logging_mixin.py:188} INFO - [2024-06-24T07:52:27.563+0000] {dag.py:3954} INFO - Setting next_dagrun for latest_only to 2024-06-24 00:00:00+00:00, run_after=2024-06-24 04:00:00+00:00
[2024-06-24T07:52:27.569+0000] {processor.py:183} INFO - Processing /home/airflow/.local/lib/python3.12/site-packages/airflow/example_dags/example_latest_only.py took 0.030 seconds
[2024-06-24T07:52:57.946+0000] {processor.py:161} INFO - Started process (PID=1158) to work on /home/airflow/.local/lib/python3.12/site-packages/airflow/example_dags/example_latest_only.py
[2024-06-24T07:52:57.947+0000] {processor.py:830} INFO - Processing file /home/airflow/.local/lib/python3.12/site-packages/airflow/example_dags/example_latest_only.py for tasks to queue
[2024-06-24T07:52:57.948+0000] {logging_mixin.py:188} INFO - [2024-06-24T07:52:57.948+0000] {dagbag.py:545} INFO - Filling up the DagBag from /home/airflow/.local/lib/python3.12/site-packages/airflow/example_dags/example_latest_only.py
[2024-06-24T07:52:57.950+0000] {processor.py:840} INFO - DAG(s) 'latest_only' retrieved from /home/airflow/.local/lib/python3.12/site-packages/airflow/example_dags/example_latest_only.py
[2024-06-24T07:52:57.959+0000] {logging_mixin.py:188} INFO - [2024-06-24T07:52:57.959+0000] {dag.py:3096} INFO - Sync 1 DAGs
[2024-06-24T07:52:57.968+0000] {logging_mixin.py:188} INFO - [2024-06-24T07:52:57.968+0000] {dag.py:3954} INFO - Setting next_dagrun for latest_only to 2024-06-24 00:00:00+00:00, run_after=2024-06-24 04:00:00+00:00
[2024-06-24T07:52:57.975+0000] {processor.py:183} INFO - Processing /home/airflow/.local/lib/python3.12/site-packages/airflow/example_dags/example_latest_only.py took 0.032 seconds
[2024-06-24T07:53:28.364+0000] {processor.py:161} INFO - Started process (PID=1216) to work on /home/airflow/.local/lib/python3.12/site-packages/airflow/example_dags/example_latest_only.py
[2024-06-24T07:53:28.365+0000] {processor.py:830} INFO - Processing file /home/airflow/.local/lib/python3.12/site-packages/airflow/example_dags/example_latest_only.py for tasks to queue
[2024-06-24T07:53:28.367+0000] {logging_mixin.py:188} INFO - [2024-06-24T07:53:28.366+0000] {dagbag.py:545} INFO - Filling up the DagBag from /home/airflow/.local/lib/python3.12/site-packages/airflow/example_dags/example_latest_only.py
[2024-06-24T07:53:28.370+0000] {processor.py:840} INFO - DAG(s) 'latest_only' retrieved from /home/airflow/.local/lib/python3.12/site-packages/airflow/example_dags/example_latest_only.py
[2024-06-24T07:53:28.386+0000] {logging_mixin.py:188} INFO - [2024-06-24T07:53:28.386+0000] {dag.py:3096} INFO - Sync 1 DAGs
[2024-06-24T07:53:28.395+0000] {logging_mixin.py:188} INFO - [2024-06-24T07:53:28.395+0000] {dag.py:3954} INFO - Setting next_dagrun for latest_only to 2024-06-24 00:00:00+00:00, run_after=2024-06-24 04:00:00+00:00
[2024-06-24T07:53:28.403+0000] {processor.py:183} INFO - Processing /home/airflow/.local/lib/python3.12/site-packages/airflow/example_dags/example_latest_only.py took 0.042 seconds
[2024-06-24T07:53:58.827+0000] {processor.py:161} INFO - Started process (PID=1274) to work on /home/airflow/.local/lib/python3.12/site-packages/airflow/example_dags/example_latest_only.py
[2024-06-24T07:53:58.828+0000] {processor.py:830} INFO - Processing file /home/airflow/.local/lib/python3.12/site-packages/airflow/example_dags/example_latest_only.py for tasks to queue
[2024-06-24T07:53:58.829+0000] {logging_mixin.py:188} INFO - [2024-06-24T07:53:58.829+0000] {dagbag.py:545} INFO - Filling up the DagBag from /home/airflow/.local/lib/python3.12/site-packages/airflow/example_dags/example_latest_only.py
[2024-06-24T07:53:58.831+0000] {processor.py:840} INFO - DAG(s) 'latest_only' retrieved from /home/airflow/.local/lib/python3.12/site-packages/airflow/example_dags/example_latest_only.py
[2024-06-24T07:53:58.839+0000] {logging_mixin.py:188} INFO - [2024-06-24T07:53:58.839+0000] {dag.py:3096} INFO - Sync 1 DAGs
[2024-06-24T07:53:58.848+0000] {logging_mixin.py:188} INFO - [2024-06-24T07:53:58.848+0000] {dag.py:3954} INFO - Setting next_dagrun for latest_only to 2024-06-24 00:00:00+00:00, run_after=2024-06-24 04:00:00+00:00
[2024-06-24T07:53:58.855+0000] {processor.py:183} INFO - Processing /home/airflow/.local/lib/python3.12/site-packages/airflow/example_dags/example_latest_only.py took 0.031 seconds
[2024-06-24T07:54:29.224+0000] {processor.py:161} INFO - Started process (PID=1331) to work on /home/airflow/.local/lib/python3.12/site-packages/airflow/example_dags/example_latest_only.py
[2024-06-24T07:54:29.225+0000] {processor.py:830} INFO - Processing file /home/airflow/.local/lib/python3.12/site-packages/airflow/example_dags/example_latest_only.py for tasks to queue
[2024-06-24T07:54:29.225+0000] {logging_mixin.py:188} INFO - [2024-06-24T07:54:29.225+0000] {dagbag.py:545} INFO - Filling up the DagBag from /home/airflow/.local/lib/python3.12/site-packages/airflow/example_dags/example_latest_only.py
[2024-06-24T07:54:29.227+0000] {processor.py:840} INFO - DAG(s) 'latest_only' retrieved from /home/airflow/.local/lib/python3.12/site-packages/airflow/example_dags/example_latest_only.py
[2024-06-24T07:54:29.236+0000] {logging_mixin.py:188} INFO - [2024-06-24T07:54:29.236+0000] {dag.py:3096} INFO - Sync 1 DAGs
[2024-06-24T07:54:29.244+0000] {logging_mixin.py:188} INFO - [2024-06-24T07:54:29.244+0000] {dag.py:3954} INFO - Setting next_dagrun for latest_only to 2024-06-24 00:00:00+00:00, run_after=2024-06-24 04:00:00+00:00
[2024-06-24T07:54:29.251+0000] {processor.py:183} INFO - Processing /home/airflow/.local/lib/python3.12/site-packages/airflow/example_dags/example_latest_only.py took 0.029 seconds
[2024-06-24T07:54:59.771+0000] {processor.py:161} INFO - Started process (PID=1388) to work on /home/airflow/.local/lib/python3.12/site-packages/airflow/example_dags/example_latest_only.py
[2024-06-24T07:54:59.773+0000] {processor.py:830} INFO - Processing file /home/airflow/.local/lib/python3.12/site-packages/airflow/example_dags/example_latest_only.py for tasks to queue
[2024-06-24T07:54:59.774+0000] {logging_mixin.py:188} INFO - [2024-06-24T07:54:59.774+0000] {dagbag.py:545} INFO - Filling up the DagBag from /home/airflow/.local/lib/python3.12/site-packages/airflow/example_dags/example_latest_only.py
[2024-06-24T07:54:59.777+0000] {processor.py:840} INFO - DAG(s) 'latest_only' retrieved from /home/airflow/.local/lib/python3.12/site-packages/airflow/example_dags/example_latest_only.py
[2024-06-24T07:54:59.785+0000] {logging_mixin.py:188} INFO - [2024-06-24T07:54:59.785+0000] {dag.py:3096} INFO - Sync 1 DAGs
[2024-06-24T07:54:59.794+0000] {logging_mixin.py:188} INFO - [2024-06-24T07:54:59.794+0000] {dag.py:3954} INFO - Setting next_dagrun for latest_only to 2024-06-24 00:00:00+00:00, run_after=2024-06-24 04:00:00+00:00
[2024-06-24T07:54:59.800+0000] {processor.py:183} INFO - Processing /home/airflow/.local/lib/python3.12/site-packages/airflow/example_dags/example_latest_only.py took 0.032 seconds
[2024-06-24T07:55:30.315+0000] {processor.py:161} INFO - Started process (PID=1446) to work on /home/airflow/.local/lib/python3.12/site-packages/airflow/example_dags/example_latest_only.py
[2024-06-24T07:55:30.316+0000] {processor.py:830} INFO - Processing file /home/airflow/.local/lib/python3.12/site-packages/airflow/example_dags/example_latest_only.py for tasks to queue
[2024-06-24T07:55:30.317+0000] {logging_mixin.py:188} INFO - [2024-06-24T07:55:30.317+0000] {dagbag.py:545} INFO - Filling up the DagBag from /home/airflow/.local/lib/python3.12/site-packages/airflow/example_dags/example_latest_only.py
[2024-06-24T07:55:30.319+0000] {processor.py:840} INFO - DAG(s) 'latest_only' retrieved from /home/airflow/.local/lib/python3.12/site-packages/airflow/example_dags/example_latest_only.py
[2024-06-24T07:55:30.331+0000] {logging_mixin.py:188} INFO - [2024-06-24T07:55:30.330+0000] {dag.py:3096} INFO - Sync 1 DAGs
[2024-06-24T07:55:30.341+0000] {logging_mixin.py:188} INFO - [2024-06-24T07:55:30.341+0000] {dag.py:3954} INFO - Setting next_dagrun for latest_only to 2024-06-24 00:00:00+00:00, run_after=2024-06-24 04:00:00+00:00
[2024-06-24T07:55:30.348+0000] {processor.py:183} INFO - Processing /home/airflow/.local/lib/python3.12/site-packages/airflow/example_dags/example_latest_only.py took 0.035 seconds
[2024-06-24T07:56:00.906+0000] {processor.py:161} INFO - Started process (PID=1504) to work on /home/airflow/.local/lib/python3.12/site-packages/airflow/example_dags/example_latest_only.py
[2024-06-24T07:56:00.908+0000] {processor.py:830} INFO - Processing file /home/airflow/.local/lib/python3.12/site-packages/airflow/example_dags/example_latest_only.py for tasks to queue
[2024-06-24T07:56:00.909+0000] {logging_mixin.py:188} INFO - [2024-06-24T07:56:00.908+0000] {dagbag.py:545} INFO - Filling up the DagBag from /home/airflow/.local/lib/python3.12/site-packages/airflow/example_dags/example_latest_only.py
[2024-06-24T07:56:00.911+0000] {processor.py:840} INFO - DAG(s) 'latest_only' retrieved from /home/airflow/.local/lib/python3.12/site-packages/airflow/example_dags/example_latest_only.py
[2024-06-24T07:56:00.920+0000] {logging_mixin.py:188} INFO - [2024-06-24T07:56:00.920+0000] {dag.py:3096} INFO - Sync 1 DAGs
[2024-06-24T07:56:00.930+0000] {logging_mixin.py:188} INFO - [2024-06-24T07:56:00.930+0000] {dag.py:3954} INFO - Setting next_dagrun for latest_only to 2024-06-24 00:00:00+00:00, run_after=2024-06-24 04:00:00+00:00
[2024-06-24T07:56:00.939+0000] {processor.py:183} INFO - Processing /home/airflow/.local/lib/python3.12/site-packages/airflow/example_dags/example_latest_only.py took 0.035 seconds
[2024-06-24T07:56:31.522+0000] {processor.py:161} INFO - Started process (PID=1561) to work on /home/airflow/.local/lib/python3.12/site-packages/airflow/example_dags/example_latest_only.py
[2024-06-24T07:56:31.527+0000] {processor.py:830} INFO - Processing file /home/airflow/.local/lib/python3.12/site-packages/airflow/example_dags/example_latest_only.py for tasks to queue
[2024-06-24T07:56:31.528+0000] {logging_mixin.py:188} INFO - [2024-06-24T07:56:31.528+0000] {dagbag.py:545} INFO - Filling up the DagBag from /home/airflow/.local/lib/python3.12/site-packages/airflow/example_dags/example_latest_only.py
[2024-06-24T07:56:31.530+0000] {processor.py:840} INFO - DAG(s) 'latest_only' retrieved from /home/airflow/.local/lib/python3.12/site-packages/airflow/example_dags/example_latest_only.py
[2024-06-24T07:56:31.541+0000] {logging_mixin.py:188} INFO - [2024-06-24T07:56:31.541+0000] {dag.py:3096} INFO - Sync 1 DAGs
[2024-06-24T07:56:31.550+0000] {logging_mixin.py:188} INFO - [2024-06-24T07:56:31.550+0000] {dag.py:3954} INFO - Setting next_dagrun for latest_only to 2024-06-24 00:00:00+00:00, run_after=2024-06-24 04:00:00+00:00
[2024-06-24T07:56:31.558+0000] {processor.py:183} INFO - Processing /home/airflow/.local/lib/python3.12/site-packages/airflow/example_dags/example_latest_only.py took 0.038 seconds
[2024-06-24T07:57:02.608+0000] {processor.py:161} INFO - Started process (PID=1620) to work on /home/airflow/.local/lib/python3.12/site-packages/airflow/example_dags/example_latest_only.py
[2024-06-24T07:57:02.609+0000] {processor.py:830} INFO - Processing file /home/airflow/.local/lib/python3.12/site-packages/airflow/example_dags/example_latest_only.py for tasks to queue
[2024-06-24T07:57:02.610+0000] {logging_mixin.py:188} INFO - [2024-06-24T07:57:02.610+0000] {dagbag.py:545} INFO - Filling up the DagBag from /home/airflow/.local/lib/python3.12/site-packages/airflow/example_dags/example_latest_only.py
[2024-06-24T07:57:02.612+0000] {processor.py:840} INFO - DAG(s) 'latest_only' retrieved from /home/airflow/.local/lib/python3.12/site-packages/airflow/example_dags/example_latest_only.py
[2024-06-24T07:57:02.620+0000] {logging_mixin.py:188} INFO - [2024-06-24T07:57:02.620+0000] {dag.py:3096} INFO - Sync 1 DAGs
[2024-06-24T07:57:02.629+0000] {logging_mixin.py:188} INFO - [2024-06-24T07:57:02.629+0000] {dag.py:3954} INFO - Setting next_dagrun for latest_only to 2024-06-24 00:00:00+00:00, run_after=2024-06-24 04:00:00+00:00
[2024-06-24T07:57:02.635+0000] {processor.py:183} INFO - Processing /home/airflow/.local/lib/python3.12/site-packages/airflow/example_dags/example_latest_only.py took 0.030 seconds
[2024-06-24T07:57:34.009+0000] {processor.py:161} INFO - Started process (PID=1678) to work on /home/airflow/.local/lib/python3.12/site-packages/airflow/example_dags/example_latest_only.py
[2024-06-24T07:57:34.010+0000] {processor.py:830} INFO - Processing file /home/airflow/.local/lib/python3.12/site-packages/airflow/example_dags/example_latest_only.py for tasks to queue
[2024-06-24T07:57:34.011+0000] {logging_mixin.py:188} INFO - [2024-06-24T07:57:34.011+0000] {dagbag.py:545} INFO - Filling up the DagBag from /home/airflow/.local/lib/python3.12/site-packages/airflow/example_dags/example_latest_only.py
[2024-06-24T07:57:34.013+0000] {processor.py:840} INFO - DAG(s) 'latest_only' retrieved from /home/airflow/.local/lib/python3.12/site-packages/airflow/example_dags/example_latest_only.py
[2024-06-24T07:57:34.023+0000] {logging_mixin.py:188} INFO - [2024-06-24T07:57:34.023+0000] {dag.py:3096} INFO - Sync 1 DAGs
[2024-06-24T07:57:34.122+0000] {logging_mixin.py:188} INFO - [2024-06-24T07:57:34.122+0000] {dag.py:3954} INFO - Setting next_dagrun for latest_only to 2024-06-24 00:00:00+00:00, run_after=2024-06-24 04:00:00+00:00
[2024-06-24T07:57:34.128+0000] {processor.py:183} INFO - Processing /home/airflow/.local/lib/python3.12/site-packages/airflow/example_dags/example_latest_only.py took 0.122 seconds
[2024-06-24T07:58:04.975+0000] {processor.py:161} INFO - Started process (PID=1736) to work on /home/airflow/.local/lib/python3.12/site-packages/airflow/example_dags/example_latest_only.py
[2024-06-24T07:58:04.975+0000] {processor.py:830} INFO - Processing file /home/airflow/.local/lib/python3.12/site-packages/airflow/example_dags/example_latest_only.py for tasks to queue
[2024-06-24T07:58:04.976+0000] {logging_mixin.py:188} INFO - [2024-06-24T07:58:04.976+0000] {dagbag.py:545} INFO - Filling up the DagBag from /home/airflow/.local/lib/python3.12/site-packages/airflow/example_dags/example_latest_only.py
[2024-06-24T07:58:04.978+0000] {processor.py:840} INFO - DAG(s) 'latest_only' retrieved from /home/airflow/.local/lib/python3.12/site-packages/airflow/example_dags/example_latest_only.py
[2024-06-24T07:58:04.988+0000] {logging_mixin.py:188} INFO - [2024-06-24T07:58:04.988+0000] {dag.py:3096} INFO - Sync 1 DAGs
[2024-06-24T07:58:05.088+0000] {logging_mixin.py:188} INFO - [2024-06-24T07:58:05.088+0000] {dag.py:3954} INFO - Setting next_dagrun for latest_only to 2024-06-24 00:00:00+00:00, run_after=2024-06-24 04:00:00+00:00
[2024-06-24T07:58:05.095+0000] {processor.py:183} INFO - Processing /home/airflow/.local/lib/python3.12/site-packages/airflow/example_dags/example_latest_only.py took 0.123 seconds
[2024-06-24T07:58:35.645+0000] {processor.py:161} INFO - Started process (PID=1794) to work on /home/airflow/.local/lib/python3.12/site-packages/airflow/example_dags/example_latest_only.py
[2024-06-24T07:58:35.646+0000] {processor.py:830} INFO - Processing file /home/airflow/.local/lib/python3.12/site-packages/airflow/example_dags/example_latest_only.py for tasks to queue
[2024-06-24T07:58:35.646+0000] {logging_mixin.py:188} INFO - [2024-06-24T07:58:35.646+0000] {dagbag.py:545} INFO - Filling up the DagBag from /home/airflow/.local/lib/python3.12/site-packages/airflow/example_dags/example_latest_only.py
[2024-06-24T07:58:35.648+0000] {processor.py:840} INFO - DAG(s) 'latest_only' retrieved from /home/airflow/.local/lib/python3.12/site-packages/airflow/example_dags/example_latest_only.py
[2024-06-24T07:58:35.656+0000] {logging_mixin.py:188} INFO - [2024-06-24T07:58:35.656+0000] {dag.py:3096} INFO - Sync 1 DAGs
[2024-06-24T07:58:35.738+0000] {logging_mixin.py:188} INFO - [2024-06-24T07:58:35.738+0000] {dag.py:3954} INFO - Setting next_dagrun for latest_only to 2024-06-24 00:00:00+00:00, run_after=2024-06-24 04:00:00+00:00
[2024-06-24T07:58:35.744+0000] {processor.py:183} INFO - Processing /home/airflow/.local/lib/python3.12/site-packages/airflow/example_dags/example_latest_only.py took 0.101 seconds
[2024-06-24T07:59:06.078+0000] {processor.py:161} INFO - Started process (PID=1852) to work on /home/airflow/.local/lib/python3.12/site-packages/airflow/example_dags/example_latest_only.py
[2024-06-24T07:59:06.078+0000] {processor.py:830} INFO - Processing file /home/airflow/.local/lib/python3.12/site-packages/airflow/example_dags/example_latest_only.py for tasks to queue
[2024-06-24T07:59:06.079+0000] {logging_mixin.py:188} INFO - [2024-06-24T07:59:06.079+0000] {dagbag.py:545} INFO - Filling up the DagBag from /home/airflow/.local/lib/python3.12/site-packages/airflow/example_dags/example_latest_only.py
[2024-06-24T07:59:06.081+0000] {processor.py:840} INFO - DAG(s) 'latest_only' retrieved from /home/airflow/.local/lib/python3.12/site-packages/airflow/example_dags/example_latest_only.py
[2024-06-24T07:59:06.090+0000] {logging_mixin.py:188} INFO - [2024-06-24T07:59:06.090+0000] {dag.py:3096} INFO - Sync 1 DAGs
[2024-06-24T07:59:06.189+0000] {logging_mixin.py:188} INFO - [2024-06-24T07:59:06.188+0000] {dag.py:3954} INFO - Setting next_dagrun for latest_only to 2024-06-24 00:00:00+00:00, run_after=2024-06-24 04:00:00+00:00
[2024-06-24T07:59:06.196+0000] {processor.py:183} INFO - Processing /home/airflow/.local/lib/python3.12/site-packages/airflow/example_dags/example_latest_only.py took 0.121 seconds
