[2024-06-24T07:43:19.392+0000] {processor.py:161} INFO - Started process (PID=56) to work on /home/airflow/.local/lib/python3.12/site-packages/airflow/example_dags/example_dag_decorator.py
[2024-06-24T07:43:19.393+0000] {processor.py:830} INFO - Processing file /home/airflow/.local/lib/python3.12/site-packages/airflow/example_dags/example_dag_decorator.py for tasks to queue
[2024-06-24T07:43:19.394+0000] {logging_mixin.py:188} INFO - [2024-06-24T07:43:19.394+0000] {dagbag.py:545} INFO - Filling up the DagBag from /home/airflow/.local/lib/python3.12/site-packages/airflow/example_dags/example_dag_decorator.py
[2024-06-24T07:43:19.469+0000] {processor.py:840} INFO - DAG(s) 'example_dag_decorator' retrieved from /home/airflow/.local/lib/python3.12/site-packages/airflow/example_dags/example_dag_decorator.py
[2024-06-24T07:43:19.538+0000] {logging_mixin.py:188} INFO - [2024-06-24T07:43:19.538+0000] {dag.py:3096} INFO - Sync 1 DAGs
[2024-06-24T07:43:19.548+0000] {logging_mixin.py:188} INFO - [2024-06-24T07:43:19.548+0000] {dag.py:3954} INFO - Setting next_dagrun for example_dag_decorator to None, run_after=None
[2024-06-24T07:43:19.561+0000] {processor.py:183} INFO - Processing /home/airflow/.local/lib/python3.12/site-packages/airflow/example_dags/example_dag_decorator.py took 0.172 seconds
[2024-06-24T07:43:50.210+0000] {processor.py:161} INFO - Started process (PID=114) to work on /home/airflow/.local/lib/python3.12/site-packages/airflow/example_dags/example_dag_decorator.py
[2024-06-24T07:43:50.210+0000] {processor.py:830} INFO - Processing file /home/airflow/.local/lib/python3.12/site-packages/airflow/example_dags/example_dag_decorator.py for tasks to queue
[2024-06-24T07:43:50.211+0000] {logging_mixin.py:188} INFO - [2024-06-24T07:43:50.211+0000] {dagbag.py:545} INFO - Filling up the DagBag from /home/airflow/.local/lib/python3.12/site-packages/airflow/example_dags/example_dag_decorator.py
[2024-06-24T07:43:50.246+0000] {processor.py:840} INFO - DAG(s) 'example_dag_decorator' retrieved from /home/airflow/.local/lib/python3.12/site-packages/airflow/example_dags/example_dag_decorator.py
[2024-06-24T07:43:50.255+0000] {logging_mixin.py:188} INFO - [2024-06-24T07:43:50.255+0000] {dag.py:3096} INFO - Sync 1 DAGs
[2024-06-24T07:43:50.261+0000] {logging_mixin.py:188} INFO - [2024-06-24T07:43:50.261+0000] {dag.py:3954} INFO - Setting next_dagrun for example_dag_decorator to None, run_after=None
[2024-06-24T07:43:50.267+0000] {processor.py:183} INFO - Processing /home/airflow/.local/lib/python3.12/site-packages/airflow/example_dags/example_dag_decorator.py took 0.060 seconds
[2024-06-24T07:44:20.620+0000] {processor.py:161} INFO - Started process (PID=173) to work on /home/airflow/.local/lib/python3.12/site-packages/airflow/example_dags/example_dag_decorator.py
[2024-06-24T07:44:20.621+0000] {processor.py:830} INFO - Processing file /home/airflow/.local/lib/python3.12/site-packages/airflow/example_dags/example_dag_decorator.py for tasks to queue
[2024-06-24T07:44:20.622+0000] {logging_mixin.py:188} INFO - [2024-06-24T07:44:20.622+0000] {dagbag.py:545} INFO - Filling up the DagBag from /home/airflow/.local/lib/python3.12/site-packages/airflow/example_dags/example_dag_decorator.py
[2024-06-24T07:44:20.657+0000] {processor.py:840} INFO - DAG(s) 'example_dag_decorator' retrieved from /home/airflow/.local/lib/python3.12/site-packages/airflow/example_dags/example_dag_decorator.py
[2024-06-24T07:44:20.696+0000] {logging_mixin.py:188} INFO - [2024-06-24T07:44:20.696+0000] {dag.py:3096} INFO - Sync 1 DAGs
[2024-06-24T07:44:20.700+0000] {logging_mixin.py:188} INFO - [2024-06-24T07:44:20.700+0000] {dag.py:3954} INFO - Setting next_dagrun for example_dag_decorator to None, run_after=None
[2024-06-24T07:44:20.707+0000] {processor.py:183} INFO - Processing /home/airflow/.local/lib/python3.12/site-packages/airflow/example_dags/example_dag_decorator.py took 0.089 seconds
[2024-06-24T07:44:50.999+0000] {processor.py:161} INFO - Started process (PID=230) to work on /home/airflow/.local/lib/python3.12/site-packages/airflow/example_dags/example_dag_decorator.py
[2024-06-24T07:44:51.000+0000] {processor.py:830} INFO - Processing file /home/airflow/.local/lib/python3.12/site-packages/airflow/example_dags/example_dag_decorator.py for tasks to queue
[2024-06-24T07:44:51.000+0000] {logging_mixin.py:188} INFO - [2024-06-24T07:44:51.000+0000] {dagbag.py:545} INFO - Filling up the DagBag from /home/airflow/.local/lib/python3.12/site-packages/airflow/example_dags/example_dag_decorator.py
[2024-06-24T07:44:51.035+0000] {processor.py:840} INFO - DAG(s) 'example_dag_decorator' retrieved from /home/airflow/.local/lib/python3.12/site-packages/airflow/example_dags/example_dag_decorator.py
[2024-06-24T07:44:51.073+0000] {logging_mixin.py:188} INFO - [2024-06-24T07:44:51.073+0000] {dag.py:3096} INFO - Sync 1 DAGs
[2024-06-24T07:44:51.076+0000] {logging_mixin.py:188} INFO - [2024-06-24T07:44:51.076+0000] {dag.py:3954} INFO - Setting next_dagrun for example_dag_decorator to None, run_after=None
[2024-06-24T07:44:51.083+0000] {processor.py:183} INFO - Processing /home/airflow/.local/lib/python3.12/site-packages/airflow/example_dags/example_dag_decorator.py took 0.086 seconds
[2024-06-24T07:45:21.439+0000] {processor.py:161} INFO - Started process (PID=288) to work on /home/airflow/.local/lib/python3.12/site-packages/airflow/example_dags/example_dag_decorator.py
[2024-06-24T07:45:21.442+0000] {processor.py:830} INFO - Processing file /home/airflow/.local/lib/python3.12/site-packages/airflow/example_dags/example_dag_decorator.py for tasks to queue
[2024-06-24T07:45:21.443+0000] {logging_mixin.py:188} INFO - [2024-06-24T07:45:21.443+0000] {dagbag.py:545} INFO - Filling up the DagBag from /home/airflow/.local/lib/python3.12/site-packages/airflow/example_dags/example_dag_decorator.py
[2024-06-24T07:45:21.481+0000] {processor.py:840} INFO - DAG(s) 'example_dag_decorator' retrieved from /home/airflow/.local/lib/python3.12/site-packages/airflow/example_dags/example_dag_decorator.py
[2024-06-24T07:45:21.524+0000] {logging_mixin.py:188} INFO - [2024-06-24T07:45:21.524+0000] {dag.py:3096} INFO - Sync 1 DAGs
[2024-06-24T07:45:21.528+0000] {logging_mixin.py:188} INFO - [2024-06-24T07:45:21.527+0000] {dag.py:3954} INFO - Setting next_dagrun for example_dag_decorator to None, run_after=None
[2024-06-24T07:45:21.534+0000] {processor.py:183} INFO - Processing /home/airflow/.local/lib/python3.12/site-packages/airflow/example_dags/example_dag_decorator.py took 0.098 seconds
[2024-06-24T07:45:51.888+0000] {processor.py:161} INFO - Started process (PID=345) to work on /home/airflow/.local/lib/python3.12/site-packages/airflow/example_dags/example_dag_decorator.py
[2024-06-24T07:45:51.889+0000] {processor.py:830} INFO - Processing file /home/airflow/.local/lib/python3.12/site-packages/airflow/example_dags/example_dag_decorator.py for tasks to queue
[2024-06-24T07:45:51.890+0000] {logging_mixin.py:188} INFO - [2024-06-24T07:45:51.890+0000] {dagbag.py:545} INFO - Filling up the DagBag from /home/airflow/.local/lib/python3.12/site-packages/airflow/example_dags/example_dag_decorator.py
[2024-06-24T07:45:51.926+0000] {processor.py:840} INFO - DAG(s) 'example_dag_decorator' retrieved from /home/airflow/.local/lib/python3.12/site-packages/airflow/example_dags/example_dag_decorator.py
[2024-06-24T07:45:51.966+0000] {logging_mixin.py:188} INFO - [2024-06-24T07:45:51.966+0000] {dag.py:3096} INFO - Sync 1 DAGs
[2024-06-24T07:45:51.970+0000] {logging_mixin.py:188} INFO - [2024-06-24T07:45:51.970+0000] {dag.py:3954} INFO - Setting next_dagrun for example_dag_decorator to None, run_after=None
[2024-06-24T07:45:51.976+0000] {processor.py:183} INFO - Processing /home/airflow/.local/lib/python3.12/site-packages/airflow/example_dags/example_dag_decorator.py took 0.091 seconds
[2024-06-24T07:46:22.136+0000] {processor.py:161} INFO - Started process (PID=403) to work on /home/airflow/.local/lib/python3.12/site-packages/airflow/example_dags/example_dag_decorator.py
[2024-06-24T07:46:22.137+0000] {processor.py:830} INFO - Processing file /home/airflow/.local/lib/python3.12/site-packages/airflow/example_dags/example_dag_decorator.py for tasks to queue
[2024-06-24T07:46:22.138+0000] {logging_mixin.py:188} INFO - [2024-06-24T07:46:22.138+0000] {dagbag.py:545} INFO - Filling up the DagBag from /home/airflow/.local/lib/python3.12/site-packages/airflow/example_dags/example_dag_decorator.py
[2024-06-24T07:46:22.177+0000] {processor.py:840} INFO - DAG(s) 'example_dag_decorator' retrieved from /home/airflow/.local/lib/python3.12/site-packages/airflow/example_dags/example_dag_decorator.py
[2024-06-24T07:46:22.218+0000] {logging_mixin.py:188} INFO - [2024-06-24T07:46:22.218+0000] {dag.py:3096} INFO - Sync 1 DAGs
[2024-06-24T07:46:22.223+0000] {logging_mixin.py:188} INFO - [2024-06-24T07:46:22.223+0000] {dag.py:3954} INFO - Setting next_dagrun for example_dag_decorator to None, run_after=None
[2024-06-24T07:46:22.330+0000] {processor.py:183} INFO - Processing /home/airflow/.local/lib/python3.12/site-packages/airflow/example_dags/example_dag_decorator.py took 0.195 seconds
[2024-06-24T07:46:52.567+0000] {processor.py:161} INFO - Started process (PID=462) to work on /home/airflow/.local/lib/python3.12/site-packages/airflow/example_dags/example_dag_decorator.py
[2024-06-24T07:46:52.568+0000] {processor.py:830} INFO - Processing file /home/airflow/.local/lib/python3.12/site-packages/airflow/example_dags/example_dag_decorator.py for tasks to queue
[2024-06-24T07:46:52.568+0000] {logging_mixin.py:188} INFO - [2024-06-24T07:46:52.568+0000] {dagbag.py:545} INFO - Filling up the DagBag from /home/airflow/.local/lib/python3.12/site-packages/airflow/example_dags/example_dag_decorator.py
[2024-06-24T07:46:52.605+0000] {processor.py:840} INFO - DAG(s) 'example_dag_decorator' retrieved from /home/airflow/.local/lib/python3.12/site-packages/airflow/example_dags/example_dag_decorator.py
[2024-06-24T07:46:52.645+0000] {logging_mixin.py:188} INFO - [2024-06-24T07:46:52.645+0000] {dag.py:3096} INFO - Sync 1 DAGs
[2024-06-24T07:46:52.649+0000] {logging_mixin.py:188} INFO - [2024-06-24T07:46:52.649+0000] {dag.py:3954} INFO - Setting next_dagrun for example_dag_decorator to None, run_after=None
[2024-06-24T07:46:52.747+0000] {processor.py:183} INFO - Processing /home/airflow/.local/lib/python3.12/site-packages/airflow/example_dags/example_dag_decorator.py took 0.183 seconds
[2024-06-24T07:47:22.979+0000] {processor.py:161} INFO - Started process (PID=521) to work on /home/airflow/.local/lib/python3.12/site-packages/airflow/example_dags/example_dag_decorator.py
[2024-06-24T07:47:22.980+0000] {processor.py:830} INFO - Processing file /home/airflow/.local/lib/python3.12/site-packages/airflow/example_dags/example_dag_decorator.py for tasks to queue
[2024-06-24T07:47:22.980+0000] {logging_mixin.py:188} INFO - [2024-06-24T07:47:22.980+0000] {dagbag.py:545} INFO - Filling up the DagBag from /home/airflow/.local/lib/python3.12/site-packages/airflow/example_dags/example_dag_decorator.py
[2024-06-24T07:47:23.017+0000] {processor.py:840} INFO - DAG(s) 'example_dag_decorator' retrieved from /home/airflow/.local/lib/python3.12/site-packages/airflow/example_dags/example_dag_decorator.py
[2024-06-24T07:47:23.057+0000] {logging_mixin.py:188} INFO - [2024-06-24T07:47:23.056+0000] {dag.py:3096} INFO - Sync 1 DAGs
[2024-06-24T07:47:23.061+0000] {logging_mixin.py:188} INFO - [2024-06-24T07:47:23.061+0000] {dag.py:3954} INFO - Setting next_dagrun for example_dag_decorator to None, run_after=None
[2024-06-24T07:47:23.067+0000] {processor.py:183} INFO - Processing /home/airflow/.local/lib/python3.12/site-packages/airflow/example_dags/example_dag_decorator.py took 0.090 seconds
[2024-06-24T07:47:53.354+0000] {processor.py:161} INFO - Started process (PID=575) to work on /home/airflow/.local/lib/python3.12/site-packages/airflow/example_dags/example_dag_decorator.py
[2024-06-24T07:47:53.356+0000] {processor.py:830} INFO - Processing file /home/airflow/.local/lib/python3.12/site-packages/airflow/example_dags/example_dag_decorator.py for tasks to queue
[2024-06-24T07:47:53.356+0000] {logging_mixin.py:188} INFO - [2024-06-24T07:47:53.356+0000] {dagbag.py:545} INFO - Filling up the DagBag from /home/airflow/.local/lib/python3.12/site-packages/airflow/example_dags/example_dag_decorator.py
[2024-06-24T07:47:53.393+0000] {processor.py:840} INFO - DAG(s) 'example_dag_decorator' retrieved from /home/airflow/.local/lib/python3.12/site-packages/airflow/example_dags/example_dag_decorator.py
[2024-06-24T07:47:53.430+0000] {logging_mixin.py:188} INFO - [2024-06-24T07:47:53.430+0000] {dag.py:3096} INFO - Sync 1 DAGs
[2024-06-24T07:47:53.434+0000] {logging_mixin.py:188} INFO - [2024-06-24T07:47:53.434+0000] {dag.py:3954} INFO - Setting next_dagrun for example_dag_decorator to None, run_after=None
[2024-06-24T07:47:53.441+0000] {processor.py:183} INFO - Processing /home/airflow/.local/lib/python3.12/site-packages/airflow/example_dags/example_dag_decorator.py took 0.089 seconds
[2024-06-24T07:48:23.743+0000] {processor.py:161} INFO - Started process (PID=633) to work on /home/airflow/.local/lib/python3.12/site-packages/airflow/example_dags/example_dag_decorator.py
[2024-06-24T07:48:23.744+0000] {processor.py:830} INFO - Processing file /home/airflow/.local/lib/python3.12/site-packages/airflow/example_dags/example_dag_decorator.py for tasks to queue
[2024-06-24T07:48:23.745+0000] {logging_mixin.py:188} INFO - [2024-06-24T07:48:23.745+0000] {dagbag.py:545} INFO - Filling up the DagBag from /home/airflow/.local/lib/python3.12/site-packages/airflow/example_dags/example_dag_decorator.py
[2024-06-24T07:48:23.786+0000] {processor.py:840} INFO - DAG(s) 'example_dag_decorator' retrieved from /home/airflow/.local/lib/python3.12/site-packages/airflow/example_dags/example_dag_decorator.py
[2024-06-24T07:48:23.833+0000] {logging_mixin.py:188} INFO - [2024-06-24T07:48:23.832+0000] {dag.py:3096} INFO - Sync 1 DAGs
[2024-06-24T07:48:23.837+0000] {logging_mixin.py:188} INFO - [2024-06-24T07:48:23.837+0000] {dag.py:3954} INFO - Setting next_dagrun for example_dag_decorator to None, run_after=None
[2024-06-24T07:48:23.845+0000] {processor.py:183} INFO - Processing /home/airflow/.local/lib/python3.12/site-packages/airflow/example_dags/example_dag_decorator.py took 0.105 seconds
[2024-06-24T07:48:54.156+0000] {processor.py:161} INFO - Started process (PID=691) to work on /home/airflow/.local/lib/python3.12/site-packages/airflow/example_dags/example_dag_decorator.py
[2024-06-24T07:48:54.157+0000] {processor.py:830} INFO - Processing file /home/airflow/.local/lib/python3.12/site-packages/airflow/example_dags/example_dag_decorator.py for tasks to queue
[2024-06-24T07:48:54.158+0000] {logging_mixin.py:188} INFO - [2024-06-24T07:48:54.158+0000] {dagbag.py:545} INFO - Filling up the DagBag from /home/airflow/.local/lib/python3.12/site-packages/airflow/example_dags/example_dag_decorator.py
[2024-06-24T07:48:54.193+0000] {processor.py:840} INFO - DAG(s) 'example_dag_decorator' retrieved from /home/airflow/.local/lib/python3.12/site-packages/airflow/example_dags/example_dag_decorator.py
[2024-06-24T07:48:54.240+0000] {logging_mixin.py:188} INFO - [2024-06-24T07:48:54.240+0000] {dag.py:3096} INFO - Sync 1 DAGs
[2024-06-24T07:48:54.342+0000] {logging_mixin.py:188} INFO - [2024-06-24T07:48:54.342+0000] {dag.py:3954} INFO - Setting next_dagrun for example_dag_decorator to None, run_after=None
[2024-06-24T07:48:54.351+0000] {processor.py:183} INFO - Processing /home/airflow/.local/lib/python3.12/site-packages/airflow/example_dags/example_dag_decorator.py took 0.198 seconds
[2024-06-24T07:49:24.678+0000] {processor.py:161} INFO - Started process (PID=748) to work on /home/airflow/.local/lib/python3.12/site-packages/airflow/example_dags/example_dag_decorator.py
[2024-06-24T07:49:24.679+0000] {processor.py:830} INFO - Processing file /home/airflow/.local/lib/python3.12/site-packages/airflow/example_dags/example_dag_decorator.py for tasks to queue
[2024-06-24T07:49:24.680+0000] {logging_mixin.py:188} INFO - [2024-06-24T07:49:24.679+0000] {dagbag.py:545} INFO - Filling up the DagBag from /home/airflow/.local/lib/python3.12/site-packages/airflow/example_dags/example_dag_decorator.py
[2024-06-24T07:49:24.718+0000] {processor.py:840} INFO - DAG(s) 'example_dag_decorator' retrieved from /home/airflow/.local/lib/python3.12/site-packages/airflow/example_dags/example_dag_decorator.py
[2024-06-24T07:49:24.761+0000] {logging_mixin.py:188} INFO - [2024-06-24T07:49:24.761+0000] {dag.py:3096} INFO - Sync 1 DAGs
[2024-06-24T07:49:24.765+0000] {logging_mixin.py:188} INFO - [2024-06-24T07:49:24.765+0000] {dag.py:3954} INFO - Setting next_dagrun for example_dag_decorator to None, run_after=None
[2024-06-24T07:49:24.867+0000] {processor.py:183} INFO - Processing /home/airflow/.local/lib/python3.12/site-packages/airflow/example_dags/example_dag_decorator.py took 0.191 seconds
[2024-06-24T07:49:55.192+0000] {processor.py:161} INFO - Started process (PID=806) to work on /home/airflow/.local/lib/python3.12/site-packages/airflow/example_dags/example_dag_decorator.py
[2024-06-24T07:49:55.193+0000] {processor.py:830} INFO - Processing file /home/airflow/.local/lib/python3.12/site-packages/airflow/example_dags/example_dag_decorator.py for tasks to queue
[2024-06-24T07:49:55.194+0000] {logging_mixin.py:188} INFO - [2024-06-24T07:49:55.194+0000] {dagbag.py:545} INFO - Filling up the DagBag from /home/airflow/.local/lib/python3.12/site-packages/airflow/example_dags/example_dag_decorator.py
[2024-06-24T07:49:55.231+0000] {processor.py:840} INFO - DAG(s) 'example_dag_decorator' retrieved from /home/airflow/.local/lib/python3.12/site-packages/airflow/example_dags/example_dag_decorator.py
[2024-06-24T07:49:55.272+0000] {logging_mixin.py:188} INFO - [2024-06-24T07:49:55.272+0000] {dag.py:3096} INFO - Sync 1 DAGs
[2024-06-24T07:49:55.276+0000] {logging_mixin.py:188} INFO - [2024-06-24T07:49:55.276+0000] {dag.py:3954} INFO - Setting next_dagrun for example_dag_decorator to None, run_after=None
[2024-06-24T07:49:55.283+0000] {processor.py:183} INFO - Processing /home/airflow/.local/lib/python3.12/site-packages/airflow/example_dags/example_dag_decorator.py took 0.093 seconds
[2024-06-24T07:50:25.660+0000] {processor.py:161} INFO - Started process (PID=864) to work on /home/airflow/.local/lib/python3.12/site-packages/airflow/example_dags/example_dag_decorator.py
[2024-06-24T07:50:25.662+0000] {processor.py:830} INFO - Processing file /home/airflow/.local/lib/python3.12/site-packages/airflow/example_dags/example_dag_decorator.py for tasks to queue
[2024-06-24T07:50:25.663+0000] {logging_mixin.py:188} INFO - [2024-06-24T07:50:25.662+0000] {dagbag.py:545} INFO - Filling up the DagBag from /home/airflow/.local/lib/python3.12/site-packages/airflow/example_dags/example_dag_decorator.py
[2024-06-24T07:50:25.699+0000] {processor.py:840} INFO - DAG(s) 'example_dag_decorator' retrieved from /home/airflow/.local/lib/python3.12/site-packages/airflow/example_dags/example_dag_decorator.py
[2024-06-24T07:50:25.709+0000] {logging_mixin.py:188} INFO - [2024-06-24T07:50:25.709+0000] {dag.py:3096} INFO - Sync 1 DAGs
[2024-06-24T07:50:25.714+0000] {logging_mixin.py:188} INFO - [2024-06-24T07:50:25.714+0000] {dag.py:3954} INFO - Setting next_dagrun for example_dag_decorator to None, run_after=None
[2024-06-24T07:50:25.721+0000] {processor.py:183} INFO - Processing /home/airflow/.local/lib/python3.12/site-packages/airflow/example_dags/example_dag_decorator.py took 0.064 seconds
[2024-06-24T07:50:56.126+0000] {processor.py:161} INFO - Started process (PID=922) to work on /home/airflow/.local/lib/python3.12/site-packages/airflow/example_dags/example_dag_decorator.py
[2024-06-24T07:50:56.127+0000] {processor.py:830} INFO - Processing file /home/airflow/.local/lib/python3.12/site-packages/airflow/example_dags/example_dag_decorator.py for tasks to queue
[2024-06-24T07:50:56.128+0000] {logging_mixin.py:188} INFO - [2024-06-24T07:50:56.128+0000] {dagbag.py:545} INFO - Filling up the DagBag from /home/airflow/.local/lib/python3.12/site-packages/airflow/example_dags/example_dag_decorator.py
[2024-06-24T07:50:56.162+0000] {processor.py:840} INFO - DAG(s) 'example_dag_decorator' retrieved from /home/airflow/.local/lib/python3.12/site-packages/airflow/example_dags/example_dag_decorator.py
[2024-06-24T07:50:56.323+0000] {logging_mixin.py:188} INFO - [2024-06-24T07:50:56.323+0000] {dag.py:3096} INFO - Sync 1 DAGs
[2024-06-24T07:50:56.328+0000] {logging_mixin.py:188} INFO - [2024-06-24T07:50:56.327+0000] {dag.py:3954} INFO - Setting next_dagrun for example_dag_decorator to None, run_after=None
[2024-06-24T07:50:56.339+0000] {processor.py:183} INFO - Processing /home/airflow/.local/lib/python3.12/site-packages/airflow/example_dags/example_dag_decorator.py took 0.215 seconds
[2024-06-24T07:51:26.635+0000] {processor.py:161} INFO - Started process (PID=982) to work on /home/airflow/.local/lib/python3.12/site-packages/airflow/example_dags/example_dag_decorator.py
[2024-06-24T07:51:26.636+0000] {processor.py:830} INFO - Processing file /home/airflow/.local/lib/python3.12/site-packages/airflow/example_dags/example_dag_decorator.py for tasks to queue
[2024-06-24T07:51:26.637+0000] {logging_mixin.py:188} INFO - [2024-06-24T07:51:26.637+0000] {dagbag.py:545} INFO - Filling up the DagBag from /home/airflow/.local/lib/python3.12/site-packages/airflow/example_dags/example_dag_decorator.py
[2024-06-24T07:51:26.672+0000] {processor.py:840} INFO - DAG(s) 'example_dag_decorator' retrieved from /home/airflow/.local/lib/python3.12/site-packages/airflow/example_dags/example_dag_decorator.py
[2024-06-24T07:51:26.682+0000] {logging_mixin.py:188} INFO - [2024-06-24T07:51:26.682+0000] {dag.py:3096} INFO - Sync 1 DAGs
[2024-06-24T07:51:26.689+0000] {logging_mixin.py:188} INFO - [2024-06-24T07:51:26.689+0000] {dag.py:3954} INFO - Setting next_dagrun for example_dag_decorator to None, run_after=None
[2024-06-24T07:51:26.696+0000] {processor.py:183} INFO - Processing /home/airflow/.local/lib/python3.12/site-packages/airflow/example_dags/example_dag_decorator.py took 0.063 seconds
[2024-06-24T07:51:57.061+0000] {processor.py:161} INFO - Started process (PID=1041) to work on /home/airflow/.local/lib/python3.12/site-packages/airflow/example_dags/example_dag_decorator.py
[2024-06-24T07:51:57.063+0000] {processor.py:830} INFO - Processing file /home/airflow/.local/lib/python3.12/site-packages/airflow/example_dags/example_dag_decorator.py for tasks to queue
[2024-06-24T07:51:57.064+0000] {logging_mixin.py:188} INFO - [2024-06-24T07:51:57.064+0000] {dagbag.py:545} INFO - Filling up the DagBag from /home/airflow/.local/lib/python3.12/site-packages/airflow/example_dags/example_dag_decorator.py
[2024-06-24T07:51:57.100+0000] {processor.py:840} INFO - DAG(s) 'example_dag_decorator' retrieved from /home/airflow/.local/lib/python3.12/site-packages/airflow/example_dags/example_dag_decorator.py
[2024-06-24T07:51:57.110+0000] {logging_mixin.py:188} INFO - [2024-06-24T07:51:57.109+0000] {dag.py:3096} INFO - Sync 1 DAGs
[2024-06-24T07:51:57.116+0000] {logging_mixin.py:188} INFO - [2024-06-24T07:51:57.115+0000] {dag.py:3954} INFO - Setting next_dagrun for example_dag_decorator to None, run_after=None
[2024-06-24T07:51:57.205+0000] {processor.py:183} INFO - Processing /home/airflow/.local/lib/python3.12/site-packages/airflow/example_dags/example_dag_decorator.py took 0.146 seconds
[2024-06-24T07:52:27.541+0000] {processor.py:161} INFO - Started process (PID=1100) to work on /home/airflow/.local/lib/python3.12/site-packages/airflow/example_dags/example_dag_decorator.py
[2024-06-24T07:52:27.543+0000] {processor.py:830} INFO - Processing file /home/airflow/.local/lib/python3.12/site-packages/airflow/example_dags/example_dag_decorator.py for tasks to queue
[2024-06-24T07:52:27.544+0000] {logging_mixin.py:188} INFO - [2024-06-24T07:52:27.544+0000] {dagbag.py:545} INFO - Filling up the DagBag from /home/airflow/.local/lib/python3.12/site-packages/airflow/example_dags/example_dag_decorator.py
[2024-06-24T07:52:27.579+0000] {processor.py:840} INFO - DAG(s) 'example_dag_decorator' retrieved from /home/airflow/.local/lib/python3.12/site-packages/airflow/example_dags/example_dag_decorator.py
[2024-06-24T07:52:27.588+0000] {logging_mixin.py:188} INFO - [2024-06-24T07:52:27.588+0000] {dag.py:3096} INFO - Sync 1 DAGs
[2024-06-24T07:52:27.593+0000] {logging_mixin.py:188} INFO - [2024-06-24T07:52:27.593+0000] {dag.py:3954} INFO - Setting next_dagrun for example_dag_decorator to None, run_after=None
[2024-06-24T07:52:27.600+0000] {processor.py:183} INFO - Processing /home/airflow/.local/lib/python3.12/site-packages/airflow/example_dags/example_dag_decorator.py took 0.061 seconds
[2024-06-24T07:52:57.888+0000] {processor.py:161} INFO - Started process (PID=1156) to work on /home/airflow/.local/lib/python3.12/site-packages/airflow/example_dags/example_dag_decorator.py
[2024-06-24T07:52:57.889+0000] {processor.py:830} INFO - Processing file /home/airflow/.local/lib/python3.12/site-packages/airflow/example_dags/example_dag_decorator.py for tasks to queue
[2024-06-24T07:52:57.890+0000] {logging_mixin.py:188} INFO - [2024-06-24T07:52:57.890+0000] {dagbag.py:545} INFO - Filling up the DagBag from /home/airflow/.local/lib/python3.12/site-packages/airflow/example_dags/example_dag_decorator.py
[2024-06-24T07:52:57.925+0000] {processor.py:840} INFO - DAG(s) 'example_dag_decorator' retrieved from /home/airflow/.local/lib/python3.12/site-packages/airflow/example_dags/example_dag_decorator.py
[2024-06-24T07:52:58.043+0000] {logging_mixin.py:188} INFO - [2024-06-24T07:52:58.043+0000] {dag.py:3096} INFO - Sync 1 DAGs
[2024-06-24T07:52:58.046+0000] {logging_mixin.py:188} INFO - [2024-06-24T07:52:58.046+0000] {dag.py:3954} INFO - Setting next_dagrun for example_dag_decorator to None, run_after=None
[2024-06-24T07:52:58.053+0000] {processor.py:183} INFO - Processing /home/airflow/.local/lib/python3.12/site-packages/airflow/example_dags/example_dag_decorator.py took 0.167 seconds
[2024-06-24T07:53:28.363+0000] {processor.py:161} INFO - Started process (PID=1215) to work on /home/airflow/.local/lib/python3.12/site-packages/airflow/example_dags/example_dag_decorator.py
[2024-06-24T07:53:28.365+0000] {processor.py:830} INFO - Processing file /home/airflow/.local/lib/python3.12/site-packages/airflow/example_dags/example_dag_decorator.py for tasks to queue
[2024-06-24T07:53:28.367+0000] {logging_mixin.py:188} INFO - [2024-06-24T07:53:28.367+0000] {dagbag.py:545} INFO - Filling up the DagBag from /home/airflow/.local/lib/python3.12/site-packages/airflow/example_dags/example_dag_decorator.py
[2024-06-24T07:53:28.409+0000] {processor.py:840} INFO - DAG(s) 'example_dag_decorator' retrieved from /home/airflow/.local/lib/python3.12/site-packages/airflow/example_dags/example_dag_decorator.py
[2024-06-24T07:53:28.528+0000] {logging_mixin.py:188} INFO - [2024-06-24T07:53:28.528+0000] {dag.py:3096} INFO - Sync 1 DAGs
[2024-06-24T07:53:28.532+0000] {logging_mixin.py:188} INFO - [2024-06-24T07:53:28.532+0000] {dag.py:3954} INFO - Setting next_dagrun for example_dag_decorator to None, run_after=None
[2024-06-24T07:53:28.538+0000] {processor.py:183} INFO - Processing /home/airflow/.local/lib/python3.12/site-packages/airflow/example_dags/example_dag_decorator.py took 0.178 seconds
[2024-06-24T07:53:58.825+0000] {processor.py:161} INFO - Started process (PID=1273) to work on /home/airflow/.local/lib/python3.12/site-packages/airflow/example_dags/example_dag_decorator.py
[2024-06-24T07:53:58.826+0000] {processor.py:830} INFO - Processing file /home/airflow/.local/lib/python3.12/site-packages/airflow/example_dags/example_dag_decorator.py for tasks to queue
[2024-06-24T07:53:58.828+0000] {logging_mixin.py:188} INFO - [2024-06-24T07:53:58.828+0000] {dagbag.py:545} INFO - Filling up the DagBag from /home/airflow/.local/lib/python3.12/site-packages/airflow/example_dags/example_dag_decorator.py
[2024-06-24T07:53:58.865+0000] {processor.py:840} INFO - DAG(s) 'example_dag_decorator' retrieved from /home/airflow/.local/lib/python3.12/site-packages/airflow/example_dags/example_dag_decorator.py
[2024-06-24T07:53:58.956+0000] {logging_mixin.py:188} INFO - [2024-06-24T07:53:58.956+0000] {dag.py:3096} INFO - Sync 1 DAGs
[2024-06-24T07:53:58.960+0000] {logging_mixin.py:188} INFO - [2024-06-24T07:53:58.960+0000] {dag.py:3954} INFO - Setting next_dagrun for example_dag_decorator to None, run_after=None
[2024-06-24T07:53:58.967+0000] {processor.py:183} INFO - Processing /home/airflow/.local/lib/python3.12/site-packages/airflow/example_dags/example_dag_decorator.py took 0.144 seconds
[2024-06-24T07:54:29.237+0000] {processor.py:161} INFO - Started process (PID=1332) to work on /home/airflow/.local/lib/python3.12/site-packages/airflow/example_dags/example_dag_decorator.py
[2024-06-24T07:54:29.238+0000] {processor.py:830} INFO - Processing file /home/airflow/.local/lib/python3.12/site-packages/airflow/example_dags/example_dag_decorator.py for tasks to queue
[2024-06-24T07:54:29.239+0000] {logging_mixin.py:188} INFO - [2024-06-24T07:54:29.238+0000] {dagbag.py:545} INFO - Filling up the DagBag from /home/airflow/.local/lib/python3.12/site-packages/airflow/example_dags/example_dag_decorator.py
[2024-06-24T07:54:29.273+0000] {processor.py:840} INFO - DAG(s) 'example_dag_decorator' retrieved from /home/airflow/.local/lib/python3.12/site-packages/airflow/example_dags/example_dag_decorator.py
[2024-06-24T07:54:29.396+0000] {logging_mixin.py:188} INFO - [2024-06-24T07:54:29.396+0000] {dag.py:3096} INFO - Sync 1 DAGs
[2024-06-24T07:54:29.400+0000] {logging_mixin.py:188} INFO - [2024-06-24T07:54:29.400+0000] {dag.py:3954} INFO - Setting next_dagrun for example_dag_decorator to None, run_after=None
[2024-06-24T07:54:29.406+0000] {processor.py:183} INFO - Processing /home/airflow/.local/lib/python3.12/site-packages/airflow/example_dags/example_dag_decorator.py took 0.171 seconds
[2024-06-24T07:54:59.811+0000] {processor.py:161} INFO - Started process (PID=1390) to work on /home/airflow/.local/lib/python3.12/site-packages/airflow/example_dags/example_dag_decorator.py
[2024-06-24T07:54:59.812+0000] {processor.py:830} INFO - Processing file /home/airflow/.local/lib/python3.12/site-packages/airflow/example_dags/example_dag_decorator.py for tasks to queue
[2024-06-24T07:54:59.812+0000] {logging_mixin.py:188} INFO - [2024-06-24T07:54:59.812+0000] {dagbag.py:545} INFO - Filling up the DagBag from /home/airflow/.local/lib/python3.12/site-packages/airflow/example_dags/example_dag_decorator.py
[2024-06-24T07:54:59.848+0000] {processor.py:840} INFO - DAG(s) 'example_dag_decorator' retrieved from /home/airflow/.local/lib/python3.12/site-packages/airflow/example_dags/example_dag_decorator.py
[2024-06-24T07:54:59.857+0000] {logging_mixin.py:188} INFO - [2024-06-24T07:54:59.857+0000] {dag.py:3096} INFO - Sync 1 DAGs
[2024-06-24T07:54:59.945+0000] {logging_mixin.py:188} INFO - [2024-06-24T07:54:59.945+0000] {dag.py:3954} INFO - Setting next_dagrun for example_dag_decorator to None, run_after=None
[2024-06-24T07:54:59.952+0000] {processor.py:183} INFO - Processing /home/airflow/.local/lib/python3.12/site-packages/airflow/example_dags/example_dag_decorator.py took 0.144 seconds
[2024-06-24T07:55:30.439+0000] {processor.py:161} INFO - Started process (PID=1448) to work on /home/airflow/.local/lib/python3.12/site-packages/airflow/example_dags/example_dag_decorator.py
[2024-06-24T07:55:30.441+0000] {processor.py:830} INFO - Processing file /home/airflow/.local/lib/python3.12/site-packages/airflow/example_dags/example_dag_decorator.py for tasks to queue
[2024-06-24T07:55:30.442+0000] {logging_mixin.py:188} INFO - [2024-06-24T07:55:30.442+0000] {dagbag.py:545} INFO - Filling up the DagBag from /home/airflow/.local/lib/python3.12/site-packages/airflow/example_dags/example_dag_decorator.py
[2024-06-24T07:55:30.479+0000] {processor.py:840} INFO - DAG(s) 'example_dag_decorator' retrieved from /home/airflow/.local/lib/python3.12/site-packages/airflow/example_dags/example_dag_decorator.py
[2024-06-24T07:55:30.608+0000] {logging_mixin.py:188} INFO - [2024-06-24T07:55:30.608+0000] {dag.py:3096} INFO - Sync 1 DAGs
[2024-06-24T07:55:30.612+0000] {logging_mixin.py:188} INFO - [2024-06-24T07:55:30.612+0000] {dag.py:3954} INFO - Setting next_dagrun for example_dag_decorator to None, run_after=None
[2024-06-24T07:55:30.619+0000] {processor.py:183} INFO - Processing /home/airflow/.local/lib/python3.12/site-packages/airflow/example_dags/example_dag_decorator.py took 0.183 seconds
[2024-06-24T07:56:00.951+0000] {processor.py:161} INFO - Started process (PID=1506) to work on /home/airflow/.local/lib/python3.12/site-packages/airflow/example_dags/example_dag_decorator.py
[2024-06-24T07:56:00.952+0000] {processor.py:830} INFO - Processing file /home/airflow/.local/lib/python3.12/site-packages/airflow/example_dags/example_dag_decorator.py for tasks to queue
[2024-06-24T07:56:00.954+0000] {logging_mixin.py:188} INFO - [2024-06-24T07:56:00.954+0000] {dagbag.py:545} INFO - Filling up the DagBag from /home/airflow/.local/lib/python3.12/site-packages/airflow/example_dags/example_dag_decorator.py
[2024-06-24T07:56:01.084+0000] {processor.py:840} INFO - DAG(s) 'example_dag_decorator' retrieved from /home/airflow/.local/lib/python3.12/site-packages/airflow/example_dags/example_dag_decorator.py
[2024-06-24T07:56:01.121+0000] {logging_mixin.py:188} INFO - [2024-06-24T07:56:01.121+0000] {dag.py:3096} INFO - Sync 1 DAGs
[2024-06-24T07:56:01.125+0000] {logging_mixin.py:188} INFO - [2024-06-24T07:56:01.125+0000] {dag.py:3954} INFO - Setting next_dagrun for example_dag_decorator to None, run_after=None
[2024-06-24T07:56:01.131+0000] {processor.py:183} INFO - Processing /home/airflow/.local/lib/python3.12/site-packages/airflow/example_dags/example_dag_decorator.py took 0.184 seconds
[2024-06-24T07:56:31.570+0000] {processor.py:161} INFO - Started process (PID=1563) to work on /home/airflow/.local/lib/python3.12/site-packages/airflow/example_dags/example_dag_decorator.py
[2024-06-24T07:56:31.571+0000] {processor.py:830} INFO - Processing file /home/airflow/.local/lib/python3.12/site-packages/airflow/example_dags/example_dag_decorator.py for tasks to queue
[2024-06-24T07:56:31.572+0000] {logging_mixin.py:188} INFO - [2024-06-24T07:56:31.571+0000] {dagbag.py:545} INFO - Filling up the DagBag from /home/airflow/.local/lib/python3.12/site-packages/airflow/example_dags/example_dag_decorator.py
[2024-06-24T07:56:31.705+0000] {processor.py:840} INFO - DAG(s) 'example_dag_decorator' retrieved from /home/airflow/.local/lib/python3.12/site-packages/airflow/example_dags/example_dag_decorator.py
[2024-06-24T07:56:31.750+0000] {logging_mixin.py:188} INFO - [2024-06-24T07:56:31.750+0000] {dag.py:3096} INFO - Sync 1 DAGs
[2024-06-24T07:56:31.755+0000] {logging_mixin.py:188} INFO - [2024-06-24T07:56:31.755+0000] {dag.py:3954} INFO - Setting next_dagrun for example_dag_decorator to None, run_after=None
[2024-06-24T07:56:31.763+0000] {processor.py:183} INFO - Processing /home/airflow/.local/lib/python3.12/site-packages/airflow/example_dags/example_dag_decorator.py took 0.195 seconds
[2024-06-24T07:57:02.429+0000] {processor.py:161} INFO - Started process (PID=1614) to work on /home/airflow/.local/lib/python3.12/site-packages/airflow/example_dags/example_dag_decorator.py
[2024-06-24T07:57:02.430+0000] {processor.py:830} INFO - Processing file /home/airflow/.local/lib/python3.12/site-packages/airflow/example_dags/example_dag_decorator.py for tasks to queue
[2024-06-24T07:57:02.431+0000] {logging_mixin.py:188} INFO - [2024-06-24T07:57:02.431+0000] {dagbag.py:545} INFO - Filling up the DagBag from /home/airflow/.local/lib/python3.12/site-packages/airflow/example_dags/example_dag_decorator.py
[2024-06-24T07:57:02.465+0000] {processor.py:840} INFO - DAG(s) 'example_dag_decorator' retrieved from /home/airflow/.local/lib/python3.12/site-packages/airflow/example_dags/example_dag_decorator.py
[2024-06-24T07:57:02.578+0000] {logging_mixin.py:188} INFO - [2024-06-24T07:57:02.578+0000] {dag.py:3096} INFO - Sync 1 DAGs
[2024-06-24T07:57:02.582+0000] {logging_mixin.py:188} INFO - [2024-06-24T07:57:02.582+0000] {dag.py:3954} INFO - Setting next_dagrun for example_dag_decorator to None, run_after=None
[2024-06-24T07:57:02.588+0000] {processor.py:183} INFO - Processing /home/airflow/.local/lib/python3.12/site-packages/airflow/example_dags/example_dag_decorator.py took 0.162 seconds
[2024-06-24T07:57:33.645+0000] {processor.py:161} INFO - Started process (PID=1672) to work on /home/airflow/.local/lib/python3.12/site-packages/airflow/example_dags/example_dag_decorator.py
[2024-06-24T07:57:33.646+0000] {processor.py:830} INFO - Processing file /home/airflow/.local/lib/python3.12/site-packages/airflow/example_dags/example_dag_decorator.py for tasks to queue
[2024-06-24T07:57:33.647+0000] {logging_mixin.py:188} INFO - [2024-06-24T07:57:33.647+0000] {dagbag.py:545} INFO - Filling up the DagBag from /home/airflow/.local/lib/python3.12/site-packages/airflow/example_dags/example_dag_decorator.py
[2024-06-24T07:57:33.755+0000] {processor.py:840} INFO - DAG(s) 'example_dag_decorator' retrieved from /home/airflow/.local/lib/python3.12/site-packages/airflow/example_dags/example_dag_decorator.py
[2024-06-24T07:57:33.792+0000] {logging_mixin.py:188} INFO - [2024-06-24T07:57:33.792+0000] {dag.py:3096} INFO - Sync 1 DAGs
[2024-06-24T07:57:33.796+0000] {logging_mixin.py:188} INFO - [2024-06-24T07:57:33.796+0000] {dag.py:3954} INFO - Setting next_dagrun for example_dag_decorator to None, run_after=None
[2024-06-24T07:57:33.803+0000] {processor.py:183} INFO - Processing /home/airflow/.local/lib/python3.12/site-packages/airflow/example_dags/example_dag_decorator.py took 0.160 seconds
[2024-06-24T07:58:04.587+0000] {processor.py:161} INFO - Started process (PID=1730) to work on /home/airflow/.local/lib/python3.12/site-packages/airflow/example_dags/example_dag_decorator.py
[2024-06-24T07:58:04.588+0000] {processor.py:830} INFO - Processing file /home/airflow/.local/lib/python3.12/site-packages/airflow/example_dags/example_dag_decorator.py for tasks to queue
[2024-06-24T07:58:04.589+0000] {logging_mixin.py:188} INFO - [2024-06-24T07:58:04.589+0000] {dagbag.py:545} INFO - Filling up the DagBag from /home/airflow/.local/lib/python3.12/site-packages/airflow/example_dags/example_dag_decorator.py
[2024-06-24T07:58:04.711+0000] {processor.py:840} INFO - DAG(s) 'example_dag_decorator' retrieved from /home/airflow/.local/lib/python3.12/site-packages/airflow/example_dags/example_dag_decorator.py
[2024-06-24T07:58:04.747+0000] {logging_mixin.py:188} INFO - [2024-06-24T07:58:04.747+0000] {dag.py:3096} INFO - Sync 1 DAGs
[2024-06-24T07:58:04.751+0000] {logging_mixin.py:188} INFO - [2024-06-24T07:58:04.751+0000] {dag.py:3954} INFO - Setting next_dagrun for example_dag_decorator to None, run_after=None
[2024-06-24T07:58:04.758+0000] {processor.py:183} INFO - Processing /home/airflow/.local/lib/python3.12/site-packages/airflow/example_dags/example_dag_decorator.py took 0.173 seconds
[2024-06-24T07:58:35.253+0000] {processor.py:161} INFO - Started process (PID=1788) to work on /home/airflow/.local/lib/python3.12/site-packages/airflow/example_dags/example_dag_decorator.py
[2024-06-24T07:58:35.254+0000] {processor.py:830} INFO - Processing file /home/airflow/.local/lib/python3.12/site-packages/airflow/example_dags/example_dag_decorator.py for tasks to queue
[2024-06-24T07:58:35.254+0000] {logging_mixin.py:188} INFO - [2024-06-24T07:58:35.254+0000] {dagbag.py:545} INFO - Filling up the DagBag from /home/airflow/.local/lib/python3.12/site-packages/airflow/example_dags/example_dag_decorator.py
[2024-06-24T07:58:35.378+0000] {processor.py:840} INFO - DAG(s) 'example_dag_decorator' retrieved from /home/airflow/.local/lib/python3.12/site-packages/airflow/example_dags/example_dag_decorator.py
[2024-06-24T07:58:35.415+0000] {logging_mixin.py:188} INFO - [2024-06-24T07:58:35.415+0000] {dag.py:3096} INFO - Sync 1 DAGs
[2024-06-24T07:58:35.420+0000] {logging_mixin.py:188} INFO - [2024-06-24T07:58:35.419+0000] {dag.py:3954} INFO - Setting next_dagrun for example_dag_decorator to None, run_after=None
[2024-06-24T07:58:35.426+0000] {processor.py:183} INFO - Processing /home/airflow/.local/lib/python3.12/site-packages/airflow/example_dags/example_dag_decorator.py took 0.176 seconds
[2024-06-24T07:59:05.770+0000] {processor.py:161} INFO - Started process (PID=1847) to work on /home/airflow/.local/lib/python3.12/site-packages/airflow/example_dags/example_dag_decorator.py
[2024-06-24T07:59:05.771+0000] {processor.py:830} INFO - Processing file /home/airflow/.local/lib/python3.12/site-packages/airflow/example_dags/example_dag_decorator.py for tasks to queue
[2024-06-24T07:59:05.772+0000] {logging_mixin.py:188} INFO - [2024-06-24T07:59:05.772+0000] {dagbag.py:545} INFO - Filling up the DagBag from /home/airflow/.local/lib/python3.12/site-packages/airflow/example_dags/example_dag_decorator.py
[2024-06-24T07:59:05.887+0000] {processor.py:840} INFO - DAG(s) 'example_dag_decorator' retrieved from /home/airflow/.local/lib/python3.12/site-packages/airflow/example_dags/example_dag_decorator.py
[2024-06-24T07:59:05.922+0000] {logging_mixin.py:188} INFO - [2024-06-24T07:59:05.922+0000] {dag.py:3096} INFO - Sync 1 DAGs
[2024-06-24T07:59:05.927+0000] {logging_mixin.py:188} INFO - [2024-06-24T07:59:05.927+0000] {dag.py:3954} INFO - Setting next_dagrun for example_dag_decorator to None, run_after=None
[2024-06-24T07:59:05.933+0000] {processor.py:183} INFO - Processing /home/airflow/.local/lib/python3.12/site-packages/airflow/example_dags/example_dag_decorator.py took 0.165 seconds
