[2024-06-24T07:43:18.351+0000] {processor.py:161} INFO - Started process (PID=32) to work on /home/airflow/.local/lib/python3.12/site-packages/airflow/example_dags/tutorial.py
[2024-06-24T07:43:18.352+0000] {processor.py:830} INFO - Processing file /home/airflow/.local/lib/python3.12/site-packages/airflow/example_dags/tutorial.py for tasks to queue
[2024-06-24T07:43:18.353+0000] {logging_mixin.py:188} INFO - [2024-06-24T07:43:18.352+0000] {dagbag.py:545} INFO - Filling up the DagBag from /home/airflow/.local/lib/python3.12/site-packages/airflow/example_dags/tutorial.py
[2024-06-24T07:43:18.357+0000] {processor.py:840} INFO - DAG(s) 'tutorial' retrieved from /home/airflow/.local/lib/python3.12/site-packages/airflow/example_dags/tutorial.py
[2024-06-24T07:43:18.372+0000] {logging_mixin.py:188} INFO - [2024-06-24T07:43:18.372+0000] {dag.py:3096} INFO - Sync 1 DAGs
[2024-06-24T07:43:18.385+0000] {logging_mixin.py:188} INFO - [2024-06-24T07:43:18.385+0000] {dag.py:3954} INFO - Setting next_dagrun for tutorial to 2024-06-23 00:00:00+00:00, run_after=2024-06-24 00:00:00+00:00
[2024-06-24T07:43:18.395+0000] {processor.py:183} INFO - Processing /home/airflow/.local/lib/python3.12/site-packages/airflow/example_dags/tutorial.py took 0.047 seconds
[2024-06-24T07:43:48.670+0000] {processor.py:161} INFO - Started process (PID=90) to work on /home/airflow/.local/lib/python3.12/site-packages/airflow/example_dags/tutorial.py
[2024-06-24T07:43:48.670+0000] {processor.py:830} INFO - Processing file /home/airflow/.local/lib/python3.12/site-packages/airflow/example_dags/tutorial.py for tasks to queue
[2024-06-24T07:43:48.671+0000] {logging_mixin.py:188} INFO - [2024-06-24T07:43:48.671+0000] {dagbag.py:545} INFO - Filling up the DagBag from /home/airflow/.local/lib/python3.12/site-packages/airflow/example_dags/tutorial.py
[2024-06-24T07:43:48.674+0000] {processor.py:840} INFO - DAG(s) 'tutorial' retrieved from /home/airflow/.local/lib/python3.12/site-packages/airflow/example_dags/tutorial.py
[2024-06-24T07:43:48.681+0000] {logging_mixin.py:188} INFO - [2024-06-24T07:43:48.681+0000] {dag.py:3096} INFO - Sync 1 DAGs
[2024-06-24T07:43:48.689+0000] {logging_mixin.py:188} INFO - [2024-06-24T07:43:48.689+0000] {dag.py:3954} INFO - Setting next_dagrun for tutorial to 2024-06-23 00:00:00+00:00, run_after=2024-06-24 00:00:00+00:00
[2024-06-24T07:43:48.695+0000] {processor.py:183} INFO - Processing /home/airflow/.local/lib/python3.12/site-packages/airflow/example_dags/tutorial.py took 0.028 seconds
[2024-06-24T07:44:19.038+0000] {processor.py:161} INFO - Started process (PID=148) to work on /home/airflow/.local/lib/python3.12/site-packages/airflow/example_dags/tutorial.py
[2024-06-24T07:44:19.039+0000] {processor.py:830} INFO - Processing file /home/airflow/.local/lib/python3.12/site-packages/airflow/example_dags/tutorial.py for tasks to queue
[2024-06-24T07:44:19.040+0000] {logging_mixin.py:188} INFO - [2024-06-24T07:44:19.040+0000] {dagbag.py:545} INFO - Filling up the DagBag from /home/airflow/.local/lib/python3.12/site-packages/airflow/example_dags/tutorial.py
[2024-06-24T07:44:19.042+0000] {processor.py:840} INFO - DAG(s) 'tutorial' retrieved from /home/airflow/.local/lib/python3.12/site-packages/airflow/example_dags/tutorial.py
[2024-06-24T07:44:19.050+0000] {logging_mixin.py:188} INFO - [2024-06-24T07:44:19.050+0000] {dag.py:3096} INFO - Sync 1 DAGs
[2024-06-24T07:44:19.058+0000] {logging_mixin.py:188} INFO - [2024-06-24T07:44:19.058+0000] {dag.py:3954} INFO - Setting next_dagrun for tutorial to 2024-06-23 00:00:00+00:00, run_after=2024-06-24 00:00:00+00:00
[2024-06-24T07:44:19.065+0000] {processor.py:183} INFO - Processing /home/airflow/.local/lib/python3.12/site-packages/airflow/example_dags/tutorial.py took 0.030 seconds
[2024-06-24T07:44:49.473+0000] {processor.py:161} INFO - Started process (PID=206) to work on /home/airflow/.local/lib/python3.12/site-packages/airflow/example_dags/tutorial.py
[2024-06-24T07:44:49.474+0000] {processor.py:830} INFO - Processing file /home/airflow/.local/lib/python3.12/site-packages/airflow/example_dags/tutorial.py for tasks to queue
[2024-06-24T07:44:49.475+0000] {logging_mixin.py:188} INFO - [2024-06-24T07:44:49.475+0000] {dagbag.py:545} INFO - Filling up the DagBag from /home/airflow/.local/lib/python3.12/site-packages/airflow/example_dags/tutorial.py
[2024-06-24T07:44:49.477+0000] {processor.py:840} INFO - DAG(s) 'tutorial' retrieved from /home/airflow/.local/lib/python3.12/site-packages/airflow/example_dags/tutorial.py
[2024-06-24T07:44:49.485+0000] {logging_mixin.py:188} INFO - [2024-06-24T07:44:49.485+0000] {dag.py:3096} INFO - Sync 1 DAGs
[2024-06-24T07:44:49.493+0000] {logging_mixin.py:188} INFO - [2024-06-24T07:44:49.493+0000] {dag.py:3954} INFO - Setting next_dagrun for tutorial to 2024-06-23 00:00:00+00:00, run_after=2024-06-24 00:00:00+00:00
[2024-06-24T07:44:49.500+0000] {processor.py:183} INFO - Processing /home/airflow/.local/lib/python3.12/site-packages/airflow/example_dags/tutorial.py took 0.030 seconds
[2024-06-24T07:45:19.878+0000] {processor.py:161} INFO - Started process (PID=264) to work on /home/airflow/.local/lib/python3.12/site-packages/airflow/example_dags/tutorial.py
[2024-06-24T07:45:19.879+0000] {processor.py:830} INFO - Processing file /home/airflow/.local/lib/python3.12/site-packages/airflow/example_dags/tutorial.py for tasks to queue
[2024-06-24T07:45:19.880+0000] {logging_mixin.py:188} INFO - [2024-06-24T07:45:19.880+0000] {dagbag.py:545} INFO - Filling up the DagBag from /home/airflow/.local/lib/python3.12/site-packages/airflow/example_dags/tutorial.py
[2024-06-24T07:45:19.882+0000] {processor.py:840} INFO - DAG(s) 'tutorial' retrieved from /home/airflow/.local/lib/python3.12/site-packages/airflow/example_dags/tutorial.py
[2024-06-24T07:45:19.890+0000] {logging_mixin.py:188} INFO - [2024-06-24T07:45:19.890+0000] {dag.py:3096} INFO - Sync 1 DAGs
[2024-06-24T07:45:19.899+0000] {logging_mixin.py:188} INFO - [2024-06-24T07:45:19.899+0000] {dag.py:3954} INFO - Setting next_dagrun for tutorial to 2024-06-23 00:00:00+00:00, run_after=2024-06-24 00:00:00+00:00
[2024-06-24T07:45:19.905+0000] {processor.py:183} INFO - Processing /home/airflow/.local/lib/python3.12/site-packages/airflow/example_dags/tutorial.py took 0.030 seconds
[2024-06-24T07:45:50.334+0000] {processor.py:161} INFO - Started process (PID=321) to work on /home/airflow/.local/lib/python3.12/site-packages/airflow/example_dags/tutorial.py
[2024-06-24T07:45:50.335+0000] {processor.py:830} INFO - Processing file /home/airflow/.local/lib/python3.12/site-packages/airflow/example_dags/tutorial.py for tasks to queue
[2024-06-24T07:45:50.336+0000] {logging_mixin.py:188} INFO - [2024-06-24T07:45:50.336+0000] {dagbag.py:545} INFO - Filling up the DagBag from /home/airflow/.local/lib/python3.12/site-packages/airflow/example_dags/tutorial.py
[2024-06-24T07:45:50.338+0000] {processor.py:840} INFO - DAG(s) 'tutorial' retrieved from /home/airflow/.local/lib/python3.12/site-packages/airflow/example_dags/tutorial.py
[2024-06-24T07:45:50.346+0000] {logging_mixin.py:188} INFO - [2024-06-24T07:45:50.346+0000] {dag.py:3096} INFO - Sync 1 DAGs
[2024-06-24T07:45:50.355+0000] {logging_mixin.py:188} INFO - [2024-06-24T07:45:50.355+0000] {dag.py:3954} INFO - Setting next_dagrun for tutorial to 2024-06-23 00:00:00+00:00, run_after=2024-06-24 00:00:00+00:00
[2024-06-24T07:45:50.361+0000] {processor.py:183} INFO - Processing /home/airflow/.local/lib/python3.12/site-packages/airflow/example_dags/tutorial.py took 0.029 seconds
[2024-06-24T07:46:20.618+0000] {processor.py:161} INFO - Started process (PID=379) to work on /home/airflow/.local/lib/python3.12/site-packages/airflow/example_dags/tutorial.py
[2024-06-24T07:46:20.619+0000] {processor.py:830} INFO - Processing file /home/airflow/.local/lib/python3.12/site-packages/airflow/example_dags/tutorial.py for tasks to queue
[2024-06-24T07:46:20.620+0000] {logging_mixin.py:188} INFO - [2024-06-24T07:46:20.620+0000] {dagbag.py:545} INFO - Filling up the DagBag from /home/airflow/.local/lib/python3.12/site-packages/airflow/example_dags/tutorial.py
[2024-06-24T07:46:20.622+0000] {processor.py:840} INFO - DAG(s) 'tutorial' retrieved from /home/airflow/.local/lib/python3.12/site-packages/airflow/example_dags/tutorial.py
[2024-06-24T07:46:20.630+0000] {logging_mixin.py:188} INFO - [2024-06-24T07:46:20.630+0000] {dag.py:3096} INFO - Sync 1 DAGs
[2024-06-24T07:46:20.639+0000] {logging_mixin.py:188} INFO - [2024-06-24T07:46:20.639+0000] {dag.py:3954} INFO - Setting next_dagrun for tutorial to 2024-06-23 00:00:00+00:00, run_after=2024-06-24 00:00:00+00:00
[2024-06-24T07:46:20.646+0000] {processor.py:183} INFO - Processing /home/airflow/.local/lib/python3.12/site-packages/airflow/example_dags/tutorial.py took 0.029 seconds
[2024-06-24T07:46:50.973+0000] {processor.py:161} INFO - Started process (PID=436) to work on /home/airflow/.local/lib/python3.12/site-packages/airflow/example_dags/tutorial.py
[2024-06-24T07:46:50.975+0000] {processor.py:830} INFO - Processing file /home/airflow/.local/lib/python3.12/site-packages/airflow/example_dags/tutorial.py for tasks to queue
[2024-06-24T07:46:50.976+0000] {logging_mixin.py:188} INFO - [2024-06-24T07:46:50.976+0000] {dagbag.py:545} INFO - Filling up the DagBag from /home/airflow/.local/lib/python3.12/site-packages/airflow/example_dags/tutorial.py
[2024-06-24T07:46:50.979+0000] {processor.py:840} INFO - DAG(s) 'tutorial' retrieved from /home/airflow/.local/lib/python3.12/site-packages/airflow/example_dags/tutorial.py
[2024-06-24T07:46:50.987+0000] {logging_mixin.py:188} INFO - [2024-06-24T07:46:50.987+0000] {dag.py:3096} INFO - Sync 1 DAGs
[2024-06-24T07:46:50.996+0000] {logging_mixin.py:188} INFO - [2024-06-24T07:46:50.996+0000] {dag.py:3954} INFO - Setting next_dagrun for tutorial to 2024-06-23 00:00:00+00:00, run_after=2024-06-24 00:00:00+00:00
[2024-06-24T07:46:51.010+0000] {processor.py:183} INFO - Processing /home/airflow/.local/lib/python3.12/site-packages/airflow/example_dags/tutorial.py took 0.039 seconds
[2024-06-24T07:47:21.413+0000] {processor.py:161} INFO - Started process (PID=494) to work on /home/airflow/.local/lib/python3.12/site-packages/airflow/example_dags/tutorial.py
[2024-06-24T07:47:21.414+0000] {processor.py:830} INFO - Processing file /home/airflow/.local/lib/python3.12/site-packages/airflow/example_dags/tutorial.py for tasks to queue
[2024-06-24T07:47:21.414+0000] {logging_mixin.py:188} INFO - [2024-06-24T07:47:21.414+0000] {dagbag.py:545} INFO - Filling up the DagBag from /home/airflow/.local/lib/python3.12/site-packages/airflow/example_dags/tutorial.py
[2024-06-24T07:47:21.417+0000] {processor.py:840} INFO - DAG(s) 'tutorial' retrieved from /home/airflow/.local/lib/python3.12/site-packages/airflow/example_dags/tutorial.py
[2024-06-24T07:47:21.426+0000] {logging_mixin.py:188} INFO - [2024-06-24T07:47:21.426+0000] {dag.py:3096} INFO - Sync 1 DAGs
[2024-06-24T07:47:21.435+0000] {logging_mixin.py:188} INFO - [2024-06-24T07:47:21.435+0000] {dag.py:3954} INFO - Setting next_dagrun for tutorial to 2024-06-23 00:00:00+00:00, run_after=2024-06-24 00:00:00+00:00
[2024-06-24T07:47:21.442+0000] {processor.py:183} INFO - Processing /home/airflow/.local/lib/python3.12/site-packages/airflow/example_dags/tutorial.py took 0.032 seconds
[2024-06-24T07:47:51.749+0000] {processor.py:161} INFO - Started process (PID=551) to work on /home/airflow/.local/lib/python3.12/site-packages/airflow/example_dags/tutorial.py
[2024-06-24T07:47:51.749+0000] {processor.py:830} INFO - Processing file /home/airflow/.local/lib/python3.12/site-packages/airflow/example_dags/tutorial.py for tasks to queue
[2024-06-24T07:47:51.750+0000] {logging_mixin.py:188} INFO - [2024-06-24T07:47:51.750+0000] {dagbag.py:545} INFO - Filling up the DagBag from /home/airflow/.local/lib/python3.12/site-packages/airflow/example_dags/tutorial.py
[2024-06-24T07:47:51.753+0000] {processor.py:840} INFO - DAG(s) 'tutorial' retrieved from /home/airflow/.local/lib/python3.12/site-packages/airflow/example_dags/tutorial.py
[2024-06-24T07:47:51.761+0000] {logging_mixin.py:188} INFO - [2024-06-24T07:47:51.761+0000] {dag.py:3096} INFO - Sync 1 DAGs
[2024-06-24T07:47:51.769+0000] {logging_mixin.py:188} INFO - [2024-06-24T07:47:51.769+0000] {dag.py:3954} INFO - Setting next_dagrun for tutorial to 2024-06-23 00:00:00+00:00, run_after=2024-06-24 00:00:00+00:00
[2024-06-24T07:47:51.776+0000] {processor.py:183} INFO - Processing /home/airflow/.local/lib/python3.12/site-packages/airflow/example_dags/tutorial.py took 0.029 seconds
[2024-06-24T07:48:22.173+0000] {processor.py:161} INFO - Started process (PID=609) to work on /home/airflow/.local/lib/python3.12/site-packages/airflow/example_dags/tutorial.py
[2024-06-24T07:48:22.173+0000] {processor.py:830} INFO - Processing file /home/airflow/.local/lib/python3.12/site-packages/airflow/example_dags/tutorial.py for tasks to queue
[2024-06-24T07:48:22.174+0000] {logging_mixin.py:188} INFO - [2024-06-24T07:48:22.174+0000] {dagbag.py:545} INFO - Filling up the DagBag from /home/airflow/.local/lib/python3.12/site-packages/airflow/example_dags/tutorial.py
[2024-06-24T07:48:22.177+0000] {processor.py:840} INFO - DAG(s) 'tutorial' retrieved from /home/airflow/.local/lib/python3.12/site-packages/airflow/example_dags/tutorial.py
[2024-06-24T07:48:22.184+0000] {logging_mixin.py:188} INFO - [2024-06-24T07:48:22.184+0000] {dag.py:3096} INFO - Sync 1 DAGs
[2024-06-24T07:48:22.195+0000] {logging_mixin.py:188} INFO - [2024-06-24T07:48:22.195+0000] {dag.py:3954} INFO - Setting next_dagrun for tutorial to 2024-06-23 00:00:00+00:00, run_after=2024-06-24 00:00:00+00:00
[2024-06-24T07:48:22.204+0000] {processor.py:183} INFO - Processing /home/airflow/.local/lib/python3.12/site-packages/airflow/example_dags/tutorial.py took 0.033 seconds
[2024-06-24T07:48:52.650+0000] {processor.py:161} INFO - Started process (PID=667) to work on /home/airflow/.local/lib/python3.12/site-packages/airflow/example_dags/tutorial.py
[2024-06-24T07:48:52.650+0000] {processor.py:830} INFO - Processing file /home/airflow/.local/lib/python3.12/site-packages/airflow/example_dags/tutorial.py for tasks to queue
[2024-06-24T07:48:52.651+0000] {logging_mixin.py:188} INFO - [2024-06-24T07:48:52.651+0000] {dagbag.py:545} INFO - Filling up the DagBag from /home/airflow/.local/lib/python3.12/site-packages/airflow/example_dags/tutorial.py
[2024-06-24T07:48:52.653+0000] {processor.py:840} INFO - DAG(s) 'tutorial' retrieved from /home/airflow/.local/lib/python3.12/site-packages/airflow/example_dags/tutorial.py
[2024-06-24T07:48:52.660+0000] {logging_mixin.py:188} INFO - [2024-06-24T07:48:52.660+0000] {dag.py:3096} INFO - Sync 1 DAGs
[2024-06-24T07:48:52.668+0000] {logging_mixin.py:188} INFO - [2024-06-24T07:48:52.668+0000] {dag.py:3954} INFO - Setting next_dagrun for tutorial to 2024-06-23 00:00:00+00:00, run_after=2024-06-24 00:00:00+00:00
[2024-06-24T07:48:52.674+0000] {processor.py:183} INFO - Processing /home/airflow/.local/lib/python3.12/site-packages/airflow/example_dags/tutorial.py took 0.026 seconds
[2024-06-24T07:49:23.173+0000] {processor.py:161} INFO - Started process (PID=724) to work on /home/airflow/.local/lib/python3.12/site-packages/airflow/example_dags/tutorial.py
[2024-06-24T07:49:23.174+0000] {processor.py:830} INFO - Processing file /home/airflow/.local/lib/python3.12/site-packages/airflow/example_dags/tutorial.py for tasks to queue
[2024-06-24T07:49:23.175+0000] {logging_mixin.py:188} INFO - [2024-06-24T07:49:23.175+0000] {dagbag.py:545} INFO - Filling up the DagBag from /home/airflow/.local/lib/python3.12/site-packages/airflow/example_dags/tutorial.py
[2024-06-24T07:49:23.178+0000] {processor.py:840} INFO - DAG(s) 'tutorial' retrieved from /home/airflow/.local/lib/python3.12/site-packages/airflow/example_dags/tutorial.py
[2024-06-24T07:49:23.185+0000] {logging_mixin.py:188} INFO - [2024-06-24T07:49:23.185+0000] {dag.py:3096} INFO - Sync 1 DAGs
[2024-06-24T07:49:23.194+0000] {logging_mixin.py:188} INFO - [2024-06-24T07:49:23.194+0000] {dag.py:3954} INFO - Setting next_dagrun for tutorial to 2024-06-23 00:00:00+00:00, run_after=2024-06-24 00:00:00+00:00
[2024-06-24T07:49:23.201+0000] {processor.py:183} INFO - Processing /home/airflow/.local/lib/python3.12/site-packages/airflow/example_dags/tutorial.py took 0.030 seconds
[2024-06-24T07:49:53.642+0000] {processor.py:161} INFO - Started process (PID=782) to work on /home/airflow/.local/lib/python3.12/site-packages/airflow/example_dags/tutorial.py
[2024-06-24T07:49:53.643+0000] {processor.py:830} INFO - Processing file /home/airflow/.local/lib/python3.12/site-packages/airflow/example_dags/tutorial.py for tasks to queue
[2024-06-24T07:49:53.644+0000] {logging_mixin.py:188} INFO - [2024-06-24T07:49:53.643+0000] {dagbag.py:545} INFO - Filling up the DagBag from /home/airflow/.local/lib/python3.12/site-packages/airflow/example_dags/tutorial.py
[2024-06-24T07:49:53.646+0000] {processor.py:840} INFO - DAG(s) 'tutorial' retrieved from /home/airflow/.local/lib/python3.12/site-packages/airflow/example_dags/tutorial.py
[2024-06-24T07:49:53.654+0000] {logging_mixin.py:188} INFO - [2024-06-24T07:49:53.654+0000] {dag.py:3096} INFO - Sync 1 DAGs
[2024-06-24T07:49:53.662+0000] {logging_mixin.py:188} INFO - [2024-06-24T07:49:53.662+0000] {dag.py:3954} INFO - Setting next_dagrun for tutorial to 2024-06-23 00:00:00+00:00, run_after=2024-06-24 00:00:00+00:00
[2024-06-24T07:49:53.668+0000] {processor.py:183} INFO - Processing /home/airflow/.local/lib/python3.12/site-packages/airflow/example_dags/tutorial.py took 0.029 seconds
[2024-06-24T07:50:24.086+0000] {processor.py:161} INFO - Started process (PID=840) to work on /home/airflow/.local/lib/python3.12/site-packages/airflow/example_dags/tutorial.py
[2024-06-24T07:50:24.087+0000] {processor.py:830} INFO - Processing file /home/airflow/.local/lib/python3.12/site-packages/airflow/example_dags/tutorial.py for tasks to queue
[2024-06-24T07:50:24.088+0000] {logging_mixin.py:188} INFO - [2024-06-24T07:50:24.088+0000] {dagbag.py:545} INFO - Filling up the DagBag from /home/airflow/.local/lib/python3.12/site-packages/airflow/example_dags/tutorial.py
[2024-06-24T07:50:24.090+0000] {processor.py:840} INFO - DAG(s) 'tutorial' retrieved from /home/airflow/.local/lib/python3.12/site-packages/airflow/example_dags/tutorial.py
[2024-06-24T07:50:24.098+0000] {logging_mixin.py:188} INFO - [2024-06-24T07:50:24.098+0000] {dag.py:3096} INFO - Sync 1 DAGs
[2024-06-24T07:50:24.107+0000] {logging_mixin.py:188} INFO - [2024-06-24T07:50:24.107+0000] {dag.py:3954} INFO - Setting next_dagrun for tutorial to 2024-06-23 00:00:00+00:00, run_after=2024-06-24 00:00:00+00:00
[2024-06-24T07:50:24.113+0000] {processor.py:183} INFO - Processing /home/airflow/.local/lib/python3.12/site-packages/airflow/example_dags/tutorial.py took 0.029 seconds
[2024-06-24T07:50:54.442+0000] {processor.py:161} INFO - Started process (PID=898) to work on /home/airflow/.local/lib/python3.12/site-packages/airflow/example_dags/tutorial.py
[2024-06-24T07:50:54.442+0000] {processor.py:830} INFO - Processing file /home/airflow/.local/lib/python3.12/site-packages/airflow/example_dags/tutorial.py for tasks to queue
[2024-06-24T07:50:54.443+0000] {logging_mixin.py:188} INFO - [2024-06-24T07:50:54.443+0000] {dagbag.py:545} INFO - Filling up the DagBag from /home/airflow/.local/lib/python3.12/site-packages/airflow/example_dags/tutorial.py
[2024-06-24T07:50:54.446+0000] {processor.py:840} INFO - DAG(s) 'tutorial' retrieved from /home/airflow/.local/lib/python3.12/site-packages/airflow/example_dags/tutorial.py
[2024-06-24T07:50:54.454+0000] {logging_mixin.py:188} INFO - [2024-06-24T07:50:54.454+0000] {dag.py:3096} INFO - Sync 1 DAGs
[2024-06-24T07:50:54.463+0000] {logging_mixin.py:188} INFO - [2024-06-24T07:50:54.462+0000] {dag.py:3954} INFO - Setting next_dagrun for tutorial to 2024-06-23 00:00:00+00:00, run_after=2024-06-24 00:00:00+00:00
[2024-06-24T07:50:54.523+0000] {processor.py:183} INFO - Processing /home/airflow/.local/lib/python3.12/site-packages/airflow/example_dags/tutorial.py took 0.084 seconds
[2024-06-24T07:51:25.042+0000] {processor.py:161} INFO - Started process (PID=955) to work on /home/airflow/.local/lib/python3.12/site-packages/airflow/example_dags/tutorial.py
[2024-06-24T07:51:25.043+0000] {processor.py:830} INFO - Processing file /home/airflow/.local/lib/python3.12/site-packages/airflow/example_dags/tutorial.py for tasks to queue
[2024-06-24T07:51:25.044+0000] {logging_mixin.py:188} INFO - [2024-06-24T07:51:25.043+0000] {dagbag.py:545} INFO - Filling up the DagBag from /home/airflow/.local/lib/python3.12/site-packages/airflow/example_dags/tutorial.py
[2024-06-24T07:51:25.046+0000] {processor.py:840} INFO - DAG(s) 'tutorial' retrieved from /home/airflow/.local/lib/python3.12/site-packages/airflow/example_dags/tutorial.py
[2024-06-24T07:51:25.054+0000] {logging_mixin.py:188} INFO - [2024-06-24T07:51:25.054+0000] {dag.py:3096} INFO - Sync 1 DAGs
[2024-06-24T07:51:25.062+0000] {logging_mixin.py:188} INFO - [2024-06-24T07:51:25.062+0000] {dag.py:3954} INFO - Setting next_dagrun for tutorial to 2024-06-23 00:00:00+00:00, run_after=2024-06-24 00:00:00+00:00
[2024-06-24T07:51:25.069+0000] {processor.py:183} INFO - Processing /home/airflow/.local/lib/python3.12/site-packages/airflow/example_dags/tutorial.py took 0.030 seconds
[2024-06-24T07:51:55.441+0000] {processor.py:161} INFO - Started process (PID=1013) to work on /home/airflow/.local/lib/python3.12/site-packages/airflow/example_dags/tutorial.py
[2024-06-24T07:51:55.442+0000] {processor.py:830} INFO - Processing file /home/airflow/.local/lib/python3.12/site-packages/airflow/example_dags/tutorial.py for tasks to queue
[2024-06-24T07:51:55.443+0000] {logging_mixin.py:188} INFO - [2024-06-24T07:51:55.442+0000] {dagbag.py:545} INFO - Filling up the DagBag from /home/airflow/.local/lib/python3.12/site-packages/airflow/example_dags/tutorial.py
[2024-06-24T07:51:55.445+0000] {processor.py:840} INFO - DAG(s) 'tutorial' retrieved from /home/airflow/.local/lib/python3.12/site-packages/airflow/example_dags/tutorial.py
[2024-06-24T07:51:55.453+0000] {logging_mixin.py:188} INFO - [2024-06-24T07:51:55.453+0000] {dag.py:3096} INFO - Sync 1 DAGs
[2024-06-24T07:51:55.461+0000] {logging_mixin.py:188} INFO - [2024-06-24T07:51:55.461+0000] {dag.py:3954} INFO - Setting next_dagrun for tutorial to 2024-06-23 00:00:00+00:00, run_after=2024-06-24 00:00:00+00:00
[2024-06-24T07:51:55.468+0000] {processor.py:183} INFO - Processing /home/airflow/.local/lib/python3.12/site-packages/airflow/example_dags/tutorial.py took 0.029 seconds
[2024-06-24T07:52:25.829+0000] {processor.py:161} INFO - Started process (PID=1071) to work on /home/airflow/.local/lib/python3.12/site-packages/airflow/example_dags/tutorial.py
[2024-06-24T07:52:25.829+0000] {processor.py:830} INFO - Processing file /home/airflow/.local/lib/python3.12/site-packages/airflow/example_dags/tutorial.py for tasks to queue
[2024-06-24T07:52:25.830+0000] {logging_mixin.py:188} INFO - [2024-06-24T07:52:25.830+0000] {dagbag.py:545} INFO - Filling up the DagBag from /home/airflow/.local/lib/python3.12/site-packages/airflow/example_dags/tutorial.py
[2024-06-24T07:52:25.833+0000] {processor.py:840} INFO - DAG(s) 'tutorial' retrieved from /home/airflow/.local/lib/python3.12/site-packages/airflow/example_dags/tutorial.py
[2024-06-24T07:52:25.841+0000] {logging_mixin.py:188} INFO - [2024-06-24T07:52:25.841+0000] {dag.py:3096} INFO - Sync 1 DAGs
[2024-06-24T07:52:25.850+0000] {logging_mixin.py:188} INFO - [2024-06-24T07:52:25.850+0000] {dag.py:3954} INFO - Setting next_dagrun for tutorial to 2024-06-23 00:00:00+00:00, run_after=2024-06-24 00:00:00+00:00
[2024-06-24T07:52:25.856+0000] {processor.py:183} INFO - Processing /home/airflow/.local/lib/python3.12/site-packages/airflow/example_dags/tutorial.py took 0.030 seconds
[2024-06-24T07:52:56.257+0000] {processor.py:161} INFO - Started process (PID=1128) to work on /home/airflow/.local/lib/python3.12/site-packages/airflow/example_dags/tutorial.py
[2024-06-24T07:52:56.258+0000] {processor.py:830} INFO - Processing file /home/airflow/.local/lib/python3.12/site-packages/airflow/example_dags/tutorial.py for tasks to queue
[2024-06-24T07:52:56.259+0000] {logging_mixin.py:188} INFO - [2024-06-24T07:52:56.259+0000] {dagbag.py:545} INFO - Filling up the DagBag from /home/airflow/.local/lib/python3.12/site-packages/airflow/example_dags/tutorial.py
[2024-06-24T07:52:56.262+0000] {processor.py:840} INFO - DAG(s) 'tutorial' retrieved from /home/airflow/.local/lib/python3.12/site-packages/airflow/example_dags/tutorial.py
[2024-06-24T07:52:56.271+0000] {logging_mixin.py:188} INFO - [2024-06-24T07:52:56.271+0000] {dag.py:3096} INFO - Sync 1 DAGs
[2024-06-24T07:52:56.280+0000] {logging_mixin.py:188} INFO - [2024-06-24T07:52:56.280+0000] {dag.py:3954} INFO - Setting next_dagrun for tutorial to 2024-06-23 00:00:00+00:00, run_after=2024-06-24 00:00:00+00:00
[2024-06-24T07:52:56.286+0000] {processor.py:183} INFO - Processing /home/airflow/.local/lib/python3.12/site-packages/airflow/example_dags/tutorial.py took 0.032 seconds
[2024-06-24T07:53:26.694+0000] {processor.py:161} INFO - Started process (PID=1186) to work on /home/airflow/.local/lib/python3.12/site-packages/airflow/example_dags/tutorial.py
[2024-06-24T07:53:26.695+0000] {processor.py:830} INFO - Processing file /home/airflow/.local/lib/python3.12/site-packages/airflow/example_dags/tutorial.py for tasks to queue
[2024-06-24T07:53:26.695+0000] {logging_mixin.py:188} INFO - [2024-06-24T07:53:26.695+0000] {dagbag.py:545} INFO - Filling up the DagBag from /home/airflow/.local/lib/python3.12/site-packages/airflow/example_dags/tutorial.py
[2024-06-24T07:53:26.698+0000] {processor.py:840} INFO - DAG(s) 'tutorial' retrieved from /home/airflow/.local/lib/python3.12/site-packages/airflow/example_dags/tutorial.py
[2024-06-24T07:53:26.705+0000] {logging_mixin.py:188} INFO - [2024-06-24T07:53:26.705+0000] {dag.py:3096} INFO - Sync 1 DAGs
[2024-06-24T07:53:26.714+0000] {logging_mixin.py:188} INFO - [2024-06-24T07:53:26.713+0000] {dag.py:3954} INFO - Setting next_dagrun for tutorial to 2024-06-23 00:00:00+00:00, run_after=2024-06-24 00:00:00+00:00
[2024-06-24T07:53:26.720+0000] {processor.py:183} INFO - Processing /home/airflow/.local/lib/python3.12/site-packages/airflow/example_dags/tutorial.py took 0.028 seconds
[2024-06-24T07:53:57.099+0000] {processor.py:161} INFO - Started process (PID=1244) to work on /home/airflow/.local/lib/python3.12/site-packages/airflow/example_dags/tutorial.py
[2024-06-24T07:53:57.100+0000] {processor.py:830} INFO - Processing file /home/airflow/.local/lib/python3.12/site-packages/airflow/example_dags/tutorial.py for tasks to queue
[2024-06-24T07:53:57.101+0000] {logging_mixin.py:188} INFO - [2024-06-24T07:53:57.101+0000] {dagbag.py:545} INFO - Filling up the DagBag from /home/airflow/.local/lib/python3.12/site-packages/airflow/example_dags/tutorial.py
[2024-06-24T07:53:57.104+0000] {processor.py:840} INFO - DAG(s) 'tutorial' retrieved from /home/airflow/.local/lib/python3.12/site-packages/airflow/example_dags/tutorial.py
[2024-06-24T07:53:57.113+0000] {logging_mixin.py:188} INFO - [2024-06-24T07:53:57.113+0000] {dag.py:3096} INFO - Sync 1 DAGs
[2024-06-24T07:53:57.123+0000] {logging_mixin.py:188} INFO - [2024-06-24T07:53:57.122+0000] {dag.py:3954} INFO - Setting next_dagrun for tutorial to 2024-06-23 00:00:00+00:00, run_after=2024-06-24 00:00:00+00:00
[2024-06-24T07:53:57.129+0000] {processor.py:183} INFO - Processing /home/airflow/.local/lib/python3.12/site-packages/airflow/example_dags/tutorial.py took 0.033 seconds
[2024-06-24T07:54:27.568+0000] {processor.py:161} INFO - Started process (PID=1302) to work on /home/airflow/.local/lib/python3.12/site-packages/airflow/example_dags/tutorial.py
[2024-06-24T07:54:27.569+0000] {processor.py:830} INFO - Processing file /home/airflow/.local/lib/python3.12/site-packages/airflow/example_dags/tutorial.py for tasks to queue
[2024-06-24T07:54:27.570+0000] {logging_mixin.py:188} INFO - [2024-06-24T07:54:27.570+0000] {dagbag.py:545} INFO - Filling up the DagBag from /home/airflow/.local/lib/python3.12/site-packages/airflow/example_dags/tutorial.py
[2024-06-24T07:54:27.572+0000] {processor.py:840} INFO - DAG(s) 'tutorial' retrieved from /home/airflow/.local/lib/python3.12/site-packages/airflow/example_dags/tutorial.py
[2024-06-24T07:54:27.583+0000] {logging_mixin.py:188} INFO - [2024-06-24T07:54:27.582+0000] {dag.py:3096} INFO - Sync 1 DAGs
[2024-06-24T07:54:27.593+0000] {logging_mixin.py:188} INFO - [2024-06-24T07:54:27.593+0000] {dag.py:3954} INFO - Setting next_dagrun for tutorial to 2024-06-23 00:00:00+00:00, run_after=2024-06-24 00:00:00+00:00
[2024-06-24T07:54:27.600+0000] {processor.py:183} INFO - Processing /home/airflow/.local/lib/python3.12/site-packages/airflow/example_dags/tutorial.py took 0.034 seconds
[2024-06-24T07:54:57.984+0000] {processor.py:161} INFO - Started process (PID=1359) to work on /home/airflow/.local/lib/python3.12/site-packages/airflow/example_dags/tutorial.py
[2024-06-24T07:54:57.986+0000] {processor.py:830} INFO - Processing file /home/airflow/.local/lib/python3.12/site-packages/airflow/example_dags/tutorial.py for tasks to queue
[2024-06-24T07:54:57.987+0000] {logging_mixin.py:188} INFO - [2024-06-24T07:54:57.986+0000] {dagbag.py:545} INFO - Filling up the DagBag from /home/airflow/.local/lib/python3.12/site-packages/airflow/example_dags/tutorial.py
[2024-06-24T07:54:57.989+0000] {processor.py:840} INFO - DAG(s) 'tutorial' retrieved from /home/airflow/.local/lib/python3.12/site-packages/airflow/example_dags/tutorial.py
[2024-06-24T07:54:57.997+0000] {logging_mixin.py:188} INFO - [2024-06-24T07:54:57.997+0000] {dag.py:3096} INFO - Sync 1 DAGs
[2024-06-24T07:54:58.005+0000] {logging_mixin.py:188} INFO - [2024-06-24T07:54:58.005+0000] {dag.py:3954} INFO - Setting next_dagrun for tutorial to 2024-06-23 00:00:00+00:00, run_after=2024-06-24 00:00:00+00:00
[2024-06-24T07:54:58.012+0000] {processor.py:183} INFO - Processing /home/airflow/.local/lib/python3.12/site-packages/airflow/example_dags/tutorial.py took 0.031 seconds
[2024-06-24T07:55:28.556+0000] {processor.py:161} INFO - Started process (PID=1417) to work on /home/airflow/.local/lib/python3.12/site-packages/airflow/example_dags/tutorial.py
[2024-06-24T07:55:28.557+0000] {processor.py:830} INFO - Processing file /home/airflow/.local/lib/python3.12/site-packages/airflow/example_dags/tutorial.py for tasks to queue
[2024-06-24T07:55:28.558+0000] {logging_mixin.py:188} INFO - [2024-06-24T07:55:28.558+0000] {dagbag.py:545} INFO - Filling up the DagBag from /home/airflow/.local/lib/python3.12/site-packages/airflow/example_dags/tutorial.py
[2024-06-24T07:55:28.561+0000] {processor.py:840} INFO - DAG(s) 'tutorial' retrieved from /home/airflow/.local/lib/python3.12/site-packages/airflow/example_dags/tutorial.py
[2024-06-24T07:55:28.570+0000] {logging_mixin.py:188} INFO - [2024-06-24T07:55:28.570+0000] {dag.py:3096} INFO - Sync 1 DAGs
[2024-06-24T07:55:28.580+0000] {logging_mixin.py:188} INFO - [2024-06-24T07:55:28.580+0000] {dag.py:3954} INFO - Setting next_dagrun for tutorial to 2024-06-23 00:00:00+00:00, run_after=2024-06-24 00:00:00+00:00
[2024-06-24T07:55:28.587+0000] {processor.py:183} INFO - Processing /home/airflow/.local/lib/python3.12/site-packages/airflow/example_dags/tutorial.py took 0.033 seconds
[2024-06-24T07:55:59.180+0000] {processor.py:161} INFO - Started process (PID=1475) to work on /home/airflow/.local/lib/python3.12/site-packages/airflow/example_dags/tutorial.py
[2024-06-24T07:55:59.180+0000] {processor.py:830} INFO - Processing file /home/airflow/.local/lib/python3.12/site-packages/airflow/example_dags/tutorial.py for tasks to queue
[2024-06-24T07:55:59.181+0000] {logging_mixin.py:188} INFO - [2024-06-24T07:55:59.181+0000] {dagbag.py:545} INFO - Filling up the DagBag from /home/airflow/.local/lib/python3.12/site-packages/airflow/example_dags/tutorial.py
[2024-06-24T07:55:59.184+0000] {processor.py:840} INFO - DAG(s) 'tutorial' retrieved from /home/airflow/.local/lib/python3.12/site-packages/airflow/example_dags/tutorial.py
[2024-06-24T07:55:59.192+0000] {logging_mixin.py:188} INFO - [2024-06-24T07:55:59.192+0000] {dag.py:3096} INFO - Sync 1 DAGs
[2024-06-24T07:55:59.201+0000] {logging_mixin.py:188} INFO - [2024-06-24T07:55:59.201+0000] {dag.py:3954} INFO - Setting next_dagrun for tutorial to 2024-06-23 00:00:00+00:00, run_after=2024-06-24 00:00:00+00:00
[2024-06-24T07:55:59.210+0000] {processor.py:183} INFO - Processing /home/airflow/.local/lib/python3.12/site-packages/airflow/example_dags/tutorial.py took 0.033 seconds
[2024-06-24T07:56:29.769+0000] {processor.py:161} INFO - Started process (PID=1532) to work on /home/airflow/.local/lib/python3.12/site-packages/airflow/example_dags/tutorial.py
[2024-06-24T07:56:29.770+0000] {processor.py:830} INFO - Processing file /home/airflow/.local/lib/python3.12/site-packages/airflow/example_dags/tutorial.py for tasks to queue
[2024-06-24T07:56:29.772+0000] {logging_mixin.py:188} INFO - [2024-06-24T07:56:29.771+0000] {dagbag.py:545} INFO - Filling up the DagBag from /home/airflow/.local/lib/python3.12/site-packages/airflow/example_dags/tutorial.py
[2024-06-24T07:56:29.775+0000] {processor.py:840} INFO - DAG(s) 'tutorial' retrieved from /home/airflow/.local/lib/python3.12/site-packages/airflow/example_dags/tutorial.py
[2024-06-24T07:56:29.784+0000] {logging_mixin.py:188} INFO - [2024-06-24T07:56:29.784+0000] {dag.py:3096} INFO - Sync 1 DAGs
[2024-06-24T07:56:29.793+0000] {logging_mixin.py:188} INFO - [2024-06-24T07:56:29.793+0000] {dag.py:3954} INFO - Setting next_dagrun for tutorial to 2024-06-23 00:00:00+00:00, run_after=2024-06-24 00:00:00+00:00
[2024-06-24T07:56:29.800+0000] {processor.py:183} INFO - Processing /home/airflow/.local/lib/python3.12/site-packages/airflow/example_dags/tutorial.py took 0.034 seconds
[2024-06-24T07:57:00.361+0000] {processor.py:161} INFO - Started process (PID=1590) to work on /home/airflow/.local/lib/python3.12/site-packages/airflow/example_dags/tutorial.py
[2024-06-24T07:57:00.363+0000] {processor.py:830} INFO - Processing file /home/airflow/.local/lib/python3.12/site-packages/airflow/example_dags/tutorial.py for tasks to queue
[2024-06-24T07:57:00.364+0000] {logging_mixin.py:188} INFO - [2024-06-24T07:57:00.364+0000] {dagbag.py:545} INFO - Filling up the DagBag from /home/airflow/.local/lib/python3.12/site-packages/airflow/example_dags/tutorial.py
[2024-06-24T07:57:00.366+0000] {processor.py:840} INFO - DAG(s) 'tutorial' retrieved from /home/airflow/.local/lib/python3.12/site-packages/airflow/example_dags/tutorial.py
[2024-06-24T07:57:00.375+0000] {logging_mixin.py:188} INFO - [2024-06-24T07:57:00.374+0000] {dag.py:3096} INFO - Sync 1 DAGs
[2024-06-24T07:57:00.383+0000] {logging_mixin.py:188} INFO - [2024-06-24T07:57:00.383+0000] {dag.py:3954} INFO - Setting next_dagrun for tutorial to 2024-06-23 00:00:00+00:00, run_after=2024-06-24 00:00:00+00:00
[2024-06-24T07:57:00.391+0000] {processor.py:183} INFO - Processing /home/airflow/.local/lib/python3.12/site-packages/airflow/example_dags/tutorial.py took 0.032 seconds
[2024-06-24T07:57:30.436+0000] {processor.py:161} INFO - Started process (PID=1647) to work on /home/airflow/.local/lib/python3.12/site-packages/airflow/example_dags/tutorial.py
[2024-06-24T07:57:30.441+0000] {processor.py:830} INFO - Processing file /home/airflow/.local/lib/python3.12/site-packages/airflow/example_dags/tutorial.py for tasks to queue
[2024-06-24T07:57:30.442+0000] {logging_mixin.py:188} INFO - [2024-06-24T07:57:30.442+0000] {dagbag.py:545} INFO - Filling up the DagBag from /home/airflow/.local/lib/python3.12/site-packages/airflow/example_dags/tutorial.py
[2024-06-24T07:57:30.448+0000] {processor.py:840} INFO - DAG(s) 'tutorial' retrieved from /home/airflow/.local/lib/python3.12/site-packages/airflow/example_dags/tutorial.py
[2024-06-24T07:57:30.460+0000] {logging_mixin.py:188} INFO - [2024-06-24T07:57:30.460+0000] {dag.py:3096} INFO - Sync 1 DAGs
[2024-06-24T07:57:30.471+0000] {logging_mixin.py:188} INFO - [2024-06-24T07:57:30.471+0000] {dag.py:3954} INFO - Setting next_dagrun for tutorial to 2024-06-23 00:00:00+00:00, run_after=2024-06-24 00:00:00+00:00
[2024-06-24T07:57:30.480+0000] {processor.py:183} INFO - Processing /home/airflow/.local/lib/python3.12/site-packages/airflow/example_dags/tutorial.py took 0.051 seconds
[2024-06-24T07:58:00.777+0000] {processor.py:161} INFO - Started process (PID=1706) to work on /home/airflow/.local/lib/python3.12/site-packages/airflow/example_dags/tutorial.py
[2024-06-24T07:58:00.778+0000] {processor.py:830} INFO - Processing file /home/airflow/.local/lib/python3.12/site-packages/airflow/example_dags/tutorial.py for tasks to queue
[2024-06-24T07:58:00.779+0000] {logging_mixin.py:188} INFO - [2024-06-24T07:58:00.779+0000] {dagbag.py:545} INFO - Filling up the DagBag from /home/airflow/.local/lib/python3.12/site-packages/airflow/example_dags/tutorial.py
[2024-06-24T07:58:00.781+0000] {processor.py:840} INFO - DAG(s) 'tutorial' retrieved from /home/airflow/.local/lib/python3.12/site-packages/airflow/example_dags/tutorial.py
[2024-06-24T07:58:00.789+0000] {logging_mixin.py:188} INFO - [2024-06-24T07:58:00.789+0000] {dag.py:3096} INFO - Sync 1 DAGs
[2024-06-24T07:58:00.798+0000] {logging_mixin.py:188} INFO - [2024-06-24T07:58:00.798+0000] {dag.py:3954} INFO - Setting next_dagrun for tutorial to 2024-06-23 00:00:00+00:00, run_after=2024-06-24 00:00:00+00:00
[2024-06-24T07:58:00.805+0000] {processor.py:183} INFO - Processing /home/airflow/.local/lib/python3.12/site-packages/airflow/example_dags/tutorial.py took 0.030 seconds
[2024-06-24T07:58:31.406+0000] {processor.py:161} INFO - Started process (PID=1764) to work on /home/airflow/.local/lib/python3.12/site-packages/airflow/example_dags/tutorial.py
[2024-06-24T07:58:31.407+0000] {processor.py:830} INFO - Processing file /home/airflow/.local/lib/python3.12/site-packages/airflow/example_dags/tutorial.py for tasks to queue
[2024-06-24T07:58:31.408+0000] {logging_mixin.py:188} INFO - [2024-06-24T07:58:31.408+0000] {dagbag.py:545} INFO - Filling up the DagBag from /home/airflow/.local/lib/python3.12/site-packages/airflow/example_dags/tutorial.py
[2024-06-24T07:58:31.410+0000] {processor.py:840} INFO - DAG(s) 'tutorial' retrieved from /home/airflow/.local/lib/python3.12/site-packages/airflow/example_dags/tutorial.py
[2024-06-24T07:58:31.418+0000] {logging_mixin.py:188} INFO - [2024-06-24T07:58:31.418+0000] {dag.py:3096} INFO - Sync 1 DAGs
[2024-06-24T07:58:31.426+0000] {logging_mixin.py:188} INFO - [2024-06-24T07:58:31.426+0000] {dag.py:3954} INFO - Setting next_dagrun for tutorial to 2024-06-23 00:00:00+00:00, run_after=2024-06-24 00:00:00+00:00
[2024-06-24T07:58:31.433+0000] {processor.py:183} INFO - Processing /home/airflow/.local/lib/python3.12/site-packages/airflow/example_dags/tutorial.py took 0.030 seconds
[2024-06-24T07:59:02.090+0000] {processor.py:161} INFO - Started process (PID=1822) to work on /home/airflow/.local/lib/python3.12/site-packages/airflow/example_dags/tutorial.py
[2024-06-24T07:59:02.091+0000] {processor.py:830} INFO - Processing file /home/airflow/.local/lib/python3.12/site-packages/airflow/example_dags/tutorial.py for tasks to queue
[2024-06-24T07:59:02.092+0000] {logging_mixin.py:188} INFO - [2024-06-24T07:59:02.091+0000] {dagbag.py:545} INFO - Filling up the DagBag from /home/airflow/.local/lib/python3.12/site-packages/airflow/example_dags/tutorial.py
[2024-06-24T07:59:02.094+0000] {processor.py:840} INFO - DAG(s) 'tutorial' retrieved from /home/airflow/.local/lib/python3.12/site-packages/airflow/example_dags/tutorial.py
[2024-06-24T07:59:02.102+0000] {logging_mixin.py:188} INFO - [2024-06-24T07:59:02.102+0000] {dag.py:3096} INFO - Sync 1 DAGs
[2024-06-24T07:59:02.110+0000] {logging_mixin.py:188} INFO - [2024-06-24T07:59:02.110+0000] {dag.py:3954} INFO - Setting next_dagrun for tutorial to 2024-06-23 00:00:00+00:00, run_after=2024-06-24 00:00:00+00:00
[2024-06-24T07:59:02.117+0000] {processor.py:183} INFO - Processing /home/airflow/.local/lib/python3.12/site-packages/airflow/example_dags/tutorial.py took 0.030 seconds
