[2024-05-22T01:00:15.100+0000] {processor.py:161} INFO - Started process (PID=29693) to work on /home/airflow/.local/lib/python3.12/site-packages/airflow/example_dags/example_python_decorator.py
[2024-05-22T01:00:15.100+0000] {processor.py:830} INFO - Processing file /home/airflow/.local/lib/python3.12/site-packages/airflow/example_dags/example_python_decorator.py for tasks to queue
[2024-05-22T01:00:15.101+0000] {logging_mixin.py:188} INFO - [2024-05-22T01:00:15.101+0000] {dagbag.py:545} INFO - Filling up the DagBag from /home/airflow/.local/lib/python3.12/site-packages/airflow/example_dags/example_python_decorator.py
[2024-05-22T01:00:15.107+0000] {processor.py:840} INFO - DAG(s) 'example_python_decorator' retrieved from /home/airflow/.local/lib/python3.12/site-packages/airflow/example_dags/example_python_decorator.py
[2024-05-22T01:00:15.117+0000] {logging_mixin.py:188} INFO - [2024-05-22T01:00:15.117+0000] {dag.py:3096} INFO - Sync 1 DAGs
[2024-05-22T01:00:15.122+0000] {logging_mixin.py:188} INFO - [2024-05-22T01:00:15.122+0000] {dag.py:3954} INFO - Setting next_dagrun for example_python_decorator to None, run_after=None
[2024-05-22T01:00:15.129+0000] {processor.py:183} INFO - Processing /home/airflow/.local/lib/python3.12/site-packages/airflow/example_dags/example_python_decorator.py took 0.032 seconds
[2024-05-22T02:26:35.129+0000] {processor.py:161} INFO - Started process (PID=29751) to work on /home/airflow/.local/lib/python3.12/site-packages/airflow/example_dags/example_python_decorator.py
[2024-05-22T02:26:35.130+0000] {processor.py:830} INFO - Processing file /home/airflow/.local/lib/python3.12/site-packages/airflow/example_dags/example_python_decorator.py for tasks to queue
[2024-05-22T02:26:35.131+0000] {logging_mixin.py:188} INFO - [2024-05-22T02:26:35.131+0000] {dagbag.py:545} INFO - Filling up the DagBag from /home/airflow/.local/lib/python3.12/site-packages/airflow/example_dags/example_python_decorator.py
[2024-05-22T02:26:35.137+0000] {processor.py:840} INFO - DAG(s) 'example_python_decorator' retrieved from /home/airflow/.local/lib/python3.12/site-packages/airflow/example_dags/example_python_decorator.py
[2024-05-22T02:26:35.147+0000] {logging_mixin.py:188} INFO - [2024-05-22T02:26:35.147+0000] {dag.py:3096} INFO - Sync 1 DAGs
[2024-05-22T02:26:35.152+0000] {logging_mixin.py:188} INFO - [2024-05-22T02:26:35.152+0000] {dag.py:3954} INFO - Setting next_dagrun for example_python_decorator to None, run_after=None
[2024-05-22T02:26:35.159+0000] {processor.py:183} INFO - Processing /home/airflow/.local/lib/python3.12/site-packages/airflow/example_dags/example_python_decorator.py took 0.033 seconds
[2024-05-22T02:27:05.895+0000] {processor.py:161} INFO - Started process (PID=29809) to work on /home/airflow/.local/lib/python3.12/site-packages/airflow/example_dags/example_python_decorator.py
[2024-05-22T02:27:05.895+0000] {processor.py:830} INFO - Processing file /home/airflow/.local/lib/python3.12/site-packages/airflow/example_dags/example_python_decorator.py for tasks to queue
[2024-05-22T02:27:05.896+0000] {logging_mixin.py:188} INFO - [2024-05-22T02:27:05.896+0000] {dagbag.py:545} INFO - Filling up the DagBag from /home/airflow/.local/lib/python3.12/site-packages/airflow/example_dags/example_python_decorator.py
[2024-05-22T02:27:05.901+0000] {processor.py:840} INFO - DAG(s) 'example_python_decorator' retrieved from /home/airflow/.local/lib/python3.12/site-packages/airflow/example_dags/example_python_decorator.py
[2024-05-22T02:27:05.910+0000] {logging_mixin.py:188} INFO - [2024-05-22T02:27:05.910+0000] {dag.py:3096} INFO - Sync 1 DAGs
[2024-05-22T02:27:05.915+0000] {logging_mixin.py:188} INFO - [2024-05-22T02:27:05.915+0000] {dag.py:3954} INFO - Setting next_dagrun for example_python_decorator to None, run_after=None
[2024-05-22T02:27:05.922+0000] {processor.py:183} INFO - Processing /home/airflow/.local/lib/python3.12/site-packages/airflow/example_dags/example_python_decorator.py took 0.030 seconds
[2024-05-22T03:16:30.008+0000] {processor.py:161} INFO - Started process (PID=29867) to work on /home/airflow/.local/lib/python3.12/site-packages/airflow/example_dags/example_python_decorator.py
[2024-05-22T03:16:30.009+0000] {processor.py:830} INFO - Processing file /home/airflow/.local/lib/python3.12/site-packages/airflow/example_dags/example_python_decorator.py for tasks to queue
[2024-05-22T03:16:30.009+0000] {logging_mixin.py:188} INFO - [2024-05-22T03:16:30.009+0000] {dagbag.py:545} INFO - Filling up the DagBag from /home/airflow/.local/lib/python3.12/site-packages/airflow/example_dags/example_python_decorator.py
[2024-05-22T03:16:30.015+0000] {processor.py:840} INFO - DAG(s) 'example_python_decorator' retrieved from /home/airflow/.local/lib/python3.12/site-packages/airflow/example_dags/example_python_decorator.py
[2024-05-22T03:16:30.023+0000] {logging_mixin.py:188} INFO - [2024-05-22T03:16:30.023+0000] {dag.py:3096} INFO - Sync 1 DAGs
[2024-05-22T03:16:30.028+0000] {logging_mixin.py:188} INFO - [2024-05-22T03:16:30.028+0000] {dag.py:3954} INFO - Setting next_dagrun for example_python_decorator to None, run_after=None
[2024-05-22T03:16:30.035+0000] {processor.py:183} INFO - Processing /home/airflow/.local/lib/python3.12/site-packages/airflow/example_dags/example_python_decorator.py took 0.029 seconds
[2024-05-22T04:42:09.439+0000] {processor.py:161} INFO - Started process (PID=29925) to work on /home/airflow/.local/lib/python3.12/site-packages/airflow/example_dags/example_python_decorator.py
[2024-05-22T04:42:09.439+0000] {processor.py:830} INFO - Processing file /home/airflow/.local/lib/python3.12/site-packages/airflow/example_dags/example_python_decorator.py for tasks to queue
[2024-05-22T04:42:09.440+0000] {logging_mixin.py:188} INFO - [2024-05-22T04:42:09.440+0000] {dagbag.py:545} INFO - Filling up the DagBag from /home/airflow/.local/lib/python3.12/site-packages/airflow/example_dags/example_python_decorator.py
[2024-05-22T04:42:09.446+0000] {processor.py:840} INFO - DAG(s) 'example_python_decorator' retrieved from /home/airflow/.local/lib/python3.12/site-packages/airflow/example_dags/example_python_decorator.py
[2024-05-22T04:42:09.455+0000] {logging_mixin.py:188} INFO - [2024-05-22T04:42:09.455+0000] {dag.py:3096} INFO - Sync 1 DAGs
[2024-05-22T04:42:09.460+0000] {logging_mixin.py:188} INFO - [2024-05-22T04:42:09.460+0000] {dag.py:3954} INFO - Setting next_dagrun for example_python_decorator to None, run_after=None
[2024-05-22T04:42:09.467+0000] {processor.py:183} INFO - Processing /home/airflow/.local/lib/python3.12/site-packages/airflow/example_dags/example_python_decorator.py took 0.031 seconds
[2024-05-22T04:42:39.968+0000] {processor.py:161} INFO - Started process (PID=29983) to work on /home/airflow/.local/lib/python3.12/site-packages/airflow/example_dags/example_python_decorator.py
[2024-05-22T04:42:39.969+0000] {processor.py:830} INFO - Processing file /home/airflow/.local/lib/python3.12/site-packages/airflow/example_dags/example_python_decorator.py for tasks to queue
[2024-05-22T04:42:39.970+0000] {logging_mixin.py:188} INFO - [2024-05-22T04:42:39.970+0000] {dagbag.py:545} INFO - Filling up the DagBag from /home/airflow/.local/lib/python3.12/site-packages/airflow/example_dags/example_python_decorator.py
[2024-05-22T04:42:39.976+0000] {processor.py:840} INFO - DAG(s) 'example_python_decorator' retrieved from /home/airflow/.local/lib/python3.12/site-packages/airflow/example_dags/example_python_decorator.py
[2024-05-22T04:42:39.984+0000] {logging_mixin.py:188} INFO - [2024-05-22T04:42:39.984+0000] {dag.py:3096} INFO - Sync 1 DAGs
[2024-05-22T04:42:39.989+0000] {logging_mixin.py:188} INFO - [2024-05-22T04:42:39.989+0000] {dag.py:3954} INFO - Setting next_dagrun for example_python_decorator to None, run_after=None
[2024-05-22T04:42:39.996+0000] {processor.py:183} INFO - Processing /home/airflow/.local/lib/python3.12/site-packages/airflow/example_dags/example_python_decorator.py took 0.030 seconds
[2024-05-22T05:33:34.348+0000] {processor.py:161} INFO - Started process (PID=30041) to work on /home/airflow/.local/lib/python3.12/site-packages/airflow/example_dags/example_python_decorator.py
[2024-05-22T05:33:34.349+0000] {processor.py:830} INFO - Processing file /home/airflow/.local/lib/python3.12/site-packages/airflow/example_dags/example_python_decorator.py for tasks to queue
[2024-05-22T05:33:34.350+0000] {logging_mixin.py:188} INFO - [2024-05-22T05:33:34.350+0000] {dagbag.py:545} INFO - Filling up the DagBag from /home/airflow/.local/lib/python3.12/site-packages/airflow/example_dags/example_python_decorator.py
[2024-05-22T05:33:34.356+0000] {processor.py:840} INFO - DAG(s) 'example_python_decorator' retrieved from /home/airflow/.local/lib/python3.12/site-packages/airflow/example_dags/example_python_decorator.py
[2024-05-22T05:33:34.365+0000] {logging_mixin.py:188} INFO - [2024-05-22T05:33:34.365+0000] {dag.py:3096} INFO - Sync 1 DAGs
[2024-05-22T05:33:34.370+0000] {logging_mixin.py:188} INFO - [2024-05-22T05:33:34.370+0000] {dag.py:3954} INFO - Setting next_dagrun for example_python_decorator to None, run_after=None
[2024-05-22T05:33:34.376+0000] {processor.py:183} INFO - Processing /home/airflow/.local/lib/python3.12/site-packages/airflow/example_dags/example_python_decorator.py took 0.032 seconds
[2024-05-22T05:54:39.518+0000] {processor.py:161} INFO - Started process (PID=30099) to work on /home/airflow/.local/lib/python3.12/site-packages/airflow/example_dags/example_python_decorator.py
[2024-05-22T05:54:39.519+0000] {processor.py:830} INFO - Processing file /home/airflow/.local/lib/python3.12/site-packages/airflow/example_dags/example_python_decorator.py for tasks to queue
[2024-05-22T05:54:39.520+0000] {logging_mixin.py:188} INFO - [2024-05-22T05:54:39.520+0000] {dagbag.py:545} INFO - Filling up the DagBag from /home/airflow/.local/lib/python3.12/site-packages/airflow/example_dags/example_python_decorator.py
[2024-05-22T05:54:39.525+0000] {processor.py:840} INFO - DAG(s) 'example_python_decorator' retrieved from /home/airflow/.local/lib/python3.12/site-packages/airflow/example_dags/example_python_decorator.py
[2024-05-22T05:54:39.534+0000] {logging_mixin.py:188} INFO - [2024-05-22T05:54:39.534+0000] {dag.py:3096} INFO - Sync 1 DAGs
[2024-05-22T05:54:39.539+0000] {logging_mixin.py:188} INFO - [2024-05-22T05:54:39.539+0000] {dag.py:3954} INFO - Setting next_dagrun for example_python_decorator to None, run_after=None
[2024-05-22T05:54:39.546+0000] {processor.py:183} INFO - Processing /home/airflow/.local/lib/python3.12/site-packages/airflow/example_dags/example_python_decorator.py took 0.030 seconds
[2024-05-22T06:02:12.703+0000] {processor.py:161} INFO - Started process (PID=30157) to work on /home/airflow/.local/lib/python3.12/site-packages/airflow/example_dags/example_python_decorator.py
[2024-05-22T06:02:12.704+0000] {processor.py:830} INFO - Processing file /home/airflow/.local/lib/python3.12/site-packages/airflow/example_dags/example_python_decorator.py for tasks to queue
[2024-05-22T06:02:12.707+0000] {logging_mixin.py:188} INFO - [2024-05-22T06:02:12.706+0000] {dagbag.py:545} INFO - Filling up the DagBag from /home/airflow/.local/lib/python3.12/site-packages/airflow/example_dags/example_python_decorator.py
[2024-05-22T06:02:12.713+0000] {processor.py:840} INFO - DAG(s) 'example_python_decorator' retrieved from /home/airflow/.local/lib/python3.12/site-packages/airflow/example_dags/example_python_decorator.py
[2024-05-22T06:02:12.722+0000] {logging_mixin.py:188} INFO - [2024-05-22T06:02:12.722+0000] {dag.py:3096} INFO - Sync 1 DAGs
[2024-05-22T06:02:12.727+0000] {logging_mixin.py:188} INFO - [2024-05-22T06:02:12.727+0000] {dag.py:3954} INFO - Setting next_dagrun for example_python_decorator to None, run_after=None
[2024-05-22T06:02:12.734+0000] {processor.py:183} INFO - Processing /home/airflow/.local/lib/python3.12/site-packages/airflow/example_dags/example_python_decorator.py took 0.033 seconds
[2024-05-22T06:02:43.252+0000] {processor.py:161} INFO - Started process (PID=30215) to work on /home/airflow/.local/lib/python3.12/site-packages/airflow/example_dags/example_python_decorator.py
[2024-05-22T06:02:43.253+0000] {processor.py:830} INFO - Processing file /home/airflow/.local/lib/python3.12/site-packages/airflow/example_dags/example_python_decorator.py for tasks to queue
[2024-05-22T06:02:43.254+0000] {logging_mixin.py:188} INFO - [2024-05-22T06:02:43.254+0000] {dagbag.py:545} INFO - Filling up the DagBag from /home/airflow/.local/lib/python3.12/site-packages/airflow/example_dags/example_python_decorator.py
[2024-05-22T06:02:43.260+0000] {processor.py:840} INFO - DAG(s) 'example_python_decorator' retrieved from /home/airflow/.local/lib/python3.12/site-packages/airflow/example_dags/example_python_decorator.py
[2024-05-22T06:02:43.268+0000] {logging_mixin.py:188} INFO - [2024-05-22T06:02:43.268+0000] {dag.py:3096} INFO - Sync 1 DAGs
[2024-05-22T06:02:43.273+0000] {logging_mixin.py:188} INFO - [2024-05-22T06:02:43.273+0000] {dag.py:3954} INFO - Setting next_dagrun for example_python_decorator to None, run_after=None
[2024-05-22T06:02:43.280+0000] {processor.py:183} INFO - Processing /home/airflow/.local/lib/python3.12/site-packages/airflow/example_dags/example_python_decorator.py took 0.031 seconds
[2024-05-22T06:43:17.614+0000] {processor.py:161} INFO - Started process (PID=30273) to work on /home/airflow/.local/lib/python3.12/site-packages/airflow/example_dags/example_python_decorator.py
[2024-05-22T06:43:17.614+0000] {processor.py:830} INFO - Processing file /home/airflow/.local/lib/python3.12/site-packages/airflow/example_dags/example_python_decorator.py for tasks to queue
[2024-05-22T06:43:17.615+0000] {logging_mixin.py:188} INFO - [2024-05-22T06:43:17.615+0000] {dagbag.py:545} INFO - Filling up the DagBag from /home/airflow/.local/lib/python3.12/site-packages/airflow/example_dags/example_python_decorator.py
[2024-05-22T06:43:17.620+0000] {processor.py:840} INFO - DAG(s) 'example_python_decorator' retrieved from /home/airflow/.local/lib/python3.12/site-packages/airflow/example_dags/example_python_decorator.py
[2024-05-22T06:43:17.629+0000] {logging_mixin.py:188} INFO - [2024-05-22T06:43:17.629+0000] {dag.py:3096} INFO - Sync 1 DAGs
[2024-05-22T06:43:17.634+0000] {logging_mixin.py:188} INFO - [2024-05-22T06:43:17.634+0000] {dag.py:3954} INFO - Setting next_dagrun for example_python_decorator to None, run_after=None
[2024-05-22T06:43:17.641+0000] {processor.py:183} INFO - Processing /home/airflow/.local/lib/python3.12/site-packages/airflow/example_dags/example_python_decorator.py took 0.030 seconds
[2024-05-22T06:43:48.077+0000] {processor.py:161} INFO - Started process (PID=30331) to work on /home/airflow/.local/lib/python3.12/site-packages/airflow/example_dags/example_python_decorator.py
[2024-05-22T06:43:48.078+0000] {processor.py:830} INFO - Processing file /home/airflow/.local/lib/python3.12/site-packages/airflow/example_dags/example_python_decorator.py for tasks to queue
[2024-05-22T06:43:48.079+0000] {logging_mixin.py:188} INFO - [2024-05-22T06:43:48.079+0000] {dagbag.py:545} INFO - Filling up the DagBag from /home/airflow/.local/lib/python3.12/site-packages/airflow/example_dags/example_python_decorator.py
[2024-05-22T06:43:48.084+0000] {processor.py:840} INFO - DAG(s) 'example_python_decorator' retrieved from /home/airflow/.local/lib/python3.12/site-packages/airflow/example_dags/example_python_decorator.py
[2024-05-22T06:43:48.093+0000] {logging_mixin.py:188} INFO - [2024-05-22T06:43:48.093+0000] {dag.py:3096} INFO - Sync 1 DAGs
[2024-05-22T06:43:48.098+0000] {logging_mixin.py:188} INFO - [2024-05-22T06:43:48.098+0000] {dag.py:3954} INFO - Setting next_dagrun for example_python_decorator to None, run_after=None
[2024-05-22T06:43:48.105+0000] {processor.py:183} INFO - Processing /home/airflow/.local/lib/python3.12/site-packages/airflow/example_dags/example_python_decorator.py took 0.030 seconds
[2024-05-22T07:00:24.681+0000] {processor.py:161} INFO - Started process (PID=30388) to work on /home/airflow/.local/lib/python3.12/site-packages/airflow/example_dags/example_python_decorator.py
[2024-05-22T07:00:24.682+0000] {processor.py:830} INFO - Processing file /home/airflow/.local/lib/python3.12/site-packages/airflow/example_dags/example_python_decorator.py for tasks to queue
[2024-05-22T07:00:24.683+0000] {logging_mixin.py:188} INFO - [2024-05-22T07:00:24.683+0000] {dagbag.py:545} INFO - Filling up the DagBag from /home/airflow/.local/lib/python3.12/site-packages/airflow/example_dags/example_python_decorator.py
[2024-05-22T07:00:24.688+0000] {processor.py:840} INFO - DAG(s) 'example_python_decorator' retrieved from /home/airflow/.local/lib/python3.12/site-packages/airflow/example_dags/example_python_decorator.py
[2024-05-22T07:00:24.697+0000] {logging_mixin.py:188} INFO - [2024-05-22T07:00:24.697+0000] {dag.py:3096} INFO - Sync 1 DAGs
[2024-05-22T07:00:24.702+0000] {logging_mixin.py:188} INFO - [2024-05-22T07:00:24.702+0000] {dag.py:3954} INFO - Setting next_dagrun for example_python_decorator to None, run_after=None
[2024-05-22T07:00:24.709+0000] {processor.py:183} INFO - Processing /home/airflow/.local/lib/python3.12/site-packages/airflow/example_dags/example_python_decorator.py took 0.030 seconds
[2024-05-22T07:34:46.060+0000] {processor.py:161} INFO - Started process (PID=30446) to work on /home/airflow/.local/lib/python3.12/site-packages/airflow/example_dags/example_python_decorator.py
[2024-05-22T07:34:46.060+0000] {processor.py:830} INFO - Processing file /home/airflow/.local/lib/python3.12/site-packages/airflow/example_dags/example_python_decorator.py for tasks to queue
[2024-05-22T07:34:46.061+0000] {logging_mixin.py:188} INFO - [2024-05-22T07:34:46.061+0000] {dagbag.py:545} INFO - Filling up the DagBag from /home/airflow/.local/lib/python3.12/site-packages/airflow/example_dags/example_python_decorator.py
[2024-05-22T07:34:46.067+0000] {processor.py:840} INFO - DAG(s) 'example_python_decorator' retrieved from /home/airflow/.local/lib/python3.12/site-packages/airflow/example_dags/example_python_decorator.py
[2024-05-22T07:34:46.077+0000] {logging_mixin.py:188} INFO - [2024-05-22T07:34:46.077+0000] {dag.py:3096} INFO - Sync 1 DAGs
[2024-05-22T07:34:46.082+0000] {logging_mixin.py:188} INFO - [2024-05-22T07:34:46.082+0000] {dag.py:3954} INFO - Setting next_dagrun for example_python_decorator to None, run_after=None
[2024-05-22T07:34:46.091+0000] {processor.py:183} INFO - Processing /home/airflow/.local/lib/python3.12/site-packages/airflow/example_dags/example_python_decorator.py took 0.034 seconds
