[2024-05-22T01:00:14.831+0000] {processor.py:161} INFO - Started process (PID=29682) to work on /home/airflow/.local/lib/python3.12/site-packages/airflow/example_dags/example_branch_day_of_week_operator.py
[2024-05-22T01:00:14.832+0000] {processor.py:830} INFO - Processing file /home/airflow/.local/lib/python3.12/site-packages/airflow/example_dags/example_branch_day_of_week_operator.py for tasks to queue
[2024-05-22T01:00:14.833+0000] {logging_mixin.py:188} INFO - [2024-05-22T01:00:14.833+0000] {dagbag.py:545} INFO - Filling up the DagBag from /home/airflow/.local/lib/python3.12/site-packages/airflow/example_dags/example_branch_day_of_week_operator.py
[2024-05-22T01:00:14.836+0000] {processor.py:840} INFO - DAG(s) 'example_weekday_branch_operator' retrieved from /home/airflow/.local/lib/python3.12/site-packages/airflow/example_dags/example_branch_day_of_week_operator.py
[2024-05-22T01:00:14.846+0000] {logging_mixin.py:188} INFO - [2024-05-22T01:00:14.845+0000] {dag.py:3096} INFO - Sync 1 DAGs
[2024-05-22T01:00:14.855+0000] {logging_mixin.py:188} INFO - [2024-05-22T01:00:14.855+0000] {dag.py:3954} INFO - Setting next_dagrun for example_weekday_branch_operator to 2024-05-21 00:00:00+00:00, run_after=2024-05-22 00:00:00+00:00
[2024-05-22T01:00:14.862+0000] {processor.py:183} INFO - Processing /home/airflow/.local/lib/python3.12/site-packages/airflow/example_dags/example_branch_day_of_week_operator.py took 0.033 seconds
[2024-05-22T02:26:34.874+0000] {processor.py:161} INFO - Started process (PID=29740) to work on /home/airflow/.local/lib/python3.12/site-packages/airflow/example_dags/example_branch_day_of_week_operator.py
[2024-05-22T02:26:34.875+0000] {processor.py:830} INFO - Processing file /home/airflow/.local/lib/python3.12/site-packages/airflow/example_dags/example_branch_day_of_week_operator.py for tasks to queue
[2024-05-22T02:26:34.876+0000] {logging_mixin.py:188} INFO - [2024-05-22T02:26:34.876+0000] {dagbag.py:545} INFO - Filling up the DagBag from /home/airflow/.local/lib/python3.12/site-packages/airflow/example_dags/example_branch_day_of_week_operator.py
[2024-05-22T02:26:34.879+0000] {processor.py:840} INFO - DAG(s) 'example_weekday_branch_operator' retrieved from /home/airflow/.local/lib/python3.12/site-packages/airflow/example_dags/example_branch_day_of_week_operator.py
[2024-05-22T02:26:34.890+0000] {logging_mixin.py:188} INFO - [2024-05-22T02:26:34.889+0000] {dag.py:3096} INFO - Sync 1 DAGs
[2024-05-22T02:26:34.899+0000] {logging_mixin.py:188} INFO - [2024-05-22T02:26:34.899+0000] {dag.py:3954} INFO - Setting next_dagrun for example_weekday_branch_operator to 2024-05-21 00:00:00+00:00, run_after=2024-05-22 00:00:00+00:00
[2024-05-22T02:26:34.907+0000] {processor.py:183} INFO - Processing /home/airflow/.local/lib/python3.12/site-packages/airflow/example_dags/example_branch_day_of_week_operator.py took 0.036 seconds
[2024-05-22T02:27:05.617+0000] {processor.py:161} INFO - Started process (PID=29798) to work on /home/airflow/.local/lib/python3.12/site-packages/airflow/example_dags/example_branch_day_of_week_operator.py
[2024-05-22T02:27:05.617+0000] {processor.py:830} INFO - Processing file /home/airflow/.local/lib/python3.12/site-packages/airflow/example_dags/example_branch_day_of_week_operator.py for tasks to queue
[2024-05-22T02:27:05.618+0000] {logging_mixin.py:188} INFO - [2024-05-22T02:27:05.618+0000] {dagbag.py:545} INFO - Filling up the DagBag from /home/airflow/.local/lib/python3.12/site-packages/airflow/example_dags/example_branch_day_of_week_operator.py
[2024-05-22T02:27:05.622+0000] {processor.py:840} INFO - DAG(s) 'example_weekday_branch_operator' retrieved from /home/airflow/.local/lib/python3.12/site-packages/airflow/example_dags/example_branch_day_of_week_operator.py
[2024-05-22T02:27:05.631+0000] {logging_mixin.py:188} INFO - [2024-05-22T02:27:05.631+0000] {dag.py:3096} INFO - Sync 1 DAGs
[2024-05-22T02:27:05.640+0000] {logging_mixin.py:188} INFO - [2024-05-22T02:27:05.640+0000] {dag.py:3954} INFO - Setting next_dagrun for example_weekday_branch_operator to 2024-05-21 00:00:00+00:00, run_after=2024-05-22 00:00:00+00:00
[2024-05-22T02:27:05.647+0000] {processor.py:183} INFO - Processing /home/airflow/.local/lib/python3.12/site-packages/airflow/example_dags/example_branch_day_of_week_operator.py took 0.033 seconds
[2024-05-22T03:16:29.746+0000] {processor.py:161} INFO - Started process (PID=29856) to work on /home/airflow/.local/lib/python3.12/site-packages/airflow/example_dags/example_branch_day_of_week_operator.py
[2024-05-22T03:16:29.746+0000] {processor.py:830} INFO - Processing file /home/airflow/.local/lib/python3.12/site-packages/airflow/example_dags/example_branch_day_of_week_operator.py for tasks to queue
[2024-05-22T03:16:29.747+0000] {logging_mixin.py:188} INFO - [2024-05-22T03:16:29.747+0000] {dagbag.py:545} INFO - Filling up the DagBag from /home/airflow/.local/lib/python3.12/site-packages/airflow/example_dags/example_branch_day_of_week_operator.py
[2024-05-22T03:16:29.750+0000] {processor.py:840} INFO - DAG(s) 'example_weekday_branch_operator' retrieved from /home/airflow/.local/lib/python3.12/site-packages/airflow/example_dags/example_branch_day_of_week_operator.py
[2024-05-22T03:16:29.760+0000] {logging_mixin.py:188} INFO - [2024-05-22T03:16:29.759+0000] {dag.py:3096} INFO - Sync 1 DAGs
[2024-05-22T03:16:29.768+0000] {logging_mixin.py:188} INFO - [2024-05-22T03:16:29.768+0000] {dag.py:3954} INFO - Setting next_dagrun for example_weekday_branch_operator to 2024-05-21 00:00:00+00:00, run_after=2024-05-22 00:00:00+00:00
[2024-05-22T03:16:29.775+0000] {processor.py:183} INFO - Processing /home/airflow/.local/lib/python3.12/site-packages/airflow/example_dags/example_branch_day_of_week_operator.py took 0.032 seconds
[2024-05-22T04:42:09.169+0000] {processor.py:161} INFO - Started process (PID=29914) to work on /home/airflow/.local/lib/python3.12/site-packages/airflow/example_dags/example_branch_day_of_week_operator.py
[2024-05-22T04:42:09.170+0000] {processor.py:830} INFO - Processing file /home/airflow/.local/lib/python3.12/site-packages/airflow/example_dags/example_branch_day_of_week_operator.py for tasks to queue
[2024-05-22T04:42:09.171+0000] {logging_mixin.py:188} INFO - [2024-05-22T04:42:09.171+0000] {dagbag.py:545} INFO - Filling up the DagBag from /home/airflow/.local/lib/python3.12/site-packages/airflow/example_dags/example_branch_day_of_week_operator.py
[2024-05-22T04:42:09.175+0000] {processor.py:840} INFO - DAG(s) 'example_weekday_branch_operator' retrieved from /home/airflow/.local/lib/python3.12/site-packages/airflow/example_dags/example_branch_day_of_week_operator.py
[2024-05-22T04:42:09.184+0000] {logging_mixin.py:188} INFO - [2024-05-22T04:42:09.184+0000] {dag.py:3096} INFO - Sync 1 DAGs
[2024-05-22T04:42:09.194+0000] {logging_mixin.py:188} INFO - [2024-05-22T04:42:09.194+0000] {dag.py:3954} INFO - Setting next_dagrun for example_weekday_branch_operator to 2024-05-21 00:00:00+00:00, run_after=2024-05-22 00:00:00+00:00
[2024-05-22T04:42:09.201+0000] {processor.py:183} INFO - Processing /home/airflow/.local/lib/python3.12/site-packages/airflow/example_dags/example_branch_day_of_week_operator.py took 0.037 seconds
[2024-05-22T04:42:39.677+0000] {processor.py:161} INFO - Started process (PID=29972) to work on /home/airflow/.local/lib/python3.12/site-packages/airflow/example_dags/example_branch_day_of_week_operator.py
[2024-05-22T04:42:39.677+0000] {processor.py:830} INFO - Processing file /home/airflow/.local/lib/python3.12/site-packages/airflow/example_dags/example_branch_day_of_week_operator.py for tasks to queue
[2024-05-22T04:42:39.678+0000] {logging_mixin.py:188} INFO - [2024-05-22T04:42:39.678+0000] {dagbag.py:545} INFO - Filling up the DagBag from /home/airflow/.local/lib/python3.12/site-packages/airflow/example_dags/example_branch_day_of_week_operator.py
[2024-05-22T04:42:39.681+0000] {processor.py:840} INFO - DAG(s) 'example_weekday_branch_operator' retrieved from /home/airflow/.local/lib/python3.12/site-packages/airflow/example_dags/example_branch_day_of_week_operator.py
[2024-05-22T04:42:39.690+0000] {logging_mixin.py:188} INFO - [2024-05-22T04:42:39.690+0000] {dag.py:3096} INFO - Sync 1 DAGs
[2024-05-22T04:42:39.698+0000] {logging_mixin.py:188} INFO - [2024-05-22T04:42:39.698+0000] {dag.py:3954} INFO - Setting next_dagrun for example_weekday_branch_operator to 2024-05-21 00:00:00+00:00, run_after=2024-05-22 00:00:00+00:00
[2024-05-22T04:42:39.705+0000] {processor.py:183} INFO - Processing /home/airflow/.local/lib/python3.12/site-packages/airflow/example_dags/example_branch_day_of_week_operator.py took 0.031 seconds
[2024-05-22T05:33:34.082+0000] {processor.py:161} INFO - Started process (PID=30030) to work on /home/airflow/.local/lib/python3.12/site-packages/airflow/example_dags/example_branch_day_of_week_operator.py
[2024-05-22T05:33:34.083+0000] {processor.py:830} INFO - Processing file /home/airflow/.local/lib/python3.12/site-packages/airflow/example_dags/example_branch_day_of_week_operator.py for tasks to queue
[2024-05-22T05:33:34.084+0000] {logging_mixin.py:188} INFO - [2024-05-22T05:33:34.084+0000] {dagbag.py:545} INFO - Filling up the DagBag from /home/airflow/.local/lib/python3.12/site-packages/airflow/example_dags/example_branch_day_of_week_operator.py
[2024-05-22T05:33:34.087+0000] {processor.py:840} INFO - DAG(s) 'example_weekday_branch_operator' retrieved from /home/airflow/.local/lib/python3.12/site-packages/airflow/example_dags/example_branch_day_of_week_operator.py
[2024-05-22T05:33:34.096+0000] {logging_mixin.py:188} INFO - [2024-05-22T05:33:34.096+0000] {dag.py:3096} INFO - Sync 1 DAGs
[2024-05-22T05:33:34.105+0000] {logging_mixin.py:188} INFO - [2024-05-22T05:33:34.105+0000] {dag.py:3954} INFO - Setting next_dagrun for example_weekday_branch_operator to 2024-05-21 00:00:00+00:00, run_after=2024-05-22 00:00:00+00:00
[2024-05-22T05:33:34.112+0000] {processor.py:183} INFO - Processing /home/airflow/.local/lib/python3.12/site-packages/airflow/example_dags/example_branch_day_of_week_operator.py took 0.032 seconds
[2024-05-22T05:54:39.231+0000] {processor.py:161} INFO - Started process (PID=30088) to work on /home/airflow/.local/lib/python3.12/site-packages/airflow/example_dags/example_branch_day_of_week_operator.py
[2024-05-22T05:54:39.232+0000] {processor.py:830} INFO - Processing file /home/airflow/.local/lib/python3.12/site-packages/airflow/example_dags/example_branch_day_of_week_operator.py for tasks to queue
[2024-05-22T05:54:39.236+0000] {logging_mixin.py:188} INFO - [2024-05-22T05:54:39.236+0000] {dagbag.py:545} INFO - Filling up the DagBag from /home/airflow/.local/lib/python3.12/site-packages/airflow/example_dags/example_branch_day_of_week_operator.py
[2024-05-22T05:54:39.240+0000] {processor.py:840} INFO - DAG(s) 'example_weekday_branch_operator' retrieved from /home/airflow/.local/lib/python3.12/site-packages/airflow/example_dags/example_branch_day_of_week_operator.py
[2024-05-22T05:54:39.249+0000] {logging_mixin.py:188} INFO - [2024-05-22T05:54:39.249+0000] {dag.py:3096} INFO - Sync 1 DAGs
[2024-05-22T05:54:39.259+0000] {logging_mixin.py:188} INFO - [2024-05-22T05:54:39.259+0000] {dag.py:3954} INFO - Setting next_dagrun for example_weekday_branch_operator to 2024-05-21 00:00:00+00:00, run_after=2024-05-22 00:00:00+00:00
[2024-05-22T05:54:39.267+0000] {processor.py:183} INFO - Processing /home/airflow/.local/lib/python3.12/site-packages/airflow/example_dags/example_branch_day_of_week_operator.py took 0.039 seconds
[2024-05-22T06:02:12.440+0000] {processor.py:161} INFO - Started process (PID=30146) to work on /home/airflow/.local/lib/python3.12/site-packages/airflow/example_dags/example_branch_day_of_week_operator.py
[2024-05-22T06:02:12.441+0000] {processor.py:830} INFO - Processing file /home/airflow/.local/lib/python3.12/site-packages/airflow/example_dags/example_branch_day_of_week_operator.py for tasks to queue
[2024-05-22T06:02:12.442+0000] {logging_mixin.py:188} INFO - [2024-05-22T06:02:12.442+0000] {dagbag.py:545} INFO - Filling up the DagBag from /home/airflow/.local/lib/python3.12/site-packages/airflow/example_dags/example_branch_day_of_week_operator.py
[2024-05-22T06:02:12.445+0000] {processor.py:840} INFO - DAG(s) 'example_weekday_branch_operator' retrieved from /home/airflow/.local/lib/python3.12/site-packages/airflow/example_dags/example_branch_day_of_week_operator.py
[2024-05-22T06:02:12.455+0000] {logging_mixin.py:188} INFO - [2024-05-22T06:02:12.455+0000] {dag.py:3096} INFO - Sync 1 DAGs
[2024-05-22T06:02:12.465+0000] {logging_mixin.py:188} INFO - [2024-05-22T06:02:12.464+0000] {dag.py:3954} INFO - Setting next_dagrun for example_weekday_branch_operator to 2024-05-21 00:00:00+00:00, run_after=2024-05-22 00:00:00+00:00
[2024-05-22T06:02:12.472+0000] {processor.py:183} INFO - Processing /home/airflow/.local/lib/python3.12/site-packages/airflow/example_dags/example_branch_day_of_week_operator.py took 0.034 seconds
[2024-05-22T06:02:42.992+0000] {processor.py:161} INFO - Started process (PID=30204) to work on /home/airflow/.local/lib/python3.12/site-packages/airflow/example_dags/example_branch_day_of_week_operator.py
[2024-05-22T06:02:42.993+0000] {processor.py:830} INFO - Processing file /home/airflow/.local/lib/python3.12/site-packages/airflow/example_dags/example_branch_day_of_week_operator.py for tasks to queue
[2024-05-22T06:02:42.994+0000] {logging_mixin.py:188} INFO - [2024-05-22T06:02:42.994+0000] {dagbag.py:545} INFO - Filling up the DagBag from /home/airflow/.local/lib/python3.12/site-packages/airflow/example_dags/example_branch_day_of_week_operator.py
[2024-05-22T06:02:42.997+0000] {processor.py:840} INFO - DAG(s) 'example_weekday_branch_operator' retrieved from /home/airflow/.local/lib/python3.12/site-packages/airflow/example_dags/example_branch_day_of_week_operator.py
[2024-05-22T06:02:43.006+0000] {logging_mixin.py:188} INFO - [2024-05-22T06:02:43.006+0000] {dag.py:3096} INFO - Sync 1 DAGs
[2024-05-22T06:02:43.015+0000] {logging_mixin.py:188} INFO - [2024-05-22T06:02:43.015+0000] {dag.py:3954} INFO - Setting next_dagrun for example_weekday_branch_operator to 2024-05-21 00:00:00+00:00, run_after=2024-05-22 00:00:00+00:00
[2024-05-22T06:02:43.022+0000] {processor.py:183} INFO - Processing /home/airflow/.local/lib/python3.12/site-packages/airflow/example_dags/example_branch_day_of_week_operator.py took 0.033 seconds
[2024-05-22T06:43:17.317+0000] {processor.py:161} INFO - Started process (PID=30262) to work on /home/airflow/.local/lib/python3.12/site-packages/airflow/example_dags/example_branch_day_of_week_operator.py
[2024-05-22T06:43:17.318+0000] {processor.py:830} INFO - Processing file /home/airflow/.local/lib/python3.12/site-packages/airflow/example_dags/example_branch_day_of_week_operator.py for tasks to queue
[2024-05-22T06:43:17.320+0000] {logging_mixin.py:188} INFO - [2024-05-22T06:43:17.319+0000] {dagbag.py:545} INFO - Filling up the DagBag from /home/airflow/.local/lib/python3.12/site-packages/airflow/example_dags/example_branch_day_of_week_operator.py
[2024-05-22T06:43:17.323+0000] {processor.py:840} INFO - DAG(s) 'example_weekday_branch_operator' retrieved from /home/airflow/.local/lib/python3.12/site-packages/airflow/example_dags/example_branch_day_of_week_operator.py
[2024-05-22T06:43:17.334+0000] {logging_mixin.py:188} INFO - [2024-05-22T06:43:17.334+0000] {dag.py:3096} INFO - Sync 1 DAGs
[2024-05-22T06:43:17.346+0000] {logging_mixin.py:188} INFO - [2024-05-22T06:43:17.346+0000] {dag.py:3954} INFO - Setting next_dagrun for example_weekday_branch_operator to 2024-05-21 00:00:00+00:00, run_after=2024-05-22 00:00:00+00:00
[2024-05-22T06:43:17.353+0000] {processor.py:183} INFO - Processing /home/airflow/.local/lib/python3.12/site-packages/airflow/example_dags/example_branch_day_of_week_operator.py took 0.039 seconds
[2024-05-22T06:43:47.839+0000] {processor.py:161} INFO - Started process (PID=30320) to work on /home/airflow/.local/lib/python3.12/site-packages/airflow/example_dags/example_branch_day_of_week_operator.py
[2024-05-22T06:43:47.840+0000] {processor.py:830} INFO - Processing file /home/airflow/.local/lib/python3.12/site-packages/airflow/example_dags/example_branch_day_of_week_operator.py for tasks to queue
[2024-05-22T06:43:47.841+0000] {logging_mixin.py:188} INFO - [2024-05-22T06:43:47.840+0000] {dagbag.py:545} INFO - Filling up the DagBag from /home/airflow/.local/lib/python3.12/site-packages/airflow/example_dags/example_branch_day_of_week_operator.py
[2024-05-22T06:43:47.844+0000] {processor.py:840} INFO - DAG(s) 'example_weekday_branch_operator' retrieved from /home/airflow/.local/lib/python3.12/site-packages/airflow/example_dags/example_branch_day_of_week_operator.py
[2024-05-22T06:43:47.853+0000] {logging_mixin.py:188} INFO - [2024-05-22T06:43:47.852+0000] {dag.py:3096} INFO - Sync 1 DAGs
[2024-05-22T06:43:47.861+0000] {logging_mixin.py:188} INFO - [2024-05-22T06:43:47.861+0000] {dag.py:3954} INFO - Setting next_dagrun for example_weekday_branch_operator to 2024-05-21 00:00:00+00:00, run_after=2024-05-22 00:00:00+00:00
[2024-05-22T06:43:47.867+0000] {processor.py:183} INFO - Processing /home/airflow/.local/lib/python3.12/site-packages/airflow/example_dags/example_branch_day_of_week_operator.py took 0.030 seconds
[2024-05-22T07:00:24.431+0000] {processor.py:161} INFO - Started process (PID=30377) to work on /home/airflow/.local/lib/python3.12/site-packages/airflow/example_dags/example_branch_day_of_week_operator.py
[2024-05-22T07:00:24.432+0000] {processor.py:830} INFO - Processing file /home/airflow/.local/lib/python3.12/site-packages/airflow/example_dags/example_branch_day_of_week_operator.py for tasks to queue
[2024-05-22T07:00:24.433+0000] {logging_mixin.py:188} INFO - [2024-05-22T07:00:24.433+0000] {dagbag.py:545} INFO - Filling up the DagBag from /home/airflow/.local/lib/python3.12/site-packages/airflow/example_dags/example_branch_day_of_week_operator.py
[2024-05-22T07:00:24.437+0000] {processor.py:840} INFO - DAG(s) 'example_weekday_branch_operator' retrieved from /home/airflow/.local/lib/python3.12/site-packages/airflow/example_dags/example_branch_day_of_week_operator.py
[2024-05-22T07:00:24.446+0000] {logging_mixin.py:188} INFO - [2024-05-22T07:00:24.446+0000] {dag.py:3096} INFO - Sync 1 DAGs
[2024-05-22T07:00:24.455+0000] {logging_mixin.py:188} INFO - [2024-05-22T07:00:24.455+0000] {dag.py:3954} INFO - Setting next_dagrun for example_weekday_branch_operator to 2024-05-21 00:00:00+00:00, run_after=2024-05-22 00:00:00+00:00
[2024-05-22T07:00:24.462+0000] {processor.py:183} INFO - Processing /home/airflow/.local/lib/python3.12/site-packages/airflow/example_dags/example_branch_day_of_week_operator.py took 0.036 seconds
[2024-05-22T07:34:45.778+0000] {processor.py:161} INFO - Started process (PID=30435) to work on /home/airflow/.local/lib/python3.12/site-packages/airflow/example_dags/example_branch_day_of_week_operator.py
[2024-05-22T07:34:45.778+0000] {processor.py:830} INFO - Processing file /home/airflow/.local/lib/python3.12/site-packages/airflow/example_dags/example_branch_day_of_week_operator.py for tasks to queue
[2024-05-22T07:34:45.779+0000] {logging_mixin.py:188} INFO - [2024-05-22T07:34:45.779+0000] {dagbag.py:545} INFO - Filling up the DagBag from /home/airflow/.local/lib/python3.12/site-packages/airflow/example_dags/example_branch_day_of_week_operator.py
[2024-05-22T07:34:45.783+0000] {processor.py:840} INFO - DAG(s) 'example_weekday_branch_operator' retrieved from /home/airflow/.local/lib/python3.12/site-packages/airflow/example_dags/example_branch_day_of_week_operator.py
[2024-05-22T07:34:45.795+0000] {logging_mixin.py:188} INFO - [2024-05-22T07:34:45.795+0000] {dag.py:3096} INFO - Sync 1 DAGs
[2024-05-22T07:34:45.805+0000] {logging_mixin.py:188} INFO - [2024-05-22T07:34:45.805+0000] {dag.py:3954} INFO - Setting next_dagrun for example_weekday_branch_operator to 2024-05-21 00:00:00+00:00, run_after=2024-05-22 00:00:00+00:00
[2024-05-22T07:34:45.812+0000] {processor.py:183} INFO - Processing /home/airflow/.local/lib/python3.12/site-packages/airflow/example_dags/example_branch_day_of_week_operator.py took 0.037 seconds
