[2024-05-22T01:00:15.108+0000] {processor.py:161} INFO - Started process (PID=29694) to work on /home/airflow/.local/lib/python3.12/site-packages/airflow/example_dags/example_display_name.py
[2024-05-22T01:00:15.109+0000] {processor.py:830} INFO - Processing file /home/airflow/.local/lib/python3.12/site-packages/airflow/example_dags/example_display_name.py for tasks to queue
[2024-05-22T01:00:15.110+0000] {logging_mixin.py:188} INFO - [2024-05-22T01:00:15.110+0000] {dagbag.py:545} INFO - Filling up the DagBag from /home/airflow/.local/lib/python3.12/site-packages/airflow/example_dags/example_display_name.py
[2024-05-22T01:00:15.112+0000] {processor.py:840} INFO - DAG(s) 'example_display_name' retrieved from /home/airflow/.local/lib/python3.12/site-packages/airflow/example_dags/example_display_name.py
[2024-05-22T01:00:15.121+0000] {logging_mixin.py:188} INFO - [2024-05-22T01:00:15.120+0000] {dag.py:3096} INFO - Sync 1 DAGs
[2024-05-22T01:00:15.125+0000] {logging_mixin.py:188} INFO - [2024-05-22T01:00:15.125+0000] {dag.py:3954} INFO - Setting next_dagrun for example_display_name to None, run_after=None
[2024-05-22T01:00:15.132+0000] {processor.py:183} INFO - Processing /home/airflow/.local/lib/python3.12/site-packages/airflow/example_dags/example_display_name.py took 0.026 seconds
[2024-05-22T02:26:35.134+0000] {processor.py:161} INFO - Started process (PID=29752) to work on /home/airflow/.local/lib/python3.12/site-packages/airflow/example_dags/example_display_name.py
[2024-05-22T02:26:35.134+0000] {processor.py:830} INFO - Processing file /home/airflow/.local/lib/python3.12/site-packages/airflow/example_dags/example_display_name.py for tasks to queue
[2024-05-22T02:26:35.135+0000] {logging_mixin.py:188} INFO - [2024-05-22T02:26:35.135+0000] {dagbag.py:545} INFO - Filling up the DagBag from /home/airflow/.local/lib/python3.12/site-packages/airflow/example_dags/example_display_name.py
[2024-05-22T02:26:35.138+0000] {processor.py:840} INFO - DAG(s) 'example_display_name' retrieved from /home/airflow/.local/lib/python3.12/site-packages/airflow/example_dags/example_display_name.py
[2024-05-22T02:26:35.146+0000] {logging_mixin.py:188} INFO - [2024-05-22T02:26:35.146+0000] {dag.py:3096} INFO - Sync 1 DAGs
[2024-05-22T02:26:35.152+0000] {logging_mixin.py:188} INFO - [2024-05-22T02:26:35.152+0000] {dag.py:3954} INFO - Setting next_dagrun for example_display_name to None, run_after=None
[2024-05-22T02:26:35.159+0000] {processor.py:183} INFO - Processing /home/airflow/.local/lib/python3.12/site-packages/airflow/example_dags/example_display_name.py took 0.028 seconds
[2024-05-22T02:27:05.932+0000] {processor.py:161} INFO - Started process (PID=29810) to work on /home/airflow/.local/lib/python3.12/site-packages/airflow/example_dags/example_display_name.py
[2024-05-22T02:27:05.932+0000] {processor.py:830} INFO - Processing file /home/airflow/.local/lib/python3.12/site-packages/airflow/example_dags/example_display_name.py for tasks to queue
[2024-05-22T02:27:05.933+0000] {logging_mixin.py:188} INFO - [2024-05-22T02:27:05.933+0000] {dagbag.py:545} INFO - Filling up the DagBag from /home/airflow/.local/lib/python3.12/site-packages/airflow/example_dags/example_display_name.py
[2024-05-22T02:27:05.936+0000] {processor.py:840} INFO - DAG(s) 'example_display_name' retrieved from /home/airflow/.local/lib/python3.12/site-packages/airflow/example_dags/example_display_name.py
[2024-05-22T02:27:05.944+0000] {logging_mixin.py:188} INFO - [2024-05-22T02:27:05.944+0000] {dag.py:3096} INFO - Sync 1 DAGs
[2024-05-22T02:27:05.949+0000] {logging_mixin.py:188} INFO - [2024-05-22T02:27:05.949+0000] {dag.py:3954} INFO - Setting next_dagrun for example_display_name to None, run_after=None
[2024-05-22T02:27:05.956+0000] {processor.py:183} INFO - Processing /home/airflow/.local/lib/python3.12/site-packages/airflow/example_dags/example_display_name.py took 0.027 seconds
[2024-05-22T03:16:30.046+0000] {processor.py:161} INFO - Started process (PID=29868) to work on /home/airflow/.local/lib/python3.12/site-packages/airflow/example_dags/example_display_name.py
[2024-05-22T03:16:30.047+0000] {processor.py:830} INFO - Processing file /home/airflow/.local/lib/python3.12/site-packages/airflow/example_dags/example_display_name.py for tasks to queue
[2024-05-22T03:16:30.048+0000] {logging_mixin.py:188} INFO - [2024-05-22T03:16:30.048+0000] {dagbag.py:545} INFO - Filling up the DagBag from /home/airflow/.local/lib/python3.12/site-packages/airflow/example_dags/example_display_name.py
[2024-05-22T03:16:30.051+0000] {processor.py:840} INFO - DAG(s) 'example_display_name' retrieved from /home/airflow/.local/lib/python3.12/site-packages/airflow/example_dags/example_display_name.py
[2024-05-22T03:16:30.062+0000] {logging_mixin.py:188} INFO - [2024-05-22T03:16:30.061+0000] {dag.py:3096} INFO - Sync 1 DAGs
[2024-05-22T03:16:30.067+0000] {logging_mixin.py:188} INFO - [2024-05-22T03:16:30.067+0000] {dag.py:3954} INFO - Setting next_dagrun for example_display_name to None, run_after=None
[2024-05-22T03:16:30.075+0000] {processor.py:183} INFO - Processing /home/airflow/.local/lib/python3.12/site-packages/airflow/example_dags/example_display_name.py took 0.031 seconds
[2024-05-22T04:42:09.456+0000] {processor.py:161} INFO - Started process (PID=29926) to work on /home/airflow/.local/lib/python3.12/site-packages/airflow/example_dags/example_display_name.py
[2024-05-22T04:42:09.456+0000] {processor.py:830} INFO - Processing file /home/airflow/.local/lib/python3.12/site-packages/airflow/example_dags/example_display_name.py for tasks to queue
[2024-05-22T04:42:09.457+0000] {logging_mixin.py:188} INFO - [2024-05-22T04:42:09.457+0000] {dagbag.py:545} INFO - Filling up the DagBag from /home/airflow/.local/lib/python3.12/site-packages/airflow/example_dags/example_display_name.py
[2024-05-22T04:42:09.460+0000] {processor.py:840} INFO - DAG(s) 'example_display_name' retrieved from /home/airflow/.local/lib/python3.12/site-packages/airflow/example_dags/example_display_name.py
[2024-05-22T04:42:09.468+0000] {logging_mixin.py:188} INFO - [2024-05-22T04:42:09.467+0000] {dag.py:3096} INFO - Sync 1 DAGs
[2024-05-22T04:42:09.472+0000] {logging_mixin.py:188} INFO - [2024-05-22T04:42:09.472+0000] {dag.py:3954} INFO - Setting next_dagrun for example_display_name to None, run_after=None
[2024-05-22T04:42:09.479+0000] {processor.py:183} INFO - Processing /home/airflow/.local/lib/python3.12/site-packages/airflow/example_dags/example_display_name.py took 0.026 seconds
[2024-05-22T04:42:39.970+0000] {processor.py:161} INFO - Started process (PID=29984) to work on /home/airflow/.local/lib/python3.12/site-packages/airflow/example_dags/example_display_name.py
[2024-05-22T04:42:39.970+0000] {processor.py:830} INFO - Processing file /home/airflow/.local/lib/python3.12/site-packages/airflow/example_dags/example_display_name.py for tasks to queue
[2024-05-22T04:42:39.971+0000] {logging_mixin.py:188} INFO - [2024-05-22T04:42:39.971+0000] {dagbag.py:545} INFO - Filling up the DagBag from /home/airflow/.local/lib/python3.12/site-packages/airflow/example_dags/example_display_name.py
[2024-05-22T04:42:39.973+0000] {processor.py:840} INFO - DAG(s) 'example_display_name' retrieved from /home/airflow/.local/lib/python3.12/site-packages/airflow/example_dags/example_display_name.py
[2024-05-22T04:42:39.982+0000] {logging_mixin.py:188} INFO - [2024-05-22T04:42:39.982+0000] {dag.py:3096} INFO - Sync 1 DAGs
[2024-05-22T04:42:39.987+0000] {logging_mixin.py:188} INFO - [2024-05-22T04:42:39.987+0000] {dag.py:3954} INFO - Setting next_dagrun for example_display_name to None, run_after=None
[2024-05-22T04:42:39.994+0000] {processor.py:183} INFO - Processing /home/airflow/.local/lib/python3.12/site-packages/airflow/example_dags/example_display_name.py took 0.027 seconds
[2024-05-22T05:33:34.353+0000] {processor.py:161} INFO - Started process (PID=30042) to work on /home/airflow/.local/lib/python3.12/site-packages/airflow/example_dags/example_display_name.py
[2024-05-22T05:33:34.353+0000] {processor.py:830} INFO - Processing file /home/airflow/.local/lib/python3.12/site-packages/airflow/example_dags/example_display_name.py for tasks to queue
[2024-05-22T05:33:34.354+0000] {logging_mixin.py:188} INFO - [2024-05-22T05:33:34.354+0000] {dagbag.py:545} INFO - Filling up the DagBag from /home/airflow/.local/lib/python3.12/site-packages/airflow/example_dags/example_display_name.py
[2024-05-22T05:33:34.357+0000] {processor.py:840} INFO - DAG(s) 'example_display_name' retrieved from /home/airflow/.local/lib/python3.12/site-packages/airflow/example_dags/example_display_name.py
[2024-05-22T05:33:34.364+0000] {logging_mixin.py:188} INFO - [2024-05-22T05:33:34.364+0000] {dag.py:3096} INFO - Sync 1 DAGs
[2024-05-22T05:33:34.369+0000] {logging_mixin.py:188} INFO - [2024-05-22T05:33:34.369+0000] {dag.py:3954} INFO - Setting next_dagrun for example_display_name to None, run_after=None
[2024-05-22T05:33:34.376+0000] {processor.py:183} INFO - Processing /home/airflow/.local/lib/python3.12/site-packages/airflow/example_dags/example_display_name.py took 0.026 seconds
[2024-05-22T05:54:39.557+0000] {processor.py:161} INFO - Started process (PID=30100) to work on /home/airflow/.local/lib/python3.12/site-packages/airflow/example_dags/example_display_name.py
[2024-05-22T05:54:39.558+0000] {processor.py:830} INFO - Processing file /home/airflow/.local/lib/python3.12/site-packages/airflow/example_dags/example_display_name.py for tasks to queue
[2024-05-22T05:54:39.559+0000] {logging_mixin.py:188} INFO - [2024-05-22T05:54:39.559+0000] {dagbag.py:545} INFO - Filling up the DagBag from /home/airflow/.local/lib/python3.12/site-packages/airflow/example_dags/example_display_name.py
[2024-05-22T05:54:39.562+0000] {processor.py:840} INFO - DAG(s) 'example_display_name' retrieved from /home/airflow/.local/lib/python3.12/site-packages/airflow/example_dags/example_display_name.py
[2024-05-22T05:54:39.571+0000] {logging_mixin.py:188} INFO - [2024-05-22T05:54:39.571+0000] {dag.py:3096} INFO - Sync 1 DAGs
[2024-05-22T05:54:39.576+0000] {logging_mixin.py:188} INFO - [2024-05-22T05:54:39.576+0000] {dag.py:3954} INFO - Setting next_dagrun for example_display_name to None, run_after=None
[2024-05-22T05:54:39.583+0000] {processor.py:183} INFO - Processing /home/airflow/.local/lib/python3.12/site-packages/airflow/example_dags/example_display_name.py took 0.029 seconds
[2024-05-22T06:02:12.705+0000] {processor.py:161} INFO - Started process (PID=30158) to work on /home/airflow/.local/lib/python3.12/site-packages/airflow/example_dags/example_display_name.py
[2024-05-22T06:02:12.707+0000] {processor.py:830} INFO - Processing file /home/airflow/.local/lib/python3.12/site-packages/airflow/example_dags/example_display_name.py for tasks to queue
[2024-05-22T06:02:12.707+0000] {logging_mixin.py:188} INFO - [2024-05-22T06:02:12.707+0000] {dagbag.py:545} INFO - Filling up the DagBag from /home/airflow/.local/lib/python3.12/site-packages/airflow/example_dags/example_display_name.py
[2024-05-22T06:02:12.710+0000] {processor.py:840} INFO - DAG(s) 'example_display_name' retrieved from /home/airflow/.local/lib/python3.12/site-packages/airflow/example_dags/example_display_name.py
[2024-05-22T06:02:12.719+0000] {logging_mixin.py:188} INFO - [2024-05-22T06:02:12.719+0000] {dag.py:3096} INFO - Sync 1 DAGs
[2024-05-22T06:02:12.725+0000] {logging_mixin.py:188} INFO - [2024-05-22T06:02:12.725+0000] {dag.py:3954} INFO - Setting next_dagrun for example_display_name to None, run_after=None
[2024-05-22T06:02:12.733+0000] {processor.py:183} INFO - Processing /home/airflow/.local/lib/python3.12/site-packages/airflow/example_dags/example_display_name.py took 0.031 seconds
[2024-05-22T06:02:43.253+0000] {processor.py:161} INFO - Started process (PID=30216) to work on /home/airflow/.local/lib/python3.12/site-packages/airflow/example_dags/example_display_name.py
[2024-05-22T06:02:43.254+0000] {processor.py:830} INFO - Processing file /home/airflow/.local/lib/python3.12/site-packages/airflow/example_dags/example_display_name.py for tasks to queue
[2024-05-22T06:02:43.255+0000] {logging_mixin.py:188} INFO - [2024-05-22T06:02:43.255+0000] {dagbag.py:545} INFO - Filling up the DagBag from /home/airflow/.local/lib/python3.12/site-packages/airflow/example_dags/example_display_name.py
[2024-05-22T06:02:43.257+0000] {processor.py:840} INFO - DAG(s) 'example_display_name' retrieved from /home/airflow/.local/lib/python3.12/site-packages/airflow/example_dags/example_display_name.py
[2024-05-22T06:02:43.266+0000] {logging_mixin.py:188} INFO - [2024-05-22T06:02:43.266+0000] {dag.py:3096} INFO - Sync 1 DAGs
[2024-05-22T06:02:43.271+0000] {logging_mixin.py:188} INFO - [2024-05-22T06:02:43.271+0000] {dag.py:3954} INFO - Setting next_dagrun for example_display_name to None, run_after=None
[2024-05-22T06:02:43.279+0000] {processor.py:183} INFO - Processing /home/airflow/.local/lib/python3.12/site-packages/airflow/example_dags/example_display_name.py took 0.028 seconds
[2024-05-22T06:43:17.653+0000] {processor.py:161} INFO - Started process (PID=30274) to work on /home/airflow/.local/lib/python3.12/site-packages/airflow/example_dags/example_display_name.py
[2024-05-22T06:43:17.653+0000] {processor.py:830} INFO - Processing file /home/airflow/.local/lib/python3.12/site-packages/airflow/example_dags/example_display_name.py for tasks to queue
[2024-05-22T06:43:17.655+0000] {logging_mixin.py:188} INFO - [2024-05-22T06:43:17.654+0000] {dagbag.py:545} INFO - Filling up the DagBag from /home/airflow/.local/lib/python3.12/site-packages/airflow/example_dags/example_display_name.py
[2024-05-22T06:43:17.658+0000] {processor.py:840} INFO - DAG(s) 'example_display_name' retrieved from /home/airflow/.local/lib/python3.12/site-packages/airflow/example_dags/example_display_name.py
[2024-05-22T06:43:17.669+0000] {logging_mixin.py:188} INFO - [2024-05-22T06:43:17.669+0000] {dag.py:3096} INFO - Sync 1 DAGs
[2024-05-22T06:43:17.674+0000] {logging_mixin.py:188} INFO - [2024-05-22T06:43:17.674+0000] {dag.py:3954} INFO - Setting next_dagrun for example_display_name to None, run_after=None
[2024-05-22T06:43:17.682+0000] {processor.py:183} INFO - Processing /home/airflow/.local/lib/python3.12/site-packages/airflow/example_dags/example_display_name.py took 0.032 seconds
[2024-05-22T06:43:48.106+0000] {processor.py:161} INFO - Started process (PID=30332) to work on /home/airflow/.local/lib/python3.12/site-packages/airflow/example_dags/example_display_name.py
[2024-05-22T06:43:48.107+0000] {processor.py:830} INFO - Processing file /home/airflow/.local/lib/python3.12/site-packages/airflow/example_dags/example_display_name.py for tasks to queue
[2024-05-22T06:43:48.108+0000] {logging_mixin.py:188} INFO - [2024-05-22T06:43:48.108+0000] {dagbag.py:545} INFO - Filling up the DagBag from /home/airflow/.local/lib/python3.12/site-packages/airflow/example_dags/example_display_name.py
[2024-05-22T06:43:48.111+0000] {processor.py:840} INFO - DAG(s) 'example_display_name' retrieved from /home/airflow/.local/lib/python3.12/site-packages/airflow/example_dags/example_display_name.py
[2024-05-22T06:43:48.119+0000] {logging_mixin.py:188} INFO - [2024-05-22T06:43:48.119+0000] {dag.py:3096} INFO - Sync 1 DAGs
[2024-05-22T06:43:48.124+0000] {logging_mixin.py:188} INFO - [2024-05-22T06:43:48.124+0000] {dag.py:3954} INFO - Setting next_dagrun for example_display_name to None, run_after=None
[2024-05-22T06:43:48.131+0000] {processor.py:183} INFO - Processing /home/airflow/.local/lib/python3.12/site-packages/airflow/example_dags/example_display_name.py took 0.027 seconds
[2024-05-22T07:00:24.697+0000] {processor.py:161} INFO - Started process (PID=30389) to work on /home/airflow/.local/lib/python3.12/site-packages/airflow/example_dags/example_display_name.py
[2024-05-22T07:00:24.697+0000] {processor.py:830} INFO - Processing file /home/airflow/.local/lib/python3.12/site-packages/airflow/example_dags/example_display_name.py for tasks to queue
[2024-05-22T07:00:24.698+0000] {logging_mixin.py:188} INFO - [2024-05-22T07:00:24.698+0000] {dagbag.py:545} INFO - Filling up the DagBag from /home/airflow/.local/lib/python3.12/site-packages/airflow/example_dags/example_display_name.py
[2024-05-22T07:00:24.700+0000] {processor.py:840} INFO - DAG(s) 'example_display_name' retrieved from /home/airflow/.local/lib/python3.12/site-packages/airflow/example_dags/example_display_name.py
[2024-05-22T07:00:24.708+0000] {logging_mixin.py:188} INFO - [2024-05-22T07:00:24.708+0000] {dag.py:3096} INFO - Sync 1 DAGs
[2024-05-22T07:00:24.713+0000] {logging_mixin.py:188} INFO - [2024-05-22T07:00:24.713+0000] {dag.py:3954} INFO - Setting next_dagrun for example_display_name to None, run_after=None
[2024-05-22T07:00:24.721+0000] {processor.py:183} INFO - Processing /home/airflow/.local/lib/python3.12/site-packages/airflow/example_dags/example_display_name.py took 0.027 seconds
