[2024-05-22T01:00:14.090+0000] {processor.py:161} INFO - Started process (PID=29655) to work on /home/airflow/.local/lib/python3.12/site-packages/airflow/example_dags/example_xcomargs.py
[2024-05-22T01:00:14.090+0000] {processor.py:830} INFO - Processing file /home/airflow/.local/lib/python3.12/site-packages/airflow/example_dags/example_xcomargs.py for tasks to queue
[2024-05-22T01:00:14.091+0000] {logging_mixin.py:188} INFO - [2024-05-22T01:00:14.091+0000] {dagbag.py:545} INFO - Filling up the DagBag from /home/airflow/.local/lib/python3.12/site-packages/airflow/example_dags/example_xcomargs.py
[2024-05-22T01:00:14.094+0000] {processor.py:840} INFO - DAG(s) 'example_xcom_args', 'example_xcom_args_with_operators' retrieved from /home/airflow/.local/lib/python3.12/site-packages/airflow/example_dags/example_xcomargs.py
[2024-05-22T01:00:14.103+0000] {logging_mixin.py:188} INFO - [2024-05-22T01:00:14.103+0000] {dag.py:3096} INFO - Sync 2 DAGs
[2024-05-22T01:00:14.108+0000] {logging_mixin.py:188} INFO - [2024-05-22T01:00:14.108+0000] {dag.py:3954} INFO - Setting next_dagrun for example_xcom_args to None, run_after=None
[2024-05-22T01:00:14.110+0000] {logging_mixin.py:188} INFO - [2024-05-22T01:00:14.109+0000] {dag.py:3954} INFO - Setting next_dagrun for example_xcom_args_with_operators to None, run_after=None
[2024-05-22T01:00:14.115+0000] {processor.py:183} INFO - Processing /home/airflow/.local/lib/python3.12/site-packages/airflow/example_dags/example_xcomargs.py took 0.028 seconds
[2024-05-22T02:26:34.283+0000] {processor.py:161} INFO - Started process (PID=29713) to work on /home/airflow/.local/lib/python3.12/site-packages/airflow/example_dags/example_xcomargs.py
[2024-05-22T02:26:34.283+0000] {processor.py:830} INFO - Processing file /home/airflow/.local/lib/python3.12/site-packages/airflow/example_dags/example_xcomargs.py for tasks to queue
[2024-05-22T02:26:34.284+0000] {logging_mixin.py:188} INFO - [2024-05-22T02:26:34.284+0000] {dagbag.py:545} INFO - Filling up the DagBag from /home/airflow/.local/lib/python3.12/site-packages/airflow/example_dags/example_xcomargs.py
[2024-05-22T02:26:34.287+0000] {processor.py:840} INFO - DAG(s) 'example_xcom_args', 'example_xcom_args_with_operators' retrieved from /home/airflow/.local/lib/python3.12/site-packages/airflow/example_dags/example_xcomargs.py
[2024-05-22T02:26:34.296+0000] {logging_mixin.py:188} INFO - [2024-05-22T02:26:34.296+0000] {dag.py:3096} INFO - Sync 2 DAGs
[2024-05-22T02:26:34.301+0000] {logging_mixin.py:188} INFO - [2024-05-22T02:26:34.301+0000] {dag.py:3954} INFO - Setting next_dagrun for example_xcom_args to None, run_after=None
[2024-05-22T02:26:34.302+0000] {logging_mixin.py:188} INFO - [2024-05-22T02:26:34.302+0000] {dag.py:3954} INFO - Setting next_dagrun for example_xcom_args_with_operators to None, run_after=None
[2024-05-22T02:26:34.308+0000] {processor.py:183} INFO - Processing /home/airflow/.local/lib/python3.12/site-packages/airflow/example_dags/example_xcomargs.py took 0.028 seconds
[2024-05-22T02:27:05.014+0000] {processor.py:161} INFO - Started process (PID=29771) to work on /home/airflow/.local/lib/python3.12/site-packages/airflow/example_dags/example_xcomargs.py
[2024-05-22T02:27:05.015+0000] {processor.py:830} INFO - Processing file /home/airflow/.local/lib/python3.12/site-packages/airflow/example_dags/example_xcomargs.py for tasks to queue
[2024-05-22T02:27:05.016+0000] {logging_mixin.py:188} INFO - [2024-05-22T02:27:05.015+0000] {dagbag.py:545} INFO - Filling up the DagBag from /home/airflow/.local/lib/python3.12/site-packages/airflow/example_dags/example_xcomargs.py
[2024-05-22T02:27:05.019+0000] {processor.py:840} INFO - DAG(s) 'example_xcom_args', 'example_xcom_args_with_operators' retrieved from /home/airflow/.local/lib/python3.12/site-packages/airflow/example_dags/example_xcomargs.py
[2024-05-22T02:27:05.028+0000] {logging_mixin.py:188} INFO - [2024-05-22T02:27:05.028+0000] {dag.py:3096} INFO - Sync 2 DAGs
[2024-05-22T02:27:05.033+0000] {logging_mixin.py:188} INFO - [2024-05-22T02:27:05.033+0000] {dag.py:3954} INFO - Setting next_dagrun for example_xcom_args to None, run_after=None
[2024-05-22T02:27:05.035+0000] {logging_mixin.py:188} INFO - [2024-05-22T02:27:05.035+0000] {dag.py:3954} INFO - Setting next_dagrun for example_xcom_args_with_operators to None, run_after=None
[2024-05-22T02:27:05.041+0000] {processor.py:183} INFO - Processing /home/airflow/.local/lib/python3.12/site-packages/airflow/example_dags/example_xcomargs.py took 0.029 seconds
[2024-05-22T03:16:29.117+0000] {processor.py:161} INFO - Started process (PID=29829) to work on /home/airflow/.local/lib/python3.12/site-packages/airflow/example_dags/example_xcomargs.py
[2024-05-22T03:16:29.117+0000] {processor.py:830} INFO - Processing file /home/airflow/.local/lib/python3.12/site-packages/airflow/example_dags/example_xcomargs.py for tasks to queue
[2024-05-22T03:16:29.118+0000] {logging_mixin.py:188} INFO - [2024-05-22T03:16:29.118+0000] {dagbag.py:545} INFO - Filling up the DagBag from /home/airflow/.local/lib/python3.12/site-packages/airflow/example_dags/example_xcomargs.py
[2024-05-22T03:16:29.121+0000] {processor.py:840} INFO - DAG(s) 'example_xcom_args_with_operators', 'example_xcom_args' retrieved from /home/airflow/.local/lib/python3.12/site-packages/airflow/example_dags/example_xcomargs.py
[2024-05-22T03:16:29.131+0000] {logging_mixin.py:188} INFO - [2024-05-22T03:16:29.131+0000] {dag.py:3096} INFO - Sync 2 DAGs
[2024-05-22T03:16:29.136+0000] {logging_mixin.py:188} INFO - [2024-05-22T03:16:29.135+0000] {dag.py:3954} INFO - Setting next_dagrun for example_xcom_args to None, run_after=None
[2024-05-22T03:16:29.137+0000] {logging_mixin.py:188} INFO - [2024-05-22T03:16:29.137+0000] {dag.py:3954} INFO - Setting next_dagrun for example_xcom_args_with_operators to None, run_after=None
[2024-05-22T03:16:29.143+0000] {processor.py:183} INFO - Processing /home/airflow/.local/lib/python3.12/site-packages/airflow/example_dags/example_xcomargs.py took 0.028 seconds
[2024-05-22T04:42:08.567+0000] {processor.py:161} INFO - Started process (PID=29887) to work on /home/airflow/.local/lib/python3.12/site-packages/airflow/example_dags/example_xcomargs.py
[2024-05-22T04:42:08.568+0000] {processor.py:830} INFO - Processing file /home/airflow/.local/lib/python3.12/site-packages/airflow/example_dags/example_xcomargs.py for tasks to queue
[2024-05-22T04:42:08.568+0000] {logging_mixin.py:188} INFO - [2024-05-22T04:42:08.568+0000] {dagbag.py:545} INFO - Filling up the DagBag from /home/airflow/.local/lib/python3.12/site-packages/airflow/example_dags/example_xcomargs.py
[2024-05-22T04:42:08.572+0000] {processor.py:840} INFO - DAG(s) 'example_xcom_args', 'example_xcom_args_with_operators' retrieved from /home/airflow/.local/lib/python3.12/site-packages/airflow/example_dags/example_xcomargs.py
[2024-05-22T04:42:08.581+0000] {logging_mixin.py:188} INFO - [2024-05-22T04:42:08.581+0000] {dag.py:3096} INFO - Sync 2 DAGs
[2024-05-22T04:42:08.585+0000] {logging_mixin.py:188} INFO - [2024-05-22T04:42:08.585+0000] {dag.py:3954} INFO - Setting next_dagrun for example_xcom_args to None, run_after=None
[2024-05-22T04:42:08.587+0000] {logging_mixin.py:188} INFO - [2024-05-22T04:42:08.587+0000] {dag.py:3954} INFO - Setting next_dagrun for example_xcom_args_with_operators to None, run_after=None
[2024-05-22T04:42:08.593+0000] {processor.py:183} INFO - Processing /home/airflow/.local/lib/python3.12/site-packages/airflow/example_dags/example_xcomargs.py took 0.028 seconds
[2024-05-22T04:42:39.075+0000] {processor.py:161} INFO - Started process (PID=29945) to work on /home/airflow/.local/lib/python3.12/site-packages/airflow/example_dags/example_xcomargs.py
[2024-05-22T04:42:39.075+0000] {processor.py:830} INFO - Processing file /home/airflow/.local/lib/python3.12/site-packages/airflow/example_dags/example_xcomargs.py for tasks to queue
[2024-05-22T04:42:39.076+0000] {logging_mixin.py:188} INFO - [2024-05-22T04:42:39.076+0000] {dagbag.py:545} INFO - Filling up the DagBag from /home/airflow/.local/lib/python3.12/site-packages/airflow/example_dags/example_xcomargs.py
[2024-05-22T04:42:39.080+0000] {processor.py:840} INFO - DAG(s) 'example_xcom_args', 'example_xcom_args_with_operators' retrieved from /home/airflow/.local/lib/python3.12/site-packages/airflow/example_dags/example_xcomargs.py
[2024-05-22T04:42:39.090+0000] {logging_mixin.py:188} INFO - [2024-05-22T04:42:39.090+0000] {dag.py:3096} INFO - Sync 2 DAGs
[2024-05-22T04:42:39.095+0000] {logging_mixin.py:188} INFO - [2024-05-22T04:42:39.095+0000] {dag.py:3954} INFO - Setting next_dagrun for example_xcom_args to None, run_after=None
[2024-05-22T04:42:39.096+0000] {logging_mixin.py:188} INFO - [2024-05-22T04:42:39.096+0000] {dag.py:3954} INFO - Setting next_dagrun for example_xcom_args_with_operators to None, run_after=None
[2024-05-22T04:42:39.103+0000] {processor.py:183} INFO - Processing /home/airflow/.local/lib/python3.12/site-packages/airflow/example_dags/example_xcomargs.py took 0.030 seconds
[2024-05-22T05:33:33.203+0000] {processor.py:161} INFO - Started process (PID=30003) to work on /home/airflow/.local/lib/python3.12/site-packages/airflow/example_dags/example_xcomargs.py
[2024-05-22T05:33:33.203+0000] {processor.py:830} INFO - Processing file /home/airflow/.local/lib/python3.12/site-packages/airflow/example_dags/example_xcomargs.py for tasks to queue
[2024-05-22T05:33:33.204+0000] {logging_mixin.py:188} INFO - [2024-05-22T05:33:33.204+0000] {dagbag.py:545} INFO - Filling up the DagBag from /home/airflow/.local/lib/python3.12/site-packages/airflow/example_dags/example_xcomargs.py
[2024-05-22T05:33:33.208+0000] {processor.py:840} INFO - DAG(s) 'example_xcom_args_with_operators', 'example_xcom_args' retrieved from /home/airflow/.local/lib/python3.12/site-packages/airflow/example_dags/example_xcomargs.py
[2024-05-22T05:33:33.218+0000] {logging_mixin.py:188} INFO - [2024-05-22T05:33:33.218+0000] {dag.py:3096} INFO - Sync 2 DAGs
[2024-05-22T05:33:33.223+0000] {logging_mixin.py:188} INFO - [2024-05-22T05:33:33.223+0000] {dag.py:3954} INFO - Setting next_dagrun for example_xcom_args to None, run_after=None
[2024-05-22T05:33:33.225+0000] {logging_mixin.py:188} INFO - [2024-05-22T05:33:33.225+0000] {dag.py:3954} INFO - Setting next_dagrun for example_xcom_args_with_operators to None, run_after=None
[2024-05-22T05:33:33.231+0000] {processor.py:183} INFO - Processing /home/airflow/.local/lib/python3.12/site-packages/airflow/example_dags/example_xcomargs.py took 0.031 seconds
[2024-05-22T05:54:38.505+0000] {processor.py:161} INFO - Started process (PID=30061) to work on /home/airflow/.local/lib/python3.12/site-packages/airflow/example_dags/example_xcomargs.py
[2024-05-22T05:54:38.506+0000] {processor.py:830} INFO - Processing file /home/airflow/.local/lib/python3.12/site-packages/airflow/example_dags/example_xcomargs.py for tasks to queue
[2024-05-22T05:54:38.507+0000] {logging_mixin.py:188} INFO - [2024-05-22T05:54:38.507+0000] {dagbag.py:545} INFO - Filling up the DagBag from /home/airflow/.local/lib/python3.12/site-packages/airflow/example_dags/example_xcomargs.py
[2024-05-22T05:54:38.511+0000] {processor.py:840} INFO - DAG(s) 'example_xcom_args_with_operators', 'example_xcom_args' retrieved from /home/airflow/.local/lib/python3.12/site-packages/airflow/example_dags/example_xcomargs.py
[2024-05-22T05:54:38.522+0000] {logging_mixin.py:188} INFO - [2024-05-22T05:54:38.522+0000] {dag.py:3096} INFO - Sync 2 DAGs
[2024-05-22T05:54:38.528+0000] {logging_mixin.py:188} INFO - [2024-05-22T05:54:38.528+0000] {dag.py:3954} INFO - Setting next_dagrun for example_xcom_args to None, run_after=None
[2024-05-22T05:54:38.529+0000] {logging_mixin.py:188} INFO - [2024-05-22T05:54:38.529+0000] {dag.py:3954} INFO - Setting next_dagrun for example_xcom_args_with_operators to None, run_after=None
[2024-05-22T05:54:38.536+0000] {processor.py:183} INFO - Processing /home/airflow/.local/lib/python3.12/site-packages/airflow/example_dags/example_xcomargs.py took 0.033 seconds
[2024-05-22T06:02:11.708+0000] {processor.py:161} INFO - Started process (PID=30119) to work on /home/airflow/.local/lib/python3.12/site-packages/airflow/example_dags/example_xcomargs.py
[2024-05-22T06:02:11.709+0000] {processor.py:830} INFO - Processing file /home/airflow/.local/lib/python3.12/site-packages/airflow/example_dags/example_xcomargs.py for tasks to queue
[2024-05-22T06:02:11.710+0000] {logging_mixin.py:188} INFO - [2024-05-22T06:02:11.710+0000] {dagbag.py:545} INFO - Filling up the DagBag from /home/airflow/.local/lib/python3.12/site-packages/airflow/example_dags/example_xcomargs.py
[2024-05-22T06:02:11.714+0000] {processor.py:840} INFO - DAG(s) 'example_xcom_args_with_operators', 'example_xcom_args' retrieved from /home/airflow/.local/lib/python3.12/site-packages/airflow/example_dags/example_xcomargs.py
[2024-05-22T06:02:11.723+0000] {logging_mixin.py:188} INFO - [2024-05-22T06:02:11.723+0000] {dag.py:3096} INFO - Sync 2 DAGs
[2024-05-22T06:02:11.728+0000] {logging_mixin.py:188} INFO - [2024-05-22T06:02:11.728+0000] {dag.py:3954} INFO - Setting next_dagrun for example_xcom_args to None, run_after=None
[2024-05-22T06:02:11.730+0000] {logging_mixin.py:188} INFO - [2024-05-22T06:02:11.730+0000] {dag.py:3954} INFO - Setting next_dagrun for example_xcom_args_with_operators to None, run_after=None
[2024-05-22T06:02:11.736+0000] {processor.py:183} INFO - Processing /home/airflow/.local/lib/python3.12/site-packages/airflow/example_dags/example_xcomargs.py took 0.030 seconds
[2024-05-22T06:02:42.284+0000] {processor.py:161} INFO - Started process (PID=30177) to work on /home/airflow/.local/lib/python3.12/site-packages/airflow/example_dags/example_xcomargs.py
[2024-05-22T06:02:42.285+0000] {processor.py:830} INFO - Processing file /home/airflow/.local/lib/python3.12/site-packages/airflow/example_dags/example_xcomargs.py for tasks to queue
[2024-05-22T06:02:42.286+0000] {logging_mixin.py:188} INFO - [2024-05-22T06:02:42.286+0000] {dagbag.py:545} INFO - Filling up the DagBag from /home/airflow/.local/lib/python3.12/site-packages/airflow/example_dags/example_xcomargs.py
[2024-05-22T06:02:42.290+0000] {processor.py:840} INFO - DAG(s) 'example_xcom_args', 'example_xcom_args_with_operators' retrieved from /home/airflow/.local/lib/python3.12/site-packages/airflow/example_dags/example_xcomargs.py
[2024-05-22T06:02:42.299+0000] {logging_mixin.py:188} INFO - [2024-05-22T06:02:42.299+0000] {dag.py:3096} INFO - Sync 2 DAGs
[2024-05-22T06:02:42.304+0000] {logging_mixin.py:188} INFO - [2024-05-22T06:02:42.304+0000] {dag.py:3954} INFO - Setting next_dagrun for example_xcom_args to None, run_after=None
[2024-05-22T06:02:42.305+0000] {logging_mixin.py:188} INFO - [2024-05-22T06:02:42.305+0000] {dag.py:3954} INFO - Setting next_dagrun for example_xcom_args_with_operators to None, run_after=None
[2024-05-22T06:02:42.312+0000] {processor.py:183} INFO - Processing /home/airflow/.local/lib/python3.12/site-packages/airflow/example_dags/example_xcomargs.py took 0.030 seconds
[2024-05-22T06:43:16.539+0000] {processor.py:161} INFO - Started process (PID=30235) to work on /home/airflow/.local/lib/python3.12/site-packages/airflow/example_dags/example_xcomargs.py
[2024-05-22T06:43:16.540+0000] {processor.py:830} INFO - Processing file /home/airflow/.local/lib/python3.12/site-packages/airflow/example_dags/example_xcomargs.py for tasks to queue
[2024-05-22T06:43:16.541+0000] {logging_mixin.py:188} INFO - [2024-05-22T06:43:16.541+0000] {dagbag.py:545} INFO - Filling up the DagBag from /home/airflow/.local/lib/python3.12/site-packages/airflow/example_dags/example_xcomargs.py
[2024-05-22T06:43:16.545+0000] {processor.py:840} INFO - DAG(s) 'example_xcom_args_with_operators', 'example_xcom_args' retrieved from /home/airflow/.local/lib/python3.12/site-packages/airflow/example_dags/example_xcomargs.py
[2024-05-22T06:43:16.554+0000] {logging_mixin.py:188} INFO - [2024-05-22T06:43:16.554+0000] {dag.py:3096} INFO - Sync 2 DAGs
[2024-05-22T06:43:16.559+0000] {logging_mixin.py:188} INFO - [2024-05-22T06:43:16.559+0000] {dag.py:3954} INFO - Setting next_dagrun for example_xcom_args to None, run_after=None
[2024-05-22T06:43:16.561+0000] {logging_mixin.py:188} INFO - [2024-05-22T06:43:16.561+0000] {dag.py:3954} INFO - Setting next_dagrun for example_xcom_args_with_operators to None, run_after=None
[2024-05-22T06:43:16.568+0000] {processor.py:183} INFO - Processing /home/airflow/.local/lib/python3.12/site-packages/airflow/example_dags/example_xcomargs.py took 0.031 seconds
[2024-05-22T06:43:47.211+0000] {processor.py:161} INFO - Started process (PID=30293) to work on /home/airflow/.local/lib/python3.12/site-packages/airflow/example_dags/example_xcomargs.py
[2024-05-22T06:43:47.212+0000] {processor.py:830} INFO - Processing file /home/airflow/.local/lib/python3.12/site-packages/airflow/example_dags/example_xcomargs.py for tasks to queue
[2024-05-22T06:43:47.213+0000] {logging_mixin.py:188} INFO - [2024-05-22T06:43:47.213+0000] {dagbag.py:545} INFO - Filling up the DagBag from /home/airflow/.local/lib/python3.12/site-packages/airflow/example_dags/example_xcomargs.py
[2024-05-22T06:43:47.216+0000] {processor.py:840} INFO - DAG(s) 'example_xcom_args', 'example_xcom_args_with_operators' retrieved from /home/airflow/.local/lib/python3.12/site-packages/airflow/example_dags/example_xcomargs.py
[2024-05-22T06:43:47.227+0000] {logging_mixin.py:188} INFO - [2024-05-22T06:43:47.227+0000] {dag.py:3096} INFO - Sync 2 DAGs
[2024-05-22T06:43:47.232+0000] {logging_mixin.py:188} INFO - [2024-05-22T06:43:47.232+0000] {dag.py:3954} INFO - Setting next_dagrun for example_xcom_args to None, run_after=None
[2024-05-22T06:43:47.233+0000] {logging_mixin.py:188} INFO - [2024-05-22T06:43:47.233+0000] {dag.py:3954} INFO - Setting next_dagrun for example_xcom_args_with_operators to None, run_after=None
[2024-05-22T06:43:47.240+0000] {processor.py:183} INFO - Processing /home/airflow/.local/lib/python3.12/site-packages/airflow/example_dags/example_xcomargs.py took 0.031 seconds
[2024-05-22T07:00:23.725+0000] {processor.py:161} INFO - Started process (PID=30350) to work on /home/airflow/.local/lib/python3.12/site-packages/airflow/example_dags/example_xcomargs.py
[2024-05-22T07:00:23.725+0000] {processor.py:830} INFO - Processing file /home/airflow/.local/lib/python3.12/site-packages/airflow/example_dags/example_xcomargs.py for tasks to queue
[2024-05-22T07:00:23.726+0000] {logging_mixin.py:188} INFO - [2024-05-22T07:00:23.726+0000] {dagbag.py:545} INFO - Filling up the DagBag from /home/airflow/.local/lib/python3.12/site-packages/airflow/example_dags/example_xcomargs.py
[2024-05-22T07:00:23.730+0000] {processor.py:840} INFO - DAG(s) 'example_xcom_args', 'example_xcom_args_with_operators' retrieved from /home/airflow/.local/lib/python3.12/site-packages/airflow/example_dags/example_xcomargs.py
[2024-05-22T07:00:23.740+0000] {logging_mixin.py:188} INFO - [2024-05-22T07:00:23.739+0000] {dag.py:3096} INFO - Sync 2 DAGs
[2024-05-22T07:00:23.744+0000] {logging_mixin.py:188} INFO - [2024-05-22T07:00:23.744+0000] {dag.py:3954} INFO - Setting next_dagrun for example_xcom_args to None, run_after=None
[2024-05-22T07:00:23.746+0000] {logging_mixin.py:188} INFO - [2024-05-22T07:00:23.746+0000] {dag.py:3954} INFO - Setting next_dagrun for example_xcom_args_with_operators to None, run_after=None
[2024-05-22T07:00:23.752+0000] {processor.py:183} INFO - Processing /home/airflow/.local/lib/python3.12/site-packages/airflow/example_dags/example_xcomargs.py took 0.029 seconds
[2024-05-22T07:34:45.104+0000] {processor.py:161} INFO - Started process (PID=30408) to work on /home/airflow/.local/lib/python3.12/site-packages/airflow/example_dags/example_xcomargs.py
[2024-05-22T07:34:45.104+0000] {processor.py:830} INFO - Processing file /home/airflow/.local/lib/python3.12/site-packages/airflow/example_dags/example_xcomargs.py for tasks to queue
[2024-05-22T07:34:45.105+0000] {logging_mixin.py:188} INFO - [2024-05-22T07:34:45.105+0000] {dagbag.py:545} INFO - Filling up the DagBag from /home/airflow/.local/lib/python3.12/site-packages/airflow/example_dags/example_xcomargs.py
[2024-05-22T07:34:45.109+0000] {processor.py:840} INFO - DAG(s) 'example_xcom_args_with_operators', 'example_xcom_args' retrieved from /home/airflow/.local/lib/python3.12/site-packages/airflow/example_dags/example_xcomargs.py
[2024-05-22T07:34:45.118+0000] {logging_mixin.py:188} INFO - [2024-05-22T07:34:45.118+0000] {dag.py:3096} INFO - Sync 2 DAGs
[2024-05-22T07:34:45.123+0000] {logging_mixin.py:188} INFO - [2024-05-22T07:34:45.123+0000] {dag.py:3954} INFO - Setting next_dagrun for example_xcom_args to None, run_after=None
[2024-05-22T07:34:45.125+0000] {logging_mixin.py:188} INFO - [2024-05-22T07:34:45.125+0000] {dag.py:3954} INFO - Setting next_dagrun for example_xcom_args_with_operators to None, run_after=None
[2024-05-22T07:34:45.131+0000] {processor.py:183} INFO - Processing /home/airflow/.local/lib/python3.12/site-packages/airflow/example_dags/example_xcomargs.py took 0.030 seconds
[2024-05-22T07:44:32.421+0000] {processor.py:161} INFO - Started process (PID=30466) to work on /home/airflow/.local/lib/python3.12/site-packages/airflow/example_dags/example_xcomargs.py
[2024-05-22T07:44:32.421+0000] {processor.py:830} INFO - Processing file /home/airflow/.local/lib/python3.12/site-packages/airflow/example_dags/example_xcomargs.py for tasks to queue
[2024-05-22T07:44:32.422+0000] {logging_mixin.py:188} INFO - [2024-05-22T07:44:32.422+0000] {dagbag.py:545} INFO - Filling up the DagBag from /home/airflow/.local/lib/python3.12/site-packages/airflow/example_dags/example_xcomargs.py
[2024-05-22T07:44:32.426+0000] {processor.py:840} INFO - DAG(s) 'example_xcom_args_with_operators', 'example_xcom_args' retrieved from /home/airflow/.local/lib/python3.12/site-packages/airflow/example_dags/example_xcomargs.py
[2024-05-22T07:44:32.435+0000] {logging_mixin.py:188} INFO - [2024-05-22T07:44:32.434+0000] {dag.py:3096} INFO - Sync 2 DAGs
[2024-05-22T07:44:32.439+0000] {logging_mixin.py:188} INFO - [2024-05-22T07:44:32.439+0000] {dag.py:3954} INFO - Setting next_dagrun for example_xcom_args to None, run_after=None
[2024-05-22T07:44:32.441+0000] {logging_mixin.py:188} INFO - [2024-05-22T07:44:32.441+0000] {dag.py:3954} INFO - Setting next_dagrun for example_xcom_args_with_operators to None, run_after=None
[2024-05-22T07:44:32.447+0000] {processor.py:183} INFO - Processing /home/airflow/.local/lib/python3.12/site-packages/airflow/example_dags/example_xcomargs.py took 0.028 seconds
