[2024-05-22T01:00:14.620+0000] {processor.py:161} INFO - Started process (PID=29674) to work on /home/airflow/.local/lib/python3.12/site-packages/airflow/example_dags/example_params_ui_tutorial.py
[2024-05-22T01:00:14.621+0000] {processor.py:830} INFO - Processing file /home/airflow/.local/lib/python3.12/site-packages/airflow/example_dags/example_params_ui_tutorial.py for tasks to queue
[2024-05-22T01:00:14.622+0000] {logging_mixin.py:188} INFO - [2024-05-22T01:00:14.621+0000] {dagbag.py:545} INFO - Filling up the DagBag from /home/airflow/.local/lib/python3.12/site-packages/airflow/example_dags/example_params_ui_tutorial.py
[2024-05-22T01:00:14.627+0000] {processor.py:840} INFO - DAG(s) 'example_params_ui_tutorial' retrieved from /home/airflow/.local/lib/python3.12/site-packages/airflow/example_dags/example_params_ui_tutorial.py
[2024-05-22T01:00:14.690+0000] {logging_mixin.py:188} INFO - [2024-05-22T01:00:14.690+0000] {dag.py:3096} INFO - Sync 1 DAGs
[2024-05-22T01:00:14.696+0000] {logging_mixin.py:188} INFO - [2024-05-22T01:00:14.696+0000] {dag.py:3954} INFO - Setting next_dagrun for example_params_ui_tutorial to None, run_after=None
[2024-05-22T01:00:14.705+0000] {processor.py:183} INFO - Processing /home/airflow/.local/lib/python3.12/site-packages/airflow/example_dags/example_params_ui_tutorial.py took 0.087 seconds
[2024-05-22T02:26:34.680+0000] {processor.py:161} INFO - Started process (PID=29732) to work on /home/airflow/.local/lib/python3.12/site-packages/airflow/example_dags/example_params_ui_tutorial.py
[2024-05-22T02:26:34.681+0000] {processor.py:830} INFO - Processing file /home/airflow/.local/lib/python3.12/site-packages/airflow/example_dags/example_params_ui_tutorial.py for tasks to queue
[2024-05-22T02:26:34.682+0000] {logging_mixin.py:188} INFO - [2024-05-22T02:26:34.682+0000] {dagbag.py:545} INFO - Filling up the DagBag from /home/airflow/.local/lib/python3.12/site-packages/airflow/example_dags/example_params_ui_tutorial.py
[2024-05-22T02:26:34.687+0000] {processor.py:840} INFO - DAG(s) 'example_params_ui_tutorial' retrieved from /home/airflow/.local/lib/python3.12/site-packages/airflow/example_dags/example_params_ui_tutorial.py
[2024-05-22T02:26:34.707+0000] {logging_mixin.py:188} INFO - [2024-05-22T02:26:34.707+0000] {dag.py:3096} INFO - Sync 1 DAGs
[2024-05-22T02:26:34.713+0000] {logging_mixin.py:188} INFO - [2024-05-22T02:26:34.713+0000] {dag.py:3954} INFO - Setting next_dagrun for example_params_ui_tutorial to None, run_after=None
[2024-05-22T02:26:34.720+0000] {processor.py:183} INFO - Processing /home/airflow/.local/lib/python3.12/site-packages/airflow/example_dags/example_params_ui_tutorial.py took 0.042 seconds
[2024-05-22T02:27:05.425+0000] {processor.py:161} INFO - Started process (PID=29790) to work on /home/airflow/.local/lib/python3.12/site-packages/airflow/example_dags/example_params_ui_tutorial.py
[2024-05-22T02:27:05.425+0000] {processor.py:830} INFO - Processing file /home/airflow/.local/lib/python3.12/site-packages/airflow/example_dags/example_params_ui_tutorial.py for tasks to queue
[2024-05-22T02:27:05.426+0000] {logging_mixin.py:188} INFO - [2024-05-22T02:27:05.426+0000] {dagbag.py:545} INFO - Filling up the DagBag from /home/airflow/.local/lib/python3.12/site-packages/airflow/example_dags/example_params_ui_tutorial.py
[2024-05-22T02:27:05.431+0000] {processor.py:840} INFO - DAG(s) 'example_params_ui_tutorial' retrieved from /home/airflow/.local/lib/python3.12/site-packages/airflow/example_dags/example_params_ui_tutorial.py
[2024-05-22T02:27:05.451+0000] {logging_mixin.py:188} INFO - [2024-05-22T02:27:05.451+0000] {dag.py:3096} INFO - Sync 1 DAGs
[2024-05-22T02:27:05.457+0000] {logging_mixin.py:188} INFO - [2024-05-22T02:27:05.457+0000] {dag.py:3954} INFO - Setting next_dagrun for example_params_ui_tutorial to None, run_after=None
[2024-05-22T02:27:05.463+0000] {processor.py:183} INFO - Processing /home/airflow/.local/lib/python3.12/site-packages/airflow/example_dags/example_params_ui_tutorial.py took 0.042 seconds
[2024-05-22T03:16:29.539+0000] {processor.py:161} INFO - Started process (PID=29848) to work on /home/airflow/.local/lib/python3.12/site-packages/airflow/example_dags/example_params_ui_tutorial.py
[2024-05-22T03:16:29.540+0000] {processor.py:830} INFO - Processing file /home/airflow/.local/lib/python3.12/site-packages/airflow/example_dags/example_params_ui_tutorial.py for tasks to queue
[2024-05-22T03:16:29.541+0000] {logging_mixin.py:188} INFO - [2024-05-22T03:16:29.541+0000] {dagbag.py:545} INFO - Filling up the DagBag from /home/airflow/.local/lib/python3.12/site-packages/airflow/example_dags/example_params_ui_tutorial.py
[2024-05-22T03:16:29.546+0000] {processor.py:840} INFO - DAG(s) 'example_params_ui_tutorial' retrieved from /home/airflow/.local/lib/python3.12/site-packages/airflow/example_dags/example_params_ui_tutorial.py
[2024-05-22T03:16:29.565+0000] {logging_mixin.py:188} INFO - [2024-05-22T03:16:29.565+0000] {dag.py:3096} INFO - Sync 1 DAGs
[2024-05-22T03:16:29.570+0000] {logging_mixin.py:188} INFO - [2024-05-22T03:16:29.570+0000] {dag.py:3954} INFO - Setting next_dagrun for example_params_ui_tutorial to None, run_after=None
[2024-05-22T03:16:29.577+0000] {processor.py:183} INFO - Processing /home/airflow/.local/lib/python3.12/site-packages/airflow/example_dags/example_params_ui_tutorial.py took 0.040 seconds
[2024-05-22T04:42:08.964+0000] {processor.py:161} INFO - Started process (PID=29906) to work on /home/airflow/.local/lib/python3.12/site-packages/airflow/example_dags/example_params_ui_tutorial.py
[2024-05-22T04:42:08.964+0000] {processor.py:830} INFO - Processing file /home/airflow/.local/lib/python3.12/site-packages/airflow/example_dags/example_params_ui_tutorial.py for tasks to queue
[2024-05-22T04:42:08.965+0000] {logging_mixin.py:188} INFO - [2024-05-22T04:42:08.965+0000] {dagbag.py:545} INFO - Filling up the DagBag from /home/airflow/.local/lib/python3.12/site-packages/airflow/example_dags/example_params_ui_tutorial.py
[2024-05-22T04:42:08.971+0000] {processor.py:840} INFO - DAG(s) 'example_params_ui_tutorial' retrieved from /home/airflow/.local/lib/python3.12/site-packages/airflow/example_dags/example_params_ui_tutorial.py
[2024-05-22T04:42:08.991+0000] {logging_mixin.py:188} INFO - [2024-05-22T04:42:08.991+0000] {dag.py:3096} INFO - Sync 1 DAGs
[2024-05-22T04:42:08.996+0000] {logging_mixin.py:188} INFO - [2024-05-22T04:42:08.996+0000] {dag.py:3954} INFO - Setting next_dagrun for example_params_ui_tutorial to None, run_after=None
[2024-05-22T04:42:09.003+0000] {processor.py:183} INFO - Processing /home/airflow/.local/lib/python3.12/site-packages/airflow/example_dags/example_params_ui_tutorial.py took 0.042 seconds
[2024-05-22T04:42:39.476+0000] {processor.py:161} INFO - Started process (PID=29964) to work on /home/airflow/.local/lib/python3.12/site-packages/airflow/example_dags/example_params_ui_tutorial.py
[2024-05-22T04:42:39.477+0000] {processor.py:830} INFO - Processing file /home/airflow/.local/lib/python3.12/site-packages/airflow/example_dags/example_params_ui_tutorial.py for tasks to queue
[2024-05-22T04:42:39.478+0000] {logging_mixin.py:188} INFO - [2024-05-22T04:42:39.478+0000] {dagbag.py:545} INFO - Filling up the DagBag from /home/airflow/.local/lib/python3.12/site-packages/airflow/example_dags/example_params_ui_tutorial.py
[2024-05-22T04:42:39.483+0000] {processor.py:840} INFO - DAG(s) 'example_params_ui_tutorial' retrieved from /home/airflow/.local/lib/python3.12/site-packages/airflow/example_dags/example_params_ui_tutorial.py
[2024-05-22T04:42:39.504+0000] {logging_mixin.py:188} INFO - [2024-05-22T04:42:39.504+0000] {dag.py:3096} INFO - Sync 1 DAGs
[2024-05-22T04:42:39.510+0000] {logging_mixin.py:188} INFO - [2024-05-22T04:42:39.510+0000] {dag.py:3954} INFO - Setting next_dagrun for example_params_ui_tutorial to None, run_after=None
[2024-05-22T04:42:39.517+0000] {processor.py:183} INFO - Processing /home/airflow/.local/lib/python3.12/site-packages/airflow/example_dags/example_params_ui_tutorial.py took 0.044 seconds
[2024-05-22T05:33:33.889+0000] {processor.py:161} INFO - Started process (PID=30022) to work on /home/airflow/.local/lib/python3.12/site-packages/airflow/example_dags/example_params_ui_tutorial.py
[2024-05-22T05:33:33.889+0000] {processor.py:830} INFO - Processing file /home/airflow/.local/lib/python3.12/site-packages/airflow/example_dags/example_params_ui_tutorial.py for tasks to queue
[2024-05-22T05:33:33.890+0000] {logging_mixin.py:188} INFO - [2024-05-22T05:33:33.890+0000] {dagbag.py:545} INFO - Filling up the DagBag from /home/airflow/.local/lib/python3.12/site-packages/airflow/example_dags/example_params_ui_tutorial.py
[2024-05-22T05:33:33.896+0000] {processor.py:840} INFO - DAG(s) 'example_params_ui_tutorial' retrieved from /home/airflow/.local/lib/python3.12/site-packages/airflow/example_dags/example_params_ui_tutorial.py
[2024-05-22T05:33:33.916+0000] {logging_mixin.py:188} INFO - [2024-05-22T05:33:33.916+0000] {dag.py:3096} INFO - Sync 1 DAGs
[2024-05-22T05:33:33.921+0000] {logging_mixin.py:188} INFO - [2024-05-22T05:33:33.921+0000] {dag.py:3954} INFO - Setting next_dagrun for example_params_ui_tutorial to None, run_after=None
[2024-05-22T05:33:33.928+0000] {processor.py:183} INFO - Processing /home/airflow/.local/lib/python3.12/site-packages/airflow/example_dags/example_params_ui_tutorial.py took 0.042 seconds
[2024-05-22T05:54:39.029+0000] {processor.py:161} INFO - Started process (PID=30080) to work on /home/airflow/.local/lib/python3.12/site-packages/airflow/example_dags/example_params_ui_tutorial.py
[2024-05-22T05:54:39.030+0000] {processor.py:830} INFO - Processing file /home/airflow/.local/lib/python3.12/site-packages/airflow/example_dags/example_params_ui_tutorial.py for tasks to queue
[2024-05-22T05:54:39.031+0000] {logging_mixin.py:188} INFO - [2024-05-22T05:54:39.031+0000] {dagbag.py:545} INFO - Filling up the DagBag from /home/airflow/.local/lib/python3.12/site-packages/airflow/example_dags/example_params_ui_tutorial.py
[2024-05-22T05:54:39.037+0000] {processor.py:840} INFO - DAG(s) 'example_params_ui_tutorial' retrieved from /home/airflow/.local/lib/python3.12/site-packages/airflow/example_dags/example_params_ui_tutorial.py
[2024-05-22T05:54:39.058+0000] {logging_mixin.py:188} INFO - [2024-05-22T05:54:39.058+0000] {dag.py:3096} INFO - Sync 1 DAGs
[2024-05-22T05:54:39.064+0000] {logging_mixin.py:188} INFO - [2024-05-22T05:54:39.064+0000] {dag.py:3954} INFO - Setting next_dagrun for example_params_ui_tutorial to None, run_after=None
[2024-05-22T05:54:39.071+0000] {processor.py:183} INFO - Processing /home/airflow/.local/lib/python3.12/site-packages/airflow/example_dags/example_params_ui_tutorial.py took 0.044 seconds
[2024-05-22T06:02:12.240+0000] {processor.py:161} INFO - Started process (PID=30138) to work on /home/airflow/.local/lib/python3.12/site-packages/airflow/example_dags/example_params_ui_tutorial.py
[2024-05-22T06:02:12.241+0000] {processor.py:830} INFO - Processing file /home/airflow/.local/lib/python3.12/site-packages/airflow/example_dags/example_params_ui_tutorial.py for tasks to queue
[2024-05-22T06:02:12.242+0000] {logging_mixin.py:188} INFO - [2024-05-22T06:02:12.242+0000] {dagbag.py:545} INFO - Filling up the DagBag from /home/airflow/.local/lib/python3.12/site-packages/airflow/example_dags/example_params_ui_tutorial.py
[2024-05-22T06:02:12.247+0000] {processor.py:840} INFO - DAG(s) 'example_params_ui_tutorial' retrieved from /home/airflow/.local/lib/python3.12/site-packages/airflow/example_dags/example_params_ui_tutorial.py
[2024-05-22T06:02:12.267+0000] {logging_mixin.py:188} INFO - [2024-05-22T06:02:12.267+0000] {dag.py:3096} INFO - Sync 1 DAGs
[2024-05-22T06:02:12.272+0000] {logging_mixin.py:188} INFO - [2024-05-22T06:02:12.272+0000] {dag.py:3954} INFO - Setting next_dagrun for example_params_ui_tutorial to None, run_after=None
[2024-05-22T06:02:12.280+0000] {processor.py:183} INFO - Processing /home/airflow/.local/lib/python3.12/site-packages/airflow/example_dags/example_params_ui_tutorial.py took 0.042 seconds
[2024-05-22T06:02:42.789+0000] {processor.py:161} INFO - Started process (PID=30196) to work on /home/airflow/.local/lib/python3.12/site-packages/airflow/example_dags/example_params_ui_tutorial.py
[2024-05-22T06:02:42.790+0000] {processor.py:830} INFO - Processing file /home/airflow/.local/lib/python3.12/site-packages/airflow/example_dags/example_params_ui_tutorial.py for tasks to queue
[2024-05-22T06:02:42.791+0000] {logging_mixin.py:188} INFO - [2024-05-22T06:02:42.791+0000] {dagbag.py:545} INFO - Filling up the DagBag from /home/airflow/.local/lib/python3.12/site-packages/airflow/example_dags/example_params_ui_tutorial.py
[2024-05-22T06:02:42.797+0000] {processor.py:840} INFO - DAG(s) 'example_params_ui_tutorial' retrieved from /home/airflow/.local/lib/python3.12/site-packages/airflow/example_dags/example_params_ui_tutorial.py
[2024-05-22T06:02:42.816+0000] {logging_mixin.py:188} INFO - [2024-05-22T06:02:42.816+0000] {dag.py:3096} INFO - Sync 1 DAGs
[2024-05-22T06:02:42.821+0000] {logging_mixin.py:188} INFO - [2024-05-22T06:02:42.821+0000] {dag.py:3954} INFO - Setting next_dagrun for example_params_ui_tutorial to None, run_after=None
[2024-05-22T06:02:42.830+0000] {processor.py:183} INFO - Processing /home/airflow/.local/lib/python3.12/site-packages/airflow/example_dags/example_params_ui_tutorial.py took 0.044 seconds
[2024-05-22T06:43:17.049+0000] {processor.py:161} INFO - Started process (PID=30254) to work on /home/airflow/.local/lib/python3.12/site-packages/airflow/example_dags/example_params_ui_tutorial.py
[2024-05-22T06:43:17.050+0000] {processor.py:830} INFO - Processing file /home/airflow/.local/lib/python3.12/site-packages/airflow/example_dags/example_params_ui_tutorial.py for tasks to queue
[2024-05-22T06:43:17.051+0000] {logging_mixin.py:188} INFO - [2024-05-22T06:43:17.051+0000] {dagbag.py:545} INFO - Filling up the DagBag from /home/airflow/.local/lib/python3.12/site-packages/airflow/example_dags/example_params_ui_tutorial.py
[2024-05-22T06:43:17.057+0000] {processor.py:840} INFO - DAG(s) 'example_params_ui_tutorial' retrieved from /home/airflow/.local/lib/python3.12/site-packages/airflow/example_dags/example_params_ui_tutorial.py
[2024-05-22T06:43:17.077+0000] {logging_mixin.py:188} INFO - [2024-05-22T06:43:17.077+0000] {dag.py:3096} INFO - Sync 1 DAGs
[2024-05-22T06:43:17.082+0000] {logging_mixin.py:188} INFO - [2024-05-22T06:43:17.082+0000] {dag.py:3954} INFO - Setting next_dagrun for example_params_ui_tutorial to None, run_after=None
[2024-05-22T06:43:17.089+0000] {processor.py:183} INFO - Processing /home/airflow/.local/lib/python3.12/site-packages/airflow/example_dags/example_params_ui_tutorial.py took 0.043 seconds
[2024-05-22T06:43:47.643+0000] {processor.py:161} INFO - Started process (PID=30312) to work on /home/airflow/.local/lib/python3.12/site-packages/airflow/example_dags/example_params_ui_tutorial.py
[2024-05-22T06:43:47.643+0000] {processor.py:830} INFO - Processing file /home/airflow/.local/lib/python3.12/site-packages/airflow/example_dags/example_params_ui_tutorial.py for tasks to queue
[2024-05-22T06:43:47.644+0000] {logging_mixin.py:188} INFO - [2024-05-22T06:43:47.644+0000] {dagbag.py:545} INFO - Filling up the DagBag from /home/airflow/.local/lib/python3.12/site-packages/airflow/example_dags/example_params_ui_tutorial.py
[2024-05-22T06:43:47.649+0000] {processor.py:840} INFO - DAG(s) 'example_params_ui_tutorial' retrieved from /home/airflow/.local/lib/python3.12/site-packages/airflow/example_dags/example_params_ui_tutorial.py
[2024-05-22T06:43:47.668+0000] {logging_mixin.py:188} INFO - [2024-05-22T06:43:47.668+0000] {dag.py:3096} INFO - Sync 1 DAGs
[2024-05-22T06:43:47.673+0000] {logging_mixin.py:188} INFO - [2024-05-22T06:43:47.673+0000] {dag.py:3954} INFO - Setting next_dagrun for example_params_ui_tutorial to None, run_after=None
[2024-05-22T06:43:47.679+0000] {processor.py:183} INFO - Processing /home/airflow/.local/lib/python3.12/site-packages/airflow/example_dags/example_params_ui_tutorial.py took 0.039 seconds
[2024-05-22T07:00:24.141+0000] {processor.py:161} INFO - Started process (PID=30369) to work on /home/airflow/.local/lib/python3.12/site-packages/airflow/example_dags/example_params_ui_tutorial.py
[2024-05-22T07:00:24.141+0000] {processor.py:830} INFO - Processing file /home/airflow/.local/lib/python3.12/site-packages/airflow/example_dags/example_params_ui_tutorial.py for tasks to queue
[2024-05-22T07:00:24.142+0000] {logging_mixin.py:188} INFO - [2024-05-22T07:00:24.142+0000] {dagbag.py:545} INFO - Filling up the DagBag from /home/airflow/.local/lib/python3.12/site-packages/airflow/example_dags/example_params_ui_tutorial.py
[2024-05-22T07:00:24.148+0000] {processor.py:840} INFO - DAG(s) 'example_params_ui_tutorial' retrieved from /home/airflow/.local/lib/python3.12/site-packages/airflow/example_dags/example_params_ui_tutorial.py
[2024-05-22T07:00:24.170+0000] {logging_mixin.py:188} INFO - [2024-05-22T07:00:24.170+0000] {dag.py:3096} INFO - Sync 1 DAGs
[2024-05-22T07:00:24.175+0000] {logging_mixin.py:188} INFO - [2024-05-22T07:00:24.175+0000] {dag.py:3954} INFO - Setting next_dagrun for example_params_ui_tutorial to None, run_after=None
[2024-05-22T07:00:24.183+0000] {processor.py:183} INFO - Processing /home/airflow/.local/lib/python3.12/site-packages/airflow/example_dags/example_params_ui_tutorial.py took 0.045 seconds
[2024-05-22T07:34:45.522+0000] {processor.py:161} INFO - Started process (PID=30427) to work on /home/airflow/.local/lib/python3.12/site-packages/airflow/example_dags/example_params_ui_tutorial.py
[2024-05-22T07:34:45.523+0000] {processor.py:830} INFO - Processing file /home/airflow/.local/lib/python3.12/site-packages/airflow/example_dags/example_params_ui_tutorial.py for tasks to queue
[2024-05-22T07:34:45.524+0000] {logging_mixin.py:188} INFO - [2024-05-22T07:34:45.524+0000] {dagbag.py:545} INFO - Filling up the DagBag from /home/airflow/.local/lib/python3.12/site-packages/airflow/example_dags/example_params_ui_tutorial.py
[2024-05-22T07:34:45.530+0000] {processor.py:840} INFO - DAG(s) 'example_params_ui_tutorial' retrieved from /home/airflow/.local/lib/python3.12/site-packages/airflow/example_dags/example_params_ui_tutorial.py
[2024-05-22T07:34:45.550+0000] {logging_mixin.py:188} INFO - [2024-05-22T07:34:45.550+0000] {dag.py:3096} INFO - Sync 1 DAGs
[2024-05-22T07:34:45.556+0000] {logging_mixin.py:188} INFO - [2024-05-22T07:34:45.556+0000] {dag.py:3954} INFO - Setting next_dagrun for example_params_ui_tutorial to None, run_after=None
[2024-05-22T07:34:45.563+0000] {processor.py:183} INFO - Processing /home/airflow/.local/lib/python3.12/site-packages/airflow/example_dags/example_params_ui_tutorial.py took 0.043 seconds
