[2024-05-22T01:00:14.287+0000] {processor.py:161} INFO - Started process (PID=29662) to work on /home/airflow/.local/lib/python3.12/site-packages/airflow/example_dags/example_branch_operator_decorator.py
[2024-05-22T01:00:14.287+0000] {processor.py:830} INFO - Processing file /home/airflow/.local/lib/python3.12/site-packages/airflow/example_dags/example_branch_operator_decorator.py for tasks to queue
[2024-05-22T01:00:14.288+0000] {logging_mixin.py:188} INFO - [2024-05-22T01:00:14.288+0000] {dagbag.py:545} INFO - Filling up the DagBag from /home/airflow/.local/lib/python3.12/site-packages/airflow/example_dags/example_branch_operator_decorator.py
[2024-05-22T01:00:14.297+0000] {processor.py:840} INFO - DAG(s) 'example_branch_python_operator_decorator' retrieved from /home/airflow/.local/lib/python3.12/site-packages/airflow/example_dags/example_branch_operator_decorator.py
[2024-05-22T01:00:14.312+0000] {logging_mixin.py:188} INFO - [2024-05-22T01:00:14.312+0000] {dag.py:3096} INFO - Sync 1 DAGs
[2024-05-22T01:00:14.322+0000] {logging_mixin.py:188} INFO - [2024-05-22T01:00:14.322+0000] {dag.py:3954} INFO - Setting next_dagrun for example_branch_python_operator_decorator to 2024-05-21 00:00:00+00:00, run_after=2024-05-22 00:00:00+00:00
[2024-05-22T01:00:14.329+0000] {processor.py:183} INFO - Processing /home/airflow/.local/lib/python3.12/site-packages/airflow/example_dags/example_branch_operator_decorator.py took 0.045 seconds
[2024-05-22T02:26:34.430+0000] {processor.py:161} INFO - Started process (PID=29720) to work on /home/airflow/.local/lib/python3.12/site-packages/airflow/example_dags/example_branch_operator_decorator.py
[2024-05-22T02:26:34.430+0000] {processor.py:830} INFO - Processing file /home/airflow/.local/lib/python3.12/site-packages/airflow/example_dags/example_branch_operator_decorator.py for tasks to queue
[2024-05-22T02:26:34.431+0000] {logging_mixin.py:188} INFO - [2024-05-22T02:26:34.431+0000] {dagbag.py:545} INFO - Filling up the DagBag from /home/airflow/.local/lib/python3.12/site-packages/airflow/example_dags/example_branch_operator_decorator.py
[2024-05-22T02:26:34.439+0000] {processor.py:840} INFO - DAG(s) 'example_branch_python_operator_decorator' retrieved from /home/airflow/.local/lib/python3.12/site-packages/airflow/example_dags/example_branch_operator_decorator.py
[2024-05-22T02:26:34.451+0000] {logging_mixin.py:188} INFO - [2024-05-22T02:26:34.450+0000] {dag.py:3096} INFO - Sync 1 DAGs
[2024-05-22T02:26:34.459+0000] {logging_mixin.py:188} INFO - [2024-05-22T02:26:34.459+0000] {dag.py:3954} INFO - Setting next_dagrun for example_branch_python_operator_decorator to 2024-05-21 00:00:00+00:00, run_after=2024-05-22 00:00:00+00:00
[2024-05-22T02:26:34.466+0000] {processor.py:183} INFO - Processing /home/airflow/.local/lib/python3.12/site-packages/airflow/example_dags/example_branch_operator_decorator.py took 0.039 seconds
[2024-05-22T02:27:05.169+0000] {processor.py:161} INFO - Started process (PID=29778) to work on /home/airflow/.local/lib/python3.12/site-packages/airflow/example_dags/example_branch_operator_decorator.py
[2024-05-22T02:27:05.170+0000] {processor.py:830} INFO - Processing file /home/airflow/.local/lib/python3.12/site-packages/airflow/example_dags/example_branch_operator_decorator.py for tasks to queue
[2024-05-22T02:27:05.171+0000] {logging_mixin.py:188} INFO - [2024-05-22T02:27:05.171+0000] {dagbag.py:545} INFO - Filling up the DagBag from /home/airflow/.local/lib/python3.12/site-packages/airflow/example_dags/example_branch_operator_decorator.py
[2024-05-22T02:27:05.178+0000] {processor.py:840} INFO - DAG(s) 'example_branch_python_operator_decorator' retrieved from /home/airflow/.local/lib/python3.12/site-packages/airflow/example_dags/example_branch_operator_decorator.py
[2024-05-22T02:27:05.189+0000] {logging_mixin.py:188} INFO - [2024-05-22T02:27:05.189+0000] {dag.py:3096} INFO - Sync 1 DAGs
[2024-05-22T02:27:05.198+0000] {logging_mixin.py:188} INFO - [2024-05-22T02:27:05.198+0000] {dag.py:3954} INFO - Setting next_dagrun for example_branch_python_operator_decorator to 2024-05-21 00:00:00+00:00, run_after=2024-05-22 00:00:00+00:00
[2024-05-22T02:27:05.205+0000] {processor.py:183} INFO - Processing /home/airflow/.local/lib/python3.12/site-packages/airflow/example_dags/example_branch_operator_decorator.py took 0.038 seconds
[2024-05-22T03:16:29.267+0000] {processor.py:161} INFO - Started process (PID=29836) to work on /home/airflow/.local/lib/python3.12/site-packages/airflow/example_dags/example_branch_operator_decorator.py
[2024-05-22T03:16:29.267+0000] {processor.py:830} INFO - Processing file /home/airflow/.local/lib/python3.12/site-packages/airflow/example_dags/example_branch_operator_decorator.py for tasks to queue
[2024-05-22T03:16:29.268+0000] {logging_mixin.py:188} INFO - [2024-05-22T03:16:29.268+0000] {dagbag.py:545} INFO - Filling up the DagBag from /home/airflow/.local/lib/python3.12/site-packages/airflow/example_dags/example_branch_operator_decorator.py
[2024-05-22T03:16:29.275+0000] {processor.py:840} INFO - DAG(s) 'example_branch_python_operator_decorator' retrieved from /home/airflow/.local/lib/python3.12/site-packages/airflow/example_dags/example_branch_operator_decorator.py
[2024-05-22T03:16:29.286+0000] {logging_mixin.py:188} INFO - [2024-05-22T03:16:29.286+0000] {dag.py:3096} INFO - Sync 1 DAGs
[2024-05-22T03:16:29.295+0000] {logging_mixin.py:188} INFO - [2024-05-22T03:16:29.295+0000] {dag.py:3954} INFO - Setting next_dagrun for example_branch_python_operator_decorator to 2024-05-21 00:00:00+00:00, run_after=2024-05-22 00:00:00+00:00
[2024-05-22T03:16:29.301+0000] {processor.py:183} INFO - Processing /home/airflow/.local/lib/python3.12/site-packages/airflow/example_dags/example_branch_operator_decorator.py took 0.037 seconds
[2024-05-22T04:42:08.716+0000] {processor.py:161} INFO - Started process (PID=29894) to work on /home/airflow/.local/lib/python3.12/site-packages/airflow/example_dags/example_branch_operator_decorator.py
[2024-05-22T04:42:08.717+0000] {processor.py:830} INFO - Processing file /home/airflow/.local/lib/python3.12/site-packages/airflow/example_dags/example_branch_operator_decorator.py for tasks to queue
[2024-05-22T04:42:08.717+0000] {logging_mixin.py:188} INFO - [2024-05-22T04:42:08.717+0000] {dagbag.py:545} INFO - Filling up the DagBag from /home/airflow/.local/lib/python3.12/site-packages/airflow/example_dags/example_branch_operator_decorator.py
[2024-05-22T04:42:08.725+0000] {processor.py:840} INFO - DAG(s) 'example_branch_python_operator_decorator' retrieved from /home/airflow/.local/lib/python3.12/site-packages/airflow/example_dags/example_branch_operator_decorator.py
[2024-05-22T04:42:08.736+0000] {logging_mixin.py:188} INFO - [2024-05-22T04:42:08.736+0000] {dag.py:3096} INFO - Sync 1 DAGs
[2024-05-22T04:42:08.745+0000] {logging_mixin.py:188} INFO - [2024-05-22T04:42:08.745+0000] {dag.py:3954} INFO - Setting next_dagrun for example_branch_python_operator_decorator to 2024-05-21 00:00:00+00:00, run_after=2024-05-22 00:00:00+00:00
[2024-05-22T04:42:08.751+0000] {processor.py:183} INFO - Processing /home/airflow/.local/lib/python3.12/site-packages/airflow/example_dags/example_branch_operator_decorator.py took 0.038 seconds
[2024-05-22T04:42:39.222+0000] {processor.py:161} INFO - Started process (PID=29952) to work on /home/airflow/.local/lib/python3.12/site-packages/airflow/example_dags/example_branch_operator_decorator.py
[2024-05-22T04:42:39.222+0000] {processor.py:830} INFO - Processing file /home/airflow/.local/lib/python3.12/site-packages/airflow/example_dags/example_branch_operator_decorator.py for tasks to queue
[2024-05-22T04:42:39.223+0000] {logging_mixin.py:188} INFO - [2024-05-22T04:42:39.223+0000] {dagbag.py:545} INFO - Filling up the DagBag from /home/airflow/.local/lib/python3.12/site-packages/airflow/example_dags/example_branch_operator_decorator.py
[2024-05-22T04:42:39.231+0000] {processor.py:840} INFO - DAG(s) 'example_branch_python_operator_decorator' retrieved from /home/airflow/.local/lib/python3.12/site-packages/airflow/example_dags/example_branch_operator_decorator.py
[2024-05-22T04:42:39.242+0000] {logging_mixin.py:188} INFO - [2024-05-22T04:42:39.241+0000] {dag.py:3096} INFO - Sync 1 DAGs
[2024-05-22T04:42:39.250+0000] {logging_mixin.py:188} INFO - [2024-05-22T04:42:39.250+0000] {dag.py:3954} INFO - Setting next_dagrun for example_branch_python_operator_decorator to 2024-05-21 00:00:00+00:00, run_after=2024-05-22 00:00:00+00:00
[2024-05-22T04:42:39.256+0000] {processor.py:183} INFO - Processing /home/airflow/.local/lib/python3.12/site-packages/airflow/example_dags/example_branch_operator_decorator.py took 0.036 seconds
[2024-05-22T05:33:33.590+0000] {processor.py:161} INFO - Started process (PID=30010) to work on /home/airflow/.local/lib/python3.12/site-packages/airflow/example_dags/example_branch_operator_decorator.py
[2024-05-22T05:33:33.591+0000] {processor.py:830} INFO - Processing file /home/airflow/.local/lib/python3.12/site-packages/airflow/example_dags/example_branch_operator_decorator.py for tasks to queue
[2024-05-22T05:33:33.592+0000] {logging_mixin.py:188} INFO - [2024-05-22T05:33:33.591+0000] {dagbag.py:545} INFO - Filling up the DagBag from /home/airflow/.local/lib/python3.12/site-packages/airflow/example_dags/example_branch_operator_decorator.py
[2024-05-22T05:33:33.600+0000] {processor.py:840} INFO - DAG(s) 'example_branch_python_operator_decorator' retrieved from /home/airflow/.local/lib/python3.12/site-packages/airflow/example_dags/example_branch_operator_decorator.py
[2024-05-22T05:33:33.613+0000] {logging_mixin.py:188} INFO - [2024-05-22T05:33:33.613+0000] {dag.py:3096} INFO - Sync 1 DAGs
[2024-05-22T05:33:33.623+0000] {logging_mixin.py:188} INFO - [2024-05-22T05:33:33.623+0000] {dag.py:3954} INFO - Setting next_dagrun for example_branch_python_operator_decorator to 2024-05-21 00:00:00+00:00, run_after=2024-05-22 00:00:00+00:00
[2024-05-22T05:33:33.629+0000] {processor.py:183} INFO - Processing /home/airflow/.local/lib/python3.12/site-packages/airflow/example_dags/example_branch_operator_decorator.py took 0.042 seconds
[2024-05-22T05:54:38.717+0000] {processor.py:161} INFO - Started process (PID=30068) to work on /home/airflow/.local/lib/python3.12/site-packages/airflow/example_dags/example_branch_operator_decorator.py
[2024-05-22T05:54:38.717+0000] {processor.py:830} INFO - Processing file /home/airflow/.local/lib/python3.12/site-packages/airflow/example_dags/example_branch_operator_decorator.py for tasks to queue
[2024-05-22T05:54:38.718+0000] {logging_mixin.py:188} INFO - [2024-05-22T05:54:38.718+0000] {dagbag.py:545} INFO - Filling up the DagBag from /home/airflow/.local/lib/python3.12/site-packages/airflow/example_dags/example_branch_operator_decorator.py
[2024-05-22T05:54:38.727+0000] {processor.py:840} INFO - DAG(s) 'example_branch_python_operator_decorator' retrieved from /home/airflow/.local/lib/python3.12/site-packages/airflow/example_dags/example_branch_operator_decorator.py
[2024-05-22T05:54:38.739+0000] {logging_mixin.py:188} INFO - [2024-05-22T05:54:38.739+0000] {dag.py:3096} INFO - Sync 1 DAGs
[2024-05-22T05:54:38.750+0000] {logging_mixin.py:188} INFO - [2024-05-22T05:54:38.750+0000] {dag.py:3954} INFO - Setting next_dagrun for example_branch_python_operator_decorator to 2024-05-21 00:00:00+00:00, run_after=2024-05-22 00:00:00+00:00
[2024-05-22T05:54:38.757+0000] {processor.py:183} INFO - Processing /home/airflow/.local/lib/python3.12/site-packages/airflow/example_dags/example_branch_operator_decorator.py took 0.043 seconds
[2024-05-22T06:02:11.904+0000] {processor.py:161} INFO - Started process (PID=30126) to work on /home/airflow/.local/lib/python3.12/site-packages/airflow/example_dags/example_branch_operator_decorator.py
[2024-05-22T06:02:11.904+0000] {processor.py:830} INFO - Processing file /home/airflow/.local/lib/python3.12/site-packages/airflow/example_dags/example_branch_operator_decorator.py for tasks to queue
[2024-05-22T06:02:11.905+0000] {logging_mixin.py:188} INFO - [2024-05-22T06:02:11.905+0000] {dagbag.py:545} INFO - Filling up the DagBag from /home/airflow/.local/lib/python3.12/site-packages/airflow/example_dags/example_branch_operator_decorator.py
[2024-05-22T06:02:11.913+0000] {processor.py:840} INFO - DAG(s) 'example_branch_python_operator_decorator' retrieved from /home/airflow/.local/lib/python3.12/site-packages/airflow/example_dags/example_branch_operator_decorator.py
[2024-05-22T06:02:11.924+0000] {logging_mixin.py:188} INFO - [2024-05-22T06:02:11.924+0000] {dag.py:3096} INFO - Sync 1 DAGs
[2024-05-22T06:02:11.933+0000] {logging_mixin.py:188} INFO - [2024-05-22T06:02:11.933+0000] {dag.py:3954} INFO - Setting next_dagrun for example_branch_python_operator_decorator to 2024-05-21 00:00:00+00:00, run_after=2024-05-22 00:00:00+00:00
[2024-05-22T06:02:11.940+0000] {processor.py:183} INFO - Processing /home/airflow/.local/lib/python3.12/site-packages/airflow/example_dags/example_branch_operator_decorator.py took 0.039 seconds
[2024-05-22T06:02:42.474+0000] {processor.py:161} INFO - Started process (PID=30184) to work on /home/airflow/.local/lib/python3.12/site-packages/airflow/example_dags/example_branch_operator_decorator.py
[2024-05-22T06:02:42.475+0000] {processor.py:830} INFO - Processing file /home/airflow/.local/lib/python3.12/site-packages/airflow/example_dags/example_branch_operator_decorator.py for tasks to queue
[2024-05-22T06:02:42.476+0000] {logging_mixin.py:188} INFO - [2024-05-22T06:02:42.476+0000] {dagbag.py:545} INFO - Filling up the DagBag from /home/airflow/.local/lib/python3.12/site-packages/airflow/example_dags/example_branch_operator_decorator.py
[2024-05-22T06:02:42.483+0000] {processor.py:840} INFO - DAG(s) 'example_branch_python_operator_decorator' retrieved from /home/airflow/.local/lib/python3.12/site-packages/airflow/example_dags/example_branch_operator_decorator.py
[2024-05-22T06:02:42.494+0000] {logging_mixin.py:188} INFO - [2024-05-22T06:02:42.494+0000] {dag.py:3096} INFO - Sync 1 DAGs
[2024-05-22T06:02:42.503+0000] {logging_mixin.py:188} INFO - [2024-05-22T06:02:42.503+0000] {dag.py:3954} INFO - Setting next_dagrun for example_branch_python_operator_decorator to 2024-05-21 00:00:00+00:00, run_after=2024-05-22 00:00:00+00:00
[2024-05-22T06:02:42.509+0000] {processor.py:183} INFO - Processing /home/airflow/.local/lib/python3.12/site-packages/airflow/example_dags/example_branch_operator_decorator.py took 0.037 seconds
[2024-05-22T06:43:16.736+0000] {processor.py:161} INFO - Started process (PID=30242) to work on /home/airflow/.local/lib/python3.12/site-packages/airflow/example_dags/example_branch_operator_decorator.py
[2024-05-22T06:43:16.737+0000] {processor.py:830} INFO - Processing file /home/airflow/.local/lib/python3.12/site-packages/airflow/example_dags/example_branch_operator_decorator.py for tasks to queue
[2024-05-22T06:43:16.738+0000] {logging_mixin.py:188} INFO - [2024-05-22T06:43:16.738+0000] {dagbag.py:545} INFO - Filling up the DagBag from /home/airflow/.local/lib/python3.12/site-packages/airflow/example_dags/example_branch_operator_decorator.py
[2024-05-22T06:43:16.746+0000] {processor.py:840} INFO - DAG(s) 'example_branch_python_operator_decorator' retrieved from /home/airflow/.local/lib/python3.12/site-packages/airflow/example_dags/example_branch_operator_decorator.py
[2024-05-22T06:43:16.757+0000] {logging_mixin.py:188} INFO - [2024-05-22T06:43:16.757+0000] {dag.py:3096} INFO - Sync 1 DAGs
[2024-05-22T06:43:16.766+0000] {logging_mixin.py:188} INFO - [2024-05-22T06:43:16.766+0000] {dag.py:3954} INFO - Setting next_dagrun for example_branch_python_operator_decorator to 2024-05-21 00:00:00+00:00, run_after=2024-05-22 00:00:00+00:00
[2024-05-22T06:43:16.773+0000] {processor.py:183} INFO - Processing /home/airflow/.local/lib/python3.12/site-packages/airflow/example_dags/example_branch_operator_decorator.py took 0.039 seconds
[2024-05-22T06:43:47.365+0000] {processor.py:161} INFO - Started process (PID=30300) to work on /home/airflow/.local/lib/python3.12/site-packages/airflow/example_dags/example_branch_operator_decorator.py
[2024-05-22T06:43:47.366+0000] {processor.py:830} INFO - Processing file /home/airflow/.local/lib/python3.12/site-packages/airflow/example_dags/example_branch_operator_decorator.py for tasks to queue
[2024-05-22T06:43:47.366+0000] {logging_mixin.py:188} INFO - [2024-05-22T06:43:47.366+0000] {dagbag.py:545} INFO - Filling up the DagBag from /home/airflow/.local/lib/python3.12/site-packages/airflow/example_dags/example_branch_operator_decorator.py
[2024-05-22T06:43:47.374+0000] {processor.py:840} INFO - DAG(s) 'example_branch_python_operator_decorator' retrieved from /home/airflow/.local/lib/python3.12/site-packages/airflow/example_dags/example_branch_operator_decorator.py
[2024-05-22T06:43:47.385+0000] {logging_mixin.py:188} INFO - [2024-05-22T06:43:47.385+0000] {dag.py:3096} INFO - Sync 1 DAGs
[2024-05-22T06:43:47.394+0000] {logging_mixin.py:188} INFO - [2024-05-22T06:43:47.394+0000] {dag.py:3954} INFO - Setting next_dagrun for example_branch_python_operator_decorator to 2024-05-21 00:00:00+00:00, run_after=2024-05-22 00:00:00+00:00
[2024-05-22T06:43:47.400+0000] {processor.py:183} INFO - Processing /home/airflow/.local/lib/python3.12/site-packages/airflow/example_dags/example_branch_operator_decorator.py took 0.038 seconds
[2024-05-22T07:00:23.878+0000] {processor.py:161} INFO - Started process (PID=30357) to work on /home/airflow/.local/lib/python3.12/site-packages/airflow/example_dags/example_branch_operator_decorator.py
[2024-05-22T07:00:23.878+0000] {processor.py:830} INFO - Processing file /home/airflow/.local/lib/python3.12/site-packages/airflow/example_dags/example_branch_operator_decorator.py for tasks to queue
[2024-05-22T07:00:23.879+0000] {logging_mixin.py:188} INFO - [2024-05-22T07:00:23.879+0000] {dagbag.py:545} INFO - Filling up the DagBag from /home/airflow/.local/lib/python3.12/site-packages/airflow/example_dags/example_branch_operator_decorator.py
[2024-05-22T07:00:23.887+0000] {processor.py:840} INFO - DAG(s) 'example_branch_python_operator_decorator' retrieved from /home/airflow/.local/lib/python3.12/site-packages/airflow/example_dags/example_branch_operator_decorator.py
[2024-05-22T07:00:23.898+0000] {logging_mixin.py:188} INFO - [2024-05-22T07:00:23.898+0000] {dag.py:3096} INFO - Sync 1 DAGs
[2024-05-22T07:00:23.908+0000] {logging_mixin.py:188} INFO - [2024-05-22T07:00:23.908+0000] {dag.py:3954} INFO - Setting next_dagrun for example_branch_python_operator_decorator to 2024-05-21 00:00:00+00:00, run_after=2024-05-22 00:00:00+00:00
[2024-05-22T07:00:23.915+0000] {processor.py:183} INFO - Processing /home/airflow/.local/lib/python3.12/site-packages/airflow/example_dags/example_branch_operator_decorator.py took 0.039 seconds
[2024-05-22T07:34:45.263+0000] {processor.py:161} INFO - Started process (PID=30415) to work on /home/airflow/.local/lib/python3.12/site-packages/airflow/example_dags/example_branch_operator_decorator.py
[2024-05-22T07:34:45.264+0000] {processor.py:830} INFO - Processing file /home/airflow/.local/lib/python3.12/site-packages/airflow/example_dags/example_branch_operator_decorator.py for tasks to queue
[2024-05-22T07:34:45.265+0000] {logging_mixin.py:188} INFO - [2024-05-22T07:34:45.265+0000] {dagbag.py:545} INFO - Filling up the DagBag from /home/airflow/.local/lib/python3.12/site-packages/airflow/example_dags/example_branch_operator_decorator.py
[2024-05-22T07:34:45.273+0000] {processor.py:840} INFO - DAG(s) 'example_branch_python_operator_decorator' retrieved from /home/airflow/.local/lib/python3.12/site-packages/airflow/example_dags/example_branch_operator_decorator.py
[2024-05-22T07:34:45.286+0000] {logging_mixin.py:188} INFO - [2024-05-22T07:34:45.286+0000] {dag.py:3096} INFO - Sync 1 DAGs
[2024-05-22T07:34:45.299+0000] {logging_mixin.py:188} INFO - [2024-05-22T07:34:45.299+0000] {dag.py:3954} INFO - Setting next_dagrun for example_branch_python_operator_decorator to 2024-05-21 00:00:00+00:00, run_after=2024-05-22 00:00:00+00:00
[2024-05-22T07:34:45.307+0000] {processor.py:183} INFO - Processing /home/airflow/.local/lib/python3.12/site-packages/airflow/example_dags/example_branch_operator_decorator.py took 0.047 seconds
[2024-05-22T07:44:32.574+0000] {processor.py:161} INFO - Started process (PID=30473) to work on /home/airflow/.local/lib/python3.12/site-packages/airflow/example_dags/example_branch_operator_decorator.py
[2024-05-22T07:44:32.575+0000] {processor.py:830} INFO - Processing file /home/airflow/.local/lib/python3.12/site-packages/airflow/example_dags/example_branch_operator_decorator.py for tasks to queue
[2024-05-22T07:44:32.576+0000] {logging_mixin.py:188} INFO - [2024-05-22T07:44:32.575+0000] {dagbag.py:545} INFO - Filling up the DagBag from /home/airflow/.local/lib/python3.12/site-packages/airflow/example_dags/example_branch_operator_decorator.py
[2024-05-22T07:44:32.584+0000] {processor.py:840} INFO - DAG(s) 'example_branch_python_operator_decorator' retrieved from /home/airflow/.local/lib/python3.12/site-packages/airflow/example_dags/example_branch_operator_decorator.py
[2024-05-22T07:44:32.595+0000] {logging_mixin.py:188} INFO - [2024-05-22T07:44:32.595+0000] {dag.py:3096} INFO - Sync 1 DAGs
[2024-05-22T07:44:32.604+0000] {logging_mixin.py:188} INFO - [2024-05-22T07:44:32.604+0000] {dag.py:3954} INFO - Setting next_dagrun for example_branch_python_operator_decorator to 2024-05-21 00:00:00+00:00, run_after=2024-05-22 00:00:00+00:00
[2024-05-22T07:44:32.611+0000] {processor.py:183} INFO - Processing /home/airflow/.local/lib/python3.12/site-packages/airflow/example_dags/example_branch_operator_decorator.py took 0.039 seconds
