[2024-05-22T01:00:14.160+0000] {processor.py:161} INFO - Started process (PID=29658) to work on /home/airflow/.local/lib/python3.12/site-packages/airflow/example_dags/example_external_task_marker_dag.py
[2024-05-22T01:00:14.161+0000] {processor.py:830} INFO - Processing file /home/airflow/.local/lib/python3.12/site-packages/airflow/example_dags/example_external_task_marker_dag.py for tasks to queue
[2024-05-22T01:00:14.161+0000] {logging_mixin.py:188} INFO - [2024-05-22T01:00:14.161+0000] {dagbag.py:545} INFO - Filling up the DagBag from /home/airflow/.local/lib/python3.12/site-packages/airflow/example_dags/example_external_task_marker_dag.py
[2024-05-22T01:00:14.164+0000] {processor.py:840} INFO - DAG(s) 'example_external_task_marker_child', 'example_external_task_marker_parent' retrieved from /home/airflow/.local/lib/python3.12/site-packages/airflow/example_dags/example_external_task_marker_dag.py
[2024-05-22T01:00:14.173+0000] {logging_mixin.py:188} INFO - [2024-05-22T01:00:14.173+0000] {dag.py:3096} INFO - Sync 2 DAGs
[2024-05-22T01:00:14.178+0000] {logging_mixin.py:188} INFO - [2024-05-22T01:00:14.177+0000] {dag.py:3954} INFO - Setting next_dagrun for example_external_task_marker_child to None, run_after=None
[2024-05-22T01:00:14.179+0000] {logging_mixin.py:188} INFO - [2024-05-22T01:00:14.179+0000] {dag.py:3954} INFO - Setting next_dagrun for example_external_task_marker_parent to None, run_after=None
[2024-05-22T01:00:14.185+0000] {processor.py:183} INFO - Processing /home/airflow/.local/lib/python3.12/site-packages/airflow/example_dags/example_external_task_marker_dag.py took 0.027 seconds
[2024-05-22T02:26:34.350+0000] {processor.py:161} INFO - Started process (PID=29716) to work on /home/airflow/.local/lib/python3.12/site-packages/airflow/example_dags/example_external_task_marker_dag.py
[2024-05-22T02:26:34.351+0000] {processor.py:830} INFO - Processing file /home/airflow/.local/lib/python3.12/site-packages/airflow/example_dags/example_external_task_marker_dag.py for tasks to queue
[2024-05-22T02:26:34.352+0000] {logging_mixin.py:188} INFO - [2024-05-22T02:26:34.352+0000] {dagbag.py:545} INFO - Filling up the DagBag from /home/airflow/.local/lib/python3.12/site-packages/airflow/example_dags/example_external_task_marker_dag.py
[2024-05-22T02:26:34.354+0000] {processor.py:840} INFO - DAG(s) 'example_external_task_marker_child', 'example_external_task_marker_parent' retrieved from /home/airflow/.local/lib/python3.12/site-packages/airflow/example_dags/example_external_task_marker_dag.py
[2024-05-22T02:26:34.363+0000] {logging_mixin.py:188} INFO - [2024-05-22T02:26:34.363+0000] {dag.py:3096} INFO - Sync 2 DAGs
[2024-05-22T02:26:34.368+0000] {logging_mixin.py:188} INFO - [2024-05-22T02:26:34.368+0000] {dag.py:3954} INFO - Setting next_dagrun for example_external_task_marker_child to None, run_after=None
[2024-05-22T02:26:34.369+0000] {logging_mixin.py:188} INFO - [2024-05-22T02:26:34.369+0000] {dag.py:3954} INFO - Setting next_dagrun for example_external_task_marker_parent to None, run_after=None
[2024-05-22T02:26:34.374+0000] {processor.py:183} INFO - Processing /home/airflow/.local/lib/python3.12/site-packages/airflow/example_dags/example_external_task_marker_dag.py took 0.026 seconds
[2024-05-22T02:27:05.088+0000] {processor.py:161} INFO - Started process (PID=29774) to work on /home/airflow/.local/lib/python3.12/site-packages/airflow/example_dags/example_external_task_marker_dag.py
[2024-05-22T02:27:05.089+0000] {processor.py:830} INFO - Processing file /home/airflow/.local/lib/python3.12/site-packages/airflow/example_dags/example_external_task_marker_dag.py for tasks to queue
[2024-05-22T02:27:05.090+0000] {logging_mixin.py:188} INFO - [2024-05-22T02:27:05.089+0000] {dagbag.py:545} INFO - Filling up the DagBag from /home/airflow/.local/lib/python3.12/site-packages/airflow/example_dags/example_external_task_marker_dag.py
[2024-05-22T02:27:05.093+0000] {processor.py:840} INFO - DAG(s) 'example_external_task_marker_child', 'example_external_task_marker_parent' retrieved from /home/airflow/.local/lib/python3.12/site-packages/airflow/example_dags/example_external_task_marker_dag.py
[2024-05-22T02:27:05.102+0000] {logging_mixin.py:188} INFO - [2024-05-22T02:27:05.102+0000] {dag.py:3096} INFO - Sync 2 DAGs
[2024-05-22T02:27:05.107+0000] {logging_mixin.py:188} INFO - [2024-05-22T02:27:05.107+0000] {dag.py:3954} INFO - Setting next_dagrun for example_external_task_marker_child to None, run_after=None
[2024-05-22T02:27:05.108+0000] {logging_mixin.py:188} INFO - [2024-05-22T02:27:05.108+0000] {dag.py:3954} INFO - Setting next_dagrun for example_external_task_marker_parent to None, run_after=None
[2024-05-22T02:27:05.114+0000] {processor.py:183} INFO - Processing /home/airflow/.local/lib/python3.12/site-packages/airflow/example_dags/example_external_task_marker_dag.py took 0.028 seconds
[2024-05-22T03:16:29.188+0000] {processor.py:161} INFO - Started process (PID=29832) to work on /home/airflow/.local/lib/python3.12/site-packages/airflow/example_dags/example_external_task_marker_dag.py
[2024-05-22T03:16:29.188+0000] {processor.py:830} INFO - Processing file /home/airflow/.local/lib/python3.12/site-packages/airflow/example_dags/example_external_task_marker_dag.py for tasks to queue
[2024-05-22T03:16:29.189+0000] {logging_mixin.py:188} INFO - [2024-05-22T03:16:29.189+0000] {dagbag.py:545} INFO - Filling up the DagBag from /home/airflow/.local/lib/python3.12/site-packages/airflow/example_dags/example_external_task_marker_dag.py
[2024-05-22T03:16:29.192+0000] {processor.py:840} INFO - DAG(s) 'example_external_task_marker_child', 'example_external_task_marker_parent' retrieved from /home/airflow/.local/lib/python3.12/site-packages/airflow/example_dags/example_external_task_marker_dag.py
[2024-05-22T03:16:29.201+0000] {logging_mixin.py:188} INFO - [2024-05-22T03:16:29.201+0000] {dag.py:3096} INFO - Sync 2 DAGs
[2024-05-22T03:16:29.205+0000] {logging_mixin.py:188} INFO - [2024-05-22T03:16:29.205+0000] {dag.py:3954} INFO - Setting next_dagrun for example_external_task_marker_child to None, run_after=None
[2024-05-22T03:16:29.207+0000] {logging_mixin.py:188} INFO - [2024-05-22T03:16:29.207+0000] {dag.py:3954} INFO - Setting next_dagrun for example_external_task_marker_parent to None, run_after=None
[2024-05-22T03:16:29.212+0000] {processor.py:183} INFO - Processing /home/airflow/.local/lib/python3.12/site-packages/airflow/example_dags/example_external_task_marker_dag.py took 0.027 seconds
[2024-05-22T04:42:08.636+0000] {processor.py:161} INFO - Started process (PID=29890) to work on /home/airflow/.local/lib/python3.12/site-packages/airflow/example_dags/example_external_task_marker_dag.py
[2024-05-22T04:42:08.636+0000] {processor.py:830} INFO - Processing file /home/airflow/.local/lib/python3.12/site-packages/airflow/example_dags/example_external_task_marker_dag.py for tasks to queue
[2024-05-22T04:42:08.637+0000] {logging_mixin.py:188} INFO - [2024-05-22T04:42:08.637+0000] {dagbag.py:545} INFO - Filling up the DagBag from /home/airflow/.local/lib/python3.12/site-packages/airflow/example_dags/example_external_task_marker_dag.py
[2024-05-22T04:42:08.639+0000] {processor.py:840} INFO - DAG(s) 'example_external_task_marker_parent', 'example_external_task_marker_child' retrieved from /home/airflow/.local/lib/python3.12/site-packages/airflow/example_dags/example_external_task_marker_dag.py
[2024-05-22T04:42:08.648+0000] {logging_mixin.py:188} INFO - [2024-05-22T04:42:08.648+0000] {dag.py:3096} INFO - Sync 2 DAGs
[2024-05-22T04:42:08.653+0000] {logging_mixin.py:188} INFO - [2024-05-22T04:42:08.653+0000] {dag.py:3954} INFO - Setting next_dagrun for example_external_task_marker_child to None, run_after=None
[2024-05-22T04:42:08.654+0000] {logging_mixin.py:188} INFO - [2024-05-22T04:42:08.654+0000] {dag.py:3954} INFO - Setting next_dagrun for example_external_task_marker_parent to None, run_after=None
[2024-05-22T04:42:08.660+0000] {processor.py:183} INFO - Processing /home/airflow/.local/lib/python3.12/site-packages/airflow/example_dags/example_external_task_marker_dag.py took 0.027 seconds
[2024-05-22T04:42:39.143+0000] {processor.py:161} INFO - Started process (PID=29948) to work on /home/airflow/.local/lib/python3.12/site-packages/airflow/example_dags/example_external_task_marker_dag.py
[2024-05-22T04:42:39.144+0000] {processor.py:830} INFO - Processing file /home/airflow/.local/lib/python3.12/site-packages/airflow/example_dags/example_external_task_marker_dag.py for tasks to queue
[2024-05-22T04:42:39.144+0000] {logging_mixin.py:188} INFO - [2024-05-22T04:42:39.144+0000] {dagbag.py:545} INFO - Filling up the DagBag from /home/airflow/.local/lib/python3.12/site-packages/airflow/example_dags/example_external_task_marker_dag.py
[2024-05-22T04:42:39.147+0000] {processor.py:840} INFO - DAG(s) 'example_external_task_marker_parent', 'example_external_task_marker_child' retrieved from /home/airflow/.local/lib/python3.12/site-packages/airflow/example_dags/example_external_task_marker_dag.py
[2024-05-22T04:42:39.157+0000] {logging_mixin.py:188} INFO - [2024-05-22T04:42:39.157+0000] {dag.py:3096} INFO - Sync 2 DAGs
[2024-05-22T04:42:39.162+0000] {logging_mixin.py:188} INFO - [2024-05-22T04:42:39.162+0000] {dag.py:3954} INFO - Setting next_dagrun for example_external_task_marker_child to None, run_after=None
[2024-05-22T04:42:39.163+0000] {logging_mixin.py:188} INFO - [2024-05-22T04:42:39.163+0000] {dag.py:3954} INFO - Setting next_dagrun for example_external_task_marker_parent to None, run_after=None
[2024-05-22T04:42:39.170+0000] {processor.py:183} INFO - Processing /home/airflow/.local/lib/python3.12/site-packages/airflow/example_dags/example_external_task_marker_dag.py took 0.029 seconds
[2024-05-22T05:33:33.458+0000] {processor.py:161} INFO - Started process (PID=30006) to work on /home/airflow/.local/lib/python3.12/site-packages/airflow/example_dags/example_external_task_marker_dag.py
[2024-05-22T05:33:33.459+0000] {processor.py:830} INFO - Processing file /home/airflow/.local/lib/python3.12/site-packages/airflow/example_dags/example_external_task_marker_dag.py for tasks to queue
[2024-05-22T05:33:33.460+0000] {logging_mixin.py:188} INFO - [2024-05-22T05:33:33.460+0000] {dagbag.py:545} INFO - Filling up the DagBag from /home/airflow/.local/lib/python3.12/site-packages/airflow/example_dags/example_external_task_marker_dag.py
[2024-05-22T05:33:33.464+0000] {processor.py:840} INFO - DAG(s) 'example_external_task_marker_parent', 'example_external_task_marker_child' retrieved from /home/airflow/.local/lib/python3.12/site-packages/airflow/example_dags/example_external_task_marker_dag.py
[2024-05-22T05:33:33.477+0000] {logging_mixin.py:188} INFO - [2024-05-22T05:33:33.476+0000] {dag.py:3096} INFO - Sync 2 DAGs
[2024-05-22T05:33:33.482+0000] {logging_mixin.py:188} INFO - [2024-05-22T05:33:33.482+0000] {dag.py:3954} INFO - Setting next_dagrun for example_external_task_marker_child to None, run_after=None
[2024-05-22T05:33:33.484+0000] {logging_mixin.py:188} INFO - [2024-05-22T05:33:33.484+0000] {dag.py:3954} INFO - Setting next_dagrun for example_external_task_marker_parent to None, run_after=None
[2024-05-22T05:33:33.491+0000] {processor.py:183} INFO - Processing /home/airflow/.local/lib/python3.12/site-packages/airflow/example_dags/example_external_task_marker_dag.py took 0.037 seconds
[2024-05-22T05:54:38.590+0000] {processor.py:161} INFO - Started process (PID=30064) to work on /home/airflow/.local/lib/python3.12/site-packages/airflow/example_dags/example_external_task_marker_dag.py
[2024-05-22T05:54:38.591+0000] {processor.py:830} INFO - Processing file /home/airflow/.local/lib/python3.12/site-packages/airflow/example_dags/example_external_task_marker_dag.py for tasks to queue
[2024-05-22T05:54:38.591+0000] {logging_mixin.py:188} INFO - [2024-05-22T05:54:38.591+0000] {dagbag.py:545} INFO - Filling up the DagBag from /home/airflow/.local/lib/python3.12/site-packages/airflow/example_dags/example_external_task_marker_dag.py
[2024-05-22T05:54:38.595+0000] {processor.py:840} INFO - DAG(s) 'example_external_task_marker_parent', 'example_external_task_marker_child' retrieved from /home/airflow/.local/lib/python3.12/site-packages/airflow/example_dags/example_external_task_marker_dag.py
[2024-05-22T05:54:38.605+0000] {logging_mixin.py:188} INFO - [2024-05-22T05:54:38.605+0000] {dag.py:3096} INFO - Sync 2 DAGs
[2024-05-22T05:54:38.610+0000] {logging_mixin.py:188} INFO - [2024-05-22T05:54:38.610+0000] {dag.py:3954} INFO - Setting next_dagrun for example_external_task_marker_child to None, run_after=None
[2024-05-22T05:54:38.612+0000] {logging_mixin.py:188} INFO - [2024-05-22T05:54:38.612+0000] {dag.py:3954} INFO - Setting next_dagrun for example_external_task_marker_parent to None, run_after=None
[2024-05-22T05:54:38.618+0000] {processor.py:183} INFO - Processing /home/airflow/.local/lib/python3.12/site-packages/airflow/example_dags/example_external_task_marker_dag.py took 0.031 seconds
[2024-05-22T06:02:11.786+0000] {processor.py:161} INFO - Started process (PID=30122) to work on /home/airflow/.local/lib/python3.12/site-packages/airflow/example_dags/example_external_task_marker_dag.py
[2024-05-22T06:02:11.786+0000] {processor.py:830} INFO - Processing file /home/airflow/.local/lib/python3.12/site-packages/airflow/example_dags/example_external_task_marker_dag.py for tasks to queue
[2024-05-22T06:02:11.787+0000] {logging_mixin.py:188} INFO - [2024-05-22T06:02:11.787+0000] {dagbag.py:545} INFO - Filling up the DagBag from /home/airflow/.local/lib/python3.12/site-packages/airflow/example_dags/example_external_task_marker_dag.py
[2024-05-22T06:02:11.790+0000] {processor.py:840} INFO - DAG(s) 'example_external_task_marker_child', 'example_external_task_marker_parent' retrieved from /home/airflow/.local/lib/python3.12/site-packages/airflow/example_dags/example_external_task_marker_dag.py
[2024-05-22T06:02:11.799+0000] {logging_mixin.py:188} INFO - [2024-05-22T06:02:11.799+0000] {dag.py:3096} INFO - Sync 2 DAGs
[2024-05-22T06:02:11.804+0000] {logging_mixin.py:188} INFO - [2024-05-22T06:02:11.804+0000] {dag.py:3954} INFO - Setting next_dagrun for example_external_task_marker_child to None, run_after=None
[2024-05-22T06:02:11.805+0000] {logging_mixin.py:188} INFO - [2024-05-22T06:02:11.805+0000] {dag.py:3954} INFO - Setting next_dagrun for example_external_task_marker_parent to None, run_after=None
[2024-05-22T06:02:11.812+0000] {processor.py:183} INFO - Processing /home/airflow/.local/lib/python3.12/site-packages/airflow/example_dags/example_external_task_marker_dag.py took 0.029 seconds
[2024-05-22T06:02:42.357+0000] {processor.py:161} INFO - Started process (PID=30180) to work on /home/airflow/.local/lib/python3.12/site-packages/airflow/example_dags/example_external_task_marker_dag.py
[2024-05-22T06:02:42.358+0000] {processor.py:830} INFO - Processing file /home/airflow/.local/lib/python3.12/site-packages/airflow/example_dags/example_external_task_marker_dag.py for tasks to queue
[2024-05-22T06:02:42.359+0000] {logging_mixin.py:188} INFO - [2024-05-22T06:02:42.359+0000] {dagbag.py:545} INFO - Filling up the DagBag from /home/airflow/.local/lib/python3.12/site-packages/airflow/example_dags/example_external_task_marker_dag.py
[2024-05-22T06:02:42.362+0000] {processor.py:840} INFO - DAG(s) 'example_external_task_marker_child', 'example_external_task_marker_parent' retrieved from /home/airflow/.local/lib/python3.12/site-packages/airflow/example_dags/example_external_task_marker_dag.py
[2024-05-22T06:02:42.371+0000] {logging_mixin.py:188} INFO - [2024-05-22T06:02:42.371+0000] {dag.py:3096} INFO - Sync 2 DAGs
[2024-05-22T06:02:42.375+0000] {logging_mixin.py:188} INFO - [2024-05-22T06:02:42.375+0000] {dag.py:3954} INFO - Setting next_dagrun for example_external_task_marker_child to None, run_after=None
[2024-05-22T06:02:42.377+0000] {logging_mixin.py:188} INFO - [2024-05-22T06:02:42.377+0000] {dag.py:3954} INFO - Setting next_dagrun for example_external_task_marker_parent to None, run_after=None
[2024-05-22T06:02:42.383+0000] {processor.py:183} INFO - Processing /home/airflow/.local/lib/python3.12/site-packages/airflow/example_dags/example_external_task_marker_dag.py took 0.028 seconds
[2024-05-22T06:43:16.618+0000] {processor.py:161} INFO - Started process (PID=30238) to work on /home/airflow/.local/lib/python3.12/site-packages/airflow/example_dags/example_external_task_marker_dag.py
[2024-05-22T06:43:16.618+0000] {processor.py:830} INFO - Processing file /home/airflow/.local/lib/python3.12/site-packages/airflow/example_dags/example_external_task_marker_dag.py for tasks to queue
[2024-05-22T06:43:16.619+0000] {logging_mixin.py:188} INFO - [2024-05-22T06:43:16.619+0000] {dagbag.py:545} INFO - Filling up the DagBag from /home/airflow/.local/lib/python3.12/site-packages/airflow/example_dags/example_external_task_marker_dag.py
[2024-05-22T06:43:16.622+0000] {processor.py:840} INFO - DAG(s) 'example_external_task_marker_child', 'example_external_task_marker_parent' retrieved from /home/airflow/.local/lib/python3.12/site-packages/airflow/example_dags/example_external_task_marker_dag.py
[2024-05-22T06:43:16.631+0000] {logging_mixin.py:188} INFO - [2024-05-22T06:43:16.631+0000] {dag.py:3096} INFO - Sync 2 DAGs
[2024-05-22T06:43:16.636+0000] {logging_mixin.py:188} INFO - [2024-05-22T06:43:16.636+0000] {dag.py:3954} INFO - Setting next_dagrun for example_external_task_marker_child to None, run_after=None
[2024-05-22T06:43:16.638+0000] {logging_mixin.py:188} INFO - [2024-05-22T06:43:16.637+0000] {dag.py:3954} INFO - Setting next_dagrun for example_external_task_marker_parent to None, run_after=None
[2024-05-22T06:43:16.643+0000] {processor.py:183} INFO - Processing /home/airflow/.local/lib/python3.12/site-packages/airflow/example_dags/example_external_task_marker_dag.py took 0.028 seconds
[2024-05-22T06:43:47.283+0000] {processor.py:161} INFO - Started process (PID=30296) to work on /home/airflow/.local/lib/python3.12/site-packages/airflow/example_dags/example_external_task_marker_dag.py
[2024-05-22T06:43:47.284+0000] {processor.py:830} INFO - Processing file /home/airflow/.local/lib/python3.12/site-packages/airflow/example_dags/example_external_task_marker_dag.py for tasks to queue
[2024-05-22T06:43:47.285+0000] {logging_mixin.py:188} INFO - [2024-05-22T06:43:47.285+0000] {dagbag.py:545} INFO - Filling up the DagBag from /home/airflow/.local/lib/python3.12/site-packages/airflow/example_dags/example_external_task_marker_dag.py
[2024-05-22T06:43:47.288+0000] {processor.py:840} INFO - DAG(s) 'example_external_task_marker_parent', 'example_external_task_marker_child' retrieved from /home/airflow/.local/lib/python3.12/site-packages/airflow/example_dags/example_external_task_marker_dag.py
[2024-05-22T06:43:47.298+0000] {logging_mixin.py:188} INFO - [2024-05-22T06:43:47.298+0000] {dag.py:3096} INFO - Sync 2 DAGs
[2024-05-22T06:43:47.303+0000] {logging_mixin.py:188} INFO - [2024-05-22T06:43:47.303+0000] {dag.py:3954} INFO - Setting next_dagrun for example_external_task_marker_child to None, run_after=None
[2024-05-22T06:43:47.304+0000] {logging_mixin.py:188} INFO - [2024-05-22T06:43:47.304+0000] {dag.py:3954} INFO - Setting next_dagrun for example_external_task_marker_parent to None, run_after=None
[2024-05-22T06:43:47.311+0000] {processor.py:183} INFO - Processing /home/airflow/.local/lib/python3.12/site-packages/airflow/example_dags/example_external_task_marker_dag.py took 0.030 seconds
[2024-05-22T07:00:23.796+0000] {processor.py:161} INFO - Started process (PID=30353) to work on /home/airflow/.local/lib/python3.12/site-packages/airflow/example_dags/example_external_task_marker_dag.py
[2024-05-22T07:00:23.796+0000] {processor.py:830} INFO - Processing file /home/airflow/.local/lib/python3.12/site-packages/airflow/example_dags/example_external_task_marker_dag.py for tasks to queue
[2024-05-22T07:00:23.797+0000] {logging_mixin.py:188} INFO - [2024-05-22T07:00:23.797+0000] {dagbag.py:545} INFO - Filling up the DagBag from /home/airflow/.local/lib/python3.12/site-packages/airflow/example_dags/example_external_task_marker_dag.py
[2024-05-22T07:00:23.799+0000] {processor.py:840} INFO - DAG(s) 'example_external_task_marker_child', 'example_external_task_marker_parent' retrieved from /home/airflow/.local/lib/python3.12/site-packages/airflow/example_dags/example_external_task_marker_dag.py
[2024-05-22T07:00:23.808+0000] {logging_mixin.py:188} INFO - [2024-05-22T07:00:23.808+0000] {dag.py:3096} INFO - Sync 2 DAGs
[2024-05-22T07:00:23.813+0000] {logging_mixin.py:188} INFO - [2024-05-22T07:00:23.813+0000] {dag.py:3954} INFO - Setting next_dagrun for example_external_task_marker_child to None, run_after=None
[2024-05-22T07:00:23.814+0000] {logging_mixin.py:188} INFO - [2024-05-22T07:00:23.814+0000] {dag.py:3954} INFO - Setting next_dagrun for example_external_task_marker_parent to None, run_after=None
[2024-05-22T07:00:23.820+0000] {processor.py:183} INFO - Processing /home/airflow/.local/lib/python3.12/site-packages/airflow/example_dags/example_external_task_marker_dag.py took 0.027 seconds
[2024-05-22T07:34:45.178+0000] {processor.py:161} INFO - Started process (PID=30411) to work on /home/airflow/.local/lib/python3.12/site-packages/airflow/example_dags/example_external_task_marker_dag.py
[2024-05-22T07:34:45.178+0000] {processor.py:830} INFO - Processing file /home/airflow/.local/lib/python3.12/site-packages/airflow/example_dags/example_external_task_marker_dag.py for tasks to queue
[2024-05-22T07:34:45.179+0000] {logging_mixin.py:188} INFO - [2024-05-22T07:34:45.179+0000] {dagbag.py:545} INFO - Filling up the DagBag from /home/airflow/.local/lib/python3.12/site-packages/airflow/example_dags/example_external_task_marker_dag.py
[2024-05-22T07:34:45.182+0000] {processor.py:840} INFO - DAG(s) 'example_external_task_marker_parent', 'example_external_task_marker_child' retrieved from /home/airflow/.local/lib/python3.12/site-packages/airflow/example_dags/example_external_task_marker_dag.py
[2024-05-22T07:34:45.191+0000] {logging_mixin.py:188} INFO - [2024-05-22T07:34:45.191+0000] {dag.py:3096} INFO - Sync 2 DAGs
[2024-05-22T07:34:45.196+0000] {logging_mixin.py:188} INFO - [2024-05-22T07:34:45.196+0000] {dag.py:3954} INFO - Setting next_dagrun for example_external_task_marker_child to None, run_after=None
[2024-05-22T07:34:45.198+0000] {logging_mixin.py:188} INFO - [2024-05-22T07:34:45.198+0000] {dag.py:3954} INFO - Setting next_dagrun for example_external_task_marker_parent to None, run_after=None
[2024-05-22T07:34:45.204+0000] {processor.py:183} INFO - Processing /home/airflow/.local/lib/python3.12/site-packages/airflow/example_dags/example_external_task_marker_dag.py took 0.028 seconds
[2024-05-22T07:44:32.491+0000] {processor.py:161} INFO - Started process (PID=30469) to work on /home/airflow/.local/lib/python3.12/site-packages/airflow/example_dags/example_external_task_marker_dag.py
[2024-05-22T07:44:32.492+0000] {processor.py:830} INFO - Processing file /home/airflow/.local/lib/python3.12/site-packages/airflow/example_dags/example_external_task_marker_dag.py for tasks to queue
[2024-05-22T07:44:32.492+0000] {logging_mixin.py:188} INFO - [2024-05-22T07:44:32.492+0000] {dagbag.py:545} INFO - Filling up the DagBag from /home/airflow/.local/lib/python3.12/site-packages/airflow/example_dags/example_external_task_marker_dag.py
[2024-05-22T07:44:32.495+0000] {processor.py:840} INFO - DAG(s) 'example_external_task_marker_parent', 'example_external_task_marker_child' retrieved from /home/airflow/.local/lib/python3.12/site-packages/airflow/example_dags/example_external_task_marker_dag.py
[2024-05-22T07:44:32.504+0000] {logging_mixin.py:188} INFO - [2024-05-22T07:44:32.504+0000] {dag.py:3096} INFO - Sync 2 DAGs
[2024-05-22T07:44:32.509+0000] {logging_mixin.py:188} INFO - [2024-05-22T07:44:32.509+0000] {dag.py:3954} INFO - Setting next_dagrun for example_external_task_marker_child to None, run_after=None
[2024-05-22T07:44:32.510+0000] {logging_mixin.py:188} INFO - [2024-05-22T07:44:32.510+0000] {dag.py:3954} INFO - Setting next_dagrun for example_external_task_marker_parent to None, run_after=None
[2024-05-22T07:44:32.516+0000] {processor.py:183} INFO - Processing /home/airflow/.local/lib/python3.12/site-packages/airflow/example_dags/example_external_task_marker_dag.py took 0.028 seconds
