[2024-05-22T01:00:14.502+0000] {processor.py:161} INFO - Started process (PID=29670) to work on /home/airflow/.local/lib/python3.12/site-packages/airflow/example_dags/example_task_group.py
[2024-05-22T01:00:14.502+0000] {processor.py:830} INFO - Processing file /home/airflow/.local/lib/python3.12/site-packages/airflow/example_dags/example_task_group.py for tasks to queue
[2024-05-22T01:00:14.503+0000] {logging_mixin.py:188} INFO - [2024-05-22T01:00:14.503+0000] {dagbag.py:545} INFO - Filling up the DagBag from /home/airflow/.local/lib/python3.12/site-packages/airflow/example_dags/example_task_group.py
[2024-05-22T01:00:14.506+0000] {processor.py:840} INFO - DAG(s) 'example_task_group' retrieved from /home/airflow/.local/lib/python3.12/site-packages/airflow/example_dags/example_task_group.py
[2024-05-22T01:00:14.515+0000] {logging_mixin.py:188} INFO - [2024-05-22T01:00:14.515+0000] {dag.py:3096} INFO - Sync 1 DAGs
[2024-05-22T01:00:14.524+0000] {logging_mixin.py:188} INFO - [2024-05-22T01:00:14.524+0000] {dag.py:3954} INFO - Setting next_dagrun for example_task_group to 2024-05-21 00:00:00+00:00, run_after=2024-05-22 00:00:00+00:00
[2024-05-22T01:00:14.531+0000] {processor.py:183} INFO - Processing /home/airflow/.local/lib/python3.12/site-packages/airflow/example_dags/example_task_group.py took 0.031 seconds
[2024-05-22T02:26:34.599+0000] {processor.py:161} INFO - Started process (PID=29728) to work on /home/airflow/.local/lib/python3.12/site-packages/airflow/example_dags/example_task_group.py
[2024-05-22T02:26:34.600+0000] {processor.py:830} INFO - Processing file /home/airflow/.local/lib/python3.12/site-packages/airflow/example_dags/example_task_group.py for tasks to queue
[2024-05-22T02:26:34.601+0000] {logging_mixin.py:188} INFO - [2024-05-22T02:26:34.601+0000] {dagbag.py:545} INFO - Filling up the DagBag from /home/airflow/.local/lib/python3.12/site-packages/airflow/example_dags/example_task_group.py
[2024-05-22T02:26:34.604+0000] {processor.py:840} INFO - DAG(s) 'example_task_group' retrieved from /home/airflow/.local/lib/python3.12/site-packages/airflow/example_dags/example_task_group.py
[2024-05-22T02:26:34.613+0000] {logging_mixin.py:188} INFO - [2024-05-22T02:26:34.613+0000] {dag.py:3096} INFO - Sync 1 DAGs
[2024-05-22T02:26:34.622+0000] {logging_mixin.py:188} INFO - [2024-05-22T02:26:34.621+0000] {dag.py:3954} INFO - Setting next_dagrun for example_task_group to 2024-05-21 00:00:00+00:00, run_after=2024-05-22 00:00:00+00:00
[2024-05-22T02:26:34.629+0000] {processor.py:183} INFO - Processing /home/airflow/.local/lib/python3.12/site-packages/airflow/example_dags/example_task_group.py took 0.032 seconds
[2024-05-22T02:27:05.344+0000] {processor.py:161} INFO - Started process (PID=29786) to work on /home/airflow/.local/lib/python3.12/site-packages/airflow/example_dags/example_task_group.py
[2024-05-22T02:27:05.345+0000] {processor.py:830} INFO - Processing file /home/airflow/.local/lib/python3.12/site-packages/airflow/example_dags/example_task_group.py for tasks to queue
[2024-05-22T02:27:05.346+0000] {logging_mixin.py:188} INFO - [2024-05-22T02:27:05.346+0000] {dagbag.py:545} INFO - Filling up the DagBag from /home/airflow/.local/lib/python3.12/site-packages/airflow/example_dags/example_task_group.py
[2024-05-22T02:27:05.349+0000] {processor.py:840} INFO - DAG(s) 'example_task_group' retrieved from /home/airflow/.local/lib/python3.12/site-packages/airflow/example_dags/example_task_group.py
[2024-05-22T02:27:05.358+0000] {logging_mixin.py:188} INFO - [2024-05-22T02:27:05.358+0000] {dag.py:3096} INFO - Sync 1 DAGs
[2024-05-22T02:27:05.367+0000] {logging_mixin.py:188} INFO - [2024-05-22T02:27:05.367+0000] {dag.py:3954} INFO - Setting next_dagrun for example_task_group to 2024-05-21 00:00:00+00:00, run_after=2024-05-22 00:00:00+00:00
[2024-05-22T02:27:05.374+0000] {processor.py:183} INFO - Processing /home/airflow/.local/lib/python3.12/site-packages/airflow/example_dags/example_task_group.py took 0.032 seconds
[2024-05-22T03:16:29.426+0000] {processor.py:161} INFO - Started process (PID=29844) to work on /home/airflow/.local/lib/python3.12/site-packages/airflow/example_dags/example_task_group.py
[2024-05-22T03:16:29.426+0000] {processor.py:830} INFO - Processing file /home/airflow/.local/lib/python3.12/site-packages/airflow/example_dags/example_task_group.py for tasks to queue
[2024-05-22T03:16:29.427+0000] {logging_mixin.py:188} INFO - [2024-05-22T03:16:29.427+0000] {dagbag.py:545} INFO - Filling up the DagBag from /home/airflow/.local/lib/python3.12/site-packages/airflow/example_dags/example_task_group.py
[2024-05-22T03:16:29.430+0000] {processor.py:840} INFO - DAG(s) 'example_task_group' retrieved from /home/airflow/.local/lib/python3.12/site-packages/airflow/example_dags/example_task_group.py
[2024-05-22T03:16:29.439+0000] {logging_mixin.py:188} INFO - [2024-05-22T03:16:29.439+0000] {dag.py:3096} INFO - Sync 1 DAGs
[2024-05-22T03:16:29.447+0000] {logging_mixin.py:188} INFO - [2024-05-22T03:16:29.446+0000] {dag.py:3954} INFO - Setting next_dagrun for example_task_group to 2024-05-21 00:00:00+00:00, run_after=2024-05-22 00:00:00+00:00
[2024-05-22T03:16:29.453+0000] {processor.py:183} INFO - Processing /home/airflow/.local/lib/python3.12/site-packages/airflow/example_dags/example_task_group.py took 0.029 seconds
[2024-05-22T04:42:08.882+0000] {processor.py:161} INFO - Started process (PID=29902) to work on /home/airflow/.local/lib/python3.12/site-packages/airflow/example_dags/example_task_group.py
[2024-05-22T04:42:08.883+0000] {processor.py:830} INFO - Processing file /home/airflow/.local/lib/python3.12/site-packages/airflow/example_dags/example_task_group.py for tasks to queue
[2024-05-22T04:42:08.884+0000] {logging_mixin.py:188} INFO - [2024-05-22T04:42:08.884+0000] {dagbag.py:545} INFO - Filling up the DagBag from /home/airflow/.local/lib/python3.12/site-packages/airflow/example_dags/example_task_group.py
[2024-05-22T04:42:08.887+0000] {processor.py:840} INFO - DAG(s) 'example_task_group' retrieved from /home/airflow/.local/lib/python3.12/site-packages/airflow/example_dags/example_task_group.py
[2024-05-22T04:42:08.896+0000] {logging_mixin.py:188} INFO - [2024-05-22T04:42:08.895+0000] {dag.py:3096} INFO - Sync 1 DAGs
[2024-05-22T04:42:08.904+0000] {logging_mixin.py:188} INFO - [2024-05-22T04:42:08.904+0000] {dag.py:3954} INFO - Setting next_dagrun for example_task_group to 2024-05-21 00:00:00+00:00, run_after=2024-05-22 00:00:00+00:00
[2024-05-22T04:42:08.911+0000] {processor.py:183} INFO - Processing /home/airflow/.local/lib/python3.12/site-packages/airflow/example_dags/example_task_group.py took 0.031 seconds
[2024-05-22T04:42:39.394+0000] {processor.py:161} INFO - Started process (PID=29960) to work on /home/airflow/.local/lib/python3.12/site-packages/airflow/example_dags/example_task_group.py
[2024-05-22T04:42:39.395+0000] {processor.py:830} INFO - Processing file /home/airflow/.local/lib/python3.12/site-packages/airflow/example_dags/example_task_group.py for tasks to queue
[2024-05-22T04:42:39.397+0000] {logging_mixin.py:188} INFO - [2024-05-22T04:42:39.397+0000] {dagbag.py:545} INFO - Filling up the DagBag from /home/airflow/.local/lib/python3.12/site-packages/airflow/example_dags/example_task_group.py
[2024-05-22T04:42:39.400+0000] {processor.py:840} INFO - DAG(s) 'example_task_group' retrieved from /home/airflow/.local/lib/python3.12/site-packages/airflow/example_dags/example_task_group.py
[2024-05-22T04:42:39.410+0000] {logging_mixin.py:188} INFO - [2024-05-22T04:42:39.410+0000] {dag.py:3096} INFO - Sync 1 DAGs
[2024-05-22T04:42:39.419+0000] {logging_mixin.py:188} INFO - [2024-05-22T04:42:39.419+0000] {dag.py:3954} INFO - Setting next_dagrun for example_task_group to 2024-05-21 00:00:00+00:00, run_after=2024-05-22 00:00:00+00:00
[2024-05-22T04:42:39.425+0000] {processor.py:183} INFO - Processing /home/airflow/.local/lib/python3.12/site-packages/airflow/example_dags/example_task_group.py took 0.034 seconds
[2024-05-22T05:33:33.807+0000] {processor.py:161} INFO - Started process (PID=30018) to work on /home/airflow/.local/lib/python3.12/site-packages/airflow/example_dags/example_task_group.py
[2024-05-22T05:33:33.808+0000] {processor.py:830} INFO - Processing file /home/airflow/.local/lib/python3.12/site-packages/airflow/example_dags/example_task_group.py for tasks to queue
[2024-05-22T05:33:33.809+0000] {logging_mixin.py:188} INFO - [2024-05-22T05:33:33.809+0000] {dagbag.py:545} INFO - Filling up the DagBag from /home/airflow/.local/lib/python3.12/site-packages/airflow/example_dags/example_task_group.py
[2024-05-22T05:33:33.812+0000] {processor.py:840} INFO - DAG(s) 'example_task_group' retrieved from /home/airflow/.local/lib/python3.12/site-packages/airflow/example_dags/example_task_group.py
[2024-05-22T05:33:33.822+0000] {logging_mixin.py:188} INFO - [2024-05-22T05:33:33.822+0000] {dag.py:3096} INFO - Sync 1 DAGs
[2024-05-22T05:33:33.831+0000] {logging_mixin.py:188} INFO - [2024-05-22T05:33:33.831+0000] {dag.py:3954} INFO - Setting next_dagrun for example_task_group to 2024-05-21 00:00:00+00:00, run_after=2024-05-22 00:00:00+00:00
[2024-05-22T05:33:33.837+0000] {processor.py:183} INFO - Processing /home/airflow/.local/lib/python3.12/site-packages/airflow/example_dags/example_task_group.py took 0.033 seconds
[2024-05-22T05:54:38.942+0000] {processor.py:161} INFO - Started process (PID=30076) to work on /home/airflow/.local/lib/python3.12/site-packages/airflow/example_dags/example_task_group.py
[2024-05-22T05:54:38.943+0000] {processor.py:830} INFO - Processing file /home/airflow/.local/lib/python3.12/site-packages/airflow/example_dags/example_task_group.py for tasks to queue
[2024-05-22T05:54:38.944+0000] {logging_mixin.py:188} INFO - [2024-05-22T05:54:38.944+0000] {dagbag.py:545} INFO - Filling up the DagBag from /home/airflow/.local/lib/python3.12/site-packages/airflow/example_dags/example_task_group.py
[2024-05-22T05:54:38.947+0000] {processor.py:840} INFO - DAG(s) 'example_task_group' retrieved from /home/airflow/.local/lib/python3.12/site-packages/airflow/example_dags/example_task_group.py
[2024-05-22T05:54:38.957+0000] {logging_mixin.py:188} INFO - [2024-05-22T05:54:38.957+0000] {dag.py:3096} INFO - Sync 1 DAGs
[2024-05-22T05:54:38.966+0000] {logging_mixin.py:188} INFO - [2024-05-22T05:54:38.966+0000] {dag.py:3954} INFO - Setting next_dagrun for example_task_group to 2024-05-21 00:00:00+00:00, run_after=2024-05-22 00:00:00+00:00
[2024-05-22T05:54:38.973+0000] {processor.py:183} INFO - Processing /home/airflow/.local/lib/python3.12/site-packages/airflow/example_dags/example_task_group.py took 0.034 seconds
[2024-05-22T06:02:12.120+0000] {processor.py:161} INFO - Started process (PID=30134) to work on /home/airflow/.local/lib/python3.12/site-packages/airflow/example_dags/example_task_group.py
[2024-05-22T06:02:12.120+0000] {processor.py:830} INFO - Processing file /home/airflow/.local/lib/python3.12/site-packages/airflow/example_dags/example_task_group.py for tasks to queue
[2024-05-22T06:02:12.121+0000] {logging_mixin.py:188} INFO - [2024-05-22T06:02:12.121+0000] {dagbag.py:545} INFO - Filling up the DagBag from /home/airflow/.local/lib/python3.12/site-packages/airflow/example_dags/example_task_group.py
[2024-05-22T06:02:12.124+0000] {processor.py:840} INFO - DAG(s) 'example_task_group' retrieved from /home/airflow/.local/lib/python3.12/site-packages/airflow/example_dags/example_task_group.py
[2024-05-22T06:02:12.134+0000] {logging_mixin.py:188} INFO - [2024-05-22T06:02:12.133+0000] {dag.py:3096} INFO - Sync 1 DAGs
[2024-05-22T06:02:12.142+0000] {logging_mixin.py:188} INFO - [2024-05-22T06:02:12.142+0000] {dag.py:3954} INFO - Setting next_dagrun for example_task_group to 2024-05-21 00:00:00+00:00, run_after=2024-05-22 00:00:00+00:00
[2024-05-22T06:02:12.149+0000] {processor.py:183} INFO - Processing /home/airflow/.local/lib/python3.12/site-packages/airflow/example_dags/example_task_group.py took 0.032 seconds
[2024-05-22T06:02:42.674+0000] {processor.py:161} INFO - Started process (PID=30192) to work on /home/airflow/.local/lib/python3.12/site-packages/airflow/example_dags/example_task_group.py
[2024-05-22T06:02:42.675+0000] {processor.py:830} INFO - Processing file /home/airflow/.local/lib/python3.12/site-packages/airflow/example_dags/example_task_group.py for tasks to queue
[2024-05-22T06:02:42.676+0000] {logging_mixin.py:188} INFO - [2024-05-22T06:02:42.676+0000] {dagbag.py:545} INFO - Filling up the DagBag from /home/airflow/.local/lib/python3.12/site-packages/airflow/example_dags/example_task_group.py
[2024-05-22T06:02:42.679+0000] {processor.py:840} INFO - DAG(s) 'example_task_group' retrieved from /home/airflow/.local/lib/python3.12/site-packages/airflow/example_dags/example_task_group.py
[2024-05-22T06:02:42.687+0000] {logging_mixin.py:188} INFO - [2024-05-22T06:02:42.687+0000] {dag.py:3096} INFO - Sync 1 DAGs
[2024-05-22T06:02:42.695+0000] {logging_mixin.py:188} INFO - [2024-05-22T06:02:42.695+0000] {dag.py:3954} INFO - Setting next_dagrun for example_task_group to 2024-05-21 00:00:00+00:00, run_after=2024-05-22 00:00:00+00:00
[2024-05-22T06:02:42.701+0000] {processor.py:183} INFO - Processing /home/airflow/.local/lib/python3.12/site-packages/airflow/example_dags/example_task_group.py took 0.029 seconds
[2024-05-22T06:43:16.920+0000] {processor.py:161} INFO - Started process (PID=30250) to work on /home/airflow/.local/lib/python3.12/site-packages/airflow/example_dags/example_task_group.py
[2024-05-22T06:43:16.921+0000] {processor.py:830} INFO - Processing file /home/airflow/.local/lib/python3.12/site-packages/airflow/example_dags/example_task_group.py for tasks to queue
[2024-05-22T06:43:16.921+0000] {logging_mixin.py:188} INFO - [2024-05-22T06:43:16.921+0000] {dagbag.py:545} INFO - Filling up the DagBag from /home/airflow/.local/lib/python3.12/site-packages/airflow/example_dags/example_task_group.py
[2024-05-22T06:43:16.925+0000] {processor.py:840} INFO - DAG(s) 'example_task_group' retrieved from /home/airflow/.local/lib/python3.12/site-packages/airflow/example_dags/example_task_group.py
[2024-05-22T06:43:16.934+0000] {logging_mixin.py:188} INFO - [2024-05-22T06:43:16.934+0000] {dag.py:3096} INFO - Sync 1 DAGs
[2024-05-22T06:43:16.946+0000] {logging_mixin.py:188} INFO - [2024-05-22T06:43:16.946+0000] {dag.py:3954} INFO - Setting next_dagrun for example_task_group to 2024-05-21 00:00:00+00:00, run_after=2024-05-22 00:00:00+00:00
[2024-05-22T06:43:16.960+0000] {processor.py:183} INFO - Processing /home/airflow/.local/lib/python3.12/site-packages/airflow/example_dags/example_task_group.py took 0.043 seconds
[2024-05-22T06:43:47.530+0000] {processor.py:161} INFO - Started process (PID=30308) to work on /home/airflow/.local/lib/python3.12/site-packages/airflow/example_dags/example_task_group.py
[2024-05-22T06:43:47.530+0000] {processor.py:830} INFO - Processing file /home/airflow/.local/lib/python3.12/site-packages/airflow/example_dags/example_task_group.py for tasks to queue
[2024-05-22T06:43:47.531+0000] {logging_mixin.py:188} INFO - [2024-05-22T06:43:47.531+0000] {dagbag.py:545} INFO - Filling up the DagBag from /home/airflow/.local/lib/python3.12/site-packages/airflow/example_dags/example_task_group.py
[2024-05-22T06:43:47.534+0000] {processor.py:840} INFO - DAG(s) 'example_task_group' retrieved from /home/airflow/.local/lib/python3.12/site-packages/airflow/example_dags/example_task_group.py
[2024-05-22T06:43:47.542+0000] {logging_mixin.py:188} INFO - [2024-05-22T06:43:47.542+0000] {dag.py:3096} INFO - Sync 1 DAGs
[2024-05-22T06:43:47.550+0000] {logging_mixin.py:188} INFO - [2024-05-22T06:43:47.550+0000] {dag.py:3954} INFO - Setting next_dagrun for example_task_group to 2024-05-21 00:00:00+00:00, run_after=2024-05-22 00:00:00+00:00
[2024-05-22T06:43:47.557+0000] {processor.py:183} INFO - Processing /home/airflow/.local/lib/python3.12/site-packages/airflow/example_dags/example_task_group.py took 0.030 seconds
[2024-05-22T07:00:24.057+0000] {processor.py:161} INFO - Started process (PID=30365) to work on /home/airflow/.local/lib/python3.12/site-packages/airflow/example_dags/example_task_group.py
[2024-05-22T07:00:24.057+0000] {processor.py:830} INFO - Processing file /home/airflow/.local/lib/python3.12/site-packages/airflow/example_dags/example_task_group.py for tasks to queue
[2024-05-22T07:00:24.058+0000] {logging_mixin.py:188} INFO - [2024-05-22T07:00:24.058+0000] {dagbag.py:545} INFO - Filling up the DagBag from /home/airflow/.local/lib/python3.12/site-packages/airflow/example_dags/example_task_group.py
[2024-05-22T07:00:24.061+0000] {processor.py:840} INFO - DAG(s) 'example_task_group' retrieved from /home/airflow/.local/lib/python3.12/site-packages/airflow/example_dags/example_task_group.py
[2024-05-22T07:00:24.071+0000] {logging_mixin.py:188} INFO - [2024-05-22T07:00:24.071+0000] {dag.py:3096} INFO - Sync 1 DAGs
[2024-05-22T07:00:24.080+0000] {logging_mixin.py:188} INFO - [2024-05-22T07:00:24.080+0000] {dag.py:3954} INFO - Setting next_dagrun for example_task_group to 2024-05-21 00:00:00+00:00, run_after=2024-05-22 00:00:00+00:00
[2024-05-22T07:00:24.087+0000] {processor.py:183} INFO - Processing /home/airflow/.local/lib/python3.12/site-packages/airflow/example_dags/example_task_group.py took 0.033 seconds
[2024-05-22T07:34:45.439+0000] {processor.py:161} INFO - Started process (PID=30423) to work on /home/airflow/.local/lib/python3.12/site-packages/airflow/example_dags/example_task_group.py
[2024-05-22T07:34:45.440+0000] {processor.py:830} INFO - Processing file /home/airflow/.local/lib/python3.12/site-packages/airflow/example_dags/example_task_group.py for tasks to queue
[2024-05-22T07:34:45.441+0000] {logging_mixin.py:188} INFO - [2024-05-22T07:34:45.441+0000] {dagbag.py:545} INFO - Filling up the DagBag from /home/airflow/.local/lib/python3.12/site-packages/airflow/example_dags/example_task_group.py
[2024-05-22T07:34:45.444+0000] {processor.py:840} INFO - DAG(s) 'example_task_group' retrieved from /home/airflow/.local/lib/python3.12/site-packages/airflow/example_dags/example_task_group.py
[2024-05-22T07:34:45.453+0000] {logging_mixin.py:188} INFO - [2024-05-22T07:34:45.453+0000] {dag.py:3096} INFO - Sync 1 DAGs
[2024-05-22T07:34:45.463+0000] {logging_mixin.py:188} INFO - [2024-05-22T07:34:45.463+0000] {dag.py:3954} INFO - Setting next_dagrun for example_task_group to 2024-05-21 00:00:00+00:00, run_after=2024-05-22 00:00:00+00:00
[2024-05-22T07:34:45.470+0000] {processor.py:183} INFO - Processing /home/airflow/.local/lib/python3.12/site-packages/airflow/example_dags/example_task_group.py took 0.033 seconds
[2024-05-22T07:44:32.744+0000] {processor.py:161} INFO - Started process (PID=30481) to work on /home/airflow/.local/lib/python3.12/site-packages/airflow/example_dags/example_task_group.py
[2024-05-22T07:44:32.744+0000] {processor.py:830} INFO - Processing file /home/airflow/.local/lib/python3.12/site-packages/airflow/example_dags/example_task_group.py for tasks to queue
[2024-05-22T07:44:32.745+0000] {logging_mixin.py:188} INFO - [2024-05-22T07:44:32.745+0000] {dagbag.py:545} INFO - Filling up the DagBag from /home/airflow/.local/lib/python3.12/site-packages/airflow/example_dags/example_task_group.py
[2024-05-22T07:44:32.748+0000] {processor.py:840} INFO - DAG(s) 'example_task_group' retrieved from /home/airflow/.local/lib/python3.12/site-packages/airflow/example_dags/example_task_group.py
[2024-05-22T07:44:32.756+0000] {logging_mixin.py:188} INFO - [2024-05-22T07:44:32.756+0000] {dag.py:3096} INFO - Sync 1 DAGs
[2024-05-22T07:44:32.764+0000] {logging_mixin.py:188} INFO - [2024-05-22T07:44:32.763+0000] {dag.py:3954} INFO - Setting next_dagrun for example_task_group to 2024-05-21 00:00:00+00:00, run_after=2024-05-22 00:00:00+00:00
[2024-05-22T07:44:32.771+0000] {processor.py:183} INFO - Processing /home/airflow/.local/lib/python3.12/site-packages/airflow/example_dags/example_task_group.py took 0.030 seconds
