[2024-05-22T01:00:14.709+0000] {processor.py:161} INFO - Started process (PID=29677) to work on /home/airflow/.local/lib/python3.12/site-packages/airflow/example_dags/example_dag_decorator.py
[2024-05-22T01:00:14.709+0000] {processor.py:830} INFO - Processing file /home/airflow/.local/lib/python3.12/site-packages/airflow/example_dags/example_dag_decorator.py for tasks to queue
[2024-05-22T01:00:14.710+0000] {logging_mixin.py:188} INFO - [2024-05-22T01:00:14.710+0000] {dagbag.py:545} INFO - Filling up the DagBag from /home/airflow/.local/lib/python3.12/site-packages/airflow/example_dags/example_dag_decorator.py
[2024-05-22T01:00:14.750+0000] {processor.py:840} INFO - DAG(s) 'example_dag_decorator' retrieved from /home/airflow/.local/lib/python3.12/site-packages/airflow/example_dags/example_dag_decorator.py
[2024-05-22T01:00:14.790+0000] {logging_mixin.py:188} INFO - [2024-05-22T01:00:14.790+0000] {dag.py:3096} INFO - Sync 1 DAGs
[2024-05-22T01:00:14.795+0000] {logging_mixin.py:188} INFO - [2024-05-22T01:00:14.795+0000] {dag.py:3954} INFO - Setting next_dagrun for example_dag_decorator to None, run_after=None
[2024-05-22T01:00:14.802+0000] {processor.py:183} INFO - Processing /home/airflow/.local/lib/python3.12/site-packages/airflow/example_dags/example_dag_decorator.py took 0.096 seconds
[2024-05-22T02:26:34.735+0000] {processor.py:161} INFO - Started process (PID=29735) to work on /home/airflow/.local/lib/python3.12/site-packages/airflow/example_dags/example_dag_decorator.py
[2024-05-22T02:26:34.736+0000] {processor.py:830} INFO - Processing file /home/airflow/.local/lib/python3.12/site-packages/airflow/example_dags/example_dag_decorator.py for tasks to queue
[2024-05-22T02:26:34.737+0000] {logging_mixin.py:188} INFO - [2024-05-22T02:26:34.737+0000] {dagbag.py:545} INFO - Filling up the DagBag from /home/airflow/.local/lib/python3.12/site-packages/airflow/example_dags/example_dag_decorator.py
[2024-05-22T02:26:34.772+0000] {processor.py:840} INFO - DAG(s) 'example_dag_decorator' retrieved from /home/airflow/.local/lib/python3.12/site-packages/airflow/example_dags/example_dag_decorator.py
[2024-05-22T02:26:34.815+0000] {logging_mixin.py:188} INFO - [2024-05-22T02:26:34.815+0000] {dag.py:3096} INFO - Sync 1 DAGs
[2024-05-22T02:26:34.819+0000] {logging_mixin.py:188} INFO - [2024-05-22T02:26:34.819+0000] {dag.py:3954} INFO - Setting next_dagrun for example_dag_decorator to None, run_after=None
[2024-05-22T02:26:34.826+0000] {processor.py:183} INFO - Processing /home/airflow/.local/lib/python3.12/site-packages/airflow/example_dags/example_dag_decorator.py took 0.093 seconds
[2024-05-22T02:27:05.480+0000] {processor.py:161} INFO - Started process (PID=29793) to work on /home/airflow/.local/lib/python3.12/site-packages/airflow/example_dags/example_dag_decorator.py
[2024-05-22T02:27:05.481+0000] {processor.py:830} INFO - Processing file /home/airflow/.local/lib/python3.12/site-packages/airflow/example_dags/example_dag_decorator.py for tasks to queue
[2024-05-22T02:27:05.482+0000] {logging_mixin.py:188} INFO - [2024-05-22T02:27:05.482+0000] {dagbag.py:545} INFO - Filling up the DagBag from /home/airflow/.local/lib/python3.12/site-packages/airflow/example_dags/example_dag_decorator.py
[2024-05-22T02:27:05.518+0000] {processor.py:840} INFO - DAG(s) 'example_dag_decorator' retrieved from /home/airflow/.local/lib/python3.12/site-packages/airflow/example_dags/example_dag_decorator.py
[2024-05-22T02:27:05.559+0000] {logging_mixin.py:188} INFO - [2024-05-22T02:27:05.559+0000] {dag.py:3096} INFO - Sync 1 DAGs
[2024-05-22T02:27:05.564+0000] {logging_mixin.py:188} INFO - [2024-05-22T02:27:05.564+0000] {dag.py:3954} INFO - Setting next_dagrun for example_dag_decorator to None, run_after=None
[2024-05-22T02:27:05.571+0000] {processor.py:183} INFO - Processing /home/airflow/.local/lib/python3.12/site-packages/airflow/example_dags/example_dag_decorator.py took 0.093 seconds
[2024-05-22T03:16:29.620+0000] {processor.py:161} INFO - Started process (PID=29851) to work on /home/airflow/.local/lib/python3.12/site-packages/airflow/example_dags/example_dag_decorator.py
[2024-05-22T03:16:29.621+0000] {processor.py:830} INFO - Processing file /home/airflow/.local/lib/python3.12/site-packages/airflow/example_dags/example_dag_decorator.py for tasks to queue
[2024-05-22T03:16:29.622+0000] {logging_mixin.py:188} INFO - [2024-05-22T03:16:29.622+0000] {dagbag.py:545} INFO - Filling up the DagBag from /home/airflow/.local/lib/python3.12/site-packages/airflow/example_dags/example_dag_decorator.py
[2024-05-22T03:16:29.662+0000] {processor.py:840} INFO - DAG(s) 'example_dag_decorator' retrieved from /home/airflow/.local/lib/python3.12/site-packages/airflow/example_dags/example_dag_decorator.py
[2024-05-22T03:16:29.707+0000] {logging_mixin.py:188} INFO - [2024-05-22T03:16:29.707+0000] {dag.py:3096} INFO - Sync 1 DAGs
[2024-05-22T03:16:29.711+0000] {logging_mixin.py:188} INFO - [2024-05-22T03:16:29.711+0000] {dag.py:3954} INFO - Setting next_dagrun for example_dag_decorator to None, run_after=None
[2024-05-22T03:16:29.718+0000] {processor.py:183} INFO - Processing /home/airflow/.local/lib/python3.12/site-packages/airflow/example_dags/example_dag_decorator.py took 0.100 seconds
[2024-05-22T04:42:09.050+0000] {processor.py:161} INFO - Started process (PID=29909) to work on /home/airflow/.local/lib/python3.12/site-packages/airflow/example_dags/example_dag_decorator.py
[2024-05-22T04:42:09.051+0000] {processor.py:830} INFO - Processing file /home/airflow/.local/lib/python3.12/site-packages/airflow/example_dags/example_dag_decorator.py for tasks to queue
[2024-05-22T04:42:09.051+0000] {logging_mixin.py:188} INFO - [2024-05-22T04:42:09.051+0000] {dagbag.py:545} INFO - Filling up the DagBag from /home/airflow/.local/lib/python3.12/site-packages/airflow/example_dags/example_dag_decorator.py
[2024-05-22T04:42:09.088+0000] {processor.py:840} INFO - DAG(s) 'example_dag_decorator' retrieved from /home/airflow/.local/lib/python3.12/site-packages/airflow/example_dags/example_dag_decorator.py
[2024-05-22T04:42:09.129+0000] {logging_mixin.py:188} INFO - [2024-05-22T04:42:09.129+0000] {dag.py:3096} INFO - Sync 1 DAGs
[2024-05-22T04:42:09.133+0000] {logging_mixin.py:188} INFO - [2024-05-22T04:42:09.133+0000] {dag.py:3954} INFO - Setting next_dagrun for example_dag_decorator to None, run_after=None
[2024-05-22T04:42:09.141+0000] {processor.py:183} INFO - Processing /home/airflow/.local/lib/python3.12/site-packages/airflow/example_dags/example_dag_decorator.py took 0.093 seconds
[2024-05-22T04:42:39.543+0000] {processor.py:161} INFO - Started process (PID=29967) to work on /home/airflow/.local/lib/python3.12/site-packages/airflow/example_dags/example_dag_decorator.py
[2024-05-22T04:42:39.543+0000] {processor.py:830} INFO - Processing file /home/airflow/.local/lib/python3.12/site-packages/airflow/example_dags/example_dag_decorator.py for tasks to queue
[2024-05-22T04:42:39.544+0000] {logging_mixin.py:188} INFO - [2024-05-22T04:42:39.544+0000] {dagbag.py:545} INFO - Filling up the DagBag from /home/airflow/.local/lib/python3.12/site-packages/airflow/example_dags/example_dag_decorator.py
[2024-05-22T04:42:39.580+0000] {processor.py:840} INFO - DAG(s) 'example_dag_decorator' retrieved from /home/airflow/.local/lib/python3.12/site-packages/airflow/example_dags/example_dag_decorator.py
[2024-05-22T04:42:39.621+0000] {logging_mixin.py:188} INFO - [2024-05-22T04:42:39.621+0000] {dag.py:3096} INFO - Sync 1 DAGs
[2024-05-22T04:42:39.625+0000] {logging_mixin.py:188} INFO - [2024-05-22T04:42:39.624+0000] {dag.py:3954} INFO - Setting next_dagrun for example_dag_decorator to None, run_after=None
[2024-05-22T04:42:39.632+0000] {processor.py:183} INFO - Processing /home/airflow/.local/lib/python3.12/site-packages/airflow/example_dags/example_dag_decorator.py took 0.091 seconds
[2024-05-22T05:33:33.970+0000] {processor.py:161} INFO - Started process (PID=30025) to work on /home/airflow/.local/lib/python3.12/site-packages/airflow/example_dags/example_dag_decorator.py
[2024-05-22T05:33:33.970+0000] {processor.py:830} INFO - Processing file /home/airflow/.local/lib/python3.12/site-packages/airflow/example_dags/example_dag_decorator.py for tasks to queue
[2024-05-22T05:33:33.971+0000] {logging_mixin.py:188} INFO - [2024-05-22T05:33:33.971+0000] {dagbag.py:545} INFO - Filling up the DagBag from /home/airflow/.local/lib/python3.12/site-packages/airflow/example_dags/example_dag_decorator.py
[2024-05-22T05:33:34.014+0000] {processor.py:840} INFO - DAG(s) 'example_dag_decorator' retrieved from /home/airflow/.local/lib/python3.12/site-packages/airflow/example_dags/example_dag_decorator.py
[2024-05-22T05:33:34.024+0000] {logging_mixin.py:188} INFO - [2024-05-22T05:33:34.024+0000] {dag.py:3096} INFO - Sync 1 DAGs
[2024-05-22T05:33:34.030+0000] {logging_mixin.py:188} INFO - [2024-05-22T05:33:34.030+0000] {dag.py:3954} INFO - Setting next_dagrun for example_dag_decorator to None, run_after=None
[2024-05-22T05:33:34.037+0000] {processor.py:183} INFO - Processing /home/airflow/.local/lib/python3.12/site-packages/airflow/example_dags/example_dag_decorator.py took 0.070 seconds
[2024-05-22T05:54:39.108+0000] {processor.py:161} INFO - Started process (PID=30083) to work on /home/airflow/.local/lib/python3.12/site-packages/airflow/example_dags/example_dag_decorator.py
[2024-05-22T05:54:39.109+0000] {processor.py:830} INFO - Processing file /home/airflow/.local/lib/python3.12/site-packages/airflow/example_dags/example_dag_decorator.py for tasks to queue
[2024-05-22T05:54:39.110+0000] {logging_mixin.py:188} INFO - [2024-05-22T05:54:39.109+0000] {dagbag.py:545} INFO - Filling up the DagBag from /home/airflow/.local/lib/python3.12/site-packages/airflow/example_dags/example_dag_decorator.py
[2024-05-22T05:54:39.157+0000] {processor.py:840} INFO - DAG(s) 'example_dag_decorator' retrieved from /home/airflow/.local/lib/python3.12/site-packages/airflow/example_dags/example_dag_decorator.py
[2024-05-22T05:54:39.168+0000] {logging_mixin.py:188} INFO - [2024-05-22T05:54:39.168+0000] {dag.py:3096} INFO - Sync 1 DAGs
[2024-05-22T05:54:39.175+0000] {logging_mixin.py:188} INFO - [2024-05-22T05:54:39.175+0000] {dag.py:3954} INFO - Setting next_dagrun for example_dag_decorator to None, run_after=None
[2024-05-22T05:54:39.182+0000] {processor.py:183} INFO - Processing /home/airflow/.local/lib/python3.12/site-packages/airflow/example_dags/example_dag_decorator.py took 0.078 seconds
[2024-05-22T06:02:12.291+0000] {processor.py:161} INFO - Started process (PID=30141) to work on /home/airflow/.local/lib/python3.12/site-packages/airflow/example_dags/example_dag_decorator.py
[2024-05-22T06:02:12.292+0000] {processor.py:830} INFO - Processing file /home/airflow/.local/lib/python3.12/site-packages/airflow/example_dags/example_dag_decorator.py for tasks to queue
[2024-05-22T06:02:12.293+0000] {logging_mixin.py:188} INFO - [2024-05-22T06:02:12.293+0000] {dagbag.py:545} INFO - Filling up the DagBag from /home/airflow/.local/lib/python3.12/site-packages/airflow/example_dags/example_dag_decorator.py
[2024-05-22T06:02:12.334+0000] {processor.py:840} INFO - DAG(s) 'example_dag_decorator' retrieved from /home/airflow/.local/lib/python3.12/site-packages/airflow/example_dags/example_dag_decorator.py
[2024-05-22T06:02:12.382+0000] {logging_mixin.py:188} INFO - [2024-05-22T06:02:12.382+0000] {dag.py:3096} INFO - Sync 1 DAGs
[2024-05-22T06:02:12.386+0000] {logging_mixin.py:188} INFO - [2024-05-22T06:02:12.386+0000] {dag.py:3954} INFO - Setting next_dagrun for example_dag_decorator to None, run_after=None
[2024-05-22T06:02:12.393+0000] {processor.py:183} INFO - Processing /home/airflow/.local/lib/python3.12/site-packages/airflow/example_dags/example_dag_decorator.py took 0.104 seconds
[2024-05-22T06:02:42.841+0000] {processor.py:161} INFO - Started process (PID=30199) to work on /home/airflow/.local/lib/python3.12/site-packages/airflow/example_dags/example_dag_decorator.py
[2024-05-22T06:02:42.843+0000] {processor.py:830} INFO - Processing file /home/airflow/.local/lib/python3.12/site-packages/airflow/example_dags/example_dag_decorator.py for tasks to queue
[2024-05-22T06:02:42.844+0000] {logging_mixin.py:188} INFO - [2024-05-22T06:02:42.844+0000] {dagbag.py:545} INFO - Filling up the DagBag from /home/airflow/.local/lib/python3.12/site-packages/airflow/example_dags/example_dag_decorator.py
[2024-05-22T06:02:42.883+0000] {processor.py:840} INFO - DAG(s) 'example_dag_decorator' retrieved from /home/airflow/.local/lib/python3.12/site-packages/airflow/example_dags/example_dag_decorator.py
[2024-05-22T06:02:42.931+0000] {logging_mixin.py:188} INFO - [2024-05-22T06:02:42.930+0000] {dag.py:3096} INFO - Sync 1 DAGs
[2024-05-22T06:02:42.935+0000] {logging_mixin.py:188} INFO - [2024-05-22T06:02:42.935+0000] {dag.py:3954} INFO - Setting next_dagrun for example_dag_decorator to None, run_after=None
[2024-05-22T06:02:42.944+0000] {processor.py:183} INFO - Processing /home/airflow/.local/lib/python3.12/site-packages/airflow/example_dags/example_dag_decorator.py took 0.106 seconds
[2024-05-22T06:43:17.137+0000] {processor.py:161} INFO - Started process (PID=30257) to work on /home/airflow/.local/lib/python3.12/site-packages/airflow/example_dags/example_dag_decorator.py
[2024-05-22T06:43:17.139+0000] {processor.py:830} INFO - Processing file /home/airflow/.local/lib/python3.12/site-packages/airflow/example_dags/example_dag_decorator.py for tasks to queue
[2024-05-22T06:43:17.140+0000] {logging_mixin.py:188} INFO - [2024-05-22T06:43:17.140+0000] {dagbag.py:545} INFO - Filling up the DagBag from /home/airflow/.local/lib/python3.12/site-packages/airflow/example_dags/example_dag_decorator.py
[2024-05-22T06:43:17.182+0000] {processor.py:840} INFO - DAG(s) 'example_dag_decorator' retrieved from /home/airflow/.local/lib/python3.12/site-packages/airflow/example_dags/example_dag_decorator.py
[2024-05-22T06:43:17.352+0000] {logging_mixin.py:188} INFO - [2024-05-22T06:43:17.352+0000] {dag.py:3096} INFO - Sync 1 DAGs
[2024-05-22T06:43:17.356+0000] {logging_mixin.py:188} INFO - [2024-05-22T06:43:17.356+0000] {dag.py:3954} INFO - Setting next_dagrun for example_dag_decorator to None, run_after=None
[2024-05-22T06:43:17.363+0000] {processor.py:183} INFO - Processing /home/airflow/.local/lib/python3.12/site-packages/airflow/example_dags/example_dag_decorator.py took 0.229 seconds
[2024-05-22T06:43:47.690+0000] {processor.py:161} INFO - Started process (PID=30315) to work on /home/airflow/.local/lib/python3.12/site-packages/airflow/example_dags/example_dag_decorator.py
[2024-05-22T06:43:47.690+0000] {processor.py:830} INFO - Processing file /home/airflow/.local/lib/python3.12/site-packages/airflow/example_dags/example_dag_decorator.py for tasks to queue
[2024-05-22T06:43:47.691+0000] {logging_mixin.py:188} INFO - [2024-05-22T06:43:47.691+0000] {dagbag.py:545} INFO - Filling up the DagBag from /home/airflow/.local/lib/python3.12/site-packages/airflow/example_dags/example_dag_decorator.py
[2024-05-22T06:43:47.729+0000] {processor.py:840} INFO - DAG(s) 'example_dag_decorator' retrieved from /home/airflow/.local/lib/python3.12/site-packages/airflow/example_dags/example_dag_decorator.py
[2024-05-22T06:43:47.739+0000] {logging_mixin.py:188} INFO - [2024-05-22T06:43:47.739+0000] {dag.py:3096} INFO - Sync 1 DAGs
[2024-05-22T06:43:47.745+0000] {logging_mixin.py:188} INFO - [2024-05-22T06:43:47.745+0000] {dag.py:3954} INFO - Setting next_dagrun for example_dag_decorator to None, run_after=None
[2024-05-22T06:43:47.752+0000] {processor.py:183} INFO - Processing /home/airflow/.local/lib/python3.12/site-packages/airflow/example_dags/example_dag_decorator.py took 0.064 seconds
[2024-05-22T07:00:24.199+0000] {processor.py:161} INFO - Started process (PID=30372) to work on /home/airflow/.local/lib/python3.12/site-packages/airflow/example_dags/example_dag_decorator.py
[2024-05-22T07:00:24.200+0000] {processor.py:830} INFO - Processing file /home/airflow/.local/lib/python3.12/site-packages/airflow/example_dags/example_dag_decorator.py for tasks to queue
[2024-05-22T07:00:24.201+0000] {logging_mixin.py:188} INFO - [2024-05-22T07:00:24.201+0000] {dagbag.py:545} INFO - Filling up the DagBag from /home/airflow/.local/lib/python3.12/site-packages/airflow/example_dags/example_dag_decorator.py
[2024-05-22T07:00:24.244+0000] {processor.py:840} INFO - DAG(s) 'example_dag_decorator' retrieved from /home/airflow/.local/lib/python3.12/site-packages/airflow/example_dags/example_dag_decorator.py
[2024-05-22T07:00:24.298+0000] {logging_mixin.py:188} INFO - [2024-05-22T07:00:24.298+0000] {dag.py:3096} INFO - Sync 1 DAGs
[2024-05-22T07:00:24.432+0000] {logging_mixin.py:188} INFO - [2024-05-22T07:00:24.432+0000] {dag.py:3954} INFO - Setting next_dagrun for example_dag_decorator to None, run_after=None
[2024-05-22T07:00:24.441+0000] {processor.py:183} INFO - Processing /home/airflow/.local/lib/python3.12/site-packages/airflow/example_dags/example_dag_decorator.py took 0.244 seconds
[2024-05-22T07:34:45.580+0000] {processor.py:161} INFO - Started process (PID=30430) to work on /home/airflow/.local/lib/python3.12/site-packages/airflow/example_dags/example_dag_decorator.py
[2024-05-22T07:34:45.580+0000] {processor.py:830} INFO - Processing file /home/airflow/.local/lib/python3.12/site-packages/airflow/example_dags/example_dag_decorator.py for tasks to queue
[2024-05-22T07:34:45.581+0000] {logging_mixin.py:188} INFO - [2024-05-22T07:34:45.581+0000] {dagbag.py:545} INFO - Filling up the DagBag from /home/airflow/.local/lib/python3.12/site-packages/airflow/example_dags/example_dag_decorator.py
[2024-05-22T07:34:45.616+0000] {processor.py:840} INFO - DAG(s) 'example_dag_decorator' retrieved from /home/airflow/.local/lib/python3.12/site-packages/airflow/example_dags/example_dag_decorator.py
[2024-05-22T07:34:45.658+0000] {logging_mixin.py:188} INFO - [2024-05-22T07:34:45.658+0000] {dag.py:3096} INFO - Sync 1 DAGs
[2024-05-22T07:34:45.663+0000] {logging_mixin.py:188} INFO - [2024-05-22T07:34:45.663+0000] {dag.py:3954} INFO - Setting next_dagrun for example_dag_decorator to None, run_after=None
[2024-05-22T07:34:45.764+0000] {processor.py:183} INFO - Processing /home/airflow/.local/lib/python3.12/site-packages/airflow/example_dags/example_dag_decorator.py took 0.187 seconds
