[2024-05-22T01:00:14.234+0000] {processor.py:161} INFO - Started process (PID=29660) to work on /home/airflow/.local/lib/python3.12/site-packages/airflow/example_dags/example_branch_operator.py
[2024-05-22T01:00:14.236+0000] {processor.py:830} INFO - Processing file /home/airflow/.local/lib/python3.12/site-packages/airflow/example_dags/example_branch_operator.py for tasks to queue
[2024-05-22T01:00:14.239+0000] {logging_mixin.py:188} INFO - [2024-05-22T01:00:14.238+0000] {dagbag.py:545} INFO - Filling up the DagBag from /home/airflow/.local/lib/python3.12/site-packages/airflow/example_dags/example_branch_operator.py
[2024-05-22T01:00:14.248+0000] {processor.py:840} INFO - DAG(s) 'example_branch_operator' retrieved from /home/airflow/.local/lib/python3.12/site-packages/airflow/example_dags/example_branch_operator.py
[2024-05-22T01:00:14.259+0000] {logging_mixin.py:188} INFO - [2024-05-22T01:00:14.259+0000] {dag.py:3096} INFO - Sync 1 DAGs
[2024-05-22T01:00:14.270+0000] {logging_mixin.py:188} INFO - [2024-05-22T01:00:14.270+0000] {dag.py:3954} INFO - Setting next_dagrun for example_branch_operator to 2024-05-21 00:00:00+00:00, run_after=2024-05-22 00:00:00+00:00
[2024-05-22T01:00:14.278+0000] {processor.py:183} INFO - Processing /home/airflow/.local/lib/python3.12/site-packages/airflow/example_dags/example_branch_operator.py took 0.047 seconds
[2024-05-22T02:26:34.385+0000] {processor.py:161} INFO - Started process (PID=29718) to work on /home/airflow/.local/lib/python3.12/site-packages/airflow/example_dags/example_branch_operator.py
[2024-05-22T02:26:34.386+0000] {processor.py:830} INFO - Processing file /home/airflow/.local/lib/python3.12/site-packages/airflow/example_dags/example_branch_operator.py for tasks to queue
[2024-05-22T02:26:34.387+0000] {logging_mixin.py:188} INFO - [2024-05-22T02:26:34.387+0000] {dagbag.py:545} INFO - Filling up the DagBag from /home/airflow/.local/lib/python3.12/site-packages/airflow/example_dags/example_branch_operator.py
[2024-05-22T02:26:34.393+0000] {processor.py:840} INFO - DAG(s) 'example_branch_operator' retrieved from /home/airflow/.local/lib/python3.12/site-packages/airflow/example_dags/example_branch_operator.py
[2024-05-22T02:26:34.404+0000] {logging_mixin.py:188} INFO - [2024-05-22T02:26:34.404+0000] {dag.py:3096} INFO - Sync 1 DAGs
[2024-05-22T02:26:34.413+0000] {logging_mixin.py:188} INFO - [2024-05-22T02:26:34.413+0000] {dag.py:3954} INFO - Setting next_dagrun for example_branch_operator to 2024-05-21 00:00:00+00:00, run_after=2024-05-22 00:00:00+00:00
[2024-05-22T02:26:34.420+0000] {processor.py:183} INFO - Processing /home/airflow/.local/lib/python3.12/site-packages/airflow/example_dags/example_branch_operator.py took 0.037 seconds
[2024-05-22T02:27:05.125+0000] {processor.py:161} INFO - Started process (PID=29776) to work on /home/airflow/.local/lib/python3.12/site-packages/airflow/example_dags/example_branch_operator.py
[2024-05-22T02:27:05.125+0000] {processor.py:830} INFO - Processing file /home/airflow/.local/lib/python3.12/site-packages/airflow/example_dags/example_branch_operator.py for tasks to queue
[2024-05-22T02:27:05.126+0000] {logging_mixin.py:188} INFO - [2024-05-22T02:27:05.126+0000] {dagbag.py:545} INFO - Filling up the DagBag from /home/airflow/.local/lib/python3.12/site-packages/airflow/example_dags/example_branch_operator.py
[2024-05-22T02:27:05.133+0000] {processor.py:840} INFO - DAG(s) 'example_branch_operator' retrieved from /home/airflow/.local/lib/python3.12/site-packages/airflow/example_dags/example_branch_operator.py
[2024-05-22T02:27:05.144+0000] {logging_mixin.py:188} INFO - [2024-05-22T02:27:05.144+0000] {dag.py:3096} INFO - Sync 1 DAGs
[2024-05-22T02:27:05.153+0000] {logging_mixin.py:188} INFO - [2024-05-22T02:27:05.152+0000] {dag.py:3954} INFO - Setting next_dagrun for example_branch_operator to 2024-05-21 00:00:00+00:00, run_after=2024-05-22 00:00:00+00:00
[2024-05-22T02:27:05.159+0000] {processor.py:183} INFO - Processing /home/airflow/.local/lib/python3.12/site-packages/airflow/example_dags/example_branch_operator.py took 0.037 seconds
[2024-05-22T03:16:29.223+0000] {processor.py:161} INFO - Started process (PID=29834) to work on /home/airflow/.local/lib/python3.12/site-packages/airflow/example_dags/example_branch_operator.py
[2024-05-22T03:16:29.224+0000] {processor.py:830} INFO - Processing file /home/airflow/.local/lib/python3.12/site-packages/airflow/example_dags/example_branch_operator.py for tasks to queue
[2024-05-22T03:16:29.225+0000] {logging_mixin.py:188} INFO - [2024-05-22T03:16:29.225+0000] {dagbag.py:545} INFO - Filling up the DagBag from /home/airflow/.local/lib/python3.12/site-packages/airflow/example_dags/example_branch_operator.py
[2024-05-22T03:16:29.231+0000] {processor.py:840} INFO - DAG(s) 'example_branch_operator' retrieved from /home/airflow/.local/lib/python3.12/site-packages/airflow/example_dags/example_branch_operator.py
[2024-05-22T03:16:29.242+0000] {logging_mixin.py:188} INFO - [2024-05-22T03:16:29.242+0000] {dag.py:3096} INFO - Sync 1 DAGs
[2024-05-22T03:16:29.250+0000] {logging_mixin.py:188} INFO - [2024-05-22T03:16:29.250+0000] {dag.py:3954} INFO - Setting next_dagrun for example_branch_operator to 2024-05-21 00:00:00+00:00, run_after=2024-05-22 00:00:00+00:00
[2024-05-22T03:16:29.257+0000] {processor.py:183} INFO - Processing /home/airflow/.local/lib/python3.12/site-packages/airflow/example_dags/example_branch_operator.py took 0.036 seconds
[2024-05-22T04:42:08.671+0000] {processor.py:161} INFO - Started process (PID=29892) to work on /home/airflow/.local/lib/python3.12/site-packages/airflow/example_dags/example_branch_operator.py
[2024-05-22T04:42:08.672+0000] {processor.py:830} INFO - Processing file /home/airflow/.local/lib/python3.12/site-packages/airflow/example_dags/example_branch_operator.py for tasks to queue
[2024-05-22T04:42:08.672+0000] {logging_mixin.py:188} INFO - [2024-05-22T04:42:08.672+0000] {dagbag.py:545} INFO - Filling up the DagBag from /home/airflow/.local/lib/python3.12/site-packages/airflow/example_dags/example_branch_operator.py
[2024-05-22T04:42:08.680+0000] {processor.py:840} INFO - DAG(s) 'example_branch_operator' retrieved from /home/airflow/.local/lib/python3.12/site-packages/airflow/example_dags/example_branch_operator.py
[2024-05-22T04:42:08.691+0000] {logging_mixin.py:188} INFO - [2024-05-22T04:42:08.691+0000] {dag.py:3096} INFO - Sync 1 DAGs
[2024-05-22T04:42:08.699+0000] {logging_mixin.py:188} INFO - [2024-05-22T04:42:08.699+0000] {dag.py:3954} INFO - Setting next_dagrun for example_branch_operator to 2024-05-21 00:00:00+00:00, run_after=2024-05-22 00:00:00+00:00
[2024-05-22T04:42:08.706+0000] {processor.py:183} INFO - Processing /home/airflow/.local/lib/python3.12/site-packages/airflow/example_dags/example_branch_operator.py took 0.037 seconds
[2024-05-22T04:42:39.179+0000] {processor.py:161} INFO - Started process (PID=29950) to work on /home/airflow/.local/lib/python3.12/site-packages/airflow/example_dags/example_branch_operator.py
[2024-05-22T04:42:39.180+0000] {processor.py:830} INFO - Processing file /home/airflow/.local/lib/python3.12/site-packages/airflow/example_dags/example_branch_operator.py for tasks to queue
[2024-05-22T04:42:39.181+0000] {logging_mixin.py:188} INFO - [2024-05-22T04:42:39.180+0000] {dagbag.py:545} INFO - Filling up the DagBag from /home/airflow/.local/lib/python3.12/site-packages/airflow/example_dags/example_branch_operator.py
[2024-05-22T04:42:39.187+0000] {processor.py:840} INFO - DAG(s) 'example_branch_operator' retrieved from /home/airflow/.local/lib/python3.12/site-packages/airflow/example_dags/example_branch_operator.py
[2024-05-22T04:42:39.197+0000] {logging_mixin.py:188} INFO - [2024-05-22T04:42:39.197+0000] {dag.py:3096} INFO - Sync 1 DAGs
[2024-05-22T04:42:39.205+0000] {logging_mixin.py:188} INFO - [2024-05-22T04:42:39.205+0000] {dag.py:3954} INFO - Setting next_dagrun for example_branch_operator to 2024-05-21 00:00:00+00:00, run_after=2024-05-22 00:00:00+00:00
[2024-05-22T04:42:39.211+0000] {processor.py:183} INFO - Processing /home/airflow/.local/lib/python3.12/site-packages/airflow/example_dags/example_branch_operator.py took 0.034 seconds
[2024-05-22T05:33:33.541+0000] {processor.py:161} INFO - Started process (PID=30008) to work on /home/airflow/.local/lib/python3.12/site-packages/airflow/example_dags/example_branch_operator.py
[2024-05-22T05:33:33.542+0000] {processor.py:830} INFO - Processing file /home/airflow/.local/lib/python3.12/site-packages/airflow/example_dags/example_branch_operator.py for tasks to queue
[2024-05-22T05:33:33.542+0000] {logging_mixin.py:188} INFO - [2024-05-22T05:33:33.542+0000] {dagbag.py:545} INFO - Filling up the DagBag from /home/airflow/.local/lib/python3.12/site-packages/airflow/example_dags/example_branch_operator.py
[2024-05-22T05:33:33.550+0000] {processor.py:840} INFO - DAG(s) 'example_branch_operator' retrieved from /home/airflow/.local/lib/python3.12/site-packages/airflow/example_dags/example_branch_operator.py
[2024-05-22T05:33:33.561+0000] {logging_mixin.py:188} INFO - [2024-05-22T05:33:33.561+0000] {dag.py:3096} INFO - Sync 1 DAGs
[2024-05-22T05:33:33.570+0000] {logging_mixin.py:188} INFO - [2024-05-22T05:33:33.570+0000] {dag.py:3954} INFO - Setting next_dagrun for example_branch_operator to 2024-05-21 00:00:00+00:00, run_after=2024-05-22 00:00:00+00:00
[2024-05-22T05:33:33.579+0000] {processor.py:183} INFO - Processing /home/airflow/.local/lib/python3.12/site-packages/airflow/example_dags/example_branch_operator.py took 0.041 seconds
[2024-05-22T05:54:38.669+0000] {processor.py:161} INFO - Started process (PID=30066) to work on /home/airflow/.local/lib/python3.12/site-packages/airflow/example_dags/example_branch_operator.py
[2024-05-22T05:54:38.671+0000] {processor.py:830} INFO - Processing file /home/airflow/.local/lib/python3.12/site-packages/airflow/example_dags/example_branch_operator.py for tasks to queue
[2024-05-22T05:54:38.672+0000] {logging_mixin.py:188} INFO - [2024-05-22T05:54:38.672+0000] {dagbag.py:545} INFO - Filling up the DagBag from /home/airflow/.local/lib/python3.12/site-packages/airflow/example_dags/example_branch_operator.py
[2024-05-22T05:54:38.680+0000] {processor.py:840} INFO - DAG(s) 'example_branch_operator' retrieved from /home/airflow/.local/lib/python3.12/site-packages/airflow/example_dags/example_branch_operator.py
[2024-05-22T05:54:38.692+0000] {logging_mixin.py:188} INFO - [2024-05-22T05:54:38.692+0000] {dag.py:3096} INFO - Sync 1 DAGs
[2024-05-22T05:54:38.705+0000] {logging_mixin.py:188} INFO - [2024-05-22T05:54:38.705+0000] {dag.py:3954} INFO - Setting next_dagrun for example_branch_operator to 2024-05-21 00:00:00+00:00, run_after=2024-05-22 00:00:00+00:00
[2024-05-22T05:54:38.712+0000] {processor.py:183} INFO - Processing /home/airflow/.local/lib/python3.12/site-packages/airflow/example_dags/example_branch_operator.py took 0.046 seconds
[2024-05-22T06:02:11.859+0000] {processor.py:161} INFO - Started process (PID=30124) to work on /home/airflow/.local/lib/python3.12/site-packages/airflow/example_dags/example_branch_operator.py
[2024-05-22T06:02:11.860+0000] {processor.py:830} INFO - Processing file /home/airflow/.local/lib/python3.12/site-packages/airflow/example_dags/example_branch_operator.py for tasks to queue
[2024-05-22T06:02:11.861+0000] {logging_mixin.py:188} INFO - [2024-05-22T06:02:11.860+0000] {dagbag.py:545} INFO - Filling up the DagBag from /home/airflow/.local/lib/python3.12/site-packages/airflow/example_dags/example_branch_operator.py
[2024-05-22T06:02:11.869+0000] {processor.py:840} INFO - DAG(s) 'example_branch_operator' retrieved from /home/airflow/.local/lib/python3.12/site-packages/airflow/example_dags/example_branch_operator.py
[2024-05-22T06:02:11.879+0000] {logging_mixin.py:188} INFO - [2024-05-22T06:02:11.879+0000] {dag.py:3096} INFO - Sync 1 DAGs
[2024-05-22T06:02:11.888+0000] {logging_mixin.py:188} INFO - [2024-05-22T06:02:11.887+0000] {dag.py:3954} INFO - Setting next_dagrun for example_branch_operator to 2024-05-21 00:00:00+00:00, run_after=2024-05-22 00:00:00+00:00
[2024-05-22T06:02:11.896+0000] {processor.py:183} INFO - Processing /home/airflow/.local/lib/python3.12/site-packages/airflow/example_dags/example_branch_operator.py took 0.040 seconds
[2024-05-22T06:02:42.432+0000] {processor.py:161} INFO - Started process (PID=30182) to work on /home/airflow/.local/lib/python3.12/site-packages/airflow/example_dags/example_branch_operator.py
[2024-05-22T06:02:42.432+0000] {processor.py:830} INFO - Processing file /home/airflow/.local/lib/python3.12/site-packages/airflow/example_dags/example_branch_operator.py for tasks to queue
[2024-05-22T06:02:42.433+0000] {logging_mixin.py:188} INFO - [2024-05-22T06:02:42.433+0000] {dagbag.py:545} INFO - Filling up the DagBag from /home/airflow/.local/lib/python3.12/site-packages/airflow/example_dags/example_branch_operator.py
[2024-05-22T06:02:42.440+0000] {processor.py:840} INFO - DAG(s) 'example_branch_operator' retrieved from /home/airflow/.local/lib/python3.12/site-packages/airflow/example_dags/example_branch_operator.py
[2024-05-22T06:02:42.450+0000] {logging_mixin.py:188} INFO - [2024-05-22T06:02:42.450+0000] {dag.py:3096} INFO - Sync 1 DAGs
[2024-05-22T06:02:42.460+0000] {logging_mixin.py:188} INFO - [2024-05-22T06:02:42.460+0000] {dag.py:3954} INFO - Setting next_dagrun for example_branch_operator to 2024-05-21 00:00:00+00:00, run_after=2024-05-22 00:00:00+00:00
[2024-05-22T06:02:42.466+0000] {processor.py:183} INFO - Processing /home/airflow/.local/lib/python3.12/site-packages/airflow/example_dags/example_branch_operator.py took 0.037 seconds
[2024-05-22T06:43:16.692+0000] {processor.py:161} INFO - Started process (PID=30240) to work on /home/airflow/.local/lib/python3.12/site-packages/airflow/example_dags/example_branch_operator.py
[2024-05-22T06:43:16.692+0000] {processor.py:830} INFO - Processing file /home/airflow/.local/lib/python3.12/site-packages/airflow/example_dags/example_branch_operator.py for tasks to queue
[2024-05-22T06:43:16.693+0000] {logging_mixin.py:188} INFO - [2024-05-22T06:43:16.693+0000] {dagbag.py:545} INFO - Filling up the DagBag from /home/airflow/.local/lib/python3.12/site-packages/airflow/example_dags/example_branch_operator.py
[2024-05-22T06:43:16.701+0000] {processor.py:840} INFO - DAG(s) 'example_branch_operator' retrieved from /home/airflow/.local/lib/python3.12/site-packages/airflow/example_dags/example_branch_operator.py
[2024-05-22T06:43:16.712+0000] {logging_mixin.py:188} INFO - [2024-05-22T06:43:16.712+0000] {dag.py:3096} INFO - Sync 1 DAGs
[2024-05-22T06:43:16.720+0000] {logging_mixin.py:188} INFO - [2024-05-22T06:43:16.720+0000] {dag.py:3954} INFO - Setting next_dagrun for example_branch_operator to 2024-05-21 00:00:00+00:00, run_after=2024-05-22 00:00:00+00:00
[2024-05-22T06:43:16.727+0000] {processor.py:183} INFO - Processing /home/airflow/.local/lib/python3.12/site-packages/airflow/example_dags/example_branch_operator.py took 0.038 seconds
[2024-05-22T06:43:47.321+0000] {processor.py:161} INFO - Started process (PID=30298) to work on /home/airflow/.local/lib/python3.12/site-packages/airflow/example_dags/example_branch_operator.py
[2024-05-22T06:43:47.321+0000] {processor.py:830} INFO - Processing file /home/airflow/.local/lib/python3.12/site-packages/airflow/example_dags/example_branch_operator.py for tasks to queue
[2024-05-22T06:43:47.322+0000] {logging_mixin.py:188} INFO - [2024-05-22T06:43:47.322+0000] {dagbag.py:545} INFO - Filling up the DagBag from /home/airflow/.local/lib/python3.12/site-packages/airflow/example_dags/example_branch_operator.py
[2024-05-22T06:43:47.328+0000] {processor.py:840} INFO - DAG(s) 'example_branch_operator' retrieved from /home/airflow/.local/lib/python3.12/site-packages/airflow/example_dags/example_branch_operator.py
[2024-05-22T06:43:47.340+0000] {logging_mixin.py:188} INFO - [2024-05-22T06:43:47.340+0000] {dag.py:3096} INFO - Sync 1 DAGs
[2024-05-22T06:43:47.348+0000] {logging_mixin.py:188} INFO - [2024-05-22T06:43:47.348+0000] {dag.py:3954} INFO - Setting next_dagrun for example_branch_operator to 2024-05-21 00:00:00+00:00, run_after=2024-05-22 00:00:00+00:00
[2024-05-22T06:43:47.354+0000] {processor.py:183} INFO - Processing /home/airflow/.local/lib/python3.12/site-packages/airflow/example_dags/example_branch_operator.py took 0.035 seconds
[2024-05-22T07:00:23.831+0000] {processor.py:161} INFO - Started process (PID=30355) to work on /home/airflow/.local/lib/python3.12/site-packages/airflow/example_dags/example_branch_operator.py
[2024-05-22T07:00:23.832+0000] {processor.py:830} INFO - Processing file /home/airflow/.local/lib/python3.12/site-packages/airflow/example_dags/example_branch_operator.py for tasks to queue
[2024-05-22T07:00:23.833+0000] {logging_mixin.py:188} INFO - [2024-05-22T07:00:23.833+0000] {dagbag.py:545} INFO - Filling up the DagBag from /home/airflow/.local/lib/python3.12/site-packages/airflow/example_dags/example_branch_operator.py
[2024-05-22T07:00:23.841+0000] {processor.py:840} INFO - DAG(s) 'example_branch_operator' retrieved from /home/airflow/.local/lib/python3.12/site-packages/airflow/example_dags/example_branch_operator.py
[2024-05-22T07:00:23.852+0000] {logging_mixin.py:188} INFO - [2024-05-22T07:00:23.852+0000] {dag.py:3096} INFO - Sync 1 DAGs
[2024-05-22T07:00:23.861+0000] {logging_mixin.py:188} INFO - [2024-05-22T07:00:23.861+0000] {dag.py:3954} INFO - Setting next_dagrun for example_branch_operator to 2024-05-21 00:00:00+00:00, run_after=2024-05-22 00:00:00+00:00
[2024-05-22T07:00:23.867+0000] {processor.py:183} INFO - Processing /home/airflow/.local/lib/python3.12/site-packages/airflow/example_dags/example_branch_operator.py took 0.038 seconds
[2024-05-22T07:34:45.216+0000] {processor.py:161} INFO - Started process (PID=30413) to work on /home/airflow/.local/lib/python3.12/site-packages/airflow/example_dags/example_branch_operator.py
[2024-05-22T07:34:45.216+0000] {processor.py:830} INFO - Processing file /home/airflow/.local/lib/python3.12/site-packages/airflow/example_dags/example_branch_operator.py for tasks to queue
[2024-05-22T07:34:45.217+0000] {logging_mixin.py:188} INFO - [2024-05-22T07:34:45.217+0000] {dagbag.py:545} INFO - Filling up the DagBag from /home/airflow/.local/lib/python3.12/site-packages/airflow/example_dags/example_branch_operator.py
[2024-05-22T07:34:45.224+0000] {processor.py:840} INFO - DAG(s) 'example_branch_operator' retrieved from /home/airflow/.local/lib/python3.12/site-packages/airflow/example_dags/example_branch_operator.py
[2024-05-22T07:34:45.235+0000] {logging_mixin.py:188} INFO - [2024-05-22T07:34:45.235+0000] {dag.py:3096} INFO - Sync 1 DAGs
[2024-05-22T07:34:45.244+0000] {logging_mixin.py:188} INFO - [2024-05-22T07:34:45.244+0000] {dag.py:3954} INFO - Setting next_dagrun for example_branch_operator to 2024-05-21 00:00:00+00:00, run_after=2024-05-22 00:00:00+00:00
[2024-05-22T07:34:45.252+0000] {processor.py:183} INFO - Processing /home/airflow/.local/lib/python3.12/site-packages/airflow/example_dags/example_branch_operator.py took 0.038 seconds
[2024-05-22T07:44:32.528+0000] {processor.py:161} INFO - Started process (PID=30471) to work on /home/airflow/.local/lib/python3.12/site-packages/airflow/example_dags/example_branch_operator.py
[2024-05-22T07:44:32.528+0000] {processor.py:830} INFO - Processing file /home/airflow/.local/lib/python3.12/site-packages/airflow/example_dags/example_branch_operator.py for tasks to queue
[2024-05-22T07:44:32.529+0000] {logging_mixin.py:188} INFO - [2024-05-22T07:44:32.529+0000] {dagbag.py:545} INFO - Filling up the DagBag from /home/airflow/.local/lib/python3.12/site-packages/airflow/example_dags/example_branch_operator.py
[2024-05-22T07:44:32.537+0000] {processor.py:840} INFO - DAG(s) 'example_branch_operator' retrieved from /home/airflow/.local/lib/python3.12/site-packages/airflow/example_dags/example_branch_operator.py
[2024-05-22T07:44:32.548+0000] {logging_mixin.py:188} INFO - [2024-05-22T07:44:32.548+0000] {dag.py:3096} INFO - Sync 1 DAGs
[2024-05-22T07:44:32.556+0000] {logging_mixin.py:188} INFO - [2024-05-22T07:44:32.556+0000] {dag.py:3954} INFO - Setting next_dagrun for example_branch_operator to 2024-05-21 00:00:00+00:00, run_after=2024-05-22 00:00:00+00:00
[2024-05-22T07:44:32.564+0000] {processor.py:183} INFO - Processing /home/airflow/.local/lib/python3.12/site-packages/airflow/example_dags/example_branch_operator.py took 0.038 seconds
