[2024-05-22T01:00:14.343+0000] {processor.py:161} INFO - Started process (PID=29663) to work on /home/airflow/.local/lib/python3.12/site-packages/airflow/example_dags/example_dynamic_task_mapping.py
[2024-05-22T01:00:14.343+0000] {processor.py:830} INFO - Processing file /home/airflow/.local/lib/python3.12/site-packages/airflow/example_dags/example_dynamic_task_mapping.py for tasks to queue
[2024-05-22T01:00:14.344+0000] {logging_mixin.py:188} INFO - [2024-05-22T01:00:14.344+0000] {dagbag.py:545} INFO - Filling up the DagBag from /home/airflow/.local/lib/python3.12/site-packages/airflow/example_dags/example_dynamic_task_mapping.py
[2024-05-22T01:00:14.347+0000] {processor.py:840} INFO - DAG(s) 'example_dynamic_task_mapping' retrieved from /home/airflow/.local/lib/python3.12/site-packages/airflow/example_dags/example_dynamic_task_mapping.py
[2024-05-22T01:00:14.356+0000] {logging_mixin.py:188} INFO - [2024-05-22T01:00:14.356+0000] {dag.py:3096} INFO - Sync 1 DAGs
[2024-05-22T01:00:14.365+0000] {logging_mixin.py:188} INFO - [2024-05-22T01:00:14.365+0000] {dag.py:3954} INFO - Setting next_dagrun for example_dynamic_task_mapping to 2022-03-04 00:00:00+00:00, run_after=2022-03-05 00:00:00+00:00
[2024-05-22T01:00:14.373+0000] {processor.py:183} INFO - Processing /home/airflow/.local/lib/python3.12/site-packages/airflow/example_dags/example_dynamic_task_mapping.py took 0.033 seconds
[2024-05-22T02:26:34.461+0000] {processor.py:161} INFO - Started process (PID=29721) to work on /home/airflow/.local/lib/python3.12/site-packages/airflow/example_dags/example_dynamic_task_mapping.py
[2024-05-22T02:26:34.461+0000] {processor.py:830} INFO - Processing file /home/airflow/.local/lib/python3.12/site-packages/airflow/example_dags/example_dynamic_task_mapping.py for tasks to queue
[2024-05-22T02:26:34.462+0000] {logging_mixin.py:188} INFO - [2024-05-22T02:26:34.462+0000] {dagbag.py:545} INFO - Filling up the DagBag from /home/airflow/.local/lib/python3.12/site-packages/airflow/example_dags/example_dynamic_task_mapping.py
[2024-05-22T02:26:34.465+0000] {processor.py:840} INFO - DAG(s) 'example_dynamic_task_mapping' retrieved from /home/airflow/.local/lib/python3.12/site-packages/airflow/example_dags/example_dynamic_task_mapping.py
[2024-05-22T02:26:34.473+0000] {logging_mixin.py:188} INFO - [2024-05-22T02:26:34.473+0000] {dag.py:3096} INFO - Sync 1 DAGs
[2024-05-22T02:26:34.481+0000] {logging_mixin.py:188} INFO - [2024-05-22T02:26:34.481+0000] {dag.py:3954} INFO - Setting next_dagrun for example_dynamic_task_mapping to 2022-03-04 00:00:00+00:00, run_after=2022-03-05 00:00:00+00:00
[2024-05-22T02:26:34.488+0000] {processor.py:183} INFO - Processing /home/airflow/.local/lib/python3.12/site-packages/airflow/example_dags/example_dynamic_task_mapping.py took 0.030 seconds
[2024-05-22T02:27:05.201+0000] {processor.py:161} INFO - Started process (PID=29779) to work on /home/airflow/.local/lib/python3.12/site-packages/airflow/example_dags/example_dynamic_task_mapping.py
[2024-05-22T02:27:05.201+0000] {processor.py:830} INFO - Processing file /home/airflow/.local/lib/python3.12/site-packages/airflow/example_dags/example_dynamic_task_mapping.py for tasks to queue
[2024-05-22T02:27:05.202+0000] {logging_mixin.py:188} INFO - [2024-05-22T02:27:05.202+0000] {dagbag.py:545} INFO - Filling up the DagBag from /home/airflow/.local/lib/python3.12/site-packages/airflow/example_dags/example_dynamic_task_mapping.py
[2024-05-22T02:27:05.205+0000] {processor.py:840} INFO - DAG(s) 'example_dynamic_task_mapping' retrieved from /home/airflow/.local/lib/python3.12/site-packages/airflow/example_dags/example_dynamic_task_mapping.py
[2024-05-22T02:27:05.219+0000] {logging_mixin.py:188} INFO - [2024-05-22T02:27:05.219+0000] {dag.py:3096} INFO - Sync 1 DAGs
[2024-05-22T02:27:05.230+0000] {logging_mixin.py:188} INFO - [2024-05-22T02:27:05.230+0000] {dag.py:3954} INFO - Setting next_dagrun for example_dynamic_task_mapping to 2022-03-04 00:00:00+00:00, run_after=2022-03-05 00:00:00+00:00
[2024-05-22T02:27:05.237+0000] {processor.py:183} INFO - Processing /home/airflow/.local/lib/python3.12/site-packages/airflow/example_dags/example_dynamic_task_mapping.py took 0.039 seconds
[2024-05-22T03:16:29.302+0000] {processor.py:161} INFO - Started process (PID=29837) to work on /home/airflow/.local/lib/python3.12/site-packages/airflow/example_dags/example_dynamic_task_mapping.py
[2024-05-22T03:16:29.303+0000] {processor.py:830} INFO - Processing file /home/airflow/.local/lib/python3.12/site-packages/airflow/example_dags/example_dynamic_task_mapping.py for tasks to queue
[2024-05-22T03:16:29.303+0000] {logging_mixin.py:188} INFO - [2024-05-22T03:16:29.303+0000] {dagbag.py:545} INFO - Filling up the DagBag from /home/airflow/.local/lib/python3.12/site-packages/airflow/example_dags/example_dynamic_task_mapping.py
[2024-05-22T03:16:29.307+0000] {processor.py:840} INFO - DAG(s) 'example_dynamic_task_mapping' retrieved from /home/airflow/.local/lib/python3.12/site-packages/airflow/example_dags/example_dynamic_task_mapping.py
[2024-05-22T03:16:29.315+0000] {logging_mixin.py:188} INFO - [2024-05-22T03:16:29.315+0000] {dag.py:3096} INFO - Sync 1 DAGs
[2024-05-22T03:16:29.324+0000] {logging_mixin.py:188} INFO - [2024-05-22T03:16:29.324+0000] {dag.py:3954} INFO - Setting next_dagrun for example_dynamic_task_mapping to 2022-03-04 00:00:00+00:00, run_after=2022-03-05 00:00:00+00:00
[2024-05-22T03:16:29.331+0000] {processor.py:183} INFO - Processing /home/airflow/.local/lib/python3.12/site-packages/airflow/example_dags/example_dynamic_task_mapping.py took 0.031 seconds
[2024-05-22T04:42:08.748+0000] {processor.py:161} INFO - Started process (PID=29895) to work on /home/airflow/.local/lib/python3.12/site-packages/airflow/example_dags/example_dynamic_task_mapping.py
[2024-05-22T04:42:08.749+0000] {processor.py:830} INFO - Processing file /home/airflow/.local/lib/python3.12/site-packages/airflow/example_dags/example_dynamic_task_mapping.py for tasks to queue
[2024-05-22T04:42:08.750+0000] {logging_mixin.py:188} INFO - [2024-05-22T04:42:08.749+0000] {dagbag.py:545} INFO - Filling up the DagBag from /home/airflow/.local/lib/python3.12/site-packages/airflow/example_dags/example_dynamic_task_mapping.py
[2024-05-22T04:42:08.753+0000] {processor.py:840} INFO - DAG(s) 'example_dynamic_task_mapping' retrieved from /home/airflow/.local/lib/python3.12/site-packages/airflow/example_dags/example_dynamic_task_mapping.py
[2024-05-22T04:42:08.761+0000] {logging_mixin.py:188} INFO - [2024-05-22T04:42:08.761+0000] {dag.py:3096} INFO - Sync 1 DAGs
[2024-05-22T04:42:08.769+0000] {logging_mixin.py:188} INFO - [2024-05-22T04:42:08.769+0000] {dag.py:3954} INFO - Setting next_dagrun for example_dynamic_task_mapping to 2022-03-04 00:00:00+00:00, run_after=2022-03-05 00:00:00+00:00
[2024-05-22T04:42:08.776+0000] {processor.py:183} INFO - Processing /home/airflow/.local/lib/python3.12/site-packages/airflow/example_dags/example_dynamic_task_mapping.py took 0.030 seconds
[2024-05-22T04:42:39.261+0000] {processor.py:161} INFO - Started process (PID=29953) to work on /home/airflow/.local/lib/python3.12/site-packages/airflow/example_dags/example_dynamic_task_mapping.py
[2024-05-22T04:42:39.261+0000] {processor.py:830} INFO - Processing file /home/airflow/.local/lib/python3.12/site-packages/airflow/example_dags/example_dynamic_task_mapping.py for tasks to queue
[2024-05-22T04:42:39.262+0000] {logging_mixin.py:188} INFO - [2024-05-22T04:42:39.262+0000] {dagbag.py:545} INFO - Filling up the DagBag from /home/airflow/.local/lib/python3.12/site-packages/airflow/example_dags/example_dynamic_task_mapping.py
[2024-05-22T04:42:39.265+0000] {processor.py:840} INFO - DAG(s) 'example_dynamic_task_mapping' retrieved from /home/airflow/.local/lib/python3.12/site-packages/airflow/example_dags/example_dynamic_task_mapping.py
[2024-05-22T04:42:39.273+0000] {logging_mixin.py:188} INFO - [2024-05-22T04:42:39.273+0000] {dag.py:3096} INFO - Sync 1 DAGs
[2024-05-22T04:42:39.281+0000] {logging_mixin.py:188} INFO - [2024-05-22T04:42:39.281+0000] {dag.py:3954} INFO - Setting next_dagrun for example_dynamic_task_mapping to 2022-03-04 00:00:00+00:00, run_after=2022-03-05 00:00:00+00:00
[2024-05-22T04:42:39.288+0000] {processor.py:183} INFO - Processing /home/airflow/.local/lib/python3.12/site-packages/airflow/example_dags/example_dynamic_task_mapping.py took 0.030 seconds
[2024-05-22T05:33:33.639+0000] {processor.py:161} INFO - Started process (PID=30011) to work on /home/airflow/.local/lib/python3.12/site-packages/airflow/example_dags/example_dynamic_task_mapping.py
[2024-05-22T05:33:33.639+0000] {processor.py:830} INFO - Processing file /home/airflow/.local/lib/python3.12/site-packages/airflow/example_dags/example_dynamic_task_mapping.py for tasks to queue
[2024-05-22T05:33:33.640+0000] {logging_mixin.py:188} INFO - [2024-05-22T05:33:33.640+0000] {dagbag.py:545} INFO - Filling up the DagBag from /home/airflow/.local/lib/python3.12/site-packages/airflow/example_dags/example_dynamic_task_mapping.py
[2024-05-22T05:33:33.643+0000] {processor.py:840} INFO - DAG(s) 'example_dynamic_task_mapping' retrieved from /home/airflow/.local/lib/python3.12/site-packages/airflow/example_dags/example_dynamic_task_mapping.py
[2024-05-22T05:33:33.653+0000] {logging_mixin.py:188} INFO - [2024-05-22T05:33:33.653+0000] {dag.py:3096} INFO - Sync 1 DAGs
[2024-05-22T05:33:33.663+0000] {logging_mixin.py:188} INFO - [2024-05-22T05:33:33.663+0000] {dag.py:3954} INFO - Setting next_dagrun for example_dynamic_task_mapping to 2022-03-04 00:00:00+00:00, run_after=2022-03-05 00:00:00+00:00
[2024-05-22T05:33:33.671+0000] {processor.py:183} INFO - Processing /home/airflow/.local/lib/python3.12/site-packages/airflow/example_dags/example_dynamic_task_mapping.py took 0.035 seconds
[2024-05-22T05:54:38.726+0000] {processor.py:161} INFO - Started process (PID=30069) to work on /home/airflow/.local/lib/python3.12/site-packages/airflow/example_dags/example_dynamic_task_mapping.py
[2024-05-22T05:54:38.727+0000] {processor.py:830} INFO - Processing file /home/airflow/.local/lib/python3.12/site-packages/airflow/example_dags/example_dynamic_task_mapping.py for tasks to queue
[2024-05-22T05:54:38.728+0000] {logging_mixin.py:188} INFO - [2024-05-22T05:54:38.728+0000] {dagbag.py:545} INFO - Filling up the DagBag from /home/airflow/.local/lib/python3.12/site-packages/airflow/example_dags/example_dynamic_task_mapping.py
[2024-05-22T05:54:38.732+0000] {processor.py:840} INFO - DAG(s) 'example_dynamic_task_mapping' retrieved from /home/airflow/.local/lib/python3.12/site-packages/airflow/example_dags/example_dynamic_task_mapping.py
[2024-05-22T05:54:38.739+0000] {logging_mixin.py:188} INFO - [2024-05-22T05:54:38.739+0000] {dag.py:3096} INFO - Sync 1 DAGs
[2024-05-22T05:54:38.752+0000] {logging_mixin.py:188} INFO - [2024-05-22T05:54:38.752+0000] {dag.py:3954} INFO - Setting next_dagrun for example_dynamic_task_mapping to 2022-03-04 00:00:00+00:00, run_after=2022-03-05 00:00:00+00:00
[2024-05-22T05:54:38.761+0000] {processor.py:183} INFO - Processing /home/airflow/.local/lib/python3.12/site-packages/airflow/example_dags/example_dynamic_task_mapping.py took 0.038 seconds
[2024-05-22T06:02:11.950+0000] {processor.py:161} INFO - Started process (PID=30127) to work on /home/airflow/.local/lib/python3.12/site-packages/airflow/example_dags/example_dynamic_task_mapping.py
[2024-05-22T06:02:11.951+0000] {processor.py:830} INFO - Processing file /home/airflow/.local/lib/python3.12/site-packages/airflow/example_dags/example_dynamic_task_mapping.py for tasks to queue
[2024-05-22T06:02:11.952+0000] {logging_mixin.py:188} INFO - [2024-05-22T06:02:11.952+0000] {dagbag.py:545} INFO - Filling up the DagBag from /home/airflow/.local/lib/python3.12/site-packages/airflow/example_dags/example_dynamic_task_mapping.py
[2024-05-22T06:02:11.955+0000] {processor.py:840} INFO - DAG(s) 'example_dynamic_task_mapping' retrieved from /home/airflow/.local/lib/python3.12/site-packages/airflow/example_dags/example_dynamic_task_mapping.py
[2024-05-22T06:02:11.964+0000] {logging_mixin.py:188} INFO - [2024-05-22T06:02:11.964+0000] {dag.py:3096} INFO - Sync 1 DAGs
[2024-05-22T06:02:11.973+0000] {logging_mixin.py:188} INFO - [2024-05-22T06:02:11.973+0000] {dag.py:3954} INFO - Setting next_dagrun for example_dynamic_task_mapping to 2022-03-04 00:00:00+00:00, run_after=2022-03-05 00:00:00+00:00
[2024-05-22T06:02:11.981+0000] {processor.py:183} INFO - Processing /home/airflow/.local/lib/python3.12/site-packages/airflow/example_dags/example_dynamic_task_mapping.py took 0.034 seconds
[2024-05-22T06:02:42.519+0000] {processor.py:161} INFO - Started process (PID=30185) to work on /home/airflow/.local/lib/python3.12/site-packages/airflow/example_dags/example_dynamic_task_mapping.py
[2024-05-22T06:02:42.519+0000] {processor.py:830} INFO - Processing file /home/airflow/.local/lib/python3.12/site-packages/airflow/example_dags/example_dynamic_task_mapping.py for tasks to queue
[2024-05-22T06:02:42.520+0000] {logging_mixin.py:188} INFO - [2024-05-22T06:02:42.520+0000] {dagbag.py:545} INFO - Filling up the DagBag from /home/airflow/.local/lib/python3.12/site-packages/airflow/example_dags/example_dynamic_task_mapping.py
[2024-05-22T06:02:42.523+0000] {processor.py:840} INFO - DAG(s) 'example_dynamic_task_mapping' retrieved from /home/airflow/.local/lib/python3.12/site-packages/airflow/example_dags/example_dynamic_task_mapping.py
[2024-05-22T06:02:42.532+0000] {logging_mixin.py:188} INFO - [2024-05-22T06:02:42.532+0000] {dag.py:3096} INFO - Sync 1 DAGs
[2024-05-22T06:02:42.541+0000] {logging_mixin.py:188} INFO - [2024-05-22T06:02:42.540+0000] {dag.py:3954} INFO - Setting next_dagrun for example_dynamic_task_mapping to 2022-03-04 00:00:00+00:00, run_after=2022-03-05 00:00:00+00:00
[2024-05-22T06:02:42.548+0000] {processor.py:183} INFO - Processing /home/airflow/.local/lib/python3.12/site-packages/airflow/example_dags/example_dynamic_task_mapping.py took 0.031 seconds
[2024-05-22T06:43:16.784+0000] {processor.py:161} INFO - Started process (PID=30243) to work on /home/airflow/.local/lib/python3.12/site-packages/airflow/example_dags/example_dynamic_task_mapping.py
[2024-05-22T06:43:16.785+0000] {processor.py:830} INFO - Processing file /home/airflow/.local/lib/python3.12/site-packages/airflow/example_dags/example_dynamic_task_mapping.py for tasks to queue
[2024-05-22T06:43:16.786+0000] {logging_mixin.py:188} INFO - [2024-05-22T06:43:16.786+0000] {dagbag.py:545} INFO - Filling up the DagBag from /home/airflow/.local/lib/python3.12/site-packages/airflow/example_dags/example_dynamic_task_mapping.py
[2024-05-22T06:43:16.789+0000] {processor.py:840} INFO - DAG(s) 'example_dynamic_task_mapping' retrieved from /home/airflow/.local/lib/python3.12/site-packages/airflow/example_dags/example_dynamic_task_mapping.py
[2024-05-22T06:43:16.802+0000] {logging_mixin.py:188} INFO - [2024-05-22T06:43:16.802+0000] {dag.py:3096} INFO - Sync 1 DAGs
[2024-05-22T06:43:16.812+0000] {logging_mixin.py:188} INFO - [2024-05-22T06:43:16.812+0000] {dag.py:3954} INFO - Setting next_dagrun for example_dynamic_task_mapping to 2022-03-04 00:00:00+00:00, run_after=2022-03-05 00:00:00+00:00
[2024-05-22T06:43:16.819+0000] {processor.py:183} INFO - Processing /home/airflow/.local/lib/python3.12/site-packages/airflow/example_dags/example_dynamic_task_mapping.py took 0.037 seconds
[2024-05-22T06:43:47.405+0000] {processor.py:161} INFO - Started process (PID=30301) to work on /home/airflow/.local/lib/python3.12/site-packages/airflow/example_dags/example_dynamic_task_mapping.py
[2024-05-22T06:43:47.405+0000] {processor.py:830} INFO - Processing file /home/airflow/.local/lib/python3.12/site-packages/airflow/example_dags/example_dynamic_task_mapping.py for tasks to queue
[2024-05-22T06:43:47.406+0000] {logging_mixin.py:188} INFO - [2024-05-22T06:43:47.406+0000] {dagbag.py:545} INFO - Filling up the DagBag from /home/airflow/.local/lib/python3.12/site-packages/airflow/example_dags/example_dynamic_task_mapping.py
[2024-05-22T06:43:47.409+0000] {processor.py:840} INFO - DAG(s) 'example_dynamic_task_mapping' retrieved from /home/airflow/.local/lib/python3.12/site-packages/airflow/example_dags/example_dynamic_task_mapping.py
[2024-05-22T06:43:47.417+0000] {logging_mixin.py:188} INFO - [2024-05-22T06:43:47.417+0000] {dag.py:3096} INFO - Sync 1 DAGs
[2024-05-22T06:43:47.426+0000] {logging_mixin.py:188} INFO - [2024-05-22T06:43:47.426+0000] {dag.py:3954} INFO - Setting next_dagrun for example_dynamic_task_mapping to 2022-03-04 00:00:00+00:00, run_after=2022-03-05 00:00:00+00:00
[2024-05-22T06:43:47.433+0000] {processor.py:183} INFO - Processing /home/airflow/.local/lib/python3.12/site-packages/airflow/example_dags/example_dynamic_task_mapping.py took 0.031 seconds
[2024-05-22T07:00:23.908+0000] {processor.py:161} INFO - Started process (PID=30358) to work on /home/airflow/.local/lib/python3.12/site-packages/airflow/example_dags/example_dynamic_task_mapping.py
[2024-05-22T07:00:23.909+0000] {processor.py:830} INFO - Processing file /home/airflow/.local/lib/python3.12/site-packages/airflow/example_dags/example_dynamic_task_mapping.py for tasks to queue
[2024-05-22T07:00:23.910+0000] {logging_mixin.py:188} INFO - [2024-05-22T07:00:23.909+0000] {dagbag.py:545} INFO - Filling up the DagBag from /home/airflow/.local/lib/python3.12/site-packages/airflow/example_dags/example_dynamic_task_mapping.py
[2024-05-22T07:00:23.913+0000] {processor.py:840} INFO - DAG(s) 'example_dynamic_task_mapping' retrieved from /home/airflow/.local/lib/python3.12/site-packages/airflow/example_dags/example_dynamic_task_mapping.py
[2024-05-22T07:00:23.922+0000] {logging_mixin.py:188} INFO - [2024-05-22T07:00:23.922+0000] {dag.py:3096} INFO - Sync 1 DAGs
[2024-05-22T07:00:23.932+0000] {logging_mixin.py:188} INFO - [2024-05-22T07:00:23.932+0000] {dag.py:3954} INFO - Setting next_dagrun for example_dynamic_task_mapping to 2022-03-04 00:00:00+00:00, run_after=2022-03-05 00:00:00+00:00
[2024-05-22T07:00:23.941+0000] {processor.py:183} INFO - Processing /home/airflow/.local/lib/python3.12/site-packages/airflow/example_dags/example_dynamic_task_mapping.py took 0.035 seconds
[2024-05-22T07:34:45.300+0000] {processor.py:161} INFO - Started process (PID=30416) to work on /home/airflow/.local/lib/python3.12/site-packages/airflow/example_dags/example_dynamic_task_mapping.py
[2024-05-22T07:34:45.301+0000] {processor.py:830} INFO - Processing file /home/airflow/.local/lib/python3.12/site-packages/airflow/example_dags/example_dynamic_task_mapping.py for tasks to queue
[2024-05-22T07:34:45.303+0000] {logging_mixin.py:188} INFO - [2024-05-22T07:34:45.303+0000] {dagbag.py:545} INFO - Filling up the DagBag from /home/airflow/.local/lib/python3.12/site-packages/airflow/example_dags/example_dynamic_task_mapping.py
[2024-05-22T07:34:45.306+0000] {processor.py:840} INFO - DAG(s) 'example_dynamic_task_mapping' retrieved from /home/airflow/.local/lib/python3.12/site-packages/airflow/example_dags/example_dynamic_task_mapping.py
[2024-05-22T07:34:45.316+0000] {logging_mixin.py:188} INFO - [2024-05-22T07:34:45.316+0000] {dag.py:3096} INFO - Sync 1 DAGs
[2024-05-22T07:34:45.325+0000] {logging_mixin.py:188} INFO - [2024-05-22T07:34:45.325+0000] {dag.py:3954} INFO - Setting next_dagrun for example_dynamic_task_mapping to 2022-03-04 00:00:00+00:00, run_after=2022-03-05 00:00:00+00:00
[2024-05-22T07:34:45.332+0000] {processor.py:183} INFO - Processing /home/airflow/.local/lib/python3.12/site-packages/airflow/example_dags/example_dynamic_task_mapping.py took 0.036 seconds
[2024-05-22T07:44:32.604+0000] {processor.py:161} INFO - Started process (PID=30474) to work on /home/airflow/.local/lib/python3.12/site-packages/airflow/example_dags/example_dynamic_task_mapping.py
[2024-05-22T07:44:32.605+0000] {processor.py:830} INFO - Processing file /home/airflow/.local/lib/python3.12/site-packages/airflow/example_dags/example_dynamic_task_mapping.py for tasks to queue
[2024-05-22T07:44:32.605+0000] {logging_mixin.py:188} INFO - [2024-05-22T07:44:32.605+0000] {dagbag.py:545} INFO - Filling up the DagBag from /home/airflow/.local/lib/python3.12/site-packages/airflow/example_dags/example_dynamic_task_mapping.py
[2024-05-22T07:44:32.608+0000] {processor.py:840} INFO - DAG(s) 'example_dynamic_task_mapping' retrieved from /home/airflow/.local/lib/python3.12/site-packages/airflow/example_dags/example_dynamic_task_mapping.py
[2024-05-22T07:44:32.618+0000] {logging_mixin.py:188} INFO - [2024-05-22T07:44:32.618+0000] {dag.py:3096} INFO - Sync 1 DAGs
[2024-05-22T07:44:32.627+0000] {logging_mixin.py:188} INFO - [2024-05-22T07:44:32.627+0000] {dag.py:3954} INFO - Setting next_dagrun for example_dynamic_task_mapping to 2022-03-04 00:00:00+00:00, run_after=2022-03-05 00:00:00+00:00
[2024-05-22T07:44:32.635+0000] {processor.py:183} INFO - Processing /home/airflow/.local/lib/python3.12/site-packages/airflow/example_dags/example_dynamic_task_mapping.py took 0.033 seconds
