[2024-05-22T01:00:14.543+0000] {processor.py:161} INFO - Started process (PID=29672) to work on /home/airflow/.local/lib/python3.12/site-packages/airflow/example_dags/example_sla_dag.py
[2024-05-22T01:00:14.544+0000] {processor.py:830} INFO - Processing file /home/airflow/.local/lib/python3.12/site-packages/airflow/example_dags/example_sla_dag.py for tasks to queue
[2024-05-22T01:00:14.545+0000] {logging_mixin.py:188} INFO - [2024-05-22T01:00:14.545+0000] {dagbag.py:545} INFO - Filling up the DagBag from /home/airflow/.local/lib/python3.12/site-packages/airflow/example_dags/example_sla_dag.py
[2024-05-22T01:00:14.548+0000] {processor.py:840} INFO - DAG(s) 'example_sla_dag' retrieved from /home/airflow/.local/lib/python3.12/site-packages/airflow/example_dags/example_sla_dag.py
[2024-05-22T01:00:14.557+0000] {logging_mixin.py:188} INFO - [2024-05-22T01:00:14.557+0000] {dag.py:3096} INFO - Sync 1 DAGs
[2024-05-22T01:00:14.568+0000] {logging_mixin.py:188} INFO - [2024-05-22T01:00:14.568+0000] {dag.py:3954} INFO - Setting next_dagrun for example_sla_dag to 2024-05-22 00:58:00+00:00, run_after=2024-05-22 01:00:00+00:00
[2024-05-22T01:00:14.574+0000] {processor.py:183} INFO - Processing /home/airflow/.local/lib/python3.12/site-packages/airflow/example_dags/example_sla_dag.py took 0.033 seconds
[2024-05-22T02:26:34.639+0000] {processor.py:161} INFO - Started process (PID=29730) to work on /home/airflow/.local/lib/python3.12/site-packages/airflow/example_dags/example_sla_dag.py
[2024-05-22T02:26:34.639+0000] {processor.py:830} INFO - Processing file /home/airflow/.local/lib/python3.12/site-packages/airflow/example_dags/example_sla_dag.py for tasks to queue
[2024-05-22T02:26:34.640+0000] {logging_mixin.py:188} INFO - [2024-05-22T02:26:34.640+0000] {dagbag.py:545} INFO - Filling up the DagBag from /home/airflow/.local/lib/python3.12/site-packages/airflow/example_dags/example_sla_dag.py
[2024-05-22T02:26:34.644+0000] {processor.py:840} INFO - DAG(s) 'example_sla_dag' retrieved from /home/airflow/.local/lib/python3.12/site-packages/airflow/example_dags/example_sla_dag.py
[2024-05-22T02:26:34.652+0000] {logging_mixin.py:188} INFO - [2024-05-22T02:26:34.652+0000] {dag.py:3096} INFO - Sync 1 DAGs
[2024-05-22T02:26:34.662+0000] {logging_mixin.py:188} INFO - [2024-05-22T02:26:34.662+0000] {dag.py:3954} INFO - Setting next_dagrun for example_sla_dag to 2024-05-22 02:24:00+00:00, run_after=2024-05-22 02:26:00+00:00
[2024-05-22T02:26:34.670+0000] {processor.py:183} INFO - Processing /home/airflow/.local/lib/python3.12/site-packages/airflow/example_dags/example_sla_dag.py took 0.034 seconds
[2024-05-22T02:27:05.384+0000] {processor.py:161} INFO - Started process (PID=29788) to work on /home/airflow/.local/lib/python3.12/site-packages/airflow/example_dags/example_sla_dag.py
[2024-05-22T02:27:05.385+0000] {processor.py:830} INFO - Processing file /home/airflow/.local/lib/python3.12/site-packages/airflow/example_dags/example_sla_dag.py for tasks to queue
[2024-05-22T02:27:05.385+0000] {logging_mixin.py:188} INFO - [2024-05-22T02:27:05.385+0000] {dagbag.py:545} INFO - Filling up the DagBag from /home/airflow/.local/lib/python3.12/site-packages/airflow/example_dags/example_sla_dag.py
[2024-05-22T02:27:05.389+0000] {processor.py:840} INFO - DAG(s) 'example_sla_dag' retrieved from /home/airflow/.local/lib/python3.12/site-packages/airflow/example_dags/example_sla_dag.py
[2024-05-22T02:27:05.397+0000] {logging_mixin.py:188} INFO - [2024-05-22T02:27:05.397+0000] {dag.py:3096} INFO - Sync 1 DAGs
[2024-05-22T02:27:05.407+0000] {logging_mixin.py:188} INFO - [2024-05-22T02:27:05.407+0000] {dag.py:3954} INFO - Setting next_dagrun for example_sla_dag to 2024-05-22 02:24:00+00:00, run_after=2024-05-22 02:26:00+00:00
[2024-05-22T02:27:05.413+0000] {processor.py:183} INFO - Processing /home/airflow/.local/lib/python3.12/site-packages/airflow/example_dags/example_sla_dag.py took 0.032 seconds
[2024-05-22T03:16:29.497+0000] {processor.py:161} INFO - Started process (PID=29846) to work on /home/airflow/.local/lib/python3.12/site-packages/airflow/example_dags/example_sla_dag.py
[2024-05-22T03:16:29.498+0000] {processor.py:830} INFO - Processing file /home/airflow/.local/lib/python3.12/site-packages/airflow/example_dags/example_sla_dag.py for tasks to queue
[2024-05-22T03:16:29.499+0000] {logging_mixin.py:188} INFO - [2024-05-22T03:16:29.499+0000] {dagbag.py:545} INFO - Filling up the DagBag from /home/airflow/.local/lib/python3.12/site-packages/airflow/example_dags/example_sla_dag.py
[2024-05-22T03:16:29.503+0000] {processor.py:840} INFO - DAG(s) 'example_sla_dag' retrieved from /home/airflow/.local/lib/python3.12/site-packages/airflow/example_dags/example_sla_dag.py
[2024-05-22T03:16:29.512+0000] {logging_mixin.py:188} INFO - [2024-05-22T03:16:29.511+0000] {dag.py:3096} INFO - Sync 1 DAGs
[2024-05-22T03:16:29.521+0000] {logging_mixin.py:188} INFO - [2024-05-22T03:16:29.521+0000] {dag.py:3954} INFO - Setting next_dagrun for example_sla_dag to 2024-05-22 03:14:00+00:00, run_after=2024-05-22 03:16:00+00:00
[2024-05-22T03:16:29.528+0000] {processor.py:183} INFO - Processing /home/airflow/.local/lib/python3.12/site-packages/airflow/example_dags/example_sla_dag.py took 0.034 seconds
[2024-05-22T04:42:08.921+0000] {processor.py:161} INFO - Started process (PID=29904) to work on /home/airflow/.local/lib/python3.12/site-packages/airflow/example_dags/example_sla_dag.py
[2024-05-22T04:42:08.921+0000] {processor.py:830} INFO - Processing file /home/airflow/.local/lib/python3.12/site-packages/airflow/example_dags/example_sla_dag.py for tasks to queue
[2024-05-22T04:42:08.922+0000] {logging_mixin.py:188} INFO - [2024-05-22T04:42:08.922+0000] {dagbag.py:545} INFO - Filling up the DagBag from /home/airflow/.local/lib/python3.12/site-packages/airflow/example_dags/example_sla_dag.py
[2024-05-22T04:42:08.926+0000] {processor.py:840} INFO - DAG(s) 'example_sla_dag' retrieved from /home/airflow/.local/lib/python3.12/site-packages/airflow/example_dags/example_sla_dag.py
[2024-05-22T04:42:08.934+0000] {logging_mixin.py:188} INFO - [2024-05-22T04:42:08.934+0000] {dag.py:3096} INFO - Sync 1 DAGs
[2024-05-22T04:42:08.943+0000] {logging_mixin.py:188} INFO - [2024-05-22T04:42:08.943+0000] {dag.py:3954} INFO - Setting next_dagrun for example_sla_dag to 2024-05-22 04:40:00+00:00, run_after=2024-05-22 04:42:00+00:00
[2024-05-22T04:42:08.950+0000] {processor.py:183} INFO - Processing /home/airflow/.local/lib/python3.12/site-packages/airflow/example_dags/example_sla_dag.py took 0.032 seconds
[2024-05-22T04:42:39.436+0000] {processor.py:161} INFO - Started process (PID=29962) to work on /home/airflow/.local/lib/python3.12/site-packages/airflow/example_dags/example_sla_dag.py
[2024-05-22T04:42:39.436+0000] {processor.py:830} INFO - Processing file /home/airflow/.local/lib/python3.12/site-packages/airflow/example_dags/example_sla_dag.py for tasks to queue
[2024-05-22T04:42:39.437+0000] {logging_mixin.py:188} INFO - [2024-05-22T04:42:39.437+0000] {dagbag.py:545} INFO - Filling up the DagBag from /home/airflow/.local/lib/python3.12/site-packages/airflow/example_dags/example_sla_dag.py
[2024-05-22T04:42:39.441+0000] {processor.py:840} INFO - DAG(s) 'example_sla_dag' retrieved from /home/airflow/.local/lib/python3.12/site-packages/airflow/example_dags/example_sla_dag.py
[2024-05-22T04:42:39.449+0000] {logging_mixin.py:188} INFO - [2024-05-22T04:42:39.449+0000] {dag.py:3096} INFO - Sync 1 DAGs
[2024-05-22T04:42:39.458+0000] {logging_mixin.py:188} INFO - [2024-05-22T04:42:39.458+0000] {dag.py:3954} INFO - Setting next_dagrun for example_sla_dag to 2024-05-22 04:40:00+00:00, run_after=2024-05-22 04:42:00+00:00
[2024-05-22T04:42:39.465+0000] {processor.py:183} INFO - Processing /home/airflow/.local/lib/python3.12/site-packages/airflow/example_dags/example_sla_dag.py took 0.032 seconds
[2024-05-22T05:33:33.848+0000] {processor.py:161} INFO - Started process (PID=30020) to work on /home/airflow/.local/lib/python3.12/site-packages/airflow/example_dags/example_sla_dag.py
[2024-05-22T05:33:33.849+0000] {processor.py:830} INFO - Processing file /home/airflow/.local/lib/python3.12/site-packages/airflow/example_dags/example_sla_dag.py for tasks to queue
[2024-05-22T05:33:33.849+0000] {logging_mixin.py:188} INFO - [2024-05-22T05:33:33.849+0000] {dagbag.py:545} INFO - Filling up the DagBag from /home/airflow/.local/lib/python3.12/site-packages/airflow/example_dags/example_sla_dag.py
[2024-05-22T05:33:33.853+0000] {processor.py:840} INFO - DAG(s) 'example_sla_dag' retrieved from /home/airflow/.local/lib/python3.12/site-packages/airflow/example_dags/example_sla_dag.py
[2024-05-22T05:33:33.862+0000] {logging_mixin.py:188} INFO - [2024-05-22T05:33:33.862+0000] {dag.py:3096} INFO - Sync 1 DAGs
[2024-05-22T05:33:33.870+0000] {logging_mixin.py:188} INFO - [2024-05-22T05:33:33.870+0000] {dag.py:3954} INFO - Setting next_dagrun for example_sla_dag to 2024-05-22 05:30:00+00:00, run_after=2024-05-22 05:32:00+00:00
[2024-05-22T05:33:33.876+0000] {processor.py:183} INFO - Processing /home/airflow/.local/lib/python3.12/site-packages/airflow/example_dags/example_sla_dag.py took 0.031 seconds
[2024-05-22T05:54:38.986+0000] {processor.py:161} INFO - Started process (PID=30078) to work on /home/airflow/.local/lib/python3.12/site-packages/airflow/example_dags/example_sla_dag.py
[2024-05-22T05:54:38.987+0000] {processor.py:830} INFO - Processing file /home/airflow/.local/lib/python3.12/site-packages/airflow/example_dags/example_sla_dag.py for tasks to queue
[2024-05-22T05:54:38.987+0000] {logging_mixin.py:188} INFO - [2024-05-22T05:54:38.987+0000] {dagbag.py:545} INFO - Filling up the DagBag from /home/airflow/.local/lib/python3.12/site-packages/airflow/example_dags/example_sla_dag.py
[2024-05-22T05:54:38.991+0000] {processor.py:840} INFO - DAG(s) 'example_sla_dag' retrieved from /home/airflow/.local/lib/python3.12/site-packages/airflow/example_dags/example_sla_dag.py
[2024-05-22T05:54:38.999+0000] {logging_mixin.py:188} INFO - [2024-05-22T05:54:38.999+0000] {dag.py:3096} INFO - Sync 1 DAGs
[2024-05-22T05:54:39.009+0000] {logging_mixin.py:188} INFO - [2024-05-22T05:54:39.009+0000] {dag.py:3954} INFO - Setting next_dagrun for example_sla_dag to 2024-05-22 05:52:00+00:00, run_after=2024-05-22 05:54:00+00:00
[2024-05-22T05:54:39.016+0000] {processor.py:183} INFO - Processing /home/airflow/.local/lib/python3.12/site-packages/airflow/example_dags/example_sla_dag.py took 0.034 seconds
[2024-05-22T06:02:12.162+0000] {processor.py:161} INFO - Started process (PID=30136) to work on /home/airflow/.local/lib/python3.12/site-packages/airflow/example_dags/example_sla_dag.py
[2024-05-22T06:02:12.162+0000] {processor.py:830} INFO - Processing file /home/airflow/.local/lib/python3.12/site-packages/airflow/example_dags/example_sla_dag.py for tasks to queue
[2024-05-22T06:02:12.163+0000] {logging_mixin.py:188} INFO - [2024-05-22T06:02:12.163+0000] {dagbag.py:545} INFO - Filling up the DagBag from /home/airflow/.local/lib/python3.12/site-packages/airflow/example_dags/example_sla_dag.py
[2024-05-22T06:02:12.167+0000] {processor.py:840} INFO - DAG(s) 'example_sla_dag' retrieved from /home/airflow/.local/lib/python3.12/site-packages/airflow/example_dags/example_sla_dag.py
[2024-05-22T06:02:12.176+0000] {logging_mixin.py:188} INFO - [2024-05-22T06:02:12.176+0000] {dag.py:3096} INFO - Sync 1 DAGs
[2024-05-22T06:02:12.186+0000] {logging_mixin.py:188} INFO - [2024-05-22T06:02:12.186+0000] {dag.py:3954} INFO - Setting next_dagrun for example_sla_dag to 2024-05-22 06:00:00+00:00, run_after=2024-05-22 06:02:00+00:00
[2024-05-22T06:02:12.193+0000] {processor.py:183} INFO - Processing /home/airflow/.local/lib/python3.12/site-packages/airflow/example_dags/example_sla_dag.py took 0.034 seconds
[2024-05-22T06:02:42.712+0000] {processor.py:161} INFO - Started process (PID=30194) to work on /home/airflow/.local/lib/python3.12/site-packages/airflow/example_dags/example_sla_dag.py
[2024-05-22T06:02:42.713+0000] {processor.py:830} INFO - Processing file /home/airflow/.local/lib/python3.12/site-packages/airflow/example_dags/example_sla_dag.py for tasks to queue
[2024-05-22T06:02:42.713+0000] {logging_mixin.py:188} INFO - [2024-05-22T06:02:42.713+0000] {dagbag.py:545} INFO - Filling up the DagBag from /home/airflow/.local/lib/python3.12/site-packages/airflow/example_dags/example_sla_dag.py
[2024-05-22T06:02:42.717+0000] {processor.py:840} INFO - DAG(s) 'example_sla_dag' retrieved from /home/airflow/.local/lib/python3.12/site-packages/airflow/example_dags/example_sla_dag.py
[2024-05-22T06:02:42.725+0000] {logging_mixin.py:188} INFO - [2024-05-22T06:02:42.725+0000] {dag.py:3096} INFO - Sync 1 DAGs
[2024-05-22T06:02:42.734+0000] {logging_mixin.py:188} INFO - [2024-05-22T06:02:42.734+0000] {dag.py:3954} INFO - Setting next_dagrun for example_sla_dag to 2024-05-22 06:00:00+00:00, run_after=2024-05-22 06:02:00+00:00
[2024-05-22T06:02:42.740+0000] {processor.py:183} INFO - Processing /home/airflow/.local/lib/python3.12/site-packages/airflow/example_dags/example_sla_dag.py took 0.031 seconds
[2024-05-22T06:43:17.008+0000] {processor.py:161} INFO - Started process (PID=30252) to work on /home/airflow/.local/lib/python3.12/site-packages/airflow/example_dags/example_sla_dag.py
[2024-05-22T06:43:17.009+0000] {processor.py:830} INFO - Processing file /home/airflow/.local/lib/python3.12/site-packages/airflow/example_dags/example_sla_dag.py for tasks to queue
[2024-05-22T06:43:17.010+0000] {logging_mixin.py:188} INFO - [2024-05-22T06:43:17.010+0000] {dagbag.py:545} INFO - Filling up the DagBag from /home/airflow/.local/lib/python3.12/site-packages/airflow/example_dags/example_sla_dag.py
[2024-05-22T06:43:17.014+0000] {processor.py:840} INFO - DAG(s) 'example_sla_dag' retrieved from /home/airflow/.local/lib/python3.12/site-packages/airflow/example_dags/example_sla_dag.py
[2024-05-22T06:43:17.022+0000] {logging_mixin.py:188} INFO - [2024-05-22T06:43:17.022+0000] {dag.py:3096} INFO - Sync 1 DAGs
[2024-05-22T06:43:17.032+0000] {logging_mixin.py:188} INFO - [2024-05-22T06:43:17.032+0000] {dag.py:3954} INFO - Setting next_dagrun for example_sla_dag to 2024-05-22 06:40:00+00:00, run_after=2024-05-22 06:42:00+00:00
[2024-05-22T06:43:17.039+0000] {processor.py:183} INFO - Processing /home/airflow/.local/lib/python3.12/site-packages/airflow/example_dags/example_sla_dag.py took 0.033 seconds
[2024-05-22T06:43:47.602+0000] {processor.py:161} INFO - Started process (PID=30310) to work on /home/airflow/.local/lib/python3.12/site-packages/airflow/example_dags/example_sla_dag.py
[2024-05-22T06:43:47.602+0000] {processor.py:830} INFO - Processing file /home/airflow/.local/lib/python3.12/site-packages/airflow/example_dags/example_sla_dag.py for tasks to queue
[2024-05-22T06:43:47.603+0000] {logging_mixin.py:188} INFO - [2024-05-22T06:43:47.603+0000] {dagbag.py:545} INFO - Filling up the DagBag from /home/airflow/.local/lib/python3.12/site-packages/airflow/example_dags/example_sla_dag.py
[2024-05-22T06:43:47.607+0000] {processor.py:840} INFO - DAG(s) 'example_sla_dag' retrieved from /home/airflow/.local/lib/python3.12/site-packages/airflow/example_dags/example_sla_dag.py
[2024-05-22T06:43:47.615+0000] {logging_mixin.py:188} INFO - [2024-05-22T06:43:47.615+0000] {dag.py:3096} INFO - Sync 1 DAGs
[2024-05-22T06:43:47.625+0000] {logging_mixin.py:188} INFO - [2024-05-22T06:43:47.625+0000] {dag.py:3954} INFO - Setting next_dagrun for example_sla_dag to 2024-05-22 06:40:00+00:00, run_after=2024-05-22 06:42:00+00:00
[2024-05-22T06:43:47.631+0000] {processor.py:183} INFO - Processing /home/airflow/.local/lib/python3.12/site-packages/airflow/example_dags/example_sla_dag.py took 0.032 seconds
[2024-05-22T07:00:24.098+0000] {processor.py:161} INFO - Started process (PID=30367) to work on /home/airflow/.local/lib/python3.12/site-packages/airflow/example_dags/example_sla_dag.py
[2024-05-22T07:00:24.098+0000] {processor.py:830} INFO - Processing file /home/airflow/.local/lib/python3.12/site-packages/airflow/example_dags/example_sla_dag.py for tasks to queue
[2024-05-22T07:00:24.099+0000] {logging_mixin.py:188} INFO - [2024-05-22T07:00:24.099+0000] {dagbag.py:545} INFO - Filling up the DagBag from /home/airflow/.local/lib/python3.12/site-packages/airflow/example_dags/example_sla_dag.py
[2024-05-22T07:00:24.103+0000] {processor.py:840} INFO - DAG(s) 'example_sla_dag' retrieved from /home/airflow/.local/lib/python3.12/site-packages/airflow/example_dags/example_sla_dag.py
[2024-05-22T07:00:24.111+0000] {logging_mixin.py:188} INFO - [2024-05-22T07:00:24.111+0000] {dag.py:3096} INFO - Sync 1 DAGs
[2024-05-22T07:00:24.121+0000] {logging_mixin.py:188} INFO - [2024-05-22T07:00:24.121+0000] {dag.py:3954} INFO - Setting next_dagrun for example_sla_dag to 2024-05-22 06:58:00+00:00, run_after=2024-05-22 07:00:00+00:00
[2024-05-22T07:00:24.128+0000] {processor.py:183} INFO - Processing /home/airflow/.local/lib/python3.12/site-packages/airflow/example_dags/example_sla_dag.py took 0.033 seconds
[2024-05-22T07:34:45.480+0000] {processor.py:161} INFO - Started process (PID=30425) to work on /home/airflow/.local/lib/python3.12/site-packages/airflow/example_dags/example_sla_dag.py
[2024-05-22T07:34:45.481+0000] {processor.py:830} INFO - Processing file /home/airflow/.local/lib/python3.12/site-packages/airflow/example_dags/example_sla_dag.py for tasks to queue
[2024-05-22T07:34:45.481+0000] {logging_mixin.py:188} INFO - [2024-05-22T07:34:45.481+0000] {dagbag.py:545} INFO - Filling up the DagBag from /home/airflow/.local/lib/python3.12/site-packages/airflow/example_dags/example_sla_dag.py
[2024-05-22T07:34:45.485+0000] {processor.py:840} INFO - DAG(s) 'example_sla_dag' retrieved from /home/airflow/.local/lib/python3.12/site-packages/airflow/example_dags/example_sla_dag.py
[2024-05-22T07:34:45.493+0000] {logging_mixin.py:188} INFO - [2024-05-22T07:34:45.493+0000] {dag.py:3096} INFO - Sync 1 DAGs
[2024-05-22T07:34:45.505+0000] {logging_mixin.py:188} INFO - [2024-05-22T07:34:45.505+0000] {dag.py:3954} INFO - Setting next_dagrun for example_sla_dag to 2024-05-22 07:32:00+00:00, run_after=2024-05-22 07:34:00+00:00
[2024-05-22T07:34:45.512+0000] {processor.py:183} INFO - Processing /home/airflow/.local/lib/python3.12/site-packages/airflow/example_dags/example_sla_dag.py took 0.034 seconds
