[2024-05-22T01:00:14.462+0000] {processor.py:161} INFO - Started process (PID=29668) to work on /home/airflow/.local/lib/python3.12/site-packages/airflow/example_dags/example_branch_labels.py
[2024-05-22T01:00:14.462+0000] {processor.py:830} INFO - Processing file /home/airflow/.local/lib/python3.12/site-packages/airflow/example_dags/example_branch_labels.py for tasks to queue
[2024-05-22T01:00:14.463+0000] {logging_mixin.py:188} INFO - [2024-05-22T01:00:14.463+0000] {dagbag.py:545} INFO - Filling up the DagBag from /home/airflow/.local/lib/python3.12/site-packages/airflow/example_dags/example_branch_labels.py
[2024-05-22T01:00:14.467+0000] {processor.py:840} INFO - DAG(s) 'example_branch_labels' retrieved from /home/airflow/.local/lib/python3.12/site-packages/airflow/example_dags/example_branch_labels.py
[2024-05-22T01:00:14.476+0000] {logging_mixin.py:188} INFO - [2024-05-22T01:00:14.476+0000] {dag.py:3096} INFO - Sync 1 DAGs
[2024-05-22T01:00:14.488+0000] {logging_mixin.py:188} INFO - [2024-05-22T01:00:14.488+0000] {dag.py:3954} INFO - Setting next_dagrun for example_branch_labels to 2024-05-21 00:00:00+00:00, run_after=2024-05-22 00:00:00+00:00
[2024-05-22T01:00:14.495+0000] {processor.py:183} INFO - Processing /home/airflow/.local/lib/python3.12/site-packages/airflow/example_dags/example_branch_labels.py took 0.036 seconds
[2024-05-22T02:26:34.557+0000] {processor.py:161} INFO - Started process (PID=29726) to work on /home/airflow/.local/lib/python3.12/site-packages/airflow/example_dags/example_branch_labels.py
[2024-05-22T02:26:34.558+0000] {processor.py:830} INFO - Processing file /home/airflow/.local/lib/python3.12/site-packages/airflow/example_dags/example_branch_labels.py for tasks to queue
[2024-05-22T02:26:34.559+0000] {logging_mixin.py:188} INFO - [2024-05-22T02:26:34.559+0000] {dagbag.py:545} INFO - Filling up the DagBag from /home/airflow/.local/lib/python3.12/site-packages/airflow/example_dags/example_branch_labels.py
[2024-05-22T02:26:34.562+0000] {processor.py:840} INFO - DAG(s) 'example_branch_labels' retrieved from /home/airflow/.local/lib/python3.12/site-packages/airflow/example_dags/example_branch_labels.py
[2024-05-22T02:26:34.572+0000] {logging_mixin.py:188} INFO - [2024-05-22T02:26:34.571+0000] {dag.py:3096} INFO - Sync 1 DAGs
[2024-05-22T02:26:34.581+0000] {logging_mixin.py:188} INFO - [2024-05-22T02:26:34.581+0000] {dag.py:3954} INFO - Setting next_dagrun for example_branch_labels to 2024-05-21 00:00:00+00:00, run_after=2024-05-22 00:00:00+00:00
[2024-05-22T02:26:34.589+0000] {processor.py:183} INFO - Processing /home/airflow/.local/lib/python3.12/site-packages/airflow/example_dags/example_branch_labels.py took 0.034 seconds
[2024-05-22T02:27:05.303+0000] {processor.py:161} INFO - Started process (PID=29784) to work on /home/airflow/.local/lib/python3.12/site-packages/airflow/example_dags/example_branch_labels.py
[2024-05-22T02:27:05.303+0000] {processor.py:830} INFO - Processing file /home/airflow/.local/lib/python3.12/site-packages/airflow/example_dags/example_branch_labels.py for tasks to queue
[2024-05-22T02:27:05.304+0000] {logging_mixin.py:188} INFO - [2024-05-22T02:27:05.304+0000] {dagbag.py:545} INFO - Filling up the DagBag from /home/airflow/.local/lib/python3.12/site-packages/airflow/example_dags/example_branch_labels.py
[2024-05-22T02:27:05.308+0000] {processor.py:840} INFO - DAG(s) 'example_branch_labels' retrieved from /home/airflow/.local/lib/python3.12/site-packages/airflow/example_dags/example_branch_labels.py
[2024-05-22T02:27:05.317+0000] {logging_mixin.py:188} INFO - [2024-05-22T02:27:05.317+0000] {dag.py:3096} INFO - Sync 1 DAGs
[2024-05-22T02:27:05.327+0000] {logging_mixin.py:188} INFO - [2024-05-22T02:27:05.326+0000] {dag.py:3954} INFO - Setting next_dagrun for example_branch_labels to 2024-05-21 00:00:00+00:00, run_after=2024-05-22 00:00:00+00:00
[2024-05-22T02:27:05.333+0000] {processor.py:183} INFO - Processing /home/airflow/.local/lib/python3.12/site-packages/airflow/example_dags/example_branch_labels.py took 0.033 seconds
[2024-05-22T03:16:29.387+0000] {processor.py:161} INFO - Started process (PID=29842) to work on /home/airflow/.local/lib/python3.12/site-packages/airflow/example_dags/example_branch_labels.py
[2024-05-22T03:16:29.388+0000] {processor.py:830} INFO - Processing file /home/airflow/.local/lib/python3.12/site-packages/airflow/example_dags/example_branch_labels.py for tasks to queue
[2024-05-22T03:16:29.389+0000] {logging_mixin.py:188} INFO - [2024-05-22T03:16:29.389+0000] {dagbag.py:545} INFO - Filling up the DagBag from /home/airflow/.local/lib/python3.12/site-packages/airflow/example_dags/example_branch_labels.py
[2024-05-22T03:16:29.392+0000] {processor.py:840} INFO - DAG(s) 'example_branch_labels' retrieved from /home/airflow/.local/lib/python3.12/site-packages/airflow/example_dags/example_branch_labels.py
[2024-05-22T03:16:29.400+0000] {logging_mixin.py:188} INFO - [2024-05-22T03:16:29.400+0000] {dag.py:3096} INFO - Sync 1 DAGs
[2024-05-22T03:16:29.409+0000] {logging_mixin.py:188} INFO - [2024-05-22T03:16:29.409+0000] {dag.py:3954} INFO - Setting next_dagrun for example_branch_labels to 2024-05-21 00:00:00+00:00, run_after=2024-05-22 00:00:00+00:00
[2024-05-22T03:16:29.415+0000] {processor.py:183} INFO - Processing /home/airflow/.local/lib/python3.12/site-packages/airflow/example_dags/example_branch_labels.py took 0.030 seconds
[2024-05-22T04:42:08.844+0000] {processor.py:161} INFO - Started process (PID=29900) to work on /home/airflow/.local/lib/python3.12/site-packages/airflow/example_dags/example_branch_labels.py
[2024-05-22T04:42:08.844+0000] {processor.py:830} INFO - Processing file /home/airflow/.local/lib/python3.12/site-packages/airflow/example_dags/example_branch_labels.py for tasks to queue
[2024-05-22T04:42:08.845+0000] {logging_mixin.py:188} INFO - [2024-05-22T04:42:08.845+0000] {dagbag.py:545} INFO - Filling up the DagBag from /home/airflow/.local/lib/python3.12/site-packages/airflow/example_dags/example_branch_labels.py
[2024-05-22T04:42:08.848+0000] {processor.py:840} INFO - DAG(s) 'example_branch_labels' retrieved from /home/airflow/.local/lib/python3.12/site-packages/airflow/example_dags/example_branch_labels.py
[2024-05-22T04:42:08.857+0000] {logging_mixin.py:188} INFO - [2024-05-22T04:42:08.857+0000] {dag.py:3096} INFO - Sync 1 DAGs
[2024-05-22T04:42:08.866+0000] {logging_mixin.py:188} INFO - [2024-05-22T04:42:08.866+0000] {dag.py:3954} INFO - Setting next_dagrun for example_branch_labels to 2024-05-21 00:00:00+00:00, run_after=2024-05-22 00:00:00+00:00
[2024-05-22T04:42:08.872+0000] {processor.py:183} INFO - Processing /home/airflow/.local/lib/python3.12/site-packages/airflow/example_dags/example_branch_labels.py took 0.032 seconds
[2024-05-22T04:42:39.346+0000] {processor.py:161} INFO - Started process (PID=29958) to work on /home/airflow/.local/lib/python3.12/site-packages/airflow/example_dags/example_branch_labels.py
[2024-05-22T04:42:39.347+0000] {processor.py:830} INFO - Processing file /home/airflow/.local/lib/python3.12/site-packages/airflow/example_dags/example_branch_labels.py for tasks to queue
[2024-05-22T04:42:39.347+0000] {logging_mixin.py:188} INFO - [2024-05-22T04:42:39.347+0000] {dagbag.py:545} INFO - Filling up the DagBag from /home/airflow/.local/lib/python3.12/site-packages/airflow/example_dags/example_branch_labels.py
[2024-05-22T04:42:39.351+0000] {processor.py:840} INFO - DAG(s) 'example_branch_labels' retrieved from /home/airflow/.local/lib/python3.12/site-packages/airflow/example_dags/example_branch_labels.py
[2024-05-22T04:42:39.366+0000] {logging_mixin.py:188} INFO - [2024-05-22T04:42:39.366+0000] {dag.py:3096} INFO - Sync 1 DAGs
[2024-05-22T04:42:39.375+0000] {logging_mixin.py:188} INFO - [2024-05-22T04:42:39.375+0000] {dag.py:3954} INFO - Setting next_dagrun for example_branch_labels to 2024-05-21 00:00:00+00:00, run_after=2024-05-22 00:00:00+00:00
[2024-05-22T04:42:39.383+0000] {processor.py:183} INFO - Processing /home/airflow/.local/lib/python3.12/site-packages/airflow/example_dags/example_branch_labels.py took 0.040 seconds
[2024-05-22T05:33:33.763+0000] {processor.py:161} INFO - Started process (PID=30016) to work on /home/airflow/.local/lib/python3.12/site-packages/airflow/example_dags/example_branch_labels.py
[2024-05-22T05:33:33.764+0000] {processor.py:830} INFO - Processing file /home/airflow/.local/lib/python3.12/site-packages/airflow/example_dags/example_branch_labels.py for tasks to queue
[2024-05-22T05:33:33.765+0000] {logging_mixin.py:188} INFO - [2024-05-22T05:33:33.765+0000] {dagbag.py:545} INFO - Filling up the DagBag from /home/airflow/.local/lib/python3.12/site-packages/airflow/example_dags/example_branch_labels.py
[2024-05-22T05:33:33.769+0000] {processor.py:840} INFO - DAG(s) 'example_branch_labels' retrieved from /home/airflow/.local/lib/python3.12/site-packages/airflow/example_dags/example_branch_labels.py
[2024-05-22T05:33:33.780+0000] {logging_mixin.py:188} INFO - [2024-05-22T05:33:33.780+0000] {dag.py:3096} INFO - Sync 1 DAGs
[2024-05-22T05:33:33.789+0000] {logging_mixin.py:188} INFO - [2024-05-22T05:33:33.789+0000] {dag.py:3954} INFO - Setting next_dagrun for example_branch_labels to 2024-05-21 00:00:00+00:00, run_after=2024-05-22 00:00:00+00:00
[2024-05-22T05:33:33.796+0000] {processor.py:183} INFO - Processing /home/airflow/.local/lib/python3.12/site-packages/airflow/example_dags/example_branch_labels.py took 0.036 seconds
[2024-05-22T05:54:38.900+0000] {processor.py:161} INFO - Started process (PID=30074) to work on /home/airflow/.local/lib/python3.12/site-packages/airflow/example_dags/example_branch_labels.py
[2024-05-22T05:54:38.901+0000] {processor.py:830} INFO - Processing file /home/airflow/.local/lib/python3.12/site-packages/airflow/example_dags/example_branch_labels.py for tasks to queue
[2024-05-22T05:54:38.902+0000] {logging_mixin.py:188} INFO - [2024-05-22T05:54:38.902+0000] {dagbag.py:545} INFO - Filling up the DagBag from /home/airflow/.local/lib/python3.12/site-packages/airflow/example_dags/example_branch_labels.py
[2024-05-22T05:54:38.906+0000] {processor.py:840} INFO - DAG(s) 'example_branch_labels' retrieved from /home/airflow/.local/lib/python3.12/site-packages/airflow/example_dags/example_branch_labels.py
[2024-05-22T05:54:38.915+0000] {logging_mixin.py:188} INFO - [2024-05-22T05:54:38.915+0000] {dag.py:3096} INFO - Sync 1 DAGs
[2024-05-22T05:54:38.925+0000] {logging_mixin.py:188} INFO - [2024-05-22T05:54:38.925+0000] {dag.py:3954} INFO - Setting next_dagrun for example_branch_labels to 2024-05-21 00:00:00+00:00, run_after=2024-05-22 00:00:00+00:00
[2024-05-22T05:54:38.931+0000] {processor.py:183} INFO - Processing /home/airflow/.local/lib/python3.12/site-packages/airflow/example_dags/example_branch_labels.py took 0.034 seconds
[2024-05-22T06:02:12.078+0000] {processor.py:161} INFO - Started process (PID=30132) to work on /home/airflow/.local/lib/python3.12/site-packages/airflow/example_dags/example_branch_labels.py
[2024-05-22T06:02:12.079+0000] {processor.py:830} INFO - Processing file /home/airflow/.local/lib/python3.12/site-packages/airflow/example_dags/example_branch_labels.py for tasks to queue
[2024-05-22T06:02:12.079+0000] {logging_mixin.py:188} INFO - [2024-05-22T06:02:12.079+0000] {dagbag.py:545} INFO - Filling up the DagBag from /home/airflow/.local/lib/python3.12/site-packages/airflow/example_dags/example_branch_labels.py
[2024-05-22T06:02:12.083+0000] {processor.py:840} INFO - DAG(s) 'example_branch_labels' retrieved from /home/airflow/.local/lib/python3.12/site-packages/airflow/example_dags/example_branch_labels.py
[2024-05-22T06:02:12.092+0000] {logging_mixin.py:188} INFO - [2024-05-22T06:02:12.092+0000] {dag.py:3096} INFO - Sync 1 DAGs
[2024-05-22T06:02:12.102+0000] {logging_mixin.py:188} INFO - [2024-05-22T06:02:12.102+0000] {dag.py:3954} INFO - Setting next_dagrun for example_branch_labels to 2024-05-21 00:00:00+00:00, run_after=2024-05-22 00:00:00+00:00
[2024-05-22T06:02:12.109+0000] {processor.py:183} INFO - Processing /home/airflow/.local/lib/python3.12/site-packages/airflow/example_dags/example_branch_labels.py took 0.034 seconds
[2024-05-22T06:02:42.598+0000] {processor.py:161} INFO - Started process (PID=30190) to work on /home/airflow/.local/lib/python3.12/site-packages/airflow/example_dags/example_branch_labels.py
[2024-05-22T06:02:42.599+0000] {processor.py:830} INFO - Processing file /home/airflow/.local/lib/python3.12/site-packages/airflow/example_dags/example_branch_labels.py for tasks to queue
[2024-05-22T06:02:42.600+0000] {logging_mixin.py:188} INFO - [2024-05-22T06:02:42.600+0000] {dagbag.py:545} INFO - Filling up the DagBag from /home/airflow/.local/lib/python3.12/site-packages/airflow/example_dags/example_branch_labels.py
[2024-05-22T06:02:42.603+0000] {processor.py:840} INFO - DAG(s) 'example_branch_labels' retrieved from /home/airflow/.local/lib/python3.12/site-packages/airflow/example_dags/example_branch_labels.py
[2024-05-22T06:02:42.612+0000] {logging_mixin.py:188} INFO - [2024-05-22T06:02:42.612+0000] {dag.py:3096} INFO - Sync 1 DAGs
[2024-05-22T06:02:42.621+0000] {logging_mixin.py:188} INFO - [2024-05-22T06:02:42.621+0000] {dag.py:3954} INFO - Setting next_dagrun for example_branch_labels to 2024-05-21 00:00:00+00:00, run_after=2024-05-22 00:00:00+00:00
[2024-05-22T06:02:42.627+0000] {processor.py:183} INFO - Processing /home/airflow/.local/lib/python3.12/site-packages/airflow/example_dags/example_branch_labels.py took 0.031 seconds
[2024-05-22T06:43:16.878+0000] {processor.py:161} INFO - Started process (PID=30248) to work on /home/airflow/.local/lib/python3.12/site-packages/airflow/example_dags/example_branch_labels.py
[2024-05-22T06:43:16.879+0000] {processor.py:830} INFO - Processing file /home/airflow/.local/lib/python3.12/site-packages/airflow/example_dags/example_branch_labels.py for tasks to queue
[2024-05-22T06:43:16.880+0000] {logging_mixin.py:188} INFO - [2024-05-22T06:43:16.880+0000] {dagbag.py:545} INFO - Filling up the DagBag from /home/airflow/.local/lib/python3.12/site-packages/airflow/example_dags/example_branch_labels.py
[2024-05-22T06:43:16.883+0000] {processor.py:840} INFO - DAG(s) 'example_branch_labels' retrieved from /home/airflow/.local/lib/python3.12/site-packages/airflow/example_dags/example_branch_labels.py
[2024-05-22T06:43:16.892+0000] {logging_mixin.py:188} INFO - [2024-05-22T06:43:16.892+0000] {dag.py:3096} INFO - Sync 1 DAGs
[2024-05-22T06:43:16.901+0000] {logging_mixin.py:188} INFO - [2024-05-22T06:43:16.901+0000] {dag.py:3954} INFO - Setting next_dagrun for example_branch_labels to 2024-05-21 00:00:00+00:00, run_after=2024-05-22 00:00:00+00:00
[2024-05-22T06:43:16.909+0000] {processor.py:183} INFO - Processing /home/airflow/.local/lib/python3.12/site-packages/airflow/example_dags/example_branch_labels.py took 0.033 seconds
[2024-05-22T06:43:47.490+0000] {processor.py:161} INFO - Started process (PID=30306) to work on /home/airflow/.local/lib/python3.12/site-packages/airflow/example_dags/example_branch_labels.py
[2024-05-22T06:43:47.491+0000] {processor.py:830} INFO - Processing file /home/airflow/.local/lib/python3.12/site-packages/airflow/example_dags/example_branch_labels.py for tasks to queue
[2024-05-22T06:43:47.492+0000] {logging_mixin.py:188} INFO - [2024-05-22T06:43:47.492+0000] {dagbag.py:545} INFO - Filling up the DagBag from /home/airflow/.local/lib/python3.12/site-packages/airflow/example_dags/example_branch_labels.py
[2024-05-22T06:43:47.495+0000] {processor.py:840} INFO - DAG(s) 'example_branch_labels' retrieved from /home/airflow/.local/lib/python3.12/site-packages/airflow/example_dags/example_branch_labels.py
[2024-05-22T06:43:47.504+0000] {logging_mixin.py:188} INFO - [2024-05-22T06:43:47.504+0000] {dag.py:3096} INFO - Sync 1 DAGs
[2024-05-22T06:43:47.513+0000] {logging_mixin.py:188} INFO - [2024-05-22T06:43:47.513+0000] {dag.py:3954} INFO - Setting next_dagrun for example_branch_labels to 2024-05-21 00:00:00+00:00, run_after=2024-05-22 00:00:00+00:00
[2024-05-22T06:43:47.519+0000] {processor.py:183} INFO - Processing /home/airflow/.local/lib/python3.12/site-packages/airflow/example_dags/example_branch_labels.py took 0.032 seconds
[2024-05-22T07:00:24.016+0000] {processor.py:161} INFO - Started process (PID=30363) to work on /home/airflow/.local/lib/python3.12/site-packages/airflow/example_dags/example_branch_labels.py
[2024-05-22T07:00:24.017+0000] {processor.py:830} INFO - Processing file /home/airflow/.local/lib/python3.12/site-packages/airflow/example_dags/example_branch_labels.py for tasks to queue
[2024-05-22T07:00:24.018+0000] {logging_mixin.py:188} INFO - [2024-05-22T07:00:24.018+0000] {dagbag.py:545} INFO - Filling up the DagBag from /home/airflow/.local/lib/python3.12/site-packages/airflow/example_dags/example_branch_labels.py
[2024-05-22T07:00:24.021+0000] {processor.py:840} INFO - DAG(s) 'example_branch_labels' retrieved from /home/airflow/.local/lib/python3.12/site-packages/airflow/example_dags/example_branch_labels.py
[2024-05-22T07:00:24.030+0000] {logging_mixin.py:188} INFO - [2024-05-22T07:00:24.030+0000] {dag.py:3096} INFO - Sync 1 DAGs
[2024-05-22T07:00:24.039+0000] {logging_mixin.py:188} INFO - [2024-05-22T07:00:24.039+0000] {dag.py:3954} INFO - Setting next_dagrun for example_branch_labels to 2024-05-21 00:00:00+00:00, run_after=2024-05-22 00:00:00+00:00
[2024-05-22T07:00:24.046+0000] {processor.py:183} INFO - Processing /home/airflow/.local/lib/python3.12/site-packages/airflow/example_dags/example_branch_labels.py took 0.033 seconds
[2024-05-22T07:34:45.400+0000] {processor.py:161} INFO - Started process (PID=30421) to work on /home/airflow/.local/lib/python3.12/site-packages/airflow/example_dags/example_branch_labels.py
[2024-05-22T07:34:45.401+0000] {processor.py:830} INFO - Processing file /home/airflow/.local/lib/python3.12/site-packages/airflow/example_dags/example_branch_labels.py for tasks to queue
[2024-05-22T07:34:45.402+0000] {logging_mixin.py:188} INFO - [2024-05-22T07:34:45.401+0000] {dagbag.py:545} INFO - Filling up the DagBag from /home/airflow/.local/lib/python3.12/site-packages/airflow/example_dags/example_branch_labels.py
[2024-05-22T07:34:45.405+0000] {processor.py:840} INFO - DAG(s) 'example_branch_labels' retrieved from /home/airflow/.local/lib/python3.12/site-packages/airflow/example_dags/example_branch_labels.py
[2024-05-22T07:34:45.414+0000] {logging_mixin.py:188} INFO - [2024-05-22T07:34:45.414+0000] {dag.py:3096} INFO - Sync 1 DAGs
[2024-05-22T07:34:45.423+0000] {logging_mixin.py:188} INFO - [2024-05-22T07:34:45.423+0000] {dag.py:3954} INFO - Setting next_dagrun for example_branch_labels to 2024-05-21 00:00:00+00:00, run_after=2024-05-22 00:00:00+00:00
[2024-05-22T07:34:45.429+0000] {processor.py:183} INFO - Processing /home/airflow/.local/lib/python3.12/site-packages/airflow/example_dags/example_branch_labels.py took 0.032 seconds
[2024-05-22T07:44:32.706+0000] {processor.py:161} INFO - Started process (PID=30479) to work on /home/airflow/.local/lib/python3.12/site-packages/airflow/example_dags/example_branch_labels.py
[2024-05-22T07:44:32.706+0000] {processor.py:830} INFO - Processing file /home/airflow/.local/lib/python3.12/site-packages/airflow/example_dags/example_branch_labels.py for tasks to queue
[2024-05-22T07:44:32.707+0000] {logging_mixin.py:188} INFO - [2024-05-22T07:44:32.707+0000] {dagbag.py:545} INFO - Filling up the DagBag from /home/airflow/.local/lib/python3.12/site-packages/airflow/example_dags/example_branch_labels.py
[2024-05-22T07:44:32.710+0000] {processor.py:840} INFO - DAG(s) 'example_branch_labels' retrieved from /home/airflow/.local/lib/python3.12/site-packages/airflow/example_dags/example_branch_labels.py
[2024-05-22T07:44:32.719+0000] {logging_mixin.py:188} INFO - [2024-05-22T07:44:32.719+0000] {dag.py:3096} INFO - Sync 1 DAGs
[2024-05-22T07:44:32.727+0000] {logging_mixin.py:188} INFO - [2024-05-22T07:44:32.727+0000] {dag.py:3954} INFO - Setting next_dagrun for example_branch_labels to 2024-05-21 00:00:00+00:00, run_after=2024-05-22 00:00:00+00:00
[2024-05-22T07:44:32.734+0000] {processor.py:183} INFO - Processing /home/airflow/.local/lib/python3.12/site-packages/airflow/example_dags/example_branch_labels.py took 0.031 seconds
