[2024-05-22T01:00:14.003+0000] {processor.py:161} INFO - Started process (PID=29652) to work on /home/airflow/.local/lib/python3.12/site-packages/airflow/example_dags/example_local_kubernetes_executor.py
[2024-05-22T01:00:14.003+0000] {processor.py:830} INFO - Processing file /home/airflow/.local/lib/python3.12/site-packages/airflow/example_dags/example_local_kubernetes_executor.py for tasks to queue
[2024-05-22T01:00:14.005+0000] {logging_mixin.py:188} INFO - [2024-05-22T01:00:14.004+0000] {dagbag.py:545} INFO - Filling up the DagBag from /home/airflow/.local/lib/python3.12/site-packages/airflow/example_dags/example_local_kubernetes_executor.py
[2024-05-22T01:00:14.010+0000] {processor.py:840} INFO - DAG(s) 'example_local_kubernetes_executor' retrieved from /home/airflow/.local/lib/python3.12/site-packages/airflow/example_dags/example_local_kubernetes_executor.py
[2024-05-22T01:00:14.029+0000] {logging_mixin.py:188} INFO - [2024-05-22T01:00:14.028+0000] {dag.py:3096} INFO - Sync 1 DAGs
[2024-05-22T01:00:14.034+0000] {logging_mixin.py:188} INFO - [2024-05-22T01:00:14.034+0000] {dag.py:3954} INFO - Setting next_dagrun for example_local_kubernetes_executor to None, run_after=None
[2024-05-22T01:00:14.043+0000] {processor.py:183} INFO - Processing /home/airflow/.local/lib/python3.12/site-packages/airflow/example_dags/example_local_kubernetes_executor.py took 0.044 seconds
[2024-05-22T02:26:34.195+0000] {processor.py:161} INFO - Started process (PID=29710) to work on /home/airflow/.local/lib/python3.12/site-packages/airflow/example_dags/example_local_kubernetes_executor.py
[2024-05-22T02:26:34.196+0000] {processor.py:830} INFO - Processing file /home/airflow/.local/lib/python3.12/site-packages/airflow/example_dags/example_local_kubernetes_executor.py for tasks to queue
[2024-05-22T02:26:34.197+0000] {logging_mixin.py:188} INFO - [2024-05-22T02:26:34.197+0000] {dagbag.py:545} INFO - Filling up the DagBag from /home/airflow/.local/lib/python3.12/site-packages/airflow/example_dags/example_local_kubernetes_executor.py
[2024-05-22T02:26:34.203+0000] {processor.py:840} INFO - DAG(s) 'example_local_kubernetes_executor' retrieved from /home/airflow/.local/lib/python3.12/site-packages/airflow/example_dags/example_local_kubernetes_executor.py
[2024-05-22T02:26:34.222+0000] {logging_mixin.py:188} INFO - [2024-05-22T02:26:34.222+0000] {dag.py:3096} INFO - Sync 1 DAGs
[2024-05-22T02:26:34.228+0000] {logging_mixin.py:188} INFO - [2024-05-22T02:26:34.228+0000] {dag.py:3954} INFO - Setting next_dagrun for example_local_kubernetes_executor to None, run_after=None
[2024-05-22T02:26:34.236+0000] {processor.py:183} INFO - Processing /home/airflow/.local/lib/python3.12/site-packages/airflow/example_dags/example_local_kubernetes_executor.py took 0.045 seconds
[2024-05-22T02:27:04.915+0000] {processor.py:161} INFO - Started process (PID=29768) to work on /home/airflow/.local/lib/python3.12/site-packages/airflow/example_dags/example_local_kubernetes_executor.py
[2024-05-22T02:27:04.916+0000] {processor.py:830} INFO - Processing file /home/airflow/.local/lib/python3.12/site-packages/airflow/example_dags/example_local_kubernetes_executor.py for tasks to queue
[2024-05-22T02:27:04.918+0000] {logging_mixin.py:188} INFO - [2024-05-22T02:27:04.918+0000] {dagbag.py:545} INFO - Filling up the DagBag from /home/airflow/.local/lib/python3.12/site-packages/airflow/example_dags/example_local_kubernetes_executor.py
[2024-05-22T02:27:04.929+0000] {processor.py:840} INFO - DAG(s) 'example_local_kubernetes_executor' retrieved from /home/airflow/.local/lib/python3.12/site-packages/airflow/example_dags/example_local_kubernetes_executor.py
[2024-05-22T02:27:04.952+0000] {logging_mixin.py:188} INFO - [2024-05-22T02:27:04.952+0000] {dag.py:3096} INFO - Sync 1 DAGs
[2024-05-22T02:27:04.958+0000] {logging_mixin.py:188} INFO - [2024-05-22T02:27:04.958+0000] {dag.py:3954} INFO - Setting next_dagrun for example_local_kubernetes_executor to None, run_after=None
[2024-05-22T02:27:04.966+0000] {processor.py:183} INFO - Processing /home/airflow/.local/lib/python3.12/site-packages/airflow/example_dags/example_local_kubernetes_executor.py took 0.059 seconds
[2024-05-22T03:16:29.037+0000] {processor.py:161} INFO - Started process (PID=29826) to work on /home/airflow/.local/lib/python3.12/site-packages/airflow/example_dags/example_local_kubernetes_executor.py
[2024-05-22T03:16:29.037+0000] {processor.py:830} INFO - Processing file /home/airflow/.local/lib/python3.12/site-packages/airflow/example_dags/example_local_kubernetes_executor.py for tasks to queue
[2024-05-22T03:16:29.039+0000] {logging_mixin.py:188} INFO - [2024-05-22T03:16:29.038+0000] {dagbag.py:545} INFO - Filling up the DagBag from /home/airflow/.local/lib/python3.12/site-packages/airflow/example_dags/example_local_kubernetes_executor.py
[2024-05-22T03:16:29.043+0000] {processor.py:840} INFO - DAG(s) 'example_local_kubernetes_executor' retrieved from /home/airflow/.local/lib/python3.12/site-packages/airflow/example_dags/example_local_kubernetes_executor.py
[2024-05-22T03:16:29.059+0000] {logging_mixin.py:188} INFO - [2024-05-22T03:16:29.059+0000] {dag.py:3096} INFO - Sync 1 DAGs
[2024-05-22T03:16:29.064+0000] {logging_mixin.py:188} INFO - [2024-05-22T03:16:29.064+0000] {dag.py:3954} INFO - Setting next_dagrun for example_local_kubernetes_executor to None, run_after=None
[2024-05-22T03:16:29.071+0000] {processor.py:183} INFO - Processing /home/airflow/.local/lib/python3.12/site-packages/airflow/example_dags/example_local_kubernetes_executor.py took 0.039 seconds
[2024-05-22T04:42:08.483+0000] {processor.py:161} INFO - Started process (PID=29884) to work on /home/airflow/.local/lib/python3.12/site-packages/airflow/example_dags/example_local_kubernetes_executor.py
[2024-05-22T04:42:08.483+0000] {processor.py:830} INFO - Processing file /home/airflow/.local/lib/python3.12/site-packages/airflow/example_dags/example_local_kubernetes_executor.py for tasks to queue
[2024-05-22T04:42:08.485+0000] {logging_mixin.py:188} INFO - [2024-05-22T04:42:08.484+0000] {dagbag.py:545} INFO - Filling up the DagBag from /home/airflow/.local/lib/python3.12/site-packages/airflow/example_dags/example_local_kubernetes_executor.py
[2024-05-22T04:42:08.489+0000] {processor.py:840} INFO - DAG(s) 'example_local_kubernetes_executor' retrieved from /home/airflow/.local/lib/python3.12/site-packages/airflow/example_dags/example_local_kubernetes_executor.py
[2024-05-22T04:42:08.507+0000] {logging_mixin.py:188} INFO - [2024-05-22T04:42:08.507+0000] {dag.py:3096} INFO - Sync 1 DAGs
[2024-05-22T04:42:08.513+0000] {logging_mixin.py:188} INFO - [2024-05-22T04:42:08.512+0000] {dag.py:3954} INFO - Setting next_dagrun for example_local_kubernetes_executor to None, run_after=None
[2024-05-22T04:42:08.520+0000] {processor.py:183} INFO - Processing /home/airflow/.local/lib/python3.12/site-packages/airflow/example_dags/example_local_kubernetes_executor.py took 0.041 seconds
[2024-05-22T04:42:38.981+0000] {processor.py:161} INFO - Started process (PID=29942) to work on /home/airflow/.local/lib/python3.12/site-packages/airflow/example_dags/example_local_kubernetes_executor.py
[2024-05-22T04:42:38.982+0000] {processor.py:830} INFO - Processing file /home/airflow/.local/lib/python3.12/site-packages/airflow/example_dags/example_local_kubernetes_executor.py for tasks to queue
[2024-05-22T04:42:38.984+0000] {logging_mixin.py:188} INFO - [2024-05-22T04:42:38.983+0000] {dagbag.py:545} INFO - Filling up the DagBag from /home/airflow/.local/lib/python3.12/site-packages/airflow/example_dags/example_local_kubernetes_executor.py
[2024-05-22T04:42:38.992+0000] {processor.py:840} INFO - DAG(s) 'example_local_kubernetes_executor' retrieved from /home/airflow/.local/lib/python3.12/site-packages/airflow/example_dags/example_local_kubernetes_executor.py
[2024-05-22T04:42:39.012+0000] {logging_mixin.py:188} INFO - [2024-05-22T04:42:39.012+0000] {dag.py:3096} INFO - Sync 1 DAGs
[2024-05-22T04:42:39.019+0000] {logging_mixin.py:188} INFO - [2024-05-22T04:42:39.018+0000] {dag.py:3954} INFO - Setting next_dagrun for example_local_kubernetes_executor to None, run_after=None
[2024-05-22T04:42:39.027+0000] {processor.py:183} INFO - Processing /home/airflow/.local/lib/python3.12/site-packages/airflow/example_dags/example_local_kubernetes_executor.py took 0.053 seconds
[2024-05-22T05:33:33.108+0000] {processor.py:161} INFO - Started process (PID=30000) to work on /home/airflow/.local/lib/python3.12/site-packages/airflow/example_dags/example_local_kubernetes_executor.py
[2024-05-22T05:33:33.109+0000] {processor.py:830} INFO - Processing file /home/airflow/.local/lib/python3.12/site-packages/airflow/example_dags/example_local_kubernetes_executor.py for tasks to queue
[2024-05-22T05:33:33.111+0000] {logging_mixin.py:188} INFO - [2024-05-22T05:33:33.111+0000] {dagbag.py:545} INFO - Filling up the DagBag from /home/airflow/.local/lib/python3.12/site-packages/airflow/example_dags/example_local_kubernetes_executor.py
[2024-05-22T05:33:33.118+0000] {processor.py:840} INFO - DAG(s) 'example_local_kubernetes_executor' retrieved from /home/airflow/.local/lib/python3.12/site-packages/airflow/example_dags/example_local_kubernetes_executor.py
[2024-05-22T05:33:33.137+0000] {logging_mixin.py:188} INFO - [2024-05-22T05:33:33.137+0000] {dag.py:3096} INFO - Sync 1 DAGs
[2024-05-22T05:33:33.143+0000] {logging_mixin.py:188} INFO - [2024-05-22T05:33:33.143+0000] {dag.py:3954} INFO - Setting next_dagrun for example_local_kubernetes_executor to None, run_after=None
[2024-05-22T05:33:33.151+0000] {processor.py:183} INFO - Processing /home/airflow/.local/lib/python3.12/site-packages/airflow/example_dags/example_local_kubernetes_executor.py took 0.047 seconds
[2024-05-22T05:54:38.386+0000] {processor.py:161} INFO - Started process (PID=30058) to work on /home/airflow/.local/lib/python3.12/site-packages/airflow/example_dags/example_local_kubernetes_executor.py
[2024-05-22T05:54:38.387+0000] {processor.py:830} INFO - Processing file /home/airflow/.local/lib/python3.12/site-packages/airflow/example_dags/example_local_kubernetes_executor.py for tasks to queue
[2024-05-22T05:54:38.390+0000] {logging_mixin.py:188} INFO - [2024-05-22T05:54:38.390+0000] {dagbag.py:545} INFO - Filling up the DagBag from /home/airflow/.local/lib/python3.12/site-packages/airflow/example_dags/example_local_kubernetes_executor.py
[2024-05-22T05:54:38.398+0000] {processor.py:840} INFO - DAG(s) 'example_local_kubernetes_executor' retrieved from /home/airflow/.local/lib/python3.12/site-packages/airflow/example_dags/example_local_kubernetes_executor.py
[2024-05-22T05:54:38.421+0000] {logging_mixin.py:188} INFO - [2024-05-22T05:54:38.420+0000] {dag.py:3096} INFO - Sync 1 DAGs
[2024-05-22T05:54:38.428+0000] {logging_mixin.py:188} INFO - [2024-05-22T05:54:38.427+0000] {dag.py:3954} INFO - Setting next_dagrun for example_local_kubernetes_executor to None, run_after=None
[2024-05-22T05:54:38.439+0000] {processor.py:183} INFO - Processing /home/airflow/.local/lib/python3.12/site-packages/airflow/example_dags/example_local_kubernetes_executor.py took 0.059 seconds
[2024-05-22T06:02:11.586+0000] {processor.py:161} INFO - Started process (PID=30116) to work on /home/airflow/.local/lib/python3.12/site-packages/airflow/example_dags/example_local_kubernetes_executor.py
[2024-05-22T06:02:11.589+0000] {processor.py:830} INFO - Processing file /home/airflow/.local/lib/python3.12/site-packages/airflow/example_dags/example_local_kubernetes_executor.py for tasks to queue
[2024-05-22T06:02:11.591+0000] {logging_mixin.py:188} INFO - [2024-05-22T06:02:11.590+0000] {dagbag.py:545} INFO - Filling up the DagBag from /home/airflow/.local/lib/python3.12/site-packages/airflow/example_dags/example_local_kubernetes_executor.py
[2024-05-22T06:02:11.599+0000] {processor.py:840} INFO - DAG(s) 'example_local_kubernetes_executor' retrieved from /home/airflow/.local/lib/python3.12/site-packages/airflow/example_dags/example_local_kubernetes_executor.py
[2024-05-22T06:02:11.627+0000] {logging_mixin.py:188} INFO - [2024-05-22T06:02:11.627+0000] {dag.py:3096} INFO - Sync 1 DAGs
[2024-05-22T06:02:11.635+0000] {logging_mixin.py:188} INFO - [2024-05-22T06:02:11.635+0000] {dag.py:3954} INFO - Setting next_dagrun for example_local_kubernetes_executor to None, run_after=None
[2024-05-22T06:02:11.645+0000] {processor.py:183} INFO - Processing /home/airflow/.local/lib/python3.12/site-packages/airflow/example_dags/example_local_kubernetes_executor.py took 0.065 seconds
[2024-05-22T06:02:42.194+0000] {processor.py:161} INFO - Started process (PID=30174) to work on /home/airflow/.local/lib/python3.12/site-packages/airflow/example_dags/example_local_kubernetes_executor.py
[2024-05-22T06:02:42.196+0000] {processor.py:830} INFO - Processing file /home/airflow/.local/lib/python3.12/site-packages/airflow/example_dags/example_local_kubernetes_executor.py for tasks to queue
[2024-05-22T06:02:42.197+0000] {logging_mixin.py:188} INFO - [2024-05-22T06:02:42.197+0000] {dagbag.py:545} INFO - Filling up the DagBag from /home/airflow/.local/lib/python3.12/site-packages/airflow/example_dags/example_local_kubernetes_executor.py
[2024-05-22T06:02:42.201+0000] {processor.py:840} INFO - DAG(s) 'example_local_kubernetes_executor' retrieved from /home/airflow/.local/lib/python3.12/site-packages/airflow/example_dags/example_local_kubernetes_executor.py
[2024-05-22T06:02:42.218+0000] {logging_mixin.py:188} INFO - [2024-05-22T06:02:42.218+0000] {dag.py:3096} INFO - Sync 1 DAGs
[2024-05-22T06:02:42.223+0000] {logging_mixin.py:188} INFO - [2024-05-22T06:02:42.223+0000] {dag.py:3954} INFO - Setting next_dagrun for example_local_kubernetes_executor to None, run_after=None
[2024-05-22T06:02:42.231+0000] {processor.py:183} INFO - Processing /home/airflow/.local/lib/python3.12/site-packages/airflow/example_dags/example_local_kubernetes_executor.py took 0.039 seconds
[2024-05-22T06:43:16.446+0000] {processor.py:161} INFO - Started process (PID=30232) to work on /home/airflow/.local/lib/python3.12/site-packages/airflow/example_dags/example_local_kubernetes_executor.py
[2024-05-22T06:43:16.447+0000] {processor.py:830} INFO - Processing file /home/airflow/.local/lib/python3.12/site-packages/airflow/example_dags/example_local_kubernetes_executor.py for tasks to queue
[2024-05-22T06:43:16.449+0000] {logging_mixin.py:188} INFO - [2024-05-22T06:43:16.449+0000] {dagbag.py:545} INFO - Filling up the DagBag from /home/airflow/.local/lib/python3.12/site-packages/airflow/example_dags/example_local_kubernetes_executor.py
[2024-05-22T06:43:16.456+0000] {processor.py:840} INFO - DAG(s) 'example_local_kubernetes_executor' retrieved from /home/airflow/.local/lib/python3.12/site-packages/airflow/example_dags/example_local_kubernetes_executor.py
[2024-05-22T06:43:16.474+0000] {logging_mixin.py:188} INFO - [2024-05-22T06:43:16.474+0000] {dag.py:3096} INFO - Sync 1 DAGs
[2024-05-22T06:43:16.480+0000] {logging_mixin.py:188} INFO - [2024-05-22T06:43:16.479+0000] {dag.py:3954} INFO - Setting next_dagrun for example_local_kubernetes_executor to None, run_after=None
[2024-05-22T06:43:16.488+0000] {processor.py:183} INFO - Processing /home/airflow/.local/lib/python3.12/site-packages/airflow/example_dags/example_local_kubernetes_executor.py took 0.047 seconds
[2024-05-22T06:43:47.118+0000] {processor.py:161} INFO - Started process (PID=30290) to work on /home/airflow/.local/lib/python3.12/site-packages/airflow/example_dags/example_local_kubernetes_executor.py
[2024-05-22T06:43:47.119+0000] {processor.py:830} INFO - Processing file /home/airflow/.local/lib/python3.12/site-packages/airflow/example_dags/example_local_kubernetes_executor.py for tasks to queue
[2024-05-22T06:43:47.121+0000] {logging_mixin.py:188} INFO - [2024-05-22T06:43:47.120+0000] {dagbag.py:545} INFO - Filling up the DagBag from /home/airflow/.local/lib/python3.12/site-packages/airflow/example_dags/example_local_kubernetes_executor.py
[2024-05-22T06:43:47.127+0000] {processor.py:840} INFO - DAG(s) 'example_local_kubernetes_executor' retrieved from /home/airflow/.local/lib/python3.12/site-packages/airflow/example_dags/example_local_kubernetes_executor.py
[2024-05-22T06:43:47.149+0000] {logging_mixin.py:188} INFO - [2024-05-22T06:43:47.148+0000] {dag.py:3096} INFO - Sync 1 DAGs
[2024-05-22T06:43:47.155+0000] {logging_mixin.py:188} INFO - [2024-05-22T06:43:47.155+0000] {dag.py:3954} INFO - Setting next_dagrun for example_local_kubernetes_executor to None, run_after=None
[2024-05-22T06:43:47.163+0000] {processor.py:183} INFO - Processing /home/airflow/.local/lib/python3.12/site-packages/airflow/example_dags/example_local_kubernetes_executor.py took 0.052 seconds
[2024-05-22T07:00:23.616+0000] {processor.py:161} INFO - Started process (PID=30347) to work on /home/airflow/.local/lib/python3.12/site-packages/airflow/example_dags/example_local_kubernetes_executor.py
[2024-05-22T07:00:23.617+0000] {processor.py:830} INFO - Processing file /home/airflow/.local/lib/python3.12/site-packages/airflow/example_dags/example_local_kubernetes_executor.py for tasks to queue
[2024-05-22T07:00:23.620+0000] {logging_mixin.py:188} INFO - [2024-05-22T07:00:23.619+0000] {dagbag.py:545} INFO - Filling up the DagBag from /home/airflow/.local/lib/python3.12/site-packages/airflow/example_dags/example_local_kubernetes_executor.py
[2024-05-22T07:00:23.627+0000] {processor.py:840} INFO - DAG(s) 'example_local_kubernetes_executor' retrieved from /home/airflow/.local/lib/python3.12/site-packages/airflow/example_dags/example_local_kubernetes_executor.py
[2024-05-22T07:00:23.649+0000] {logging_mixin.py:188} INFO - [2024-05-22T07:00:23.649+0000] {dag.py:3096} INFO - Sync 1 DAGs
[2024-05-22T07:00:23.655+0000] {logging_mixin.py:188} INFO - [2024-05-22T07:00:23.655+0000] {dag.py:3954} INFO - Setting next_dagrun for example_local_kubernetes_executor to None, run_after=None
[2024-05-22T07:00:23.671+0000] {processor.py:183} INFO - Processing /home/airflow/.local/lib/python3.12/site-packages/airflow/example_dags/example_local_kubernetes_executor.py took 0.059 seconds
[2024-05-22T07:34:45.014+0000] {processor.py:161} INFO - Started process (PID=30405) to work on /home/airflow/.local/lib/python3.12/site-packages/airflow/example_dags/example_local_kubernetes_executor.py
[2024-05-22T07:34:45.015+0000] {processor.py:830} INFO - Processing file /home/airflow/.local/lib/python3.12/site-packages/airflow/example_dags/example_local_kubernetes_executor.py for tasks to queue
[2024-05-22T07:34:45.016+0000] {logging_mixin.py:188} INFO - [2024-05-22T07:34:45.016+0000] {dagbag.py:545} INFO - Filling up the DagBag from /home/airflow/.local/lib/python3.12/site-packages/airflow/example_dags/example_local_kubernetes_executor.py
[2024-05-22T07:34:45.021+0000] {processor.py:840} INFO - DAG(s) 'example_local_kubernetes_executor' retrieved from /home/airflow/.local/lib/python3.12/site-packages/airflow/example_dags/example_local_kubernetes_executor.py
[2024-05-22T07:34:45.039+0000] {logging_mixin.py:188} INFO - [2024-05-22T07:34:45.038+0000] {dag.py:3096} INFO - Sync 1 DAGs
[2024-05-22T07:34:45.045+0000] {logging_mixin.py:188} INFO - [2024-05-22T07:34:45.045+0000] {dag.py:3954} INFO - Setting next_dagrun for example_local_kubernetes_executor to None, run_after=None
[2024-05-22T07:34:45.054+0000] {processor.py:183} INFO - Processing /home/airflow/.local/lib/python3.12/site-packages/airflow/example_dags/example_local_kubernetes_executor.py took 0.043 seconds
[2024-05-22T07:44:32.316+0000] {processor.py:161} INFO - Started process (PID=30463) to work on /home/airflow/.local/lib/python3.12/site-packages/airflow/example_dags/example_local_kubernetes_executor.py
[2024-05-22T07:44:32.318+0000] {processor.py:830} INFO - Processing file /home/airflow/.local/lib/python3.12/site-packages/airflow/example_dags/example_local_kubernetes_executor.py for tasks to queue
[2024-05-22T07:44:32.320+0000] {logging_mixin.py:188} INFO - [2024-05-22T07:44:32.320+0000] {dagbag.py:545} INFO - Filling up the DagBag from /home/airflow/.local/lib/python3.12/site-packages/airflow/example_dags/example_local_kubernetes_executor.py
[2024-05-22T07:44:32.328+0000] {processor.py:840} INFO - DAG(s) 'example_local_kubernetes_executor' retrieved from /home/airflow/.local/lib/python3.12/site-packages/airflow/example_dags/example_local_kubernetes_executor.py
[2024-05-22T07:44:32.346+0000] {logging_mixin.py:188} INFO - [2024-05-22T07:44:32.346+0000] {dag.py:3096} INFO - Sync 1 DAGs
[2024-05-22T07:44:32.359+0000] {logging_mixin.py:188} INFO - [2024-05-22T07:44:32.358+0000] {dag.py:3954} INFO - Setting next_dagrun for example_local_kubernetes_executor to None, run_after=None
[2024-05-22T07:44:32.371+0000] {processor.py:183} INFO - Processing /home/airflow/.local/lib/python3.12/site-packages/airflow/example_dags/example_local_kubernetes_executor.py took 0.059 seconds
