[2024-05-22T01:00:14.814+0000] {processor.py:161} INFO - Started process (PID=29681) to work on /home/airflow/.local/lib/python3.12/site-packages/airflow/example_dags/example_skip_dag.py
[2024-05-22T01:00:14.814+0000] {processor.py:830} INFO - Processing file /home/airflow/.local/lib/python3.12/site-packages/airflow/example_dags/example_skip_dag.py for tasks to queue
[2024-05-22T01:00:14.815+0000] {logging_mixin.py:188} INFO - [2024-05-22T01:00:14.815+0000] {dagbag.py:545} INFO - Filling up the DagBag from /home/airflow/.local/lib/python3.12/site-packages/airflow/example_dags/example_skip_dag.py
[2024-05-22T01:00:14.818+0000] {processor.py:840} INFO - DAG(s) 'example_skip_dag' retrieved from /home/airflow/.local/lib/python3.12/site-packages/airflow/example_dags/example_skip_dag.py
[2024-05-22T01:00:14.827+0000] {logging_mixin.py:188} INFO - [2024-05-22T01:00:14.827+0000] {dag.py:3096} INFO - Sync 1 DAGs
[2024-05-22T01:00:14.837+0000] {logging_mixin.py:188} INFO - [2024-05-22T01:00:14.837+0000] {dag.py:3954} INFO - Setting next_dagrun for example_skip_dag to 2024-05-21 00:00:00+00:00, run_after=2024-05-22 00:00:00+00:00
[2024-05-22T01:00:14.844+0000] {processor.py:183} INFO - Processing /home/airflow/.local/lib/python3.12/site-packages/airflow/example_dags/example_skip_dag.py took 0.033 seconds
[2024-05-22T02:26:34.851+0000] {processor.py:161} INFO - Started process (PID=29739) to work on /home/airflow/.local/lib/python3.12/site-packages/airflow/example_dags/example_skip_dag.py
[2024-05-22T02:26:34.851+0000] {processor.py:830} INFO - Processing file /home/airflow/.local/lib/python3.12/site-packages/airflow/example_dags/example_skip_dag.py for tasks to queue
[2024-05-22T02:26:34.852+0000] {logging_mixin.py:188} INFO - [2024-05-22T02:26:34.852+0000] {dagbag.py:545} INFO - Filling up the DagBag from /home/airflow/.local/lib/python3.12/site-packages/airflow/example_dags/example_skip_dag.py
[2024-05-22T02:26:34.855+0000] {processor.py:840} INFO - DAG(s) 'example_skip_dag' retrieved from /home/airflow/.local/lib/python3.12/site-packages/airflow/example_dags/example_skip_dag.py
[2024-05-22T02:26:34.865+0000] {logging_mixin.py:188} INFO - [2024-05-22T02:26:34.865+0000] {dag.py:3096} INFO - Sync 1 DAGs
[2024-05-22T02:26:34.874+0000] {logging_mixin.py:188} INFO - [2024-05-22T02:26:34.874+0000] {dag.py:3954} INFO - Setting next_dagrun for example_skip_dag to 2024-05-21 00:00:00+00:00, run_after=2024-05-22 00:00:00+00:00
[2024-05-22T02:26:34.881+0000] {processor.py:183} INFO - Processing /home/airflow/.local/lib/python3.12/site-packages/airflow/example_dags/example_skip_dag.py took 0.033 seconds
[2024-05-22T02:27:05.594+0000] {processor.py:161} INFO - Started process (PID=29797) to work on /home/airflow/.local/lib/python3.12/site-packages/airflow/example_dags/example_skip_dag.py
[2024-05-22T02:27:05.595+0000] {processor.py:830} INFO - Processing file /home/airflow/.local/lib/python3.12/site-packages/airflow/example_dags/example_skip_dag.py for tasks to queue
[2024-05-22T02:27:05.596+0000] {logging_mixin.py:188} INFO - [2024-05-22T02:27:05.596+0000] {dagbag.py:545} INFO - Filling up the DagBag from /home/airflow/.local/lib/python3.12/site-packages/airflow/example_dags/example_skip_dag.py
[2024-05-22T02:27:05.599+0000] {processor.py:840} INFO - DAG(s) 'example_skip_dag' retrieved from /home/airflow/.local/lib/python3.12/site-packages/airflow/example_dags/example_skip_dag.py
[2024-05-22T02:27:05.608+0000] {logging_mixin.py:188} INFO - [2024-05-22T02:27:05.608+0000] {dag.py:3096} INFO - Sync 1 DAGs
[2024-05-22T02:27:05.617+0000] {logging_mixin.py:188} INFO - [2024-05-22T02:27:05.616+0000] {dag.py:3954} INFO - Setting next_dagrun for example_skip_dag to 2024-05-21 00:00:00+00:00, run_after=2024-05-22 00:00:00+00:00
[2024-05-22T02:27:05.623+0000] {processor.py:183} INFO - Processing /home/airflow/.local/lib/python3.12/site-packages/airflow/example_dags/example_skip_dag.py took 0.032 seconds
[2024-05-22T03:16:29.728+0000] {processor.py:161} INFO - Started process (PID=29855) to work on /home/airflow/.local/lib/python3.12/site-packages/airflow/example_dags/example_skip_dag.py
[2024-05-22T03:16:29.729+0000] {processor.py:830} INFO - Processing file /home/airflow/.local/lib/python3.12/site-packages/airflow/example_dags/example_skip_dag.py for tasks to queue
[2024-05-22T03:16:29.730+0000] {logging_mixin.py:188} INFO - [2024-05-22T03:16:29.730+0000] {dagbag.py:545} INFO - Filling up the DagBag from /home/airflow/.local/lib/python3.12/site-packages/airflow/example_dags/example_skip_dag.py
[2024-05-22T03:16:29.732+0000] {processor.py:840} INFO - DAG(s) 'example_skip_dag' retrieved from /home/airflow/.local/lib/python3.12/site-packages/airflow/example_dags/example_skip_dag.py
[2024-05-22T03:16:29.741+0000] {logging_mixin.py:188} INFO - [2024-05-22T03:16:29.741+0000] {dag.py:3096} INFO - Sync 1 DAGs
[2024-05-22T03:16:29.750+0000] {logging_mixin.py:188} INFO - [2024-05-22T03:16:29.750+0000] {dag.py:3954} INFO - Setting next_dagrun for example_skip_dag to 2024-05-21 00:00:00+00:00, run_after=2024-05-22 00:00:00+00:00
[2024-05-22T03:16:29.757+0000] {processor.py:183} INFO - Processing /home/airflow/.local/lib/python3.12/site-packages/airflow/example_dags/example_skip_dag.py took 0.032 seconds
[2024-05-22T04:42:09.152+0000] {processor.py:161} INFO - Started process (PID=29913) to work on /home/airflow/.local/lib/python3.12/site-packages/airflow/example_dags/example_skip_dag.py
[2024-05-22T04:42:09.152+0000] {processor.py:830} INFO - Processing file /home/airflow/.local/lib/python3.12/site-packages/airflow/example_dags/example_skip_dag.py for tasks to queue
[2024-05-22T04:42:09.153+0000] {logging_mixin.py:188} INFO - [2024-05-22T04:42:09.153+0000] {dagbag.py:545} INFO - Filling up the DagBag from /home/airflow/.local/lib/python3.12/site-packages/airflow/example_dags/example_skip_dag.py
[2024-05-22T04:42:09.156+0000] {processor.py:840} INFO - DAG(s) 'example_skip_dag' retrieved from /home/airflow/.local/lib/python3.12/site-packages/airflow/example_dags/example_skip_dag.py
[2024-05-22T04:42:09.168+0000] {logging_mixin.py:188} INFO - [2024-05-22T04:42:09.168+0000] {dag.py:3096} INFO - Sync 1 DAGs
[2024-05-22T04:42:09.177+0000] {logging_mixin.py:188} INFO - [2024-05-22T04:42:09.177+0000] {dag.py:3954} INFO - Setting next_dagrun for example_skip_dag to 2024-05-21 00:00:00+00:00, run_after=2024-05-22 00:00:00+00:00
[2024-05-22T04:42:09.184+0000] {processor.py:183} INFO - Processing /home/airflow/.local/lib/python3.12/site-packages/airflow/example_dags/example_skip_dag.py took 0.035 seconds
[2024-05-22T04:42:39.647+0000] {processor.py:161} INFO - Started process (PID=29971) to work on /home/airflow/.local/lib/python3.12/site-packages/airflow/example_dags/example_skip_dag.py
[2024-05-22T04:42:39.647+0000] {processor.py:830} INFO - Processing file /home/airflow/.local/lib/python3.12/site-packages/airflow/example_dags/example_skip_dag.py for tasks to queue
[2024-05-22T04:42:39.648+0000] {logging_mixin.py:188} INFO - [2024-05-22T04:42:39.648+0000] {dagbag.py:545} INFO - Filling up the DagBag from /home/airflow/.local/lib/python3.12/site-packages/airflow/example_dags/example_skip_dag.py
[2024-05-22T04:42:39.651+0000] {processor.py:840} INFO - DAG(s) 'example_skip_dag' retrieved from /home/airflow/.local/lib/python3.12/site-packages/airflow/example_dags/example_skip_dag.py
[2024-05-22T04:42:39.660+0000] {logging_mixin.py:188} INFO - [2024-05-22T04:42:39.660+0000] {dag.py:3096} INFO - Sync 1 DAGs
[2024-05-22T04:42:39.668+0000] {logging_mixin.py:188} INFO - [2024-05-22T04:42:39.668+0000] {dag.py:3954} INFO - Setting next_dagrun for example_skip_dag to 2024-05-21 00:00:00+00:00, run_after=2024-05-22 00:00:00+00:00
[2024-05-22T04:42:39.674+0000] {processor.py:183} INFO - Processing /home/airflow/.local/lib/python3.12/site-packages/airflow/example_dags/example_skip_dag.py took 0.030 seconds
[2024-05-22T05:33:34.069+0000] {processor.py:161} INFO - Started process (PID=30029) to work on /home/airflow/.local/lib/python3.12/site-packages/airflow/example_dags/example_skip_dag.py
[2024-05-22T05:33:34.070+0000] {processor.py:830} INFO - Processing file /home/airflow/.local/lib/python3.12/site-packages/airflow/example_dags/example_skip_dag.py for tasks to queue
[2024-05-22T05:33:34.071+0000] {logging_mixin.py:188} INFO - [2024-05-22T05:33:34.071+0000] {dagbag.py:545} INFO - Filling up the DagBag from /home/airflow/.local/lib/python3.12/site-packages/airflow/example_dags/example_skip_dag.py
[2024-05-22T05:33:34.074+0000] {processor.py:840} INFO - DAG(s) 'example_skip_dag' retrieved from /home/airflow/.local/lib/python3.12/site-packages/airflow/example_dags/example_skip_dag.py
[2024-05-22T05:33:34.083+0000] {logging_mixin.py:188} INFO - [2024-05-22T05:33:34.083+0000] {dag.py:3096} INFO - Sync 1 DAGs
[2024-05-22T05:33:34.092+0000] {logging_mixin.py:188} INFO - [2024-05-22T05:33:34.092+0000] {dag.py:3954} INFO - Setting next_dagrun for example_skip_dag to 2024-05-21 00:00:00+00:00, run_after=2024-05-22 00:00:00+00:00
[2024-05-22T05:33:34.098+0000] {processor.py:183} INFO - Processing /home/airflow/.local/lib/python3.12/site-packages/airflow/example_dags/example_skip_dag.py took 0.031 seconds
[2024-05-22T05:54:39.218+0000] {processor.py:161} INFO - Started process (PID=30087) to work on /home/airflow/.local/lib/python3.12/site-packages/airflow/example_dags/example_skip_dag.py
[2024-05-22T05:54:39.219+0000] {processor.py:830} INFO - Processing file /home/airflow/.local/lib/python3.12/site-packages/airflow/example_dags/example_skip_dag.py for tasks to queue
[2024-05-22T05:54:39.220+0000] {logging_mixin.py:188} INFO - [2024-05-22T05:54:39.220+0000] {dagbag.py:545} INFO - Filling up the DagBag from /home/airflow/.local/lib/python3.12/site-packages/airflow/example_dags/example_skip_dag.py
[2024-05-22T05:54:39.223+0000] {processor.py:840} INFO - DAG(s) 'example_skip_dag' retrieved from /home/airflow/.local/lib/python3.12/site-packages/airflow/example_dags/example_skip_dag.py
[2024-05-22T05:54:39.232+0000] {logging_mixin.py:188} INFO - [2024-05-22T05:54:39.232+0000] {dag.py:3096} INFO - Sync 1 DAGs
[2024-05-22T05:54:39.241+0000] {logging_mixin.py:188} INFO - [2024-05-22T05:54:39.241+0000] {dag.py:3954} INFO - Setting next_dagrun for example_skip_dag to 2024-05-21 00:00:00+00:00, run_after=2024-05-22 00:00:00+00:00
[2024-05-22T05:54:39.247+0000] {processor.py:183} INFO - Processing /home/airflow/.local/lib/python3.12/site-packages/airflow/example_dags/example_skip_dag.py took 0.032 seconds
[2024-05-22T06:02:12.412+0000] {processor.py:161} INFO - Started process (PID=30145) to work on /home/airflow/.local/lib/python3.12/site-packages/airflow/example_dags/example_skip_dag.py
[2024-05-22T06:02:12.412+0000] {processor.py:830} INFO - Processing file /home/airflow/.local/lib/python3.12/site-packages/airflow/example_dags/example_skip_dag.py for tasks to queue
[2024-05-22T06:02:12.413+0000] {logging_mixin.py:188} INFO - [2024-05-22T06:02:12.413+0000] {dagbag.py:545} INFO - Filling up the DagBag from /home/airflow/.local/lib/python3.12/site-packages/airflow/example_dags/example_skip_dag.py
[2024-05-22T06:02:12.416+0000] {processor.py:840} INFO - DAG(s) 'example_skip_dag' retrieved from /home/airflow/.local/lib/python3.12/site-packages/airflow/example_dags/example_skip_dag.py
[2024-05-22T06:02:12.425+0000] {logging_mixin.py:188} INFO - [2024-05-22T06:02:12.425+0000] {dag.py:3096} INFO - Sync 1 DAGs
[2024-05-22T06:02:12.434+0000] {logging_mixin.py:188} INFO - [2024-05-22T06:02:12.434+0000] {dag.py:3954} INFO - Setting next_dagrun for example_skip_dag to 2024-05-21 00:00:00+00:00, run_after=2024-05-22 00:00:00+00:00
[2024-05-22T06:02:12.441+0000] {processor.py:183} INFO - Processing /home/airflow/.local/lib/python3.12/site-packages/airflow/example_dags/example_skip_dag.py took 0.032 seconds
[2024-05-22T06:02:42.963+0000] {processor.py:161} INFO - Started process (PID=30203) to work on /home/airflow/.local/lib/python3.12/site-packages/airflow/example_dags/example_skip_dag.py
[2024-05-22T06:02:42.964+0000] {processor.py:830} INFO - Processing file /home/airflow/.local/lib/python3.12/site-packages/airflow/example_dags/example_skip_dag.py for tasks to queue
[2024-05-22T06:02:42.965+0000] {logging_mixin.py:188} INFO - [2024-05-22T06:02:42.965+0000] {dagbag.py:545} INFO - Filling up the DagBag from /home/airflow/.local/lib/python3.12/site-packages/airflow/example_dags/example_skip_dag.py
[2024-05-22T06:02:42.968+0000] {processor.py:840} INFO - DAG(s) 'example_skip_dag' retrieved from /home/airflow/.local/lib/python3.12/site-packages/airflow/example_dags/example_skip_dag.py
[2024-05-22T06:02:42.977+0000] {logging_mixin.py:188} INFO - [2024-05-22T06:02:42.977+0000] {dag.py:3096} INFO - Sync 1 DAGs
[2024-05-22T06:02:42.986+0000] {logging_mixin.py:188} INFO - [2024-05-22T06:02:42.986+0000] {dag.py:3954} INFO - Setting next_dagrun for example_skip_dag to 2024-05-21 00:00:00+00:00, run_after=2024-05-22 00:00:00+00:00
[2024-05-22T06:02:42.993+0000] {processor.py:183} INFO - Processing /home/airflow/.local/lib/python3.12/site-packages/airflow/example_dags/example_skip_dag.py took 0.032 seconds
[2024-05-22T06:43:17.271+0000] {processor.py:161} INFO - Started process (PID=30261) to work on /home/airflow/.local/lib/python3.12/site-packages/airflow/example_dags/example_skip_dag.py
[2024-05-22T06:43:17.272+0000] {processor.py:830} INFO - Processing file /home/airflow/.local/lib/python3.12/site-packages/airflow/example_dags/example_skip_dag.py for tasks to queue
[2024-05-22T06:43:17.273+0000] {logging_mixin.py:188} INFO - [2024-05-22T06:43:17.273+0000] {dagbag.py:545} INFO - Filling up the DagBag from /home/airflow/.local/lib/python3.12/site-packages/airflow/example_dags/example_skip_dag.py
[2024-05-22T06:43:17.277+0000] {processor.py:840} INFO - DAG(s) 'example_skip_dag' retrieved from /home/airflow/.local/lib/python3.12/site-packages/airflow/example_dags/example_skip_dag.py
[2024-05-22T06:43:17.288+0000] {logging_mixin.py:188} INFO - [2024-05-22T06:43:17.288+0000] {dag.py:3096} INFO - Sync 1 DAGs
[2024-05-22T06:43:17.298+0000] {logging_mixin.py:188} INFO - [2024-05-22T06:43:17.298+0000] {dag.py:3954} INFO - Setting next_dagrun for example_skip_dag to 2024-05-21 00:00:00+00:00, run_after=2024-05-22 00:00:00+00:00
[2024-05-22T06:43:17.306+0000] {processor.py:183} INFO - Processing /home/airflow/.local/lib/python3.12/site-packages/airflow/example_dags/example_skip_dag.py took 0.038 seconds
[2024-05-22T06:43:47.805+0000] {processor.py:161} INFO - Started process (PID=30319) to work on /home/airflow/.local/lib/python3.12/site-packages/airflow/example_dags/example_skip_dag.py
[2024-05-22T06:43:47.805+0000] {processor.py:830} INFO - Processing file /home/airflow/.local/lib/python3.12/site-packages/airflow/example_dags/example_skip_dag.py for tasks to queue
[2024-05-22T06:43:47.806+0000] {logging_mixin.py:188} INFO - [2024-05-22T06:43:47.806+0000] {dagbag.py:545} INFO - Filling up the DagBag from /home/airflow/.local/lib/python3.12/site-packages/airflow/example_dags/example_skip_dag.py
[2024-05-22T06:43:47.809+0000] {processor.py:840} INFO - DAG(s) 'example_skip_dag' retrieved from /home/airflow/.local/lib/python3.12/site-packages/airflow/example_dags/example_skip_dag.py
[2024-05-22T06:43:47.817+0000] {logging_mixin.py:188} INFO - [2024-05-22T06:43:47.817+0000] {dag.py:3096} INFO - Sync 1 DAGs
[2024-05-22T06:43:47.826+0000] {logging_mixin.py:188} INFO - [2024-05-22T06:43:47.826+0000] {dag.py:3954} INFO - Setting next_dagrun for example_skip_dag to 2024-05-21 00:00:00+00:00, run_after=2024-05-22 00:00:00+00:00
[2024-05-22T06:43:47.832+0000] {processor.py:183} INFO - Processing /home/airflow/.local/lib/python3.12/site-packages/airflow/example_dags/example_skip_dag.py took 0.030 seconds
[2024-05-22T07:00:24.381+0000] {processor.py:161} INFO - Started process (PID=30376) to work on /home/airflow/.local/lib/python3.12/site-packages/airflow/example_dags/example_skip_dag.py
[2024-05-22T07:00:24.381+0000] {processor.py:830} INFO - Processing file /home/airflow/.local/lib/python3.12/site-packages/airflow/example_dags/example_skip_dag.py for tasks to queue
[2024-05-22T07:00:24.382+0000] {logging_mixin.py:188} INFO - [2024-05-22T07:00:24.382+0000] {dagbag.py:545} INFO - Filling up the DagBag from /home/airflow/.local/lib/python3.12/site-packages/airflow/example_dags/example_skip_dag.py
[2024-05-22T07:00:24.386+0000] {processor.py:840} INFO - DAG(s) 'example_skip_dag' retrieved from /home/airflow/.local/lib/python3.12/site-packages/airflow/example_dags/example_skip_dag.py
[2024-05-22T07:00:24.396+0000] {logging_mixin.py:188} INFO - [2024-05-22T07:00:24.396+0000] {dag.py:3096} INFO - Sync 1 DAGs
[2024-05-22T07:00:24.406+0000] {logging_mixin.py:188} INFO - [2024-05-22T07:00:24.405+0000] {dag.py:3954} INFO - Setting next_dagrun for example_skip_dag to 2024-05-21 00:00:00+00:00, run_after=2024-05-22 00:00:00+00:00
[2024-05-22T07:00:24.413+0000] {processor.py:183} INFO - Processing /home/airflow/.local/lib/python3.12/site-packages/airflow/example_dags/example_skip_dag.py took 0.035 seconds
[2024-05-22T07:34:45.741+0000] {processor.py:161} INFO - Started process (PID=30434) to work on /home/airflow/.local/lib/python3.12/site-packages/airflow/example_dags/example_skip_dag.py
[2024-05-22T07:34:45.743+0000] {processor.py:830} INFO - Processing file /home/airflow/.local/lib/python3.12/site-packages/airflow/example_dags/example_skip_dag.py for tasks to queue
[2024-05-22T07:34:45.744+0000] {logging_mixin.py:188} INFO - [2024-05-22T07:34:45.744+0000] {dagbag.py:545} INFO - Filling up the DagBag from /home/airflow/.local/lib/python3.12/site-packages/airflow/example_dags/example_skip_dag.py
[2024-05-22T07:34:45.750+0000] {processor.py:840} INFO - DAG(s) 'example_skip_dag' retrieved from /home/airflow/.local/lib/python3.12/site-packages/airflow/example_dags/example_skip_dag.py
[2024-05-22T07:34:45.762+0000] {logging_mixin.py:188} INFO - [2024-05-22T07:34:45.762+0000] {dag.py:3096} INFO - Sync 1 DAGs
[2024-05-22T07:34:45.772+0000] {logging_mixin.py:188} INFO - [2024-05-22T07:34:45.772+0000] {dag.py:3954} INFO - Setting next_dagrun for example_skip_dag to 2024-05-21 00:00:00+00:00, run_after=2024-05-22 00:00:00+00:00
[2024-05-22T07:34:45.780+0000] {processor.py:183} INFO - Processing /home/airflow/.local/lib/python3.12/site-packages/airflow/example_dags/example_skip_dag.py took 0.042 seconds
