[2024-05-22T01:00:14.462+0000] {processor.py:161} INFO - Started process (PID=29669) to work on /home/airflow/.local/lib/python3.12/site-packages/airflow/example_dags/example_branch_python_dop_operator_3.py
[2024-05-22T01:00:14.462+0000] {processor.py:830} INFO - Processing file /home/airflow/.local/lib/python3.12/site-packages/airflow/example_dags/example_branch_python_dop_operator_3.py for tasks to queue
[2024-05-22T01:00:14.463+0000] {logging_mixin.py:188} INFO - [2024-05-22T01:00:14.463+0000] {dagbag.py:545} INFO - Filling up the DagBag from /home/airflow/.local/lib/python3.12/site-packages/airflow/example_dags/example_branch_python_dop_operator_3.py
[2024-05-22T01:00:14.467+0000] {processor.py:840} INFO - DAG(s) 'example_branch_dop_operator_v3' retrieved from /home/airflow/.local/lib/python3.12/site-packages/airflow/example_dags/example_branch_python_dop_operator_3.py
[2024-05-22T01:00:14.476+0000] {logging_mixin.py:188} INFO - [2024-05-22T01:00:14.476+0000] {dag.py:3096} INFO - Sync 1 DAGs
[2024-05-22T01:00:14.485+0000] {logging_mixin.py:188} INFO - [2024-05-22T01:00:14.485+0000] {dag.py:3954} INFO - Setting next_dagrun for example_branch_dop_operator_v3 to 2024-05-22 00:59:00+00:00, run_after=2024-05-22 01:00:00+00:00
[2024-05-22T01:00:14.492+0000] {processor.py:183} INFO - Processing /home/airflow/.local/lib/python3.12/site-packages/airflow/example_dags/example_branch_python_dop_operator_3.py took 0.033 seconds
[2024-05-22T02:26:34.577+0000] {processor.py:161} INFO - Started process (PID=29727) to work on /home/airflow/.local/lib/python3.12/site-packages/airflow/example_dags/example_branch_python_dop_operator_3.py
[2024-05-22T02:26:34.577+0000] {processor.py:830} INFO - Processing file /home/airflow/.local/lib/python3.12/site-packages/airflow/example_dags/example_branch_python_dop_operator_3.py for tasks to queue
[2024-05-22T02:26:34.578+0000] {logging_mixin.py:188} INFO - [2024-05-22T02:26:34.578+0000] {dagbag.py:545} INFO - Filling up the DagBag from /home/airflow/.local/lib/python3.12/site-packages/airflow/example_dags/example_branch_python_dop_operator_3.py
[2024-05-22T02:26:34.582+0000] {processor.py:840} INFO - DAG(s) 'example_branch_dop_operator_v3' retrieved from /home/airflow/.local/lib/python3.12/site-packages/airflow/example_dags/example_branch_python_dop_operator_3.py
[2024-05-22T02:26:34.591+0000] {logging_mixin.py:188} INFO - [2024-05-22T02:26:34.591+0000] {dag.py:3096} INFO - Sync 1 DAGs
[2024-05-22T02:26:34.601+0000] {logging_mixin.py:188} INFO - [2024-05-22T02:26:34.601+0000] {dag.py:3954} INFO - Setting next_dagrun for example_branch_dop_operator_v3 to 2024-05-22 02:25:00+00:00, run_after=2024-05-22 02:26:00+00:00
[2024-05-22T02:26:34.609+0000] {processor.py:183} INFO - Processing /home/airflow/.local/lib/python3.12/site-packages/airflow/example_dags/example_branch_python_dop_operator_3.py took 0.036 seconds
[2024-05-22T02:27:05.325+0000] {processor.py:161} INFO - Started process (PID=29785) to work on /home/airflow/.local/lib/python3.12/site-packages/airflow/example_dags/example_branch_python_dop_operator_3.py
[2024-05-22T02:27:05.326+0000] {processor.py:830} INFO - Processing file /home/airflow/.local/lib/python3.12/site-packages/airflow/example_dags/example_branch_python_dop_operator_3.py for tasks to queue
[2024-05-22T02:27:05.327+0000] {logging_mixin.py:188} INFO - [2024-05-22T02:27:05.327+0000] {dagbag.py:545} INFO - Filling up the DagBag from /home/airflow/.local/lib/python3.12/site-packages/airflow/example_dags/example_branch_python_dop_operator_3.py
[2024-05-22T02:27:05.331+0000] {processor.py:840} INFO - DAG(s) 'example_branch_dop_operator_v3' retrieved from /home/airflow/.local/lib/python3.12/site-packages/airflow/example_dags/example_branch_python_dop_operator_3.py
[2024-05-22T02:27:05.340+0000] {logging_mixin.py:188} INFO - [2024-05-22T02:27:05.340+0000] {dag.py:3096} INFO - Sync 1 DAGs
[2024-05-22T02:27:05.350+0000] {logging_mixin.py:188} INFO - [2024-05-22T02:27:05.350+0000] {dag.py:3954} INFO - Setting next_dagrun for example_branch_dop_operator_v3 to 2024-05-22 02:26:00+00:00, run_after=2024-05-22 02:27:00+00:00
[2024-05-22T02:27:05.357+0000] {processor.py:183} INFO - Processing /home/airflow/.local/lib/python3.12/site-packages/airflow/example_dags/example_branch_python_dop_operator_3.py took 0.035 seconds
[2024-05-22T03:16:29.420+0000] {processor.py:161} INFO - Started process (PID=29843) to work on /home/airflow/.local/lib/python3.12/site-packages/airflow/example_dags/example_branch_python_dop_operator_3.py
[2024-05-22T03:16:29.422+0000] {processor.py:830} INFO - Processing file /home/airflow/.local/lib/python3.12/site-packages/airflow/example_dags/example_branch_python_dop_operator_3.py for tasks to queue
[2024-05-22T03:16:29.423+0000] {logging_mixin.py:188} INFO - [2024-05-22T03:16:29.423+0000] {dagbag.py:545} INFO - Filling up the DagBag from /home/airflow/.local/lib/python3.12/site-packages/airflow/example_dags/example_branch_python_dop_operator_3.py
[2024-05-22T03:16:29.427+0000] {processor.py:840} INFO - DAG(s) 'example_branch_dop_operator_v3' retrieved from /home/airflow/.local/lib/python3.12/site-packages/airflow/example_dags/example_branch_python_dop_operator_3.py
[2024-05-22T03:16:29.436+0000] {logging_mixin.py:188} INFO - [2024-05-22T03:16:29.435+0000] {dag.py:3096} INFO - Sync 1 DAGs
[2024-05-22T03:16:29.445+0000] {logging_mixin.py:188} INFO - [2024-05-22T03:16:29.445+0000] {dag.py:3954} INFO - Setting next_dagrun for example_branch_dop_operator_v3 to 2024-05-22 03:15:00+00:00, run_after=2024-05-22 03:16:00+00:00
[2024-05-22T03:16:29.451+0000] {processor.py:183} INFO - Processing /home/airflow/.local/lib/python3.12/site-packages/airflow/example_dags/example_branch_python_dop_operator_3.py took 0.033 seconds
[2024-05-22T04:42:08.865+0000] {processor.py:161} INFO - Started process (PID=29901) to work on /home/airflow/.local/lib/python3.12/site-packages/airflow/example_dags/example_branch_python_dop_operator_3.py
[2024-05-22T04:42:08.866+0000] {processor.py:830} INFO - Processing file /home/airflow/.local/lib/python3.12/site-packages/airflow/example_dags/example_branch_python_dop_operator_3.py for tasks to queue
[2024-05-22T04:42:08.866+0000] {logging_mixin.py:188} INFO - [2024-05-22T04:42:08.866+0000] {dagbag.py:545} INFO - Filling up the DagBag from /home/airflow/.local/lib/python3.12/site-packages/airflow/example_dags/example_branch_python_dop_operator_3.py
[2024-05-22T04:42:08.870+0000] {processor.py:840} INFO - DAG(s) 'example_branch_dop_operator_v3' retrieved from /home/airflow/.local/lib/python3.12/site-packages/airflow/example_dags/example_branch_python_dop_operator_3.py
[2024-05-22T04:42:08.878+0000] {logging_mixin.py:188} INFO - [2024-05-22T04:42:08.878+0000] {dag.py:3096} INFO - Sync 1 DAGs
[2024-05-22T04:42:08.888+0000] {logging_mixin.py:188} INFO - [2024-05-22T04:42:08.888+0000] {dag.py:3954} INFO - Setting next_dagrun for example_branch_dop_operator_v3 to 2024-05-22 04:41:00+00:00, run_after=2024-05-22 04:42:00+00:00
[2024-05-22T04:42:08.894+0000] {processor.py:183} INFO - Processing /home/airflow/.local/lib/python3.12/site-packages/airflow/example_dags/example_branch_python_dop_operator_3.py took 0.032 seconds
[2024-05-22T04:42:39.382+0000] {processor.py:161} INFO - Started process (PID=29959) to work on /home/airflow/.local/lib/python3.12/site-packages/airflow/example_dags/example_branch_python_dop_operator_3.py
[2024-05-22T04:42:39.382+0000] {processor.py:830} INFO - Processing file /home/airflow/.local/lib/python3.12/site-packages/airflow/example_dags/example_branch_python_dop_operator_3.py for tasks to queue
[2024-05-22T04:42:39.383+0000] {logging_mixin.py:188} INFO - [2024-05-22T04:42:39.383+0000] {dagbag.py:545} INFO - Filling up the DagBag from /home/airflow/.local/lib/python3.12/site-packages/airflow/example_dags/example_branch_python_dop_operator_3.py
[2024-05-22T04:42:39.388+0000] {processor.py:840} INFO - DAG(s) 'example_branch_dop_operator_v3' retrieved from /home/airflow/.local/lib/python3.12/site-packages/airflow/example_dags/example_branch_python_dop_operator_3.py
[2024-05-22T04:42:39.397+0000] {logging_mixin.py:188} INFO - [2024-05-22T04:42:39.397+0000] {dag.py:3096} INFO - Sync 1 DAGs
[2024-05-22T04:42:39.407+0000] {logging_mixin.py:188} INFO - [2024-05-22T04:42:39.407+0000] {dag.py:3954} INFO - Setting next_dagrun for example_branch_dop_operator_v3 to 2024-05-22 04:41:00+00:00, run_after=2024-05-22 04:42:00+00:00
[2024-05-22T04:42:39.415+0000] {processor.py:183} INFO - Processing /home/airflow/.local/lib/python3.12/site-packages/airflow/example_dags/example_branch_python_dop_operator_3.py took 0.035 seconds
[2024-05-22T05:33:33.765+0000] {processor.py:161} INFO - Started process (PID=30017) to work on /home/airflow/.local/lib/python3.12/site-packages/airflow/example_dags/example_branch_python_dop_operator_3.py
[2024-05-22T05:33:33.766+0000] {processor.py:830} INFO - Processing file /home/airflow/.local/lib/python3.12/site-packages/airflow/example_dags/example_branch_python_dop_operator_3.py for tasks to queue
[2024-05-22T05:33:33.767+0000] {logging_mixin.py:188} INFO - [2024-05-22T05:33:33.767+0000] {dagbag.py:545} INFO - Filling up the DagBag from /home/airflow/.local/lib/python3.12/site-packages/airflow/example_dags/example_branch_python_dop_operator_3.py
[2024-05-22T05:33:33.771+0000] {processor.py:840} INFO - DAG(s) 'example_branch_dop_operator_v3' retrieved from /home/airflow/.local/lib/python3.12/site-packages/airflow/example_dags/example_branch_python_dop_operator_3.py
[2024-05-22T05:33:33.780+0000] {logging_mixin.py:188} INFO - [2024-05-22T05:33:33.780+0000] {dag.py:3096} INFO - Sync 1 DAGs
[2024-05-22T05:33:33.790+0000] {logging_mixin.py:188} INFO - [2024-05-22T05:33:33.790+0000] {dag.py:3954} INFO - Setting next_dagrun for example_branch_dop_operator_v3 to 2024-05-22 05:32:00+00:00, run_after=2024-05-22 05:33:00+00:00
[2024-05-22T05:33:33.797+0000] {processor.py:183} INFO - Processing /home/airflow/.local/lib/python3.12/site-packages/airflow/example_dags/example_branch_python_dop_operator_3.py took 0.035 seconds
[2024-05-22T05:54:38.901+0000] {processor.py:161} INFO - Started process (PID=30075) to work on /home/airflow/.local/lib/python3.12/site-packages/airflow/example_dags/example_branch_python_dop_operator_3.py
[2024-05-22T05:54:38.902+0000] {processor.py:830} INFO - Processing file /home/airflow/.local/lib/python3.12/site-packages/airflow/example_dags/example_branch_python_dop_operator_3.py for tasks to queue
[2024-05-22T05:54:38.903+0000] {logging_mixin.py:188} INFO - [2024-05-22T05:54:38.903+0000] {dagbag.py:545} INFO - Filling up the DagBag from /home/airflow/.local/lib/python3.12/site-packages/airflow/example_dags/example_branch_python_dop_operator_3.py
[2024-05-22T05:54:38.906+0000] {processor.py:840} INFO - DAG(s) 'example_branch_dop_operator_v3' retrieved from /home/airflow/.local/lib/python3.12/site-packages/airflow/example_dags/example_branch_python_dop_operator_3.py
[2024-05-22T05:54:38.915+0000] {logging_mixin.py:188} INFO - [2024-05-22T05:54:38.915+0000] {dag.py:3096} INFO - Sync 1 DAGs
[2024-05-22T05:54:38.926+0000] {logging_mixin.py:188} INFO - [2024-05-22T05:54:38.925+0000] {dag.py:3954} INFO - Setting next_dagrun for example_branch_dop_operator_v3 to 2024-05-22 05:53:00+00:00, run_after=2024-05-22 05:54:00+00:00
[2024-05-22T05:54:38.932+0000] {processor.py:183} INFO - Processing /home/airflow/.local/lib/python3.12/site-packages/airflow/example_dags/example_branch_python_dop_operator_3.py took 0.033 seconds
[2024-05-22T06:02:12.079+0000] {processor.py:161} INFO - Started process (PID=30133) to work on /home/airflow/.local/lib/python3.12/site-packages/airflow/example_dags/example_branch_python_dop_operator_3.py
[2024-05-22T06:02:12.080+0000] {processor.py:830} INFO - Processing file /home/airflow/.local/lib/python3.12/site-packages/airflow/example_dags/example_branch_python_dop_operator_3.py for tasks to queue
[2024-05-22T06:02:12.081+0000] {logging_mixin.py:188} INFO - [2024-05-22T06:02:12.080+0000] {dagbag.py:545} INFO - Filling up the DagBag from /home/airflow/.local/lib/python3.12/site-packages/airflow/example_dags/example_branch_python_dop_operator_3.py
[2024-05-22T06:02:12.085+0000] {processor.py:840} INFO - DAG(s) 'example_branch_dop_operator_v3' retrieved from /home/airflow/.local/lib/python3.12/site-packages/airflow/example_dags/example_branch_python_dop_operator_3.py
[2024-05-22T06:02:12.092+0000] {logging_mixin.py:188} INFO - [2024-05-22T06:02:12.092+0000] {dag.py:3096} INFO - Sync 1 DAGs
[2024-05-22T06:02:12.102+0000] {logging_mixin.py:188} INFO - [2024-05-22T06:02:12.102+0000] {dag.py:3954} INFO - Setting next_dagrun for example_branch_dop_operator_v3 to 2024-05-22 06:01:00+00:00, run_after=2024-05-22 06:02:00+00:00
[2024-05-22T06:02:12.109+0000] {processor.py:183} INFO - Processing /home/airflow/.local/lib/python3.12/site-packages/airflow/example_dags/example_branch_python_dop_operator_3.py took 0.032 seconds
[2024-05-22T06:02:42.637+0000] {processor.py:161} INFO - Started process (PID=30191) to work on /home/airflow/.local/lib/python3.12/site-packages/airflow/example_dags/example_branch_python_dop_operator_3.py
[2024-05-22T06:02:42.638+0000] {processor.py:830} INFO - Processing file /home/airflow/.local/lib/python3.12/site-packages/airflow/example_dags/example_branch_python_dop_operator_3.py for tasks to queue
[2024-05-22T06:02:42.638+0000] {logging_mixin.py:188} INFO - [2024-05-22T06:02:42.638+0000] {dagbag.py:545} INFO - Filling up the DagBag from /home/airflow/.local/lib/python3.12/site-packages/airflow/example_dags/example_branch_python_dop_operator_3.py
[2024-05-22T06:02:42.642+0000] {processor.py:840} INFO - DAG(s) 'example_branch_dop_operator_v3' retrieved from /home/airflow/.local/lib/python3.12/site-packages/airflow/example_dags/example_branch_python_dop_operator_3.py
[2024-05-22T06:02:42.650+0000] {logging_mixin.py:188} INFO - [2024-05-22T06:02:42.650+0000] {dag.py:3096} INFO - Sync 1 DAGs
[2024-05-22T06:02:42.659+0000] {logging_mixin.py:188} INFO - [2024-05-22T06:02:42.659+0000] {dag.py:3954} INFO - Setting next_dagrun for example_branch_dop_operator_v3 to 2024-05-22 06:01:00+00:00, run_after=2024-05-22 06:02:00+00:00
[2024-05-22T06:02:42.665+0000] {processor.py:183} INFO - Processing /home/airflow/.local/lib/python3.12/site-packages/airflow/example_dags/example_branch_python_dop_operator_3.py took 0.031 seconds
[2024-05-22T06:43:16.913+0000] {processor.py:161} INFO - Started process (PID=30249) to work on /home/airflow/.local/lib/python3.12/site-packages/airflow/example_dags/example_branch_python_dop_operator_3.py
[2024-05-22T06:43:16.914+0000] {processor.py:830} INFO - Processing file /home/airflow/.local/lib/python3.12/site-packages/airflow/example_dags/example_branch_python_dop_operator_3.py for tasks to queue
[2024-05-22T06:43:16.914+0000] {logging_mixin.py:188} INFO - [2024-05-22T06:43:16.914+0000] {dagbag.py:545} INFO - Filling up the DagBag from /home/airflow/.local/lib/python3.12/site-packages/airflow/example_dags/example_branch_python_dop_operator_3.py
[2024-05-22T06:43:16.918+0000] {processor.py:840} INFO - DAG(s) 'example_branch_dop_operator_v3' retrieved from /home/airflow/.local/lib/python3.12/site-packages/airflow/example_dags/example_branch_python_dop_operator_3.py
[2024-05-22T06:43:16.927+0000] {logging_mixin.py:188} INFO - [2024-05-22T06:43:16.927+0000] {dag.py:3096} INFO - Sync 1 DAGs
[2024-05-22T06:43:16.938+0000] {logging_mixin.py:188} INFO - [2024-05-22T06:43:16.938+0000] {dag.py:3954} INFO - Setting next_dagrun for example_branch_dop_operator_v3 to 2024-05-22 06:42:00+00:00, run_after=2024-05-22 06:43:00+00:00
[2024-05-22T06:43:16.953+0000] {processor.py:183} INFO - Processing /home/airflow/.local/lib/python3.12/site-packages/airflow/example_dags/example_branch_python_dop_operator_3.py took 0.044 seconds
[2024-05-22T06:43:47.525+0000] {processor.py:161} INFO - Started process (PID=30307) to work on /home/airflow/.local/lib/python3.12/site-packages/airflow/example_dags/example_branch_python_dop_operator_3.py
[2024-05-22T06:43:47.526+0000] {processor.py:830} INFO - Processing file /home/airflow/.local/lib/python3.12/site-packages/airflow/example_dags/example_branch_python_dop_operator_3.py for tasks to queue
[2024-05-22T06:43:47.527+0000] {logging_mixin.py:188} INFO - [2024-05-22T06:43:47.527+0000] {dagbag.py:545} INFO - Filling up the DagBag from /home/airflow/.local/lib/python3.12/site-packages/airflow/example_dags/example_branch_python_dop_operator_3.py
[2024-05-22T06:43:47.531+0000] {processor.py:840} INFO - DAG(s) 'example_branch_dop_operator_v3' retrieved from /home/airflow/.local/lib/python3.12/site-packages/airflow/example_dags/example_branch_python_dop_operator_3.py
[2024-05-22T06:43:47.539+0000] {logging_mixin.py:188} INFO - [2024-05-22T06:43:47.539+0000] {dag.py:3096} INFO - Sync 1 DAGs
[2024-05-22T06:43:47.549+0000] {logging_mixin.py:188} INFO - [2024-05-22T06:43:47.549+0000] {dag.py:3954} INFO - Setting next_dagrun for example_branch_dop_operator_v3 to 2024-05-22 06:42:00+00:00, run_after=2024-05-22 06:43:00+00:00
[2024-05-22T06:43:47.556+0000] {processor.py:183} INFO - Processing /home/airflow/.local/lib/python3.12/site-packages/airflow/example_dags/example_branch_python_dop_operator_3.py took 0.034 seconds
[2024-05-22T07:00:24.035+0000] {processor.py:161} INFO - Started process (PID=30364) to work on /home/airflow/.local/lib/python3.12/site-packages/airflow/example_dags/example_branch_python_dop_operator_3.py
[2024-05-22T07:00:24.036+0000] {processor.py:830} INFO - Processing file /home/airflow/.local/lib/python3.12/site-packages/airflow/example_dags/example_branch_python_dop_operator_3.py for tasks to queue
[2024-05-22T07:00:24.036+0000] {logging_mixin.py:188} INFO - [2024-05-22T07:00:24.036+0000] {dagbag.py:545} INFO - Filling up the DagBag from /home/airflow/.local/lib/python3.12/site-packages/airflow/example_dags/example_branch_python_dop_operator_3.py
[2024-05-22T07:00:24.040+0000] {processor.py:840} INFO - DAG(s) 'example_branch_dop_operator_v3' retrieved from /home/airflow/.local/lib/python3.12/site-packages/airflow/example_dags/example_branch_python_dop_operator_3.py
[2024-05-22T07:00:24.049+0000] {logging_mixin.py:188} INFO - [2024-05-22T07:00:24.049+0000] {dag.py:3096} INFO - Sync 1 DAGs
[2024-05-22T07:00:24.059+0000] {logging_mixin.py:188} INFO - [2024-05-22T07:00:24.059+0000] {dag.py:3954} INFO - Setting next_dagrun for example_branch_dop_operator_v3 to 2024-05-22 06:59:00+00:00, run_after=2024-05-22 07:00:00+00:00
[2024-05-22T07:00:24.066+0000] {processor.py:183} INFO - Processing /home/airflow/.local/lib/python3.12/site-packages/airflow/example_dags/example_branch_python_dop_operator_3.py took 0.034 seconds
[2024-05-22T07:34:45.421+0000] {processor.py:161} INFO - Started process (PID=30422) to work on /home/airflow/.local/lib/python3.12/site-packages/airflow/example_dags/example_branch_python_dop_operator_3.py
[2024-05-22T07:34:45.422+0000] {processor.py:830} INFO - Processing file /home/airflow/.local/lib/python3.12/site-packages/airflow/example_dags/example_branch_python_dop_operator_3.py for tasks to queue
[2024-05-22T07:34:45.422+0000] {logging_mixin.py:188} INFO - [2024-05-22T07:34:45.422+0000] {dagbag.py:545} INFO - Filling up the DagBag from /home/airflow/.local/lib/python3.12/site-packages/airflow/example_dags/example_branch_python_dop_operator_3.py
[2024-05-22T07:34:45.426+0000] {processor.py:840} INFO - DAG(s) 'example_branch_dop_operator_v3' retrieved from /home/airflow/.local/lib/python3.12/site-packages/airflow/example_dags/example_branch_python_dop_operator_3.py
[2024-05-22T07:34:45.434+0000] {logging_mixin.py:188} INFO - [2024-05-22T07:34:45.434+0000] {dag.py:3096} INFO - Sync 1 DAGs
[2024-05-22T07:34:45.444+0000] {logging_mixin.py:188} INFO - [2024-05-22T07:34:45.444+0000] {dag.py:3954} INFO - Setting next_dagrun for example_branch_dop_operator_v3 to 2024-05-22 07:33:00+00:00, run_after=2024-05-22 07:34:00+00:00
[2024-05-22T07:34:45.451+0000] {processor.py:183} INFO - Processing /home/airflow/.local/lib/python3.12/site-packages/airflow/example_dags/example_branch_python_dop_operator_3.py took 0.033 seconds
[2024-05-22T07:44:32.739+0000] {processor.py:161} INFO - Started process (PID=30480) to work on /home/airflow/.local/lib/python3.12/site-packages/airflow/example_dags/example_branch_python_dop_operator_3.py
[2024-05-22T07:44:32.739+0000] {processor.py:830} INFO - Processing file /home/airflow/.local/lib/python3.12/site-packages/airflow/example_dags/example_branch_python_dop_operator_3.py for tasks to queue
[2024-05-22T07:44:32.740+0000] {logging_mixin.py:188} INFO - [2024-05-22T07:44:32.740+0000] {dagbag.py:545} INFO - Filling up the DagBag from /home/airflow/.local/lib/python3.12/site-packages/airflow/example_dags/example_branch_python_dop_operator_3.py
[2024-05-22T07:44:32.744+0000] {processor.py:840} INFO - DAG(s) 'example_branch_dop_operator_v3' retrieved from /home/airflow/.local/lib/python3.12/site-packages/airflow/example_dags/example_branch_python_dop_operator_3.py
[2024-05-22T07:44:32.752+0000] {logging_mixin.py:188} INFO - [2024-05-22T07:44:32.752+0000] {dag.py:3096} INFO - Sync 1 DAGs
[2024-05-22T07:44:32.761+0000] {logging_mixin.py:188} INFO - [2024-05-22T07:44:32.761+0000] {dag.py:3954} INFO - Setting next_dagrun for example_branch_dop_operator_v3 to 2024-05-22 07:43:00+00:00, run_after=2024-05-22 07:44:00+00:00
[2024-05-22T07:44:32.769+0000] {processor.py:183} INFO - Processing /home/airflow/.local/lib/python3.12/site-packages/airflow/example_dags/example_branch_python_dop_operator_3.py took 0.033 seconds
