[2024-05-22T01:00:15.031+0000] {processor.py:161} INFO - Started process (PID=29690) to work on /home/airflow/.local/lib/python3.12/site-packages/airflow/example_dags/example_sensors.py
[2024-05-22T01:00:15.031+0000] {processor.py:830} INFO - Processing file /home/airflow/.local/lib/python3.12/site-packages/airflow/example_dags/example_sensors.py for tasks to queue
[2024-05-22T01:00:15.033+0000] {logging_mixin.py:188} INFO - [2024-05-22T01:00:15.032+0000] {dagbag.py:545} INFO - Filling up the DagBag from /home/airflow/.local/lib/python3.12/site-packages/airflow/example_dags/example_sensors.py
[2024-05-22T01:00:15.037+0000] {processor.py:840} INFO - DAG(s) 'example_sensors' retrieved from /home/airflow/.local/lib/python3.12/site-packages/airflow/example_dags/example_sensors.py
[2024-05-22T01:00:15.047+0000] {logging_mixin.py:188} INFO - [2024-05-22T01:00:15.047+0000] {dag.py:3096} INFO - Sync 1 DAGs
[2024-05-22T01:00:15.052+0000] {logging_mixin.py:188} INFO - [2024-05-22T01:00:15.052+0000] {dag.py:3954} INFO - Setting next_dagrun for example_sensors to None, run_after=None
[2024-05-22T01:00:15.059+0000] {processor.py:183} INFO - Processing /home/airflow/.local/lib/python3.12/site-packages/airflow/example_dags/example_sensors.py took 0.031 seconds
[2024-05-22T02:26:35.060+0000] {processor.py:161} INFO - Started process (PID=29748) to work on /home/airflow/.local/lib/python3.12/site-packages/airflow/example_dags/example_sensors.py
[2024-05-22T02:26:35.060+0000] {processor.py:830} INFO - Processing file /home/airflow/.local/lib/python3.12/site-packages/airflow/example_dags/example_sensors.py for tasks to queue
[2024-05-22T02:26:35.061+0000] {logging_mixin.py:188} INFO - [2024-05-22T02:26:35.061+0000] {dagbag.py:545} INFO - Filling up the DagBag from /home/airflow/.local/lib/python3.12/site-packages/airflow/example_dags/example_sensors.py
[2024-05-22T02:26:35.064+0000] {processor.py:840} INFO - DAG(s) 'example_sensors' retrieved from /home/airflow/.local/lib/python3.12/site-packages/airflow/example_dags/example_sensors.py
[2024-05-22T02:26:35.074+0000] {logging_mixin.py:188} INFO - [2024-05-22T02:26:35.074+0000] {dag.py:3096} INFO - Sync 1 DAGs
[2024-05-22T02:26:35.079+0000] {logging_mixin.py:188} INFO - [2024-05-22T02:26:35.079+0000] {dag.py:3954} INFO - Setting next_dagrun for example_sensors to None, run_after=None
[2024-05-22T02:26:35.085+0000] {processor.py:183} INFO - Processing /home/airflow/.local/lib/python3.12/site-packages/airflow/example_dags/example_sensors.py took 0.028 seconds
[2024-05-22T02:27:05.822+0000] {processor.py:161} INFO - Started process (PID=29806) to work on /home/airflow/.local/lib/python3.12/site-packages/airflow/example_dags/example_sensors.py
[2024-05-22T02:27:05.822+0000] {processor.py:830} INFO - Processing file /home/airflow/.local/lib/python3.12/site-packages/airflow/example_dags/example_sensors.py for tasks to queue
[2024-05-22T02:27:05.823+0000] {logging_mixin.py:188} INFO - [2024-05-22T02:27:05.823+0000] {dagbag.py:545} INFO - Filling up the DagBag from /home/airflow/.local/lib/python3.12/site-packages/airflow/example_dags/example_sensors.py
[2024-05-22T02:27:05.827+0000] {processor.py:840} INFO - DAG(s) 'example_sensors' retrieved from /home/airflow/.local/lib/python3.12/site-packages/airflow/example_dags/example_sensors.py
[2024-05-22T02:27:05.837+0000] {logging_mixin.py:188} INFO - [2024-05-22T02:27:05.837+0000] {dag.py:3096} INFO - Sync 1 DAGs
[2024-05-22T02:27:05.842+0000] {logging_mixin.py:188} INFO - [2024-05-22T02:27:05.842+0000] {dag.py:3954} INFO - Setting next_dagrun for example_sensors to None, run_after=None
[2024-05-22T02:27:05.848+0000] {processor.py:183} INFO - Processing /home/airflow/.local/lib/python3.12/site-packages/airflow/example_dags/example_sensors.py took 0.029 seconds
[2024-05-22T03:16:29.938+0000] {processor.py:161} INFO - Started process (PID=29864) to work on /home/airflow/.local/lib/python3.12/site-packages/airflow/example_dags/example_sensors.py
[2024-05-22T03:16:29.939+0000] {processor.py:830} INFO - Processing file /home/airflow/.local/lib/python3.12/site-packages/airflow/example_dags/example_sensors.py for tasks to queue
[2024-05-22T03:16:29.940+0000] {logging_mixin.py:188} INFO - [2024-05-22T03:16:29.939+0000] {dagbag.py:545} INFO - Filling up the DagBag from /home/airflow/.local/lib/python3.12/site-packages/airflow/example_dags/example_sensors.py
[2024-05-22T03:16:29.943+0000] {processor.py:840} INFO - DAG(s) 'example_sensors' retrieved from /home/airflow/.local/lib/python3.12/site-packages/airflow/example_dags/example_sensors.py
[2024-05-22T03:16:29.953+0000] {logging_mixin.py:188} INFO - [2024-05-22T03:16:29.953+0000] {dag.py:3096} INFO - Sync 1 DAGs
[2024-05-22T03:16:29.957+0000] {logging_mixin.py:188} INFO - [2024-05-22T03:16:29.957+0000] {dag.py:3954} INFO - Setting next_dagrun for example_sensors to None, run_after=None
[2024-05-22T03:16:29.964+0000] {processor.py:183} INFO - Processing /home/airflow/.local/lib/python3.12/site-packages/airflow/example_dags/example_sensors.py took 0.028 seconds
[2024-05-22T04:42:09.380+0000] {processor.py:161} INFO - Started process (PID=29922) to work on /home/airflow/.local/lib/python3.12/site-packages/airflow/example_dags/example_sensors.py
[2024-05-22T04:42:09.381+0000] {processor.py:830} INFO - Processing file /home/airflow/.local/lib/python3.12/site-packages/airflow/example_dags/example_sensors.py for tasks to queue
[2024-05-22T04:42:09.382+0000] {logging_mixin.py:188} INFO - [2024-05-22T04:42:09.382+0000] {dagbag.py:545} INFO - Filling up the DagBag from /home/airflow/.local/lib/python3.12/site-packages/airflow/example_dags/example_sensors.py
[2024-05-22T04:42:09.386+0000] {processor.py:840} INFO - DAG(s) 'example_sensors' retrieved from /home/airflow/.local/lib/python3.12/site-packages/airflow/example_dags/example_sensors.py
[2024-05-22T04:42:09.397+0000] {logging_mixin.py:188} INFO - [2024-05-22T04:42:09.396+0000] {dag.py:3096} INFO - Sync 1 DAGs
[2024-05-22T04:42:09.402+0000] {logging_mixin.py:188} INFO - [2024-05-22T04:42:09.402+0000] {dag.py:3954} INFO - Setting next_dagrun for example_sensors to None, run_after=None
[2024-05-22T04:42:09.408+0000] {processor.py:183} INFO - Processing /home/airflow/.local/lib/python3.12/site-packages/airflow/example_dags/example_sensors.py took 0.031 seconds
[2024-05-22T04:42:39.893+0000] {processor.py:161} INFO - Started process (PID=29980) to work on /home/airflow/.local/lib/python3.12/site-packages/airflow/example_dags/example_sensors.py
[2024-05-22T04:42:39.894+0000] {processor.py:830} INFO - Processing file /home/airflow/.local/lib/python3.12/site-packages/airflow/example_dags/example_sensors.py for tasks to queue
[2024-05-22T04:42:39.895+0000] {logging_mixin.py:188} INFO - [2024-05-22T04:42:39.894+0000] {dagbag.py:545} INFO - Filling up the DagBag from /home/airflow/.local/lib/python3.12/site-packages/airflow/example_dags/example_sensors.py
[2024-05-22T04:42:39.899+0000] {processor.py:840} INFO - DAG(s) 'example_sensors' retrieved from /home/airflow/.local/lib/python3.12/site-packages/airflow/example_dags/example_sensors.py
[2024-05-22T04:42:39.910+0000] {logging_mixin.py:188} INFO - [2024-05-22T04:42:39.910+0000] {dag.py:3096} INFO - Sync 1 DAGs
[2024-05-22T04:42:39.915+0000] {logging_mixin.py:188} INFO - [2024-05-22T04:42:39.915+0000] {dag.py:3954} INFO - Setting next_dagrun for example_sensors to None, run_after=None
[2024-05-22T04:42:39.923+0000] {processor.py:183} INFO - Processing /home/airflow/.local/lib/python3.12/site-packages/airflow/example_dags/example_sensors.py took 0.032 seconds
[2024-05-22T05:33:34.277+0000] {processor.py:161} INFO - Started process (PID=30038) to work on /home/airflow/.local/lib/python3.12/site-packages/airflow/example_dags/example_sensors.py
[2024-05-22T05:33:34.277+0000] {processor.py:830} INFO - Processing file /home/airflow/.local/lib/python3.12/site-packages/airflow/example_dags/example_sensors.py for tasks to queue
[2024-05-22T05:33:34.278+0000] {logging_mixin.py:188} INFO - [2024-05-22T05:33:34.278+0000] {dagbag.py:545} INFO - Filling up the DagBag from /home/airflow/.local/lib/python3.12/site-packages/airflow/example_dags/example_sensors.py
[2024-05-22T05:33:34.282+0000] {processor.py:840} INFO - DAG(s) 'example_sensors' retrieved from /home/airflow/.local/lib/python3.12/site-packages/airflow/example_dags/example_sensors.py
[2024-05-22T05:33:34.292+0000] {logging_mixin.py:188} INFO - [2024-05-22T05:33:34.292+0000] {dag.py:3096} INFO - Sync 1 DAGs
[2024-05-22T05:33:34.297+0000] {logging_mixin.py:188} INFO - [2024-05-22T05:33:34.297+0000] {dag.py:3954} INFO - Setting next_dagrun for example_sensors to None, run_after=None
[2024-05-22T05:33:34.304+0000] {processor.py:183} INFO - Processing /home/airflow/.local/lib/python3.12/site-packages/airflow/example_dags/example_sensors.py took 0.030 seconds
[2024-05-22T05:54:39.440+0000] {processor.py:161} INFO - Started process (PID=30096) to work on /home/airflow/.local/lib/python3.12/site-packages/airflow/example_dags/example_sensors.py
[2024-05-22T05:54:39.441+0000] {processor.py:830} INFO - Processing file /home/airflow/.local/lib/python3.12/site-packages/airflow/example_dags/example_sensors.py for tasks to queue
[2024-05-22T05:54:39.442+0000] {logging_mixin.py:188} INFO - [2024-05-22T05:54:39.442+0000] {dagbag.py:545} INFO - Filling up the DagBag from /home/airflow/.local/lib/python3.12/site-packages/airflow/example_dags/example_sensors.py
[2024-05-22T05:54:39.446+0000] {processor.py:840} INFO - DAG(s) 'example_sensors' retrieved from /home/airflow/.local/lib/python3.12/site-packages/airflow/example_dags/example_sensors.py
[2024-05-22T05:54:39.455+0000] {logging_mixin.py:188} INFO - [2024-05-22T05:54:39.455+0000] {dag.py:3096} INFO - Sync 1 DAGs
[2024-05-22T05:54:39.460+0000] {logging_mixin.py:188} INFO - [2024-05-22T05:54:39.460+0000] {dag.py:3954} INFO - Setting next_dagrun for example_sensors to None, run_after=None
[2024-05-22T05:54:39.468+0000] {processor.py:183} INFO - Processing /home/airflow/.local/lib/python3.12/site-packages/airflow/example_dags/example_sensors.py took 0.030 seconds
[2024-05-22T06:02:12.629+0000] {processor.py:161} INFO - Started process (PID=30154) to work on /home/airflow/.local/lib/python3.12/site-packages/airflow/example_dags/example_sensors.py
[2024-05-22T06:02:12.630+0000] {processor.py:830} INFO - Processing file /home/airflow/.local/lib/python3.12/site-packages/airflow/example_dags/example_sensors.py for tasks to queue
[2024-05-22T06:02:12.631+0000] {logging_mixin.py:188} INFO - [2024-05-22T06:02:12.631+0000] {dagbag.py:545} INFO - Filling up the DagBag from /home/airflow/.local/lib/python3.12/site-packages/airflow/example_dags/example_sensors.py
[2024-05-22T06:02:12.635+0000] {processor.py:840} INFO - DAG(s) 'example_sensors' retrieved from /home/airflow/.local/lib/python3.12/site-packages/airflow/example_dags/example_sensors.py
[2024-05-22T06:02:12.645+0000] {logging_mixin.py:188} INFO - [2024-05-22T06:02:12.645+0000] {dag.py:3096} INFO - Sync 1 DAGs
[2024-05-22T06:02:12.650+0000] {logging_mixin.py:188} INFO - [2024-05-22T06:02:12.650+0000] {dag.py:3954} INFO - Setting next_dagrun for example_sensors to None, run_after=None
[2024-05-22T06:02:12.656+0000] {processor.py:183} INFO - Processing /home/airflow/.local/lib/python3.12/site-packages/airflow/example_dags/example_sensors.py took 0.030 seconds
[2024-05-22T06:02:43.177+0000] {processor.py:161} INFO - Started process (PID=30212) to work on /home/airflow/.local/lib/python3.12/site-packages/airflow/example_dags/example_sensors.py
[2024-05-22T06:02:43.178+0000] {processor.py:830} INFO - Processing file /home/airflow/.local/lib/python3.12/site-packages/airflow/example_dags/example_sensors.py for tasks to queue
[2024-05-22T06:02:43.179+0000] {logging_mixin.py:188} INFO - [2024-05-22T06:02:43.179+0000] {dagbag.py:545} INFO - Filling up the DagBag from /home/airflow/.local/lib/python3.12/site-packages/airflow/example_dags/example_sensors.py
[2024-05-22T06:02:43.183+0000] {processor.py:840} INFO - DAG(s) 'example_sensors' retrieved from /home/airflow/.local/lib/python3.12/site-packages/airflow/example_dags/example_sensors.py
[2024-05-22T06:02:43.193+0000] {logging_mixin.py:188} INFO - [2024-05-22T06:02:43.193+0000] {dag.py:3096} INFO - Sync 1 DAGs
[2024-05-22T06:02:43.198+0000] {logging_mixin.py:188} INFO - [2024-05-22T06:02:43.198+0000] {dag.py:3954} INFO - Setting next_dagrun for example_sensors to None, run_after=None
[2024-05-22T06:02:43.206+0000] {processor.py:183} INFO - Processing /home/airflow/.local/lib/python3.12/site-packages/airflow/example_dags/example_sensors.py took 0.031 seconds
[2024-05-22T06:43:17.538+0000] {processor.py:161} INFO - Started process (PID=30270) to work on /home/airflow/.local/lib/python3.12/site-packages/airflow/example_dags/example_sensors.py
[2024-05-22T06:43:17.539+0000] {processor.py:830} INFO - Processing file /home/airflow/.local/lib/python3.12/site-packages/airflow/example_dags/example_sensors.py for tasks to queue
[2024-05-22T06:43:17.540+0000] {logging_mixin.py:188} INFO - [2024-05-22T06:43:17.540+0000] {dagbag.py:545} INFO - Filling up the DagBag from /home/airflow/.local/lib/python3.12/site-packages/airflow/example_dags/example_sensors.py
[2024-05-22T06:43:17.544+0000] {processor.py:840} INFO - DAG(s) 'example_sensors' retrieved from /home/airflow/.local/lib/python3.12/site-packages/airflow/example_dags/example_sensors.py
[2024-05-22T06:43:17.554+0000] {logging_mixin.py:188} INFO - [2024-05-22T06:43:17.554+0000] {dag.py:3096} INFO - Sync 1 DAGs
[2024-05-22T06:43:17.559+0000] {logging_mixin.py:188} INFO - [2024-05-22T06:43:17.559+0000] {dag.py:3954} INFO - Setting next_dagrun for example_sensors to None, run_after=None
[2024-05-22T06:43:17.567+0000] {processor.py:183} INFO - Processing /home/airflow/.local/lib/python3.12/site-packages/airflow/example_dags/example_sensors.py took 0.031 seconds
[2024-05-22T06:43:48.030+0000] {processor.py:161} INFO - Started process (PID=30328) to work on /home/airflow/.local/lib/python3.12/site-packages/airflow/example_dags/example_sensors.py
[2024-05-22T06:43:48.031+0000] {processor.py:830} INFO - Processing file /home/airflow/.local/lib/python3.12/site-packages/airflow/example_dags/example_sensors.py for tasks to queue
[2024-05-22T06:43:48.032+0000] {logging_mixin.py:188} INFO - [2024-05-22T06:43:48.032+0000] {dagbag.py:545} INFO - Filling up the DagBag from /home/airflow/.local/lib/python3.12/site-packages/airflow/example_dags/example_sensors.py
[2024-05-22T06:43:48.036+0000] {processor.py:840} INFO - DAG(s) 'example_sensors' retrieved from /home/airflow/.local/lib/python3.12/site-packages/airflow/example_dags/example_sensors.py
[2024-05-22T06:43:48.047+0000] {logging_mixin.py:188} INFO - [2024-05-22T06:43:48.047+0000] {dag.py:3096} INFO - Sync 1 DAGs
[2024-05-22T06:43:48.052+0000] {logging_mixin.py:188} INFO - [2024-05-22T06:43:48.052+0000] {dag.py:3954} INFO - Setting next_dagrun for example_sensors to None, run_after=None
[2024-05-22T06:43:48.058+0000] {processor.py:183} INFO - Processing /home/airflow/.local/lib/python3.12/site-packages/airflow/example_dags/example_sensors.py took 0.030 seconds
[2024-05-22T07:00:24.621+0000] {processor.py:161} INFO - Started process (PID=30385) to work on /home/airflow/.local/lib/python3.12/site-packages/airflow/example_dags/example_sensors.py
[2024-05-22T07:00:24.621+0000] {processor.py:830} INFO - Processing file /home/airflow/.local/lib/python3.12/site-packages/airflow/example_dags/example_sensors.py for tasks to queue
[2024-05-22T07:00:24.622+0000] {logging_mixin.py:188} INFO - [2024-05-22T07:00:24.622+0000] {dagbag.py:545} INFO - Filling up the DagBag from /home/airflow/.local/lib/python3.12/site-packages/airflow/example_dags/example_sensors.py
[2024-05-22T07:00:24.626+0000] {processor.py:840} INFO - DAG(s) 'example_sensors' retrieved from /home/airflow/.local/lib/python3.12/site-packages/airflow/example_dags/example_sensors.py
[2024-05-22T07:00:24.637+0000] {logging_mixin.py:188} INFO - [2024-05-22T07:00:24.637+0000] {dag.py:3096} INFO - Sync 1 DAGs
[2024-05-22T07:00:24.642+0000] {logging_mixin.py:188} INFO - [2024-05-22T07:00:24.642+0000] {dag.py:3954} INFO - Setting next_dagrun for example_sensors to None, run_after=None
[2024-05-22T07:00:24.648+0000] {processor.py:183} INFO - Processing /home/airflow/.local/lib/python3.12/site-packages/airflow/example_dags/example_sensors.py took 0.030 seconds
[2024-05-22T07:34:46.016+0000] {processor.py:161} INFO - Started process (PID=30443) to work on /home/airflow/.local/lib/python3.12/site-packages/airflow/example_dags/example_sensors.py
[2024-05-22T07:34:46.017+0000] {processor.py:830} INFO - Processing file /home/airflow/.local/lib/python3.12/site-packages/airflow/example_dags/example_sensors.py for tasks to queue
[2024-05-22T07:34:46.018+0000] {logging_mixin.py:188} INFO - [2024-05-22T07:34:46.018+0000] {dagbag.py:545} INFO - Filling up the DagBag from /home/airflow/.local/lib/python3.12/site-packages/airflow/example_dags/example_sensors.py
[2024-05-22T07:34:46.022+0000] {processor.py:840} INFO - DAG(s) 'example_sensors' retrieved from /home/airflow/.local/lib/python3.12/site-packages/airflow/example_dags/example_sensors.py
[2024-05-22T07:34:46.034+0000] {logging_mixin.py:188} INFO - [2024-05-22T07:34:46.033+0000] {dag.py:3096} INFO - Sync 1 DAGs
[2024-05-22T07:34:46.038+0000] {logging_mixin.py:188} INFO - [2024-05-22T07:34:46.038+0000] {dag.py:3954} INFO - Setting next_dagrun for example_sensors to None, run_after=None
[2024-05-22T07:34:46.046+0000] {processor.py:183} INFO - Processing /home/airflow/.local/lib/python3.12/site-packages/airflow/example_dags/example_sensors.py took 0.033 seconds
