[2024-05-22T01:00:14.541+0000] {processor.py:161} INFO - Started process (PID=29671) to work on /home/airflow/.local/lib/python3.12/site-packages/airflow/example_dags/example_bash_decorator.py
[2024-05-22T01:00:14.542+0000] {processor.py:830} INFO - Processing file /home/airflow/.local/lib/python3.12/site-packages/airflow/example_dags/example_bash_decorator.py for tasks to queue
[2024-05-22T01:00:14.543+0000] {logging_mixin.py:188} INFO - [2024-05-22T01:00:14.543+0000] {dagbag.py:545} INFO - Filling up the DagBag from /home/airflow/.local/lib/python3.12/site-packages/airflow/example_dags/example_bash_decorator.py
[2024-05-22T01:00:14.549+0000] {processor.py:840} INFO - DAG(s) 'example_bash_decorator' retrieved from /home/airflow/.local/lib/python3.12/site-packages/airflow/example_dags/example_bash_decorator.py
[2024-05-22T01:00:14.559+0000] {logging_mixin.py:188} INFO - [2024-05-22T01:00:14.559+0000] {dag.py:3096} INFO - Sync 1 DAGs
[2024-05-22T01:00:14.564+0000] {logging_mixin.py:188} INFO - [2024-05-22T01:00:14.564+0000] {dag.py:3954} INFO - Setting next_dagrun for example_bash_decorator to None, run_after=None
[2024-05-22T01:00:14.571+0000] {processor.py:183} INFO - Processing /home/airflow/.local/lib/python3.12/site-packages/airflow/example_dags/example_bash_decorator.py took 0.032 seconds
[2024-05-22T02:26:34.620+0000] {processor.py:161} INFO - Started process (PID=29729) to work on /home/airflow/.local/lib/python3.12/site-packages/airflow/example_dags/example_bash_decorator.py
[2024-05-22T02:26:34.621+0000] {processor.py:830} INFO - Processing file /home/airflow/.local/lib/python3.12/site-packages/airflow/example_dags/example_bash_decorator.py for tasks to queue
[2024-05-22T02:26:34.621+0000] {logging_mixin.py:188} INFO - [2024-05-22T02:26:34.621+0000] {dagbag.py:545} INFO - Filling up the DagBag from /home/airflow/.local/lib/python3.12/site-packages/airflow/example_dags/example_bash_decorator.py
[2024-05-22T02:26:34.627+0000] {processor.py:840} INFO - DAG(s) 'example_bash_decorator' retrieved from /home/airflow/.local/lib/python3.12/site-packages/airflow/example_dags/example_bash_decorator.py
[2024-05-22T02:26:34.637+0000] {logging_mixin.py:188} INFO - [2024-05-22T02:26:34.637+0000] {dag.py:3096} INFO - Sync 1 DAGs
[2024-05-22T02:26:34.642+0000] {logging_mixin.py:188} INFO - [2024-05-22T02:26:34.642+0000] {dag.py:3954} INFO - Setting next_dagrun for example_bash_decorator to None, run_after=None
[2024-05-22T02:26:34.649+0000] {processor.py:183} INFO - Processing /home/airflow/.local/lib/python3.12/site-packages/airflow/example_dags/example_bash_decorator.py took 0.032 seconds
[2024-05-22T02:27:05.368+0000] {processor.py:161} INFO - Started process (PID=29787) to work on /home/airflow/.local/lib/python3.12/site-packages/airflow/example_dags/example_bash_decorator.py
[2024-05-22T02:27:05.368+0000] {processor.py:830} INFO - Processing file /home/airflow/.local/lib/python3.12/site-packages/airflow/example_dags/example_bash_decorator.py for tasks to queue
[2024-05-22T02:27:05.369+0000] {logging_mixin.py:188} INFO - [2024-05-22T02:27:05.369+0000] {dagbag.py:545} INFO - Filling up the DagBag from /home/airflow/.local/lib/python3.12/site-packages/airflow/example_dags/example_bash_decorator.py
[2024-05-22T02:27:05.375+0000] {processor.py:840} INFO - DAG(s) 'example_bash_decorator' retrieved from /home/airflow/.local/lib/python3.12/site-packages/airflow/example_dags/example_bash_decorator.py
[2024-05-22T02:27:05.385+0000] {logging_mixin.py:188} INFO - [2024-05-22T02:27:05.384+0000] {dag.py:3096} INFO - Sync 1 DAGs
[2024-05-22T02:27:05.389+0000] {logging_mixin.py:188} INFO - [2024-05-22T02:27:05.389+0000] {dag.py:3954} INFO - Setting next_dagrun for example_bash_decorator to None, run_after=None
[2024-05-22T02:27:05.396+0000] {processor.py:183} INFO - Processing /home/airflow/.local/lib/python3.12/site-packages/airflow/example_dags/example_bash_decorator.py took 0.031 seconds
[2024-05-22T03:16:29.461+0000] {processor.py:161} INFO - Started process (PID=29845) to work on /home/airflow/.local/lib/python3.12/site-packages/airflow/example_dags/example_bash_decorator.py
[2024-05-22T03:16:29.461+0000] {processor.py:830} INFO - Processing file /home/airflow/.local/lib/python3.12/site-packages/airflow/example_dags/example_bash_decorator.py for tasks to queue
[2024-05-22T03:16:29.462+0000] {logging_mixin.py:188} INFO - [2024-05-22T03:16:29.462+0000] {dagbag.py:545} INFO - Filling up the DagBag from /home/airflow/.local/lib/python3.12/site-packages/airflow/example_dags/example_bash_decorator.py
[2024-05-22T03:16:29.467+0000] {processor.py:840} INFO - DAG(s) 'example_bash_decorator' retrieved from /home/airflow/.local/lib/python3.12/site-packages/airflow/example_dags/example_bash_decorator.py
[2024-05-22T03:16:29.476+0000] {logging_mixin.py:188} INFO - [2024-05-22T03:16:29.476+0000] {dag.py:3096} INFO - Sync 1 DAGs
[2024-05-22T03:16:29.481+0000] {logging_mixin.py:188} INFO - [2024-05-22T03:16:29.481+0000] {dag.py:3954} INFO - Setting next_dagrun for example_bash_decorator to None, run_after=None
[2024-05-22T03:16:29.487+0000] {processor.py:183} INFO - Processing /home/airflow/.local/lib/python3.12/site-packages/airflow/example_dags/example_bash_decorator.py took 0.028 seconds
[2024-05-22T04:42:08.905+0000] {processor.py:161} INFO - Started process (PID=29903) to work on /home/airflow/.local/lib/python3.12/site-packages/airflow/example_dags/example_bash_decorator.py
[2024-05-22T04:42:08.905+0000] {processor.py:830} INFO - Processing file /home/airflow/.local/lib/python3.12/site-packages/airflow/example_dags/example_bash_decorator.py for tasks to queue
[2024-05-22T04:42:08.906+0000] {logging_mixin.py:188} INFO - [2024-05-22T04:42:08.906+0000] {dagbag.py:545} INFO - Filling up the DagBag from /home/airflow/.local/lib/python3.12/site-packages/airflow/example_dags/example_bash_decorator.py
[2024-05-22T04:42:08.912+0000] {processor.py:840} INFO - DAG(s) 'example_bash_decorator' retrieved from /home/airflow/.local/lib/python3.12/site-packages/airflow/example_dags/example_bash_decorator.py
[2024-05-22T04:42:08.921+0000] {logging_mixin.py:188} INFO - [2024-05-22T04:42:08.921+0000] {dag.py:3096} INFO - Sync 1 DAGs
[2024-05-22T04:42:08.926+0000] {logging_mixin.py:188} INFO - [2024-05-22T04:42:08.926+0000] {dag.py:3954} INFO - Setting next_dagrun for example_bash_decorator to None, run_after=None
[2024-05-22T04:42:08.933+0000] {processor.py:183} INFO - Processing /home/airflow/.local/lib/python3.12/site-packages/airflow/example_dags/example_bash_decorator.py took 0.031 seconds
[2024-05-22T04:42:39.425+0000] {processor.py:161} INFO - Started process (PID=29961) to work on /home/airflow/.local/lib/python3.12/site-packages/airflow/example_dags/example_bash_decorator.py
[2024-05-22T04:42:39.426+0000] {processor.py:830} INFO - Processing file /home/airflow/.local/lib/python3.12/site-packages/airflow/example_dags/example_bash_decorator.py for tasks to queue
[2024-05-22T04:42:39.427+0000] {logging_mixin.py:188} INFO - [2024-05-22T04:42:39.426+0000] {dagbag.py:545} INFO - Filling up the DagBag from /home/airflow/.local/lib/python3.12/site-packages/airflow/example_dags/example_bash_decorator.py
[2024-05-22T04:42:39.433+0000] {processor.py:840} INFO - DAG(s) 'example_bash_decorator' retrieved from /home/airflow/.local/lib/python3.12/site-packages/airflow/example_dags/example_bash_decorator.py
[2024-05-22T04:42:39.442+0000] {logging_mixin.py:188} INFO - [2024-05-22T04:42:39.442+0000] {dag.py:3096} INFO - Sync 1 DAGs
[2024-05-22T04:42:39.447+0000] {logging_mixin.py:188} INFO - [2024-05-22T04:42:39.447+0000] {dag.py:3954} INFO - Setting next_dagrun for example_bash_decorator to None, run_after=None
[2024-05-22T04:42:39.454+0000] {processor.py:183} INFO - Processing /home/airflow/.local/lib/python3.12/site-packages/airflow/example_dags/example_bash_decorator.py took 0.031 seconds
[2024-05-22T05:33:33.809+0000] {processor.py:161} INFO - Started process (PID=30019) to work on /home/airflow/.local/lib/python3.12/site-packages/airflow/example_dags/example_bash_decorator.py
[2024-05-22T05:33:33.810+0000] {processor.py:830} INFO - Processing file /home/airflow/.local/lib/python3.12/site-packages/airflow/example_dags/example_bash_decorator.py for tasks to queue
[2024-05-22T05:33:33.811+0000] {logging_mixin.py:188} INFO - [2024-05-22T05:33:33.811+0000] {dagbag.py:545} INFO - Filling up the DagBag from /home/airflow/.local/lib/python3.12/site-packages/airflow/example_dags/example_bash_decorator.py
[2024-05-22T05:33:33.817+0000] {processor.py:840} INFO - DAG(s) 'example_bash_decorator' retrieved from /home/airflow/.local/lib/python3.12/site-packages/airflow/example_dags/example_bash_decorator.py
[2024-05-22T05:33:33.825+0000] {logging_mixin.py:188} INFO - [2024-05-22T05:33:33.825+0000] {dag.py:3096} INFO - Sync 1 DAGs
[2024-05-22T05:33:33.830+0000] {logging_mixin.py:188} INFO - [2024-05-22T05:33:33.830+0000] {dag.py:3954} INFO - Setting next_dagrun for example_bash_decorator to None, run_after=None
[2024-05-22T05:33:33.838+0000] {processor.py:183} INFO - Processing /home/airflow/.local/lib/python3.12/site-packages/airflow/example_dags/example_bash_decorator.py took 0.031 seconds
[2024-05-22T05:54:38.944+0000] {processor.py:161} INFO - Started process (PID=30077) to work on /home/airflow/.local/lib/python3.12/site-packages/airflow/example_dags/example_bash_decorator.py
[2024-05-22T05:54:38.945+0000] {processor.py:830} INFO - Processing file /home/airflow/.local/lib/python3.12/site-packages/airflow/example_dags/example_bash_decorator.py for tasks to queue
[2024-05-22T05:54:38.945+0000] {logging_mixin.py:188} INFO - [2024-05-22T05:54:38.945+0000] {dagbag.py:545} INFO - Filling up the DagBag from /home/airflow/.local/lib/python3.12/site-packages/airflow/example_dags/example_bash_decorator.py
[2024-05-22T05:54:38.951+0000] {processor.py:840} INFO - DAG(s) 'example_bash_decorator' retrieved from /home/airflow/.local/lib/python3.12/site-packages/airflow/example_dags/example_bash_decorator.py
[2024-05-22T05:54:38.960+0000] {logging_mixin.py:188} INFO - [2024-05-22T05:54:38.960+0000] {dag.py:3096} INFO - Sync 1 DAGs
[2024-05-22T05:54:38.966+0000] {logging_mixin.py:188} INFO - [2024-05-22T05:54:38.965+0000] {dag.py:3954} INFO - Setting next_dagrun for example_bash_decorator to None, run_after=None
[2024-05-22T05:54:38.973+0000] {processor.py:183} INFO - Processing /home/airflow/.local/lib/python3.12/site-packages/airflow/example_dags/example_bash_decorator.py took 0.032 seconds
[2024-05-22T06:02:12.160+0000] {processor.py:161} INFO - Started process (PID=30135) to work on /home/airflow/.local/lib/python3.12/site-packages/airflow/example_dags/example_bash_decorator.py
[2024-05-22T06:02:12.161+0000] {processor.py:830} INFO - Processing file /home/airflow/.local/lib/python3.12/site-packages/airflow/example_dags/example_bash_decorator.py for tasks to queue
[2024-05-22T06:02:12.162+0000] {logging_mixin.py:188} INFO - [2024-05-22T06:02:12.162+0000] {dagbag.py:545} INFO - Filling up the DagBag from /home/airflow/.local/lib/python3.12/site-packages/airflow/example_dags/example_bash_decorator.py
[2024-05-22T06:02:12.169+0000] {processor.py:840} INFO - DAG(s) 'example_bash_decorator' retrieved from /home/airflow/.local/lib/python3.12/site-packages/airflow/example_dags/example_bash_decorator.py
[2024-05-22T06:02:12.178+0000] {logging_mixin.py:188} INFO - [2024-05-22T06:02:12.178+0000] {dag.py:3096} INFO - Sync 1 DAGs
[2024-05-22T06:02:12.183+0000] {logging_mixin.py:188} INFO - [2024-05-22T06:02:12.183+0000] {dag.py:3954} INFO - Setting next_dagrun for example_bash_decorator to None, run_after=None
[2024-05-22T06:02:12.191+0000] {processor.py:183} INFO - Processing /home/airflow/.local/lib/python3.12/site-packages/airflow/example_dags/example_bash_decorator.py took 0.033 seconds
[2024-05-22T06:02:42.711+0000] {processor.py:161} INFO - Started process (PID=30193) to work on /home/airflow/.local/lib/python3.12/site-packages/airflow/example_dags/example_bash_decorator.py
[2024-05-22T06:02:42.711+0000] {processor.py:830} INFO - Processing file /home/airflow/.local/lib/python3.12/site-packages/airflow/example_dags/example_bash_decorator.py for tasks to queue
[2024-05-22T06:02:42.712+0000] {logging_mixin.py:188} INFO - [2024-05-22T06:02:42.712+0000] {dagbag.py:545} INFO - Filling up the DagBag from /home/airflow/.local/lib/python3.12/site-packages/airflow/example_dags/example_bash_decorator.py
[2024-05-22T06:02:42.718+0000] {processor.py:840} INFO - DAG(s) 'example_bash_decorator' retrieved from /home/airflow/.local/lib/python3.12/site-packages/airflow/example_dags/example_bash_decorator.py
[2024-05-22T06:02:42.726+0000] {logging_mixin.py:188} INFO - [2024-05-22T06:02:42.726+0000] {dag.py:3096} INFO - Sync 1 DAGs
[2024-05-22T06:02:42.731+0000] {logging_mixin.py:188} INFO - [2024-05-22T06:02:42.731+0000] {dag.py:3954} INFO - Setting next_dagrun for example_bash_decorator to None, run_after=None
[2024-05-22T06:02:42.738+0000] {processor.py:183} INFO - Processing /home/airflow/.local/lib/python3.12/site-packages/airflow/example_dags/example_bash_decorator.py took 0.030 seconds
[2024-05-22T06:43:16.968+0000] {processor.py:161} INFO - Started process (PID=30251) to work on /home/airflow/.local/lib/python3.12/site-packages/airflow/example_dags/example_bash_decorator.py
[2024-05-22T06:43:16.969+0000] {processor.py:830} INFO - Processing file /home/airflow/.local/lib/python3.12/site-packages/airflow/example_dags/example_bash_decorator.py for tasks to queue
[2024-05-22T06:43:16.970+0000] {logging_mixin.py:188} INFO - [2024-05-22T06:43:16.969+0000] {dagbag.py:545} INFO - Filling up the DagBag from /home/airflow/.local/lib/python3.12/site-packages/airflow/example_dags/example_bash_decorator.py
[2024-05-22T06:43:16.975+0000] {processor.py:840} INFO - DAG(s) 'example_bash_decorator' retrieved from /home/airflow/.local/lib/python3.12/site-packages/airflow/example_dags/example_bash_decorator.py
[2024-05-22T06:43:16.985+0000] {logging_mixin.py:188} INFO - [2024-05-22T06:43:16.985+0000] {dag.py:3096} INFO - Sync 1 DAGs
[2024-05-22T06:43:16.990+0000] {logging_mixin.py:188} INFO - [2024-05-22T06:43:16.990+0000] {dag.py:3954} INFO - Setting next_dagrun for example_bash_decorator to None, run_after=None
[2024-05-22T06:43:16.997+0000] {processor.py:183} INFO - Processing /home/airflow/.local/lib/python3.12/site-packages/airflow/example_dags/example_bash_decorator.py took 0.032 seconds
[2024-05-22T06:43:47.566+0000] {processor.py:161} INFO - Started process (PID=30309) to work on /home/airflow/.local/lib/python3.12/site-packages/airflow/example_dags/example_bash_decorator.py
[2024-05-22T06:43:47.567+0000] {processor.py:830} INFO - Processing file /home/airflow/.local/lib/python3.12/site-packages/airflow/example_dags/example_bash_decorator.py for tasks to queue
[2024-05-22T06:43:47.567+0000] {logging_mixin.py:188} INFO - [2024-05-22T06:43:47.567+0000] {dagbag.py:545} INFO - Filling up the DagBag from /home/airflow/.local/lib/python3.12/site-packages/airflow/example_dags/example_bash_decorator.py
[2024-05-22T06:43:47.573+0000] {processor.py:840} INFO - DAG(s) 'example_bash_decorator' retrieved from /home/airflow/.local/lib/python3.12/site-packages/airflow/example_dags/example_bash_decorator.py
[2024-05-22T06:43:47.582+0000] {logging_mixin.py:188} INFO - [2024-05-22T06:43:47.582+0000] {dag.py:3096} INFO - Sync 1 DAGs
[2024-05-22T06:43:47.586+0000] {logging_mixin.py:188} INFO - [2024-05-22T06:43:47.586+0000] {dag.py:3954} INFO - Setting next_dagrun for example_bash_decorator to None, run_after=None
[2024-05-22T06:43:47.593+0000] {processor.py:183} INFO - Processing /home/airflow/.local/lib/python3.12/site-packages/airflow/example_dags/example_bash_decorator.py took 0.029 seconds
[2024-05-22T07:00:24.077+0000] {processor.py:161} INFO - Started process (PID=30366) to work on /home/airflow/.local/lib/python3.12/site-packages/airflow/example_dags/example_bash_decorator.py
[2024-05-22T07:00:24.078+0000] {processor.py:830} INFO - Processing file /home/airflow/.local/lib/python3.12/site-packages/airflow/example_dags/example_bash_decorator.py for tasks to queue
[2024-05-22T07:00:24.079+0000] {logging_mixin.py:188} INFO - [2024-05-22T07:00:24.079+0000] {dagbag.py:545} INFO - Filling up the DagBag from /home/airflow/.local/lib/python3.12/site-packages/airflow/example_dags/example_bash_decorator.py
[2024-05-22T07:00:24.085+0000] {processor.py:840} INFO - DAG(s) 'example_bash_decorator' retrieved from /home/airflow/.local/lib/python3.12/site-packages/airflow/example_dags/example_bash_decorator.py
[2024-05-22T07:00:24.095+0000] {logging_mixin.py:188} INFO - [2024-05-22T07:00:24.095+0000] {dag.py:3096} INFO - Sync 1 DAGs
[2024-05-22T07:00:24.101+0000] {logging_mixin.py:188} INFO - [2024-05-22T07:00:24.101+0000] {dag.py:3954} INFO - Setting next_dagrun for example_bash_decorator to None, run_after=None
[2024-05-22T07:00:24.108+0000] {processor.py:183} INFO - Processing /home/airflow/.local/lib/python3.12/site-packages/airflow/example_dags/example_bash_decorator.py took 0.033 seconds
[2024-05-22T07:34:45.462+0000] {processor.py:161} INFO - Started process (PID=30424) to work on /home/airflow/.local/lib/python3.12/site-packages/airflow/example_dags/example_bash_decorator.py
[2024-05-22T07:34:45.463+0000] {processor.py:830} INFO - Processing file /home/airflow/.local/lib/python3.12/site-packages/airflow/example_dags/example_bash_decorator.py for tasks to queue
[2024-05-22T07:34:45.464+0000] {logging_mixin.py:188} INFO - [2024-05-22T07:34:45.464+0000] {dagbag.py:545} INFO - Filling up the DagBag from /home/airflow/.local/lib/python3.12/site-packages/airflow/example_dags/example_bash_decorator.py
[2024-05-22T07:34:45.470+0000] {processor.py:840} INFO - DAG(s) 'example_bash_decorator' retrieved from /home/airflow/.local/lib/python3.12/site-packages/airflow/example_dags/example_bash_decorator.py
[2024-05-22T07:34:45.480+0000] {logging_mixin.py:188} INFO - [2024-05-22T07:34:45.480+0000] {dag.py:3096} INFO - Sync 1 DAGs
[2024-05-22T07:34:45.486+0000] {logging_mixin.py:188} INFO - [2024-05-22T07:34:45.486+0000] {dag.py:3954} INFO - Setting next_dagrun for example_bash_decorator to None, run_after=None
[2024-05-22T07:34:45.493+0000] {processor.py:183} INFO - Processing /home/airflow/.local/lib/python3.12/site-packages/airflow/example_dags/example_bash_decorator.py took 0.033 seconds
