[2024-05-22T01:00:14.234+0000] {processor.py:161} INFO - Started process (PID=29661) to work on /home/airflow/.local/lib/python3.12/site-packages/airflow/example_dags/example_nested_branch_dag.py
[2024-05-22T01:00:14.236+0000] {processor.py:830} INFO - Processing file /home/airflow/.local/lib/python3.12/site-packages/airflow/example_dags/example_nested_branch_dag.py for tasks to queue
[2024-05-22T01:00:14.238+0000] {logging_mixin.py:188} INFO - [2024-05-22T01:00:14.238+0000] {dagbag.py:545} INFO - Filling up the DagBag from /home/airflow/.local/lib/python3.12/site-packages/airflow/example_dags/example_nested_branch_dag.py
[2024-05-22T01:00:14.243+0000] {processor.py:840} INFO - DAG(s) 'example_nested_branch_dag' retrieved from /home/airflow/.local/lib/python3.12/site-packages/airflow/example_dags/example_nested_branch_dag.py
[2024-05-22T01:00:14.254+0000] {logging_mixin.py:188} INFO - [2024-05-22T01:00:14.254+0000] {dag.py:3096} INFO - Sync 1 DAGs
[2024-05-22T01:00:14.265+0000] {logging_mixin.py:188} INFO - [2024-05-22T01:00:14.265+0000] {dag.py:3954} INFO - Setting next_dagrun for example_nested_branch_dag to 2024-05-21 00:00:00+00:00, run_after=2024-05-22 00:00:00+00:00
[2024-05-22T01:00:14.275+0000] {processor.py:183} INFO - Processing /home/airflow/.local/lib/python3.12/site-packages/airflow/example_dags/example_nested_branch_dag.py took 0.044 seconds
[2024-05-22T02:26:34.421+0000] {processor.py:161} INFO - Started process (PID=29719) to work on /home/airflow/.local/lib/python3.12/site-packages/airflow/example_dags/example_nested_branch_dag.py
[2024-05-22T02:26:34.422+0000] {processor.py:830} INFO - Processing file /home/airflow/.local/lib/python3.12/site-packages/airflow/example_dags/example_nested_branch_dag.py for tasks to queue
[2024-05-22T02:26:34.423+0000] {logging_mixin.py:188} INFO - [2024-05-22T02:26:34.422+0000] {dagbag.py:545} INFO - Filling up the DagBag from /home/airflow/.local/lib/python3.12/site-packages/airflow/example_dags/example_nested_branch_dag.py
[2024-05-22T02:26:34.427+0000] {processor.py:840} INFO - DAG(s) 'example_nested_branch_dag' retrieved from /home/airflow/.local/lib/python3.12/site-packages/airflow/example_dags/example_nested_branch_dag.py
[2024-05-22T02:26:34.435+0000] {logging_mixin.py:188} INFO - [2024-05-22T02:26:34.435+0000] {dag.py:3096} INFO - Sync 1 DAGs
[2024-05-22T02:26:34.444+0000] {logging_mixin.py:188} INFO - [2024-05-22T02:26:34.444+0000] {dag.py:3954} INFO - Setting next_dagrun for example_nested_branch_dag to 2024-05-21 00:00:00+00:00, run_after=2024-05-22 00:00:00+00:00
[2024-05-22T02:26:34.451+0000] {processor.py:183} INFO - Processing /home/airflow/.local/lib/python3.12/site-packages/airflow/example_dags/example_nested_branch_dag.py took 0.032 seconds
[2024-05-22T02:27:05.161+0000] {processor.py:161} INFO - Started process (PID=29777) to work on /home/airflow/.local/lib/python3.12/site-packages/airflow/example_dags/example_nested_branch_dag.py
[2024-05-22T02:27:05.162+0000] {processor.py:830} INFO - Processing file /home/airflow/.local/lib/python3.12/site-packages/airflow/example_dags/example_nested_branch_dag.py for tasks to queue
[2024-05-22T02:27:05.162+0000] {logging_mixin.py:188} INFO - [2024-05-22T02:27:05.162+0000] {dagbag.py:545} INFO - Filling up the DagBag from /home/airflow/.local/lib/python3.12/site-packages/airflow/example_dags/example_nested_branch_dag.py
[2024-05-22T02:27:05.167+0000] {processor.py:840} INFO - DAG(s) 'example_nested_branch_dag' retrieved from /home/airflow/.local/lib/python3.12/site-packages/airflow/example_dags/example_nested_branch_dag.py
[2024-05-22T02:27:05.175+0000] {logging_mixin.py:188} INFO - [2024-05-22T02:27:05.175+0000] {dag.py:3096} INFO - Sync 1 DAGs
[2024-05-22T02:27:05.184+0000] {logging_mixin.py:188} INFO - [2024-05-22T02:27:05.184+0000] {dag.py:3954} INFO - Setting next_dagrun for example_nested_branch_dag to 2024-05-21 00:00:00+00:00, run_after=2024-05-22 00:00:00+00:00
[2024-05-22T02:27:05.191+0000] {processor.py:183} INFO - Processing /home/airflow/.local/lib/python3.12/site-packages/airflow/example_dags/example_nested_branch_dag.py took 0.032 seconds
[2024-05-22T03:16:29.261+0000] {processor.py:161} INFO - Started process (PID=29835) to work on /home/airflow/.local/lib/python3.12/site-packages/airflow/example_dags/example_nested_branch_dag.py
[2024-05-22T03:16:29.263+0000] {processor.py:830} INFO - Processing file /home/airflow/.local/lib/python3.12/site-packages/airflow/example_dags/example_nested_branch_dag.py for tasks to queue
[2024-05-22T03:16:29.264+0000] {logging_mixin.py:188} INFO - [2024-05-22T03:16:29.264+0000] {dagbag.py:545} INFO - Filling up the DagBag from /home/airflow/.local/lib/python3.12/site-packages/airflow/example_dags/example_nested_branch_dag.py
[2024-05-22T03:16:29.268+0000] {processor.py:840} INFO - DAG(s) 'example_nested_branch_dag' retrieved from /home/airflow/.local/lib/python3.12/site-packages/airflow/example_dags/example_nested_branch_dag.py
[2024-05-22T03:16:29.277+0000] {logging_mixin.py:188} INFO - [2024-05-22T03:16:29.277+0000] {dag.py:3096} INFO - Sync 1 DAGs
[2024-05-22T03:16:29.285+0000] {logging_mixin.py:188} INFO - [2024-05-22T03:16:29.285+0000] {dag.py:3954} INFO - Setting next_dagrun for example_nested_branch_dag to 2024-05-21 00:00:00+00:00, run_after=2024-05-22 00:00:00+00:00
[2024-05-22T03:16:29.292+0000] {processor.py:183} INFO - Processing /home/airflow/.local/lib/python3.12/site-packages/airflow/example_dags/example_nested_branch_dag.py took 0.034 seconds
[2024-05-22T04:42:08.708+0000] {processor.py:161} INFO - Started process (PID=29893) to work on /home/airflow/.local/lib/python3.12/site-packages/airflow/example_dags/example_nested_branch_dag.py
[2024-05-22T04:42:08.709+0000] {processor.py:830} INFO - Processing file /home/airflow/.local/lib/python3.12/site-packages/airflow/example_dags/example_nested_branch_dag.py for tasks to queue
[2024-05-22T04:42:08.710+0000] {logging_mixin.py:188} INFO - [2024-05-22T04:42:08.710+0000] {dagbag.py:545} INFO - Filling up the DagBag from /home/airflow/.local/lib/python3.12/site-packages/airflow/example_dags/example_nested_branch_dag.py
[2024-05-22T04:42:08.714+0000] {processor.py:840} INFO - DAG(s) 'example_nested_branch_dag' retrieved from /home/airflow/.local/lib/python3.12/site-packages/airflow/example_dags/example_nested_branch_dag.py
[2024-05-22T04:42:08.723+0000] {logging_mixin.py:188} INFO - [2024-05-22T04:42:08.723+0000] {dag.py:3096} INFO - Sync 1 DAGs
[2024-05-22T04:42:08.732+0000] {logging_mixin.py:188} INFO - [2024-05-22T04:42:08.732+0000] {dag.py:3954} INFO - Setting next_dagrun for example_nested_branch_dag to 2024-05-21 00:00:00+00:00, run_after=2024-05-22 00:00:00+00:00
[2024-05-22T04:42:08.738+0000] {processor.py:183} INFO - Processing /home/airflow/.local/lib/python3.12/site-packages/airflow/example_dags/example_nested_branch_dag.py took 0.033 seconds
[2024-05-22T04:42:39.220+0000] {processor.py:161} INFO - Started process (PID=29951) to work on /home/airflow/.local/lib/python3.12/site-packages/airflow/example_dags/example_nested_branch_dag.py
[2024-05-22T04:42:39.221+0000] {processor.py:830} INFO - Processing file /home/airflow/.local/lib/python3.12/site-packages/airflow/example_dags/example_nested_branch_dag.py for tasks to queue
[2024-05-22T04:42:39.222+0000] {logging_mixin.py:188} INFO - [2024-05-22T04:42:39.221+0000] {dagbag.py:545} INFO - Filling up the DagBag from /home/airflow/.local/lib/python3.12/site-packages/airflow/example_dags/example_nested_branch_dag.py
[2024-05-22T04:42:39.226+0000] {processor.py:840} INFO - DAG(s) 'example_nested_branch_dag' retrieved from /home/airflow/.local/lib/python3.12/site-packages/airflow/example_dags/example_nested_branch_dag.py
[2024-05-22T04:42:39.235+0000] {logging_mixin.py:188} INFO - [2024-05-22T04:42:39.235+0000] {dag.py:3096} INFO - Sync 1 DAGs
[2024-05-22T04:42:39.244+0000] {logging_mixin.py:188} INFO - [2024-05-22T04:42:39.244+0000] {dag.py:3954} INFO - Setting next_dagrun for example_nested_branch_dag to 2024-05-21 00:00:00+00:00, run_after=2024-05-22 00:00:00+00:00
[2024-05-22T04:42:39.250+0000] {processor.py:183} INFO - Processing /home/airflow/.local/lib/python3.12/site-packages/airflow/example_dags/example_nested_branch_dag.py took 0.033 seconds
[2024-05-22T05:33:33.543+0000] {processor.py:161} INFO - Started process (PID=30009) to work on /home/airflow/.local/lib/python3.12/site-packages/airflow/example_dags/example_nested_branch_dag.py
[2024-05-22T05:33:33.543+0000] {processor.py:830} INFO - Processing file /home/airflow/.local/lib/python3.12/site-packages/airflow/example_dags/example_nested_branch_dag.py for tasks to queue
[2024-05-22T05:33:33.544+0000] {logging_mixin.py:188} INFO - [2024-05-22T05:33:33.544+0000] {dagbag.py:545} INFO - Filling up the DagBag from /home/airflow/.local/lib/python3.12/site-packages/airflow/example_dags/example_nested_branch_dag.py
[2024-05-22T05:33:33.548+0000] {processor.py:840} INFO - DAG(s) 'example_nested_branch_dag' retrieved from /home/airflow/.local/lib/python3.12/site-packages/airflow/example_dags/example_nested_branch_dag.py
[2024-05-22T05:33:33.558+0000] {logging_mixin.py:188} INFO - [2024-05-22T05:33:33.558+0000] {dag.py:3096} INFO - Sync 1 DAGs
[2024-05-22T05:33:33.568+0000] {logging_mixin.py:188} INFO - [2024-05-22T05:33:33.567+0000] {dag.py:3954} INFO - Setting next_dagrun for example_nested_branch_dag to 2024-05-21 00:00:00+00:00, run_after=2024-05-22 00:00:00+00:00
[2024-05-22T05:33:33.576+0000] {processor.py:183} INFO - Processing /home/airflow/.local/lib/python3.12/site-packages/airflow/example_dags/example_nested_branch_dag.py took 0.036 seconds
[2024-05-22T05:54:38.671+0000] {processor.py:161} INFO - Started process (PID=30067) to work on /home/airflow/.local/lib/python3.12/site-packages/airflow/example_dags/example_nested_branch_dag.py
[2024-05-22T05:54:38.671+0000] {processor.py:830} INFO - Processing file /home/airflow/.local/lib/python3.12/site-packages/airflow/example_dags/example_nested_branch_dag.py for tasks to queue
[2024-05-22T05:54:38.672+0000] {logging_mixin.py:188} INFO - [2024-05-22T05:54:38.672+0000] {dagbag.py:545} INFO - Filling up the DagBag from /home/airflow/.local/lib/python3.12/site-packages/airflow/example_dags/example_nested_branch_dag.py
[2024-05-22T05:54:38.677+0000] {processor.py:840} INFO - DAG(s) 'example_nested_branch_dag' retrieved from /home/airflow/.local/lib/python3.12/site-packages/airflow/example_dags/example_nested_branch_dag.py
[2024-05-22T05:54:38.687+0000] {logging_mixin.py:188} INFO - [2024-05-22T05:54:38.687+0000] {dag.py:3096} INFO - Sync 1 DAGs
[2024-05-22T05:54:38.697+0000] {logging_mixin.py:188} INFO - [2024-05-22T05:54:38.697+0000] {dag.py:3954} INFO - Setting next_dagrun for example_nested_branch_dag to 2024-05-21 00:00:00+00:00, run_after=2024-05-22 00:00:00+00:00
[2024-05-22T05:54:38.705+0000] {processor.py:183} INFO - Processing /home/airflow/.local/lib/python3.12/site-packages/airflow/example_dags/example_nested_branch_dag.py took 0.037 seconds
[2024-05-22T06:02:11.861+0000] {processor.py:161} INFO - Started process (PID=30125) to work on /home/airflow/.local/lib/python3.12/site-packages/airflow/example_dags/example_nested_branch_dag.py
[2024-05-22T06:02:11.861+0000] {processor.py:830} INFO - Processing file /home/airflow/.local/lib/python3.12/site-packages/airflow/example_dags/example_nested_branch_dag.py for tasks to queue
[2024-05-22T06:02:11.862+0000] {logging_mixin.py:188} INFO - [2024-05-22T06:02:11.862+0000] {dagbag.py:545} INFO - Filling up the DagBag from /home/airflow/.local/lib/python3.12/site-packages/airflow/example_dags/example_nested_branch_dag.py
[2024-05-22T06:02:11.867+0000] {processor.py:840} INFO - DAG(s) 'example_nested_branch_dag' retrieved from /home/airflow/.local/lib/python3.12/site-packages/airflow/example_dags/example_nested_branch_dag.py
[2024-05-22T06:02:11.876+0000] {logging_mixin.py:188} INFO - [2024-05-22T06:02:11.876+0000] {dag.py:3096} INFO - Sync 1 DAGs
[2024-05-22T06:02:11.885+0000] {logging_mixin.py:188} INFO - [2024-05-22T06:02:11.885+0000] {dag.py:3954} INFO - Setting next_dagrun for example_nested_branch_dag to 2024-05-21 00:00:00+00:00, run_after=2024-05-22 00:00:00+00:00
[2024-05-22T06:02:11.893+0000] {processor.py:183} INFO - Processing /home/airflow/.local/lib/python3.12/site-packages/airflow/example_dags/example_nested_branch_dag.py took 0.035 seconds
[2024-05-22T06:02:42.433+0000] {processor.py:161} INFO - Started process (PID=30183) to work on /home/airflow/.local/lib/python3.12/site-packages/airflow/example_dags/example_nested_branch_dag.py
[2024-05-22T06:02:42.434+0000] {processor.py:830} INFO - Processing file /home/airflow/.local/lib/python3.12/site-packages/airflow/example_dags/example_nested_branch_dag.py for tasks to queue
[2024-05-22T06:02:42.434+0000] {logging_mixin.py:188} INFO - [2024-05-22T06:02:42.434+0000] {dagbag.py:545} INFO - Filling up the DagBag from /home/airflow/.local/lib/python3.12/site-packages/airflow/example_dags/example_nested_branch_dag.py
[2024-05-22T06:02:42.438+0000] {processor.py:840} INFO - DAG(s) 'example_nested_branch_dag' retrieved from /home/airflow/.local/lib/python3.12/site-packages/airflow/example_dags/example_nested_branch_dag.py
[2024-05-22T06:02:42.448+0000] {logging_mixin.py:188} INFO - [2024-05-22T06:02:42.447+0000] {dag.py:3096} INFO - Sync 1 DAGs
[2024-05-22T06:02:42.457+0000] {logging_mixin.py:188} INFO - [2024-05-22T06:02:42.457+0000] {dag.py:3954} INFO - Setting next_dagrun for example_nested_branch_dag to 2024-05-21 00:00:00+00:00, run_after=2024-05-22 00:00:00+00:00
[2024-05-22T06:02:42.463+0000] {processor.py:183} INFO - Processing /home/airflow/.local/lib/python3.12/site-packages/airflow/example_dags/example_nested_branch_dag.py took 0.033 seconds
[2024-05-22T06:43:16.693+0000] {processor.py:161} INFO - Started process (PID=30241) to work on /home/airflow/.local/lib/python3.12/site-packages/airflow/example_dags/example_nested_branch_dag.py
[2024-05-22T06:43:16.694+0000] {processor.py:830} INFO - Processing file /home/airflow/.local/lib/python3.12/site-packages/airflow/example_dags/example_nested_branch_dag.py for tasks to queue
[2024-05-22T06:43:16.694+0000] {logging_mixin.py:188} INFO - [2024-05-22T06:43:16.694+0000] {dagbag.py:545} INFO - Filling up the DagBag from /home/airflow/.local/lib/python3.12/site-packages/airflow/example_dags/example_nested_branch_dag.py
[2024-05-22T06:43:16.698+0000] {processor.py:840} INFO - DAG(s) 'example_nested_branch_dag' retrieved from /home/airflow/.local/lib/python3.12/site-packages/airflow/example_dags/example_nested_branch_dag.py
[2024-05-22T06:43:16.708+0000] {logging_mixin.py:188} INFO - [2024-05-22T06:43:16.708+0000] {dag.py:3096} INFO - Sync 1 DAGs
[2024-05-22T06:43:16.718+0000] {logging_mixin.py:188} INFO - [2024-05-22T06:43:16.718+0000] {dag.py:3954} INFO - Setting next_dagrun for example_nested_branch_dag to 2024-05-21 00:00:00+00:00, run_after=2024-05-22 00:00:00+00:00
[2024-05-22T06:43:16.725+0000] {processor.py:183} INFO - Processing /home/airflow/.local/lib/python3.12/site-packages/airflow/example_dags/example_nested_branch_dag.py took 0.034 seconds
[2024-05-22T06:43:47.363+0000] {processor.py:161} INFO - Started process (PID=30299) to work on /home/airflow/.local/lib/python3.12/site-packages/airflow/example_dags/example_nested_branch_dag.py
[2024-05-22T06:43:47.364+0000] {processor.py:830} INFO - Processing file /home/airflow/.local/lib/python3.12/site-packages/airflow/example_dags/example_nested_branch_dag.py for tasks to queue
[2024-05-22T06:43:47.365+0000] {logging_mixin.py:188} INFO - [2024-05-22T06:43:47.365+0000] {dagbag.py:545} INFO - Filling up the DagBag from /home/airflow/.local/lib/python3.12/site-packages/airflow/example_dags/example_nested_branch_dag.py
[2024-05-22T06:43:47.369+0000] {processor.py:840} INFO - DAG(s) 'example_nested_branch_dag' retrieved from /home/airflow/.local/lib/python3.12/site-packages/airflow/example_dags/example_nested_branch_dag.py
[2024-05-22T06:43:47.378+0000] {logging_mixin.py:188} INFO - [2024-05-22T06:43:47.378+0000] {dag.py:3096} INFO - Sync 1 DAGs
[2024-05-22T06:43:47.387+0000] {logging_mixin.py:188} INFO - [2024-05-22T06:43:47.387+0000] {dag.py:3954} INFO - Setting next_dagrun for example_nested_branch_dag to 2024-05-21 00:00:00+00:00, run_after=2024-05-22 00:00:00+00:00
[2024-05-22T06:43:47.394+0000] {processor.py:183} INFO - Processing /home/airflow/.local/lib/python3.12/site-packages/airflow/example_dags/example_nested_branch_dag.py took 0.033 seconds
[2024-05-22T07:00:23.868+0000] {processor.py:161} INFO - Started process (PID=30356) to work on /home/airflow/.local/lib/python3.12/site-packages/airflow/example_dags/example_nested_branch_dag.py
[2024-05-22T07:00:23.868+0000] {processor.py:830} INFO - Processing file /home/airflow/.local/lib/python3.12/site-packages/airflow/example_dags/example_nested_branch_dag.py for tasks to queue
[2024-05-22T07:00:23.869+0000] {logging_mixin.py:188} INFO - [2024-05-22T07:00:23.869+0000] {dagbag.py:545} INFO - Filling up the DagBag from /home/airflow/.local/lib/python3.12/site-packages/airflow/example_dags/example_nested_branch_dag.py
[2024-05-22T07:00:23.874+0000] {processor.py:840} INFO - DAG(s) 'example_nested_branch_dag' retrieved from /home/airflow/.local/lib/python3.12/site-packages/airflow/example_dags/example_nested_branch_dag.py
[2024-05-22T07:00:23.882+0000] {logging_mixin.py:188} INFO - [2024-05-22T07:00:23.882+0000] {dag.py:3096} INFO - Sync 1 DAGs
[2024-05-22T07:00:23.891+0000] {logging_mixin.py:188} INFO - [2024-05-22T07:00:23.891+0000] {dag.py:3954} INFO - Setting next_dagrun for example_nested_branch_dag to 2024-05-21 00:00:00+00:00, run_after=2024-05-22 00:00:00+00:00
[2024-05-22T07:00:23.898+0000] {processor.py:183} INFO - Processing /home/airflow/.local/lib/python3.12/site-packages/airflow/example_dags/example_nested_branch_dag.py took 0.033 seconds
[2024-05-22T07:34:45.253+0000] {processor.py:161} INFO - Started process (PID=30414) to work on /home/airflow/.local/lib/python3.12/site-packages/airflow/example_dags/example_nested_branch_dag.py
[2024-05-22T07:34:45.254+0000] {processor.py:830} INFO - Processing file /home/airflow/.local/lib/python3.12/site-packages/airflow/example_dags/example_nested_branch_dag.py for tasks to queue
[2024-05-22T07:34:45.254+0000] {logging_mixin.py:188} INFO - [2024-05-22T07:34:45.254+0000] {dagbag.py:545} INFO - Filling up the DagBag from /home/airflow/.local/lib/python3.12/site-packages/airflow/example_dags/example_nested_branch_dag.py
[2024-05-22T07:34:45.260+0000] {processor.py:840} INFO - DAG(s) 'example_nested_branch_dag' retrieved from /home/airflow/.local/lib/python3.12/site-packages/airflow/example_dags/example_nested_branch_dag.py
[2024-05-22T07:34:45.269+0000] {logging_mixin.py:188} INFO - [2024-05-22T07:34:45.269+0000] {dag.py:3096} INFO - Sync 1 DAGs
[2024-05-22T07:34:45.279+0000] {logging_mixin.py:188} INFO - [2024-05-22T07:34:45.278+0000] {dag.py:3954} INFO - Setting next_dagrun for example_nested_branch_dag to 2024-05-21 00:00:00+00:00, run_after=2024-05-22 00:00:00+00:00
[2024-05-22T07:34:45.287+0000] {processor.py:183} INFO - Processing /home/airflow/.local/lib/python3.12/site-packages/airflow/example_dags/example_nested_branch_dag.py took 0.037 seconds
[2024-05-22T07:44:32.564+0000] {processor.py:161} INFO - Started process (PID=30472) to work on /home/airflow/.local/lib/python3.12/site-packages/airflow/example_dags/example_nested_branch_dag.py
[2024-05-22T07:44:32.565+0000] {processor.py:830} INFO - Processing file /home/airflow/.local/lib/python3.12/site-packages/airflow/example_dags/example_nested_branch_dag.py for tasks to queue
[2024-05-22T07:44:32.566+0000] {logging_mixin.py:188} INFO - [2024-05-22T07:44:32.565+0000] {dagbag.py:545} INFO - Filling up the DagBag from /home/airflow/.local/lib/python3.12/site-packages/airflow/example_dags/example_nested_branch_dag.py
[2024-05-22T07:44:32.570+0000] {processor.py:840} INFO - DAG(s) 'example_nested_branch_dag' retrieved from /home/airflow/.local/lib/python3.12/site-packages/airflow/example_dags/example_nested_branch_dag.py
[2024-05-22T07:44:32.579+0000] {logging_mixin.py:188} INFO - [2024-05-22T07:44:32.579+0000] {dag.py:3096} INFO - Sync 1 DAGs
[2024-05-22T07:44:32.587+0000] {logging_mixin.py:188} INFO - [2024-05-22T07:44:32.587+0000] {dag.py:3954} INFO - Setting next_dagrun for example_nested_branch_dag to 2024-05-21 00:00:00+00:00, run_after=2024-05-22 00:00:00+00:00
[2024-05-22T07:44:32.594+0000] {processor.py:183} INFO - Processing /home/airflow/.local/lib/python3.12/site-packages/airflow/example_dags/example_nested_branch_dag.py took 0.033 seconds
