[2024-05-22T01:00:14.938+0000] {processor.py:161} INFO - Started process (PID=29686) to work on /home/airflow/.local/lib/python3.12/site-packages/airflow/example_dags/example_short_circuit_decorator.py
[2024-05-22T01:00:14.938+0000] {processor.py:830} INFO - Processing file /home/airflow/.local/lib/python3.12/site-packages/airflow/example_dags/example_short_circuit_decorator.py for tasks to queue
[2024-05-22T01:00:14.939+0000] {logging_mixin.py:188} INFO - [2024-05-22T01:00:14.939+0000] {dagbag.py:545} INFO - Filling up the DagBag from /home/airflow/.local/lib/python3.12/site-packages/airflow/example_dags/example_short_circuit_decorator.py
[2024-05-22T01:00:14.943+0000] {processor.py:840} INFO - DAG(s) 'example_short_circuit_decorator' retrieved from /home/airflow/.local/lib/python3.12/site-packages/airflow/example_dags/example_short_circuit_decorator.py
[2024-05-22T01:00:14.953+0000] {logging_mixin.py:188} INFO - [2024-05-22T01:00:14.953+0000] {dag.py:3096} INFO - Sync 1 DAGs
[2024-05-22T01:00:14.961+0000] {logging_mixin.py:188} INFO - [2024-05-22T01:00:14.961+0000] {dag.py:3954} INFO - Setting next_dagrun for example_short_circuit_decorator to 2024-05-21 00:00:00+00:00, run_after=2024-05-22 00:00:00+00:00
[2024-05-22T01:00:14.968+0000] {processor.py:183} INFO - Processing /home/airflow/.local/lib/python3.12/site-packages/airflow/example_dags/example_short_circuit_decorator.py took 0.033 seconds
[2024-05-22T02:26:34.974+0000] {processor.py:161} INFO - Started process (PID=29744) to work on /home/airflow/.local/lib/python3.12/site-packages/airflow/example_dags/example_short_circuit_decorator.py
[2024-05-22T02:26:34.974+0000] {processor.py:830} INFO - Processing file /home/airflow/.local/lib/python3.12/site-packages/airflow/example_dags/example_short_circuit_decorator.py for tasks to queue
[2024-05-22T02:26:34.975+0000] {logging_mixin.py:188} INFO - [2024-05-22T02:26:34.975+0000] {dagbag.py:545} INFO - Filling up the DagBag from /home/airflow/.local/lib/python3.12/site-packages/airflow/example_dags/example_short_circuit_decorator.py
[2024-05-22T02:26:34.979+0000] {processor.py:840} INFO - DAG(s) 'example_short_circuit_decorator' retrieved from /home/airflow/.local/lib/python3.12/site-packages/airflow/example_dags/example_short_circuit_decorator.py
[2024-05-22T02:26:34.989+0000] {logging_mixin.py:188} INFO - [2024-05-22T02:26:34.989+0000] {dag.py:3096} INFO - Sync 1 DAGs
[2024-05-22T02:26:34.998+0000] {logging_mixin.py:188} INFO - [2024-05-22T02:26:34.997+0000] {dag.py:3954} INFO - Setting next_dagrun for example_short_circuit_decorator to 2024-05-21 00:00:00+00:00, run_after=2024-05-22 00:00:00+00:00
[2024-05-22T02:26:35.004+0000] {processor.py:183} INFO - Processing /home/airflow/.local/lib/python3.12/site-packages/airflow/example_dags/example_short_circuit_decorator.py took 0.033 seconds
[2024-05-22T02:27:05.717+0000] {processor.py:161} INFO - Started process (PID=29802) to work on /home/airflow/.local/lib/python3.12/site-packages/airflow/example_dags/example_short_circuit_decorator.py
[2024-05-22T02:27:05.718+0000] {processor.py:830} INFO - Processing file /home/airflow/.local/lib/python3.12/site-packages/airflow/example_dags/example_short_circuit_decorator.py for tasks to queue
[2024-05-22T02:27:05.719+0000] {logging_mixin.py:188} INFO - [2024-05-22T02:27:05.719+0000] {dagbag.py:545} INFO - Filling up the DagBag from /home/airflow/.local/lib/python3.12/site-packages/airflow/example_dags/example_short_circuit_decorator.py
[2024-05-22T02:27:05.723+0000] {processor.py:840} INFO - DAG(s) 'example_short_circuit_decorator' retrieved from /home/airflow/.local/lib/python3.12/site-packages/airflow/example_dags/example_short_circuit_decorator.py
[2024-05-22T02:27:05.733+0000] {logging_mixin.py:188} INFO - [2024-05-22T02:27:05.732+0000] {dag.py:3096} INFO - Sync 1 DAGs
[2024-05-22T02:27:05.743+0000] {logging_mixin.py:188} INFO - [2024-05-22T02:27:05.743+0000] {dag.py:3954} INFO - Setting next_dagrun for example_short_circuit_decorator to 2024-05-21 00:00:00+00:00, run_after=2024-05-22 00:00:00+00:00
[2024-05-22T02:27:05.751+0000] {processor.py:183} INFO - Processing /home/airflow/.local/lib/python3.12/site-packages/airflow/example_dags/example_short_circuit_decorator.py took 0.036 seconds
[2024-05-22T03:16:29.851+0000] {processor.py:161} INFO - Started process (PID=29860) to work on /home/airflow/.local/lib/python3.12/site-packages/airflow/example_dags/example_short_circuit_decorator.py
[2024-05-22T03:16:29.851+0000] {processor.py:830} INFO - Processing file /home/airflow/.local/lib/python3.12/site-packages/airflow/example_dags/example_short_circuit_decorator.py for tasks to queue
[2024-05-22T03:16:29.852+0000] {logging_mixin.py:188} INFO - [2024-05-22T03:16:29.852+0000] {dagbag.py:545} INFO - Filling up the DagBag from /home/airflow/.local/lib/python3.12/site-packages/airflow/example_dags/example_short_circuit_decorator.py
[2024-05-22T03:16:29.856+0000] {processor.py:840} INFO - DAG(s) 'example_short_circuit_decorator' retrieved from /home/airflow/.local/lib/python3.12/site-packages/airflow/example_dags/example_short_circuit_decorator.py
[2024-05-22T03:16:29.865+0000] {logging_mixin.py:188} INFO - [2024-05-22T03:16:29.865+0000] {dag.py:3096} INFO - Sync 1 DAGs
[2024-05-22T03:16:29.874+0000] {logging_mixin.py:188} INFO - [2024-05-22T03:16:29.874+0000] {dag.py:3954} INFO - Setting next_dagrun for example_short_circuit_decorator to 2024-05-21 00:00:00+00:00, run_after=2024-05-22 00:00:00+00:00
[2024-05-22T03:16:29.881+0000] {processor.py:183} INFO - Processing /home/airflow/.local/lib/python3.12/site-packages/airflow/example_dags/example_short_circuit_decorator.py took 0.033 seconds
[2024-05-22T04:42:09.277+0000] {processor.py:161} INFO - Started process (PID=29918) to work on /home/airflow/.local/lib/python3.12/site-packages/airflow/example_dags/example_short_circuit_decorator.py
[2024-05-22T04:42:09.277+0000] {processor.py:830} INFO - Processing file /home/airflow/.local/lib/python3.12/site-packages/airflow/example_dags/example_short_circuit_decorator.py for tasks to queue
[2024-05-22T04:42:09.278+0000] {logging_mixin.py:188} INFO - [2024-05-22T04:42:09.278+0000] {dagbag.py:545} INFO - Filling up the DagBag from /home/airflow/.local/lib/python3.12/site-packages/airflow/example_dags/example_short_circuit_decorator.py
[2024-05-22T04:42:09.282+0000] {processor.py:840} INFO - DAG(s) 'example_short_circuit_decorator' retrieved from /home/airflow/.local/lib/python3.12/site-packages/airflow/example_dags/example_short_circuit_decorator.py
[2024-05-22T04:42:09.290+0000] {logging_mixin.py:188} INFO - [2024-05-22T04:42:09.290+0000] {dag.py:3096} INFO - Sync 1 DAGs
[2024-05-22T04:42:09.299+0000] {logging_mixin.py:188} INFO - [2024-05-22T04:42:09.299+0000] {dag.py:3954} INFO - Setting next_dagrun for example_short_circuit_decorator to 2024-05-21 00:00:00+00:00, run_after=2024-05-22 00:00:00+00:00
[2024-05-22T04:42:09.305+0000] {processor.py:183} INFO - Processing /home/airflow/.local/lib/python3.12/site-packages/airflow/example_dags/example_short_circuit_decorator.py took 0.031 seconds
[2024-05-22T04:42:39.775+0000] {processor.py:161} INFO - Started process (PID=29976) to work on /home/airflow/.local/lib/python3.12/site-packages/airflow/example_dags/example_short_circuit_decorator.py
[2024-05-22T04:42:39.776+0000] {processor.py:830} INFO - Processing file /home/airflow/.local/lib/python3.12/site-packages/airflow/example_dags/example_short_circuit_decorator.py for tasks to queue
[2024-05-22T04:42:39.776+0000] {logging_mixin.py:188} INFO - [2024-05-22T04:42:39.776+0000] {dagbag.py:545} INFO - Filling up the DagBag from /home/airflow/.local/lib/python3.12/site-packages/airflow/example_dags/example_short_circuit_decorator.py
[2024-05-22T04:42:39.780+0000] {processor.py:840} INFO - DAG(s) 'example_short_circuit_decorator' retrieved from /home/airflow/.local/lib/python3.12/site-packages/airflow/example_dags/example_short_circuit_decorator.py
[2024-05-22T04:42:39.790+0000] {logging_mixin.py:188} INFO - [2024-05-22T04:42:39.790+0000] {dag.py:3096} INFO - Sync 1 DAGs
[2024-05-22T04:42:39.798+0000] {logging_mixin.py:188} INFO - [2024-05-22T04:42:39.798+0000] {dag.py:3954} INFO - Setting next_dagrun for example_short_circuit_decorator to 2024-05-21 00:00:00+00:00, run_after=2024-05-22 00:00:00+00:00
[2024-05-22T04:42:39.805+0000] {processor.py:183} INFO - Processing /home/airflow/.local/lib/python3.12/site-packages/airflow/example_dags/example_short_circuit_decorator.py took 0.032 seconds
[2024-05-22T05:33:34.190+0000] {processor.py:161} INFO - Started process (PID=30034) to work on /home/airflow/.local/lib/python3.12/site-packages/airflow/example_dags/example_short_circuit_decorator.py
[2024-05-22T05:33:34.190+0000] {processor.py:830} INFO - Processing file /home/airflow/.local/lib/python3.12/site-packages/airflow/example_dags/example_short_circuit_decorator.py for tasks to queue
[2024-05-22T05:33:34.191+0000] {logging_mixin.py:188} INFO - [2024-05-22T05:33:34.191+0000] {dagbag.py:545} INFO - Filling up the DagBag from /home/airflow/.local/lib/python3.12/site-packages/airflow/example_dags/example_short_circuit_decorator.py
[2024-05-22T05:33:34.195+0000] {processor.py:840} INFO - DAG(s) 'example_short_circuit_decorator' retrieved from /home/airflow/.local/lib/python3.12/site-packages/airflow/example_dags/example_short_circuit_decorator.py
[2024-05-22T05:33:34.204+0000] {logging_mixin.py:188} INFO - [2024-05-22T05:33:34.203+0000] {dag.py:3096} INFO - Sync 1 DAGs
[2024-05-22T05:33:34.211+0000] {logging_mixin.py:188} INFO - [2024-05-22T05:33:34.211+0000] {dag.py:3954} INFO - Setting next_dagrun for example_short_circuit_decorator to 2024-05-21 00:00:00+00:00, run_after=2024-05-22 00:00:00+00:00
[2024-05-22T05:33:34.218+0000] {processor.py:183} INFO - Processing /home/airflow/.local/lib/python3.12/site-packages/airflow/example_dags/example_short_circuit_decorator.py took 0.031 seconds
[2024-05-22T05:54:39.348+0000] {processor.py:161} INFO - Started process (PID=30092) to work on /home/airflow/.local/lib/python3.12/site-packages/airflow/example_dags/example_short_circuit_decorator.py
[2024-05-22T05:54:39.349+0000] {processor.py:830} INFO - Processing file /home/airflow/.local/lib/python3.12/site-packages/airflow/example_dags/example_short_circuit_decorator.py for tasks to queue
[2024-05-22T05:54:39.350+0000] {logging_mixin.py:188} INFO - [2024-05-22T05:54:39.350+0000] {dagbag.py:545} INFO - Filling up the DagBag from /home/airflow/.local/lib/python3.12/site-packages/airflow/example_dags/example_short_circuit_decorator.py
[2024-05-22T05:54:39.354+0000] {processor.py:840} INFO - DAG(s) 'example_short_circuit_decorator' retrieved from /home/airflow/.local/lib/python3.12/site-packages/airflow/example_dags/example_short_circuit_decorator.py
[2024-05-22T05:54:39.363+0000] {logging_mixin.py:188} INFO - [2024-05-22T05:54:39.363+0000] {dag.py:3096} INFO - Sync 1 DAGs
[2024-05-22T05:54:39.372+0000] {logging_mixin.py:188} INFO - [2024-05-22T05:54:39.372+0000] {dag.py:3954} INFO - Setting next_dagrun for example_short_circuit_decorator to 2024-05-21 00:00:00+00:00, run_after=2024-05-22 00:00:00+00:00
[2024-05-22T05:54:39.380+0000] {processor.py:183} INFO - Processing /home/airflow/.local/lib/python3.12/site-packages/airflow/example_dags/example_short_circuit_decorator.py took 0.035 seconds
[2024-05-22T06:02:12.538+0000] {processor.py:161} INFO - Started process (PID=30150) to work on /home/airflow/.local/lib/python3.12/site-packages/airflow/example_dags/example_short_circuit_decorator.py
[2024-05-22T06:02:12.539+0000] {processor.py:830} INFO - Processing file /home/airflow/.local/lib/python3.12/site-packages/airflow/example_dags/example_short_circuit_decorator.py for tasks to queue
[2024-05-22T06:02:12.540+0000] {logging_mixin.py:188} INFO - [2024-05-22T06:02:12.540+0000] {dagbag.py:545} INFO - Filling up the DagBag from /home/airflow/.local/lib/python3.12/site-packages/airflow/example_dags/example_short_circuit_decorator.py
[2024-05-22T06:02:12.544+0000] {processor.py:840} INFO - DAG(s) 'example_short_circuit_decorator' retrieved from /home/airflow/.local/lib/python3.12/site-packages/airflow/example_dags/example_short_circuit_decorator.py
[2024-05-22T06:02:12.554+0000] {logging_mixin.py:188} INFO - [2024-05-22T06:02:12.554+0000] {dag.py:3096} INFO - Sync 1 DAGs
[2024-05-22T06:02:12.563+0000] {logging_mixin.py:188} INFO - [2024-05-22T06:02:12.563+0000] {dag.py:3954} INFO - Setting next_dagrun for example_short_circuit_decorator to 2024-05-21 00:00:00+00:00, run_after=2024-05-22 00:00:00+00:00
[2024-05-22T06:02:12.570+0000] {processor.py:183} INFO - Processing /home/airflow/.local/lib/python3.12/site-packages/airflow/example_dags/example_short_circuit_decorator.py took 0.035 seconds
[2024-05-22T06:02:43.088+0000] {processor.py:161} INFO - Started process (PID=30208) to work on /home/airflow/.local/lib/python3.12/site-packages/airflow/example_dags/example_short_circuit_decorator.py
[2024-05-22T06:02:43.089+0000] {processor.py:830} INFO - Processing file /home/airflow/.local/lib/python3.12/site-packages/airflow/example_dags/example_short_circuit_decorator.py for tasks to queue
[2024-05-22T06:02:43.090+0000] {logging_mixin.py:188} INFO - [2024-05-22T06:02:43.090+0000] {dagbag.py:545} INFO - Filling up the DagBag from /home/airflow/.local/lib/python3.12/site-packages/airflow/example_dags/example_short_circuit_decorator.py
[2024-05-22T06:02:43.094+0000] {processor.py:840} INFO - DAG(s) 'example_short_circuit_decorator' retrieved from /home/airflow/.local/lib/python3.12/site-packages/airflow/example_dags/example_short_circuit_decorator.py
[2024-05-22T06:02:43.103+0000] {logging_mixin.py:188} INFO - [2024-05-22T06:02:43.103+0000] {dag.py:3096} INFO - Sync 1 DAGs
[2024-05-22T06:02:43.111+0000] {logging_mixin.py:188} INFO - [2024-05-22T06:02:43.111+0000] {dag.py:3954} INFO - Setting next_dagrun for example_short_circuit_decorator to 2024-05-21 00:00:00+00:00, run_after=2024-05-22 00:00:00+00:00
[2024-05-22T06:02:43.118+0000] {processor.py:183} INFO - Processing /home/airflow/.local/lib/python3.12/site-packages/airflow/example_dags/example_short_circuit_decorator.py took 0.033 seconds
[2024-05-22T06:43:17.444+0000] {processor.py:161} INFO - Started process (PID=30266) to work on /home/airflow/.local/lib/python3.12/site-packages/airflow/example_dags/example_short_circuit_decorator.py
[2024-05-22T06:43:17.447+0000] {processor.py:830} INFO - Processing file /home/airflow/.local/lib/python3.12/site-packages/airflow/example_dags/example_short_circuit_decorator.py for tasks to queue
[2024-05-22T06:43:17.448+0000] {logging_mixin.py:188} INFO - [2024-05-22T06:43:17.447+0000] {dagbag.py:545} INFO - Filling up the DagBag from /home/airflow/.local/lib/python3.12/site-packages/airflow/example_dags/example_short_circuit_decorator.py
[2024-05-22T06:43:17.451+0000] {processor.py:840} INFO - DAG(s) 'example_short_circuit_decorator' retrieved from /home/airflow/.local/lib/python3.12/site-packages/airflow/example_dags/example_short_circuit_decorator.py
[2024-05-22T06:43:17.461+0000] {logging_mixin.py:188} INFO - [2024-05-22T06:43:17.461+0000] {dag.py:3096} INFO - Sync 1 DAGs
[2024-05-22T06:43:17.470+0000] {logging_mixin.py:188} INFO - [2024-05-22T06:43:17.470+0000] {dag.py:3954} INFO - Setting next_dagrun for example_short_circuit_decorator to 2024-05-21 00:00:00+00:00, run_after=2024-05-22 00:00:00+00:00
[2024-05-22T06:43:17.476+0000] {processor.py:183} INFO - Processing /home/airflow/.local/lib/python3.12/site-packages/airflow/example_dags/example_short_circuit_decorator.py took 0.036 seconds
[2024-05-22T06:43:47.940+0000] {processor.py:161} INFO - Started process (PID=30324) to work on /home/airflow/.local/lib/python3.12/site-packages/airflow/example_dags/example_short_circuit_decorator.py
[2024-05-22T06:43:47.940+0000] {processor.py:830} INFO - Processing file /home/airflow/.local/lib/python3.12/site-packages/airflow/example_dags/example_short_circuit_decorator.py for tasks to queue
[2024-05-22T06:43:47.941+0000] {logging_mixin.py:188} INFO - [2024-05-22T06:43:47.941+0000] {dagbag.py:545} INFO - Filling up the DagBag from /home/airflow/.local/lib/python3.12/site-packages/airflow/example_dags/example_short_circuit_decorator.py
[2024-05-22T06:43:47.945+0000] {processor.py:840} INFO - DAG(s) 'example_short_circuit_decorator' retrieved from /home/airflow/.local/lib/python3.12/site-packages/airflow/example_dags/example_short_circuit_decorator.py
[2024-05-22T06:43:47.955+0000] {logging_mixin.py:188} INFO - [2024-05-22T06:43:47.955+0000] {dag.py:3096} INFO - Sync 1 DAGs
[2024-05-22T06:43:47.964+0000] {logging_mixin.py:188} INFO - [2024-05-22T06:43:47.964+0000] {dag.py:3954} INFO - Setting next_dagrun for example_short_circuit_decorator to 2024-05-21 00:00:00+00:00, run_after=2024-05-22 00:00:00+00:00
[2024-05-22T06:43:47.970+0000] {processor.py:183} INFO - Processing /home/airflow/.local/lib/python3.12/site-packages/airflow/example_dags/example_short_circuit_decorator.py took 0.033 seconds
[2024-05-22T07:00:24.532+0000] {processor.py:161} INFO - Started process (PID=30381) to work on /home/airflow/.local/lib/python3.12/site-packages/airflow/example_dags/example_short_circuit_decorator.py
[2024-05-22T07:00:24.533+0000] {processor.py:830} INFO - Processing file /home/airflow/.local/lib/python3.12/site-packages/airflow/example_dags/example_short_circuit_decorator.py for tasks to queue
[2024-05-22T07:00:24.534+0000] {logging_mixin.py:188} INFO - [2024-05-22T07:00:24.534+0000] {dagbag.py:545} INFO - Filling up the DagBag from /home/airflow/.local/lib/python3.12/site-packages/airflow/example_dags/example_short_circuit_decorator.py
[2024-05-22T07:00:24.537+0000] {processor.py:840} INFO - DAG(s) 'example_short_circuit_decorator' retrieved from /home/airflow/.local/lib/python3.12/site-packages/airflow/example_dags/example_short_circuit_decorator.py
[2024-05-22T07:00:24.546+0000] {logging_mixin.py:188} INFO - [2024-05-22T07:00:24.546+0000] {dag.py:3096} INFO - Sync 1 DAGs
[2024-05-22T07:00:24.554+0000] {logging_mixin.py:188} INFO - [2024-05-22T07:00:24.554+0000] {dag.py:3954} INFO - Setting next_dagrun for example_short_circuit_decorator to 2024-05-21 00:00:00+00:00, run_after=2024-05-22 00:00:00+00:00
[2024-05-22T07:00:24.560+0000] {processor.py:183} INFO - Processing /home/airflow/.local/lib/python3.12/site-packages/airflow/example_dags/example_short_circuit_decorator.py took 0.030 seconds
[2024-05-22T07:34:45.906+0000] {processor.py:161} INFO - Started process (PID=30439) to work on /home/airflow/.local/lib/python3.12/site-packages/airflow/example_dags/example_short_circuit_decorator.py
[2024-05-22T07:34:45.907+0000] {processor.py:830} INFO - Processing file /home/airflow/.local/lib/python3.12/site-packages/airflow/example_dags/example_short_circuit_decorator.py for tasks to queue
[2024-05-22T07:34:45.908+0000] {logging_mixin.py:188} INFO - [2024-05-22T07:34:45.908+0000] {dagbag.py:545} INFO - Filling up the DagBag from /home/airflow/.local/lib/python3.12/site-packages/airflow/example_dags/example_short_circuit_decorator.py
[2024-05-22T07:34:45.915+0000] {processor.py:840} INFO - DAG(s) 'example_short_circuit_decorator' retrieved from /home/airflow/.local/lib/python3.12/site-packages/airflow/example_dags/example_short_circuit_decorator.py
[2024-05-22T07:34:45.930+0000] {logging_mixin.py:188} INFO - [2024-05-22T07:34:45.930+0000] {dag.py:3096} INFO - Sync 1 DAGs
[2024-05-22T07:34:45.939+0000] {logging_mixin.py:188} INFO - [2024-05-22T07:34:45.939+0000] {dag.py:3954} INFO - Setting next_dagrun for example_short_circuit_decorator to 2024-05-21 00:00:00+00:00, run_after=2024-05-22 00:00:00+00:00
[2024-05-22T07:34:45.946+0000] {processor.py:183} INFO - Processing /home/airflow/.local/lib/python3.12/site-packages/airflow/example_dags/example_short_circuit_decorator.py took 0.045 seconds
