[2024-05-22T01:00:15.182+0000] {processor.py:161} INFO - Started process (PID=29696) to work on /home/airflow/.local/lib/python3.12/site-packages/airflow/example_dags/example_bash_operator.py
[2024-05-22T01:00:15.183+0000] {processor.py:830} INFO - Processing file /home/airflow/.local/lib/python3.12/site-packages/airflow/example_dags/example_bash_operator.py for tasks to queue
[2024-05-22T01:00:15.184+0000] {logging_mixin.py:188} INFO - [2024-05-22T01:00:15.183+0000] {dagbag.py:545} INFO - Filling up the DagBag from /home/airflow/.local/lib/python3.12/site-packages/airflow/example_dags/example_bash_operator.py
[2024-05-22T01:00:15.189+0000] {processor.py:840} INFO - DAG(s) 'example_bash_operator' retrieved from /home/airflow/.local/lib/python3.12/site-packages/airflow/example_dags/example_bash_operator.py
[2024-05-22T01:00:15.199+0000] {logging_mixin.py:188} INFO - [2024-05-22T01:00:15.199+0000] {dag.py:3096} INFO - Sync 1 DAGs
[2024-05-22T01:00:15.209+0000] {logging_mixin.py:188} INFO - [2024-05-22T01:00:15.209+0000] {dag.py:3954} INFO - Setting next_dagrun for example_bash_operator to 2024-05-21 00:00:00+00:00, run_after=2024-05-22 00:00:00+00:00
[2024-05-22T01:00:15.216+0000] {processor.py:183} INFO - Processing /home/airflow/.local/lib/python3.12/site-packages/airflow/example_dags/example_bash_operator.py took 0.036 seconds
[2024-05-22T02:26:35.174+0000] {processor.py:161} INFO - Started process (PID=29754) to work on /home/airflow/.local/lib/python3.12/site-packages/airflow/example_dags/example_bash_operator.py
[2024-05-22T02:26:35.174+0000] {processor.py:830} INFO - Processing file /home/airflow/.local/lib/python3.12/site-packages/airflow/example_dags/example_bash_operator.py for tasks to queue
[2024-05-22T02:26:35.175+0000] {logging_mixin.py:188} INFO - [2024-05-22T02:26:35.175+0000] {dagbag.py:545} INFO - Filling up the DagBag from /home/airflow/.local/lib/python3.12/site-packages/airflow/example_dags/example_bash_operator.py
[2024-05-22T02:26:35.180+0000] {processor.py:840} INFO - DAG(s) 'example_bash_operator' retrieved from /home/airflow/.local/lib/python3.12/site-packages/airflow/example_dags/example_bash_operator.py
[2024-05-22T02:26:35.191+0000] {logging_mixin.py:188} INFO - [2024-05-22T02:26:35.191+0000] {dag.py:3096} INFO - Sync 1 DAGs
[2024-05-22T02:26:35.200+0000] {logging_mixin.py:188} INFO - [2024-05-22T02:26:35.200+0000] {dag.py:3954} INFO - Setting next_dagrun for example_bash_operator to 2024-05-21 00:00:00+00:00, run_after=2024-05-22 00:00:00+00:00
[2024-05-22T02:26:35.208+0000] {processor.py:183} INFO - Processing /home/airflow/.local/lib/python3.12/site-packages/airflow/example_dags/example_bash_operator.py took 0.037 seconds
[2024-05-22T02:27:05.967+0000] {processor.py:161} INFO - Started process (PID=29812) to work on /home/airflow/.local/lib/python3.12/site-packages/airflow/example_dags/example_bash_operator.py
[2024-05-22T02:27:05.968+0000] {processor.py:830} INFO - Processing file /home/airflow/.local/lib/python3.12/site-packages/airflow/example_dags/example_bash_operator.py for tasks to queue
[2024-05-22T02:27:05.969+0000] {logging_mixin.py:188} INFO - [2024-05-22T02:27:05.968+0000] {dagbag.py:545} INFO - Filling up the DagBag from /home/airflow/.local/lib/python3.12/site-packages/airflow/example_dags/example_bash_operator.py
[2024-05-22T02:27:05.973+0000] {processor.py:840} INFO - DAG(s) 'example_bash_operator' retrieved from /home/airflow/.local/lib/python3.12/site-packages/airflow/example_dags/example_bash_operator.py
[2024-05-22T02:27:05.984+0000] {logging_mixin.py:188} INFO - [2024-05-22T02:27:05.984+0000] {dag.py:3096} INFO - Sync 1 DAGs
[2024-05-22T02:27:05.993+0000] {logging_mixin.py:188} INFO - [2024-05-22T02:27:05.993+0000] {dag.py:3954} INFO - Setting next_dagrun for example_bash_operator to 2024-05-21 00:00:00+00:00, run_after=2024-05-22 00:00:00+00:00
[2024-05-22T02:27:06.000+0000] {processor.py:183} INFO - Processing /home/airflow/.local/lib/python3.12/site-packages/airflow/example_dags/example_bash_operator.py took 0.035 seconds
[2024-05-22T03:16:30.085+0000] {processor.py:161} INFO - Started process (PID=29870) to work on /home/airflow/.local/lib/python3.12/site-packages/airflow/example_dags/example_bash_operator.py
[2024-05-22T03:16:30.086+0000] {processor.py:830} INFO - Processing file /home/airflow/.local/lib/python3.12/site-packages/airflow/example_dags/example_bash_operator.py for tasks to queue
[2024-05-22T03:16:30.087+0000] {logging_mixin.py:188} INFO - [2024-05-22T03:16:30.087+0000] {dagbag.py:545} INFO - Filling up the DagBag from /home/airflow/.local/lib/python3.12/site-packages/airflow/example_dags/example_bash_operator.py
[2024-05-22T03:16:30.092+0000] {processor.py:840} INFO - DAG(s) 'example_bash_operator' retrieved from /home/airflow/.local/lib/python3.12/site-packages/airflow/example_dags/example_bash_operator.py
[2024-05-22T03:16:30.102+0000] {logging_mixin.py:188} INFO - [2024-05-22T03:16:30.102+0000] {dag.py:3096} INFO - Sync 1 DAGs
[2024-05-22T03:16:30.112+0000] {logging_mixin.py:188} INFO - [2024-05-22T03:16:30.112+0000] {dag.py:3954} INFO - Setting next_dagrun for example_bash_operator to 2024-05-21 00:00:00+00:00, run_after=2024-05-22 00:00:00+00:00
[2024-05-22T03:16:30.118+0000] {processor.py:183} INFO - Processing /home/airflow/.local/lib/python3.12/site-packages/airflow/example_dags/example_bash_operator.py took 0.036 seconds
[2024-05-22T04:42:09.489+0000] {processor.py:161} INFO - Started process (PID=29928) to work on /home/airflow/.local/lib/python3.12/site-packages/airflow/example_dags/example_bash_operator.py
[2024-05-22T04:42:09.490+0000] {processor.py:830} INFO - Processing file /home/airflow/.local/lib/python3.12/site-packages/airflow/example_dags/example_bash_operator.py for tasks to queue
[2024-05-22T04:42:09.491+0000] {logging_mixin.py:188} INFO - [2024-05-22T04:42:09.491+0000] {dagbag.py:545} INFO - Filling up the DagBag from /home/airflow/.local/lib/python3.12/site-packages/airflow/example_dags/example_bash_operator.py
[2024-05-22T04:42:09.495+0000] {processor.py:840} INFO - DAG(s) 'example_bash_operator' retrieved from /home/airflow/.local/lib/python3.12/site-packages/airflow/example_dags/example_bash_operator.py
[2024-05-22T04:42:09.505+0000] {logging_mixin.py:188} INFO - [2024-05-22T04:42:09.505+0000] {dag.py:3096} INFO - Sync 1 DAGs
[2024-05-22T04:42:09.514+0000] {logging_mixin.py:188} INFO - [2024-05-22T04:42:09.514+0000] {dag.py:3954} INFO - Setting next_dagrun for example_bash_operator to 2024-05-21 00:00:00+00:00, run_after=2024-05-22 00:00:00+00:00
[2024-05-22T04:42:09.521+0000] {processor.py:183} INFO - Processing /home/airflow/.local/lib/python3.12/site-packages/airflow/example_dags/example_bash_operator.py took 0.034 seconds
[2024-05-22T04:42:40.047+0000] {processor.py:161} INFO - Started process (PID=29986) to work on /home/airflow/.local/lib/python3.12/site-packages/airflow/example_dags/example_bash_operator.py
[2024-05-22T04:42:40.048+0000] {processor.py:830} INFO - Processing file /home/airflow/.local/lib/python3.12/site-packages/airflow/example_dags/example_bash_operator.py for tasks to queue
[2024-05-22T04:42:40.049+0000] {logging_mixin.py:188} INFO - [2024-05-22T04:42:40.049+0000] {dagbag.py:545} INFO - Filling up the DagBag from /home/airflow/.local/lib/python3.12/site-packages/airflow/example_dags/example_bash_operator.py
[2024-05-22T04:42:40.054+0000] {processor.py:840} INFO - DAG(s) 'example_bash_operator' retrieved from /home/airflow/.local/lib/python3.12/site-packages/airflow/example_dags/example_bash_operator.py
[2024-05-22T04:42:40.064+0000] {logging_mixin.py:188} INFO - [2024-05-22T04:42:40.064+0000] {dag.py:3096} INFO - Sync 1 DAGs
[2024-05-22T04:42:40.074+0000] {logging_mixin.py:188} INFO - [2024-05-22T04:42:40.074+0000] {dag.py:3954} INFO - Setting next_dagrun for example_bash_operator to 2024-05-21 00:00:00+00:00, run_after=2024-05-22 00:00:00+00:00
[2024-05-22T04:42:40.082+0000] {processor.py:183} INFO - Processing /home/airflow/.local/lib/python3.12/site-packages/airflow/example_dags/example_bash_operator.py took 0.037 seconds
[2024-05-22T05:33:34.389+0000] {processor.py:161} INFO - Started process (PID=30044) to work on /home/airflow/.local/lib/python3.12/site-packages/airflow/example_dags/example_bash_operator.py
[2024-05-22T05:33:34.389+0000] {processor.py:830} INFO - Processing file /home/airflow/.local/lib/python3.12/site-packages/airflow/example_dags/example_bash_operator.py for tasks to queue
[2024-05-22T05:33:34.390+0000] {logging_mixin.py:188} INFO - [2024-05-22T05:33:34.390+0000] {dagbag.py:545} INFO - Filling up the DagBag from /home/airflow/.local/lib/python3.12/site-packages/airflow/example_dags/example_bash_operator.py
[2024-05-22T05:33:34.395+0000] {processor.py:840} INFO - DAG(s) 'example_bash_operator' retrieved from /home/airflow/.local/lib/python3.12/site-packages/airflow/example_dags/example_bash_operator.py
[2024-05-22T05:33:34.407+0000] {logging_mixin.py:188} INFO - [2024-05-22T05:33:34.407+0000] {dag.py:3096} INFO - Sync 1 DAGs
[2024-05-22T05:33:34.416+0000] {logging_mixin.py:188} INFO - [2024-05-22T05:33:34.416+0000] {dag.py:3954} INFO - Setting next_dagrun for example_bash_operator to 2024-05-21 00:00:00+00:00, run_after=2024-05-22 00:00:00+00:00
[2024-05-22T05:33:34.423+0000] {processor.py:183} INFO - Processing /home/airflow/.local/lib/python3.12/site-packages/airflow/example_dags/example_bash_operator.py took 0.037 seconds
[2024-05-22T05:54:39.596+0000] {processor.py:161} INFO - Started process (PID=30102) to work on /home/airflow/.local/lib/python3.12/site-packages/airflow/example_dags/example_bash_operator.py
[2024-05-22T05:54:39.596+0000] {processor.py:830} INFO - Processing file /home/airflow/.local/lib/python3.12/site-packages/airflow/example_dags/example_bash_operator.py for tasks to queue
[2024-05-22T05:54:39.597+0000] {logging_mixin.py:188} INFO - [2024-05-22T05:54:39.597+0000] {dagbag.py:545} INFO - Filling up the DagBag from /home/airflow/.local/lib/python3.12/site-packages/airflow/example_dags/example_bash_operator.py
[2024-05-22T05:54:39.602+0000] {processor.py:840} INFO - DAG(s) 'example_bash_operator' retrieved from /home/airflow/.local/lib/python3.12/site-packages/airflow/example_dags/example_bash_operator.py
[2024-05-22T05:54:39.614+0000] {logging_mixin.py:188} INFO - [2024-05-22T05:54:39.613+0000] {dag.py:3096} INFO - Sync 1 DAGs
[2024-05-22T05:54:39.623+0000] {logging_mixin.py:188} INFO - [2024-05-22T05:54:39.623+0000] {dag.py:3954} INFO - Setting next_dagrun for example_bash_operator to 2024-05-21 00:00:00+00:00, run_after=2024-05-22 00:00:00+00:00
[2024-05-22T05:54:39.630+0000] {processor.py:183} INFO - Processing /home/airflow/.local/lib/python3.12/site-packages/airflow/example_dags/example_bash_operator.py took 0.038 seconds
[2024-05-22T06:02:12.790+0000] {processor.py:161} INFO - Started process (PID=30160) to work on /home/airflow/.local/lib/python3.12/site-packages/airflow/example_dags/example_bash_operator.py
[2024-05-22T06:02:12.791+0000] {processor.py:830} INFO - Processing file /home/airflow/.local/lib/python3.12/site-packages/airflow/example_dags/example_bash_operator.py for tasks to queue
[2024-05-22T06:02:12.792+0000] {logging_mixin.py:188} INFO - [2024-05-22T06:02:12.792+0000] {dagbag.py:545} INFO - Filling up the DagBag from /home/airflow/.local/lib/python3.12/site-packages/airflow/example_dags/example_bash_operator.py
[2024-05-22T06:02:12.797+0000] {processor.py:840} INFO - DAG(s) 'example_bash_operator' retrieved from /home/airflow/.local/lib/python3.12/site-packages/airflow/example_dags/example_bash_operator.py
[2024-05-22T06:02:12.808+0000] {logging_mixin.py:188} INFO - [2024-05-22T06:02:12.808+0000] {dag.py:3096} INFO - Sync 1 DAGs
[2024-05-22T06:02:12.818+0000] {logging_mixin.py:188} INFO - [2024-05-22T06:02:12.817+0000] {dag.py:3954} INFO - Setting next_dagrun for example_bash_operator to 2024-05-21 00:00:00+00:00, run_after=2024-05-22 00:00:00+00:00
[2024-05-22T06:02:12.825+0000] {processor.py:183} INFO - Processing /home/airflow/.local/lib/python3.12/site-packages/airflow/example_dags/example_bash_operator.py took 0.037 seconds
[2024-05-22T06:02:43.333+0000] {processor.py:161} INFO - Started process (PID=30218) to work on /home/airflow/.local/lib/python3.12/site-packages/airflow/example_dags/example_bash_operator.py
[2024-05-22T06:02:43.334+0000] {processor.py:830} INFO - Processing file /home/airflow/.local/lib/python3.12/site-packages/airflow/example_dags/example_bash_operator.py for tasks to queue
[2024-05-22T06:02:43.334+0000] {logging_mixin.py:188} INFO - [2024-05-22T06:02:43.334+0000] {dagbag.py:545} INFO - Filling up the DagBag from /home/airflow/.local/lib/python3.12/site-packages/airflow/example_dags/example_bash_operator.py
[2024-05-22T06:02:43.340+0000] {processor.py:840} INFO - DAG(s) 'example_bash_operator' retrieved from /home/airflow/.local/lib/python3.12/site-packages/airflow/example_dags/example_bash_operator.py
[2024-05-22T06:02:43.350+0000] {logging_mixin.py:188} INFO - [2024-05-22T06:02:43.350+0000] {dag.py:3096} INFO - Sync 1 DAGs
[2024-05-22T06:02:43.359+0000] {logging_mixin.py:188} INFO - [2024-05-22T06:02:43.359+0000] {dag.py:3954} INFO - Setting next_dagrun for example_bash_operator to 2024-05-21 00:00:00+00:00, run_after=2024-05-22 00:00:00+00:00
[2024-05-22T06:02:43.366+0000] {processor.py:183} INFO - Processing /home/airflow/.local/lib/python3.12/site-packages/airflow/example_dags/example_bash_operator.py took 0.036 seconds
[2024-05-22T06:43:17.693+0000] {processor.py:161} INFO - Started process (PID=30276) to work on /home/airflow/.local/lib/python3.12/site-packages/airflow/example_dags/example_bash_operator.py
[2024-05-22T06:43:17.693+0000] {processor.py:830} INFO - Processing file /home/airflow/.local/lib/python3.12/site-packages/airflow/example_dags/example_bash_operator.py for tasks to queue
[2024-05-22T06:43:17.694+0000] {logging_mixin.py:188} INFO - [2024-05-22T06:43:17.694+0000] {dagbag.py:545} INFO - Filling up the DagBag from /home/airflow/.local/lib/python3.12/site-packages/airflow/example_dags/example_bash_operator.py
[2024-05-22T06:43:17.699+0000] {processor.py:840} INFO - DAG(s) 'example_bash_operator' retrieved from /home/airflow/.local/lib/python3.12/site-packages/airflow/example_dags/example_bash_operator.py
[2024-05-22T06:43:17.710+0000] {logging_mixin.py:188} INFO - [2024-05-22T06:43:17.710+0000] {dag.py:3096} INFO - Sync 1 DAGs
[2024-05-22T06:43:17.719+0000] {logging_mixin.py:188} INFO - [2024-05-22T06:43:17.719+0000] {dag.py:3954} INFO - Setting next_dagrun for example_bash_operator to 2024-05-21 00:00:00+00:00, run_after=2024-05-22 00:00:00+00:00
[2024-05-22T06:43:17.727+0000] {processor.py:183} INFO - Processing /home/airflow/.local/lib/python3.12/site-packages/airflow/example_dags/example_bash_operator.py took 0.037 seconds
[2024-05-22T06:43:48.140+0000] {processor.py:161} INFO - Started process (PID=30334) to work on /home/airflow/.local/lib/python3.12/site-packages/airflow/example_dags/example_bash_operator.py
[2024-05-22T06:43:48.141+0000] {processor.py:830} INFO - Processing file /home/airflow/.local/lib/python3.12/site-packages/airflow/example_dags/example_bash_operator.py for tasks to queue
[2024-05-22T06:43:48.142+0000] {logging_mixin.py:188} INFO - [2024-05-22T06:43:48.141+0000] {dagbag.py:545} INFO - Filling up the DagBag from /home/airflow/.local/lib/python3.12/site-packages/airflow/example_dags/example_bash_operator.py
[2024-05-22T06:43:48.146+0000] {processor.py:840} INFO - DAG(s) 'example_bash_operator' retrieved from /home/airflow/.local/lib/python3.12/site-packages/airflow/example_dags/example_bash_operator.py
[2024-05-22T06:43:48.157+0000] {logging_mixin.py:188} INFO - [2024-05-22T06:43:48.157+0000] {dag.py:3096} INFO - Sync 1 DAGs
[2024-05-22T06:43:48.166+0000] {logging_mixin.py:188} INFO - [2024-05-22T06:43:48.166+0000] {dag.py:3954} INFO - Setting next_dagrun for example_bash_operator to 2024-05-21 00:00:00+00:00, run_after=2024-05-22 00:00:00+00:00
[2024-05-22T06:43:48.173+0000] {processor.py:183} INFO - Processing /home/airflow/.local/lib/python3.12/site-packages/airflow/example_dags/example_bash_operator.py took 0.035 seconds
[2024-05-22T07:00:24.732+0000] {processor.py:161} INFO - Started process (PID=30391) to work on /home/airflow/.local/lib/python3.12/site-packages/airflow/example_dags/example_bash_operator.py
[2024-05-22T07:00:24.733+0000] {processor.py:830} INFO - Processing file /home/airflow/.local/lib/python3.12/site-packages/airflow/example_dags/example_bash_operator.py for tasks to queue
[2024-05-22T07:00:24.734+0000] {logging_mixin.py:188} INFO - [2024-05-22T07:00:24.733+0000] {dagbag.py:545} INFO - Filling up the DagBag from /home/airflow/.local/lib/python3.12/site-packages/airflow/example_dags/example_bash_operator.py
[2024-05-22T07:00:24.738+0000] {processor.py:840} INFO - DAG(s) 'example_bash_operator' retrieved from /home/airflow/.local/lib/python3.12/site-packages/airflow/example_dags/example_bash_operator.py
[2024-05-22T07:00:24.748+0000] {logging_mixin.py:188} INFO - [2024-05-22T07:00:24.748+0000] {dag.py:3096} INFO - Sync 1 DAGs
[2024-05-22T07:00:24.756+0000] {logging_mixin.py:188} INFO - [2024-05-22T07:00:24.756+0000] {dag.py:3954} INFO - Setting next_dagrun for example_bash_operator to 2024-05-21 00:00:00+00:00, run_after=2024-05-22 00:00:00+00:00
[2024-05-22T07:00:24.763+0000] {processor.py:183} INFO - Processing /home/airflow/.local/lib/python3.12/site-packages/airflow/example_dags/example_bash_operator.py took 0.034 seconds
[2024-05-22T07:34:46.139+0000] {processor.py:161} INFO - Started process (PID=30449) to work on /home/airflow/.local/lib/python3.12/site-packages/airflow/example_dags/example_bash_operator.py
[2024-05-22T07:34:46.139+0000] {processor.py:830} INFO - Processing file /home/airflow/.local/lib/python3.12/site-packages/airflow/example_dags/example_bash_operator.py for tasks to queue
[2024-05-22T07:34:46.140+0000] {logging_mixin.py:188} INFO - [2024-05-22T07:34:46.140+0000] {dagbag.py:545} INFO - Filling up the DagBag from /home/airflow/.local/lib/python3.12/site-packages/airflow/example_dags/example_bash_operator.py
[2024-05-22T07:34:46.145+0000] {processor.py:840} INFO - DAG(s) 'example_bash_operator' retrieved from /home/airflow/.local/lib/python3.12/site-packages/airflow/example_dags/example_bash_operator.py
[2024-05-22T07:34:46.156+0000] {logging_mixin.py:188} INFO - [2024-05-22T07:34:46.156+0000] {dag.py:3096} INFO - Sync 1 DAGs
[2024-05-22T07:34:46.166+0000] {logging_mixin.py:188} INFO - [2024-05-22T07:34:46.166+0000] {dag.py:3954} INFO - Setting next_dagrun for example_bash_operator to 2024-05-21 00:00:00+00:00, run_after=2024-05-22 00:00:00+00:00
[2024-05-22T07:34:46.173+0000] {processor.py:183} INFO - Processing /home/airflow/.local/lib/python3.12/site-packages/airflow/example_dags/example_bash_operator.py took 0.037 seconds
