[2024-05-22T01:00:15.140+0000] {processor.py:161} INFO - Started process (PID=29695) to work on /home/airflow/.local/lib/python3.12/site-packages/airflow/example_dags/example_params_trigger_ui.py
[2024-05-22T01:00:15.140+0000] {processor.py:830} INFO - Processing file /home/airflow/.local/lib/python3.12/site-packages/airflow/example_dags/example_params_trigger_ui.py for tasks to queue
[2024-05-22T01:00:15.141+0000] {logging_mixin.py:188} INFO - [2024-05-22T01:00:15.141+0000] {dagbag.py:545} INFO - Filling up the DagBag from /home/airflow/.local/lib/python3.12/site-packages/airflow/example_dags/example_params_trigger_ui.py
[2024-05-22T01:00:15.146+0000] {processor.py:840} INFO - DAG(s) 'example_params_trigger_ui' retrieved from /home/airflow/.local/lib/python3.12/site-packages/airflow/example_dags/example_params_trigger_ui.py
[2024-05-22T01:00:15.161+0000] {logging_mixin.py:188} INFO - [2024-05-22T01:00:15.161+0000] {dag.py:3096} INFO - Sync 1 DAGs
[2024-05-22T01:00:15.165+0000] {logging_mixin.py:188} INFO - [2024-05-22T01:00:15.165+0000] {dag.py:3954} INFO - Setting next_dagrun for example_params_trigger_ui to None, run_after=None
[2024-05-22T01:00:15.172+0000] {processor.py:183} INFO - Processing /home/airflow/.local/lib/python3.12/site-packages/airflow/example_dags/example_params_trigger_ui.py took 0.035 seconds
[2024-05-22T02:26:35.172+0000] {processor.py:161} INFO - Started process (PID=29753) to work on /home/airflow/.local/lib/python3.12/site-packages/airflow/example_dags/example_params_trigger_ui.py
[2024-05-22T02:26:35.173+0000] {processor.py:830} INFO - Processing file /home/airflow/.local/lib/python3.12/site-packages/airflow/example_dags/example_params_trigger_ui.py for tasks to queue
[2024-05-22T02:26:35.174+0000] {logging_mixin.py:188} INFO - [2024-05-22T02:26:35.174+0000] {dagbag.py:545} INFO - Filling up the DagBag from /home/airflow/.local/lib/python3.12/site-packages/airflow/example_dags/example_params_trigger_ui.py
[2024-05-22T02:26:35.180+0000] {processor.py:840} INFO - DAG(s) 'example_params_trigger_ui' retrieved from /home/airflow/.local/lib/python3.12/site-packages/airflow/example_dags/example_params_trigger_ui.py
[2024-05-22T02:26:35.196+0000] {logging_mixin.py:188} INFO - [2024-05-22T02:26:35.196+0000] {dag.py:3096} INFO - Sync 1 DAGs
[2024-05-22T02:26:35.201+0000] {logging_mixin.py:188} INFO - [2024-05-22T02:26:35.201+0000] {dag.py:3954} INFO - Setting next_dagrun for example_params_trigger_ui to None, run_after=None
[2024-05-22T02:26:35.208+0000] {processor.py:183} INFO - Processing /home/airflow/.local/lib/python3.12/site-packages/airflow/example_dags/example_params_trigger_ui.py took 0.039 seconds
[2024-05-22T02:27:05.966+0000] {processor.py:161} INFO - Started process (PID=29811) to work on /home/airflow/.local/lib/python3.12/site-packages/airflow/example_dags/example_params_trigger_ui.py
[2024-05-22T02:27:05.966+0000] {processor.py:830} INFO - Processing file /home/airflow/.local/lib/python3.12/site-packages/airflow/example_dags/example_params_trigger_ui.py for tasks to queue
[2024-05-22T02:27:05.967+0000] {logging_mixin.py:188} INFO - [2024-05-22T02:27:05.967+0000] {dagbag.py:545} INFO - Filling up the DagBag from /home/airflow/.local/lib/python3.12/site-packages/airflow/example_dags/example_params_trigger_ui.py
[2024-05-22T02:27:05.973+0000] {processor.py:840} INFO - DAG(s) 'example_params_trigger_ui' retrieved from /home/airflow/.local/lib/python3.12/site-packages/airflow/example_dags/example_params_trigger_ui.py
[2024-05-22T02:27:05.990+0000] {logging_mixin.py:188} INFO - [2024-05-22T02:27:05.989+0000] {dag.py:3096} INFO - Sync 1 DAGs
[2024-05-22T02:27:05.994+0000] {logging_mixin.py:188} INFO - [2024-05-22T02:27:05.994+0000] {dag.py:3954} INFO - Setting next_dagrun for example_params_trigger_ui to None, run_after=None
[2024-05-22T02:27:06.001+0000] {processor.py:183} INFO - Processing /home/airflow/.local/lib/python3.12/site-packages/airflow/example_dags/example_params_trigger_ui.py took 0.038 seconds
[2024-05-22T03:16:30.047+0000] {processor.py:161} INFO - Started process (PID=29869) to work on /home/airflow/.local/lib/python3.12/site-packages/airflow/example_dags/example_params_trigger_ui.py
[2024-05-22T03:16:30.048+0000] {processor.py:830} INFO - Processing file /home/airflow/.local/lib/python3.12/site-packages/airflow/example_dags/example_params_trigger_ui.py for tasks to queue
[2024-05-22T03:16:30.049+0000] {logging_mixin.py:188} INFO - [2024-05-22T03:16:30.049+0000] {dagbag.py:545} INFO - Filling up the DagBag from /home/airflow/.local/lib/python3.12/site-packages/airflow/example_dags/example_params_trigger_ui.py
[2024-05-22T03:16:30.056+0000] {processor.py:840} INFO - DAG(s) 'example_params_trigger_ui' retrieved from /home/airflow/.local/lib/python3.12/site-packages/airflow/example_dags/example_params_trigger_ui.py
[2024-05-22T03:16:30.072+0000] {logging_mixin.py:188} INFO - [2024-05-22T03:16:30.072+0000] {dag.py:3096} INFO - Sync 1 DAGs
[2024-05-22T03:16:30.078+0000] {logging_mixin.py:188} INFO - [2024-05-22T03:16:30.078+0000] {dag.py:3954} INFO - Setting next_dagrun for example_params_trigger_ui to None, run_after=None
[2024-05-22T03:16:30.085+0000] {processor.py:183} INFO - Processing /home/airflow/.local/lib/python3.12/site-packages/airflow/example_dags/example_params_trigger_ui.py took 0.041 seconds
[2024-05-22T04:42:09.478+0000] {processor.py:161} INFO - Started process (PID=29927) to work on /home/airflow/.local/lib/python3.12/site-packages/airflow/example_dags/example_params_trigger_ui.py
[2024-05-22T04:42:09.478+0000] {processor.py:830} INFO - Processing file /home/airflow/.local/lib/python3.12/site-packages/airflow/example_dags/example_params_trigger_ui.py for tasks to queue
[2024-05-22T04:42:09.479+0000] {logging_mixin.py:188} INFO - [2024-05-22T04:42:09.479+0000] {dagbag.py:545} INFO - Filling up the DagBag from /home/airflow/.local/lib/python3.12/site-packages/airflow/example_dags/example_params_trigger_ui.py
[2024-05-22T04:42:09.485+0000] {processor.py:840} INFO - DAG(s) 'example_params_trigger_ui' retrieved from /home/airflow/.local/lib/python3.12/site-packages/airflow/example_dags/example_params_trigger_ui.py
[2024-05-22T04:42:09.501+0000] {logging_mixin.py:188} INFO - [2024-05-22T04:42:09.501+0000] {dag.py:3096} INFO - Sync 1 DAGs
[2024-05-22T04:42:09.506+0000] {logging_mixin.py:188} INFO - [2024-05-22T04:42:09.506+0000] {dag.py:3954} INFO - Setting next_dagrun for example_params_trigger_ui to None, run_after=None
[2024-05-22T04:42:09.513+0000] {processor.py:183} INFO - Processing /home/airflow/.local/lib/python3.12/site-packages/airflow/example_dags/example_params_trigger_ui.py took 0.038 seconds
[2024-05-22T04:42:40.004+0000] {processor.py:161} INFO - Started process (PID=29985) to work on /home/airflow/.local/lib/python3.12/site-packages/airflow/example_dags/example_params_trigger_ui.py
[2024-05-22T04:42:40.005+0000] {processor.py:830} INFO - Processing file /home/airflow/.local/lib/python3.12/site-packages/airflow/example_dags/example_params_trigger_ui.py for tasks to queue
[2024-05-22T04:42:40.005+0000] {logging_mixin.py:188} INFO - [2024-05-22T04:42:40.005+0000] {dagbag.py:545} INFO - Filling up the DagBag from /home/airflow/.local/lib/python3.12/site-packages/airflow/example_dags/example_params_trigger_ui.py
[2024-05-22T04:42:40.011+0000] {processor.py:840} INFO - DAG(s) 'example_params_trigger_ui' retrieved from /home/airflow/.local/lib/python3.12/site-packages/airflow/example_dags/example_params_trigger_ui.py
[2024-05-22T04:42:40.027+0000] {logging_mixin.py:188} INFO - [2024-05-22T04:42:40.026+0000] {dag.py:3096} INFO - Sync 1 DAGs
[2024-05-22T04:42:40.031+0000] {logging_mixin.py:188} INFO - [2024-05-22T04:42:40.031+0000] {dag.py:3954} INFO - Setting next_dagrun for example_params_trigger_ui to None, run_after=None
[2024-05-22T04:42:40.038+0000] {processor.py:183} INFO - Processing /home/airflow/.local/lib/python3.12/site-packages/airflow/example_dags/example_params_trigger_ui.py took 0.036 seconds
[2024-05-22T05:33:34.389+0000] {processor.py:161} INFO - Started process (PID=30043) to work on /home/airflow/.local/lib/python3.12/site-packages/airflow/example_dags/example_params_trigger_ui.py
[2024-05-22T05:33:34.389+0000] {processor.py:830} INFO - Processing file /home/airflow/.local/lib/python3.12/site-packages/airflow/example_dags/example_params_trigger_ui.py for tasks to queue
[2024-05-22T05:33:34.390+0000] {logging_mixin.py:188} INFO - [2024-05-22T05:33:34.390+0000] {dagbag.py:545} INFO - Filling up the DagBag from /home/airflow/.local/lib/python3.12/site-packages/airflow/example_dags/example_params_trigger_ui.py
[2024-05-22T05:33:34.396+0000] {processor.py:840} INFO - DAG(s) 'example_params_trigger_ui' retrieved from /home/airflow/.local/lib/python3.12/site-packages/airflow/example_dags/example_params_trigger_ui.py
[2024-05-22T05:33:34.412+0000] {logging_mixin.py:188} INFO - [2024-05-22T05:33:34.412+0000] {dag.py:3096} INFO - Sync 1 DAGs
[2024-05-22T05:33:34.417+0000] {logging_mixin.py:188} INFO - [2024-05-22T05:33:34.417+0000] {dag.py:3954} INFO - Setting next_dagrun for example_params_trigger_ui to None, run_after=None
[2024-05-22T05:33:34.424+0000] {processor.py:183} INFO - Processing /home/airflow/.local/lib/python3.12/site-packages/airflow/example_dags/example_params_trigger_ui.py took 0.038 seconds
[2024-05-22T05:54:39.594+0000] {processor.py:161} INFO - Started process (PID=30101) to work on /home/airflow/.local/lib/python3.12/site-packages/airflow/example_dags/example_params_trigger_ui.py
[2024-05-22T05:54:39.595+0000] {processor.py:830} INFO - Processing file /home/airflow/.local/lib/python3.12/site-packages/airflow/example_dags/example_params_trigger_ui.py for tasks to queue
[2024-05-22T05:54:39.596+0000] {logging_mixin.py:188} INFO - [2024-05-22T05:54:39.596+0000] {dagbag.py:545} INFO - Filling up the DagBag from /home/airflow/.local/lib/python3.12/site-packages/airflow/example_dags/example_params_trigger_ui.py
[2024-05-22T05:54:39.603+0000] {processor.py:840} INFO - DAG(s) 'example_params_trigger_ui' retrieved from /home/airflow/.local/lib/python3.12/site-packages/airflow/example_dags/example_params_trigger_ui.py
[2024-05-22T05:54:39.619+0000] {logging_mixin.py:188} INFO - [2024-05-22T05:54:39.619+0000] {dag.py:3096} INFO - Sync 1 DAGs
[2024-05-22T05:54:39.624+0000] {logging_mixin.py:188} INFO - [2024-05-22T05:54:39.624+0000] {dag.py:3954} INFO - Setting next_dagrun for example_params_trigger_ui to None, run_after=None
[2024-05-22T05:54:39.631+0000] {processor.py:183} INFO - Processing /home/airflow/.local/lib/python3.12/site-packages/airflow/example_dags/example_params_trigger_ui.py took 0.040 seconds
[2024-05-22T06:02:12.745+0000] {processor.py:161} INFO - Started process (PID=30159) to work on /home/airflow/.local/lib/python3.12/site-packages/airflow/example_dags/example_params_trigger_ui.py
[2024-05-22T06:02:12.746+0000] {processor.py:830} INFO - Processing file /home/airflow/.local/lib/python3.12/site-packages/airflow/example_dags/example_params_trigger_ui.py for tasks to queue
[2024-05-22T06:02:12.747+0000] {logging_mixin.py:188} INFO - [2024-05-22T06:02:12.746+0000] {dagbag.py:545} INFO - Filling up the DagBag from /home/airflow/.local/lib/python3.12/site-packages/airflow/example_dags/example_params_trigger_ui.py
[2024-05-22T06:02:12.752+0000] {processor.py:840} INFO - DAG(s) 'example_params_trigger_ui' retrieved from /home/airflow/.local/lib/python3.12/site-packages/airflow/example_dags/example_params_trigger_ui.py
[2024-05-22T06:02:12.768+0000] {logging_mixin.py:188} INFO - [2024-05-22T06:02:12.768+0000] {dag.py:3096} INFO - Sync 1 DAGs
[2024-05-22T06:02:12.773+0000] {logging_mixin.py:188} INFO - [2024-05-22T06:02:12.773+0000] {dag.py:3954} INFO - Setting next_dagrun for example_params_trigger_ui to None, run_after=None
[2024-05-22T06:02:12.780+0000] {processor.py:183} INFO - Processing /home/airflow/.local/lib/python3.12/site-packages/airflow/example_dags/example_params_trigger_ui.py took 0.038 seconds
[2024-05-22T06:02:43.289+0000] {processor.py:161} INFO - Started process (PID=30217) to work on /home/airflow/.local/lib/python3.12/site-packages/airflow/example_dags/example_params_trigger_ui.py
[2024-05-22T06:02:43.290+0000] {processor.py:830} INFO - Processing file /home/airflow/.local/lib/python3.12/site-packages/airflow/example_dags/example_params_trigger_ui.py for tasks to queue
[2024-05-22T06:02:43.291+0000] {logging_mixin.py:188} INFO - [2024-05-22T06:02:43.291+0000] {dagbag.py:545} INFO - Filling up the DagBag from /home/airflow/.local/lib/python3.12/site-packages/airflow/example_dags/example_params_trigger_ui.py
[2024-05-22T06:02:43.296+0000] {processor.py:840} INFO - DAG(s) 'example_params_trigger_ui' retrieved from /home/airflow/.local/lib/python3.12/site-packages/airflow/example_dags/example_params_trigger_ui.py
[2024-05-22T06:02:43.311+0000] {logging_mixin.py:188} INFO - [2024-05-22T06:02:43.311+0000] {dag.py:3096} INFO - Sync 1 DAGs
[2024-05-22T06:02:43.316+0000] {logging_mixin.py:188} INFO - [2024-05-22T06:02:43.316+0000] {dag.py:3954} INFO - Setting next_dagrun for example_params_trigger_ui to None, run_after=None
[2024-05-22T06:02:43.323+0000] {processor.py:183} INFO - Processing /home/airflow/.local/lib/python3.12/site-packages/airflow/example_dags/example_params_trigger_ui.py took 0.036 seconds
[2024-05-22T06:43:17.655+0000] {processor.py:161} INFO - Started process (PID=30275) to work on /home/airflow/.local/lib/python3.12/site-packages/airflow/example_dags/example_params_trigger_ui.py
[2024-05-22T06:43:17.656+0000] {processor.py:830} INFO - Processing file /home/airflow/.local/lib/python3.12/site-packages/airflow/example_dags/example_params_trigger_ui.py for tasks to queue
[2024-05-22T06:43:17.657+0000] {logging_mixin.py:188} INFO - [2024-05-22T06:43:17.657+0000] {dagbag.py:545} INFO - Filling up the DagBag from /home/airflow/.local/lib/python3.12/site-packages/airflow/example_dags/example_params_trigger_ui.py
[2024-05-22T06:43:17.665+0000] {processor.py:840} INFO - DAG(s) 'example_params_trigger_ui' retrieved from /home/airflow/.local/lib/python3.12/site-packages/airflow/example_dags/example_params_trigger_ui.py
[2024-05-22T06:43:17.682+0000] {logging_mixin.py:188} INFO - [2024-05-22T06:43:17.682+0000] {dag.py:3096} INFO - Sync 1 DAGs
[2024-05-22T06:43:17.688+0000] {logging_mixin.py:188} INFO - [2024-05-22T06:43:17.687+0000] {dag.py:3954} INFO - Setting next_dagrun for example_params_trigger_ui to None, run_after=None
[2024-05-22T06:43:17.695+0000] {processor.py:183} INFO - Processing /home/airflow/.local/lib/python3.12/site-packages/airflow/example_dags/example_params_trigger_ui.py took 0.042 seconds
[2024-05-22T06:43:48.115+0000] {processor.py:161} INFO - Started process (PID=30333) to work on /home/airflow/.local/lib/python3.12/site-packages/airflow/example_dags/example_params_trigger_ui.py
[2024-05-22T06:43:48.116+0000] {processor.py:830} INFO - Processing file /home/airflow/.local/lib/python3.12/site-packages/airflow/example_dags/example_params_trigger_ui.py for tasks to queue
[2024-05-22T06:43:48.117+0000] {logging_mixin.py:188} INFO - [2024-05-22T06:43:48.117+0000] {dagbag.py:545} INFO - Filling up the DagBag from /home/airflow/.local/lib/python3.12/site-packages/airflow/example_dags/example_params_trigger_ui.py
[2024-05-22T06:43:48.123+0000] {processor.py:840} INFO - DAG(s) 'example_params_trigger_ui' retrieved from /home/airflow/.local/lib/python3.12/site-packages/airflow/example_dags/example_params_trigger_ui.py
[2024-05-22T06:43:48.138+0000] {logging_mixin.py:188} INFO - [2024-05-22T06:43:48.138+0000] {dag.py:3096} INFO - Sync 1 DAGs
[2024-05-22T06:43:48.143+0000] {logging_mixin.py:188} INFO - [2024-05-22T06:43:48.143+0000] {dag.py:3954} INFO - Setting next_dagrun for example_params_trigger_ui to None, run_after=None
[2024-05-22T06:43:48.150+0000] {processor.py:183} INFO - Processing /home/airflow/.local/lib/python3.12/site-packages/airflow/example_dags/example_params_trigger_ui.py took 0.038 seconds
[2024-05-22T07:00:24.721+0000] {processor.py:161} INFO - Started process (PID=30390) to work on /home/airflow/.local/lib/python3.12/site-packages/airflow/example_dags/example_params_trigger_ui.py
[2024-05-22T07:00:24.721+0000] {processor.py:830} INFO - Processing file /home/airflow/.local/lib/python3.12/site-packages/airflow/example_dags/example_params_trigger_ui.py for tasks to queue
[2024-05-22T07:00:24.722+0000] {logging_mixin.py:188} INFO - [2024-05-22T07:00:24.722+0000] {dagbag.py:545} INFO - Filling up the DagBag from /home/airflow/.local/lib/python3.12/site-packages/airflow/example_dags/example_params_trigger_ui.py
[2024-05-22T07:00:24.729+0000] {processor.py:840} INFO - DAG(s) 'example_params_trigger_ui' retrieved from /home/airflow/.local/lib/python3.12/site-packages/airflow/example_dags/example_params_trigger_ui.py
[2024-05-22T07:00:24.745+0000] {logging_mixin.py:188} INFO - [2024-05-22T07:00:24.745+0000] {dag.py:3096} INFO - Sync 1 DAGs
[2024-05-22T07:00:24.750+0000] {logging_mixin.py:188} INFO - [2024-05-22T07:00:24.750+0000] {dag.py:3954} INFO - Setting next_dagrun for example_params_trigger_ui to None, run_after=None
[2024-05-22T07:00:24.757+0000] {processor.py:183} INFO - Processing /home/airflow/.local/lib/python3.12/site-packages/airflow/example_dags/example_params_trigger_ui.py took 0.039 seconds
[2024-05-22T07:34:46.137+0000] {processor.py:161} INFO - Started process (PID=30448) to work on /home/airflow/.local/lib/python3.12/site-packages/airflow/example_dags/example_params_trigger_ui.py
[2024-05-22T07:34:46.138+0000] {processor.py:830} INFO - Processing file /home/airflow/.local/lib/python3.12/site-packages/airflow/example_dags/example_params_trigger_ui.py for tasks to queue
[2024-05-22T07:34:46.139+0000] {logging_mixin.py:188} INFO - [2024-05-22T07:34:46.138+0000] {dagbag.py:545} INFO - Filling up the DagBag from /home/airflow/.local/lib/python3.12/site-packages/airflow/example_dags/example_params_trigger_ui.py
[2024-05-22T07:34:46.145+0000] {processor.py:840} INFO - DAG(s) 'example_params_trigger_ui' retrieved from /home/airflow/.local/lib/python3.12/site-packages/airflow/example_dags/example_params_trigger_ui.py
[2024-05-22T07:34:46.162+0000] {logging_mixin.py:188} INFO - [2024-05-22T07:34:46.162+0000] {dag.py:3096} INFO - Sync 1 DAGs
[2024-05-22T07:34:46.167+0000] {logging_mixin.py:188} INFO - [2024-05-22T07:34:46.167+0000] {dag.py:3954} INFO - Setting next_dagrun for example_params_trigger_ui to None, run_after=None
[2024-05-22T07:34:46.173+0000] {processor.py:183} INFO - Processing /home/airflow/.local/lib/python3.12/site-packages/airflow/example_dags/example_params_trigger_ui.py took 0.039 seconds
