[2024-05-22T01:00:15.024+0000] {processor.py:161} INFO - Started process (PID=29689) to work on /home/airflow/.local/lib/python3.12/site-packages/airflow/example_dags/example_trigger_controller_dag.py
[2024-05-22T01:00:15.024+0000] {processor.py:830} INFO - Processing file /home/airflow/.local/lib/python3.12/site-packages/airflow/example_dags/example_trigger_controller_dag.py for tasks to queue
[2024-05-22T01:00:15.027+0000] {logging_mixin.py:188} INFO - [2024-05-22T01:00:15.027+0000] {dagbag.py:545} INFO - Filling up the DagBag from /home/airflow/.local/lib/python3.12/site-packages/airflow/example_dags/example_trigger_controller_dag.py
[2024-05-22T01:00:15.029+0000] {processor.py:840} INFO - DAG(s) 'example_trigger_controller_dag' retrieved from /home/airflow/.local/lib/python3.12/site-packages/airflow/example_dags/example_trigger_controller_dag.py
[2024-05-22T01:00:15.038+0000] {logging_mixin.py:188} INFO - [2024-05-22T01:00:15.038+0000] {dag.py:3096} INFO - Sync 1 DAGs
[2024-05-22T01:00:15.047+0000] {logging_mixin.py:188} INFO - [2024-05-22T01:00:15.046+0000] {dag.py:3954} INFO - Setting next_dagrun for example_trigger_controller_dag to 2021-01-01 00:00:00+00:00, run_after=2021-01-01 00:00:00+00:00
[2024-05-22T01:00:15.054+0000] {processor.py:183} INFO - Processing /home/airflow/.local/lib/python3.12/site-packages/airflow/example_dags/example_trigger_controller_dag.py took 0.033 seconds
[2024-05-22T02:26:35.058+0000] {processor.py:161} INFO - Started process (PID=29747) to work on /home/airflow/.local/lib/python3.12/site-packages/airflow/example_dags/example_trigger_controller_dag.py
[2024-05-22T02:26:35.058+0000] {processor.py:830} INFO - Processing file /home/airflow/.local/lib/python3.12/site-packages/airflow/example_dags/example_trigger_controller_dag.py for tasks to queue
[2024-05-22T02:26:35.059+0000] {logging_mixin.py:188} INFO - [2024-05-22T02:26:35.059+0000] {dagbag.py:545} INFO - Filling up the DagBag from /home/airflow/.local/lib/python3.12/site-packages/airflow/example_dags/example_trigger_controller_dag.py
[2024-05-22T02:26:35.061+0000] {processor.py:840} INFO - DAG(s) 'example_trigger_controller_dag' retrieved from /home/airflow/.local/lib/python3.12/site-packages/airflow/example_dags/example_trigger_controller_dag.py
[2024-05-22T02:26:35.070+0000] {logging_mixin.py:188} INFO - [2024-05-22T02:26:35.070+0000] {dag.py:3096} INFO - Sync 1 DAGs
[2024-05-22T02:26:35.078+0000] {logging_mixin.py:188} INFO - [2024-05-22T02:26:35.078+0000] {dag.py:3954} INFO - Setting next_dagrun for example_trigger_controller_dag to 2021-01-01 00:00:00+00:00, run_after=2021-01-01 00:00:00+00:00
[2024-05-22T02:26:35.085+0000] {processor.py:183} INFO - Processing /home/airflow/.local/lib/python3.12/site-packages/airflow/example_dags/example_trigger_controller_dag.py took 0.030 seconds
[2024-05-22T02:27:05.820+0000] {processor.py:161} INFO - Started process (PID=29805) to work on /home/airflow/.local/lib/python3.12/site-packages/airflow/example_dags/example_trigger_controller_dag.py
[2024-05-22T02:27:05.820+0000] {processor.py:830} INFO - Processing file /home/airflow/.local/lib/python3.12/site-packages/airflow/example_dags/example_trigger_controller_dag.py for tasks to queue
[2024-05-22T02:27:05.821+0000] {logging_mixin.py:188} INFO - [2024-05-22T02:27:05.821+0000] {dagbag.py:545} INFO - Filling up the DagBag from /home/airflow/.local/lib/python3.12/site-packages/airflow/example_dags/example_trigger_controller_dag.py
[2024-05-22T02:27:05.824+0000] {processor.py:840} INFO - DAG(s) 'example_trigger_controller_dag' retrieved from /home/airflow/.local/lib/python3.12/site-packages/airflow/example_dags/example_trigger_controller_dag.py
[2024-05-22T02:27:05.833+0000] {logging_mixin.py:188} INFO - [2024-05-22T02:27:05.833+0000] {dag.py:3096} INFO - Sync 1 DAGs
[2024-05-22T02:27:05.841+0000] {logging_mixin.py:188} INFO - [2024-05-22T02:27:05.841+0000] {dag.py:3954} INFO - Setting next_dagrun for example_trigger_controller_dag to 2021-01-01 00:00:00+00:00, run_after=2021-01-01 00:00:00+00:00
[2024-05-22T02:27:05.848+0000] {processor.py:183} INFO - Processing /home/airflow/.local/lib/python3.12/site-packages/airflow/example_dags/example_trigger_controller_dag.py took 0.031 seconds
[2024-05-22T03:16:29.938+0000] {processor.py:161} INFO - Started process (PID=29863) to work on /home/airflow/.local/lib/python3.12/site-packages/airflow/example_dags/example_trigger_controller_dag.py
[2024-05-22T03:16:29.938+0000] {processor.py:830} INFO - Processing file /home/airflow/.local/lib/python3.12/site-packages/airflow/example_dags/example_trigger_controller_dag.py for tasks to queue
[2024-05-22T03:16:29.939+0000] {logging_mixin.py:188} INFO - [2024-05-22T03:16:29.939+0000] {dagbag.py:545} INFO - Filling up the DagBag from /home/airflow/.local/lib/python3.12/site-packages/airflow/example_dags/example_trigger_controller_dag.py
[2024-05-22T03:16:29.941+0000] {processor.py:840} INFO - DAG(s) 'example_trigger_controller_dag' retrieved from /home/airflow/.local/lib/python3.12/site-packages/airflow/example_dags/example_trigger_controller_dag.py
[2024-05-22T03:16:29.950+0000] {logging_mixin.py:188} INFO - [2024-05-22T03:16:29.950+0000] {dag.py:3096} INFO - Sync 1 DAGs
[2024-05-22T03:16:29.960+0000] {logging_mixin.py:188} INFO - [2024-05-22T03:16:29.959+0000] {dag.py:3954} INFO - Setting next_dagrun for example_trigger_controller_dag to 2021-01-01 00:00:00+00:00, run_after=2021-01-01 00:00:00+00:00
[2024-05-22T03:16:29.967+0000] {processor.py:183} INFO - Processing /home/airflow/.local/lib/python3.12/site-packages/airflow/example_dags/example_trigger_controller_dag.py took 0.032 seconds
[2024-05-22T04:42:09.364+0000] {processor.py:161} INFO - Started process (PID=29921) to work on /home/airflow/.local/lib/python3.12/site-packages/airflow/example_dags/example_trigger_controller_dag.py
[2024-05-22T04:42:09.365+0000] {processor.py:830} INFO - Processing file /home/airflow/.local/lib/python3.12/site-packages/airflow/example_dags/example_trigger_controller_dag.py for tasks to queue
[2024-05-22T04:42:09.366+0000] {logging_mixin.py:188} INFO - [2024-05-22T04:42:09.366+0000] {dagbag.py:545} INFO - Filling up the DagBag from /home/airflow/.local/lib/python3.12/site-packages/airflow/example_dags/example_trigger_controller_dag.py
[2024-05-22T04:42:09.369+0000] {processor.py:840} INFO - DAG(s) 'example_trigger_controller_dag' retrieved from /home/airflow/.local/lib/python3.12/site-packages/airflow/example_dags/example_trigger_controller_dag.py
[2024-05-22T04:42:09.379+0000] {logging_mixin.py:188} INFO - [2024-05-22T04:42:09.379+0000] {dag.py:3096} INFO - Sync 1 DAGs
[2024-05-22T04:42:09.388+0000] {logging_mixin.py:188} INFO - [2024-05-22T04:42:09.388+0000] {dag.py:3954} INFO - Setting next_dagrun for example_trigger_controller_dag to 2021-01-01 00:00:00+00:00, run_after=2021-01-01 00:00:00+00:00
[2024-05-22T04:42:09.395+0000] {processor.py:183} INFO - Processing /home/airflow/.local/lib/python3.12/site-packages/airflow/example_dags/example_trigger_controller_dag.py took 0.034 seconds
[2024-05-22T04:42:39.856+0000] {processor.py:161} INFO - Started process (PID=29979) to work on /home/airflow/.local/lib/python3.12/site-packages/airflow/example_dags/example_trigger_controller_dag.py
[2024-05-22T04:42:39.856+0000] {processor.py:830} INFO - Processing file /home/airflow/.local/lib/python3.12/site-packages/airflow/example_dags/example_trigger_controller_dag.py for tasks to queue
[2024-05-22T04:42:39.857+0000] {logging_mixin.py:188} INFO - [2024-05-22T04:42:39.857+0000] {dagbag.py:545} INFO - Filling up the DagBag from /home/airflow/.local/lib/python3.12/site-packages/airflow/example_dags/example_trigger_controller_dag.py
[2024-05-22T04:42:39.859+0000] {processor.py:840} INFO - DAG(s) 'example_trigger_controller_dag' retrieved from /home/airflow/.local/lib/python3.12/site-packages/airflow/example_dags/example_trigger_controller_dag.py
[2024-05-22T04:42:39.868+0000] {logging_mixin.py:188} INFO - [2024-05-22T04:42:39.867+0000] {dag.py:3096} INFO - Sync 1 DAGs
[2024-05-22T04:42:39.876+0000] {logging_mixin.py:188} INFO - [2024-05-22T04:42:39.876+0000] {dag.py:3954} INFO - Setting next_dagrun for example_trigger_controller_dag to 2021-01-01 00:00:00+00:00, run_after=2021-01-01 00:00:00+00:00
[2024-05-22T04:42:39.883+0000] {processor.py:183} INFO - Processing /home/airflow/.local/lib/python3.12/site-packages/airflow/example_dags/example_trigger_controller_dag.py took 0.029 seconds
[2024-05-22T05:33:34.269+0000] {processor.py:161} INFO - Started process (PID=30037) to work on /home/airflow/.local/lib/python3.12/site-packages/airflow/example_dags/example_trigger_controller_dag.py
[2024-05-22T05:33:34.272+0000] {processor.py:830} INFO - Processing file /home/airflow/.local/lib/python3.12/site-packages/airflow/example_dags/example_trigger_controller_dag.py for tasks to queue
[2024-05-22T05:33:34.273+0000] {logging_mixin.py:188} INFO - [2024-05-22T05:33:34.273+0000] {dagbag.py:545} INFO - Filling up the DagBag from /home/airflow/.local/lib/python3.12/site-packages/airflow/example_dags/example_trigger_controller_dag.py
[2024-05-22T05:33:34.276+0000] {processor.py:840} INFO - DAG(s) 'example_trigger_controller_dag' retrieved from /home/airflow/.local/lib/python3.12/site-packages/airflow/example_dags/example_trigger_controller_dag.py
[2024-05-22T05:33:34.284+0000] {logging_mixin.py:188} INFO - [2024-05-22T05:33:34.284+0000] {dag.py:3096} INFO - Sync 1 DAGs
[2024-05-22T05:33:34.293+0000] {logging_mixin.py:188} INFO - [2024-05-22T05:33:34.293+0000] {dag.py:3954} INFO - Setting next_dagrun for example_trigger_controller_dag to 2021-01-01 00:00:00+00:00, run_after=2021-01-01 00:00:00+00:00
[2024-05-22T05:33:34.300+0000] {processor.py:183} INFO - Processing /home/airflow/.local/lib/python3.12/site-packages/airflow/example_dags/example_trigger_controller_dag.py took 0.034 seconds
[2024-05-22T05:54:39.439+0000] {processor.py:161} INFO - Started process (PID=30095) to work on /home/airflow/.local/lib/python3.12/site-packages/airflow/example_dags/example_trigger_controller_dag.py
[2024-05-22T05:54:39.440+0000] {processor.py:830} INFO - Processing file /home/airflow/.local/lib/python3.12/site-packages/airflow/example_dags/example_trigger_controller_dag.py for tasks to queue
[2024-05-22T05:54:39.441+0000] {logging_mixin.py:188} INFO - [2024-05-22T05:54:39.441+0000] {dagbag.py:545} INFO - Filling up the DagBag from /home/airflow/.local/lib/python3.12/site-packages/airflow/example_dags/example_trigger_controller_dag.py
[2024-05-22T05:54:39.443+0000] {processor.py:840} INFO - DAG(s) 'example_trigger_controller_dag' retrieved from /home/airflow/.local/lib/python3.12/site-packages/airflow/example_dags/example_trigger_controller_dag.py
[2024-05-22T05:54:39.452+0000] {logging_mixin.py:188} INFO - [2024-05-22T05:54:39.452+0000] {dag.py:3096} INFO - Sync 1 DAGs
[2024-05-22T05:54:39.461+0000] {logging_mixin.py:188} INFO - [2024-05-22T05:54:39.461+0000] {dag.py:3954} INFO - Setting next_dagrun for example_trigger_controller_dag to 2021-01-01 00:00:00+00:00, run_after=2021-01-01 00:00:00+00:00
[2024-05-22T05:54:39.468+0000] {processor.py:183} INFO - Processing /home/airflow/.local/lib/python3.12/site-packages/airflow/example_dags/example_trigger_controller_dag.py took 0.032 seconds
[2024-05-22T06:02:12.591+0000] {processor.py:161} INFO - Started process (PID=30153) to work on /home/airflow/.local/lib/python3.12/site-packages/airflow/example_dags/example_trigger_controller_dag.py
[2024-05-22T06:02:12.592+0000] {processor.py:830} INFO - Processing file /home/airflow/.local/lib/python3.12/site-packages/airflow/example_dags/example_trigger_controller_dag.py for tasks to queue
[2024-05-22T06:02:12.593+0000] {logging_mixin.py:188} INFO - [2024-05-22T06:02:12.593+0000] {dagbag.py:545} INFO - Filling up the DagBag from /home/airflow/.local/lib/python3.12/site-packages/airflow/example_dags/example_trigger_controller_dag.py
[2024-05-22T06:02:12.595+0000] {processor.py:840} INFO - DAG(s) 'example_trigger_controller_dag' retrieved from /home/airflow/.local/lib/python3.12/site-packages/airflow/example_dags/example_trigger_controller_dag.py
[2024-05-22T06:02:12.604+0000] {logging_mixin.py:188} INFO - [2024-05-22T06:02:12.603+0000] {dag.py:3096} INFO - Sync 1 DAGs
[2024-05-22T06:02:12.612+0000] {logging_mixin.py:188} INFO - [2024-05-22T06:02:12.612+0000] {dag.py:3954} INFO - Setting next_dagrun for example_trigger_controller_dag to 2021-01-01 00:00:00+00:00, run_after=2021-01-01 00:00:00+00:00
[2024-05-22T06:02:12.619+0000] {processor.py:183} INFO - Processing /home/airflow/.local/lib/python3.12/site-packages/airflow/example_dags/example_trigger_controller_dag.py took 0.030 seconds
[2024-05-22T06:02:43.142+0000] {processor.py:161} INFO - Started process (PID=30211) to work on /home/airflow/.local/lib/python3.12/site-packages/airflow/example_dags/example_trigger_controller_dag.py
[2024-05-22T06:02:43.145+0000] {processor.py:830} INFO - Processing file /home/airflow/.local/lib/python3.12/site-packages/airflow/example_dags/example_trigger_controller_dag.py for tasks to queue
[2024-05-22T06:02:43.146+0000] {logging_mixin.py:188} INFO - [2024-05-22T06:02:43.146+0000] {dagbag.py:545} INFO - Filling up the DagBag from /home/airflow/.local/lib/python3.12/site-packages/airflow/example_dags/example_trigger_controller_dag.py
[2024-05-22T06:02:43.151+0000] {processor.py:840} INFO - DAG(s) 'example_trigger_controller_dag' retrieved from /home/airflow/.local/lib/python3.12/site-packages/airflow/example_dags/example_trigger_controller_dag.py
[2024-05-22T06:02:43.161+0000] {logging_mixin.py:188} INFO - [2024-05-22T06:02:43.161+0000] {dag.py:3096} INFO - Sync 1 DAGs
[2024-05-22T06:02:43.169+0000] {logging_mixin.py:188} INFO - [2024-05-22T06:02:43.169+0000] {dag.py:3954} INFO - Setting next_dagrun for example_trigger_controller_dag to 2021-01-01 00:00:00+00:00, run_after=2021-01-01 00:00:00+00:00
[2024-05-22T06:02:43.176+0000] {processor.py:183} INFO - Processing /home/airflow/.local/lib/python3.12/site-packages/airflow/example_dags/example_trigger_controller_dag.py took 0.037 seconds
[2024-05-22T06:43:17.537+0000] {processor.py:161} INFO - Started process (PID=30269) to work on /home/airflow/.local/lib/python3.12/site-packages/airflow/example_dags/example_trigger_controller_dag.py
[2024-05-22T06:43:17.539+0000] {processor.py:830} INFO - Processing file /home/airflow/.local/lib/python3.12/site-packages/airflow/example_dags/example_trigger_controller_dag.py for tasks to queue
[2024-05-22T06:43:17.540+0000] {logging_mixin.py:188} INFO - [2024-05-22T06:43:17.539+0000] {dagbag.py:545} INFO - Filling up the DagBag from /home/airflow/.local/lib/python3.12/site-packages/airflow/example_dags/example_trigger_controller_dag.py
[2024-05-22T06:43:17.542+0000] {processor.py:840} INFO - DAG(s) 'example_trigger_controller_dag' retrieved from /home/airflow/.local/lib/python3.12/site-packages/airflow/example_dags/example_trigger_controller_dag.py
[2024-05-22T06:43:17.551+0000] {logging_mixin.py:188} INFO - [2024-05-22T06:43:17.551+0000] {dag.py:3096} INFO - Sync 1 DAGs
[2024-05-22T06:43:17.560+0000] {logging_mixin.py:188} INFO - [2024-05-22T06:43:17.560+0000] {dag.py:3954} INFO - Setting next_dagrun for example_trigger_controller_dag to 2021-01-01 00:00:00+00:00, run_after=2021-01-01 00:00:00+00:00
[2024-05-22T06:43:17.567+0000] {processor.py:183} INFO - Processing /home/airflow/.local/lib/python3.12/site-packages/airflow/example_dags/example_trigger_controller_dag.py took 0.033 seconds
[2024-05-22T06:43:48.002+0000] {processor.py:161} INFO - Started process (PID=30327) to work on /home/airflow/.local/lib/python3.12/site-packages/airflow/example_dags/example_trigger_controller_dag.py
[2024-05-22T06:43:48.006+0000] {processor.py:830} INFO - Processing file /home/airflow/.local/lib/python3.12/site-packages/airflow/example_dags/example_trigger_controller_dag.py for tasks to queue
[2024-05-22T06:43:48.008+0000] {logging_mixin.py:188} INFO - [2024-05-22T06:43:48.008+0000] {dagbag.py:545} INFO - Filling up the DagBag from /home/airflow/.local/lib/python3.12/site-packages/airflow/example_dags/example_trigger_controller_dag.py
[2024-05-22T06:43:48.010+0000] {processor.py:840} INFO - DAG(s) 'example_trigger_controller_dag' retrieved from /home/airflow/.local/lib/python3.12/site-packages/airflow/example_dags/example_trigger_controller_dag.py
[2024-05-22T06:43:48.020+0000] {logging_mixin.py:188} INFO - [2024-05-22T06:43:48.019+0000] {dag.py:3096} INFO - Sync 1 DAGs
[2024-05-22T06:43:48.028+0000] {logging_mixin.py:188} INFO - [2024-05-22T06:43:48.028+0000] {dag.py:3954} INFO - Setting next_dagrun for example_trigger_controller_dag to 2021-01-01 00:00:00+00:00, run_after=2021-01-01 00:00:00+00:00
[2024-05-22T06:43:48.034+0000] {processor.py:183} INFO - Processing /home/airflow/.local/lib/python3.12/site-packages/airflow/example_dags/example_trigger_controller_dag.py took 0.035 seconds
[2024-05-22T07:00:24.609+0000] {processor.py:161} INFO - Started process (PID=30384) to work on /home/airflow/.local/lib/python3.12/site-packages/airflow/example_dags/example_trigger_controller_dag.py
[2024-05-22T07:00:24.610+0000] {processor.py:830} INFO - Processing file /home/airflow/.local/lib/python3.12/site-packages/airflow/example_dags/example_trigger_controller_dag.py for tasks to queue
[2024-05-22T07:00:24.611+0000] {logging_mixin.py:188} INFO - [2024-05-22T07:00:24.611+0000] {dagbag.py:545} INFO - Filling up the DagBag from /home/airflow/.local/lib/python3.12/site-packages/airflow/example_dags/example_trigger_controller_dag.py
[2024-05-22T07:00:24.613+0000] {processor.py:840} INFO - DAG(s) 'example_trigger_controller_dag' retrieved from /home/airflow/.local/lib/python3.12/site-packages/airflow/example_dags/example_trigger_controller_dag.py
[2024-05-22T07:00:24.622+0000] {logging_mixin.py:188} INFO - [2024-05-22T07:00:24.621+0000] {dag.py:3096} INFO - Sync 1 DAGs
[2024-05-22T07:00:24.630+0000] {logging_mixin.py:188} INFO - [2024-05-22T07:00:24.630+0000] {dag.py:3954} INFO - Setting next_dagrun for example_trigger_controller_dag to 2021-01-01 00:00:00+00:00, run_after=2021-01-01 00:00:00+00:00
[2024-05-22T07:00:24.637+0000] {processor.py:183} INFO - Processing /home/airflow/.local/lib/python3.12/site-packages/airflow/example_dags/example_trigger_controller_dag.py took 0.030 seconds
[2024-05-22T07:34:45.968+0000] {processor.py:161} INFO - Started process (PID=30442) to work on /home/airflow/.local/lib/python3.12/site-packages/airflow/example_dags/example_trigger_controller_dag.py
[2024-05-22T07:34:45.969+0000] {processor.py:830} INFO - Processing file /home/airflow/.local/lib/python3.12/site-packages/airflow/example_dags/example_trigger_controller_dag.py for tasks to queue
[2024-05-22T07:34:45.971+0000] {logging_mixin.py:188} INFO - [2024-05-22T07:34:45.970+0000] {dagbag.py:545} INFO - Filling up the DagBag from /home/airflow/.local/lib/python3.12/site-packages/airflow/example_dags/example_trigger_controller_dag.py
[2024-05-22T07:34:45.973+0000] {processor.py:840} INFO - DAG(s) 'example_trigger_controller_dag' retrieved from /home/airflow/.local/lib/python3.12/site-packages/airflow/example_dags/example_trigger_controller_dag.py
[2024-05-22T07:34:45.982+0000] {logging_mixin.py:188} INFO - [2024-05-22T07:34:45.982+0000] {dag.py:3096} INFO - Sync 1 DAGs
[2024-05-22T07:34:45.993+0000] {logging_mixin.py:188} INFO - [2024-05-22T07:34:45.993+0000] {dag.py:3954} INFO - Setting next_dagrun for example_trigger_controller_dag to 2021-01-01 00:00:00+00:00, run_after=2021-01-01 00:00:00+00:00
[2024-05-22T07:34:46.005+0000] {processor.py:183} INFO - Processing /home/airflow/.local/lib/python3.12/site-packages/airflow/example_dags/example_trigger_controller_dag.py took 0.039 seconds
