[2024-05-22T01:00:15.071+0000] {processor.py:161} INFO - Started process (PID=29692) to work on /home/airflow/.local/lib/python3.12/site-packages/airflow/example_dags/example_python_operator.py
[2024-05-22T01:00:15.071+0000] {processor.py:830} INFO - Processing file /home/airflow/.local/lib/python3.12/site-packages/airflow/example_dags/example_python_operator.py for tasks to queue
[2024-05-22T01:00:15.072+0000] {logging_mixin.py:188} INFO - [2024-05-22T01:00:15.072+0000] {dagbag.py:545} INFO - Filling up the DagBag from /home/airflow/.local/lib/python3.12/site-packages/airflow/example_dags/example_python_operator.py
[2024-05-22T01:00:15.077+0000] {processor.py:840} INFO - DAG(s) 'example_python_operator' retrieved from /home/airflow/.local/lib/python3.12/site-packages/airflow/example_dags/example_python_operator.py
[2024-05-22T01:00:15.086+0000] {logging_mixin.py:188} INFO - [2024-05-22T01:00:15.086+0000] {dag.py:3096} INFO - Sync 1 DAGs
[2024-05-22T01:00:15.091+0000] {logging_mixin.py:188} INFO - [2024-05-22T01:00:15.091+0000] {dag.py:3954} INFO - Setting next_dagrun for example_python_operator to None, run_after=None
[2024-05-22T01:00:15.098+0000] {processor.py:183} INFO - Processing /home/airflow/.local/lib/python3.12/site-packages/airflow/example_dags/example_python_operator.py took 0.030 seconds
[2024-05-22T02:26:35.097+0000] {processor.py:161} INFO - Started process (PID=29750) to work on /home/airflow/.local/lib/python3.12/site-packages/airflow/example_dags/example_python_operator.py
[2024-05-22T02:26:35.098+0000] {processor.py:830} INFO - Processing file /home/airflow/.local/lib/python3.12/site-packages/airflow/example_dags/example_python_operator.py for tasks to queue
[2024-05-22T02:26:35.098+0000] {logging_mixin.py:188} INFO - [2024-05-22T02:26:35.098+0000] {dagbag.py:545} INFO - Filling up the DagBag from /home/airflow/.local/lib/python3.12/site-packages/airflow/example_dags/example_python_operator.py
[2024-05-22T02:26:35.103+0000] {processor.py:840} INFO - DAG(s) 'example_python_operator' retrieved from /home/airflow/.local/lib/python3.12/site-packages/airflow/example_dags/example_python_operator.py
[2024-05-22T02:26:35.111+0000] {logging_mixin.py:188} INFO - [2024-05-22T02:26:35.111+0000] {dag.py:3096} INFO - Sync 1 DAGs
[2024-05-22T02:26:35.116+0000] {logging_mixin.py:188} INFO - [2024-05-22T02:26:35.116+0000] {dag.py:3954} INFO - Setting next_dagrun for example_python_operator to None, run_after=None
[2024-05-22T02:26:35.123+0000] {processor.py:183} INFO - Processing /home/airflow/.local/lib/python3.12/site-packages/airflow/example_dags/example_python_operator.py took 0.028 seconds
[2024-05-22T02:27:05.893+0000] {processor.py:161} INFO - Started process (PID=29808) to work on /home/airflow/.local/lib/python3.12/site-packages/airflow/example_dags/example_python_operator.py
[2024-05-22T02:27:05.893+0000] {processor.py:830} INFO - Processing file /home/airflow/.local/lib/python3.12/site-packages/airflow/example_dags/example_python_operator.py for tasks to queue
[2024-05-22T02:27:05.894+0000] {logging_mixin.py:188} INFO - [2024-05-22T02:27:05.894+0000] {dagbag.py:545} INFO - Filling up the DagBag from /home/airflow/.local/lib/python3.12/site-packages/airflow/example_dags/example_python_operator.py
[2024-05-22T02:27:05.899+0000] {processor.py:840} INFO - DAG(s) 'example_python_operator' retrieved from /home/airflow/.local/lib/python3.12/site-packages/airflow/example_dags/example_python_operator.py
[2024-05-22T02:27:05.909+0000] {logging_mixin.py:188} INFO - [2024-05-22T02:27:05.909+0000] {dag.py:3096} INFO - Sync 1 DAGs
[2024-05-22T02:27:05.915+0000] {logging_mixin.py:188} INFO - [2024-05-22T02:27:05.915+0000] {dag.py:3954} INFO - Setting next_dagrun for example_python_operator to None, run_after=None
[2024-05-22T02:27:05.922+0000] {processor.py:183} INFO - Processing /home/airflow/.local/lib/python3.12/site-packages/airflow/example_dags/example_python_operator.py took 0.032 seconds
[2024-05-22T03:16:30.006+0000] {processor.py:161} INFO - Started process (PID=29866) to work on /home/airflow/.local/lib/python3.12/site-packages/airflow/example_dags/example_python_operator.py
[2024-05-22T03:16:30.007+0000] {processor.py:830} INFO - Processing file /home/airflow/.local/lib/python3.12/site-packages/airflow/example_dags/example_python_operator.py for tasks to queue
[2024-05-22T03:16:30.008+0000] {logging_mixin.py:188} INFO - [2024-05-22T03:16:30.007+0000] {dagbag.py:545} INFO - Filling up the DagBag from /home/airflow/.local/lib/python3.12/site-packages/airflow/example_dags/example_python_operator.py
[2024-05-22T03:16:30.012+0000] {processor.py:840} INFO - DAG(s) 'example_python_operator' retrieved from /home/airflow/.local/lib/python3.12/site-packages/airflow/example_dags/example_python_operator.py
[2024-05-22T03:16:30.022+0000] {logging_mixin.py:188} INFO - [2024-05-22T03:16:30.022+0000] {dag.py:3096} INFO - Sync 1 DAGs
[2024-05-22T03:16:30.027+0000] {logging_mixin.py:188} INFO - [2024-05-22T03:16:30.027+0000] {dag.py:3954} INFO - Setting next_dagrun for example_python_operator to None, run_after=None
[2024-05-22T03:16:30.035+0000] {processor.py:183} INFO - Processing /home/airflow/.local/lib/python3.12/site-packages/airflow/example_dags/example_python_operator.py took 0.031 seconds
[2024-05-22T04:42:09.418+0000] {processor.py:161} INFO - Started process (PID=29924) to work on /home/airflow/.local/lib/python3.12/site-packages/airflow/example_dags/example_python_operator.py
[2024-05-22T04:42:09.419+0000] {processor.py:830} INFO - Processing file /home/airflow/.local/lib/python3.12/site-packages/airflow/example_dags/example_python_operator.py for tasks to queue
[2024-05-22T04:42:09.420+0000] {logging_mixin.py:188} INFO - [2024-05-22T04:42:09.420+0000] {dagbag.py:545} INFO - Filling up the DagBag from /home/airflow/.local/lib/python3.12/site-packages/airflow/example_dags/example_python_operator.py
[2024-05-22T04:42:09.424+0000] {processor.py:840} INFO - DAG(s) 'example_python_operator' retrieved from /home/airflow/.local/lib/python3.12/site-packages/airflow/example_dags/example_python_operator.py
[2024-05-22T04:42:09.433+0000] {logging_mixin.py:188} INFO - [2024-05-22T04:42:09.433+0000] {dag.py:3096} INFO - Sync 1 DAGs
[2024-05-22T04:42:09.438+0000] {logging_mixin.py:188} INFO - [2024-05-22T04:42:09.438+0000] {dag.py:3954} INFO - Setting next_dagrun for example_python_operator to None, run_after=None
[2024-05-22T04:42:09.446+0000] {processor.py:183} INFO - Processing /home/airflow/.local/lib/python3.12/site-packages/airflow/example_dags/example_python_operator.py took 0.030 seconds
[2024-05-22T04:42:39.933+0000] {processor.py:161} INFO - Started process (PID=29982) to work on /home/airflow/.local/lib/python3.12/site-packages/airflow/example_dags/example_python_operator.py
[2024-05-22T04:42:39.933+0000] {processor.py:830} INFO - Processing file /home/airflow/.local/lib/python3.12/site-packages/airflow/example_dags/example_python_operator.py for tasks to queue
[2024-05-22T04:42:39.934+0000] {logging_mixin.py:188} INFO - [2024-05-22T04:42:39.934+0000] {dagbag.py:545} INFO - Filling up the DagBag from /home/airflow/.local/lib/python3.12/site-packages/airflow/example_dags/example_python_operator.py
[2024-05-22T04:42:39.938+0000] {processor.py:840} INFO - DAG(s) 'example_python_operator' retrieved from /home/airflow/.local/lib/python3.12/site-packages/airflow/example_dags/example_python_operator.py
[2024-05-22T04:42:39.947+0000] {logging_mixin.py:188} INFO - [2024-05-22T04:42:39.947+0000] {dag.py:3096} INFO - Sync 1 DAGs
[2024-05-22T04:42:39.951+0000] {logging_mixin.py:188} INFO - [2024-05-22T04:42:39.951+0000] {dag.py:3954} INFO - Setting next_dagrun for example_python_operator to None, run_after=None
[2024-05-22T04:42:39.958+0000] {processor.py:183} INFO - Processing /home/airflow/.local/lib/python3.12/site-packages/airflow/example_dags/example_python_operator.py took 0.028 seconds
[2024-05-22T05:33:34.316+0000] {processor.py:161} INFO - Started process (PID=30040) to work on /home/airflow/.local/lib/python3.12/site-packages/airflow/example_dags/example_python_operator.py
[2024-05-22T05:33:34.317+0000] {processor.py:830} INFO - Processing file /home/airflow/.local/lib/python3.12/site-packages/airflow/example_dags/example_python_operator.py for tasks to queue
[2024-05-22T05:33:34.318+0000] {logging_mixin.py:188} INFO - [2024-05-22T05:33:34.318+0000] {dagbag.py:545} INFO - Filling up the DagBag from /home/airflow/.local/lib/python3.12/site-packages/airflow/example_dags/example_python_operator.py
[2024-05-22T05:33:34.322+0000] {processor.py:840} INFO - DAG(s) 'example_python_operator' retrieved from /home/airflow/.local/lib/python3.12/site-packages/airflow/example_dags/example_python_operator.py
[2024-05-22T05:33:34.331+0000] {logging_mixin.py:188} INFO - [2024-05-22T05:33:34.331+0000] {dag.py:3096} INFO - Sync 1 DAGs
[2024-05-22T05:33:34.336+0000] {logging_mixin.py:188} INFO - [2024-05-22T05:33:34.335+0000] {dag.py:3954} INFO - Setting next_dagrun for example_python_operator to None, run_after=None
[2024-05-22T05:33:34.342+0000] {processor.py:183} INFO - Processing /home/airflow/.local/lib/python3.12/site-packages/airflow/example_dags/example_python_operator.py took 0.029 seconds
[2024-05-22T05:54:39.516+0000] {processor.py:161} INFO - Started process (PID=30098) to work on /home/airflow/.local/lib/python3.12/site-packages/airflow/example_dags/example_python_operator.py
[2024-05-22T05:54:39.517+0000] {processor.py:830} INFO - Processing file /home/airflow/.local/lib/python3.12/site-packages/airflow/example_dags/example_python_operator.py for tasks to queue
[2024-05-22T05:54:39.518+0000] {logging_mixin.py:188} INFO - [2024-05-22T05:54:39.518+0000] {dagbag.py:545} INFO - Filling up the DagBag from /home/airflow/.local/lib/python3.12/site-packages/airflow/example_dags/example_python_operator.py
[2024-05-22T05:54:39.523+0000] {processor.py:840} INFO - DAG(s) 'example_python_operator' retrieved from /home/airflow/.local/lib/python3.12/site-packages/airflow/example_dags/example_python_operator.py
[2024-05-22T05:54:39.533+0000] {logging_mixin.py:188} INFO - [2024-05-22T05:54:39.533+0000] {dag.py:3096} INFO - Sync 1 DAGs
[2024-05-22T05:54:39.538+0000] {logging_mixin.py:188} INFO - [2024-05-22T05:54:39.538+0000] {dag.py:3954} INFO - Setting next_dagrun for example_python_operator to None, run_after=None
[2024-05-22T05:54:39.546+0000] {processor.py:183} INFO - Processing /home/airflow/.local/lib/python3.12/site-packages/airflow/example_dags/example_python_operator.py took 0.032 seconds
[2024-05-22T06:02:12.666+0000] {processor.py:161} INFO - Started process (PID=30156) to work on /home/airflow/.local/lib/python3.12/site-packages/airflow/example_dags/example_python_operator.py
[2024-05-22T06:02:12.666+0000] {processor.py:830} INFO - Processing file /home/airflow/.local/lib/python3.12/site-packages/airflow/example_dags/example_python_operator.py for tasks to queue
[2024-05-22T06:02:12.667+0000] {logging_mixin.py:188} INFO - [2024-05-22T06:02:12.667+0000] {dagbag.py:545} INFO - Filling up the DagBag from /home/airflow/.local/lib/python3.12/site-packages/airflow/example_dags/example_python_operator.py
[2024-05-22T06:02:12.672+0000] {processor.py:840} INFO - DAG(s) 'example_python_operator' retrieved from /home/airflow/.local/lib/python3.12/site-packages/airflow/example_dags/example_python_operator.py
[2024-05-22T06:02:12.681+0000] {logging_mixin.py:188} INFO - [2024-05-22T06:02:12.681+0000] {dag.py:3096} INFO - Sync 1 DAGs
[2024-05-22T06:02:12.686+0000] {logging_mixin.py:188} INFO - [2024-05-22T06:02:12.686+0000] {dag.py:3954} INFO - Setting next_dagrun for example_python_operator to None, run_after=None
[2024-05-22T06:02:12.693+0000] {processor.py:183} INFO - Processing /home/airflow/.local/lib/python3.12/site-packages/airflow/example_dags/example_python_operator.py took 0.030 seconds
[2024-05-22T06:02:43.216+0000] {processor.py:161} INFO - Started process (PID=30214) to work on /home/airflow/.local/lib/python3.12/site-packages/airflow/example_dags/example_python_operator.py
[2024-05-22T06:02:43.217+0000] {processor.py:830} INFO - Processing file /home/airflow/.local/lib/python3.12/site-packages/airflow/example_dags/example_python_operator.py for tasks to queue
[2024-05-22T06:02:43.217+0000] {logging_mixin.py:188} INFO - [2024-05-22T06:02:43.217+0000] {dagbag.py:545} INFO - Filling up the DagBag from /home/airflow/.local/lib/python3.12/site-packages/airflow/example_dags/example_python_operator.py
[2024-05-22T06:02:43.222+0000] {processor.py:840} INFO - DAG(s) 'example_python_operator' retrieved from /home/airflow/.local/lib/python3.12/site-packages/airflow/example_dags/example_python_operator.py
[2024-05-22T06:02:43.230+0000] {logging_mixin.py:188} INFO - [2024-05-22T06:02:43.230+0000] {dag.py:3096} INFO - Sync 1 DAGs
[2024-05-22T06:02:43.235+0000] {logging_mixin.py:188} INFO - [2024-05-22T06:02:43.235+0000] {dag.py:3954} INFO - Setting next_dagrun for example_python_operator to None, run_after=None
[2024-05-22T06:02:43.242+0000] {processor.py:183} INFO - Processing /home/airflow/.local/lib/python3.12/site-packages/airflow/example_dags/example_python_operator.py took 0.029 seconds
[2024-05-22T06:43:17.612+0000] {processor.py:161} INFO - Started process (PID=30272) to work on /home/airflow/.local/lib/python3.12/site-packages/airflow/example_dags/example_python_operator.py
[2024-05-22T06:43:17.613+0000] {processor.py:830} INFO - Processing file /home/airflow/.local/lib/python3.12/site-packages/airflow/example_dags/example_python_operator.py for tasks to queue
[2024-05-22T06:43:17.613+0000] {logging_mixin.py:188} INFO - [2024-05-22T06:43:17.613+0000] {dagbag.py:545} INFO - Filling up the DagBag from /home/airflow/.local/lib/python3.12/site-packages/airflow/example_dags/example_python_operator.py
[2024-05-22T06:43:17.618+0000] {processor.py:840} INFO - DAG(s) 'example_python_operator' retrieved from /home/airflow/.local/lib/python3.12/site-packages/airflow/example_dags/example_python_operator.py
[2024-05-22T06:43:17.628+0000] {logging_mixin.py:188} INFO - [2024-05-22T06:43:17.628+0000] {dag.py:3096} INFO - Sync 1 DAGs
[2024-05-22T06:43:17.633+0000] {logging_mixin.py:188} INFO - [2024-05-22T06:43:17.633+0000] {dag.py:3954} INFO - Setting next_dagrun for example_python_operator to None, run_after=None
[2024-05-22T06:43:17.641+0000] {processor.py:183} INFO - Processing /home/airflow/.local/lib/python3.12/site-packages/airflow/example_dags/example_python_operator.py took 0.032 seconds
[2024-05-22T06:43:48.069+0000] {processor.py:161} INFO - Started process (PID=30330) to work on /home/airflow/.local/lib/python3.12/site-packages/airflow/example_dags/example_python_operator.py
[2024-05-22T06:43:48.069+0000] {processor.py:830} INFO - Processing file /home/airflow/.local/lib/python3.12/site-packages/airflow/example_dags/example_python_operator.py for tasks to queue
[2024-05-22T06:43:48.070+0000] {logging_mixin.py:188} INFO - [2024-05-22T06:43:48.070+0000] {dagbag.py:545} INFO - Filling up the DagBag from /home/airflow/.local/lib/python3.12/site-packages/airflow/example_dags/example_python_operator.py
[2024-05-22T06:43:48.075+0000] {processor.py:840} INFO - DAG(s) 'example_python_operator' retrieved from /home/airflow/.local/lib/python3.12/site-packages/airflow/example_dags/example_python_operator.py
[2024-05-22T06:43:48.084+0000] {logging_mixin.py:188} INFO - [2024-05-22T06:43:48.084+0000] {dag.py:3096} INFO - Sync 1 DAGs
[2024-05-22T06:43:48.089+0000] {logging_mixin.py:188} INFO - [2024-05-22T06:43:48.088+0000] {dag.py:3954} INFO - Setting next_dagrun for example_python_operator to None, run_after=None
[2024-05-22T06:43:48.096+0000] {processor.py:183} INFO - Processing /home/airflow/.local/lib/python3.12/site-packages/airflow/example_dags/example_python_operator.py took 0.030 seconds
[2024-05-22T07:00:24.659+0000] {processor.py:161} INFO - Started process (PID=30387) to work on /home/airflow/.local/lib/python3.12/site-packages/airflow/example_dags/example_python_operator.py
[2024-05-22T07:00:24.660+0000] {processor.py:830} INFO - Processing file /home/airflow/.local/lib/python3.12/site-packages/airflow/example_dags/example_python_operator.py for tasks to queue
[2024-05-22T07:00:24.660+0000] {logging_mixin.py:188} INFO - [2024-05-22T07:00:24.660+0000] {dagbag.py:545} INFO - Filling up the DagBag from /home/airflow/.local/lib/python3.12/site-packages/airflow/example_dags/example_python_operator.py
[2024-05-22T07:00:24.665+0000] {processor.py:840} INFO - DAG(s) 'example_python_operator' retrieved from /home/airflow/.local/lib/python3.12/site-packages/airflow/example_dags/example_python_operator.py
[2024-05-22T07:00:24.675+0000] {logging_mixin.py:188} INFO - [2024-05-22T07:00:24.675+0000] {dag.py:3096} INFO - Sync 1 DAGs
[2024-05-22T07:00:24.680+0000] {logging_mixin.py:188} INFO - [2024-05-22T07:00:24.680+0000] {dag.py:3954} INFO - Setting next_dagrun for example_python_operator to None, run_after=None
[2024-05-22T07:00:24.686+0000] {processor.py:183} INFO - Processing /home/airflow/.local/lib/python3.12/site-packages/airflow/example_dags/example_python_operator.py took 0.030 seconds
