[2024-05-22T01:00:14.896+0000] {processor.py:161} INFO - Started process (PID=29685) to work on /home/airflow/.local/lib/python3.12/site-packages/airflow/example_dags/example_task_group_decorator.py
[2024-05-22T01:00:14.896+0000] {processor.py:830} INFO - Processing file /home/airflow/.local/lib/python3.12/site-packages/airflow/example_dags/example_task_group_decorator.py for tasks to queue
[2024-05-22T01:00:14.897+0000] {logging_mixin.py:188} INFO - [2024-05-22T01:00:14.897+0000] {dagbag.py:545} INFO - Filling up the DagBag from /home/airflow/.local/lib/python3.12/site-packages/airflow/example_dags/example_task_group_decorator.py
[2024-05-22T01:00:14.902+0000] {processor.py:840} INFO - DAG(s) 'example_task_group_decorator' retrieved from /home/airflow/.local/lib/python3.12/site-packages/airflow/example_dags/example_task_group_decorator.py
[2024-05-22T01:00:14.913+0000] {logging_mixin.py:188} INFO - [2024-05-22T01:00:14.913+0000] {dag.py:3096} INFO - Sync 1 DAGs
[2024-05-22T01:00:14.922+0000] {logging_mixin.py:188} INFO - [2024-05-22T01:00:14.921+0000] {dag.py:3954} INFO - Setting next_dagrun for example_task_group_decorator to 2024-05-21 00:00:00+00:00, run_after=2024-05-22 00:00:00+00:00
[2024-05-22T01:00:14.928+0000] {processor.py:183} INFO - Processing /home/airflow/.local/lib/python3.12/site-packages/airflow/example_dags/example_task_group_decorator.py took 0.035 seconds
[2024-05-22T02:26:34.932+0000] {processor.py:161} INFO - Started process (PID=29743) to work on /home/airflow/.local/lib/python3.12/site-packages/airflow/example_dags/example_task_group_decorator.py
[2024-05-22T02:26:34.933+0000] {processor.py:830} INFO - Processing file /home/airflow/.local/lib/python3.12/site-packages/airflow/example_dags/example_task_group_decorator.py for tasks to queue
[2024-05-22T02:26:34.933+0000] {logging_mixin.py:188} INFO - [2024-05-22T02:26:34.933+0000] {dagbag.py:545} INFO - Filling up the DagBag from /home/airflow/.local/lib/python3.12/site-packages/airflow/example_dags/example_task_group_decorator.py
[2024-05-22T02:26:34.939+0000] {processor.py:840} INFO - DAG(s) 'example_task_group_decorator' retrieved from /home/airflow/.local/lib/python3.12/site-packages/airflow/example_dags/example_task_group_decorator.py
[2024-05-22T02:26:34.949+0000] {logging_mixin.py:188} INFO - [2024-05-22T02:26:34.948+0000] {dag.py:3096} INFO - Sync 1 DAGs
[2024-05-22T02:26:34.957+0000] {logging_mixin.py:188} INFO - [2024-05-22T02:26:34.957+0000] {dag.py:3954} INFO - Setting next_dagrun for example_task_group_decorator to 2024-05-21 00:00:00+00:00, run_after=2024-05-22 00:00:00+00:00
[2024-05-22T02:26:34.964+0000] {processor.py:183} INFO - Processing /home/airflow/.local/lib/python3.12/site-packages/airflow/example_dags/example_task_group_decorator.py took 0.035 seconds
[2024-05-22T02:27:05.673+0000] {processor.py:161} INFO - Started process (PID=29801) to work on /home/airflow/.local/lib/python3.12/site-packages/airflow/example_dags/example_task_group_decorator.py
[2024-05-22T02:27:05.674+0000] {processor.py:830} INFO - Processing file /home/airflow/.local/lib/python3.12/site-packages/airflow/example_dags/example_task_group_decorator.py for tasks to queue
[2024-05-22T02:27:05.675+0000] {logging_mixin.py:188} INFO - [2024-05-22T02:27:05.675+0000] {dagbag.py:545} INFO - Filling up the DagBag from /home/airflow/.local/lib/python3.12/site-packages/airflow/example_dags/example_task_group_decorator.py
[2024-05-22T02:27:05.681+0000] {processor.py:840} INFO - DAG(s) 'example_task_group_decorator' retrieved from /home/airflow/.local/lib/python3.12/site-packages/airflow/example_dags/example_task_group_decorator.py
[2024-05-22T02:27:05.692+0000] {logging_mixin.py:188} INFO - [2024-05-22T02:27:05.692+0000] {dag.py:3096} INFO - Sync 1 DAGs
[2024-05-22T02:27:05.700+0000] {logging_mixin.py:188} INFO - [2024-05-22T02:27:05.700+0000] {dag.py:3954} INFO - Setting next_dagrun for example_task_group_decorator to 2024-05-21 00:00:00+00:00, run_after=2024-05-22 00:00:00+00:00
[2024-05-22T02:27:05.707+0000] {processor.py:183} INFO - Processing /home/airflow/.local/lib/python3.12/site-packages/airflow/example_dags/example_task_group_decorator.py took 0.036 seconds
[2024-05-22T03:16:29.807+0000] {processor.py:161} INFO - Started process (PID=29859) to work on /home/airflow/.local/lib/python3.12/site-packages/airflow/example_dags/example_task_group_decorator.py
[2024-05-22T03:16:29.808+0000] {processor.py:830} INFO - Processing file /home/airflow/.local/lib/python3.12/site-packages/airflow/example_dags/example_task_group_decorator.py for tasks to queue
[2024-05-22T03:16:29.809+0000] {logging_mixin.py:188} INFO - [2024-05-22T03:16:29.808+0000] {dagbag.py:545} INFO - Filling up the DagBag from /home/airflow/.local/lib/python3.12/site-packages/airflow/example_dags/example_task_group_decorator.py
[2024-05-22T03:16:29.814+0000] {processor.py:840} INFO - DAG(s) 'example_task_group_decorator' retrieved from /home/airflow/.local/lib/python3.12/site-packages/airflow/example_dags/example_task_group_decorator.py
[2024-05-22T03:16:29.824+0000] {logging_mixin.py:188} INFO - [2024-05-22T03:16:29.823+0000] {dag.py:3096} INFO - Sync 1 DAGs
[2024-05-22T03:16:29.832+0000] {logging_mixin.py:188} INFO - [2024-05-22T03:16:29.832+0000] {dag.py:3954} INFO - Setting next_dagrun for example_task_group_decorator to 2024-05-21 00:00:00+00:00, run_after=2024-05-22 00:00:00+00:00
[2024-05-22T03:16:29.839+0000] {processor.py:183} INFO - Processing /home/airflow/.local/lib/python3.12/site-packages/airflow/example_dags/example_task_group_decorator.py took 0.035 seconds
[2024-05-22T04:42:09.235+0000] {processor.py:161} INFO - Started process (PID=29917) to work on /home/airflow/.local/lib/python3.12/site-packages/airflow/example_dags/example_task_group_decorator.py
[2024-05-22T04:42:09.235+0000] {processor.py:830} INFO - Processing file /home/airflow/.local/lib/python3.12/site-packages/airflow/example_dags/example_task_group_decorator.py for tasks to queue
[2024-05-22T04:42:09.236+0000] {logging_mixin.py:188} INFO - [2024-05-22T04:42:09.236+0000] {dagbag.py:545} INFO - Filling up the DagBag from /home/airflow/.local/lib/python3.12/site-packages/airflow/example_dags/example_task_group_decorator.py
[2024-05-22T04:42:09.242+0000] {processor.py:840} INFO - DAG(s) 'example_task_group_decorator' retrieved from /home/airflow/.local/lib/python3.12/site-packages/airflow/example_dags/example_task_group_decorator.py
[2024-05-22T04:42:09.253+0000] {logging_mixin.py:188} INFO - [2024-05-22T04:42:09.252+0000] {dag.py:3096} INFO - Sync 1 DAGs
[2024-05-22T04:42:09.261+0000] {logging_mixin.py:188} INFO - [2024-05-22T04:42:09.261+0000] {dag.py:3954} INFO - Setting next_dagrun for example_task_group_decorator to 2024-05-21 00:00:00+00:00, run_after=2024-05-22 00:00:00+00:00
[2024-05-22T04:42:09.269+0000] {processor.py:183} INFO - Processing /home/airflow/.local/lib/python3.12/site-packages/airflow/example_dags/example_task_group_decorator.py took 0.036 seconds
[2024-05-22T04:42:39.774+0000] {processor.py:161} INFO - Started process (PID=29975) to work on /home/airflow/.local/lib/python3.12/site-packages/airflow/example_dags/example_task_group_decorator.py
[2024-05-22T04:42:39.774+0000] {processor.py:830} INFO - Processing file /home/airflow/.local/lib/python3.12/site-packages/airflow/example_dags/example_task_group_decorator.py for tasks to queue
[2024-05-22T04:42:39.775+0000] {logging_mixin.py:188} INFO - [2024-05-22T04:42:39.775+0000] {dagbag.py:545} INFO - Filling up the DagBag from /home/airflow/.local/lib/python3.12/site-packages/airflow/example_dags/example_task_group_decorator.py
[2024-05-22T04:42:39.781+0000] {processor.py:840} INFO - DAG(s) 'example_task_group_decorator' retrieved from /home/airflow/.local/lib/python3.12/site-packages/airflow/example_dags/example_task_group_decorator.py
[2024-05-22T04:42:39.790+0000] {logging_mixin.py:188} INFO - [2024-05-22T04:42:39.790+0000] {dag.py:3096} INFO - Sync 1 DAGs
[2024-05-22T04:42:39.798+0000] {logging_mixin.py:188} INFO - [2024-05-22T04:42:39.798+0000] {dag.py:3954} INFO - Setting next_dagrun for example_task_group_decorator to 2024-05-21 00:00:00+00:00, run_after=2024-05-22 00:00:00+00:00
[2024-05-22T04:42:39.805+0000] {processor.py:183} INFO - Processing /home/airflow/.local/lib/python3.12/site-packages/airflow/example_dags/example_task_group_decorator.py took 0.034 seconds
[2024-05-22T05:33:34.146+0000] {processor.py:161} INFO - Started process (PID=30033) to work on /home/airflow/.local/lib/python3.12/site-packages/airflow/example_dags/example_task_group_decorator.py
[2024-05-22T05:33:34.147+0000] {processor.py:830} INFO - Processing file /home/airflow/.local/lib/python3.12/site-packages/airflow/example_dags/example_task_group_decorator.py for tasks to queue
[2024-05-22T05:33:34.148+0000] {logging_mixin.py:188} INFO - [2024-05-22T05:33:34.148+0000] {dagbag.py:545} INFO - Filling up the DagBag from /home/airflow/.local/lib/python3.12/site-packages/airflow/example_dags/example_task_group_decorator.py
[2024-05-22T05:33:34.154+0000] {processor.py:840} INFO - DAG(s) 'example_task_group_decorator' retrieved from /home/airflow/.local/lib/python3.12/site-packages/airflow/example_dags/example_task_group_decorator.py
[2024-05-22T05:33:34.167+0000] {logging_mixin.py:188} INFO - [2024-05-22T05:33:34.167+0000] {dag.py:3096} INFO - Sync 1 DAGs
[2024-05-22T05:33:34.176+0000] {logging_mixin.py:188} INFO - [2024-05-22T05:33:34.176+0000] {dag.py:3954} INFO - Setting next_dagrun for example_task_group_decorator to 2024-05-21 00:00:00+00:00, run_after=2024-05-22 00:00:00+00:00
[2024-05-22T05:33:34.183+0000] {processor.py:183} INFO - Processing /home/airflow/.local/lib/python3.12/site-packages/airflow/example_dags/example_task_group_decorator.py took 0.039 seconds
[2024-05-22T05:54:39.298+0000] {processor.py:161} INFO - Started process (PID=30091) to work on /home/airflow/.local/lib/python3.12/site-packages/airflow/example_dags/example_task_group_decorator.py
[2024-05-22T05:54:39.299+0000] {processor.py:830} INFO - Processing file /home/airflow/.local/lib/python3.12/site-packages/airflow/example_dags/example_task_group_decorator.py for tasks to queue
[2024-05-22T05:54:39.300+0000] {logging_mixin.py:188} INFO - [2024-05-22T05:54:39.300+0000] {dagbag.py:545} INFO - Filling up the DagBag from /home/airflow/.local/lib/python3.12/site-packages/airflow/example_dags/example_task_group_decorator.py
[2024-05-22T05:54:39.306+0000] {processor.py:840} INFO - DAG(s) 'example_task_group_decorator' retrieved from /home/airflow/.local/lib/python3.12/site-packages/airflow/example_dags/example_task_group_decorator.py
[2024-05-22T05:54:39.316+0000] {logging_mixin.py:188} INFO - [2024-05-22T05:54:39.316+0000] {dag.py:3096} INFO - Sync 1 DAGs
[2024-05-22T05:54:39.325+0000] {logging_mixin.py:188} INFO - [2024-05-22T05:54:39.325+0000] {dag.py:3954} INFO - Setting next_dagrun for example_task_group_decorator to 2024-05-21 00:00:00+00:00, run_after=2024-05-22 00:00:00+00:00
[2024-05-22T05:54:39.334+0000] {processor.py:183} INFO - Processing /home/airflow/.local/lib/python3.12/site-packages/airflow/example_dags/example_task_group_decorator.py took 0.038 seconds
[2024-05-22T06:02:12.493+0000] {processor.py:161} INFO - Started process (PID=30149) to work on /home/airflow/.local/lib/python3.12/site-packages/airflow/example_dags/example_task_group_decorator.py
[2024-05-22T06:02:12.494+0000] {processor.py:830} INFO - Processing file /home/airflow/.local/lib/python3.12/site-packages/airflow/example_dags/example_task_group_decorator.py for tasks to queue
[2024-05-22T06:02:12.495+0000] {logging_mixin.py:188} INFO - [2024-05-22T06:02:12.495+0000] {dagbag.py:545} INFO - Filling up the DagBag from /home/airflow/.local/lib/python3.12/site-packages/airflow/example_dags/example_task_group_decorator.py
[2024-05-22T06:02:12.500+0000] {processor.py:840} INFO - DAG(s) 'example_task_group_decorator' retrieved from /home/airflow/.local/lib/python3.12/site-packages/airflow/example_dags/example_task_group_decorator.py
[2024-05-22T06:02:12.510+0000] {logging_mixin.py:188} INFO - [2024-05-22T06:02:12.510+0000] {dag.py:3096} INFO - Sync 1 DAGs
[2024-05-22T06:02:12.519+0000] {logging_mixin.py:188} INFO - [2024-05-22T06:02:12.519+0000] {dag.py:3954} INFO - Setting next_dagrun for example_task_group_decorator to 2024-05-21 00:00:00+00:00, run_after=2024-05-22 00:00:00+00:00
[2024-05-22T06:02:12.526+0000] {processor.py:183} INFO - Processing /home/airflow/.local/lib/python3.12/site-packages/airflow/example_dags/example_task_group_decorator.py took 0.037 seconds
[2024-05-22T06:02:43.041+0000] {processor.py:161} INFO - Started process (PID=30207) to work on /home/airflow/.local/lib/python3.12/site-packages/airflow/example_dags/example_task_group_decorator.py
[2024-05-22T06:02:43.043+0000] {processor.py:830} INFO - Processing file /home/airflow/.local/lib/python3.12/site-packages/airflow/example_dags/example_task_group_decorator.py for tasks to queue
[2024-05-22T06:02:43.044+0000] {logging_mixin.py:188} INFO - [2024-05-22T06:02:43.044+0000] {dagbag.py:545} INFO - Filling up the DagBag from /home/airflow/.local/lib/python3.12/site-packages/airflow/example_dags/example_task_group_decorator.py
[2024-05-22T06:02:43.049+0000] {processor.py:840} INFO - DAG(s) 'example_task_group_decorator' retrieved from /home/airflow/.local/lib/python3.12/site-packages/airflow/example_dags/example_task_group_decorator.py
[2024-05-22T06:02:43.059+0000] {logging_mixin.py:188} INFO - [2024-05-22T06:02:43.059+0000] {dag.py:3096} INFO - Sync 1 DAGs
[2024-05-22T06:02:43.067+0000] {logging_mixin.py:188} INFO - [2024-05-22T06:02:43.067+0000] {dag.py:3954} INFO - Setting next_dagrun for example_task_group_decorator to 2024-05-21 00:00:00+00:00, run_after=2024-05-22 00:00:00+00:00
[2024-05-22T06:02:43.076+0000] {processor.py:183} INFO - Processing /home/airflow/.local/lib/python3.12/site-packages/airflow/example_dags/example_task_group_decorator.py took 0.037 seconds
[2024-05-22T06:43:17.404+0000] {processor.py:161} INFO - Started process (PID=30265) to work on /home/airflow/.local/lib/python3.12/site-packages/airflow/example_dags/example_task_group_decorator.py
[2024-05-22T06:43:17.405+0000] {processor.py:830} INFO - Processing file /home/airflow/.local/lib/python3.12/site-packages/airflow/example_dags/example_task_group_decorator.py for tasks to queue
[2024-05-22T06:43:17.406+0000] {logging_mixin.py:188} INFO - [2024-05-22T06:43:17.406+0000] {dagbag.py:545} INFO - Filling up the DagBag from /home/airflow/.local/lib/python3.12/site-packages/airflow/example_dags/example_task_group_decorator.py
[2024-05-22T06:43:17.413+0000] {processor.py:840} INFO - DAG(s) 'example_task_group_decorator' retrieved from /home/airflow/.local/lib/python3.12/site-packages/airflow/example_dags/example_task_group_decorator.py
[2024-05-22T06:43:17.424+0000] {logging_mixin.py:188} INFO - [2024-05-22T06:43:17.424+0000] {dag.py:3096} INFO - Sync 1 DAGs
[2024-05-22T06:43:17.433+0000] {logging_mixin.py:188} INFO - [2024-05-22T06:43:17.433+0000] {dag.py:3954} INFO - Setting next_dagrun for example_task_group_decorator to 2024-05-21 00:00:00+00:00, run_after=2024-05-22 00:00:00+00:00
[2024-05-22T06:43:17.440+0000] {processor.py:183} INFO - Processing /home/airflow/.local/lib/python3.12/site-packages/airflow/example_dags/example_task_group_decorator.py took 0.038 seconds
[2024-05-22T06:43:47.914+0000] {processor.py:161} INFO - Started process (PID=30323) to work on /home/airflow/.local/lib/python3.12/site-packages/airflow/example_dags/example_task_group_decorator.py
[2024-05-22T06:43:47.914+0000] {processor.py:830} INFO - Processing file /home/airflow/.local/lib/python3.12/site-packages/airflow/example_dags/example_task_group_decorator.py for tasks to queue
[2024-05-22T06:43:47.915+0000] {logging_mixin.py:188} INFO - [2024-05-22T06:43:47.915+0000] {dagbag.py:545} INFO - Filling up the DagBag from /home/airflow/.local/lib/python3.12/site-packages/airflow/example_dags/example_task_group_decorator.py
[2024-05-22T06:43:47.921+0000] {processor.py:840} INFO - DAG(s) 'example_task_group_decorator' retrieved from /home/airflow/.local/lib/python3.12/site-packages/airflow/example_dags/example_task_group_decorator.py
[2024-05-22T06:43:47.931+0000] {logging_mixin.py:188} INFO - [2024-05-22T06:43:47.931+0000] {dag.py:3096} INFO - Sync 1 DAGs
[2024-05-22T06:43:47.940+0000] {logging_mixin.py:188} INFO - [2024-05-22T06:43:47.940+0000] {dag.py:3954} INFO - Setting next_dagrun for example_task_group_decorator to 2024-05-21 00:00:00+00:00, run_after=2024-05-22 00:00:00+00:00
[2024-05-22T06:43:47.947+0000] {processor.py:183} INFO - Processing /home/airflow/.local/lib/python3.12/site-packages/airflow/example_dags/example_task_group_decorator.py took 0.035 seconds
[2024-05-22T07:00:24.490+0000] {processor.py:161} INFO - Started process (PID=30380) to work on /home/airflow/.local/lib/python3.12/site-packages/airflow/example_dags/example_task_group_decorator.py
[2024-05-22T07:00:24.491+0000] {processor.py:830} INFO - Processing file /home/airflow/.local/lib/python3.12/site-packages/airflow/example_dags/example_task_group_decorator.py for tasks to queue
[2024-05-22T07:00:24.492+0000] {logging_mixin.py:188} INFO - [2024-05-22T07:00:24.492+0000] {dagbag.py:545} INFO - Filling up the DagBag from /home/airflow/.local/lib/python3.12/site-packages/airflow/example_dags/example_task_group_decorator.py
[2024-05-22T07:00:24.497+0000] {processor.py:840} INFO - DAG(s) 'example_task_group_decorator' retrieved from /home/airflow/.local/lib/python3.12/site-packages/airflow/example_dags/example_task_group_decorator.py
[2024-05-22T07:00:24.508+0000] {logging_mixin.py:188} INFO - [2024-05-22T07:00:24.507+0000] {dag.py:3096} INFO - Sync 1 DAGs
[2024-05-22T07:00:24.516+0000] {logging_mixin.py:188} INFO - [2024-05-22T07:00:24.516+0000] {dag.py:3954} INFO - Setting next_dagrun for example_task_group_decorator to 2024-05-21 00:00:00+00:00, run_after=2024-05-22 00:00:00+00:00
[2024-05-22T07:00:24.523+0000] {processor.py:183} INFO - Processing /home/airflow/.local/lib/python3.12/site-packages/airflow/example_dags/example_task_group_decorator.py took 0.035 seconds
[2024-05-22T07:34:45.842+0000] {processor.py:161} INFO - Started process (PID=30438) to work on /home/airflow/.local/lib/python3.12/site-packages/airflow/example_dags/example_task_group_decorator.py
[2024-05-22T07:34:45.845+0000] {processor.py:830} INFO - Processing file /home/airflow/.local/lib/python3.12/site-packages/airflow/example_dags/example_task_group_decorator.py for tasks to queue
[2024-05-22T07:34:45.846+0000] {logging_mixin.py:188} INFO - [2024-05-22T07:34:45.846+0000] {dagbag.py:545} INFO - Filling up the DagBag from /home/airflow/.local/lib/python3.12/site-packages/airflow/example_dags/example_task_group_decorator.py
[2024-05-22T07:34:45.853+0000] {processor.py:840} INFO - DAG(s) 'example_task_group_decorator' retrieved from /home/airflow/.local/lib/python3.12/site-packages/airflow/example_dags/example_task_group_decorator.py
[2024-05-22T07:34:45.866+0000] {logging_mixin.py:188} INFO - [2024-05-22T07:34:45.866+0000] {dag.py:3096} INFO - Sync 1 DAGs
[2024-05-22T07:34:45.879+0000] {logging_mixin.py:188} INFO - [2024-05-22T07:34:45.879+0000] {dag.py:3954} INFO - Setting next_dagrun for example_task_group_decorator to 2024-05-21 00:00:00+00:00, run_after=2024-05-22 00:00:00+00:00
[2024-05-22T07:34:45.890+0000] {processor.py:183} INFO - Processing /home/airflow/.local/lib/python3.12/site-packages/airflow/example_dags/example_task_group_decorator.py took 0.051 seconds
