[2024-05-22T01:00:14.873+0000] {processor.py:161} INFO - Started process (PID=29684) to work on /home/airflow/.local/lib/python3.12/site-packages/airflow/example_dags/example_datasets.py
[2024-05-22T01:00:14.874+0000] {processor.py:830} INFO - Processing file /home/airflow/.local/lib/python3.12/site-packages/airflow/example_dags/example_datasets.py for tasks to queue
[2024-05-22T01:00:14.875+0000] {logging_mixin.py:188} INFO - [2024-05-22T01:00:14.874+0000] {dagbag.py:545} INFO - Filling up the DagBag from /home/airflow/.local/lib/python3.12/site-packages/airflow/example_dags/example_datasets.py
[2024-05-22T01:00:14.881+0000] {processor.py:840} INFO - DAG(s) 'consume_1_or_both_2_and_3_with_dataset_expressions', 'conditional_dataset_and_time_based_timetable', 'dataset_consumes_unknown_never_scheduled', 'dataset_produces_2', 'dataset_consumes_1', 'consume_1_or_2_with_dataset_expressions', 'consume_1_and_2_with_dataset_expressions', 'dataset_consumes_1_never_scheduled', 'dataset_produces_1', 'dataset_consumes_1_and_2' retrieved from /home/airflow/.local/lib/python3.12/site-packages/airflow/example_dags/example_datasets.py
[2024-05-22T01:00:14.898+0000] {logging_mixin.py:188} INFO - [2024-05-22T01:00:14.898+0000] {dag.py:3096} INFO - Sync 10 DAGs
[2024-05-22T01:00:14.908+0000] {logging_mixin.py:188} INFO - [2024-05-22T01:00:14.908+0000] {dag.py:3954} INFO - Setting next_dagrun for conditional_dataset_and_time_based_timetable to 2024-05-22 01:00:00+00:00, run_after=2024-05-22 01:00:00+00:00
[2024-05-22T01:00:14.910+0000] {logging_mixin.py:188} INFO - [2024-05-22T01:00:14.910+0000] {dag.py:3954} INFO - Setting next_dagrun for consume_1_and_2_with_dataset_expressions to None, run_after=None
[2024-05-22T01:00:14.910+0000] {logging_mixin.py:188} INFO - [2024-05-22T01:00:14.910+0000] {dag.py:3954} INFO - Setting next_dagrun for consume_1_or_2_with_dataset_expressions to None, run_after=None
[2024-05-22T01:00:14.911+0000] {logging_mixin.py:188} INFO - [2024-05-22T01:00:14.911+0000] {dag.py:3954} INFO - Setting next_dagrun for consume_1_or_both_2_and_3_with_dataset_expressions to None, run_after=None
[2024-05-22T01:00:14.911+0000] {logging_mixin.py:188} INFO - [2024-05-22T01:00:14.911+0000] {dag.py:3954} INFO - Setting next_dagrun for dataset_consumes_1 to None, run_after=None
[2024-05-22T01:00:14.912+0000] {logging_mixin.py:188} INFO - [2024-05-22T01:00:14.912+0000] {dag.py:3954} INFO - Setting next_dagrun for dataset_consumes_1_and_2 to None, run_after=None
[2024-05-22T01:00:14.912+0000] {logging_mixin.py:188} INFO - [2024-05-22T01:00:14.912+0000] {dag.py:3954} INFO - Setting next_dagrun for dataset_consumes_1_never_scheduled to None, run_after=None
[2024-05-22T01:00:14.913+0000] {logging_mixin.py:188} INFO - [2024-05-22T01:00:14.913+0000] {dag.py:3954} INFO - Setting next_dagrun for dataset_consumes_unknown_never_scheduled to None, run_after=None
[2024-05-22T01:00:14.914+0000] {logging_mixin.py:188} INFO - [2024-05-22T01:00:14.914+0000] {dag.py:3954} INFO - Setting next_dagrun for dataset_produces_1 to 2024-05-21 00:00:00+00:00, run_after=2024-05-22 00:00:00+00:00
[2024-05-22T01:00:14.914+0000] {logging_mixin.py:188} INFO - [2024-05-22T01:00:14.914+0000] {dag.py:3954} INFO - Setting next_dagrun for dataset_produces_2 to None, run_after=None
[2024-05-22T01:00:14.927+0000] {processor.py:183} INFO - Processing /home/airflow/.local/lib/python3.12/site-packages/airflow/example_dags/example_datasets.py took 0.056 seconds
[2024-05-22T02:26:34.918+0000] {processor.py:161} INFO - Started process (PID=29742) to work on /home/airflow/.local/lib/python3.12/site-packages/airflow/example_dags/example_datasets.py
[2024-05-22T02:26:34.919+0000] {processor.py:830} INFO - Processing file /home/airflow/.local/lib/python3.12/site-packages/airflow/example_dags/example_datasets.py for tasks to queue
[2024-05-22T02:26:34.919+0000] {logging_mixin.py:188} INFO - [2024-05-22T02:26:34.919+0000] {dagbag.py:545} INFO - Filling up the DagBag from /home/airflow/.local/lib/python3.12/site-packages/airflow/example_dags/example_datasets.py
[2024-05-22T02:26:34.925+0000] {processor.py:840} INFO - DAG(s) 'conditional_dataset_and_time_based_timetable', 'dataset_consumes_unknown_never_scheduled', 'dataset_produces_2', 'consume_1_or_both_2_and_3_with_dataset_expressions', 'consume_1_and_2_with_dataset_expressions', 'consume_1_or_2_with_dataset_expressions', 'dataset_consumes_1_and_2', 'dataset_consumes_1', 'dataset_consumes_1_never_scheduled', 'dataset_produces_1' retrieved from /home/airflow/.local/lib/python3.12/site-packages/airflow/example_dags/example_datasets.py
[2024-05-22T02:26:34.942+0000] {logging_mixin.py:188} INFO - [2024-05-22T02:26:34.942+0000] {dag.py:3096} INFO - Sync 10 DAGs
[2024-05-22T02:26:34.952+0000] {logging_mixin.py:188} INFO - [2024-05-22T02:26:34.952+0000] {dag.py:3954} INFO - Setting next_dagrun for conditional_dataset_and_time_based_timetable to 2024-05-22 01:00:00+00:00, run_after=2024-05-22 01:00:00+00:00
[2024-05-22T02:26:34.953+0000] {logging_mixin.py:188} INFO - [2024-05-22T02:26:34.953+0000] {dag.py:3954} INFO - Setting next_dagrun for consume_1_and_2_with_dataset_expressions to None, run_after=None
[2024-05-22T02:26:34.954+0000] {logging_mixin.py:188} INFO - [2024-05-22T02:26:34.954+0000] {dag.py:3954} INFO - Setting next_dagrun for consume_1_or_2_with_dataset_expressions to None, run_after=None
[2024-05-22T02:26:34.954+0000] {logging_mixin.py:188} INFO - [2024-05-22T02:26:34.954+0000] {dag.py:3954} INFO - Setting next_dagrun for consume_1_or_both_2_and_3_with_dataset_expressions to None, run_after=None
[2024-05-22T02:26:34.955+0000] {logging_mixin.py:188} INFO - [2024-05-22T02:26:34.955+0000] {dag.py:3954} INFO - Setting next_dagrun for dataset_consumes_1 to None, run_after=None
[2024-05-22T02:26:34.956+0000] {logging_mixin.py:188} INFO - [2024-05-22T02:26:34.956+0000] {dag.py:3954} INFO - Setting next_dagrun for dataset_consumes_1_and_2 to None, run_after=None
[2024-05-22T02:26:34.956+0000] {logging_mixin.py:188} INFO - [2024-05-22T02:26:34.956+0000] {dag.py:3954} INFO - Setting next_dagrun for dataset_consumes_1_never_scheduled to None, run_after=None
[2024-05-22T02:26:34.957+0000] {logging_mixin.py:188} INFO - [2024-05-22T02:26:34.957+0000] {dag.py:3954} INFO - Setting next_dagrun for dataset_consumes_unknown_never_scheduled to None, run_after=None
[2024-05-22T02:26:34.957+0000] {logging_mixin.py:188} INFO - [2024-05-22T02:26:34.957+0000] {dag.py:3954} INFO - Setting next_dagrun for dataset_produces_1 to 2024-05-21 00:00:00+00:00, run_after=2024-05-22 00:00:00+00:00
[2024-05-22T02:26:34.958+0000] {logging_mixin.py:188} INFO - [2024-05-22T02:26:34.958+0000] {dag.py:3954} INFO - Setting next_dagrun for dataset_produces_2 to None, run_after=None
[2024-05-22T02:26:34.969+0000] {processor.py:183} INFO - Processing /home/airflow/.local/lib/python3.12/site-packages/airflow/example_dags/example_datasets.py took 0.054 seconds
[2024-05-22T02:27:05.658+0000] {processor.py:161} INFO - Started process (PID=29800) to work on /home/airflow/.local/lib/python3.12/site-packages/airflow/example_dags/example_datasets.py
[2024-05-22T02:27:05.659+0000] {processor.py:830} INFO - Processing file /home/airflow/.local/lib/python3.12/site-packages/airflow/example_dags/example_datasets.py for tasks to queue
[2024-05-22T02:27:05.660+0000] {logging_mixin.py:188} INFO - [2024-05-22T02:27:05.660+0000] {dagbag.py:545} INFO - Filling up the DagBag from /home/airflow/.local/lib/python3.12/site-packages/airflow/example_dags/example_datasets.py
[2024-05-22T02:27:05.666+0000] {processor.py:840} INFO - DAG(s) 'dataset_consumes_1_and_2', 'consume_1_and_2_with_dataset_expressions', 'consume_1_or_both_2_and_3_with_dataset_expressions', 'dataset_produces_2', 'dataset_consumes_1_never_scheduled', 'dataset_consumes_unknown_never_scheduled', 'dataset_produces_1', 'dataset_consumes_1', 'conditional_dataset_and_time_based_timetable', 'consume_1_or_2_with_dataset_expressions' retrieved from /home/airflow/.local/lib/python3.12/site-packages/airflow/example_dags/example_datasets.py
[2024-05-22T02:27:05.684+0000] {logging_mixin.py:188} INFO - [2024-05-22T02:27:05.684+0000] {dag.py:3096} INFO - Sync 10 DAGs
[2024-05-22T02:27:05.695+0000] {logging_mixin.py:188} INFO - [2024-05-22T02:27:05.695+0000] {dag.py:3954} INFO - Setting next_dagrun for conditional_dataset_and_time_based_timetable to 2024-05-22 01:00:00+00:00, run_after=2024-05-22 01:00:00+00:00
[2024-05-22T02:27:05.696+0000] {logging_mixin.py:188} INFO - [2024-05-22T02:27:05.696+0000] {dag.py:3954} INFO - Setting next_dagrun for consume_1_and_2_with_dataset_expressions to None, run_after=None
[2024-05-22T02:27:05.697+0000] {logging_mixin.py:188} INFO - [2024-05-22T02:27:05.697+0000] {dag.py:3954} INFO - Setting next_dagrun for consume_1_or_2_with_dataset_expressions to None, run_after=None
[2024-05-22T02:27:05.697+0000] {logging_mixin.py:188} INFO - [2024-05-22T02:27:05.697+0000] {dag.py:3954} INFO - Setting next_dagrun for consume_1_or_both_2_and_3_with_dataset_expressions to None, run_after=None
[2024-05-22T02:27:05.698+0000] {logging_mixin.py:188} INFO - [2024-05-22T02:27:05.698+0000] {dag.py:3954} INFO - Setting next_dagrun for dataset_consumes_1 to None, run_after=None
[2024-05-22T02:27:05.698+0000] {logging_mixin.py:188} INFO - [2024-05-22T02:27:05.698+0000] {dag.py:3954} INFO - Setting next_dagrun for dataset_consumes_1_and_2 to None, run_after=None
[2024-05-22T02:27:05.699+0000] {logging_mixin.py:188} INFO - [2024-05-22T02:27:05.699+0000] {dag.py:3954} INFO - Setting next_dagrun for dataset_consumes_1_never_scheduled to None, run_after=None
[2024-05-22T02:27:05.699+0000] {logging_mixin.py:188} INFO - [2024-05-22T02:27:05.699+0000] {dag.py:3954} INFO - Setting next_dagrun for dataset_consumes_unknown_never_scheduled to None, run_after=None
[2024-05-22T02:27:05.700+0000] {logging_mixin.py:188} INFO - [2024-05-22T02:27:05.700+0000] {dag.py:3954} INFO - Setting next_dagrun for dataset_produces_1 to 2024-05-21 00:00:00+00:00, run_after=2024-05-22 00:00:00+00:00
[2024-05-22T02:27:05.701+0000] {logging_mixin.py:188} INFO - [2024-05-22T02:27:05.701+0000] {dag.py:3954} INFO - Setting next_dagrun for dataset_produces_2 to None, run_after=None
[2024-05-22T02:27:05.712+0000] {processor.py:183} INFO - Processing /home/airflow/.local/lib/python3.12/site-packages/airflow/example_dags/example_datasets.py took 0.057 seconds
[2024-05-22T03:16:29.786+0000] {processor.py:161} INFO - Started process (PID=29858) to work on /home/airflow/.local/lib/python3.12/site-packages/airflow/example_dags/example_datasets.py
[2024-05-22T03:16:29.787+0000] {processor.py:830} INFO - Processing file /home/airflow/.local/lib/python3.12/site-packages/airflow/example_dags/example_datasets.py for tasks to queue
[2024-05-22T03:16:29.788+0000] {logging_mixin.py:188} INFO - [2024-05-22T03:16:29.788+0000] {dagbag.py:545} INFO - Filling up the DagBag from /home/airflow/.local/lib/python3.12/site-packages/airflow/example_dags/example_datasets.py
[2024-05-22T03:16:29.794+0000] {processor.py:840} INFO - DAG(s) 'consume_1_and_2_with_dataset_expressions', 'dataset_consumes_1_never_scheduled', 'conditional_dataset_and_time_based_timetable', 'dataset_produces_1', 'consume_1_or_2_with_dataset_expressions', 'consume_1_or_both_2_and_3_with_dataset_expressions', 'dataset_consumes_unknown_never_scheduled', 'dataset_consumes_1_and_2', 'dataset_consumes_1', 'dataset_produces_2' retrieved from /home/airflow/.local/lib/python3.12/site-packages/airflow/example_dags/example_datasets.py
[2024-05-22T03:16:29.811+0000] {logging_mixin.py:188} INFO - [2024-05-22T03:16:29.811+0000] {dag.py:3096} INFO - Sync 10 DAGs
[2024-05-22T03:16:29.821+0000] {logging_mixin.py:188} INFO - [2024-05-22T03:16:29.821+0000] {dag.py:3954} INFO - Setting next_dagrun for conditional_dataset_and_time_based_timetable to 2024-05-22 01:00:00+00:00, run_after=2024-05-22 01:00:00+00:00
[2024-05-22T03:16:29.823+0000] {logging_mixin.py:188} INFO - [2024-05-22T03:16:29.823+0000] {dag.py:3954} INFO - Setting next_dagrun for consume_1_and_2_with_dataset_expressions to None, run_after=None
[2024-05-22T03:16:29.823+0000] {logging_mixin.py:188} INFO - [2024-05-22T03:16:29.823+0000] {dag.py:3954} INFO - Setting next_dagrun for consume_1_or_2_with_dataset_expressions to None, run_after=None
[2024-05-22T03:16:29.824+0000] {logging_mixin.py:188} INFO - [2024-05-22T03:16:29.824+0000] {dag.py:3954} INFO - Setting next_dagrun for consume_1_or_both_2_and_3_with_dataset_expressions to None, run_after=None
[2024-05-22T03:16:29.824+0000] {logging_mixin.py:188} INFO - [2024-05-22T03:16:29.824+0000] {dag.py:3954} INFO - Setting next_dagrun for dataset_consumes_1 to None, run_after=None
[2024-05-22T03:16:29.825+0000] {logging_mixin.py:188} INFO - [2024-05-22T03:16:29.825+0000] {dag.py:3954} INFO - Setting next_dagrun for dataset_consumes_1_and_2 to None, run_after=None
[2024-05-22T03:16:29.825+0000] {logging_mixin.py:188} INFO - [2024-05-22T03:16:29.825+0000] {dag.py:3954} INFO - Setting next_dagrun for dataset_consumes_1_never_scheduled to None, run_after=None
[2024-05-22T03:16:29.826+0000] {logging_mixin.py:188} INFO - [2024-05-22T03:16:29.826+0000] {dag.py:3954} INFO - Setting next_dagrun for dataset_consumes_unknown_never_scheduled to None, run_after=None
[2024-05-22T03:16:29.827+0000] {logging_mixin.py:188} INFO - [2024-05-22T03:16:29.827+0000] {dag.py:3954} INFO - Setting next_dagrun for dataset_produces_1 to 2024-05-21 00:00:00+00:00, run_after=2024-05-22 00:00:00+00:00
[2024-05-22T03:16:29.827+0000] {logging_mixin.py:188} INFO - [2024-05-22T03:16:29.827+0000] {dag.py:3954} INFO - Setting next_dagrun for dataset_produces_2 to None, run_after=None
[2024-05-22T03:16:29.839+0000] {processor.py:183} INFO - Processing /home/airflow/.local/lib/python3.12/site-packages/airflow/example_dags/example_datasets.py took 0.056 seconds
[2024-05-22T04:42:09.213+0000] {processor.py:161} INFO - Started process (PID=29916) to work on /home/airflow/.local/lib/python3.12/site-packages/airflow/example_dags/example_datasets.py
[2024-05-22T04:42:09.213+0000] {processor.py:830} INFO - Processing file /home/airflow/.local/lib/python3.12/site-packages/airflow/example_dags/example_datasets.py for tasks to queue
[2024-05-22T04:42:09.214+0000] {logging_mixin.py:188} INFO - [2024-05-22T04:42:09.214+0000] {dagbag.py:545} INFO - Filling up the DagBag from /home/airflow/.local/lib/python3.12/site-packages/airflow/example_dags/example_datasets.py
[2024-05-22T04:42:09.220+0000] {processor.py:840} INFO - DAG(s) 'consume_1_or_2_with_dataset_expressions', 'consume_1_or_both_2_and_3_with_dataset_expressions', 'dataset_consumes_unknown_never_scheduled', 'conditional_dataset_and_time_based_timetable', 'dataset_consumes_1_and_2', 'dataset_produces_2', 'dataset_produces_1', 'dataset_consumes_1_never_scheduled', 'consume_1_and_2_with_dataset_expressions', 'dataset_consumes_1' retrieved from /home/airflow/.local/lib/python3.12/site-packages/airflow/example_dags/example_datasets.py
[2024-05-22T04:42:09.238+0000] {logging_mixin.py:188} INFO - [2024-05-22T04:42:09.237+0000] {dag.py:3096} INFO - Sync 10 DAGs
[2024-05-22T04:42:09.248+0000] {logging_mixin.py:188} INFO - [2024-05-22T04:42:09.248+0000] {dag.py:3954} INFO - Setting next_dagrun for conditional_dataset_and_time_based_timetable to 2024-05-22 01:00:00+00:00, run_after=2024-05-22 01:00:00+00:00
[2024-05-22T04:42:09.250+0000] {logging_mixin.py:188} INFO - [2024-05-22T04:42:09.250+0000] {dag.py:3954} INFO - Setting next_dagrun for consume_1_and_2_with_dataset_expressions to None, run_after=None
[2024-05-22T04:42:09.250+0000] {logging_mixin.py:188} INFO - [2024-05-22T04:42:09.250+0000] {dag.py:3954} INFO - Setting next_dagrun for consume_1_or_2_with_dataset_expressions to None, run_after=None
[2024-05-22T04:42:09.251+0000] {logging_mixin.py:188} INFO - [2024-05-22T04:42:09.251+0000] {dag.py:3954} INFO - Setting next_dagrun for consume_1_or_both_2_and_3_with_dataset_expressions to None, run_after=None
[2024-05-22T04:42:09.251+0000] {logging_mixin.py:188} INFO - [2024-05-22T04:42:09.251+0000] {dag.py:3954} INFO - Setting next_dagrun for dataset_consumes_1 to None, run_after=None
[2024-05-22T04:42:09.252+0000] {logging_mixin.py:188} INFO - [2024-05-22T04:42:09.252+0000] {dag.py:3954} INFO - Setting next_dagrun for dataset_consumes_1_and_2 to None, run_after=None
[2024-05-22T04:42:09.253+0000] {logging_mixin.py:188} INFO - [2024-05-22T04:42:09.252+0000] {dag.py:3954} INFO - Setting next_dagrun for dataset_consumes_1_never_scheduled to None, run_after=None
[2024-05-22T04:42:09.253+0000] {logging_mixin.py:188} INFO - [2024-05-22T04:42:09.253+0000] {dag.py:3954} INFO - Setting next_dagrun for dataset_consumes_unknown_never_scheduled to None, run_after=None
[2024-05-22T04:42:09.254+0000] {logging_mixin.py:188} INFO - [2024-05-22T04:42:09.254+0000] {dag.py:3954} INFO - Setting next_dagrun for dataset_produces_1 to 2024-05-21 00:00:00+00:00, run_after=2024-05-22 00:00:00+00:00
[2024-05-22T04:42:09.255+0000] {logging_mixin.py:188} INFO - [2024-05-22T04:42:09.254+0000] {dag.py:3954} INFO - Setting next_dagrun for dataset_produces_2 to None, run_after=None
[2024-05-22T04:42:09.267+0000] {processor.py:183} INFO - Processing /home/airflow/.local/lib/python3.12/site-packages/airflow/example_dags/example_datasets.py took 0.057 seconds
[2024-05-22T04:42:39.715+0000] {processor.py:161} INFO - Started process (PID=29974) to work on /home/airflow/.local/lib/python3.12/site-packages/airflow/example_dags/example_datasets.py
[2024-05-22T04:42:39.715+0000] {processor.py:830} INFO - Processing file /home/airflow/.local/lib/python3.12/site-packages/airflow/example_dags/example_datasets.py for tasks to queue
[2024-05-22T04:42:39.716+0000] {logging_mixin.py:188} INFO - [2024-05-22T04:42:39.716+0000] {dagbag.py:545} INFO - Filling up the DagBag from /home/airflow/.local/lib/python3.12/site-packages/airflow/example_dags/example_datasets.py
[2024-05-22T04:42:39.722+0000] {processor.py:840} INFO - DAG(s) 'conditional_dataset_and_time_based_timetable', 'dataset_consumes_1_never_scheduled', 'consume_1_and_2_with_dataset_expressions', 'dataset_consumes_1', 'dataset_produces_2', 'dataset_consumes_1_and_2', 'consume_1_or_2_with_dataset_expressions', 'dataset_consumes_unknown_never_scheduled', 'dataset_produces_1', 'consume_1_or_both_2_and_3_with_dataset_expressions' retrieved from /home/airflow/.local/lib/python3.12/site-packages/airflow/example_dags/example_datasets.py
[2024-05-22T04:42:39.738+0000] {logging_mixin.py:188} INFO - [2024-05-22T04:42:39.738+0000] {dag.py:3096} INFO - Sync 10 DAGs
[2024-05-22T04:42:39.746+0000] {logging_mixin.py:188} INFO - [2024-05-22T04:42:39.746+0000] {dag.py:3954} INFO - Setting next_dagrun for conditional_dataset_and_time_based_timetable to 2024-05-22 01:00:00+00:00, run_after=2024-05-22 01:00:00+00:00
[2024-05-22T04:42:39.748+0000] {logging_mixin.py:188} INFO - [2024-05-22T04:42:39.748+0000] {dag.py:3954} INFO - Setting next_dagrun for consume_1_and_2_with_dataset_expressions to None, run_after=None
[2024-05-22T04:42:39.749+0000] {logging_mixin.py:188} INFO - [2024-05-22T04:42:39.749+0000] {dag.py:3954} INFO - Setting next_dagrun for consume_1_or_2_with_dataset_expressions to None, run_after=None
[2024-05-22T04:42:39.749+0000] {logging_mixin.py:188} INFO - [2024-05-22T04:42:39.749+0000] {dag.py:3954} INFO - Setting next_dagrun for consume_1_or_both_2_and_3_with_dataset_expressions to None, run_after=None
[2024-05-22T04:42:39.750+0000] {logging_mixin.py:188} INFO - [2024-05-22T04:42:39.750+0000] {dag.py:3954} INFO - Setting next_dagrun for dataset_consumes_1 to None, run_after=None
[2024-05-22T04:42:39.750+0000] {logging_mixin.py:188} INFO - [2024-05-22T04:42:39.750+0000] {dag.py:3954} INFO - Setting next_dagrun for dataset_consumes_1_and_2 to None, run_after=None
[2024-05-22T04:42:39.751+0000] {logging_mixin.py:188} INFO - [2024-05-22T04:42:39.751+0000] {dag.py:3954} INFO - Setting next_dagrun for dataset_consumes_1_never_scheduled to None, run_after=None
[2024-05-22T04:42:39.751+0000] {logging_mixin.py:188} INFO - [2024-05-22T04:42:39.751+0000] {dag.py:3954} INFO - Setting next_dagrun for dataset_consumes_unknown_never_scheduled to None, run_after=None
[2024-05-22T04:42:39.752+0000] {logging_mixin.py:188} INFO - [2024-05-22T04:42:39.752+0000] {dag.py:3954} INFO - Setting next_dagrun for dataset_produces_1 to 2024-05-21 00:00:00+00:00, run_after=2024-05-22 00:00:00+00:00
[2024-05-22T04:42:39.752+0000] {logging_mixin.py:188} INFO - [2024-05-22T04:42:39.752+0000] {dag.py:3954} INFO - Setting next_dagrun for dataset_produces_2 to None, run_after=None
[2024-05-22T04:42:39.764+0000] {processor.py:183} INFO - Processing /home/airflow/.local/lib/python3.12/site-packages/airflow/example_dags/example_datasets.py took 0.051 seconds
[2024-05-22T05:33:34.123+0000] {processor.py:161} INFO - Started process (PID=30032) to work on /home/airflow/.local/lib/python3.12/site-packages/airflow/example_dags/example_datasets.py
[2024-05-22T05:33:34.123+0000] {processor.py:830} INFO - Processing file /home/airflow/.local/lib/python3.12/site-packages/airflow/example_dags/example_datasets.py for tasks to queue
[2024-05-22T05:33:34.124+0000] {logging_mixin.py:188} INFO - [2024-05-22T05:33:34.124+0000] {dagbag.py:545} INFO - Filling up the DagBag from /home/airflow/.local/lib/python3.12/site-packages/airflow/example_dags/example_datasets.py
[2024-05-22T05:33:34.130+0000] {processor.py:840} INFO - DAG(s) 'dataset_consumes_1', 'consume_1_or_both_2_and_3_with_dataset_expressions', 'dataset_produces_1', 'consume_1_or_2_with_dataset_expressions', 'dataset_produces_2', 'conditional_dataset_and_time_based_timetable', 'dataset_consumes_1_and_2', 'consume_1_and_2_with_dataset_expressions', 'dataset_consumes_unknown_never_scheduled', 'dataset_consumes_1_never_scheduled' retrieved from /home/airflow/.local/lib/python3.12/site-packages/airflow/example_dags/example_datasets.py
[2024-05-22T05:33:34.148+0000] {logging_mixin.py:188} INFO - [2024-05-22T05:33:34.148+0000] {dag.py:3096} INFO - Sync 10 DAGs
[2024-05-22T05:33:34.158+0000] {logging_mixin.py:188} INFO - [2024-05-22T05:33:34.158+0000] {dag.py:3954} INFO - Setting next_dagrun for conditional_dataset_and_time_based_timetable to 2024-05-22 01:00:00+00:00, run_after=2024-05-22 01:00:00+00:00
[2024-05-22T05:33:34.159+0000] {logging_mixin.py:188} INFO - [2024-05-22T05:33:34.159+0000] {dag.py:3954} INFO - Setting next_dagrun for consume_1_and_2_with_dataset_expressions to None, run_after=None
[2024-05-22T05:33:34.160+0000] {logging_mixin.py:188} INFO - [2024-05-22T05:33:34.160+0000] {dag.py:3954} INFO - Setting next_dagrun for consume_1_or_2_with_dataset_expressions to None, run_after=None
[2024-05-22T05:33:34.162+0000] {logging_mixin.py:188} INFO - [2024-05-22T05:33:34.162+0000] {dag.py:3954} INFO - Setting next_dagrun for consume_1_or_both_2_and_3_with_dataset_expressions to None, run_after=None
[2024-05-22T05:33:34.162+0000] {logging_mixin.py:188} INFO - [2024-05-22T05:33:34.162+0000] {dag.py:3954} INFO - Setting next_dagrun for dataset_consumes_1 to None, run_after=None
[2024-05-22T05:33:34.163+0000] {logging_mixin.py:188} INFO - [2024-05-22T05:33:34.163+0000] {dag.py:3954} INFO - Setting next_dagrun for dataset_consumes_1_and_2 to None, run_after=None
[2024-05-22T05:33:34.164+0000] {logging_mixin.py:188} INFO - [2024-05-22T05:33:34.164+0000] {dag.py:3954} INFO - Setting next_dagrun for dataset_consumes_1_never_scheduled to None, run_after=None
[2024-05-22T05:33:34.164+0000] {logging_mixin.py:188} INFO - [2024-05-22T05:33:34.164+0000] {dag.py:3954} INFO - Setting next_dagrun for dataset_consumes_unknown_never_scheduled to None, run_after=None
[2024-05-22T05:33:34.166+0000] {logging_mixin.py:188} INFO - [2024-05-22T05:33:34.166+0000] {dag.py:3954} INFO - Setting next_dagrun for dataset_produces_1 to 2024-05-21 00:00:00+00:00, run_after=2024-05-22 00:00:00+00:00
[2024-05-22T05:33:34.166+0000] {logging_mixin.py:188} INFO - [2024-05-22T05:33:34.166+0000] {dag.py:3954} INFO - Setting next_dagrun for dataset_produces_2 to None, run_after=None
[2024-05-22T05:33:34.179+0000] {processor.py:183} INFO - Processing /home/airflow/.local/lib/python3.12/site-packages/airflow/example_dags/example_datasets.py took 0.059 seconds
[2024-05-22T05:54:39.278+0000] {processor.py:161} INFO - Started process (PID=30090) to work on /home/airflow/.local/lib/python3.12/site-packages/airflow/example_dags/example_datasets.py
[2024-05-22T05:54:39.278+0000] {processor.py:830} INFO - Processing file /home/airflow/.local/lib/python3.12/site-packages/airflow/example_dags/example_datasets.py for tasks to queue
[2024-05-22T05:54:39.279+0000] {logging_mixin.py:188} INFO - [2024-05-22T05:54:39.279+0000] {dagbag.py:545} INFO - Filling up the DagBag from /home/airflow/.local/lib/python3.12/site-packages/airflow/example_dags/example_datasets.py
[2024-05-22T05:54:39.286+0000] {processor.py:840} INFO - DAG(s) 'dataset_produces_2', 'dataset_consumes_1', 'consume_1_or_2_with_dataset_expressions', 'dataset_consumes_1_and_2', 'dataset_consumes_1_never_scheduled', 'dataset_produces_1', 'dataset_consumes_unknown_never_scheduled', 'consume_1_and_2_with_dataset_expressions', 'consume_1_or_both_2_and_3_with_dataset_expressions', 'conditional_dataset_and_time_based_timetable' retrieved from /home/airflow/.local/lib/python3.12/site-packages/airflow/example_dags/example_datasets.py
[2024-05-22T05:54:39.304+0000] {logging_mixin.py:188} INFO - [2024-05-22T05:54:39.304+0000] {dag.py:3096} INFO - Sync 10 DAGs
[2024-05-22T05:54:39.314+0000] {logging_mixin.py:188} INFO - [2024-05-22T05:54:39.314+0000] {dag.py:3954} INFO - Setting next_dagrun for conditional_dataset_and_time_based_timetable to 2024-05-22 01:00:00+00:00, run_after=2024-05-22 01:00:00+00:00
[2024-05-22T05:54:39.316+0000] {logging_mixin.py:188} INFO - [2024-05-22T05:54:39.316+0000] {dag.py:3954} INFO - Setting next_dagrun for consume_1_and_2_with_dataset_expressions to None, run_after=None
[2024-05-22T05:54:39.316+0000] {logging_mixin.py:188} INFO - [2024-05-22T05:54:39.316+0000] {dag.py:3954} INFO - Setting next_dagrun for consume_1_or_2_with_dataset_expressions to None, run_after=None
[2024-05-22T05:54:39.317+0000] {logging_mixin.py:188} INFO - [2024-05-22T05:54:39.317+0000] {dag.py:3954} INFO - Setting next_dagrun for consume_1_or_both_2_and_3_with_dataset_expressions to None, run_after=None
[2024-05-22T05:54:39.317+0000] {logging_mixin.py:188} INFO - [2024-05-22T05:54:39.317+0000] {dag.py:3954} INFO - Setting next_dagrun for dataset_consumes_1 to None, run_after=None
[2024-05-22T05:54:39.318+0000] {logging_mixin.py:188} INFO - [2024-05-22T05:54:39.318+0000] {dag.py:3954} INFO - Setting next_dagrun for dataset_consumes_1_and_2 to None, run_after=None
[2024-05-22T05:54:39.318+0000] {logging_mixin.py:188} INFO - [2024-05-22T05:54:39.318+0000] {dag.py:3954} INFO - Setting next_dagrun for dataset_consumes_1_never_scheduled to None, run_after=None
[2024-05-22T05:54:39.319+0000] {logging_mixin.py:188} INFO - [2024-05-22T05:54:39.319+0000] {dag.py:3954} INFO - Setting next_dagrun for dataset_consumes_unknown_never_scheduled to None, run_after=None
[2024-05-22T05:54:39.320+0000] {logging_mixin.py:188} INFO - [2024-05-22T05:54:39.320+0000] {dag.py:3954} INFO - Setting next_dagrun for dataset_produces_1 to 2024-05-21 00:00:00+00:00, run_after=2024-05-22 00:00:00+00:00
[2024-05-22T05:54:39.320+0000] {logging_mixin.py:188} INFO - [2024-05-22T05:54:39.320+0000] {dag.py:3954} INFO - Setting next_dagrun for dataset_produces_2 to None, run_after=None
[2024-05-22T05:54:39.334+0000] {processor.py:183} INFO - Processing /home/airflow/.local/lib/python3.12/site-packages/airflow/example_dags/example_datasets.py took 0.059 seconds
[2024-05-22T06:02:12.483+0000] {processor.py:161} INFO - Started process (PID=30148) to work on /home/airflow/.local/lib/python3.12/site-packages/airflow/example_dags/example_datasets.py
[2024-05-22T06:02:12.484+0000] {processor.py:830} INFO - Processing file /home/airflow/.local/lib/python3.12/site-packages/airflow/example_dags/example_datasets.py for tasks to queue
[2024-05-22T06:02:12.485+0000] {logging_mixin.py:188} INFO - [2024-05-22T06:02:12.485+0000] {dagbag.py:545} INFO - Filling up the DagBag from /home/airflow/.local/lib/python3.12/site-packages/airflow/example_dags/example_datasets.py
[2024-05-22T06:02:12.492+0000] {processor.py:840} INFO - DAG(s) 'consume_1_or_2_with_dataset_expressions', 'consume_1_and_2_with_dataset_expressions', 'dataset_produces_1', 'dataset_produces_2', 'dataset_consumes_1', 'consume_1_or_both_2_and_3_with_dataset_expressions', 'conditional_dataset_and_time_based_timetable', 'dataset_consumes_1_never_scheduled', 'dataset_consumes_1_and_2', 'dataset_consumes_unknown_never_scheduled' retrieved from /home/airflow/.local/lib/python3.12/site-packages/airflow/example_dags/example_datasets.py
[2024-05-22T06:02:12.510+0000] {logging_mixin.py:188} INFO - [2024-05-22T06:02:12.510+0000] {dag.py:3096} INFO - Sync 10 DAGs
[2024-05-22T06:02:12.520+0000] {logging_mixin.py:188} INFO - [2024-05-22T06:02:12.520+0000] {dag.py:3954} INFO - Setting next_dagrun for conditional_dataset_and_time_based_timetable to 2024-05-22 01:00:00+00:00, run_after=2024-05-22 01:00:00+00:00
[2024-05-22T06:02:12.522+0000] {logging_mixin.py:188} INFO - [2024-05-22T06:02:12.522+0000] {dag.py:3954} INFO - Setting next_dagrun for consume_1_and_2_with_dataset_expressions to None, run_after=None
[2024-05-22T06:02:12.522+0000] {logging_mixin.py:188} INFO - [2024-05-22T06:02:12.522+0000] {dag.py:3954} INFO - Setting next_dagrun for consume_1_or_2_with_dataset_expressions to None, run_after=None
[2024-05-22T06:02:12.523+0000] {logging_mixin.py:188} INFO - [2024-05-22T06:02:12.523+0000] {dag.py:3954} INFO - Setting next_dagrun for consume_1_or_both_2_and_3_with_dataset_expressions to None, run_after=None
[2024-05-22T06:02:12.523+0000] {logging_mixin.py:188} INFO - [2024-05-22T06:02:12.523+0000] {dag.py:3954} INFO - Setting next_dagrun for dataset_consumes_1 to None, run_after=None
[2024-05-22T06:02:12.524+0000] {logging_mixin.py:188} INFO - [2024-05-22T06:02:12.524+0000] {dag.py:3954} INFO - Setting next_dagrun for dataset_consumes_1_and_2 to None, run_after=None
[2024-05-22T06:02:12.525+0000] {logging_mixin.py:188} INFO - [2024-05-22T06:02:12.525+0000] {dag.py:3954} INFO - Setting next_dagrun for dataset_consumes_1_never_scheduled to None, run_after=None
[2024-05-22T06:02:12.525+0000] {logging_mixin.py:188} INFO - [2024-05-22T06:02:12.525+0000] {dag.py:3954} INFO - Setting next_dagrun for dataset_consumes_unknown_never_scheduled to None, run_after=None
[2024-05-22T06:02:12.526+0000] {logging_mixin.py:188} INFO - [2024-05-22T06:02:12.526+0000] {dag.py:3954} INFO - Setting next_dagrun for dataset_produces_1 to 2024-05-21 00:00:00+00:00, run_after=2024-05-22 00:00:00+00:00
[2024-05-22T06:02:12.527+0000] {logging_mixin.py:188} INFO - [2024-05-22T06:02:12.527+0000] {dag.py:3954} INFO - Setting next_dagrun for dataset_produces_2 to None, run_after=None
[2024-05-22T06:02:12.539+0000] {processor.py:183} INFO - Processing /home/airflow/.local/lib/python3.12/site-packages/airflow/example_dags/example_datasets.py took 0.059 seconds
[2024-05-22T06:02:43.033+0000] {processor.py:161} INFO - Started process (PID=30206) to work on /home/airflow/.local/lib/python3.12/site-packages/airflow/example_dags/example_datasets.py
[2024-05-22T06:02:43.034+0000] {processor.py:830} INFO - Processing file /home/airflow/.local/lib/python3.12/site-packages/airflow/example_dags/example_datasets.py for tasks to queue
[2024-05-22T06:02:43.035+0000] {logging_mixin.py:188} INFO - [2024-05-22T06:02:43.035+0000] {dagbag.py:545} INFO - Filling up the DagBag from /home/airflow/.local/lib/python3.12/site-packages/airflow/example_dags/example_datasets.py
[2024-05-22T06:02:43.041+0000] {processor.py:840} INFO - DAG(s) 'consume_1_and_2_with_dataset_expressions', 'dataset_produces_2', 'dataset_consumes_1', 'consume_1_or_2_with_dataset_expressions', 'consume_1_or_both_2_and_3_with_dataset_expressions', 'conditional_dataset_and_time_based_timetable', 'dataset_consumes_1_never_scheduled', 'dataset_consumes_unknown_never_scheduled', 'dataset_produces_1', 'dataset_consumes_1_and_2' retrieved from /home/airflow/.local/lib/python3.12/site-packages/airflow/example_dags/example_datasets.py
[2024-05-22T06:02:43.059+0000] {logging_mixin.py:188} INFO - [2024-05-22T06:02:43.059+0000] {dag.py:3096} INFO - Sync 10 DAGs
[2024-05-22T06:02:43.069+0000] {logging_mixin.py:188} INFO - [2024-05-22T06:02:43.069+0000] {dag.py:3954} INFO - Setting next_dagrun for conditional_dataset_and_time_based_timetable to 2024-05-22 01:00:00+00:00, run_after=2024-05-22 01:00:00+00:00
[2024-05-22T06:02:43.071+0000] {logging_mixin.py:188} INFO - [2024-05-22T06:02:43.070+0000] {dag.py:3954} INFO - Setting next_dagrun for consume_1_and_2_with_dataset_expressions to None, run_after=None
[2024-05-22T06:02:43.071+0000] {logging_mixin.py:188} INFO - [2024-05-22T06:02:43.071+0000] {dag.py:3954} INFO - Setting next_dagrun for consume_1_or_2_with_dataset_expressions to None, run_after=None
[2024-05-22T06:02:43.072+0000] {logging_mixin.py:188} INFO - [2024-05-22T06:02:43.072+0000] {dag.py:3954} INFO - Setting next_dagrun for consume_1_or_both_2_and_3_with_dataset_expressions to None, run_after=None
[2024-05-22T06:02:43.073+0000] {logging_mixin.py:188} INFO - [2024-05-22T06:02:43.073+0000] {dag.py:3954} INFO - Setting next_dagrun for dataset_consumes_1 to None, run_after=None
[2024-05-22T06:02:43.073+0000] {logging_mixin.py:188} INFO - [2024-05-22T06:02:43.073+0000] {dag.py:3954} INFO - Setting next_dagrun for dataset_consumes_1_and_2 to None, run_after=None
[2024-05-22T06:02:43.074+0000] {logging_mixin.py:188} INFO - [2024-05-22T06:02:43.074+0000] {dag.py:3954} INFO - Setting next_dagrun for dataset_consumes_1_never_scheduled to None, run_after=None
[2024-05-22T06:02:43.075+0000] {logging_mixin.py:188} INFO - [2024-05-22T06:02:43.075+0000] {dag.py:3954} INFO - Setting next_dagrun for dataset_consumes_unknown_never_scheduled to None, run_after=None
[2024-05-22T06:02:43.076+0000] {logging_mixin.py:188} INFO - [2024-05-22T06:02:43.076+0000] {dag.py:3954} INFO - Setting next_dagrun for dataset_produces_1 to 2024-05-21 00:00:00+00:00, run_after=2024-05-22 00:00:00+00:00
[2024-05-22T06:02:43.078+0000] {logging_mixin.py:188} INFO - [2024-05-22T06:02:43.078+0000] {dag.py:3954} INFO - Setting next_dagrun for dataset_produces_2 to None, run_after=None
[2024-05-22T06:02:43.090+0000] {processor.py:183} INFO - Processing /home/airflow/.local/lib/python3.12/site-packages/airflow/example_dags/example_datasets.py took 0.060 seconds
[2024-05-22T06:43:17.377+0000] {processor.py:161} INFO - Started process (PID=30264) to work on /home/airflow/.local/lib/python3.12/site-packages/airflow/example_dags/example_datasets.py
[2024-05-22T06:43:17.377+0000] {processor.py:830} INFO - Processing file /home/airflow/.local/lib/python3.12/site-packages/airflow/example_dags/example_datasets.py for tasks to queue
[2024-05-22T06:43:17.378+0000] {logging_mixin.py:188} INFO - [2024-05-22T06:43:17.378+0000] {dagbag.py:545} INFO - Filling up the DagBag from /home/airflow/.local/lib/python3.12/site-packages/airflow/example_dags/example_datasets.py
[2024-05-22T06:43:17.384+0000] {processor.py:840} INFO - DAG(s) 'dataset_consumes_unknown_never_scheduled', 'dataset_consumes_1_never_scheduled', 'dataset_produces_1', 'dataset_consumes_1', 'consume_1_or_both_2_and_3_with_dataset_expressions', 'consume_1_and_2_with_dataset_expressions', 'dataset_consumes_1_and_2', 'conditional_dataset_and_time_based_timetable', 'dataset_produces_2', 'consume_1_or_2_with_dataset_expressions' retrieved from /home/airflow/.local/lib/python3.12/site-packages/airflow/example_dags/example_datasets.py
[2024-05-22T06:43:17.403+0000] {logging_mixin.py:188} INFO - [2024-05-22T06:43:17.403+0000] {dag.py:3096} INFO - Sync 10 DAGs
[2024-05-22T06:43:17.414+0000] {logging_mixin.py:188} INFO - [2024-05-22T06:43:17.414+0000] {dag.py:3954} INFO - Setting next_dagrun for conditional_dataset_and_time_based_timetable to 2024-05-22 01:00:00+00:00, run_after=2024-05-22 01:00:00+00:00
[2024-05-22T06:43:17.416+0000] {logging_mixin.py:188} INFO - [2024-05-22T06:43:17.415+0000] {dag.py:3954} INFO - Setting next_dagrun for consume_1_and_2_with_dataset_expressions to None, run_after=None
[2024-05-22T06:43:17.416+0000] {logging_mixin.py:188} INFO - [2024-05-22T06:43:17.416+0000] {dag.py:3954} INFO - Setting next_dagrun for consume_1_or_2_with_dataset_expressions to None, run_after=None
[2024-05-22T06:43:17.417+0000] {logging_mixin.py:188} INFO - [2024-05-22T06:43:17.417+0000] {dag.py:3954} INFO - Setting next_dagrun for consume_1_or_both_2_and_3_with_dataset_expressions to None, run_after=None
[2024-05-22T06:43:17.417+0000] {logging_mixin.py:188} INFO - [2024-05-22T06:43:17.417+0000] {dag.py:3954} INFO - Setting next_dagrun for dataset_consumes_1 to None, run_after=None
[2024-05-22T06:43:17.418+0000] {logging_mixin.py:188} INFO - [2024-05-22T06:43:17.418+0000] {dag.py:3954} INFO - Setting next_dagrun for dataset_consumes_1_and_2 to None, run_after=None
[2024-05-22T06:43:17.418+0000] {logging_mixin.py:188} INFO - [2024-05-22T06:43:17.418+0000] {dag.py:3954} INFO - Setting next_dagrun for dataset_consumes_1_never_scheduled to None, run_after=None
[2024-05-22T06:43:17.419+0000] {logging_mixin.py:188} INFO - [2024-05-22T06:43:17.419+0000] {dag.py:3954} INFO - Setting next_dagrun for dataset_consumes_unknown_never_scheduled to None, run_after=None
[2024-05-22T06:43:17.420+0000] {logging_mixin.py:188} INFO - [2024-05-22T06:43:17.420+0000] {dag.py:3954} INFO - Setting next_dagrun for dataset_produces_1 to 2024-05-21 00:00:00+00:00, run_after=2024-05-22 00:00:00+00:00
[2024-05-22T06:43:17.420+0000] {logging_mixin.py:188} INFO - [2024-05-22T06:43:17.420+0000] {dag.py:3954} INFO - Setting next_dagrun for dataset_produces_2 to None, run_after=None
[2024-05-22T06:43:17.433+0000] {processor.py:183} INFO - Processing /home/airflow/.local/lib/python3.12/site-packages/airflow/example_dags/example_datasets.py took 0.059 seconds
[2024-05-22T06:43:47.879+0000] {processor.py:161} INFO - Started process (PID=30322) to work on /home/airflow/.local/lib/python3.12/site-packages/airflow/example_dags/example_datasets.py
[2024-05-22T06:43:47.879+0000] {processor.py:830} INFO - Processing file /home/airflow/.local/lib/python3.12/site-packages/airflow/example_dags/example_datasets.py for tasks to queue
[2024-05-22T06:43:47.880+0000] {logging_mixin.py:188} INFO - [2024-05-22T06:43:47.880+0000] {dagbag.py:545} INFO - Filling up the DagBag from /home/airflow/.local/lib/python3.12/site-packages/airflow/example_dags/example_datasets.py
[2024-05-22T06:43:47.886+0000] {processor.py:840} INFO - DAG(s) 'dataset_consumes_1_never_scheduled', 'dataset_consumes_unknown_never_scheduled', 'dataset_produces_2', 'dataset_consumes_1', 'consume_1_or_2_with_dataset_expressions', 'dataset_consumes_1_and_2', 'consume_1_or_both_2_and_3_with_dataset_expressions', 'consume_1_and_2_with_dataset_expressions', 'dataset_produces_1', 'conditional_dataset_and_time_based_timetable' retrieved from /home/airflow/.local/lib/python3.12/site-packages/airflow/example_dags/example_datasets.py
[2024-05-22T06:43:47.902+0000] {logging_mixin.py:188} INFO - [2024-05-22T06:43:47.902+0000] {dag.py:3096} INFO - Sync 10 DAGs
[2024-05-22T06:43:47.912+0000] {logging_mixin.py:188} INFO - [2024-05-22T06:43:47.912+0000] {dag.py:3954} INFO - Setting next_dagrun for conditional_dataset_and_time_based_timetable to 2024-05-22 01:00:00+00:00, run_after=2024-05-22 01:00:00+00:00
[2024-05-22T06:43:47.913+0000] {logging_mixin.py:188} INFO - [2024-05-22T06:43:47.913+0000] {dag.py:3954} INFO - Setting next_dagrun for consume_1_and_2_with_dataset_expressions to None, run_after=None
[2024-05-22T06:43:47.914+0000] {logging_mixin.py:188} INFO - [2024-05-22T06:43:47.914+0000] {dag.py:3954} INFO - Setting next_dagrun for consume_1_or_2_with_dataset_expressions to None, run_after=None
[2024-05-22T06:43:47.914+0000] {logging_mixin.py:188} INFO - [2024-05-22T06:43:47.914+0000] {dag.py:3954} INFO - Setting next_dagrun for consume_1_or_both_2_and_3_with_dataset_expressions to None, run_after=None
[2024-05-22T06:43:47.915+0000] {logging_mixin.py:188} INFO - [2024-05-22T06:43:47.915+0000] {dag.py:3954} INFO - Setting next_dagrun for dataset_consumes_1 to None, run_after=None
[2024-05-22T06:43:47.915+0000] {logging_mixin.py:188} INFO - [2024-05-22T06:43:47.915+0000] {dag.py:3954} INFO - Setting next_dagrun for dataset_consumes_1_and_2 to None, run_after=None
[2024-05-22T06:43:47.916+0000] {logging_mixin.py:188} INFO - [2024-05-22T06:43:47.916+0000] {dag.py:3954} INFO - Setting next_dagrun for dataset_consumes_1_never_scheduled to None, run_after=None
[2024-05-22T06:43:47.916+0000] {logging_mixin.py:188} INFO - [2024-05-22T06:43:47.916+0000] {dag.py:3954} INFO - Setting next_dagrun for dataset_consumes_unknown_never_scheduled to None, run_after=None
[2024-05-22T06:43:47.917+0000] {logging_mixin.py:188} INFO - [2024-05-22T06:43:47.917+0000] {dag.py:3954} INFO - Setting next_dagrun for dataset_produces_1 to 2024-05-21 00:00:00+00:00, run_after=2024-05-22 00:00:00+00:00
[2024-05-22T06:43:47.918+0000] {logging_mixin.py:188} INFO - [2024-05-22T06:43:47.917+0000] {dag.py:3954} INFO - Setting next_dagrun for dataset_produces_2 to None, run_after=None
[2024-05-22T06:43:47.929+0000] {processor.py:183} INFO - Processing /home/airflow/.local/lib/python3.12/site-packages/airflow/example_dags/example_datasets.py took 0.053 seconds
[2024-05-22T07:00:24.472+0000] {processor.py:161} INFO - Started process (PID=30379) to work on /home/airflow/.local/lib/python3.12/site-packages/airflow/example_dags/example_datasets.py
[2024-05-22T07:00:24.474+0000] {processor.py:830} INFO - Processing file /home/airflow/.local/lib/python3.12/site-packages/airflow/example_dags/example_datasets.py for tasks to queue
[2024-05-22T07:00:24.475+0000] {logging_mixin.py:188} INFO - [2024-05-22T07:00:24.475+0000] {dagbag.py:545} INFO - Filling up the DagBag from /home/airflow/.local/lib/python3.12/site-packages/airflow/example_dags/example_datasets.py
[2024-05-22T07:00:24.481+0000] {processor.py:840} INFO - DAG(s) 'consume_1_or_both_2_and_3_with_dataset_expressions', 'dataset_consumes_1', 'dataset_consumes_unknown_never_scheduled', 'dataset_produces_1', 'dataset_consumes_1_never_scheduled', 'consume_1_or_2_with_dataset_expressions', 'conditional_dataset_and_time_based_timetable', 'consume_1_and_2_with_dataset_expressions', 'dataset_produces_2', 'dataset_consumes_1_and_2' retrieved from /home/airflow/.local/lib/python3.12/site-packages/airflow/example_dags/example_datasets.py
[2024-05-22T07:00:24.498+0000] {logging_mixin.py:188} INFO - [2024-05-22T07:00:24.497+0000] {dag.py:3096} INFO - Sync 10 DAGs
[2024-05-22T07:00:24.508+0000] {logging_mixin.py:188} INFO - [2024-05-22T07:00:24.508+0000] {dag.py:3954} INFO - Setting next_dagrun for conditional_dataset_and_time_based_timetable to 2024-05-22 01:00:00+00:00, run_after=2024-05-22 01:00:00+00:00
[2024-05-22T07:00:24.509+0000] {logging_mixin.py:188} INFO - [2024-05-22T07:00:24.509+0000] {dag.py:3954} INFO - Setting next_dagrun for consume_1_and_2_with_dataset_expressions to None, run_after=None
[2024-05-22T07:00:24.510+0000] {logging_mixin.py:188} INFO - [2024-05-22T07:00:24.510+0000] {dag.py:3954} INFO - Setting next_dagrun for consume_1_or_2_with_dataset_expressions to None, run_after=None
[2024-05-22T07:00:24.510+0000] {logging_mixin.py:188} INFO - [2024-05-22T07:00:24.510+0000] {dag.py:3954} INFO - Setting next_dagrun for consume_1_or_both_2_and_3_with_dataset_expressions to None, run_after=None
[2024-05-22T07:00:24.511+0000] {logging_mixin.py:188} INFO - [2024-05-22T07:00:24.511+0000] {dag.py:3954} INFO - Setting next_dagrun for dataset_consumes_1 to None, run_after=None
[2024-05-22T07:00:24.511+0000] {logging_mixin.py:188} INFO - [2024-05-22T07:00:24.511+0000] {dag.py:3954} INFO - Setting next_dagrun for dataset_consumes_1_and_2 to None, run_after=None
[2024-05-22T07:00:24.512+0000] {logging_mixin.py:188} INFO - [2024-05-22T07:00:24.512+0000] {dag.py:3954} INFO - Setting next_dagrun for dataset_consumes_1_never_scheduled to None, run_after=None
[2024-05-22T07:00:24.513+0000] {logging_mixin.py:188} INFO - [2024-05-22T07:00:24.512+0000] {dag.py:3954} INFO - Setting next_dagrun for dataset_consumes_unknown_never_scheduled to None, run_after=None
[2024-05-22T07:00:24.513+0000] {logging_mixin.py:188} INFO - [2024-05-22T07:00:24.513+0000] {dag.py:3954} INFO - Setting next_dagrun for dataset_produces_1 to 2024-05-21 00:00:00+00:00, run_after=2024-05-22 00:00:00+00:00
[2024-05-22T07:00:24.514+0000] {logging_mixin.py:188} INFO - [2024-05-22T07:00:24.514+0000] {dag.py:3954} INFO - Setting next_dagrun for dataset_produces_2 to None, run_after=None
[2024-05-22T07:00:24.525+0000] {processor.py:183} INFO - Processing /home/airflow/.local/lib/python3.12/site-packages/airflow/example_dags/example_datasets.py took 0.056 seconds
[2024-05-22T07:34:45.824+0000] {processor.py:161} INFO - Started process (PID=30437) to work on /home/airflow/.local/lib/python3.12/site-packages/airflow/example_dags/example_datasets.py
[2024-05-22T07:34:45.825+0000] {processor.py:830} INFO - Processing file /home/airflow/.local/lib/python3.12/site-packages/airflow/example_dags/example_datasets.py for tasks to queue
[2024-05-22T07:34:45.826+0000] {logging_mixin.py:188} INFO - [2024-05-22T07:34:45.826+0000] {dagbag.py:545} INFO - Filling up the DagBag from /home/airflow/.local/lib/python3.12/site-packages/airflow/example_dags/example_datasets.py
[2024-05-22T07:34:45.832+0000] {processor.py:840} INFO - DAG(s) 'consume_1_or_2_with_dataset_expressions', 'dataset_consumes_1', 'dataset_produces_2', 'dataset_consumes_1_and_2', 'conditional_dataset_and_time_based_timetable', 'consume_1_or_both_2_and_3_with_dataset_expressions', 'dataset_consumes_unknown_never_scheduled', 'dataset_produces_1', 'dataset_consumes_1_never_scheduled', 'consume_1_and_2_with_dataset_expressions' retrieved from /home/airflow/.local/lib/python3.12/site-packages/airflow/example_dags/example_datasets.py
[2024-05-22T07:34:45.866+0000] {logging_mixin.py:188} INFO - [2024-05-22T07:34:45.866+0000] {dag.py:3096} INFO - Sync 10 DAGs
[2024-05-22T07:34:45.882+0000] {logging_mixin.py:188} INFO - [2024-05-22T07:34:45.881+0000] {dag.py:3954} INFO - Setting next_dagrun for conditional_dataset_and_time_based_timetable to 2024-05-22 01:00:00+00:00, run_after=2024-05-22 01:00:00+00:00
[2024-05-22T07:34:45.885+0000] {logging_mixin.py:188} INFO - [2024-05-22T07:34:45.885+0000] {dag.py:3954} INFO - Setting next_dagrun for consume_1_and_2_with_dataset_expressions to None, run_after=None
[2024-05-22T07:34:45.886+0000] {logging_mixin.py:188} INFO - [2024-05-22T07:34:45.886+0000] {dag.py:3954} INFO - Setting next_dagrun for consume_1_or_2_with_dataset_expressions to None, run_after=None
[2024-05-22T07:34:45.886+0000] {logging_mixin.py:188} INFO - [2024-05-22T07:34:45.886+0000] {dag.py:3954} INFO - Setting next_dagrun for consume_1_or_both_2_and_3_with_dataset_expressions to None, run_after=None
[2024-05-22T07:34:45.887+0000] {logging_mixin.py:188} INFO - [2024-05-22T07:34:45.887+0000] {dag.py:3954} INFO - Setting next_dagrun for dataset_consumes_1 to None, run_after=None
[2024-05-22T07:34:45.887+0000] {logging_mixin.py:188} INFO - [2024-05-22T07:34:45.887+0000] {dag.py:3954} INFO - Setting next_dagrun for dataset_consumes_1_and_2 to None, run_after=None
[2024-05-22T07:34:45.888+0000] {logging_mixin.py:188} INFO - [2024-05-22T07:34:45.888+0000] {dag.py:3954} INFO - Setting next_dagrun for dataset_consumes_1_never_scheduled to None, run_after=None
[2024-05-22T07:34:45.889+0000] {logging_mixin.py:188} INFO - [2024-05-22T07:34:45.889+0000] {dag.py:3954} INFO - Setting next_dagrun for dataset_consumes_unknown_never_scheduled to None, run_after=None
[2024-05-22T07:34:45.891+0000] {logging_mixin.py:188} INFO - [2024-05-22T07:34:45.891+0000] {dag.py:3954} INFO - Setting next_dagrun for dataset_produces_1 to 2024-05-21 00:00:00+00:00, run_after=2024-05-22 00:00:00+00:00
[2024-05-22T07:34:45.892+0000] {logging_mixin.py:188} INFO - [2024-05-22T07:34:45.892+0000] {dag.py:3954} INFO - Setting next_dagrun for dataset_produces_2 to None, run_after=None
[2024-05-22T07:34:45.909+0000] {processor.py:183} INFO - Processing /home/airflow/.local/lib/python3.12/site-packages/airflow/example_dags/example_datasets.py took 0.088 seconds
