[2024-05-22T01:00:14.979+0000] {processor.py:161} INFO - Started process (PID=29688) to work on /home/airflow/.local/lib/python3.12/site-packages/airflow/example_dags/example_subdag_operator.py
[2024-05-22T01:00:14.980+0000] {processor.py:830} INFO - Processing file /home/airflow/.local/lib/python3.12/site-packages/airflow/example_dags/example_subdag_operator.py for tasks to queue
[2024-05-22T01:00:14.980+0000] {logging_mixin.py:188} INFO - [2024-05-22T01:00:14.980+0000] {dagbag.py:545} INFO - Filling up the DagBag from /home/airflow/.local/lib/python3.12/site-packages/airflow/example_dags/example_subdag_operator.py
[2024-05-22T01:00:14.994+0000] {processor.py:840} INFO - DAG(s) 'example_subdag_operator.section-1', 'example_subdag_operator.section-2', 'example_subdag_operator' retrieved from /home/airflow/.local/lib/python3.12/site-packages/airflow/example_dags/example_subdag_operator.py
[2024-05-22T01:00:15.000+0000] {logging_mixin.py:188} INFO - [2024-05-22T01:00:15.000+0000] {dag.py:3096} INFO - Sync 3 DAGs
[2024-05-22T01:00:15.009+0000] {logging_mixin.py:188} INFO - [2024-05-22T01:00:15.008+0000] {dag.py:3954} INFO - Setting next_dagrun for example_subdag_operator to 2022-01-01 00:00:00+00:00, run_after=2022-01-01 00:00:00+00:00
[2024-05-22T01:00:15.010+0000] {logging_mixin.py:188} INFO - [2024-05-22T01:00:15.010+0000] {dag.py:3954} INFO - Setting next_dagrun for example_subdag_operator.section-1 to None, run_after=None
[2024-05-22T01:00:15.011+0000] {logging_mixin.py:188} INFO - [2024-05-22T01:00:15.011+0000] {dag.py:3954} INFO - Setting next_dagrun for example_subdag_operator.section-2 to None, run_after=None
[2024-05-22T01:00:15.013+0000] {logging_mixin.py:188} INFO - [2024-05-22T01:00:15.013+0000] {dag.py:3096} INFO - Sync 2 DAGs
[2024-05-22T01:00:15.015+0000] {logging_mixin.py:188} INFO - [2024-05-22T01:00:15.015+0000] {dag.py:3954} INFO - Setting next_dagrun for example_subdag_operator.section-1 to None, run_after=None
[2024-05-22T01:00:15.015+0000] {logging_mixin.py:188} INFO - [2024-05-22T01:00:15.015+0000] {dag.py:3954} INFO - Setting next_dagrun for example_subdag_operator.section-2 to None, run_after=None
[2024-05-22T01:00:15.020+0000] {processor.py:183} INFO - Processing /home/airflow/.local/lib/python3.12/site-packages/airflow/example_dags/example_subdag_operator.py took 0.043 seconds
[2024-05-22T02:26:35.014+0000] {processor.py:161} INFO - Started process (PID=29746) to work on /home/airflow/.local/lib/python3.12/site-packages/airflow/example_dags/example_subdag_operator.py
[2024-05-22T02:26:35.015+0000] {processor.py:830} INFO - Processing file /home/airflow/.local/lib/python3.12/site-packages/airflow/example_dags/example_subdag_operator.py for tasks to queue
[2024-05-22T02:26:35.016+0000] {logging_mixin.py:188} INFO - [2024-05-22T02:26:35.016+0000] {dagbag.py:545} INFO - Filling up the DagBag from /home/airflow/.local/lib/python3.12/site-packages/airflow/example_dags/example_subdag_operator.py
[2024-05-22T02:26:35.026+0000] {processor.py:840} INFO - DAG(s) 'example_subdag_operator.section-1', 'example_subdag_operator.section-2', 'example_subdag_operator' retrieved from /home/airflow/.local/lib/python3.12/site-packages/airflow/example_dags/example_subdag_operator.py
[2024-05-22T02:26:35.031+0000] {logging_mixin.py:188} INFO - [2024-05-22T02:26:35.031+0000] {dag.py:3096} INFO - Sync 3 DAGs
[2024-05-22T02:26:35.039+0000] {logging_mixin.py:188} INFO - [2024-05-22T02:26:35.039+0000] {dag.py:3954} INFO - Setting next_dagrun for example_subdag_operator to 2022-01-01 00:00:00+00:00, run_after=2022-01-01 00:00:00+00:00
[2024-05-22T02:26:35.041+0000] {logging_mixin.py:188} INFO - [2024-05-22T02:26:35.041+0000] {dag.py:3954} INFO - Setting next_dagrun for example_subdag_operator.section-1 to None, run_after=None
[2024-05-22T02:26:35.041+0000] {logging_mixin.py:188} INFO - [2024-05-22T02:26:35.041+0000] {dag.py:3954} INFO - Setting next_dagrun for example_subdag_operator.section-2 to None, run_after=None
[2024-05-22T02:26:35.044+0000] {logging_mixin.py:188} INFO - [2024-05-22T02:26:35.044+0000] {dag.py:3096} INFO - Sync 2 DAGs
[2024-05-22T02:26:35.045+0000] {logging_mixin.py:188} INFO - [2024-05-22T02:26:35.045+0000] {dag.py:3954} INFO - Setting next_dagrun for example_subdag_operator.section-1 to None, run_after=None
[2024-05-22T02:26:35.045+0000] {logging_mixin.py:188} INFO - [2024-05-22T02:26:35.045+0000] {dag.py:3954} INFO - Setting next_dagrun for example_subdag_operator.section-2 to None, run_after=None
[2024-05-22T02:26:35.049+0000] {processor.py:183} INFO - Processing /home/airflow/.local/lib/python3.12/site-packages/airflow/example_dags/example_subdag_operator.py took 0.037 seconds
[2024-05-22T02:27:05.761+0000] {processor.py:161} INFO - Started process (PID=29804) to work on /home/airflow/.local/lib/python3.12/site-packages/airflow/example_dags/example_subdag_operator.py
[2024-05-22T02:27:05.762+0000] {processor.py:830} INFO - Processing file /home/airflow/.local/lib/python3.12/site-packages/airflow/example_dags/example_subdag_operator.py for tasks to queue
[2024-05-22T02:27:05.764+0000] {logging_mixin.py:188} INFO - [2024-05-22T02:27:05.763+0000] {dagbag.py:545} INFO - Filling up the DagBag from /home/airflow/.local/lib/python3.12/site-packages/airflow/example_dags/example_subdag_operator.py
[2024-05-22T02:27:05.781+0000] {processor.py:840} INFO - DAG(s) 'example_subdag_operator.section-1', 'example_subdag_operator.section-2', 'example_subdag_operator' retrieved from /home/airflow/.local/lib/python3.12/site-packages/airflow/example_dags/example_subdag_operator.py
[2024-05-22T02:27:05.787+0000] {logging_mixin.py:188} INFO - [2024-05-22T02:27:05.787+0000] {dag.py:3096} INFO - Sync 3 DAGs
[2024-05-22T02:27:05.796+0000] {logging_mixin.py:188} INFO - [2024-05-22T02:27:05.796+0000] {dag.py:3954} INFO - Setting next_dagrun for example_subdag_operator to 2022-01-01 00:00:00+00:00, run_after=2022-01-01 00:00:00+00:00
[2024-05-22T02:27:05.797+0000] {logging_mixin.py:188} INFO - [2024-05-22T02:27:05.797+0000] {dag.py:3954} INFO - Setting next_dagrun for example_subdag_operator.section-1 to None, run_after=None
[2024-05-22T02:27:05.798+0000] {logging_mixin.py:188} INFO - [2024-05-22T02:27:05.798+0000] {dag.py:3954} INFO - Setting next_dagrun for example_subdag_operator.section-2 to None, run_after=None
[2024-05-22T02:27:05.801+0000] {logging_mixin.py:188} INFO - [2024-05-22T02:27:05.801+0000] {dag.py:3096} INFO - Sync 2 DAGs
[2024-05-22T02:27:05.805+0000] {logging_mixin.py:188} INFO - [2024-05-22T02:27:05.805+0000] {dag.py:3954} INFO - Setting next_dagrun for example_subdag_operator.section-1 to None, run_after=None
[2024-05-22T02:27:05.805+0000] {logging_mixin.py:188} INFO - [2024-05-22T02:27:05.805+0000] {dag.py:3954} INFO - Setting next_dagrun for example_subdag_operator.section-2 to None, run_after=None
[2024-05-22T02:27:05.810+0000] {processor.py:183} INFO - Processing /home/airflow/.local/lib/python3.12/site-packages/airflow/example_dags/example_subdag_operator.py took 0.051 seconds
[2024-05-22T03:16:29.891+0000] {processor.py:161} INFO - Started process (PID=29862) to work on /home/airflow/.local/lib/python3.12/site-packages/airflow/example_dags/example_subdag_operator.py
[2024-05-22T03:16:29.892+0000] {processor.py:830} INFO - Processing file /home/airflow/.local/lib/python3.12/site-packages/airflow/example_dags/example_subdag_operator.py for tasks to queue
[2024-05-22T03:16:29.893+0000] {logging_mixin.py:188} INFO - [2024-05-22T03:16:29.893+0000] {dagbag.py:545} INFO - Filling up the DagBag from /home/airflow/.local/lib/python3.12/site-packages/airflow/example_dags/example_subdag_operator.py
[2024-05-22T03:16:29.902+0000] {processor.py:840} INFO - DAG(s) 'example_subdag_operator.section-1', 'example_subdag_operator.section-2', 'example_subdag_operator' retrieved from /home/airflow/.local/lib/python3.12/site-packages/airflow/example_dags/example_subdag_operator.py
[2024-05-22T03:16:29.908+0000] {logging_mixin.py:188} INFO - [2024-05-22T03:16:29.908+0000] {dag.py:3096} INFO - Sync 3 DAGs
[2024-05-22T03:16:29.916+0000] {logging_mixin.py:188} INFO - [2024-05-22T03:16:29.916+0000] {dag.py:3954} INFO - Setting next_dagrun for example_subdag_operator to 2022-01-01 00:00:00+00:00, run_after=2022-01-01 00:00:00+00:00
[2024-05-22T03:16:29.917+0000] {logging_mixin.py:188} INFO - [2024-05-22T03:16:29.917+0000] {dag.py:3954} INFO - Setting next_dagrun for example_subdag_operator.section-1 to None, run_after=None
[2024-05-22T03:16:29.918+0000] {logging_mixin.py:188} INFO - [2024-05-22T03:16:29.918+0000] {dag.py:3954} INFO - Setting next_dagrun for example_subdag_operator.section-2 to None, run_after=None
[2024-05-22T03:16:29.921+0000] {logging_mixin.py:188} INFO - [2024-05-22T03:16:29.921+0000] {dag.py:3096} INFO - Sync 2 DAGs
[2024-05-22T03:16:29.923+0000] {logging_mixin.py:188} INFO - [2024-05-22T03:16:29.923+0000] {dag.py:3954} INFO - Setting next_dagrun for example_subdag_operator.section-1 to None, run_after=None
[2024-05-22T03:16:29.923+0000] {logging_mixin.py:188} INFO - [2024-05-22T03:16:29.923+0000] {dag.py:3954} INFO - Setting next_dagrun for example_subdag_operator.section-2 to None, run_after=None
[2024-05-22T03:16:29.927+0000] {processor.py:183} INFO - Processing /home/airflow/.local/lib/python3.12/site-packages/airflow/example_dags/example_subdag_operator.py took 0.038 seconds
[2024-05-22T04:42:09.317+0000] {processor.py:161} INFO - Started process (PID=29920) to work on /home/airflow/.local/lib/python3.12/site-packages/airflow/example_dags/example_subdag_operator.py
[2024-05-22T04:42:09.317+0000] {processor.py:830} INFO - Processing file /home/airflow/.local/lib/python3.12/site-packages/airflow/example_dags/example_subdag_operator.py for tasks to queue
[2024-05-22T04:42:09.321+0000] {logging_mixin.py:188} INFO - [2024-05-22T04:42:09.321+0000] {dagbag.py:545} INFO - Filling up the DagBag from /home/airflow/.local/lib/python3.12/site-packages/airflow/example_dags/example_subdag_operator.py
[2024-05-22T04:42:09.334+0000] {processor.py:840} INFO - DAG(s) 'example_subdag_operator.section-1', 'example_subdag_operator.section-2', 'example_subdag_operator' retrieved from /home/airflow/.local/lib/python3.12/site-packages/airflow/example_dags/example_subdag_operator.py
[2024-05-22T04:42:09.342+0000] {logging_mixin.py:188} INFO - [2024-05-22T04:42:09.342+0000] {dag.py:3096} INFO - Sync 3 DAGs
[2024-05-22T04:42:09.352+0000] {logging_mixin.py:188} INFO - [2024-05-22T04:42:09.352+0000] {dag.py:3954} INFO - Setting next_dagrun for example_subdag_operator to 2022-01-01 00:00:00+00:00, run_after=2022-01-01 00:00:00+00:00
[2024-05-22T04:42:09.353+0000] {logging_mixin.py:188} INFO - [2024-05-22T04:42:09.353+0000] {dag.py:3954} INFO - Setting next_dagrun for example_subdag_operator.section-1 to None, run_after=None
[2024-05-22T04:42:09.355+0000] {logging_mixin.py:188} INFO - [2024-05-22T04:42:09.355+0000] {dag.py:3954} INFO - Setting next_dagrun for example_subdag_operator.section-2 to None, run_after=None
[2024-05-22T04:42:09.358+0000] {logging_mixin.py:188} INFO - [2024-05-22T04:42:09.358+0000] {dag.py:3096} INFO - Sync 2 DAGs
[2024-05-22T04:42:09.360+0000] {logging_mixin.py:188} INFO - [2024-05-22T04:42:09.360+0000] {dag.py:3954} INFO - Setting next_dagrun for example_subdag_operator.section-1 to None, run_after=None
[2024-05-22T04:42:09.360+0000] {logging_mixin.py:188} INFO - [2024-05-22T04:42:09.360+0000] {dag.py:3954} INFO - Setting next_dagrun for example_subdag_operator.section-2 to None, run_after=None
[2024-05-22T04:42:09.365+0000] {processor.py:183} INFO - Processing /home/airflow/.local/lib/python3.12/site-packages/airflow/example_dags/example_subdag_operator.py took 0.051 seconds
[2024-05-22T04:42:39.854+0000] {processor.py:161} INFO - Started process (PID=29978) to work on /home/airflow/.local/lib/python3.12/site-packages/airflow/example_dags/example_subdag_operator.py
[2024-05-22T04:42:39.855+0000] {processor.py:830} INFO - Processing file /home/airflow/.local/lib/python3.12/site-packages/airflow/example_dags/example_subdag_operator.py for tasks to queue
[2024-05-22T04:42:39.856+0000] {logging_mixin.py:188} INFO - [2024-05-22T04:42:39.856+0000] {dagbag.py:545} INFO - Filling up the DagBag from /home/airflow/.local/lib/python3.12/site-packages/airflow/example_dags/example_subdag_operator.py
[2024-05-22T04:42:39.866+0000] {processor.py:840} INFO - DAG(s) 'example_subdag_operator.section-1', 'example_subdag_operator.section-2', 'example_subdag_operator' retrieved from /home/airflow/.local/lib/python3.12/site-packages/airflow/example_dags/example_subdag_operator.py
[2024-05-22T04:42:39.872+0000] {logging_mixin.py:188} INFO - [2024-05-22T04:42:39.872+0000] {dag.py:3096} INFO - Sync 3 DAGs
[2024-05-22T04:42:39.880+0000] {logging_mixin.py:188} INFO - [2024-05-22T04:42:39.880+0000] {dag.py:3954} INFO - Setting next_dagrun for example_subdag_operator to 2022-01-01 00:00:00+00:00, run_after=2022-01-01 00:00:00+00:00
[2024-05-22T04:42:39.882+0000] {logging_mixin.py:188} INFO - [2024-05-22T04:42:39.882+0000] {dag.py:3954} INFO - Setting next_dagrun for example_subdag_operator.section-1 to None, run_after=None
[2024-05-22T04:42:39.882+0000] {logging_mixin.py:188} INFO - [2024-05-22T04:42:39.882+0000] {dag.py:3954} INFO - Setting next_dagrun for example_subdag_operator.section-2 to None, run_after=None
[2024-05-22T04:42:39.885+0000] {logging_mixin.py:188} INFO - [2024-05-22T04:42:39.885+0000] {dag.py:3096} INFO - Sync 2 DAGs
[2024-05-22T04:42:39.887+0000] {logging_mixin.py:188} INFO - [2024-05-22T04:42:39.887+0000] {dag.py:3954} INFO - Setting next_dagrun for example_subdag_operator.section-1 to None, run_after=None
[2024-05-22T04:42:39.887+0000] {logging_mixin.py:188} INFO - [2024-05-22T04:42:39.887+0000] {dag.py:3954} INFO - Setting next_dagrun for example_subdag_operator.section-2 to None, run_after=None
[2024-05-22T04:42:39.891+0000] {processor.py:183} INFO - Processing /home/airflow/.local/lib/python3.12/site-packages/airflow/example_dags/example_subdag_operator.py took 0.039 seconds
[2024-05-22T05:33:34.229+0000] {processor.py:161} INFO - Started process (PID=30036) to work on /home/airflow/.local/lib/python3.12/site-packages/airflow/example_dags/example_subdag_operator.py
[2024-05-22T05:33:34.229+0000] {processor.py:830} INFO - Processing file /home/airflow/.local/lib/python3.12/site-packages/airflow/example_dags/example_subdag_operator.py for tasks to queue
[2024-05-22T05:33:34.230+0000] {logging_mixin.py:188} INFO - [2024-05-22T05:33:34.230+0000] {dagbag.py:545} INFO - Filling up the DagBag from /home/airflow/.local/lib/python3.12/site-packages/airflow/example_dags/example_subdag_operator.py
[2024-05-22T05:33:34.240+0000] {processor.py:840} INFO - DAG(s) 'example_subdag_operator.section-1', 'example_subdag_operator.section-2', 'example_subdag_operator' retrieved from /home/airflow/.local/lib/python3.12/site-packages/airflow/example_dags/example_subdag_operator.py
[2024-05-22T05:33:34.246+0000] {logging_mixin.py:188} INFO - [2024-05-22T05:33:34.246+0000] {dag.py:3096} INFO - Sync 3 DAGs
[2024-05-22T05:33:34.254+0000] {logging_mixin.py:188} INFO - [2024-05-22T05:33:34.254+0000] {dag.py:3954} INFO - Setting next_dagrun for example_subdag_operator to 2022-01-01 00:00:00+00:00, run_after=2022-01-01 00:00:00+00:00
[2024-05-22T05:33:34.256+0000] {logging_mixin.py:188} INFO - [2024-05-22T05:33:34.256+0000] {dag.py:3954} INFO - Setting next_dagrun for example_subdag_operator.section-1 to None, run_after=None
[2024-05-22T05:33:34.257+0000] {logging_mixin.py:188} INFO - [2024-05-22T05:33:34.257+0000] {dag.py:3954} INFO - Setting next_dagrun for example_subdag_operator.section-2 to None, run_after=None
[2024-05-22T05:33:34.260+0000] {logging_mixin.py:188} INFO - [2024-05-22T05:33:34.260+0000] {dag.py:3096} INFO - Sync 2 DAGs
[2024-05-22T05:33:34.262+0000] {logging_mixin.py:188} INFO - [2024-05-22T05:33:34.262+0000] {dag.py:3954} INFO - Setting next_dagrun for example_subdag_operator.section-1 to None, run_after=None
[2024-05-22T05:33:34.262+0000] {logging_mixin.py:188} INFO - [2024-05-22T05:33:34.262+0000] {dag.py:3954} INFO - Setting next_dagrun for example_subdag_operator.section-2 to None, run_after=None
[2024-05-22T05:33:34.266+0000] {processor.py:183} INFO - Processing /home/airflow/.local/lib/python3.12/site-packages/airflow/example_dags/example_subdag_operator.py took 0.040 seconds
[2024-05-22T05:54:39.390+0000] {processor.py:161} INFO - Started process (PID=30094) to work on /home/airflow/.local/lib/python3.12/site-packages/airflow/example_dags/example_subdag_operator.py
[2024-05-22T05:54:39.391+0000] {processor.py:830} INFO - Processing file /home/airflow/.local/lib/python3.12/site-packages/airflow/example_dags/example_subdag_operator.py for tasks to queue
[2024-05-22T05:54:39.392+0000] {logging_mixin.py:188} INFO - [2024-05-22T05:54:39.392+0000] {dagbag.py:545} INFO - Filling up the DagBag from /home/airflow/.local/lib/python3.12/site-packages/airflow/example_dags/example_subdag_operator.py
[2024-05-22T05:54:39.401+0000] {processor.py:840} INFO - DAG(s) 'example_subdag_operator.section-1', 'example_subdag_operator.section-2', 'example_subdag_operator' retrieved from /home/airflow/.local/lib/python3.12/site-packages/airflow/example_dags/example_subdag_operator.py
[2024-05-22T05:54:39.408+0000] {logging_mixin.py:188} INFO - [2024-05-22T05:54:39.408+0000] {dag.py:3096} INFO - Sync 3 DAGs
[2024-05-22T05:54:39.417+0000] {logging_mixin.py:188} INFO - [2024-05-22T05:54:39.417+0000] {dag.py:3954} INFO - Setting next_dagrun for example_subdag_operator to 2022-01-01 00:00:00+00:00, run_after=2022-01-01 00:00:00+00:00
[2024-05-22T05:54:39.419+0000] {logging_mixin.py:188} INFO - [2024-05-22T05:54:39.419+0000] {dag.py:3954} INFO - Setting next_dagrun for example_subdag_operator.section-1 to None, run_after=None
[2024-05-22T05:54:39.419+0000] {logging_mixin.py:188} INFO - [2024-05-22T05:54:39.419+0000] {dag.py:3954} INFO - Setting next_dagrun for example_subdag_operator.section-2 to None, run_after=None
[2024-05-22T05:54:39.422+0000] {logging_mixin.py:188} INFO - [2024-05-22T05:54:39.422+0000] {dag.py:3096} INFO - Sync 2 DAGs
[2024-05-22T05:54:39.424+0000] {logging_mixin.py:188} INFO - [2024-05-22T05:54:39.424+0000] {dag.py:3954} INFO - Setting next_dagrun for example_subdag_operator.section-1 to None, run_after=None
[2024-05-22T05:54:39.425+0000] {logging_mixin.py:188} INFO - [2024-05-22T05:54:39.425+0000] {dag.py:3954} INFO - Setting next_dagrun for example_subdag_operator.section-2 to None, run_after=None
[2024-05-22T05:54:39.429+0000] {processor.py:183} INFO - Processing /home/airflow/.local/lib/python3.12/site-packages/airflow/example_dags/example_subdag_operator.py took 0.041 seconds
[2024-05-22T06:02:12.580+0000] {processor.py:161} INFO - Started process (PID=30152) to work on /home/airflow/.local/lib/python3.12/site-packages/airflow/example_dags/example_subdag_operator.py
[2024-05-22T06:02:12.581+0000] {processor.py:830} INFO - Processing file /home/airflow/.local/lib/python3.12/site-packages/airflow/example_dags/example_subdag_operator.py for tasks to queue
[2024-05-22T06:02:12.582+0000] {logging_mixin.py:188} INFO - [2024-05-22T06:02:12.582+0000] {dagbag.py:545} INFO - Filling up the DagBag from /home/airflow/.local/lib/python3.12/site-packages/airflow/example_dags/example_subdag_operator.py
[2024-05-22T06:02:12.592+0000] {processor.py:840} INFO - DAG(s) 'example_subdag_operator.section-1', 'example_subdag_operator.section-2', 'example_subdag_operator' retrieved from /home/airflow/.local/lib/python3.12/site-packages/airflow/example_dags/example_subdag_operator.py
[2024-05-22T06:02:12.598+0000] {logging_mixin.py:188} INFO - [2024-05-22T06:02:12.598+0000] {dag.py:3096} INFO - Sync 3 DAGs
[2024-05-22T06:02:12.607+0000] {logging_mixin.py:188} INFO - [2024-05-22T06:02:12.607+0000] {dag.py:3954} INFO - Setting next_dagrun for example_subdag_operator to 2022-01-01 00:00:00+00:00, run_after=2022-01-01 00:00:00+00:00
[2024-05-22T06:02:12.609+0000] {logging_mixin.py:188} INFO - [2024-05-22T06:02:12.608+0000] {dag.py:3954} INFO - Setting next_dagrun for example_subdag_operator.section-1 to None, run_after=None
[2024-05-22T06:02:12.609+0000] {logging_mixin.py:188} INFO - [2024-05-22T06:02:12.609+0000] {dag.py:3954} INFO - Setting next_dagrun for example_subdag_operator.section-2 to None, run_after=None
[2024-05-22T06:02:12.612+0000] {logging_mixin.py:188} INFO - [2024-05-22T06:02:12.612+0000] {dag.py:3096} INFO - Sync 2 DAGs
[2024-05-22T06:02:12.614+0000] {logging_mixin.py:188} INFO - [2024-05-22T06:02:12.614+0000] {dag.py:3954} INFO - Setting next_dagrun for example_subdag_operator.section-1 to None, run_after=None
[2024-05-22T06:02:12.614+0000] {logging_mixin.py:188} INFO - [2024-05-22T06:02:12.614+0000] {dag.py:3954} INFO - Setting next_dagrun for example_subdag_operator.section-2 to None, run_after=None
[2024-05-22T06:02:12.618+0000] {processor.py:183} INFO - Processing /home/airflow/.local/lib/python3.12/site-packages/airflow/example_dags/example_subdag_operator.py took 0.040 seconds
[2024-05-22T06:02:43.128+0000] {processor.py:161} INFO - Started process (PID=30210) to work on /home/airflow/.local/lib/python3.12/site-packages/airflow/example_dags/example_subdag_operator.py
[2024-05-22T06:02:43.129+0000] {processor.py:830} INFO - Processing file /home/airflow/.local/lib/python3.12/site-packages/airflow/example_dags/example_subdag_operator.py for tasks to queue
[2024-05-22T06:02:43.130+0000] {logging_mixin.py:188} INFO - [2024-05-22T06:02:43.130+0000] {dagbag.py:545} INFO - Filling up the DagBag from /home/airflow/.local/lib/python3.12/site-packages/airflow/example_dags/example_subdag_operator.py
[2024-05-22T06:02:43.139+0000] {processor.py:840} INFO - DAG(s) 'example_subdag_operator.section-1', 'example_subdag_operator.section-2', 'example_subdag_operator' retrieved from /home/airflow/.local/lib/python3.12/site-packages/airflow/example_dags/example_subdag_operator.py
[2024-05-22T06:02:43.145+0000] {logging_mixin.py:188} INFO - [2024-05-22T06:02:43.145+0000] {dag.py:3096} INFO - Sync 3 DAGs
[2024-05-22T06:02:43.154+0000] {logging_mixin.py:188} INFO - [2024-05-22T06:02:43.153+0000] {dag.py:3954} INFO - Setting next_dagrun for example_subdag_operator to 2022-01-01 00:00:00+00:00, run_after=2022-01-01 00:00:00+00:00
[2024-05-22T06:02:43.155+0000] {logging_mixin.py:188} INFO - [2024-05-22T06:02:43.155+0000] {dag.py:3954} INFO - Setting next_dagrun for example_subdag_operator.section-1 to None, run_after=None
[2024-05-22T06:02:43.156+0000] {logging_mixin.py:188} INFO - [2024-05-22T06:02:43.156+0000] {dag.py:3954} INFO - Setting next_dagrun for example_subdag_operator.section-2 to None, run_after=None
[2024-05-22T06:02:43.159+0000] {logging_mixin.py:188} INFO - [2024-05-22T06:02:43.159+0000] {dag.py:3096} INFO - Sync 2 DAGs
[2024-05-22T06:02:43.161+0000] {logging_mixin.py:188} INFO - [2024-05-22T06:02:43.161+0000] {dag.py:3954} INFO - Setting next_dagrun for example_subdag_operator.section-1 to None, run_after=None
[2024-05-22T06:02:43.161+0000] {logging_mixin.py:188} INFO - [2024-05-22T06:02:43.161+0000] {dag.py:3954} INFO - Setting next_dagrun for example_subdag_operator.section-2 to None, run_after=None
[2024-05-22T06:02:43.166+0000] {processor.py:183} INFO - Processing /home/airflow/.local/lib/python3.12/site-packages/airflow/example_dags/example_subdag_operator.py took 0.041 seconds
[2024-05-22T06:43:17.487+0000] {processor.py:161} INFO - Started process (PID=30268) to work on /home/airflow/.local/lib/python3.12/site-packages/airflow/example_dags/example_subdag_operator.py
[2024-05-22T06:43:17.487+0000] {processor.py:830} INFO - Processing file /home/airflow/.local/lib/python3.12/site-packages/airflow/example_dags/example_subdag_operator.py for tasks to queue
[2024-05-22T06:43:17.488+0000] {logging_mixin.py:188} INFO - [2024-05-22T06:43:17.488+0000] {dagbag.py:545} INFO - Filling up the DagBag from /home/airflow/.local/lib/python3.12/site-packages/airflow/example_dags/example_subdag_operator.py
[2024-05-22T06:43:17.499+0000] {processor.py:840} INFO - DAG(s) 'example_subdag_operator.section-1', 'example_subdag_operator.section-2', 'example_subdag_operator' retrieved from /home/airflow/.local/lib/python3.12/site-packages/airflow/example_dags/example_subdag_operator.py
[2024-05-22T06:43:17.505+0000] {logging_mixin.py:188} INFO - [2024-05-22T06:43:17.505+0000] {dag.py:3096} INFO - Sync 3 DAGs
[2024-05-22T06:43:17.513+0000] {logging_mixin.py:188} INFO - [2024-05-22T06:43:17.513+0000] {dag.py:3954} INFO - Setting next_dagrun for example_subdag_operator to 2022-01-01 00:00:00+00:00, run_after=2022-01-01 00:00:00+00:00
[2024-05-22T06:43:17.515+0000] {logging_mixin.py:188} INFO - [2024-05-22T06:43:17.515+0000] {dag.py:3954} INFO - Setting next_dagrun for example_subdag_operator.section-1 to None, run_after=None
[2024-05-22T06:43:17.515+0000] {logging_mixin.py:188} INFO - [2024-05-22T06:43:17.515+0000] {dag.py:3954} INFO - Setting next_dagrun for example_subdag_operator.section-2 to None, run_after=None
[2024-05-22T06:43:17.518+0000] {logging_mixin.py:188} INFO - [2024-05-22T06:43:17.518+0000] {dag.py:3096} INFO - Sync 2 DAGs
[2024-05-22T06:43:17.520+0000] {logging_mixin.py:188} INFO - [2024-05-22T06:43:17.520+0000] {dag.py:3954} INFO - Setting next_dagrun for example_subdag_operator.section-1 to None, run_after=None
[2024-05-22T06:43:17.521+0000] {logging_mixin.py:188} INFO - [2024-05-22T06:43:17.521+0000] {dag.py:3954} INFO - Setting next_dagrun for example_subdag_operator.section-2 to None, run_after=None
[2024-05-22T06:43:17.525+0000] {processor.py:183} INFO - Processing /home/airflow/.local/lib/python3.12/site-packages/airflow/example_dags/example_subdag_operator.py took 0.041 seconds
[2024-05-22T06:43:47.980+0000] {processor.py:161} INFO - Started process (PID=30326) to work on /home/airflow/.local/lib/python3.12/site-packages/airflow/example_dags/example_subdag_operator.py
[2024-05-22T06:43:47.981+0000] {processor.py:830} INFO - Processing file /home/airflow/.local/lib/python3.12/site-packages/airflow/example_dags/example_subdag_operator.py for tasks to queue
[2024-05-22T06:43:47.982+0000] {logging_mixin.py:188} INFO - [2024-05-22T06:43:47.982+0000] {dagbag.py:545} INFO - Filling up the DagBag from /home/airflow/.local/lib/python3.12/site-packages/airflow/example_dags/example_subdag_operator.py
[2024-05-22T06:43:47.994+0000] {processor.py:840} INFO - DAG(s) 'example_subdag_operator.section-1', 'example_subdag_operator.section-2', 'example_subdag_operator' retrieved from /home/airflow/.local/lib/python3.12/site-packages/airflow/example_dags/example_subdag_operator.py
[2024-05-22T06:43:48.000+0000] {logging_mixin.py:188} INFO - [2024-05-22T06:43:48.000+0000] {dag.py:3096} INFO - Sync 3 DAGs
[2024-05-22T06:43:48.008+0000] {logging_mixin.py:188} INFO - [2024-05-22T06:43:48.008+0000] {dag.py:3954} INFO - Setting next_dagrun for example_subdag_operator to 2022-01-01 00:00:00+00:00, run_after=2022-01-01 00:00:00+00:00
[2024-05-22T06:43:48.009+0000] {logging_mixin.py:188} INFO - [2024-05-22T06:43:48.009+0000] {dag.py:3954} INFO - Setting next_dagrun for example_subdag_operator.section-1 to None, run_after=None
[2024-05-22T06:43:48.010+0000] {logging_mixin.py:188} INFO - [2024-05-22T06:43:48.010+0000] {dag.py:3954} INFO - Setting next_dagrun for example_subdag_operator.section-2 to None, run_after=None
[2024-05-22T06:43:48.013+0000] {logging_mixin.py:188} INFO - [2024-05-22T06:43:48.013+0000] {dag.py:3096} INFO - Sync 2 DAGs
[2024-05-22T06:43:48.015+0000] {logging_mixin.py:188} INFO - [2024-05-22T06:43:48.015+0000] {dag.py:3954} INFO - Setting next_dagrun for example_subdag_operator.section-1 to None, run_after=None
[2024-05-22T06:43:48.015+0000] {logging_mixin.py:188} INFO - [2024-05-22T06:43:48.015+0000] {dag.py:3954} INFO - Setting next_dagrun for example_subdag_operator.section-2 to None, run_after=None
[2024-05-22T06:43:48.020+0000] {processor.py:183} INFO - Processing /home/airflow/.local/lib/python3.12/site-packages/airflow/example_dags/example_subdag_operator.py took 0.043 seconds
[2024-05-22T07:00:24.572+0000] {processor.py:161} INFO - Started process (PID=30383) to work on /home/airflow/.local/lib/python3.12/site-packages/airflow/example_dags/example_subdag_operator.py
[2024-05-22T07:00:24.572+0000] {processor.py:830} INFO - Processing file /home/airflow/.local/lib/python3.12/site-packages/airflow/example_dags/example_subdag_operator.py for tasks to queue
[2024-05-22T07:00:24.573+0000] {logging_mixin.py:188} INFO - [2024-05-22T07:00:24.573+0000] {dagbag.py:545} INFO - Filling up the DagBag from /home/airflow/.local/lib/python3.12/site-packages/airflow/example_dags/example_subdag_operator.py
[2024-05-22T07:00:24.582+0000] {processor.py:840} INFO - DAG(s) 'example_subdag_operator.section-1', 'example_subdag_operator.section-2', 'example_subdag_operator' retrieved from /home/airflow/.local/lib/python3.12/site-packages/airflow/example_dags/example_subdag_operator.py
[2024-05-22T07:00:24.589+0000] {logging_mixin.py:188} INFO - [2024-05-22T07:00:24.589+0000] {dag.py:3096} INFO - Sync 3 DAGs
[2024-05-22T07:00:24.599+0000] {logging_mixin.py:188} INFO - [2024-05-22T07:00:24.599+0000] {dag.py:3954} INFO - Setting next_dagrun for example_subdag_operator to 2022-01-01 00:00:00+00:00, run_after=2022-01-01 00:00:00+00:00
[2024-05-22T07:00:24.600+0000] {logging_mixin.py:188} INFO - [2024-05-22T07:00:24.600+0000] {dag.py:3954} INFO - Setting next_dagrun for example_subdag_operator.section-1 to None, run_after=None
[2024-05-22T07:00:24.601+0000] {logging_mixin.py:188} INFO - [2024-05-22T07:00:24.601+0000] {dag.py:3954} INFO - Setting next_dagrun for example_subdag_operator.section-2 to None, run_after=None
[2024-05-22T07:00:24.604+0000] {logging_mixin.py:188} INFO - [2024-05-22T07:00:24.604+0000] {dag.py:3096} INFO - Sync 2 DAGs
[2024-05-22T07:00:24.606+0000] {logging_mixin.py:188} INFO - [2024-05-22T07:00:24.606+0000] {dag.py:3954} INFO - Setting next_dagrun for example_subdag_operator.section-1 to None, run_after=None
[2024-05-22T07:00:24.606+0000] {logging_mixin.py:188} INFO - [2024-05-22T07:00:24.606+0000] {dag.py:3954} INFO - Setting next_dagrun for example_subdag_operator.section-2 to None, run_after=None
[2024-05-22T07:00:24.609+0000] {processor.py:183} INFO - Processing /home/airflow/.local/lib/python3.12/site-packages/airflow/example_dags/example_subdag_operator.py took 0.040 seconds
[2024-05-22T07:34:45.958+0000] {processor.py:161} INFO - Started process (PID=30441) to work on /home/airflow/.local/lib/python3.12/site-packages/airflow/example_dags/example_subdag_operator.py
[2024-05-22T07:34:45.959+0000] {processor.py:830} INFO - Processing file /home/airflow/.local/lib/python3.12/site-packages/airflow/example_dags/example_subdag_operator.py for tasks to queue
[2024-05-22T07:34:45.960+0000] {logging_mixin.py:188} INFO - [2024-05-22T07:34:45.960+0000] {dagbag.py:545} INFO - Filling up the DagBag from /home/airflow/.local/lib/python3.12/site-packages/airflow/example_dags/example_subdag_operator.py
[2024-05-22T07:34:45.973+0000] {processor.py:840} INFO - DAG(s) 'example_subdag_operator.section-1', 'example_subdag_operator.section-2', 'example_subdag_operator' retrieved from /home/airflow/.local/lib/python3.12/site-packages/airflow/example_dags/example_subdag_operator.py
[2024-05-22T07:34:45.981+0000] {logging_mixin.py:188} INFO - [2024-05-22T07:34:45.981+0000] {dag.py:3096} INFO - Sync 3 DAGs
[2024-05-22T07:34:45.994+0000] {logging_mixin.py:188} INFO - [2024-05-22T07:34:45.994+0000] {dag.py:3954} INFO - Setting next_dagrun for example_subdag_operator to 2022-01-01 00:00:00+00:00, run_after=2022-01-01 00:00:00+00:00
[2024-05-22T07:34:45.996+0000] {logging_mixin.py:188} INFO - [2024-05-22T07:34:45.996+0000] {dag.py:3954} INFO - Setting next_dagrun for example_subdag_operator.section-1 to None, run_after=None
[2024-05-22T07:34:45.997+0000] {logging_mixin.py:188} INFO - [2024-05-22T07:34:45.997+0000] {dag.py:3954} INFO - Setting next_dagrun for example_subdag_operator.section-2 to None, run_after=None
[2024-05-22T07:34:46.001+0000] {logging_mixin.py:188} INFO - [2024-05-22T07:34:46.001+0000] {dag.py:3096} INFO - Sync 2 DAGs
[2024-05-22T07:34:46.004+0000] {logging_mixin.py:188} INFO - [2024-05-22T07:34:46.004+0000] {dag.py:3954} INFO - Setting next_dagrun for example_subdag_operator.section-1 to None, run_after=None
[2024-05-22T07:34:46.005+0000] {logging_mixin.py:188} INFO - [2024-05-22T07:34:46.005+0000] {dag.py:3954} INFO - Setting next_dagrun for example_subdag_operator.section-2 to None, run_after=None
[2024-05-22T07:34:46.009+0000] {processor.py:183} INFO - Processing /home/airflow/.local/lib/python3.12/site-packages/airflow/example_dags/example_subdag_operator.py took 0.054 seconds
