[2024-05-22T01:00:14.755+0000] {processor.py:161} INFO - Started process (PID=29679) to work on /home/airflow/.local/lib/python3.12/site-packages/airflow/example_dags/example_complex.py
[2024-05-22T01:00:14.755+0000] {processor.py:830} INFO - Processing file /home/airflow/.local/lib/python3.12/site-packages/airflow/example_dags/example_complex.py for tasks to queue
[2024-05-22T01:00:14.756+0000] {logging_mixin.py:188} INFO - [2024-05-22T01:00:14.756+0000] {dagbag.py:545} INFO - Filling up the DagBag from /home/airflow/.local/lib/python3.12/site-packages/airflow/example_dags/example_complex.py
[2024-05-22T01:00:14.760+0000] {processor.py:840} INFO - DAG(s) 'example_complex' retrieved from /home/airflow/.local/lib/python3.12/site-packages/airflow/example_dags/example_complex.py
[2024-05-22T01:00:14.773+0000] {logging_mixin.py:188} INFO - [2024-05-22T01:00:14.772+0000] {dag.py:3096} INFO - Sync 1 DAGs
[2024-05-22T01:00:14.778+0000] {logging_mixin.py:188} INFO - [2024-05-22T01:00:14.778+0000] {dag.py:3954} INFO - Setting next_dagrun for example_complex to None, run_after=None
[2024-05-22T01:00:14.785+0000] {processor.py:183} INFO - Processing /home/airflow/.local/lib/python3.12/site-packages/airflow/example_dags/example_complex.py took 0.033 seconds
[2024-05-22T02:26:34.809+0000] {processor.py:161} INFO - Started process (PID=29737) to work on /home/airflow/.local/lib/python3.12/site-packages/airflow/example_dags/example_complex.py
[2024-05-22T02:26:34.809+0000] {processor.py:830} INFO - Processing file /home/airflow/.local/lib/python3.12/site-packages/airflow/example_dags/example_complex.py for tasks to queue
[2024-05-22T02:26:34.810+0000] {logging_mixin.py:188} INFO - [2024-05-22T02:26:34.810+0000] {dagbag.py:545} INFO - Filling up the DagBag from /home/airflow/.local/lib/python3.12/site-packages/airflow/example_dags/example_complex.py
[2024-05-22T02:26:34.814+0000] {processor.py:840} INFO - DAG(s) 'example_complex' retrieved from /home/airflow/.local/lib/python3.12/site-packages/airflow/example_dags/example_complex.py
[2024-05-22T02:26:34.827+0000] {logging_mixin.py:188} INFO - [2024-05-22T02:26:34.827+0000] {dag.py:3096} INFO - Sync 1 DAGs
[2024-05-22T02:26:34.833+0000] {logging_mixin.py:188} INFO - [2024-05-22T02:26:34.833+0000] {dag.py:3954} INFO - Setting next_dagrun for example_complex to None, run_after=None
[2024-05-22T02:26:34.840+0000] {processor.py:183} INFO - Processing /home/airflow/.local/lib/python3.12/site-packages/airflow/example_dags/example_complex.py took 0.034 seconds
[2024-05-22T02:27:05.552+0000] {processor.py:161} INFO - Started process (PID=29795) to work on /home/airflow/.local/lib/python3.12/site-packages/airflow/example_dags/example_complex.py
[2024-05-22T02:27:05.553+0000] {processor.py:830} INFO - Processing file /home/airflow/.local/lib/python3.12/site-packages/airflow/example_dags/example_complex.py for tasks to queue
[2024-05-22T02:27:05.553+0000] {logging_mixin.py:188} INFO - [2024-05-22T02:27:05.553+0000] {dagbag.py:545} INFO - Filling up the DagBag from /home/airflow/.local/lib/python3.12/site-packages/airflow/example_dags/example_complex.py
[2024-05-22T02:27:05.557+0000] {processor.py:840} INFO - DAG(s) 'example_complex' retrieved from /home/airflow/.local/lib/python3.12/site-packages/airflow/example_dags/example_complex.py
[2024-05-22T02:27:05.571+0000] {logging_mixin.py:188} INFO - [2024-05-22T02:27:05.571+0000] {dag.py:3096} INFO - Sync 1 DAGs
[2024-05-22T02:27:05.576+0000] {logging_mixin.py:188} INFO - [2024-05-22T02:27:05.576+0000] {dag.py:3954} INFO - Setting next_dagrun for example_complex to None, run_after=None
[2024-05-22T02:27:05.584+0000] {processor.py:183} INFO - Processing /home/airflow/.local/lib/python3.12/site-packages/airflow/example_dags/example_complex.py took 0.034 seconds
[2024-05-22T03:16:29.667+0000] {processor.py:161} INFO - Started process (PID=29853) to work on /home/airflow/.local/lib/python3.12/site-packages/airflow/example_dags/example_complex.py
[2024-05-22T03:16:29.668+0000] {processor.py:830} INFO - Processing file /home/airflow/.local/lib/python3.12/site-packages/airflow/example_dags/example_complex.py for tasks to queue
[2024-05-22T03:16:29.668+0000] {logging_mixin.py:188} INFO - [2024-05-22T03:16:29.668+0000] {dagbag.py:545} INFO - Filling up the DagBag from /home/airflow/.local/lib/python3.12/site-packages/airflow/example_dags/example_complex.py
[2024-05-22T03:16:29.673+0000] {processor.py:840} INFO - DAG(s) 'example_complex' retrieved from /home/airflow/.local/lib/python3.12/site-packages/airflow/example_dags/example_complex.py
[2024-05-22T03:16:29.685+0000] {logging_mixin.py:188} INFO - [2024-05-22T03:16:29.685+0000] {dag.py:3096} INFO - Sync 1 DAGs
[2024-05-22T03:16:29.691+0000] {logging_mixin.py:188} INFO - [2024-05-22T03:16:29.691+0000] {dag.py:3954} INFO - Setting next_dagrun for example_complex to None, run_after=None
[2024-05-22T03:16:29.699+0000] {processor.py:183} INFO - Processing /home/airflow/.local/lib/python3.12/site-packages/airflow/example_dags/example_complex.py took 0.035 seconds
[2024-05-22T04:42:09.088+0000] {processor.py:161} INFO - Started process (PID=29911) to work on /home/airflow/.local/lib/python3.12/site-packages/airflow/example_dags/example_complex.py
[2024-05-22T04:42:09.089+0000] {processor.py:830} INFO - Processing file /home/airflow/.local/lib/python3.12/site-packages/airflow/example_dags/example_complex.py for tasks to queue
[2024-05-22T04:42:09.090+0000] {logging_mixin.py:188} INFO - [2024-05-22T04:42:09.090+0000] {dagbag.py:545} INFO - Filling up the DagBag from /home/airflow/.local/lib/python3.12/site-packages/airflow/example_dags/example_complex.py
[2024-05-22T04:42:09.094+0000] {processor.py:840} INFO - DAG(s) 'example_complex' retrieved from /home/airflow/.local/lib/python3.12/site-packages/airflow/example_dags/example_complex.py
[2024-05-22T04:42:09.106+0000] {logging_mixin.py:188} INFO - [2024-05-22T04:42:09.106+0000] {dag.py:3096} INFO - Sync 1 DAGs
[2024-05-22T04:42:09.111+0000] {logging_mixin.py:188} INFO - [2024-05-22T04:42:09.111+0000] {dag.py:3954} INFO - Setting next_dagrun for example_complex to None, run_after=None
[2024-05-22T04:42:09.119+0000] {processor.py:183} INFO - Processing /home/airflow/.local/lib/python3.12/site-packages/airflow/example_dags/example_complex.py took 0.033 seconds
[2024-05-22T04:42:39.608+0000] {processor.py:161} INFO - Started process (PID=29969) to work on /home/airflow/.local/lib/python3.12/site-packages/airflow/example_dags/example_complex.py
[2024-05-22T04:42:39.608+0000] {processor.py:830} INFO - Processing file /home/airflow/.local/lib/python3.12/site-packages/airflow/example_dags/example_complex.py for tasks to queue
[2024-05-22T04:42:39.609+0000] {logging_mixin.py:188} INFO - [2024-05-22T04:42:39.609+0000] {dagbag.py:545} INFO - Filling up the DagBag from /home/airflow/.local/lib/python3.12/site-packages/airflow/example_dags/example_complex.py
[2024-05-22T04:42:39.613+0000] {processor.py:840} INFO - DAG(s) 'example_complex' retrieved from /home/airflow/.local/lib/python3.12/site-packages/airflow/example_dags/example_complex.py
[2024-05-22T04:42:39.625+0000] {logging_mixin.py:188} INFO - [2024-05-22T04:42:39.625+0000] {dag.py:3096} INFO - Sync 1 DAGs
[2024-05-22T04:42:39.630+0000] {logging_mixin.py:188} INFO - [2024-05-22T04:42:39.630+0000] {dag.py:3954} INFO - Setting next_dagrun for example_complex to None, run_after=None
[2024-05-22T04:42:39.637+0000] {processor.py:183} INFO - Processing /home/airflow/.local/lib/python3.12/site-packages/airflow/example_dags/example_complex.py took 0.032 seconds
[2024-05-22T05:33:34.028+0000] {processor.py:161} INFO - Started process (PID=30027) to work on /home/airflow/.local/lib/python3.12/site-packages/airflow/example_dags/example_complex.py
[2024-05-22T05:33:34.029+0000] {processor.py:830} INFO - Processing file /home/airflow/.local/lib/python3.12/site-packages/airflow/example_dags/example_complex.py for tasks to queue
[2024-05-22T05:33:34.030+0000] {logging_mixin.py:188} INFO - [2024-05-22T05:33:34.030+0000] {dagbag.py:545} INFO - Filling up the DagBag from /home/airflow/.local/lib/python3.12/site-packages/airflow/example_dags/example_complex.py
[2024-05-22T05:33:34.034+0000] {processor.py:840} INFO - DAG(s) 'example_complex' retrieved from /home/airflow/.local/lib/python3.12/site-packages/airflow/example_dags/example_complex.py
[2024-05-22T05:33:34.047+0000] {logging_mixin.py:188} INFO - [2024-05-22T05:33:34.047+0000] {dag.py:3096} INFO - Sync 1 DAGs
[2024-05-22T05:33:34.052+0000] {logging_mixin.py:188} INFO - [2024-05-22T05:33:34.052+0000] {dag.py:3954} INFO - Setting next_dagrun for example_complex to None, run_after=None
[2024-05-22T05:33:34.059+0000] {processor.py:183} INFO - Processing /home/airflow/.local/lib/python3.12/site-packages/airflow/example_dags/example_complex.py took 0.034 seconds
[2024-05-22T05:54:39.174+0000] {processor.py:161} INFO - Started process (PID=30085) to work on /home/airflow/.local/lib/python3.12/site-packages/airflow/example_dags/example_complex.py
[2024-05-22T05:54:39.175+0000] {processor.py:830} INFO - Processing file /home/airflow/.local/lib/python3.12/site-packages/airflow/example_dags/example_complex.py for tasks to queue
[2024-05-22T05:54:39.176+0000] {logging_mixin.py:188} INFO - [2024-05-22T05:54:39.176+0000] {dagbag.py:545} INFO - Filling up the DagBag from /home/airflow/.local/lib/python3.12/site-packages/airflow/example_dags/example_complex.py
[2024-05-22T05:54:39.181+0000] {processor.py:840} INFO - DAG(s) 'example_complex' retrieved from /home/airflow/.local/lib/python3.12/site-packages/airflow/example_dags/example_complex.py
[2024-05-22T05:54:39.194+0000] {logging_mixin.py:188} INFO - [2024-05-22T05:54:39.194+0000] {dag.py:3096} INFO - Sync 1 DAGs
[2024-05-22T05:54:39.199+0000] {logging_mixin.py:188} INFO - [2024-05-22T05:54:39.199+0000] {dag.py:3954} INFO - Setting next_dagrun for example_complex to None, run_after=None
[2024-05-22T05:54:39.207+0000] {processor.py:183} INFO - Processing /home/airflow/.local/lib/python3.12/site-packages/airflow/example_dags/example_complex.py took 0.036 seconds
[2024-05-22T06:02:12.366+0000] {processor.py:161} INFO - Started process (PID=30143) to work on /home/airflow/.local/lib/python3.12/site-packages/airflow/example_dags/example_complex.py
[2024-05-22T06:02:12.368+0000] {processor.py:830} INFO - Processing file /home/airflow/.local/lib/python3.12/site-packages/airflow/example_dags/example_complex.py for tasks to queue
[2024-05-22T06:02:12.369+0000] {logging_mixin.py:188} INFO - [2024-05-22T06:02:12.368+0000] {dagbag.py:545} INFO - Filling up the DagBag from /home/airflow/.local/lib/python3.12/site-packages/airflow/example_dags/example_complex.py
[2024-05-22T06:02:12.373+0000] {processor.py:840} INFO - DAG(s) 'example_complex' retrieved from /home/airflow/.local/lib/python3.12/site-packages/airflow/example_dags/example_complex.py
[2024-05-22T06:02:12.386+0000] {logging_mixin.py:188} INFO - [2024-05-22T06:02:12.386+0000] {dag.py:3096} INFO - Sync 1 DAGs
[2024-05-22T06:02:12.391+0000] {logging_mixin.py:188} INFO - [2024-05-22T06:02:12.391+0000] {dag.py:3954} INFO - Setting next_dagrun for example_complex to None, run_after=None
[2024-05-22T06:02:12.398+0000] {processor.py:183} INFO - Processing /home/airflow/.local/lib/python3.12/site-packages/airflow/example_dags/example_complex.py took 0.035 seconds
[2024-05-22T06:02:42.918+0000] {processor.py:161} INFO - Started process (PID=30201) to work on /home/airflow/.local/lib/python3.12/site-packages/airflow/example_dags/example_complex.py
[2024-05-22T06:02:42.919+0000] {processor.py:830} INFO - Processing file /home/airflow/.local/lib/python3.12/site-packages/airflow/example_dags/example_complex.py for tasks to queue
[2024-05-22T06:02:42.920+0000] {logging_mixin.py:188} INFO - [2024-05-22T06:02:42.920+0000] {dagbag.py:545} INFO - Filling up the DagBag from /home/airflow/.local/lib/python3.12/site-packages/airflow/example_dags/example_complex.py
[2024-05-22T06:02:42.925+0000] {processor.py:840} INFO - DAG(s) 'example_complex' retrieved from /home/airflow/.local/lib/python3.12/site-packages/airflow/example_dags/example_complex.py
[2024-05-22T06:02:42.938+0000] {logging_mixin.py:188} INFO - [2024-05-22T06:02:42.938+0000] {dag.py:3096} INFO - Sync 1 DAGs
[2024-05-22T06:02:42.946+0000] {logging_mixin.py:188} INFO - [2024-05-22T06:02:42.946+0000] {dag.py:3954} INFO - Setting next_dagrun for example_complex to None, run_after=None
[2024-05-22T06:02:42.953+0000] {processor.py:183} INFO - Processing /home/airflow/.local/lib/python3.12/site-packages/airflow/example_dags/example_complex.py took 0.038 seconds
[2024-05-22T06:43:17.182+0000] {processor.py:161} INFO - Started process (PID=30259) to work on /home/airflow/.local/lib/python3.12/site-packages/airflow/example_dags/example_complex.py
[2024-05-22T06:43:17.182+0000] {processor.py:830} INFO - Processing file /home/airflow/.local/lib/python3.12/site-packages/airflow/example_dags/example_complex.py for tasks to queue
[2024-05-22T06:43:17.183+0000] {logging_mixin.py:188} INFO - [2024-05-22T06:43:17.183+0000] {dagbag.py:545} INFO - Filling up the DagBag from /home/airflow/.local/lib/python3.12/site-packages/airflow/example_dags/example_complex.py
[2024-05-22T06:43:17.188+0000] {processor.py:840} INFO - DAG(s) 'example_complex' retrieved from /home/airflow/.local/lib/python3.12/site-packages/airflow/example_dags/example_complex.py
[2024-05-22T06:43:17.200+0000] {logging_mixin.py:188} INFO - [2024-05-22T06:43:17.200+0000] {dag.py:3096} INFO - Sync 1 DAGs
[2024-05-22T06:43:17.205+0000] {logging_mixin.py:188} INFO - [2024-05-22T06:43:17.205+0000] {dag.py:3954} INFO - Setting next_dagrun for example_complex to None, run_after=None
[2024-05-22T06:43:17.213+0000] {processor.py:183} INFO - Processing /home/airflow/.local/lib/python3.12/site-packages/airflow/example_dags/example_complex.py took 0.034 seconds
[2024-05-22T06:43:47.762+0000] {processor.py:161} INFO - Started process (PID=30317) to work on /home/airflow/.local/lib/python3.12/site-packages/airflow/example_dags/example_complex.py
[2024-05-22T06:43:47.763+0000] {processor.py:830} INFO - Processing file /home/airflow/.local/lib/python3.12/site-packages/airflow/example_dags/example_complex.py for tasks to queue
[2024-05-22T06:43:47.764+0000] {logging_mixin.py:188} INFO - [2024-05-22T06:43:47.764+0000] {dagbag.py:545} INFO - Filling up the DagBag from /home/airflow/.local/lib/python3.12/site-packages/airflow/example_dags/example_complex.py
[2024-05-22T06:43:47.768+0000] {processor.py:840} INFO - DAG(s) 'example_complex' retrieved from /home/airflow/.local/lib/python3.12/site-packages/airflow/example_dags/example_complex.py
[2024-05-22T06:43:47.780+0000] {logging_mixin.py:188} INFO - [2024-05-22T06:43:47.780+0000] {dag.py:3096} INFO - Sync 1 DAGs
[2024-05-22T06:43:47.785+0000] {logging_mixin.py:188} INFO - [2024-05-22T06:43:47.785+0000] {dag.py:3954} INFO - Setting next_dagrun for example_complex to None, run_after=None
[2024-05-22T06:43:47.792+0000] {processor.py:183} INFO - Processing /home/airflow/.local/lib/python3.12/site-packages/airflow/example_dags/example_complex.py took 0.032 seconds
[2024-05-22T07:00:24.284+0000] {processor.py:161} INFO - Started process (PID=30374) to work on /home/airflow/.local/lib/python3.12/site-packages/airflow/example_dags/example_complex.py
[2024-05-22T07:00:24.284+0000] {processor.py:830} INFO - Processing file /home/airflow/.local/lib/python3.12/site-packages/airflow/example_dags/example_complex.py for tasks to queue
[2024-05-22T07:00:24.285+0000] {logging_mixin.py:188} INFO - [2024-05-22T07:00:24.285+0000] {dagbag.py:545} INFO - Filling up the DagBag from /home/airflow/.local/lib/python3.12/site-packages/airflow/example_dags/example_complex.py
[2024-05-22T07:00:24.290+0000] {processor.py:840} INFO - DAG(s) 'example_complex' retrieved from /home/airflow/.local/lib/python3.12/site-packages/airflow/example_dags/example_complex.py
[2024-05-22T07:00:24.305+0000] {logging_mixin.py:188} INFO - [2024-05-22T07:00:24.304+0000] {dag.py:3096} INFO - Sync 1 DAGs
[2024-05-22T07:00:24.311+0000] {logging_mixin.py:188} INFO - [2024-05-22T07:00:24.311+0000] {dag.py:3954} INFO - Setting next_dagrun for example_complex to None, run_after=None
[2024-05-22T07:00:24.320+0000] {processor.py:183} INFO - Processing /home/airflow/.local/lib/python3.12/site-packages/airflow/example_dags/example_complex.py took 0.040 seconds
[2024-05-22T07:34:45.652+0000] {processor.py:161} INFO - Started process (PID=30432) to work on /home/airflow/.local/lib/python3.12/site-packages/airflow/example_dags/example_complex.py
[2024-05-22T07:34:45.652+0000] {processor.py:830} INFO - Processing file /home/airflow/.local/lib/python3.12/site-packages/airflow/example_dags/example_complex.py for tasks to queue
[2024-05-22T07:34:45.654+0000] {logging_mixin.py:188} INFO - [2024-05-22T07:34:45.654+0000] {dagbag.py:545} INFO - Filling up the DagBag from /home/airflow/.local/lib/python3.12/site-packages/airflow/example_dags/example_complex.py
[2024-05-22T07:34:45.659+0000] {processor.py:840} INFO - DAG(s) 'example_complex' retrieved from /home/airflow/.local/lib/python3.12/site-packages/airflow/example_dags/example_complex.py
[2024-05-22T07:34:45.672+0000] {logging_mixin.py:188} INFO - [2024-05-22T07:34:45.672+0000] {dag.py:3096} INFO - Sync 1 DAGs
[2024-05-22T07:34:45.679+0000] {logging_mixin.py:188} INFO - [2024-05-22T07:34:45.679+0000] {dag.py:3954} INFO - Setting next_dagrun for example_complex to None, run_after=None
[2024-05-22T07:34:45.687+0000] {processor.py:183} INFO - Processing /home/airflow/.local/lib/python3.12/site-packages/airflow/example_dags/example_complex.py took 0.039 seconds
