[2024-05-22T01:00:14.979+0000] {processor.py:161} INFO - Started process (PID=29687) to work on /home/airflow/.local/lib/python3.12/site-packages/airflow/example_dags/example_short_circuit_operator.py
[2024-05-22T01:00:14.980+0000] {processor.py:830} INFO - Processing file /home/airflow/.local/lib/python3.12/site-packages/airflow/example_dags/example_short_circuit_operator.py for tasks to queue
[2024-05-22T01:00:14.980+0000] {logging_mixin.py:188} INFO - [2024-05-22T01:00:14.980+0000] {dagbag.py:545} INFO - Filling up the DagBag from /home/airflow/.local/lib/python3.12/site-packages/airflow/example_dags/example_short_circuit_operator.py
[2024-05-22T01:00:14.984+0000] {processor.py:840} INFO - DAG(s) 'example_short_circuit_operator' retrieved from /home/airflow/.local/lib/python3.12/site-packages/airflow/example_dags/example_short_circuit_operator.py
[2024-05-22T01:00:14.997+0000] {logging_mixin.py:188} INFO - [2024-05-22T01:00:14.997+0000] {dag.py:3096} INFO - Sync 1 DAGs
[2024-05-22T01:00:15.006+0000] {logging_mixin.py:188} INFO - [2024-05-22T01:00:15.005+0000] {dag.py:3954} INFO - Setting next_dagrun for example_short_circuit_operator to 2024-05-21 00:00:00+00:00, run_after=2024-05-22 00:00:00+00:00
[2024-05-22T01:00:15.013+0000] {processor.py:183} INFO - Processing /home/airflow/.local/lib/python3.12/site-packages/airflow/example_dags/example_short_circuit_operator.py took 0.036 seconds
[2024-05-22T02:26:34.979+0000] {processor.py:161} INFO - Started process (PID=29745) to work on /home/airflow/.local/lib/python3.12/site-packages/airflow/example_dags/example_short_circuit_operator.py
[2024-05-22T02:26:34.980+0000] {processor.py:830} INFO - Processing file /home/airflow/.local/lib/python3.12/site-packages/airflow/example_dags/example_short_circuit_operator.py for tasks to queue
[2024-05-22T02:26:34.980+0000] {logging_mixin.py:188} INFO - [2024-05-22T02:26:34.980+0000] {dagbag.py:545} INFO - Filling up the DagBag from /home/airflow/.local/lib/python3.12/site-packages/airflow/example_dags/example_short_circuit_operator.py
[2024-05-22T02:26:34.983+0000] {processor.py:840} INFO - DAG(s) 'example_short_circuit_operator' retrieved from /home/airflow/.local/lib/python3.12/site-packages/airflow/example_dags/example_short_circuit_operator.py
[2024-05-22T02:26:34.992+0000] {logging_mixin.py:188} INFO - [2024-05-22T02:26:34.992+0000] {dag.py:3096} INFO - Sync 1 DAGs
[2024-05-22T02:26:35.000+0000] {logging_mixin.py:188} INFO - [2024-05-22T02:26:35.000+0000] {dag.py:3954} INFO - Setting next_dagrun for example_short_circuit_operator to 2024-05-21 00:00:00+00:00, run_after=2024-05-22 00:00:00+00:00
[2024-05-22T02:26:35.007+0000] {processor.py:183} INFO - Processing /home/airflow/.local/lib/python3.12/site-packages/airflow/example_dags/example_short_circuit_operator.py took 0.030 seconds
[2024-05-22T02:27:05.722+0000] {processor.py:161} INFO - Started process (PID=29803) to work on /home/airflow/.local/lib/python3.12/site-packages/airflow/example_dags/example_short_circuit_operator.py
[2024-05-22T02:27:05.723+0000] {processor.py:830} INFO - Processing file /home/airflow/.local/lib/python3.12/site-packages/airflow/example_dags/example_short_circuit_operator.py for tasks to queue
[2024-05-22T02:27:05.724+0000] {logging_mixin.py:188} INFO - [2024-05-22T02:27:05.724+0000] {dagbag.py:545} INFO - Filling up the DagBag from /home/airflow/.local/lib/python3.12/site-packages/airflow/example_dags/example_short_circuit_operator.py
[2024-05-22T02:27:05.728+0000] {processor.py:840} INFO - DAG(s) 'example_short_circuit_operator' retrieved from /home/airflow/.local/lib/python3.12/site-packages/airflow/example_dags/example_short_circuit_operator.py
[2024-05-22T02:27:05.738+0000] {logging_mixin.py:188} INFO - [2024-05-22T02:27:05.738+0000] {dag.py:3096} INFO - Sync 1 DAGs
[2024-05-22T02:27:05.747+0000] {logging_mixin.py:188} INFO - [2024-05-22T02:27:05.747+0000] {dag.py:3954} INFO - Setting next_dagrun for example_short_circuit_operator to 2024-05-21 00:00:00+00:00, run_after=2024-05-22 00:00:00+00:00
[2024-05-22T02:27:05.754+0000] {processor.py:183} INFO - Processing /home/airflow/.local/lib/python3.12/site-packages/airflow/example_dags/example_short_circuit_operator.py took 0.035 seconds
[2024-05-22T03:16:29.851+0000] {processor.py:161} INFO - Started process (PID=29861) to work on /home/airflow/.local/lib/python3.12/site-packages/airflow/example_dags/example_short_circuit_operator.py
[2024-05-22T03:16:29.852+0000] {processor.py:830} INFO - Processing file /home/airflow/.local/lib/python3.12/site-packages/airflow/example_dags/example_short_circuit_operator.py for tasks to queue
[2024-05-22T03:16:29.852+0000] {logging_mixin.py:188} INFO - [2024-05-22T03:16:29.852+0000] {dagbag.py:545} INFO - Filling up the DagBag from /home/airflow/.local/lib/python3.12/site-packages/airflow/example_dags/example_short_circuit_operator.py
[2024-05-22T03:16:29.855+0000] {processor.py:840} INFO - DAG(s) 'example_short_circuit_operator' retrieved from /home/airflow/.local/lib/python3.12/site-packages/airflow/example_dags/example_short_circuit_operator.py
[2024-05-22T03:16:29.865+0000] {logging_mixin.py:188} INFO - [2024-05-22T03:16:29.865+0000] {dag.py:3096} INFO - Sync 1 DAGs
[2024-05-22T03:16:29.874+0000] {logging_mixin.py:188} INFO - [2024-05-22T03:16:29.874+0000] {dag.py:3954} INFO - Setting next_dagrun for example_short_circuit_operator to 2024-05-21 00:00:00+00:00, run_after=2024-05-22 00:00:00+00:00
[2024-05-22T03:16:29.881+0000] {processor.py:183} INFO - Processing /home/airflow/.local/lib/python3.12/site-packages/airflow/example_dags/example_short_circuit_operator.py took 0.032 seconds
[2024-05-22T04:42:09.316+0000] {processor.py:161} INFO - Started process (PID=29919) to work on /home/airflow/.local/lib/python3.12/site-packages/airflow/example_dags/example_short_circuit_operator.py
[2024-05-22T04:42:09.316+0000] {processor.py:830} INFO - Processing file /home/airflow/.local/lib/python3.12/site-packages/airflow/example_dags/example_short_circuit_operator.py for tasks to queue
[2024-05-22T04:42:09.317+0000] {logging_mixin.py:188} INFO - [2024-05-22T04:42:09.317+0000] {dagbag.py:545} INFO - Filling up the DagBag from /home/airflow/.local/lib/python3.12/site-packages/airflow/example_dags/example_short_circuit_operator.py
[2024-05-22T04:42:09.321+0000] {processor.py:840} INFO - DAG(s) 'example_short_circuit_operator' retrieved from /home/airflow/.local/lib/python3.12/site-packages/airflow/example_dags/example_short_circuit_operator.py
[2024-05-22T04:42:09.336+0000] {logging_mixin.py:188} INFO - [2024-05-22T04:42:09.336+0000] {dag.py:3096} INFO - Sync 1 DAGs
[2024-05-22T04:42:09.345+0000] {logging_mixin.py:188} INFO - [2024-05-22T04:42:09.345+0000] {dag.py:3954} INFO - Setting next_dagrun for example_short_circuit_operator to 2024-05-21 00:00:00+00:00, run_after=2024-05-22 00:00:00+00:00
[2024-05-22T04:42:09.353+0000] {processor.py:183} INFO - Processing /home/airflow/.local/lib/python3.12/site-packages/airflow/example_dags/example_short_circuit_operator.py took 0.040 seconds
[2024-05-22T04:42:39.815+0000] {processor.py:161} INFO - Started process (PID=29977) to work on /home/airflow/.local/lib/python3.12/site-packages/airflow/example_dags/example_short_circuit_operator.py
[2024-05-22T04:42:39.815+0000] {processor.py:830} INFO - Processing file /home/airflow/.local/lib/python3.12/site-packages/airflow/example_dags/example_short_circuit_operator.py for tasks to queue
[2024-05-22T04:42:39.816+0000] {logging_mixin.py:188} INFO - [2024-05-22T04:42:39.816+0000] {dagbag.py:545} INFO - Filling up the DagBag from /home/airflow/.local/lib/python3.12/site-packages/airflow/example_dags/example_short_circuit_operator.py
[2024-05-22T04:42:39.819+0000] {processor.py:840} INFO - DAG(s) 'example_short_circuit_operator' retrieved from /home/airflow/.local/lib/python3.12/site-packages/airflow/example_dags/example_short_circuit_operator.py
[2024-05-22T04:42:39.829+0000] {logging_mixin.py:188} INFO - [2024-05-22T04:42:39.828+0000] {dag.py:3096} INFO - Sync 1 DAGs
[2024-05-22T04:42:39.836+0000] {logging_mixin.py:188} INFO - [2024-05-22T04:42:39.836+0000] {dag.py:3954} INFO - Setting next_dagrun for example_short_circuit_operator to 2024-05-21 00:00:00+00:00, run_after=2024-05-22 00:00:00+00:00
[2024-05-22T04:42:39.843+0000] {processor.py:183} INFO - Processing /home/airflow/.local/lib/python3.12/site-packages/airflow/example_dags/example_short_circuit_operator.py took 0.030 seconds
[2024-05-22T05:33:34.228+0000] {processor.py:161} INFO - Started process (PID=30035) to work on /home/airflow/.local/lib/python3.12/site-packages/airflow/example_dags/example_short_circuit_operator.py
[2024-05-22T05:33:34.229+0000] {processor.py:830} INFO - Processing file /home/airflow/.local/lib/python3.12/site-packages/airflow/example_dags/example_short_circuit_operator.py for tasks to queue
[2024-05-22T05:33:34.230+0000] {logging_mixin.py:188} INFO - [2024-05-22T05:33:34.229+0000] {dagbag.py:545} INFO - Filling up the DagBag from /home/airflow/.local/lib/python3.12/site-packages/airflow/example_dags/example_short_circuit_operator.py
[2024-05-22T05:33:34.233+0000] {processor.py:840} INFO - DAG(s) 'example_short_circuit_operator' retrieved from /home/airflow/.local/lib/python3.12/site-packages/airflow/example_dags/example_short_circuit_operator.py
[2024-05-22T05:33:34.242+0000] {logging_mixin.py:188} INFO - [2024-05-22T05:33:34.242+0000] {dag.py:3096} INFO - Sync 1 DAGs
[2024-05-22T05:33:34.251+0000] {logging_mixin.py:188} INFO - [2024-05-22T05:33:34.251+0000] {dag.py:3954} INFO - Setting next_dagrun for example_short_circuit_operator to 2024-05-21 00:00:00+00:00, run_after=2024-05-22 00:00:00+00:00
[2024-05-22T05:33:34.258+0000] {processor.py:183} INFO - Processing /home/airflow/.local/lib/python3.12/site-packages/airflow/example_dags/example_short_circuit_operator.py took 0.033 seconds
[2024-05-22T05:54:39.349+0000] {processor.py:161} INFO - Started process (PID=30093) to work on /home/airflow/.local/lib/python3.12/site-packages/airflow/example_dags/example_short_circuit_operator.py
[2024-05-22T05:54:39.350+0000] {processor.py:830} INFO - Processing file /home/airflow/.local/lib/python3.12/site-packages/airflow/example_dags/example_short_circuit_operator.py for tasks to queue
[2024-05-22T05:54:39.350+0000] {logging_mixin.py:188} INFO - [2024-05-22T05:54:39.350+0000] {dagbag.py:545} INFO - Filling up the DagBag from /home/airflow/.local/lib/python3.12/site-packages/airflow/example_dags/example_short_circuit_operator.py
[2024-05-22T05:54:39.353+0000] {processor.py:840} INFO - DAG(s) 'example_short_circuit_operator' retrieved from /home/airflow/.local/lib/python3.12/site-packages/airflow/example_dags/example_short_circuit_operator.py
[2024-05-22T05:54:39.363+0000] {logging_mixin.py:188} INFO - [2024-05-22T05:54:39.363+0000] {dag.py:3096} INFO - Sync 1 DAGs
[2024-05-22T05:54:39.372+0000] {logging_mixin.py:188} INFO - [2024-05-22T05:54:39.372+0000] {dag.py:3954} INFO - Setting next_dagrun for example_short_circuit_operator to 2024-05-21 00:00:00+00:00, run_after=2024-05-22 00:00:00+00:00
[2024-05-22T05:54:39.380+0000] {processor.py:183} INFO - Processing /home/airflow/.local/lib/python3.12/site-packages/airflow/example_dags/example_short_circuit_operator.py took 0.033 seconds
[2024-05-22T06:02:12.550+0000] {processor.py:161} INFO - Started process (PID=30151) to work on /home/airflow/.local/lib/python3.12/site-packages/airflow/example_dags/example_short_circuit_operator.py
[2024-05-22T06:02:12.551+0000] {processor.py:830} INFO - Processing file /home/airflow/.local/lib/python3.12/site-packages/airflow/example_dags/example_short_circuit_operator.py for tasks to queue
[2024-05-22T06:02:12.552+0000] {logging_mixin.py:188} INFO - [2024-05-22T06:02:12.552+0000] {dagbag.py:545} INFO - Filling up the DagBag from /home/airflow/.local/lib/python3.12/site-packages/airflow/example_dags/example_short_circuit_operator.py
[2024-05-22T06:02:12.555+0000] {processor.py:840} INFO - DAG(s) 'example_short_circuit_operator' retrieved from /home/airflow/.local/lib/python3.12/site-packages/airflow/example_dags/example_short_circuit_operator.py
[2024-05-22T06:02:12.565+0000] {logging_mixin.py:188} INFO - [2024-05-22T06:02:12.565+0000] {dag.py:3096} INFO - Sync 1 DAGs
[2024-05-22T06:02:12.574+0000] {logging_mixin.py:188} INFO - [2024-05-22T06:02:12.574+0000] {dag.py:3954} INFO - Setting next_dagrun for example_short_circuit_operator to 2024-05-21 00:00:00+00:00, run_after=2024-05-22 00:00:00+00:00
[2024-05-22T06:02:12.581+0000] {processor.py:183} INFO - Processing /home/airflow/.local/lib/python3.12/site-packages/airflow/example_dags/example_short_circuit_operator.py took 0.033 seconds
[2024-05-22T06:02:43.101+0000] {processor.py:161} INFO - Started process (PID=30209) to work on /home/airflow/.local/lib/python3.12/site-packages/airflow/example_dags/example_short_circuit_operator.py
[2024-05-22T06:02:43.102+0000] {processor.py:830} INFO - Processing file /home/airflow/.local/lib/python3.12/site-packages/airflow/example_dags/example_short_circuit_operator.py for tasks to queue
[2024-05-22T06:02:43.102+0000] {logging_mixin.py:188} INFO - [2024-05-22T06:02:43.102+0000] {dagbag.py:545} INFO - Filling up the DagBag from /home/airflow/.local/lib/python3.12/site-packages/airflow/example_dags/example_short_circuit_operator.py
[2024-05-22T06:02:43.106+0000] {processor.py:840} INFO - DAG(s) 'example_short_circuit_operator' retrieved from /home/airflow/.local/lib/python3.12/site-packages/airflow/example_dags/example_short_circuit_operator.py
[2024-05-22T06:02:43.115+0000] {logging_mixin.py:188} INFO - [2024-05-22T06:02:43.115+0000] {dag.py:3096} INFO - Sync 1 DAGs
[2024-05-22T06:02:43.123+0000] {logging_mixin.py:188} INFO - [2024-05-22T06:02:43.123+0000] {dag.py:3954} INFO - Setting next_dagrun for example_short_circuit_operator to 2024-05-21 00:00:00+00:00, run_after=2024-05-22 00:00:00+00:00
[2024-05-22T06:02:43.130+0000] {processor.py:183} INFO - Processing /home/airflow/.local/lib/python3.12/site-packages/airflow/example_dags/example_short_circuit_operator.py took 0.031 seconds
[2024-05-22T06:43:17.451+0000] {processor.py:161} INFO - Started process (PID=30267) to work on /home/airflow/.local/lib/python3.12/site-packages/airflow/example_dags/example_short_circuit_operator.py
[2024-05-22T06:43:17.451+0000] {processor.py:830} INFO - Processing file /home/airflow/.local/lib/python3.12/site-packages/airflow/example_dags/example_short_circuit_operator.py for tasks to queue
[2024-05-22T06:43:17.452+0000] {logging_mixin.py:188} INFO - [2024-05-22T06:43:17.452+0000] {dagbag.py:545} INFO - Filling up the DagBag from /home/airflow/.local/lib/python3.12/site-packages/airflow/example_dags/example_short_circuit_operator.py
[2024-05-22T06:43:17.455+0000] {processor.py:840} INFO - DAG(s) 'example_short_circuit_operator' retrieved from /home/airflow/.local/lib/python3.12/site-packages/airflow/example_dags/example_short_circuit_operator.py
[2024-05-22T06:43:17.464+0000] {logging_mixin.py:188} INFO - [2024-05-22T06:43:17.464+0000] {dag.py:3096} INFO - Sync 1 DAGs
[2024-05-22T06:43:17.472+0000] {logging_mixin.py:188} INFO - [2024-05-22T06:43:17.472+0000] {dag.py:3954} INFO - Setting next_dagrun for example_short_circuit_operator to 2024-05-21 00:00:00+00:00, run_after=2024-05-22 00:00:00+00:00
[2024-05-22T06:43:17.478+0000] {processor.py:183} INFO - Processing /home/airflow/.local/lib/python3.12/site-packages/airflow/example_dags/example_short_circuit_operator.py took 0.031 seconds
[2024-05-22T06:43:47.957+0000] {processor.py:161} INFO - Started process (PID=30325) to work on /home/airflow/.local/lib/python3.12/site-packages/airflow/example_dags/example_short_circuit_operator.py
[2024-05-22T06:43:47.958+0000] {processor.py:830} INFO - Processing file /home/airflow/.local/lib/python3.12/site-packages/airflow/example_dags/example_short_circuit_operator.py for tasks to queue
[2024-05-22T06:43:47.959+0000] {logging_mixin.py:188} INFO - [2024-05-22T06:43:47.959+0000] {dagbag.py:545} INFO - Filling up the DagBag from /home/airflow/.local/lib/python3.12/site-packages/airflow/example_dags/example_short_circuit_operator.py
[2024-05-22T06:43:47.962+0000] {processor.py:840} INFO - DAG(s) 'example_short_circuit_operator' retrieved from /home/airflow/.local/lib/python3.12/site-packages/airflow/example_dags/example_short_circuit_operator.py
[2024-05-22T06:43:47.972+0000] {logging_mixin.py:188} INFO - [2024-05-22T06:43:47.971+0000] {dag.py:3096} INFO - Sync 1 DAGs
[2024-05-22T06:43:47.980+0000] {logging_mixin.py:188} INFO - [2024-05-22T06:43:47.980+0000] {dag.py:3954} INFO - Setting next_dagrun for example_short_circuit_operator to 2024-05-21 00:00:00+00:00, run_after=2024-05-22 00:00:00+00:00
[2024-05-22T06:43:47.987+0000] {processor.py:183} INFO - Processing /home/airflow/.local/lib/python3.12/site-packages/airflow/example_dags/example_short_circuit_operator.py took 0.033 seconds
[2024-05-22T07:00:24.570+0000] {processor.py:161} INFO - Started process (PID=30382) to work on /home/airflow/.local/lib/python3.12/site-packages/airflow/example_dags/example_short_circuit_operator.py
[2024-05-22T07:00:24.571+0000] {processor.py:830} INFO - Processing file /home/airflow/.local/lib/python3.12/site-packages/airflow/example_dags/example_short_circuit_operator.py for tasks to queue
[2024-05-22T07:00:24.572+0000] {logging_mixin.py:188} INFO - [2024-05-22T07:00:24.571+0000] {dagbag.py:545} INFO - Filling up the DagBag from /home/airflow/.local/lib/python3.12/site-packages/airflow/example_dags/example_short_circuit_operator.py
[2024-05-22T07:00:24.575+0000] {processor.py:840} INFO - DAG(s) 'example_short_circuit_operator' retrieved from /home/airflow/.local/lib/python3.12/site-packages/airflow/example_dags/example_short_circuit_operator.py
[2024-05-22T07:00:24.584+0000] {logging_mixin.py:188} INFO - [2024-05-22T07:00:24.584+0000] {dag.py:3096} INFO - Sync 1 DAGs
[2024-05-22T07:00:24.593+0000] {logging_mixin.py:188} INFO - [2024-05-22T07:00:24.593+0000] {dag.py:3954} INFO - Setting next_dagrun for example_short_circuit_operator to 2024-05-21 00:00:00+00:00, run_after=2024-05-22 00:00:00+00:00
[2024-05-22T07:00:24.599+0000] {processor.py:183} INFO - Processing /home/airflow/.local/lib/python3.12/site-packages/airflow/example_dags/example_short_circuit_operator.py took 0.032 seconds
[2024-05-22T07:34:45.923+0000] {processor.py:161} INFO - Started process (PID=30440) to work on /home/airflow/.local/lib/python3.12/site-packages/airflow/example_dags/example_short_circuit_operator.py
[2024-05-22T07:34:45.924+0000] {processor.py:830} INFO - Processing file /home/airflow/.local/lib/python3.12/site-packages/airflow/example_dags/example_short_circuit_operator.py for tasks to queue
[2024-05-22T07:34:45.925+0000] {logging_mixin.py:188} INFO - [2024-05-22T07:34:45.925+0000] {dagbag.py:545} INFO - Filling up the DagBag from /home/airflow/.local/lib/python3.12/site-packages/airflow/example_dags/example_short_circuit_operator.py
[2024-05-22T07:34:45.929+0000] {processor.py:840} INFO - DAG(s) 'example_short_circuit_operator' retrieved from /home/airflow/.local/lib/python3.12/site-packages/airflow/example_dags/example_short_circuit_operator.py
[2024-05-22T07:34:45.940+0000] {logging_mixin.py:188} INFO - [2024-05-22T07:34:45.940+0000] {dag.py:3096} INFO - Sync 1 DAGs
[2024-05-22T07:34:45.949+0000] {logging_mixin.py:188} INFO - [2024-05-22T07:34:45.949+0000] {dag.py:3954} INFO - Setting next_dagrun for example_short_circuit_operator to 2024-05-21 00:00:00+00:00, run_after=2024-05-22 00:00:00+00:00
[2024-05-22T07:34:45.956+0000] {processor.py:183} INFO - Processing /home/airflow/.local/lib/python3.12/site-packages/airflow/example_dags/example_short_circuit_operator.py took 0.036 seconds
