[2024-05-22T01:00:14.622+0000] {processor.py:161} INFO - Started process (PID=29675) to work on /home/airflow/.local/lib/python3.12/site-packages/airflow/example_dags/example_trigger_target_dag.py
[2024-05-22T01:00:14.622+0000] {processor.py:830} INFO - Processing file /home/airflow/.local/lib/python3.12/site-packages/airflow/example_dags/example_trigger_target_dag.py for tasks to queue
[2024-05-22T01:00:14.623+0000] {logging_mixin.py:188} INFO - [2024-05-22T01:00:14.623+0000] {dagbag.py:545} INFO - Filling up the DagBag from /home/airflow/.local/lib/python3.12/site-packages/airflow/example_dags/example_trigger_target_dag.py
[2024-05-22T01:00:14.625+0000] {processor.py:840} INFO - DAG(s) 'example_trigger_target_dag' retrieved from /home/airflow/.local/lib/python3.12/site-packages/airflow/example_dags/example_trigger_target_dag.py
[2024-05-22T01:00:14.634+0000] {logging_mixin.py:188} INFO - [2024-05-22T01:00:14.634+0000] {dag.py:3096} INFO - Sync 1 DAGs
[2024-05-22T01:00:14.640+0000] {logging_mixin.py:188} INFO - [2024-05-22T01:00:14.640+0000] {dag.py:3954} INFO - Setting next_dagrun for example_trigger_target_dag to None, run_after=None
[2024-05-22T01:00:14.647+0000] {processor.py:183} INFO - Processing /home/airflow/.local/lib/python3.12/site-packages/airflow/example_dags/example_trigger_target_dag.py took 0.028 seconds
[2024-05-22T02:26:34.702+0000] {processor.py:161} INFO - Started process (PID=29733) to work on /home/airflow/.local/lib/python3.12/site-packages/airflow/example_dags/example_trigger_target_dag.py
[2024-05-22T02:26:34.702+0000] {processor.py:830} INFO - Processing file /home/airflow/.local/lib/python3.12/site-packages/airflow/example_dags/example_trigger_target_dag.py for tasks to queue
[2024-05-22T02:26:34.703+0000] {logging_mixin.py:188} INFO - [2024-05-22T02:26:34.703+0000] {dagbag.py:545} INFO - Filling up the DagBag from /home/airflow/.local/lib/python3.12/site-packages/airflow/example_dags/example_trigger_target_dag.py
[2024-05-22T02:26:34.706+0000] {processor.py:840} INFO - DAG(s) 'example_trigger_target_dag' retrieved from /home/airflow/.local/lib/python3.12/site-packages/airflow/example_dags/example_trigger_target_dag.py
[2024-05-22T02:26:34.714+0000] {logging_mixin.py:188} INFO - [2024-05-22T02:26:34.714+0000] {dag.py:3096} INFO - Sync 1 DAGs
[2024-05-22T02:26:34.719+0000] {logging_mixin.py:188} INFO - [2024-05-22T02:26:34.719+0000] {dag.py:3954} INFO - Setting next_dagrun for example_trigger_target_dag to None, run_after=None
[2024-05-22T02:26:34.725+0000] {processor.py:183} INFO - Processing /home/airflow/.local/lib/python3.12/site-packages/airflow/example_dags/example_trigger_target_dag.py took 0.026 seconds
[2024-05-22T02:27:05.447+0000] {processor.py:161} INFO - Started process (PID=29791) to work on /home/airflow/.local/lib/python3.12/site-packages/airflow/example_dags/example_trigger_target_dag.py
[2024-05-22T02:27:05.447+0000] {processor.py:830} INFO - Processing file /home/airflow/.local/lib/python3.12/site-packages/airflow/example_dags/example_trigger_target_dag.py for tasks to queue
[2024-05-22T02:27:05.448+0000] {logging_mixin.py:188} INFO - [2024-05-22T02:27:05.448+0000] {dagbag.py:545} INFO - Filling up the DagBag from /home/airflow/.local/lib/python3.12/site-packages/airflow/example_dags/example_trigger_target_dag.py
[2024-05-22T02:27:05.451+0000] {processor.py:840} INFO - DAG(s) 'example_trigger_target_dag' retrieved from /home/airflow/.local/lib/python3.12/site-packages/airflow/example_dags/example_trigger_target_dag.py
[2024-05-22T02:27:05.459+0000] {logging_mixin.py:188} INFO - [2024-05-22T02:27:05.459+0000] {dag.py:3096} INFO - Sync 1 DAGs
[2024-05-22T02:27:05.464+0000] {logging_mixin.py:188} INFO - [2024-05-22T02:27:05.464+0000] {dag.py:3954} INFO - Setting next_dagrun for example_trigger_target_dag to None, run_after=None
[2024-05-22T02:27:05.470+0000] {processor.py:183} INFO - Processing /home/airflow/.local/lib/python3.12/site-packages/airflow/example_dags/example_trigger_target_dag.py took 0.026 seconds
[2024-05-22T03:16:29.586+0000] {processor.py:161} INFO - Started process (PID=29849) to work on /home/airflow/.local/lib/python3.12/site-packages/airflow/example_dags/example_trigger_target_dag.py
[2024-05-22T03:16:29.587+0000] {processor.py:830} INFO - Processing file /home/airflow/.local/lib/python3.12/site-packages/airflow/example_dags/example_trigger_target_dag.py for tasks to queue
[2024-05-22T03:16:29.588+0000] {logging_mixin.py:188} INFO - [2024-05-22T03:16:29.587+0000] {dagbag.py:545} INFO - Filling up the DagBag from /home/airflow/.local/lib/python3.12/site-packages/airflow/example_dags/example_trigger_target_dag.py
[2024-05-22T03:16:29.590+0000] {processor.py:840} INFO - DAG(s) 'example_trigger_target_dag' retrieved from /home/airflow/.local/lib/python3.12/site-packages/airflow/example_dags/example_trigger_target_dag.py
[2024-05-22T03:16:29.599+0000] {logging_mixin.py:188} INFO - [2024-05-22T03:16:29.599+0000] {dag.py:3096} INFO - Sync 1 DAGs
[2024-05-22T03:16:29.604+0000] {logging_mixin.py:188} INFO - [2024-05-22T03:16:29.604+0000] {dag.py:3954} INFO - Setting next_dagrun for example_trigger_target_dag to None, run_after=None
[2024-05-22T03:16:29.610+0000] {processor.py:183} INFO - Processing /home/airflow/.local/lib/python3.12/site-packages/airflow/example_dags/example_trigger_target_dag.py took 0.027 seconds
[2024-05-22T04:42:08.982+0000] {processor.py:161} INFO - Started process (PID=29907) to work on /home/airflow/.local/lib/python3.12/site-packages/airflow/example_dags/example_trigger_target_dag.py
[2024-05-22T04:42:08.983+0000] {processor.py:830} INFO - Processing file /home/airflow/.local/lib/python3.12/site-packages/airflow/example_dags/example_trigger_target_dag.py for tasks to queue
[2024-05-22T04:42:08.984+0000] {logging_mixin.py:188} INFO - [2024-05-22T04:42:08.984+0000] {dagbag.py:545} INFO - Filling up the DagBag from /home/airflow/.local/lib/python3.12/site-packages/airflow/example_dags/example_trigger_target_dag.py
[2024-05-22T04:42:08.986+0000] {processor.py:840} INFO - DAG(s) 'example_trigger_target_dag' retrieved from /home/airflow/.local/lib/python3.12/site-packages/airflow/example_dags/example_trigger_target_dag.py
[2024-05-22T04:42:08.994+0000] {logging_mixin.py:188} INFO - [2024-05-22T04:42:08.994+0000] {dag.py:3096} INFO - Sync 1 DAGs
[2024-05-22T04:42:08.999+0000] {logging_mixin.py:188} INFO - [2024-05-22T04:42:08.999+0000] {dag.py:3954} INFO - Setting next_dagrun for example_trigger_target_dag to None, run_after=None
[2024-05-22T04:42:09.006+0000] {processor.py:183} INFO - Processing /home/airflow/.local/lib/python3.12/site-packages/airflow/example_dags/example_trigger_target_dag.py took 0.026 seconds
[2024-05-22T04:42:39.506+0000] {processor.py:161} INFO - Started process (PID=29965) to work on /home/airflow/.local/lib/python3.12/site-packages/airflow/example_dags/example_trigger_target_dag.py
[2024-05-22T04:42:39.507+0000] {processor.py:830} INFO - Processing file /home/airflow/.local/lib/python3.12/site-packages/airflow/example_dags/example_trigger_target_dag.py for tasks to queue
[2024-05-22T04:42:39.508+0000] {logging_mixin.py:188} INFO - [2024-05-22T04:42:39.508+0000] {dagbag.py:545} INFO - Filling up the DagBag from /home/airflow/.local/lib/python3.12/site-packages/airflow/example_dags/example_trigger_target_dag.py
[2024-05-22T04:42:39.511+0000] {processor.py:840} INFO - DAG(s) 'example_trigger_target_dag' retrieved from /home/airflow/.local/lib/python3.12/site-packages/airflow/example_dags/example_trigger_target_dag.py
[2024-05-22T04:42:39.520+0000] {logging_mixin.py:188} INFO - [2024-05-22T04:42:39.520+0000] {dag.py:3096} INFO - Sync 1 DAGs
[2024-05-22T04:42:39.525+0000] {logging_mixin.py:188} INFO - [2024-05-22T04:42:39.525+0000] {dag.py:3954} INFO - Setting next_dagrun for example_trigger_target_dag to None, run_after=None
[2024-05-22T04:42:39.532+0000] {processor.py:183} INFO - Processing /home/airflow/.local/lib/python3.12/site-packages/airflow/example_dags/example_trigger_target_dag.py took 0.028 seconds
[2024-05-22T05:33:33.930+0000] {processor.py:161} INFO - Started process (PID=30023) to work on /home/airflow/.local/lib/python3.12/site-packages/airflow/example_dags/example_trigger_target_dag.py
[2024-05-22T05:33:33.933+0000] {processor.py:830} INFO - Processing file /home/airflow/.local/lib/python3.12/site-packages/airflow/example_dags/example_trigger_target_dag.py for tasks to queue
[2024-05-22T05:33:33.934+0000] {logging_mixin.py:188} INFO - [2024-05-22T05:33:33.933+0000] {dagbag.py:545} INFO - Filling up the DagBag from /home/airflow/.local/lib/python3.12/site-packages/airflow/example_dags/example_trigger_target_dag.py
[2024-05-22T05:33:33.936+0000] {processor.py:840} INFO - DAG(s) 'example_trigger_target_dag' retrieved from /home/airflow/.local/lib/python3.12/site-packages/airflow/example_dags/example_trigger_target_dag.py
[2024-05-22T05:33:33.945+0000] {logging_mixin.py:188} INFO - [2024-05-22T05:33:33.945+0000] {dag.py:3096} INFO - Sync 1 DAGs
[2024-05-22T05:33:33.951+0000] {logging_mixin.py:188} INFO - [2024-05-22T05:33:33.951+0000] {dag.py:3954} INFO - Setting next_dagrun for example_trigger_target_dag to None, run_after=None
[2024-05-22T05:33:33.959+0000] {processor.py:183} INFO - Processing /home/airflow/.local/lib/python3.12/site-packages/airflow/example_dags/example_trigger_target_dag.py took 0.032 seconds
[2024-05-22T05:54:39.070+0000] {processor.py:161} INFO - Started process (PID=30081) to work on /home/airflow/.local/lib/python3.12/site-packages/airflow/example_dags/example_trigger_target_dag.py
[2024-05-22T05:54:39.071+0000] {processor.py:830} INFO - Processing file /home/airflow/.local/lib/python3.12/site-packages/airflow/example_dags/example_trigger_target_dag.py for tasks to queue
[2024-05-22T05:54:39.072+0000] {logging_mixin.py:188} INFO - [2024-05-22T05:54:39.072+0000] {dagbag.py:545} INFO - Filling up the DagBag from /home/airflow/.local/lib/python3.12/site-packages/airflow/example_dags/example_trigger_target_dag.py
[2024-05-22T05:54:39.075+0000] {processor.py:840} INFO - DAG(s) 'example_trigger_target_dag' retrieved from /home/airflow/.local/lib/python3.12/site-packages/airflow/example_dags/example_trigger_target_dag.py
[2024-05-22T05:54:39.084+0000] {logging_mixin.py:188} INFO - [2024-05-22T05:54:39.084+0000] {dag.py:3096} INFO - Sync 1 DAGs
[2024-05-22T05:54:39.089+0000] {logging_mixin.py:188} INFO - [2024-05-22T05:54:39.089+0000] {dag.py:3954} INFO - Setting next_dagrun for example_trigger_target_dag to None, run_after=None
[2024-05-22T05:54:39.097+0000] {processor.py:183} INFO - Processing /home/airflow/.local/lib/python3.12/site-packages/airflow/example_dags/example_trigger_target_dag.py took 0.029 seconds
[2024-05-22T06:02:12.242+0000] {processor.py:161} INFO - Started process (PID=30139) to work on /home/airflow/.local/lib/python3.12/site-packages/airflow/example_dags/example_trigger_target_dag.py
[2024-05-22T06:02:12.242+0000] {processor.py:830} INFO - Processing file /home/airflow/.local/lib/python3.12/site-packages/airflow/example_dags/example_trigger_target_dag.py for tasks to queue
[2024-05-22T06:02:12.243+0000] {logging_mixin.py:188} INFO - [2024-05-22T06:02:12.243+0000] {dagbag.py:545} INFO - Filling up the DagBag from /home/airflow/.local/lib/python3.12/site-packages/airflow/example_dags/example_trigger_target_dag.py
[2024-05-22T06:02:12.246+0000] {processor.py:840} INFO - DAG(s) 'example_trigger_target_dag' retrieved from /home/airflow/.local/lib/python3.12/site-packages/airflow/example_dags/example_trigger_target_dag.py
[2024-05-22T06:02:12.255+0000] {logging_mixin.py:188} INFO - [2024-05-22T06:02:12.254+0000] {dag.py:3096} INFO - Sync 1 DAGs
[2024-05-22T06:02:12.260+0000] {logging_mixin.py:188} INFO - [2024-05-22T06:02:12.260+0000] {dag.py:3954} INFO - Setting next_dagrun for example_trigger_target_dag to None, run_after=None
[2024-05-22T06:02:12.267+0000] {processor.py:183} INFO - Processing /home/airflow/.local/lib/python3.12/site-packages/airflow/example_dags/example_trigger_target_dag.py took 0.028 seconds
[2024-05-22T06:02:42.790+0000] {processor.py:161} INFO - Started process (PID=30197) to work on /home/airflow/.local/lib/python3.12/site-packages/airflow/example_dags/example_trigger_target_dag.py
[2024-05-22T06:02:42.791+0000] {processor.py:830} INFO - Processing file /home/airflow/.local/lib/python3.12/site-packages/airflow/example_dags/example_trigger_target_dag.py for tasks to queue
[2024-05-22T06:02:42.791+0000] {logging_mixin.py:188} INFO - [2024-05-22T06:02:42.791+0000] {dagbag.py:545} INFO - Filling up the DagBag from /home/airflow/.local/lib/python3.12/site-packages/airflow/example_dags/example_trigger_target_dag.py
[2024-05-22T06:02:42.794+0000] {processor.py:840} INFO - DAG(s) 'example_trigger_target_dag' retrieved from /home/airflow/.local/lib/python3.12/site-packages/airflow/example_dags/example_trigger_target_dag.py
[2024-05-22T06:02:42.803+0000] {logging_mixin.py:188} INFO - [2024-05-22T06:02:42.803+0000] {dag.py:3096} INFO - Sync 1 DAGs
[2024-05-22T06:02:42.808+0000] {logging_mixin.py:188} INFO - [2024-05-22T06:02:42.808+0000] {dag.py:3954} INFO - Setting next_dagrun for example_trigger_target_dag to None, run_after=None
[2024-05-22T06:02:42.815+0000] {processor.py:183} INFO - Processing /home/airflow/.local/lib/python3.12/site-packages/airflow/example_dags/example_trigger_target_dag.py took 0.028 seconds
[2024-05-22T06:43:17.100+0000] {processor.py:161} INFO - Started process (PID=30255) to work on /home/airflow/.local/lib/python3.12/site-packages/airflow/example_dags/example_trigger_target_dag.py
[2024-05-22T06:43:17.101+0000] {processor.py:830} INFO - Processing file /home/airflow/.local/lib/python3.12/site-packages/airflow/example_dags/example_trigger_target_dag.py for tasks to queue
[2024-05-22T06:43:17.102+0000] {logging_mixin.py:188} INFO - [2024-05-22T06:43:17.102+0000] {dagbag.py:545} INFO - Filling up the DagBag from /home/airflow/.local/lib/python3.12/site-packages/airflow/example_dags/example_trigger_target_dag.py
[2024-05-22T06:43:17.105+0000] {processor.py:840} INFO - DAG(s) 'example_trigger_target_dag' retrieved from /home/airflow/.local/lib/python3.12/site-packages/airflow/example_dags/example_trigger_target_dag.py
[2024-05-22T06:43:17.114+0000] {logging_mixin.py:188} INFO - [2024-05-22T06:43:17.114+0000] {dag.py:3096} INFO - Sync 1 DAGs
[2024-05-22T06:43:17.119+0000] {logging_mixin.py:188} INFO - [2024-05-22T06:43:17.119+0000] {dag.py:3954} INFO - Setting next_dagrun for example_trigger_target_dag to None, run_after=None
[2024-05-22T06:43:17.126+0000] {processor.py:183} INFO - Processing /home/airflow/.local/lib/python3.12/site-packages/airflow/example_dags/example_trigger_target_dag.py took 0.029 seconds
[2024-05-22T06:43:47.644+0000] {processor.py:161} INFO - Started process (PID=30313) to work on /home/airflow/.local/lib/python3.12/site-packages/airflow/example_dags/example_trigger_target_dag.py
[2024-05-22T06:43:47.644+0000] {processor.py:830} INFO - Processing file /home/airflow/.local/lib/python3.12/site-packages/airflow/example_dags/example_trigger_target_dag.py for tasks to queue
[2024-05-22T06:43:47.645+0000] {logging_mixin.py:188} INFO - [2024-05-22T06:43:47.645+0000] {dagbag.py:545} INFO - Filling up the DagBag from /home/airflow/.local/lib/python3.12/site-packages/airflow/example_dags/example_trigger_target_dag.py
[2024-05-22T06:43:47.648+0000] {processor.py:840} INFO - DAG(s) 'example_trigger_target_dag' retrieved from /home/airflow/.local/lib/python3.12/site-packages/airflow/example_dags/example_trigger_target_dag.py
[2024-05-22T06:43:47.656+0000] {logging_mixin.py:188} INFO - [2024-05-22T06:43:47.656+0000] {dag.py:3096} INFO - Sync 1 DAGs
[2024-05-22T06:43:47.661+0000] {logging_mixin.py:188} INFO - [2024-05-22T06:43:47.661+0000] {dag.py:3954} INFO - Setting next_dagrun for example_trigger_target_dag to None, run_after=None
[2024-05-22T06:43:47.668+0000] {processor.py:183} INFO - Processing /home/airflow/.local/lib/python3.12/site-packages/airflow/example_dags/example_trigger_target_dag.py took 0.026 seconds
[2024-05-22T07:00:24.161+0000] {processor.py:161} INFO - Started process (PID=30370) to work on /home/airflow/.local/lib/python3.12/site-packages/airflow/example_dags/example_trigger_target_dag.py
[2024-05-22T07:00:24.162+0000] {processor.py:830} INFO - Processing file /home/airflow/.local/lib/python3.12/site-packages/airflow/example_dags/example_trigger_target_dag.py for tasks to queue
[2024-05-22T07:00:24.163+0000] {logging_mixin.py:188} INFO - [2024-05-22T07:00:24.163+0000] {dagbag.py:545} INFO - Filling up the DagBag from /home/airflow/.local/lib/python3.12/site-packages/airflow/example_dags/example_trigger_target_dag.py
[2024-05-22T07:00:24.166+0000] {processor.py:840} INFO - DAG(s) 'example_trigger_target_dag' retrieved from /home/airflow/.local/lib/python3.12/site-packages/airflow/example_dags/example_trigger_target_dag.py
[2024-05-22T07:00:24.174+0000] {logging_mixin.py:188} INFO - [2024-05-22T07:00:24.174+0000] {dag.py:3096} INFO - Sync 1 DAGs
[2024-05-22T07:00:24.181+0000] {logging_mixin.py:188} INFO - [2024-05-22T07:00:24.180+0000] {dag.py:3954} INFO - Setting next_dagrun for example_trigger_target_dag to None, run_after=None
[2024-05-22T07:00:24.188+0000] {processor.py:183} INFO - Processing /home/airflow/.local/lib/python3.12/site-packages/airflow/example_dags/example_trigger_target_dag.py took 0.030 seconds
[2024-05-22T07:34:45.545+0000] {processor.py:161} INFO - Started process (PID=30428) to work on /home/airflow/.local/lib/python3.12/site-packages/airflow/example_dags/example_trigger_target_dag.py
[2024-05-22T07:34:45.546+0000] {processor.py:830} INFO - Processing file /home/airflow/.local/lib/python3.12/site-packages/airflow/example_dags/example_trigger_target_dag.py for tasks to queue
[2024-05-22T07:34:45.547+0000] {logging_mixin.py:188} INFO - [2024-05-22T07:34:45.546+0000] {dagbag.py:545} INFO - Filling up the DagBag from /home/airflow/.local/lib/python3.12/site-packages/airflow/example_dags/example_trigger_target_dag.py
[2024-05-22T07:34:45.549+0000] {processor.py:840} INFO - DAG(s) 'example_trigger_target_dag' retrieved from /home/airflow/.local/lib/python3.12/site-packages/airflow/example_dags/example_trigger_target_dag.py
[2024-05-22T07:34:45.558+0000] {logging_mixin.py:188} INFO - [2024-05-22T07:34:45.558+0000] {dag.py:3096} INFO - Sync 1 DAGs
[2024-05-22T07:34:45.563+0000] {logging_mixin.py:188} INFO - [2024-05-22T07:34:45.563+0000] {dag.py:3954} INFO - Setting next_dagrun for example_trigger_target_dag to None, run_after=None
[2024-05-22T07:34:45.570+0000] {processor.py:183} INFO - Processing /home/airflow/.local/lib/python3.12/site-packages/airflow/example_dags/example_trigger_target_dag.py took 0.027 seconds
