[2024-05-22T01:00:14.424+0000] {processor.py:161} INFO - Started process (PID=29667) to work on /home/airflow/.local/lib/python3.12/site-packages/airflow/example_dags/example_xcom.py
[2024-05-22T01:00:14.424+0000] {processor.py:830} INFO - Processing file /home/airflow/.local/lib/python3.12/site-packages/airflow/example_dags/example_xcom.py for tasks to queue
[2024-05-22T01:00:14.425+0000] {logging_mixin.py:188} INFO - [2024-05-22T01:00:14.425+0000] {dagbag.py:545} INFO - Filling up the DagBag from /home/airflow/.local/lib/python3.12/site-packages/airflow/example_dags/example_xcom.py
[2024-05-22T01:00:14.428+0000] {processor.py:840} INFO - DAG(s) 'example_xcom' retrieved from /home/airflow/.local/lib/python3.12/site-packages/airflow/example_dags/example_xcom.py
[2024-05-22T01:00:14.436+0000] {logging_mixin.py:188} INFO - [2024-05-22T01:00:14.436+0000] {dag.py:3096} INFO - Sync 1 DAGs
[2024-05-22T01:00:14.444+0000] {logging_mixin.py:188} INFO - [2024-05-22T01:00:14.444+0000] {dag.py:3954} INFO - Setting next_dagrun for example_xcom to 2021-01-01 00:00:00+00:00, run_after=2021-01-01 00:00:00+00:00
[2024-05-22T01:00:14.451+0000] {processor.py:183} INFO - Processing /home/airflow/.local/lib/python3.12/site-packages/airflow/example_dags/example_xcom.py took 0.030 seconds
[2024-05-22T02:26:34.536+0000] {processor.py:161} INFO - Started process (PID=29725) to work on /home/airflow/.local/lib/python3.12/site-packages/airflow/example_dags/example_xcom.py
[2024-05-22T02:26:34.536+0000] {processor.py:830} INFO - Processing file /home/airflow/.local/lib/python3.12/site-packages/airflow/example_dags/example_xcom.py for tasks to queue
[2024-05-22T02:26:34.537+0000] {logging_mixin.py:188} INFO - [2024-05-22T02:26:34.537+0000] {dagbag.py:545} INFO - Filling up the DagBag from /home/airflow/.local/lib/python3.12/site-packages/airflow/example_dags/example_xcom.py
[2024-05-22T02:26:34.541+0000] {processor.py:840} INFO - DAG(s) 'example_xcom' retrieved from /home/airflow/.local/lib/python3.12/site-packages/airflow/example_dags/example_xcom.py
[2024-05-22T02:26:34.549+0000] {logging_mixin.py:188} INFO - [2024-05-22T02:26:34.549+0000] {dag.py:3096} INFO - Sync 1 DAGs
[2024-05-22T02:26:34.558+0000] {logging_mixin.py:188} INFO - [2024-05-22T02:26:34.558+0000] {dag.py:3954} INFO - Setting next_dagrun for example_xcom to 2021-01-01 00:00:00+00:00, run_after=2021-01-01 00:00:00+00:00
[2024-05-22T02:26:34.566+0000] {processor.py:183} INFO - Processing /home/airflow/.local/lib/python3.12/site-packages/airflow/example_dags/example_xcom.py took 0.032 seconds
[2024-05-22T02:27:05.286+0000] {processor.py:161} INFO - Started process (PID=29783) to work on /home/airflow/.local/lib/python3.12/site-packages/airflow/example_dags/example_xcom.py
[2024-05-22T02:27:05.286+0000] {processor.py:830} INFO - Processing file /home/airflow/.local/lib/python3.12/site-packages/airflow/example_dags/example_xcom.py for tasks to queue
[2024-05-22T02:27:05.287+0000] {logging_mixin.py:188} INFO - [2024-05-22T02:27:05.287+0000] {dagbag.py:545} INFO - Filling up the DagBag from /home/airflow/.local/lib/python3.12/site-packages/airflow/example_dags/example_xcom.py
[2024-05-22T02:27:05.290+0000] {processor.py:840} INFO - DAG(s) 'example_xcom' retrieved from /home/airflow/.local/lib/python3.12/site-packages/airflow/example_dags/example_xcom.py
[2024-05-22T02:27:05.299+0000] {logging_mixin.py:188} INFO - [2024-05-22T02:27:05.299+0000] {dag.py:3096} INFO - Sync 1 DAGs
[2024-05-22T02:27:05.308+0000] {logging_mixin.py:188} INFO - [2024-05-22T02:27:05.308+0000] {dag.py:3954} INFO - Setting next_dagrun for example_xcom to 2021-01-01 00:00:00+00:00, run_after=2021-01-01 00:00:00+00:00
[2024-05-22T02:27:05.315+0000] {processor.py:183} INFO - Processing /home/airflow/.local/lib/python3.12/site-packages/airflow/example_dags/example_xcom.py took 0.032 seconds
[2024-05-22T03:16:29.380+0000] {processor.py:161} INFO - Started process (PID=29841) to work on /home/airflow/.local/lib/python3.12/site-packages/airflow/example_dags/example_xcom.py
[2024-05-22T03:16:29.381+0000] {processor.py:830} INFO - Processing file /home/airflow/.local/lib/python3.12/site-packages/airflow/example_dags/example_xcom.py for tasks to queue
[2024-05-22T03:16:29.384+0000] {logging_mixin.py:188} INFO - [2024-05-22T03:16:29.384+0000] {dagbag.py:545} INFO - Filling up the DagBag from /home/airflow/.local/lib/python3.12/site-packages/airflow/example_dags/example_xcom.py
[2024-05-22T03:16:29.387+0000] {processor.py:840} INFO - DAG(s) 'example_xcom' retrieved from /home/airflow/.local/lib/python3.12/site-packages/airflow/example_dags/example_xcom.py
[2024-05-22T03:16:29.396+0000] {logging_mixin.py:188} INFO - [2024-05-22T03:16:29.396+0000] {dag.py:3096} INFO - Sync 1 DAGs
[2024-05-22T03:16:29.404+0000] {logging_mixin.py:188} INFO - [2024-05-22T03:16:29.404+0000] {dag.py:3954} INFO - Setting next_dagrun for example_xcom to 2021-01-01 00:00:00+00:00, run_after=2021-01-01 00:00:00+00:00
[2024-05-22T03:16:29.411+0000] {processor.py:183} INFO - Processing /home/airflow/.local/lib/python3.12/site-packages/airflow/example_dags/example_xcom.py took 0.033 seconds
[2024-05-22T04:42:08.825+0000] {processor.py:161} INFO - Started process (PID=29899) to work on /home/airflow/.local/lib/python3.12/site-packages/airflow/example_dags/example_xcom.py
[2024-05-22T04:42:08.826+0000] {processor.py:830} INFO - Processing file /home/airflow/.local/lib/python3.12/site-packages/airflow/example_dags/example_xcom.py for tasks to queue
[2024-05-22T04:42:08.827+0000] {logging_mixin.py:188} INFO - [2024-05-22T04:42:08.827+0000] {dagbag.py:545} INFO - Filling up the DagBag from /home/airflow/.local/lib/python3.12/site-packages/airflow/example_dags/example_xcom.py
[2024-05-22T04:42:08.830+0000] {processor.py:840} INFO - DAG(s) 'example_xcom' retrieved from /home/airflow/.local/lib/python3.12/site-packages/airflow/example_dags/example_xcom.py
[2024-05-22T04:42:08.840+0000] {logging_mixin.py:188} INFO - [2024-05-22T04:42:08.840+0000] {dag.py:3096} INFO - Sync 1 DAGs
[2024-05-22T04:42:08.849+0000] {logging_mixin.py:188} INFO - [2024-05-22T04:42:08.848+0000] {dag.py:3954} INFO - Setting next_dagrun for example_xcom to 2021-01-01 00:00:00+00:00, run_after=2021-01-01 00:00:00+00:00
[2024-05-22T04:42:08.855+0000] {processor.py:183} INFO - Processing /home/airflow/.local/lib/python3.12/site-packages/airflow/example_dags/example_xcom.py took 0.033 seconds
[2024-05-22T04:42:39.337+0000] {processor.py:161} INFO - Started process (PID=29957) to work on /home/airflow/.local/lib/python3.12/site-packages/airflow/example_dags/example_xcom.py
[2024-05-22T04:42:39.338+0000] {processor.py:830} INFO - Processing file /home/airflow/.local/lib/python3.12/site-packages/airflow/example_dags/example_xcom.py for tasks to queue
[2024-05-22T04:42:39.339+0000] {logging_mixin.py:188} INFO - [2024-05-22T04:42:39.339+0000] {dagbag.py:545} INFO - Filling up the DagBag from /home/airflow/.local/lib/python3.12/site-packages/airflow/example_dags/example_xcom.py
[2024-05-22T04:42:39.342+0000] {processor.py:840} INFO - DAG(s) 'example_xcom' retrieved from /home/airflow/.local/lib/python3.12/site-packages/airflow/example_dags/example_xcom.py
[2024-05-22T04:42:39.353+0000] {logging_mixin.py:188} INFO - [2024-05-22T04:42:39.353+0000] {dag.py:3096} INFO - Sync 1 DAGs
[2024-05-22T04:42:39.364+0000] {logging_mixin.py:188} INFO - [2024-05-22T04:42:39.364+0000] {dag.py:3954} INFO - Setting next_dagrun for example_xcom to 2021-01-01 00:00:00+00:00, run_after=2021-01-01 00:00:00+00:00
[2024-05-22T04:42:39.371+0000] {processor.py:183} INFO - Processing /home/airflow/.local/lib/python3.12/site-packages/airflow/example_dags/example_xcom.py took 0.036 seconds
[2024-05-22T05:33:33.723+0000] {processor.py:161} INFO - Started process (PID=30015) to work on /home/airflow/.local/lib/python3.12/site-packages/airflow/example_dags/example_xcom.py
[2024-05-22T05:33:33.724+0000] {processor.py:830} INFO - Processing file /home/airflow/.local/lib/python3.12/site-packages/airflow/example_dags/example_xcom.py for tasks to queue
[2024-05-22T05:33:33.725+0000] {logging_mixin.py:188} INFO - [2024-05-22T05:33:33.725+0000] {dagbag.py:545} INFO - Filling up the DagBag from /home/airflow/.local/lib/python3.12/site-packages/airflow/example_dags/example_xcom.py
[2024-05-22T05:33:33.729+0000] {processor.py:840} INFO - DAG(s) 'example_xcom' retrieved from /home/airflow/.local/lib/python3.12/site-packages/airflow/example_dags/example_xcom.py
[2024-05-22T05:33:33.738+0000] {logging_mixin.py:188} INFO - [2024-05-22T05:33:33.738+0000] {dag.py:3096} INFO - Sync 1 DAGs
[2024-05-22T05:33:33.747+0000] {logging_mixin.py:188} INFO - [2024-05-22T05:33:33.747+0000] {dag.py:3954} INFO - Setting next_dagrun for example_xcom to 2021-01-01 00:00:00+00:00, run_after=2021-01-01 00:00:00+00:00
[2024-05-22T05:33:33.753+0000] {processor.py:183} INFO - Processing /home/airflow/.local/lib/python3.12/site-packages/airflow/example_dags/example_xcom.py took 0.033 seconds
[2024-05-22T05:54:38.860+0000] {processor.py:161} INFO - Started process (PID=30073) to work on /home/airflow/.local/lib/python3.12/site-packages/airflow/example_dags/example_xcom.py
[2024-05-22T05:54:38.861+0000] {processor.py:830} INFO - Processing file /home/airflow/.local/lib/python3.12/site-packages/airflow/example_dags/example_xcom.py for tasks to queue
[2024-05-22T05:54:38.861+0000] {logging_mixin.py:188} INFO - [2024-05-22T05:54:38.861+0000] {dagbag.py:545} INFO - Filling up the DagBag from /home/airflow/.local/lib/python3.12/site-packages/airflow/example_dags/example_xcom.py
[2024-05-22T05:54:38.865+0000] {processor.py:840} INFO - DAG(s) 'example_xcom' retrieved from /home/airflow/.local/lib/python3.12/site-packages/airflow/example_dags/example_xcom.py
[2024-05-22T05:54:38.873+0000] {logging_mixin.py:188} INFO - [2024-05-22T05:54:38.873+0000] {dag.py:3096} INFO - Sync 1 DAGs
[2024-05-22T05:54:38.882+0000] {logging_mixin.py:188} INFO - [2024-05-22T05:54:38.882+0000] {dag.py:3954} INFO - Setting next_dagrun for example_xcom to 2021-01-01 00:00:00+00:00, run_after=2021-01-01 00:00:00+00:00
[2024-05-22T05:54:38.889+0000] {processor.py:183} INFO - Processing /home/airflow/.local/lib/python3.12/site-packages/airflow/example_dags/example_xcom.py took 0.032 seconds
[2024-05-22T06:02:12.039+0000] {processor.py:161} INFO - Started process (PID=30131) to work on /home/airflow/.local/lib/python3.12/site-packages/airflow/example_dags/example_xcom.py
[2024-05-22T06:02:12.040+0000] {processor.py:830} INFO - Processing file /home/airflow/.local/lib/python3.12/site-packages/airflow/example_dags/example_xcom.py for tasks to queue
[2024-05-22T06:02:12.041+0000] {logging_mixin.py:188} INFO - [2024-05-22T06:02:12.040+0000] {dagbag.py:545} INFO - Filling up the DagBag from /home/airflow/.local/lib/python3.12/site-packages/airflow/example_dags/example_xcom.py
[2024-05-22T06:02:12.044+0000] {processor.py:840} INFO - DAG(s) 'example_xcom' retrieved from /home/airflow/.local/lib/python3.12/site-packages/airflow/example_dags/example_xcom.py
[2024-05-22T06:02:12.053+0000] {logging_mixin.py:188} INFO - [2024-05-22T06:02:12.053+0000] {dag.py:3096} INFO - Sync 1 DAGs
[2024-05-22T06:02:12.061+0000] {logging_mixin.py:188} INFO - [2024-05-22T06:02:12.061+0000] {dag.py:3954} INFO - Setting next_dagrun for example_xcom to 2021-01-01 00:00:00+00:00, run_after=2021-01-01 00:00:00+00:00
[2024-05-22T06:02:12.068+0000] {processor.py:183} INFO - Processing /home/airflow/.local/lib/python3.12/site-packages/airflow/example_dags/example_xcom.py took 0.032 seconds
[2024-05-22T06:02:42.597+0000] {processor.py:161} INFO - Started process (PID=30189) to work on /home/airflow/.local/lib/python3.12/site-packages/airflow/example_dags/example_xcom.py
[2024-05-22T06:02:42.598+0000] {processor.py:830} INFO - Processing file /home/airflow/.local/lib/python3.12/site-packages/airflow/example_dags/example_xcom.py for tasks to queue
[2024-05-22T06:02:42.599+0000] {logging_mixin.py:188} INFO - [2024-05-22T06:02:42.599+0000] {dagbag.py:545} INFO - Filling up the DagBag from /home/airflow/.local/lib/python3.12/site-packages/airflow/example_dags/example_xcom.py
[2024-05-22T06:02:42.603+0000] {processor.py:840} INFO - DAG(s) 'example_xcom' retrieved from /home/airflow/.local/lib/python3.12/site-packages/airflow/example_dags/example_xcom.py
[2024-05-22T06:02:42.612+0000] {logging_mixin.py:188} INFO - [2024-05-22T06:02:42.612+0000] {dag.py:3096} INFO - Sync 1 DAGs
[2024-05-22T06:02:42.620+0000] {logging_mixin.py:188} INFO - [2024-05-22T06:02:42.620+0000] {dag.py:3954} INFO - Setting next_dagrun for example_xcom to 2021-01-01 00:00:00+00:00, run_after=2021-01-01 00:00:00+00:00
[2024-05-22T06:02:42.627+0000] {processor.py:183} INFO - Processing /home/airflow/.local/lib/python3.12/site-packages/airflow/example_dags/example_xcom.py took 0.033 seconds
[2024-05-22T06:43:16.871+0000] {processor.py:161} INFO - Started process (PID=30247) to work on /home/airflow/.local/lib/python3.12/site-packages/airflow/example_dags/example_xcom.py
[2024-05-22T06:43:16.871+0000] {processor.py:830} INFO - Processing file /home/airflow/.local/lib/python3.12/site-packages/airflow/example_dags/example_xcom.py for tasks to queue
[2024-05-22T06:43:16.872+0000] {logging_mixin.py:188} INFO - [2024-05-22T06:43:16.872+0000] {dagbag.py:545} INFO - Filling up the DagBag from /home/airflow/.local/lib/python3.12/site-packages/airflow/example_dags/example_xcom.py
[2024-05-22T06:43:16.876+0000] {processor.py:840} INFO - DAG(s) 'example_xcom' retrieved from /home/airflow/.local/lib/python3.12/site-packages/airflow/example_dags/example_xcom.py
[2024-05-22T06:43:16.885+0000] {logging_mixin.py:188} INFO - [2024-05-22T06:43:16.885+0000] {dag.py:3096} INFO - Sync 1 DAGs
[2024-05-22T06:43:16.894+0000] {logging_mixin.py:188} INFO - [2024-05-22T06:43:16.894+0000] {dag.py:3954} INFO - Setting next_dagrun for example_xcom to 2021-01-01 00:00:00+00:00, run_after=2021-01-01 00:00:00+00:00
[2024-05-22T06:43:16.901+0000] {processor.py:183} INFO - Processing /home/airflow/.local/lib/python3.12/site-packages/airflow/example_dags/example_xcom.py took 0.033 seconds
[2024-05-22T06:43:47.484+0000] {processor.py:161} INFO - Started process (PID=30305) to work on /home/airflow/.local/lib/python3.12/site-packages/airflow/example_dags/example_xcom.py
[2024-05-22T06:43:47.484+0000] {processor.py:830} INFO - Processing file /home/airflow/.local/lib/python3.12/site-packages/airflow/example_dags/example_xcom.py for tasks to queue
[2024-05-22T06:43:47.485+0000] {logging_mixin.py:188} INFO - [2024-05-22T06:43:47.485+0000] {dagbag.py:545} INFO - Filling up the DagBag from /home/airflow/.local/lib/python3.12/site-packages/airflow/example_dags/example_xcom.py
[2024-05-22T06:43:47.489+0000] {processor.py:840} INFO - DAG(s) 'example_xcom' retrieved from /home/airflow/.local/lib/python3.12/site-packages/airflow/example_dags/example_xcom.py
[2024-05-22T06:43:47.498+0000] {logging_mixin.py:188} INFO - [2024-05-22T06:43:47.498+0000] {dag.py:3096} INFO - Sync 1 DAGs
[2024-05-22T06:43:47.507+0000] {logging_mixin.py:188} INFO - [2024-05-22T06:43:47.507+0000] {dag.py:3954} INFO - Setting next_dagrun for example_xcom to 2021-01-01 00:00:00+00:00, run_after=2021-01-01 00:00:00+00:00
[2024-05-22T06:43:47.514+0000] {processor.py:183} INFO - Processing /home/airflow/.local/lib/python3.12/site-packages/airflow/example_dags/example_xcom.py took 0.033 seconds
[2024-05-22T07:00:23.995+0000] {processor.py:161} INFO - Started process (PID=30362) to work on /home/airflow/.local/lib/python3.12/site-packages/airflow/example_dags/example_xcom.py
[2024-05-22T07:00:23.996+0000] {processor.py:830} INFO - Processing file /home/airflow/.local/lib/python3.12/site-packages/airflow/example_dags/example_xcom.py for tasks to queue
[2024-05-22T07:00:23.997+0000] {logging_mixin.py:188} INFO - [2024-05-22T07:00:23.997+0000] {dagbag.py:545} INFO - Filling up the DagBag from /home/airflow/.local/lib/python3.12/site-packages/airflow/example_dags/example_xcom.py
[2024-05-22T07:00:24.000+0000] {processor.py:840} INFO - DAG(s) 'example_xcom' retrieved from /home/airflow/.local/lib/python3.12/site-packages/airflow/example_dags/example_xcom.py
[2024-05-22T07:00:24.009+0000] {logging_mixin.py:188} INFO - [2024-05-22T07:00:24.009+0000] {dag.py:3096} INFO - Sync 1 DAGs
[2024-05-22T07:00:24.018+0000] {logging_mixin.py:188} INFO - [2024-05-22T07:00:24.018+0000] {dag.py:3954} INFO - Setting next_dagrun for example_xcom to 2021-01-01 00:00:00+00:00, run_after=2021-01-01 00:00:00+00:00
[2024-05-22T07:00:24.025+0000] {processor.py:183} INFO - Processing /home/airflow/.local/lib/python3.12/site-packages/airflow/example_dags/example_xcom.py took 0.032 seconds
[2024-05-22T07:34:45.382+0000] {processor.py:161} INFO - Started process (PID=30420) to work on /home/airflow/.local/lib/python3.12/site-packages/airflow/example_dags/example_xcom.py
[2024-05-22T07:34:45.383+0000] {processor.py:830} INFO - Processing file /home/airflow/.local/lib/python3.12/site-packages/airflow/example_dags/example_xcom.py for tasks to queue
[2024-05-22T07:34:45.383+0000] {logging_mixin.py:188} INFO - [2024-05-22T07:34:45.383+0000] {dagbag.py:545} INFO - Filling up the DagBag from /home/airflow/.local/lib/python3.12/site-packages/airflow/example_dags/example_xcom.py
[2024-05-22T07:34:45.387+0000] {processor.py:840} INFO - DAG(s) 'example_xcom' retrieved from /home/airflow/.local/lib/python3.12/site-packages/airflow/example_dags/example_xcom.py
[2024-05-22T07:34:45.396+0000] {logging_mixin.py:188} INFO - [2024-05-22T07:34:45.396+0000] {dag.py:3096} INFO - Sync 1 DAGs
[2024-05-22T07:34:45.404+0000] {logging_mixin.py:188} INFO - [2024-05-22T07:34:45.404+0000] {dag.py:3954} INFO - Setting next_dagrun for example_xcom to 2021-01-01 00:00:00+00:00, run_after=2021-01-01 00:00:00+00:00
[2024-05-22T07:34:45.411+0000] {processor.py:183} INFO - Processing /home/airflow/.local/lib/python3.12/site-packages/airflow/example_dags/example_xcom.py took 0.032 seconds
[2024-05-22T07:44:32.699+0000] {processor.py:161} INFO - Started process (PID=30478) to work on /home/airflow/.local/lib/python3.12/site-packages/airflow/example_dags/example_xcom.py
[2024-05-22T07:44:32.699+0000] {processor.py:830} INFO - Processing file /home/airflow/.local/lib/python3.12/site-packages/airflow/example_dags/example_xcom.py for tasks to queue
[2024-05-22T07:44:32.700+0000] {logging_mixin.py:188} INFO - [2024-05-22T07:44:32.700+0000] {dagbag.py:545} INFO - Filling up the DagBag from /home/airflow/.local/lib/python3.12/site-packages/airflow/example_dags/example_xcom.py
[2024-05-22T07:44:32.704+0000] {processor.py:840} INFO - DAG(s) 'example_xcom' retrieved from /home/airflow/.local/lib/python3.12/site-packages/airflow/example_dags/example_xcom.py
[2024-05-22T07:44:32.712+0000] {logging_mixin.py:188} INFO - [2024-05-22T07:44:32.712+0000] {dag.py:3096} INFO - Sync 1 DAGs
[2024-05-22T07:44:32.722+0000] {logging_mixin.py:188} INFO - [2024-05-22T07:44:32.721+0000] {dag.py:3954} INFO - Setting next_dagrun for example_xcom to 2021-01-01 00:00:00+00:00, run_after=2021-01-01 00:00:00+00:00
[2024-05-22T07:44:32.729+0000] {processor.py:183} INFO - Processing /home/airflow/.local/lib/python3.12/site-packages/airflow/example_dags/example_xcom.py took 0.033 seconds
