[2024-05-22T01:00:14.123+0000] {processor.py:161} INFO - Started process (PID=29656) to work on /home/airflow/.local/lib/python3.12/site-packages/airflow/example_dags/example_setup_teardown.py
[2024-05-22T01:00:14.124+0000] {processor.py:830} INFO - Processing file /home/airflow/.local/lib/python3.12/site-packages/airflow/example_dags/example_setup_teardown.py for tasks to queue
[2024-05-22T01:00:14.124+0000] {logging_mixin.py:188} INFO - [2024-05-22T01:00:14.124+0000] {dagbag.py:545} INFO - Filling up the DagBag from /home/airflow/.local/lib/python3.12/site-packages/airflow/example_dags/example_setup_teardown.py
[2024-05-22T01:00:14.127+0000] {processor.py:840} INFO - DAG(s) 'example_setup_teardown' retrieved from /home/airflow/.local/lib/python3.12/site-packages/airflow/example_dags/example_setup_teardown.py
[2024-05-22T01:00:14.135+0000] {logging_mixin.py:188} INFO - [2024-05-22T01:00:14.135+0000] {dag.py:3096} INFO - Sync 1 DAGs
[2024-05-22T01:00:14.143+0000] {logging_mixin.py:188} INFO - [2024-05-22T01:00:14.143+0000] {dag.py:3954} INFO - Setting next_dagrun for example_setup_teardown to 2024-05-21 00:00:00+00:00, run_after=2024-05-22 00:00:00+00:00
[2024-05-22T01:00:14.149+0000] {processor.py:183} INFO - Processing /home/airflow/.local/lib/python3.12/site-packages/airflow/example_dags/example_setup_teardown.py took 0.028 seconds
[2024-05-22T02:26:34.317+0000] {processor.py:161} INFO - Started process (PID=29714) to work on /home/airflow/.local/lib/python3.12/site-packages/airflow/example_dags/example_setup_teardown.py
[2024-05-22T02:26:34.317+0000] {processor.py:830} INFO - Processing file /home/airflow/.local/lib/python3.12/site-packages/airflow/example_dags/example_setup_teardown.py for tasks to queue
[2024-05-22T02:26:34.318+0000] {logging_mixin.py:188} INFO - [2024-05-22T02:26:34.318+0000] {dagbag.py:545} INFO - Filling up the DagBag from /home/airflow/.local/lib/python3.12/site-packages/airflow/example_dags/example_setup_teardown.py
[2024-05-22T02:26:34.321+0000] {processor.py:840} INFO - DAG(s) 'example_setup_teardown' retrieved from /home/airflow/.local/lib/python3.12/site-packages/airflow/example_dags/example_setup_teardown.py
[2024-05-22T02:26:34.329+0000] {logging_mixin.py:188} INFO - [2024-05-22T02:26:34.329+0000] {dag.py:3096} INFO - Sync 1 DAGs
[2024-05-22T02:26:34.338+0000] {logging_mixin.py:188} INFO - [2024-05-22T02:26:34.337+0000] {dag.py:3954} INFO - Setting next_dagrun for example_setup_teardown to 2024-05-21 00:00:00+00:00, run_after=2024-05-22 00:00:00+00:00
[2024-05-22T02:26:34.344+0000] {processor.py:183} INFO - Processing /home/airflow/.local/lib/python3.12/site-packages/airflow/example_dags/example_setup_teardown.py took 0.030 seconds
[2024-05-22T02:27:05.052+0000] {processor.py:161} INFO - Started process (PID=29772) to work on /home/airflow/.local/lib/python3.12/site-packages/airflow/example_dags/example_setup_teardown.py
[2024-05-22T02:27:05.053+0000] {processor.py:830} INFO - Processing file /home/airflow/.local/lib/python3.12/site-packages/airflow/example_dags/example_setup_teardown.py for tasks to queue
[2024-05-22T02:27:05.054+0000] {logging_mixin.py:188} INFO - [2024-05-22T02:27:05.054+0000] {dagbag.py:545} INFO - Filling up the DagBag from /home/airflow/.local/lib/python3.12/site-packages/airflow/example_dags/example_setup_teardown.py
[2024-05-22T02:27:05.057+0000] {processor.py:840} INFO - DAG(s) 'example_setup_teardown' retrieved from /home/airflow/.local/lib/python3.12/site-packages/airflow/example_dags/example_setup_teardown.py
[2024-05-22T02:27:05.066+0000] {logging_mixin.py:188} INFO - [2024-05-22T02:27:05.066+0000] {dag.py:3096} INFO - Sync 1 DAGs
[2024-05-22T02:27:05.075+0000] {logging_mixin.py:188} INFO - [2024-05-22T02:27:05.074+0000] {dag.py:3954} INFO - Setting next_dagrun for example_setup_teardown to 2024-05-21 00:00:00+00:00, run_after=2024-05-22 00:00:00+00:00
[2024-05-22T02:27:05.081+0000] {processor.py:183} INFO - Processing /home/airflow/.local/lib/python3.12/site-packages/airflow/example_dags/example_setup_teardown.py took 0.032 seconds
[2024-05-22T03:16:29.153+0000] {processor.py:161} INFO - Started process (PID=29830) to work on /home/airflow/.local/lib/python3.12/site-packages/airflow/example_dags/example_setup_teardown.py
[2024-05-22T03:16:29.153+0000] {processor.py:830} INFO - Processing file /home/airflow/.local/lib/python3.12/site-packages/airflow/example_dags/example_setup_teardown.py for tasks to queue
[2024-05-22T03:16:29.154+0000] {logging_mixin.py:188} INFO - [2024-05-22T03:16:29.154+0000] {dagbag.py:545} INFO - Filling up the DagBag from /home/airflow/.local/lib/python3.12/site-packages/airflow/example_dags/example_setup_teardown.py
[2024-05-22T03:16:29.158+0000] {processor.py:840} INFO - DAG(s) 'example_setup_teardown' retrieved from /home/airflow/.local/lib/python3.12/site-packages/airflow/example_dags/example_setup_teardown.py
[2024-05-22T03:16:29.166+0000] {logging_mixin.py:188} INFO - [2024-05-22T03:16:29.166+0000] {dag.py:3096} INFO - Sync 1 DAGs
[2024-05-22T03:16:29.175+0000] {logging_mixin.py:188} INFO - [2024-05-22T03:16:29.175+0000] {dag.py:3954} INFO - Setting next_dagrun for example_setup_teardown to 2024-05-21 00:00:00+00:00, run_after=2024-05-22 00:00:00+00:00
[2024-05-22T03:16:29.182+0000] {processor.py:183} INFO - Processing /home/airflow/.local/lib/python3.12/site-packages/airflow/example_dags/example_setup_teardown.py took 0.031 seconds
[2024-05-22T04:42:08.602+0000] {processor.py:161} INFO - Started process (PID=29888) to work on /home/airflow/.local/lib/python3.12/site-packages/airflow/example_dags/example_setup_teardown.py
[2024-05-22T04:42:08.602+0000] {processor.py:830} INFO - Processing file /home/airflow/.local/lib/python3.12/site-packages/airflow/example_dags/example_setup_teardown.py for tasks to queue
[2024-05-22T04:42:08.603+0000] {logging_mixin.py:188} INFO - [2024-05-22T04:42:08.603+0000] {dagbag.py:545} INFO - Filling up the DagBag from /home/airflow/.local/lib/python3.12/site-packages/airflow/example_dags/example_setup_teardown.py
[2024-05-22T04:42:08.606+0000] {processor.py:840} INFO - DAG(s) 'example_setup_teardown' retrieved from /home/airflow/.local/lib/python3.12/site-packages/airflow/example_dags/example_setup_teardown.py
[2024-05-22T04:42:08.615+0000] {logging_mixin.py:188} INFO - [2024-05-22T04:42:08.615+0000] {dag.py:3096} INFO - Sync 1 DAGs
[2024-05-22T04:42:08.623+0000] {logging_mixin.py:188} INFO - [2024-05-22T04:42:08.623+0000] {dag.py:3954} INFO - Setting next_dagrun for example_setup_teardown to 2024-05-21 00:00:00+00:00, run_after=2024-05-22 00:00:00+00:00
[2024-05-22T04:42:08.629+0000] {processor.py:183} INFO - Processing /home/airflow/.local/lib/python3.12/site-packages/airflow/example_dags/example_setup_teardown.py took 0.030 seconds
[2024-05-22T04:42:39.076+0000] {processor.py:161} INFO - Started process (PID=29946) to work on /home/airflow/.local/lib/python3.12/site-packages/airflow/example_dags/example_setup_teardown.py
[2024-05-22T04:42:39.077+0000] {processor.py:830} INFO - Processing file /home/airflow/.local/lib/python3.12/site-packages/airflow/example_dags/example_setup_teardown.py for tasks to queue
[2024-05-22T04:42:39.077+0000] {logging_mixin.py:188} INFO - [2024-05-22T04:42:39.077+0000] {dagbag.py:545} INFO - Filling up the DagBag from /home/airflow/.local/lib/python3.12/site-packages/airflow/example_dags/example_setup_teardown.py
[2024-05-22T04:42:39.080+0000] {processor.py:840} INFO - DAG(s) 'example_setup_teardown' retrieved from /home/airflow/.local/lib/python3.12/site-packages/airflow/example_dags/example_setup_teardown.py
[2024-05-22T04:42:39.089+0000] {logging_mixin.py:188} INFO - [2024-05-22T04:42:39.088+0000] {dag.py:3096} INFO - Sync 1 DAGs
[2024-05-22T04:42:39.097+0000] {logging_mixin.py:188} INFO - [2024-05-22T04:42:39.097+0000] {dag.py:3954} INFO - Setting next_dagrun for example_setup_teardown to 2024-05-21 00:00:00+00:00, run_after=2024-05-22 00:00:00+00:00
[2024-05-22T04:42:39.104+0000] {processor.py:183} INFO - Processing /home/airflow/.local/lib/python3.12/site-packages/airflow/example_dags/example_setup_teardown.py took 0.030 seconds
[2024-05-22T05:33:33.241+0000] {processor.py:161} INFO - Started process (PID=30004) to work on /home/airflow/.local/lib/python3.12/site-packages/airflow/example_dags/example_setup_teardown.py
[2024-05-22T05:33:33.242+0000] {processor.py:830} INFO - Processing file /home/airflow/.local/lib/python3.12/site-packages/airflow/example_dags/example_setup_teardown.py for tasks to queue
[2024-05-22T05:33:33.243+0000] {logging_mixin.py:188} INFO - [2024-05-22T05:33:33.242+0000] {dagbag.py:545} INFO - Filling up the DagBag from /home/airflow/.local/lib/python3.12/site-packages/airflow/example_dags/example_setup_teardown.py
[2024-05-22T05:33:33.245+0000] {processor.py:840} INFO - DAG(s) 'example_setup_teardown' retrieved from /home/airflow/.local/lib/python3.12/site-packages/airflow/example_dags/example_setup_teardown.py
[2024-05-22T05:33:33.389+0000] {logging_mixin.py:188} INFO - [2024-05-22T05:33:33.389+0000] {dag.py:3096} INFO - Sync 1 DAGs
[2024-05-22T05:33:33.402+0000] {logging_mixin.py:188} INFO - [2024-05-22T05:33:33.402+0000] {dag.py:3954} INFO - Setting next_dagrun for example_setup_teardown to 2024-05-21 00:00:00+00:00, run_after=2024-05-22 00:00:00+00:00
[2024-05-22T05:33:33.439+0000] {processor.py:183} INFO - Processing /home/airflow/.local/lib/python3.12/site-packages/airflow/example_dags/example_setup_teardown.py took 0.200 seconds
[2024-05-22T05:54:38.545+0000] {processor.py:161} INFO - Started process (PID=30062) to work on /home/airflow/.local/lib/python3.12/site-packages/airflow/example_dags/example_setup_teardown.py
[2024-05-22T05:54:38.546+0000] {processor.py:830} INFO - Processing file /home/airflow/.local/lib/python3.12/site-packages/airflow/example_dags/example_setup_teardown.py for tasks to queue
[2024-05-22T05:54:38.546+0000] {logging_mixin.py:188} INFO - [2024-05-22T05:54:38.546+0000] {dagbag.py:545} INFO - Filling up the DagBag from /home/airflow/.local/lib/python3.12/site-packages/airflow/example_dags/example_setup_teardown.py
[2024-05-22T05:54:38.549+0000] {processor.py:840} INFO - DAG(s) 'example_setup_teardown' retrieved from /home/airflow/.local/lib/python3.12/site-packages/airflow/example_dags/example_setup_teardown.py
[2024-05-22T05:54:38.558+0000] {logging_mixin.py:188} INFO - [2024-05-22T05:54:38.558+0000] {dag.py:3096} INFO - Sync 1 DAGs
[2024-05-22T05:54:38.569+0000] {logging_mixin.py:188} INFO - [2024-05-22T05:54:38.569+0000] {dag.py:3954} INFO - Setting next_dagrun for example_setup_teardown to 2024-05-21 00:00:00+00:00, run_after=2024-05-22 00:00:00+00:00
[2024-05-22T05:54:38.577+0000] {processor.py:183} INFO - Processing /home/airflow/.local/lib/python3.12/site-packages/airflow/example_dags/example_setup_teardown.py took 0.035 seconds
[2024-05-22T06:02:11.745+0000] {processor.py:161} INFO - Started process (PID=30120) to work on /home/airflow/.local/lib/python3.12/site-packages/airflow/example_dags/example_setup_teardown.py
[2024-05-22T06:02:11.745+0000] {processor.py:830} INFO - Processing file /home/airflow/.local/lib/python3.12/site-packages/airflow/example_dags/example_setup_teardown.py for tasks to queue
[2024-05-22T06:02:11.746+0000] {logging_mixin.py:188} INFO - [2024-05-22T06:02:11.746+0000] {dagbag.py:545} INFO - Filling up the DagBag from /home/airflow/.local/lib/python3.12/site-packages/airflow/example_dags/example_setup_teardown.py
[2024-05-22T06:02:11.750+0000] {processor.py:840} INFO - DAG(s) 'example_setup_teardown' retrieved from /home/airflow/.local/lib/python3.12/site-packages/airflow/example_dags/example_setup_teardown.py
[2024-05-22T06:02:11.758+0000] {logging_mixin.py:188} INFO - [2024-05-22T06:02:11.758+0000] {dag.py:3096} INFO - Sync 1 DAGs
[2024-05-22T06:02:11.767+0000] {logging_mixin.py:188} INFO - [2024-05-22T06:02:11.767+0000] {dag.py:3954} INFO - Setting next_dagrun for example_setup_teardown to 2024-05-21 00:00:00+00:00, run_after=2024-05-22 00:00:00+00:00
[2024-05-22T06:02:11.774+0000] {processor.py:183} INFO - Processing /home/airflow/.local/lib/python3.12/site-packages/airflow/example_dags/example_setup_teardown.py took 0.032 seconds
[2024-05-22T06:02:42.319+0000] {processor.py:161} INFO - Started process (PID=30178) to work on /home/airflow/.local/lib/python3.12/site-packages/airflow/example_dags/example_setup_teardown.py
[2024-05-22T06:02:42.320+0000] {processor.py:830} INFO - Processing file /home/airflow/.local/lib/python3.12/site-packages/airflow/example_dags/example_setup_teardown.py for tasks to queue
[2024-05-22T06:02:42.321+0000] {logging_mixin.py:188} INFO - [2024-05-22T06:02:42.321+0000] {dagbag.py:545} INFO - Filling up the DagBag from /home/airflow/.local/lib/python3.12/site-packages/airflow/example_dags/example_setup_teardown.py
[2024-05-22T06:02:42.324+0000] {processor.py:840} INFO - DAG(s) 'example_setup_teardown' retrieved from /home/airflow/.local/lib/python3.12/site-packages/airflow/example_dags/example_setup_teardown.py
[2024-05-22T06:02:42.332+0000] {logging_mixin.py:188} INFO - [2024-05-22T06:02:42.332+0000] {dag.py:3096} INFO - Sync 1 DAGs
[2024-05-22T06:02:42.340+0000] {logging_mixin.py:188} INFO - [2024-05-22T06:02:42.340+0000] {dag.py:3954} INFO - Setting next_dagrun for example_setup_teardown to 2024-05-21 00:00:00+00:00, run_after=2024-05-22 00:00:00+00:00
[2024-05-22T06:02:42.346+0000] {processor.py:183} INFO - Processing /home/airflow/.local/lib/python3.12/site-packages/airflow/example_dags/example_setup_teardown.py took 0.029 seconds
[2024-05-22T06:43:16.577+0000] {processor.py:161} INFO - Started process (PID=30236) to work on /home/airflow/.local/lib/python3.12/site-packages/airflow/example_dags/example_setup_teardown.py
[2024-05-22T06:43:16.577+0000] {processor.py:830} INFO - Processing file /home/airflow/.local/lib/python3.12/site-packages/airflow/example_dags/example_setup_teardown.py for tasks to queue
[2024-05-22T06:43:16.578+0000] {logging_mixin.py:188} INFO - [2024-05-22T06:43:16.578+0000] {dagbag.py:545} INFO - Filling up the DagBag from /home/airflow/.local/lib/python3.12/site-packages/airflow/example_dags/example_setup_teardown.py
[2024-05-22T06:43:16.581+0000] {processor.py:840} INFO - DAG(s) 'example_setup_teardown' retrieved from /home/airflow/.local/lib/python3.12/site-packages/airflow/example_dags/example_setup_teardown.py
[2024-05-22T06:43:16.590+0000] {logging_mixin.py:188} INFO - [2024-05-22T06:43:16.590+0000] {dag.py:3096} INFO - Sync 1 DAGs
[2024-05-22T06:43:16.599+0000] {logging_mixin.py:188} INFO - [2024-05-22T06:43:16.599+0000] {dag.py:3954} INFO - Setting next_dagrun for example_setup_teardown to 2024-05-21 00:00:00+00:00, run_after=2024-05-22 00:00:00+00:00
[2024-05-22T06:43:16.606+0000] {processor.py:183} INFO - Processing /home/airflow/.local/lib/python3.12/site-packages/airflow/example_dags/example_setup_teardown.py took 0.031 seconds
[2024-05-22T06:43:47.213+0000] {processor.py:161} INFO - Started process (PID=30294) to work on /home/airflow/.local/lib/python3.12/site-packages/airflow/example_dags/example_setup_teardown.py
[2024-05-22T06:43:47.213+0000] {processor.py:830} INFO - Processing file /home/airflow/.local/lib/python3.12/site-packages/airflow/example_dags/example_setup_teardown.py for tasks to queue
[2024-05-22T06:43:47.214+0000] {logging_mixin.py:188} INFO - [2024-05-22T06:43:47.214+0000] {dagbag.py:545} INFO - Filling up the DagBag from /home/airflow/.local/lib/python3.12/site-packages/airflow/example_dags/example_setup_teardown.py
[2024-05-22T06:43:47.217+0000] {processor.py:840} INFO - DAG(s) 'example_setup_teardown' retrieved from /home/airflow/.local/lib/python3.12/site-packages/airflow/example_dags/example_setup_teardown.py
[2024-05-22T06:43:47.226+0000] {logging_mixin.py:188} INFO - [2024-05-22T06:43:47.225+0000] {dag.py:3096} INFO - Sync 1 DAGs
[2024-05-22T06:43:47.235+0000] {logging_mixin.py:188} INFO - [2024-05-22T06:43:47.235+0000] {dag.py:3954} INFO - Setting next_dagrun for example_setup_teardown to 2024-05-21 00:00:00+00:00, run_after=2024-05-22 00:00:00+00:00
[2024-05-22T06:43:47.241+0000] {processor.py:183} INFO - Processing /home/airflow/.local/lib/python3.12/site-packages/airflow/example_dags/example_setup_teardown.py took 0.031 seconds
[2024-05-22T07:00:23.761+0000] {processor.py:161} INFO - Started process (PID=30351) to work on /home/airflow/.local/lib/python3.12/site-packages/airflow/example_dags/example_setup_teardown.py
[2024-05-22T07:00:23.761+0000] {processor.py:830} INFO - Processing file /home/airflow/.local/lib/python3.12/site-packages/airflow/example_dags/example_setup_teardown.py for tasks to queue
[2024-05-22T07:00:23.762+0000] {logging_mixin.py:188} INFO - [2024-05-22T07:00:23.762+0000] {dagbag.py:545} INFO - Filling up the DagBag from /home/airflow/.local/lib/python3.12/site-packages/airflow/example_dags/example_setup_teardown.py
[2024-05-22T07:00:23.765+0000] {processor.py:840} INFO - DAG(s) 'example_setup_teardown' retrieved from /home/airflow/.local/lib/python3.12/site-packages/airflow/example_dags/example_setup_teardown.py
[2024-05-22T07:00:23.774+0000] {logging_mixin.py:188} INFO - [2024-05-22T07:00:23.774+0000] {dag.py:3096} INFO - Sync 1 DAGs
[2024-05-22T07:00:23.782+0000] {logging_mixin.py:188} INFO - [2024-05-22T07:00:23.782+0000] {dag.py:3954} INFO - Setting next_dagrun for example_setup_teardown to 2024-05-21 00:00:00+00:00, run_after=2024-05-22 00:00:00+00:00
[2024-05-22T07:00:23.789+0000] {processor.py:183} INFO - Processing /home/airflow/.local/lib/python3.12/site-packages/airflow/example_dags/example_setup_teardown.py took 0.030 seconds
[2024-05-22T07:34:45.142+0000] {processor.py:161} INFO - Started process (PID=30409) to work on /home/airflow/.local/lib/python3.12/site-packages/airflow/example_dags/example_setup_teardown.py
[2024-05-22T07:34:45.142+0000] {processor.py:830} INFO - Processing file /home/airflow/.local/lib/python3.12/site-packages/airflow/example_dags/example_setup_teardown.py for tasks to queue
[2024-05-22T07:34:45.143+0000] {logging_mixin.py:188} INFO - [2024-05-22T07:34:45.143+0000] {dagbag.py:545} INFO - Filling up the DagBag from /home/airflow/.local/lib/python3.12/site-packages/airflow/example_dags/example_setup_teardown.py
[2024-05-22T07:34:45.147+0000] {processor.py:840} INFO - DAG(s) 'example_setup_teardown' retrieved from /home/airflow/.local/lib/python3.12/site-packages/airflow/example_dags/example_setup_teardown.py
[2024-05-22T07:34:45.156+0000] {logging_mixin.py:188} INFO - [2024-05-22T07:34:45.156+0000] {dag.py:3096} INFO - Sync 1 DAGs
[2024-05-22T07:34:45.165+0000] {logging_mixin.py:188} INFO - [2024-05-22T07:34:45.165+0000] {dag.py:3954} INFO - Setting next_dagrun for example_setup_teardown to 2024-05-21 00:00:00+00:00, run_after=2024-05-22 00:00:00+00:00
[2024-05-22T07:34:45.171+0000] {processor.py:183} INFO - Processing /home/airflow/.local/lib/python3.12/site-packages/airflow/example_dags/example_setup_teardown.py took 0.032 seconds
[2024-05-22T07:44:32.456+0000] {processor.py:161} INFO - Started process (PID=30467) to work on /home/airflow/.local/lib/python3.12/site-packages/airflow/example_dags/example_setup_teardown.py
[2024-05-22T07:44:32.457+0000] {processor.py:830} INFO - Processing file /home/airflow/.local/lib/python3.12/site-packages/airflow/example_dags/example_setup_teardown.py for tasks to queue
[2024-05-22T07:44:32.458+0000] {logging_mixin.py:188} INFO - [2024-05-22T07:44:32.457+0000] {dagbag.py:545} INFO - Filling up the DagBag from /home/airflow/.local/lib/python3.12/site-packages/airflow/example_dags/example_setup_teardown.py
[2024-05-22T07:44:32.461+0000] {processor.py:840} INFO - DAG(s) 'example_setup_teardown' retrieved from /home/airflow/.local/lib/python3.12/site-packages/airflow/example_dags/example_setup_teardown.py
[2024-05-22T07:44:32.469+0000] {logging_mixin.py:188} INFO - [2024-05-22T07:44:32.469+0000] {dag.py:3096} INFO - Sync 1 DAGs
[2024-05-22T07:44:32.477+0000] {logging_mixin.py:188} INFO - [2024-05-22T07:44:32.477+0000] {dag.py:3954} INFO - Setting next_dagrun for example_setup_teardown to 2024-05-21 00:00:00+00:00, run_after=2024-05-22 00:00:00+00:00
[2024-05-22T07:44:32.484+0000] {processor.py:183} INFO - Processing /home/airflow/.local/lib/python3.12/site-packages/airflow/example_dags/example_setup_teardown.py took 0.030 seconds
