[2024-05-22T01:00:14.390+0000] {processor.py:161} INFO - Started process (PID=29666) to work on /home/airflow/.local/lib/python3.12/site-packages/airflow/example_dags/example_sensor_decorator.py
[2024-05-22T01:00:14.391+0000] {processor.py:830} INFO - Processing file /home/airflow/.local/lib/python3.12/site-packages/airflow/example_dags/example_sensor_decorator.py for tasks to queue
[2024-05-22T01:00:14.391+0000] {logging_mixin.py:188} INFO - [2024-05-22T01:00:14.391+0000] {dagbag.py:545} INFO - Filling up the DagBag from /home/airflow/.local/lib/python3.12/site-packages/airflow/example_dags/example_sensor_decorator.py
[2024-05-22T01:00:14.395+0000] {processor.py:840} INFO - DAG(s) 'example_sensor_decorator' retrieved from /home/airflow/.local/lib/python3.12/site-packages/airflow/example_dags/example_sensor_decorator.py
[2024-05-22T01:00:14.402+0000] {logging_mixin.py:188} INFO - [2024-05-22T01:00:14.402+0000] {dag.py:3096} INFO - Sync 1 DAGs
[2024-05-22T01:00:14.407+0000] {logging_mixin.py:188} INFO - [2024-05-22T01:00:14.407+0000] {dag.py:3954} INFO - Setting next_dagrun for example_sensor_decorator to None, run_after=None
[2024-05-22T01:00:14.415+0000] {processor.py:183} INFO - Processing /home/airflow/.local/lib/python3.12/site-packages/airflow/example_dags/example_sensor_decorator.py took 0.027 seconds
[2024-05-22T02:26:34.521+0000] {processor.py:161} INFO - Started process (PID=29724) to work on /home/airflow/.local/lib/python3.12/site-packages/airflow/example_dags/example_sensor_decorator.py
[2024-05-22T02:26:34.521+0000] {processor.py:830} INFO - Processing file /home/airflow/.local/lib/python3.12/site-packages/airflow/example_dags/example_sensor_decorator.py for tasks to queue
[2024-05-22T02:26:34.522+0000] {logging_mixin.py:188} INFO - [2024-05-22T02:26:34.522+0000] {dagbag.py:545} INFO - Filling up the DagBag from /home/airflow/.local/lib/python3.12/site-packages/airflow/example_dags/example_sensor_decorator.py
[2024-05-22T02:26:34.525+0000] {processor.py:840} INFO - DAG(s) 'example_sensor_decorator' retrieved from /home/airflow/.local/lib/python3.12/site-packages/airflow/example_dags/example_sensor_decorator.py
[2024-05-22T02:26:34.533+0000] {logging_mixin.py:188} INFO - [2024-05-22T02:26:34.533+0000] {dag.py:3096} INFO - Sync 1 DAGs
[2024-05-22T02:26:34.538+0000] {logging_mixin.py:188} INFO - [2024-05-22T02:26:34.538+0000] {dag.py:3954} INFO - Setting next_dagrun for example_sensor_decorator to None, run_after=None
[2024-05-22T02:26:34.545+0000] {processor.py:183} INFO - Processing /home/airflow/.local/lib/python3.12/site-packages/airflow/example_dags/example_sensor_decorator.py took 0.027 seconds
[2024-05-22T02:27:05.268+0000] {processor.py:161} INFO - Started process (PID=29782) to work on /home/airflow/.local/lib/python3.12/site-packages/airflow/example_dags/example_sensor_decorator.py
[2024-05-22T02:27:05.269+0000] {processor.py:830} INFO - Processing file /home/airflow/.local/lib/python3.12/site-packages/airflow/example_dags/example_sensor_decorator.py for tasks to queue
[2024-05-22T02:27:05.269+0000] {logging_mixin.py:188} INFO - [2024-05-22T02:27:05.269+0000] {dagbag.py:545} INFO - Filling up the DagBag from /home/airflow/.local/lib/python3.12/site-packages/airflow/example_dags/example_sensor_decorator.py
[2024-05-22T02:27:05.272+0000] {processor.py:840} INFO - DAG(s) 'example_sensor_decorator' retrieved from /home/airflow/.local/lib/python3.12/site-packages/airflow/example_dags/example_sensor_decorator.py
[2024-05-22T02:27:05.281+0000] {logging_mixin.py:188} INFO - [2024-05-22T02:27:05.280+0000] {dag.py:3096} INFO - Sync 1 DAGs
[2024-05-22T02:27:05.286+0000] {logging_mixin.py:188} INFO - [2024-05-22T02:27:05.286+0000] {dag.py:3954} INFO - Setting next_dagrun for example_sensor_decorator to None, run_after=None
[2024-05-22T02:27:05.292+0000] {processor.py:183} INFO - Processing /home/airflow/.local/lib/python3.12/site-packages/airflow/example_dags/example_sensor_decorator.py took 0.027 seconds
[2024-05-22T03:16:29.355+0000] {processor.py:161} INFO - Started process (PID=29840) to work on /home/airflow/.local/lib/python3.12/site-packages/airflow/example_dags/example_sensor_decorator.py
[2024-05-22T03:16:29.355+0000] {processor.py:830} INFO - Processing file /home/airflow/.local/lib/python3.12/site-packages/airflow/example_dags/example_sensor_decorator.py for tasks to queue
[2024-05-22T03:16:29.356+0000] {logging_mixin.py:188} INFO - [2024-05-22T03:16:29.356+0000] {dagbag.py:545} INFO - Filling up the DagBag from /home/airflow/.local/lib/python3.12/site-packages/airflow/example_dags/example_sensor_decorator.py
[2024-05-22T03:16:29.359+0000] {processor.py:840} INFO - DAG(s) 'example_sensor_decorator' retrieved from /home/airflow/.local/lib/python3.12/site-packages/airflow/example_dags/example_sensor_decorator.py
[2024-05-22T03:16:29.367+0000] {logging_mixin.py:188} INFO - [2024-05-22T03:16:29.367+0000] {dag.py:3096} INFO - Sync 1 DAGs
[2024-05-22T03:16:29.372+0000] {logging_mixin.py:188} INFO - [2024-05-22T03:16:29.371+0000] {dag.py:3954} INFO - Setting next_dagrun for example_sensor_decorator to None, run_after=None
[2024-05-22T03:16:29.378+0000] {processor.py:183} INFO - Processing /home/airflow/.local/lib/python3.12/site-packages/airflow/example_dags/example_sensor_decorator.py took 0.026 seconds
[2024-05-22T04:42:08.807+0000] {processor.py:161} INFO - Started process (PID=29898) to work on /home/airflow/.local/lib/python3.12/site-packages/airflow/example_dags/example_sensor_decorator.py
[2024-05-22T04:42:08.808+0000] {processor.py:830} INFO - Processing file /home/airflow/.local/lib/python3.12/site-packages/airflow/example_dags/example_sensor_decorator.py for tasks to queue
[2024-05-22T04:42:08.809+0000] {logging_mixin.py:188} INFO - [2024-05-22T04:42:08.809+0000] {dagbag.py:545} INFO - Filling up the DagBag from /home/airflow/.local/lib/python3.12/site-packages/airflow/example_dags/example_sensor_decorator.py
[2024-05-22T04:42:08.812+0000] {processor.py:840} INFO - DAG(s) 'example_sensor_decorator' retrieved from /home/airflow/.local/lib/python3.12/site-packages/airflow/example_dags/example_sensor_decorator.py
[2024-05-22T04:42:08.820+0000] {logging_mixin.py:188} INFO - [2024-05-22T04:42:08.820+0000] {dag.py:3096} INFO - Sync 1 DAGs
[2024-05-22T04:42:08.825+0000] {logging_mixin.py:188} INFO - [2024-05-22T04:42:08.825+0000] {dag.py:3954} INFO - Setting next_dagrun for example_sensor_decorator to None, run_after=None
[2024-05-22T04:42:08.833+0000] {processor.py:183} INFO - Processing /home/airflow/.local/lib/python3.12/site-packages/airflow/example_dags/example_sensor_decorator.py took 0.028 seconds
[2024-05-22T04:42:39.309+0000] {processor.py:161} INFO - Started process (PID=29956) to work on /home/airflow/.local/lib/python3.12/site-packages/airflow/example_dags/example_sensor_decorator.py
[2024-05-22T04:42:39.310+0000] {processor.py:830} INFO - Processing file /home/airflow/.local/lib/python3.12/site-packages/airflow/example_dags/example_sensor_decorator.py for tasks to queue
[2024-05-22T04:42:39.311+0000] {logging_mixin.py:188} INFO - [2024-05-22T04:42:39.310+0000] {dagbag.py:545} INFO - Filling up the DagBag from /home/airflow/.local/lib/python3.12/site-packages/airflow/example_dags/example_sensor_decorator.py
[2024-05-22T04:42:39.313+0000] {processor.py:840} INFO - DAG(s) 'example_sensor_decorator' retrieved from /home/airflow/.local/lib/python3.12/site-packages/airflow/example_dags/example_sensor_decorator.py
[2024-05-22T04:42:39.322+0000] {logging_mixin.py:188} INFO - [2024-05-22T04:42:39.322+0000] {dag.py:3096} INFO - Sync 1 DAGs
[2024-05-22T04:42:39.327+0000] {logging_mixin.py:188} INFO - [2024-05-22T04:42:39.327+0000] {dag.py:3954} INFO - Setting next_dagrun for example_sensor_decorator to None, run_after=None
[2024-05-22T04:42:39.335+0000] {processor.py:183} INFO - Processing /home/airflow/.local/lib/python3.12/site-packages/airflow/example_dags/example_sensor_decorator.py took 0.028 seconds
[2024-05-22T05:33:33.689+0000] {processor.py:161} INFO - Started process (PID=30014) to work on /home/airflow/.local/lib/python3.12/site-packages/airflow/example_dags/example_sensor_decorator.py
[2024-05-22T05:33:33.690+0000] {processor.py:830} INFO - Processing file /home/airflow/.local/lib/python3.12/site-packages/airflow/example_dags/example_sensor_decorator.py for tasks to queue
[2024-05-22T05:33:33.690+0000] {logging_mixin.py:188} INFO - [2024-05-22T05:33:33.690+0000] {dagbag.py:545} INFO - Filling up the DagBag from /home/airflow/.local/lib/python3.12/site-packages/airflow/example_dags/example_sensor_decorator.py
[2024-05-22T05:33:33.693+0000] {processor.py:840} INFO - DAG(s) 'example_sensor_decorator' retrieved from /home/airflow/.local/lib/python3.12/site-packages/airflow/example_dags/example_sensor_decorator.py
[2024-05-22T05:33:33.702+0000] {logging_mixin.py:188} INFO - [2024-05-22T05:33:33.702+0000] {dag.py:3096} INFO - Sync 1 DAGs
[2024-05-22T05:33:33.708+0000] {logging_mixin.py:188} INFO - [2024-05-22T05:33:33.708+0000] {dag.py:3954} INFO - Setting next_dagrun for example_sensor_decorator to None, run_after=None
[2024-05-22T05:33:33.714+0000] {processor.py:183} INFO - Processing /home/airflow/.local/lib/python3.12/site-packages/airflow/example_dags/example_sensor_decorator.py took 0.028 seconds
[2024-05-22T05:54:38.818+0000] {processor.py:161} INFO - Started process (PID=30072) to work on /home/airflow/.local/lib/python3.12/site-packages/airflow/example_dags/example_sensor_decorator.py
[2024-05-22T05:54:38.820+0000] {processor.py:830} INFO - Processing file /home/airflow/.local/lib/python3.12/site-packages/airflow/example_dags/example_sensor_decorator.py for tasks to queue
[2024-05-22T05:54:38.821+0000] {logging_mixin.py:188} INFO - [2024-05-22T05:54:38.821+0000] {dagbag.py:545} INFO - Filling up the DagBag from /home/airflow/.local/lib/python3.12/site-packages/airflow/example_dags/example_sensor_decorator.py
[2024-05-22T05:54:38.825+0000] {processor.py:840} INFO - DAG(s) 'example_sensor_decorator' retrieved from /home/airflow/.local/lib/python3.12/site-packages/airflow/example_dags/example_sensor_decorator.py
[2024-05-22T05:54:38.835+0000] {logging_mixin.py:188} INFO - [2024-05-22T05:54:38.835+0000] {dag.py:3096} INFO - Sync 1 DAGs
[2024-05-22T05:54:38.841+0000] {logging_mixin.py:188} INFO - [2024-05-22T05:54:38.841+0000] {dag.py:3954} INFO - Setting next_dagrun for example_sensor_decorator to None, run_after=None
[2024-05-22T05:54:38.849+0000] {processor.py:183} INFO - Processing /home/airflow/.local/lib/python3.12/site-packages/airflow/example_dags/example_sensor_decorator.py took 0.034 seconds
[2024-05-22T06:02:12.000+0000] {processor.py:161} INFO - Started process (PID=30130) to work on /home/airflow/.local/lib/python3.12/site-packages/airflow/example_dags/example_sensor_decorator.py
[2024-05-22T06:02:12.001+0000] {processor.py:830} INFO - Processing file /home/airflow/.local/lib/python3.12/site-packages/airflow/example_dags/example_sensor_decorator.py for tasks to queue
[2024-05-22T06:02:12.002+0000] {logging_mixin.py:188} INFO - [2024-05-22T06:02:12.001+0000] {dagbag.py:545} INFO - Filling up the DagBag from /home/airflow/.local/lib/python3.12/site-packages/airflow/example_dags/example_sensor_decorator.py
[2024-05-22T06:02:12.005+0000] {processor.py:840} INFO - DAG(s) 'example_sensor_decorator' retrieved from /home/airflow/.local/lib/python3.12/site-packages/airflow/example_dags/example_sensor_decorator.py
[2024-05-22T06:02:12.018+0000] {logging_mixin.py:188} INFO - [2024-05-22T06:02:12.017+0000] {dag.py:3096} INFO - Sync 1 DAGs
[2024-05-22T06:02:12.023+0000] {logging_mixin.py:188} INFO - [2024-05-22T06:02:12.023+0000] {dag.py:3954} INFO - Setting next_dagrun for example_sensor_decorator to None, run_after=None
[2024-05-22T06:02:12.031+0000] {processor.py:183} INFO - Processing /home/airflow/.local/lib/python3.12/site-packages/airflow/example_dags/example_sensor_decorator.py took 0.034 seconds
[2024-05-22T06:02:42.564+0000] {processor.py:161} INFO - Started process (PID=30188) to work on /home/airflow/.local/lib/python3.12/site-packages/airflow/example_dags/example_sensor_decorator.py
[2024-05-22T06:02:42.565+0000] {processor.py:830} INFO - Processing file /home/airflow/.local/lib/python3.12/site-packages/airflow/example_dags/example_sensor_decorator.py for tasks to queue
[2024-05-22T06:02:42.565+0000] {logging_mixin.py:188} INFO - [2024-05-22T06:02:42.565+0000] {dagbag.py:545} INFO - Filling up the DagBag from /home/airflow/.local/lib/python3.12/site-packages/airflow/example_dags/example_sensor_decorator.py
[2024-05-22T06:02:42.568+0000] {processor.py:840} INFO - DAG(s) 'example_sensor_decorator' retrieved from /home/airflow/.local/lib/python3.12/site-packages/airflow/example_dags/example_sensor_decorator.py
[2024-05-22T06:02:42.576+0000] {logging_mixin.py:188} INFO - [2024-05-22T06:02:42.576+0000] {dag.py:3096} INFO - Sync 1 DAGs
[2024-05-22T06:02:42.581+0000] {logging_mixin.py:188} INFO - [2024-05-22T06:02:42.581+0000] {dag.py:3954} INFO - Setting next_dagrun for example_sensor_decorator to None, run_after=None
[2024-05-22T06:02:42.588+0000] {processor.py:183} INFO - Processing /home/airflow/.local/lib/python3.12/site-packages/airflow/example_dags/example_sensor_decorator.py took 0.027 seconds
[2024-05-22T06:43:16.842+0000] {processor.py:161} INFO - Started process (PID=30246) to work on /home/airflow/.local/lib/python3.12/site-packages/airflow/example_dags/example_sensor_decorator.py
[2024-05-22T06:43:16.843+0000] {processor.py:830} INFO - Processing file /home/airflow/.local/lib/python3.12/site-packages/airflow/example_dags/example_sensor_decorator.py for tasks to queue
[2024-05-22T06:43:16.844+0000] {logging_mixin.py:188} INFO - [2024-05-22T06:43:16.843+0000] {dagbag.py:545} INFO - Filling up the DagBag from /home/airflow/.local/lib/python3.12/site-packages/airflow/example_dags/example_sensor_decorator.py
[2024-05-22T06:43:16.847+0000] {processor.py:840} INFO - DAG(s) 'example_sensor_decorator' retrieved from /home/airflow/.local/lib/python3.12/site-packages/airflow/example_dags/example_sensor_decorator.py
[2024-05-22T06:43:16.855+0000] {logging_mixin.py:188} INFO - [2024-05-22T06:43:16.855+0000] {dag.py:3096} INFO - Sync 1 DAGs
[2024-05-22T06:43:16.860+0000] {logging_mixin.py:188} INFO - [2024-05-22T06:43:16.860+0000] {dag.py:3954} INFO - Setting next_dagrun for example_sensor_decorator to None, run_after=None
[2024-05-22T06:43:16.868+0000] {processor.py:183} INFO - Processing /home/airflow/.local/lib/python3.12/site-packages/airflow/example_dags/example_sensor_decorator.py took 0.028 seconds
[2024-05-22T06:43:47.455+0000] {processor.py:161} INFO - Started process (PID=30304) to work on /home/airflow/.local/lib/python3.12/site-packages/airflow/example_dags/example_sensor_decorator.py
[2024-05-22T06:43:47.455+0000] {processor.py:830} INFO - Processing file /home/airflow/.local/lib/python3.12/site-packages/airflow/example_dags/example_sensor_decorator.py for tasks to queue
[2024-05-22T06:43:47.456+0000] {logging_mixin.py:188} INFO - [2024-05-22T06:43:47.456+0000] {dagbag.py:545} INFO - Filling up the DagBag from /home/airflow/.local/lib/python3.12/site-packages/airflow/example_dags/example_sensor_decorator.py
[2024-05-22T06:43:47.459+0000] {processor.py:840} INFO - DAG(s) 'example_sensor_decorator' retrieved from /home/airflow/.local/lib/python3.12/site-packages/airflow/example_dags/example_sensor_decorator.py
[2024-05-22T06:43:47.467+0000] {logging_mixin.py:188} INFO - [2024-05-22T06:43:47.467+0000] {dag.py:3096} INFO - Sync 1 DAGs
[2024-05-22T06:43:47.472+0000] {logging_mixin.py:188} INFO - [2024-05-22T06:43:47.472+0000] {dag.py:3954} INFO - Setting next_dagrun for example_sensor_decorator to None, run_after=None
[2024-05-22T06:43:47.480+0000] {processor.py:183} INFO - Processing /home/airflow/.local/lib/python3.12/site-packages/airflow/example_dags/example_sensor_decorator.py took 0.027 seconds
[2024-05-22T07:00:23.980+0000] {processor.py:161} INFO - Started process (PID=30361) to work on /home/airflow/.local/lib/python3.12/site-packages/airflow/example_dags/example_sensor_decorator.py
[2024-05-22T07:00:23.980+0000] {processor.py:830} INFO - Processing file /home/airflow/.local/lib/python3.12/site-packages/airflow/example_dags/example_sensor_decorator.py for tasks to queue
[2024-05-22T07:00:23.981+0000] {logging_mixin.py:188} INFO - [2024-05-22T07:00:23.981+0000] {dagbag.py:545} INFO - Filling up the DagBag from /home/airflow/.local/lib/python3.12/site-packages/airflow/example_dags/example_sensor_decorator.py
[2024-05-22T07:00:23.984+0000] {processor.py:840} INFO - DAG(s) 'example_sensor_decorator' retrieved from /home/airflow/.local/lib/python3.12/site-packages/airflow/example_dags/example_sensor_decorator.py
[2024-05-22T07:00:23.993+0000] {logging_mixin.py:188} INFO - [2024-05-22T07:00:23.993+0000] {dag.py:3096} INFO - Sync 1 DAGs
[2024-05-22T07:00:23.998+0000] {logging_mixin.py:188} INFO - [2024-05-22T07:00:23.998+0000] {dag.py:3954} INFO - Setting next_dagrun for example_sensor_decorator to None, run_after=None
[2024-05-22T07:00:24.006+0000] {processor.py:183} INFO - Processing /home/airflow/.local/lib/python3.12/site-packages/airflow/example_dags/example_sensor_decorator.py took 0.030 seconds
[2024-05-22T07:34:45.365+0000] {processor.py:161} INFO - Started process (PID=30419) to work on /home/airflow/.local/lib/python3.12/site-packages/airflow/example_dags/example_sensor_decorator.py
[2024-05-22T07:34:45.365+0000] {processor.py:830} INFO - Processing file /home/airflow/.local/lib/python3.12/site-packages/airflow/example_dags/example_sensor_decorator.py for tasks to queue
[2024-05-22T07:34:45.366+0000] {logging_mixin.py:188} INFO - [2024-05-22T07:34:45.366+0000] {dagbag.py:545} INFO - Filling up the DagBag from /home/airflow/.local/lib/python3.12/site-packages/airflow/example_dags/example_sensor_decorator.py
[2024-05-22T07:34:45.369+0000] {processor.py:840} INFO - DAG(s) 'example_sensor_decorator' retrieved from /home/airflow/.local/lib/python3.12/site-packages/airflow/example_dags/example_sensor_decorator.py
[2024-05-22T07:34:45.377+0000] {logging_mixin.py:188} INFO - [2024-05-22T07:34:45.377+0000] {dag.py:3096} INFO - Sync 1 DAGs
[2024-05-22T07:34:45.382+0000] {logging_mixin.py:188} INFO - [2024-05-22T07:34:45.382+0000] {dag.py:3954} INFO - Setting next_dagrun for example_sensor_decorator to None, run_after=None
[2024-05-22T07:34:45.390+0000] {processor.py:183} INFO - Processing /home/airflow/.local/lib/python3.12/site-packages/airflow/example_dags/example_sensor_decorator.py took 0.027 seconds
[2024-05-22T07:44:32.672+0000] {processor.py:161} INFO - Started process (PID=30477) to work on /home/airflow/.local/lib/python3.12/site-packages/airflow/example_dags/example_sensor_decorator.py
[2024-05-22T07:44:32.672+0000] {processor.py:830} INFO - Processing file /home/airflow/.local/lib/python3.12/site-packages/airflow/example_dags/example_sensor_decorator.py for tasks to queue
[2024-05-22T07:44:32.673+0000] {logging_mixin.py:188} INFO - [2024-05-22T07:44:32.673+0000] {dagbag.py:545} INFO - Filling up the DagBag from /home/airflow/.local/lib/python3.12/site-packages/airflow/example_dags/example_sensor_decorator.py
[2024-05-22T07:44:32.676+0000] {processor.py:840} INFO - DAG(s) 'example_sensor_decorator' retrieved from /home/airflow/.local/lib/python3.12/site-packages/airflow/example_dags/example_sensor_decorator.py
[2024-05-22T07:44:32.684+0000] {logging_mixin.py:188} INFO - [2024-05-22T07:44:32.684+0000] {dag.py:3096} INFO - Sync 1 DAGs
[2024-05-22T07:44:32.689+0000] {logging_mixin.py:188} INFO - [2024-05-22T07:44:32.689+0000] {dag.py:3954} INFO - Setting next_dagrun for example_sensor_decorator to None, run_after=None
[2024-05-22T07:44:32.696+0000] {processor.py:183} INFO - Processing /home/airflow/.local/lib/python3.12/site-packages/airflow/example_dags/example_sensor_decorator.py took 0.026 seconds
