[2024-05-22T01:00:14.855+0000] {processor.py:161} INFO - Started process (PID=29683) to work on /home/airflow/.local/lib/python3.12/site-packages/airflow/example_dags/example_latest_only.py
[2024-05-22T01:00:14.855+0000] {processor.py:830} INFO - Processing file /home/airflow/.local/lib/python3.12/site-packages/airflow/example_dags/example_latest_only.py for tasks to queue
[2024-05-22T01:00:14.856+0000] {logging_mixin.py:188} INFO - [2024-05-22T01:00:14.856+0000] {dagbag.py:545} INFO - Filling up the DagBag from /home/airflow/.local/lib/python3.12/site-packages/airflow/example_dags/example_latest_only.py
[2024-05-22T01:00:14.858+0000] {processor.py:840} INFO - DAG(s) 'latest_only' retrieved from /home/airflow/.local/lib/python3.12/site-packages/airflow/example_dags/example_latest_only.py
[2024-05-22T01:00:14.867+0000] {logging_mixin.py:188} INFO - [2024-05-22T01:00:14.867+0000] {dag.py:3096} INFO - Sync 1 DAGs
[2024-05-22T01:00:14.876+0000] {logging_mixin.py:188} INFO - [2024-05-22T01:00:14.876+0000] {dag.py:3954} INFO - Setting next_dagrun for latest_only to 2024-05-21 20:00:00+00:00, run_after=2024-05-22 00:00:00+00:00
[2024-05-22T01:00:14.883+0000] {processor.py:183} INFO - Processing /home/airflow/.local/lib/python3.12/site-packages/airflow/example_dags/example_latest_only.py took 0.031 seconds
[2024-05-22T02:26:34.892+0000] {processor.py:161} INFO - Started process (PID=29741) to work on /home/airflow/.local/lib/python3.12/site-packages/airflow/example_dags/example_latest_only.py
[2024-05-22T02:26:34.893+0000] {processor.py:830} INFO - Processing file /home/airflow/.local/lib/python3.12/site-packages/airflow/example_dags/example_latest_only.py for tasks to queue
[2024-05-22T02:26:34.894+0000] {logging_mixin.py:188} INFO - [2024-05-22T02:26:34.894+0000] {dagbag.py:545} INFO - Filling up the DagBag from /home/airflow/.local/lib/python3.12/site-packages/airflow/example_dags/example_latest_only.py
[2024-05-22T02:26:34.897+0000] {processor.py:840} INFO - DAG(s) 'latest_only' retrieved from /home/airflow/.local/lib/python3.12/site-packages/airflow/example_dags/example_latest_only.py
[2024-05-22T02:26:34.906+0000] {logging_mixin.py:188} INFO - [2024-05-22T02:26:34.906+0000] {dag.py:3096} INFO - Sync 1 DAGs
[2024-05-22T02:26:34.915+0000] {logging_mixin.py:188} INFO - [2024-05-22T02:26:34.915+0000] {dag.py:3954} INFO - Setting next_dagrun for latest_only to 2024-05-21 20:00:00+00:00, run_after=2024-05-22 00:00:00+00:00
[2024-05-22T02:26:34.921+0000] {processor.py:183} INFO - Processing /home/airflow/.local/lib/python3.12/site-packages/airflow/example_dags/example_latest_only.py took 0.032 seconds
[2024-05-22T02:27:05.634+0000] {processor.py:161} INFO - Started process (PID=29799) to work on /home/airflow/.local/lib/python3.12/site-packages/airflow/example_dags/example_latest_only.py
[2024-05-22T02:27:05.634+0000] {processor.py:830} INFO - Processing file /home/airflow/.local/lib/python3.12/site-packages/airflow/example_dags/example_latest_only.py for tasks to queue
[2024-05-22T02:27:05.635+0000] {logging_mixin.py:188} INFO - [2024-05-22T02:27:05.635+0000] {dagbag.py:545} INFO - Filling up the DagBag from /home/airflow/.local/lib/python3.12/site-packages/airflow/example_dags/example_latest_only.py
[2024-05-22T02:27:05.637+0000] {processor.py:840} INFO - DAG(s) 'latest_only' retrieved from /home/airflow/.local/lib/python3.12/site-packages/airflow/example_dags/example_latest_only.py
[2024-05-22T02:27:05.646+0000] {logging_mixin.py:188} INFO - [2024-05-22T02:27:05.646+0000] {dag.py:3096} INFO - Sync 1 DAGs
[2024-05-22T02:27:05.655+0000] {logging_mixin.py:188} INFO - [2024-05-22T02:27:05.655+0000] {dag.py:3954} INFO - Setting next_dagrun for latest_only to 2024-05-21 20:00:00+00:00, run_after=2024-05-22 00:00:00+00:00
[2024-05-22T02:27:05.662+0000] {processor.py:183} INFO - Processing /home/airflow/.local/lib/python3.12/site-packages/airflow/example_dags/example_latest_only.py took 0.031 seconds
[2024-05-22T03:16:29.768+0000] {processor.py:161} INFO - Started process (PID=29857) to work on /home/airflow/.local/lib/python3.12/site-packages/airflow/example_dags/example_latest_only.py
[2024-05-22T03:16:29.768+0000] {processor.py:830} INFO - Processing file /home/airflow/.local/lib/python3.12/site-packages/airflow/example_dags/example_latest_only.py for tasks to queue
[2024-05-22T03:16:29.769+0000] {logging_mixin.py:188} INFO - [2024-05-22T03:16:29.769+0000] {dagbag.py:545} INFO - Filling up the DagBag from /home/airflow/.local/lib/python3.12/site-packages/airflow/example_dags/example_latest_only.py
[2024-05-22T03:16:29.771+0000] {processor.py:840} INFO - DAG(s) 'latest_only' retrieved from /home/airflow/.local/lib/python3.12/site-packages/airflow/example_dags/example_latest_only.py
[2024-05-22T03:16:29.780+0000] {logging_mixin.py:188} INFO - [2024-05-22T03:16:29.780+0000] {dag.py:3096} INFO - Sync 1 DAGs
[2024-05-22T03:16:29.790+0000] {logging_mixin.py:188} INFO - [2024-05-22T03:16:29.790+0000] {dag.py:3954} INFO - Setting next_dagrun for latest_only to 2024-05-21 20:00:00+00:00, run_after=2024-05-22 00:00:00+00:00
[2024-05-22T03:16:29.797+0000] {processor.py:183} INFO - Processing /home/airflow/.local/lib/python3.12/site-packages/airflow/example_dags/example_latest_only.py took 0.032 seconds
[2024-05-22T04:42:09.195+0000] {processor.py:161} INFO - Started process (PID=29915) to work on /home/airflow/.local/lib/python3.12/site-packages/airflow/example_dags/example_latest_only.py
[2024-05-22T04:42:09.196+0000] {processor.py:830} INFO - Processing file /home/airflow/.local/lib/python3.12/site-packages/airflow/example_dags/example_latest_only.py for tasks to queue
[2024-05-22T04:42:09.196+0000] {logging_mixin.py:188} INFO - [2024-05-22T04:42:09.196+0000] {dagbag.py:545} INFO - Filling up the DagBag from /home/airflow/.local/lib/python3.12/site-packages/airflow/example_dags/example_latest_only.py
[2024-05-22T04:42:09.199+0000] {processor.py:840} INFO - DAG(s) 'latest_only' retrieved from /home/airflow/.local/lib/python3.12/site-packages/airflow/example_dags/example_latest_only.py
[2024-05-22T04:42:09.208+0000] {logging_mixin.py:188} INFO - [2024-05-22T04:42:09.208+0000] {dag.py:3096} INFO - Sync 1 DAGs
[2024-05-22T04:42:09.217+0000] {logging_mixin.py:188} INFO - [2024-05-22T04:42:09.217+0000] {dag.py:3954} INFO - Setting next_dagrun for latest_only to 2024-05-22 00:00:00+00:00, run_after=2024-05-22 04:00:00+00:00
[2024-05-22T04:42:09.225+0000] {processor.py:183} INFO - Processing /home/airflow/.local/lib/python3.12/site-packages/airflow/example_dags/example_latest_only.py took 0.032 seconds
[2024-05-22T04:42:39.684+0000] {processor.py:161} INFO - Started process (PID=29973) to work on /home/airflow/.local/lib/python3.12/site-packages/airflow/example_dags/example_latest_only.py
[2024-05-22T04:42:39.684+0000] {processor.py:830} INFO - Processing file /home/airflow/.local/lib/python3.12/site-packages/airflow/example_dags/example_latest_only.py for tasks to queue
[2024-05-22T04:42:39.685+0000] {logging_mixin.py:188} INFO - [2024-05-22T04:42:39.685+0000] {dagbag.py:545} INFO - Filling up the DagBag from /home/airflow/.local/lib/python3.12/site-packages/airflow/example_dags/example_latest_only.py
[2024-05-22T04:42:39.687+0000] {processor.py:840} INFO - DAG(s) 'latest_only' retrieved from /home/airflow/.local/lib/python3.12/site-packages/airflow/example_dags/example_latest_only.py
[2024-05-22T04:42:39.694+0000] {logging_mixin.py:188} INFO - [2024-05-22T04:42:39.694+0000] {dag.py:3096} INFO - Sync 1 DAGs
[2024-05-22T04:42:39.702+0000] {logging_mixin.py:188} INFO - [2024-05-22T04:42:39.702+0000] {dag.py:3954} INFO - Setting next_dagrun for latest_only to 2024-05-22 00:00:00+00:00, run_after=2024-05-22 04:00:00+00:00
[2024-05-22T04:42:39.708+0000] {processor.py:183} INFO - Processing /home/airflow/.local/lib/python3.12/site-packages/airflow/example_dags/example_latest_only.py took 0.027 seconds
[2024-05-22T05:33:34.108+0000] {processor.py:161} INFO - Started process (PID=30031) to work on /home/airflow/.local/lib/python3.12/site-packages/airflow/example_dags/example_latest_only.py
[2024-05-22T05:33:34.109+0000] {processor.py:830} INFO - Processing file /home/airflow/.local/lib/python3.12/site-packages/airflow/example_dags/example_latest_only.py for tasks to queue
[2024-05-22T05:33:34.110+0000] {logging_mixin.py:188} INFO - [2024-05-22T05:33:34.110+0000] {dagbag.py:545} INFO - Filling up the DagBag from /home/airflow/.local/lib/python3.12/site-packages/airflow/example_dags/example_latest_only.py
[2024-05-22T05:33:34.112+0000] {processor.py:840} INFO - DAG(s) 'latest_only' retrieved from /home/airflow/.local/lib/python3.12/site-packages/airflow/example_dags/example_latest_only.py
[2024-05-22T05:33:34.121+0000] {logging_mixin.py:188} INFO - [2024-05-22T05:33:34.121+0000] {dag.py:3096} INFO - Sync 1 DAGs
[2024-05-22T05:33:34.129+0000] {logging_mixin.py:188} INFO - [2024-05-22T05:33:34.129+0000] {dag.py:3954} INFO - Setting next_dagrun for latest_only to 2024-05-22 00:00:00+00:00, run_after=2024-05-22 04:00:00+00:00
[2024-05-22T05:33:34.136+0000] {processor.py:183} INFO - Processing /home/airflow/.local/lib/python3.12/site-packages/airflow/example_dags/example_latest_only.py took 0.031 seconds
[2024-05-22T05:54:39.258+0000] {processor.py:161} INFO - Started process (PID=30089) to work on /home/airflow/.local/lib/python3.12/site-packages/airflow/example_dags/example_latest_only.py
[2024-05-22T05:54:39.259+0000] {processor.py:830} INFO - Processing file /home/airflow/.local/lib/python3.12/site-packages/airflow/example_dags/example_latest_only.py for tasks to queue
[2024-05-22T05:54:39.260+0000] {logging_mixin.py:188} INFO - [2024-05-22T05:54:39.260+0000] {dagbag.py:545} INFO - Filling up the DagBag from /home/airflow/.local/lib/python3.12/site-packages/airflow/example_dags/example_latest_only.py
[2024-05-22T05:54:39.262+0000] {processor.py:840} INFO - DAG(s) 'latest_only' retrieved from /home/airflow/.local/lib/python3.12/site-packages/airflow/example_dags/example_latest_only.py
[2024-05-22T05:54:39.271+0000] {logging_mixin.py:188} INFO - [2024-05-22T05:54:39.271+0000] {dag.py:3096} INFO - Sync 1 DAGs
[2024-05-22T05:54:39.280+0000] {logging_mixin.py:188} INFO - [2024-05-22T05:54:39.280+0000] {dag.py:3954} INFO - Setting next_dagrun for latest_only to 2024-05-22 00:00:00+00:00, run_after=2024-05-22 04:00:00+00:00
[2024-05-22T05:54:39.287+0000] {processor.py:183} INFO - Processing /home/airflow/.local/lib/python3.12/site-packages/airflow/example_dags/example_latest_only.py took 0.032 seconds
[2024-05-22T06:02:12.452+0000] {processor.py:161} INFO - Started process (PID=30147) to work on /home/airflow/.local/lib/python3.12/site-packages/airflow/example_dags/example_latest_only.py
[2024-05-22T06:02:12.453+0000] {processor.py:830} INFO - Processing file /home/airflow/.local/lib/python3.12/site-packages/airflow/example_dags/example_latest_only.py for tasks to queue
[2024-05-22T06:02:12.454+0000] {logging_mixin.py:188} INFO - [2024-05-22T06:02:12.454+0000] {dagbag.py:545} INFO - Filling up the DagBag from /home/airflow/.local/lib/python3.12/site-packages/airflow/example_dags/example_latest_only.py
[2024-05-22T06:02:12.456+0000] {processor.py:840} INFO - DAG(s) 'latest_only' retrieved from /home/airflow/.local/lib/python3.12/site-packages/airflow/example_dags/example_latest_only.py
[2024-05-22T06:02:12.465+0000] {logging_mixin.py:188} INFO - [2024-05-22T06:02:12.465+0000] {dag.py:3096} INFO - Sync 1 DAGs
[2024-05-22T06:02:12.474+0000] {logging_mixin.py:188} INFO - [2024-05-22T06:02:12.474+0000] {dag.py:3954} INFO - Setting next_dagrun for latest_only to 2024-05-22 00:00:00+00:00, run_after=2024-05-22 04:00:00+00:00
[2024-05-22T06:02:12.481+0000] {processor.py:183} INFO - Processing /home/airflow/.local/lib/python3.12/site-packages/airflow/example_dags/example_latest_only.py took 0.032 seconds
[2024-05-22T06:02:43.004+0000] {processor.py:161} INFO - Started process (PID=30205) to work on /home/airflow/.local/lib/python3.12/site-packages/airflow/example_dags/example_latest_only.py
[2024-05-22T06:02:43.005+0000] {processor.py:830} INFO - Processing file /home/airflow/.local/lib/python3.12/site-packages/airflow/example_dags/example_latest_only.py for tasks to queue
[2024-05-22T06:02:43.006+0000] {logging_mixin.py:188} INFO - [2024-05-22T06:02:43.005+0000] {dagbag.py:545} INFO - Filling up the DagBag from /home/airflow/.local/lib/python3.12/site-packages/airflow/example_dags/example_latest_only.py
[2024-05-22T06:02:43.008+0000] {processor.py:840} INFO - DAG(s) 'latest_only' retrieved from /home/airflow/.local/lib/python3.12/site-packages/airflow/example_dags/example_latest_only.py
[2024-05-22T06:02:43.016+0000] {logging_mixin.py:188} INFO - [2024-05-22T06:02:43.016+0000] {dag.py:3096} INFO - Sync 1 DAGs
[2024-05-22T06:02:43.024+0000] {logging_mixin.py:188} INFO - [2024-05-22T06:02:43.024+0000] {dag.py:3954} INFO - Setting next_dagrun for latest_only to 2024-05-22 00:00:00+00:00, run_after=2024-05-22 04:00:00+00:00
[2024-05-22T06:02:43.031+0000] {processor.py:183} INFO - Processing /home/airflow/.local/lib/python3.12/site-packages/airflow/example_dags/example_latest_only.py took 0.030 seconds
[2024-05-22T06:43:17.364+0000] {processor.py:161} INFO - Started process (PID=30263) to work on /home/airflow/.local/lib/python3.12/site-packages/airflow/example_dags/example_latest_only.py
[2024-05-22T06:43:17.364+0000] {processor.py:830} INFO - Processing file /home/airflow/.local/lib/python3.12/site-packages/airflow/example_dags/example_latest_only.py for tasks to queue
[2024-05-22T06:43:17.365+0000] {logging_mixin.py:188} INFO - [2024-05-22T06:43:17.365+0000] {dagbag.py:545} INFO - Filling up the DagBag from /home/airflow/.local/lib/python3.12/site-packages/airflow/example_dags/example_latest_only.py
[2024-05-22T06:43:17.368+0000] {processor.py:840} INFO - DAG(s) 'latest_only' retrieved from /home/airflow/.local/lib/python3.12/site-packages/airflow/example_dags/example_latest_only.py
[2024-05-22T06:43:17.377+0000] {logging_mixin.py:188} INFO - [2024-05-22T06:43:17.377+0000] {dag.py:3096} INFO - Sync 1 DAGs
[2024-05-22T06:43:17.386+0000] {logging_mixin.py:188} INFO - [2024-05-22T06:43:17.386+0000] {dag.py:3954} INFO - Setting next_dagrun for latest_only to 2024-05-22 00:00:00+00:00, run_after=2024-05-22 04:00:00+00:00
[2024-05-22T06:43:17.393+0000] {processor.py:183} INFO - Processing /home/airflow/.local/lib/python3.12/site-packages/airflow/example_dags/example_latest_only.py took 0.032 seconds
[2024-05-22T06:43:47.877+0000] {processor.py:161} INFO - Started process (PID=30321) to work on /home/airflow/.local/lib/python3.12/site-packages/airflow/example_dags/example_latest_only.py
[2024-05-22T06:43:47.877+0000] {processor.py:830} INFO - Processing file /home/airflow/.local/lib/python3.12/site-packages/airflow/example_dags/example_latest_only.py for tasks to queue
[2024-05-22T06:43:47.878+0000] {logging_mixin.py:188} INFO - [2024-05-22T06:43:47.878+0000] {dagbag.py:545} INFO - Filling up the DagBag from /home/airflow/.local/lib/python3.12/site-packages/airflow/example_dags/example_latest_only.py
[2024-05-22T06:43:47.880+0000] {processor.py:840} INFO - DAG(s) 'latest_only' retrieved from /home/airflow/.local/lib/python3.12/site-packages/airflow/example_dags/example_latest_only.py
[2024-05-22T06:43:47.889+0000] {logging_mixin.py:188} INFO - [2024-05-22T06:43:47.889+0000] {dag.py:3096} INFO - Sync 1 DAGs
[2024-05-22T06:43:47.897+0000] {logging_mixin.py:188} INFO - [2024-05-22T06:43:47.897+0000] {dag.py:3954} INFO - Setting next_dagrun for latest_only to 2024-05-22 00:00:00+00:00, run_after=2024-05-22 04:00:00+00:00
[2024-05-22T06:43:47.904+0000] {processor.py:183} INFO - Processing /home/airflow/.local/lib/python3.12/site-packages/airflow/example_dags/example_latest_only.py took 0.030 seconds
[2024-05-22T07:00:24.452+0000] {processor.py:161} INFO - Started process (PID=30378) to work on /home/airflow/.local/lib/python3.12/site-packages/airflow/example_dags/example_latest_only.py
[2024-05-22T07:00:24.453+0000] {processor.py:830} INFO - Processing file /home/airflow/.local/lib/python3.12/site-packages/airflow/example_dags/example_latest_only.py for tasks to queue
[2024-05-22T07:00:24.454+0000] {logging_mixin.py:188} INFO - [2024-05-22T07:00:24.454+0000] {dagbag.py:545} INFO - Filling up the DagBag from /home/airflow/.local/lib/python3.12/site-packages/airflow/example_dags/example_latest_only.py
[2024-05-22T07:00:24.456+0000] {processor.py:840} INFO - DAG(s) 'latest_only' retrieved from /home/airflow/.local/lib/python3.12/site-packages/airflow/example_dags/example_latest_only.py
[2024-05-22T07:00:24.465+0000] {logging_mixin.py:188} INFO - [2024-05-22T07:00:24.465+0000] {dag.py:3096} INFO - Sync 1 DAGs
[2024-05-22T07:00:24.473+0000] {logging_mixin.py:188} INFO - [2024-05-22T07:00:24.473+0000] {dag.py:3954} INFO - Setting next_dagrun for latest_only to 2024-05-22 00:00:00+00:00, run_after=2024-05-22 04:00:00+00:00
[2024-05-22T07:00:24.480+0000] {processor.py:183} INFO - Processing /home/airflow/.local/lib/python3.12/site-packages/airflow/example_dags/example_latest_only.py took 0.030 seconds
[2024-05-22T07:34:45.792+0000] {processor.py:161} INFO - Started process (PID=30436) to work on /home/airflow/.local/lib/python3.12/site-packages/airflow/example_dags/example_latest_only.py
[2024-05-22T07:34:45.793+0000] {processor.py:830} INFO - Processing file /home/airflow/.local/lib/python3.12/site-packages/airflow/example_dags/example_latest_only.py for tasks to queue
[2024-05-22T07:34:45.794+0000] {logging_mixin.py:188} INFO - [2024-05-22T07:34:45.794+0000] {dagbag.py:545} INFO - Filling up the DagBag from /home/airflow/.local/lib/python3.12/site-packages/airflow/example_dags/example_latest_only.py
[2024-05-22T07:34:45.797+0000] {processor.py:840} INFO - DAG(s) 'latest_only' retrieved from /home/airflow/.local/lib/python3.12/site-packages/airflow/example_dags/example_latest_only.py
[2024-05-22T07:34:45.808+0000] {logging_mixin.py:188} INFO - [2024-05-22T07:34:45.807+0000] {dag.py:3096} INFO - Sync 1 DAGs
[2024-05-22T07:34:45.818+0000] {logging_mixin.py:188} INFO - [2024-05-22T07:34:45.818+0000] {dag.py:3954} INFO - Setting next_dagrun for latest_only to 2024-05-22 00:00:00+00:00, run_after=2024-05-22 04:00:00+00:00
[2024-05-22T07:34:45.828+0000] {processor.py:183} INFO - Processing /home/airflow/.local/lib/python3.12/site-packages/airflow/example_dags/example_latest_only.py took 0.039 seconds
