[2024-05-22T01:00:14.343+0000] {processor.py:161} INFO - Started process (PID=29664) to work on /home/airflow/.local/lib/python3.12/site-packages/airflow/example_dags/example_kubernetes_executor.py
[2024-05-22T01:00:14.343+0000] {processor.py:830} INFO - Processing file /home/airflow/.local/lib/python3.12/site-packages/airflow/example_dags/example_kubernetes_executor.py for tasks to queue
[2024-05-22T01:00:14.344+0000] {logging_mixin.py:188} INFO - [2024-05-22T01:00:14.344+0000] {dagbag.py:545} INFO - Filling up the DagBag from /home/airflow/.local/lib/python3.12/site-packages/airflow/example_dags/example_kubernetes_executor.py
[2024-05-22T01:00:14.349+0000] {processor.py:840} INFO - DAG(s) 'example_kubernetes_executor' retrieved from /home/airflow/.local/lib/python3.12/site-packages/airflow/example_dags/example_kubernetes_executor.py
[2024-05-22T01:00:14.364+0000] {logging_mixin.py:188} INFO - [2024-05-22T01:00:14.364+0000] {dag.py:3096} INFO - Sync 1 DAGs
[2024-05-22T01:00:14.370+0000] {logging_mixin.py:188} INFO - [2024-05-22T01:00:14.370+0000] {dag.py:3954} INFO - Setting next_dagrun for example_kubernetes_executor to None, run_after=None
[2024-05-22T01:00:14.377+0000] {processor.py:183} INFO - Processing /home/airflow/.local/lib/python3.12/site-packages/airflow/example_dags/example_kubernetes_executor.py took 0.037 seconds
[2024-05-22T02:26:34.477+0000] {processor.py:161} INFO - Started process (PID=29722) to work on /home/airflow/.local/lib/python3.12/site-packages/airflow/example_dags/example_kubernetes_executor.py
[2024-05-22T02:26:34.478+0000] {processor.py:830} INFO - Processing file /home/airflow/.local/lib/python3.12/site-packages/airflow/example_dags/example_kubernetes_executor.py for tasks to queue
[2024-05-22T02:26:34.478+0000] {logging_mixin.py:188} INFO - [2024-05-22T02:26:34.478+0000] {dagbag.py:545} INFO - Filling up the DagBag from /home/airflow/.local/lib/python3.12/site-packages/airflow/example_dags/example_kubernetes_executor.py
[2024-05-22T02:26:34.483+0000] {processor.py:840} INFO - DAG(s) 'example_kubernetes_executor' retrieved from /home/airflow/.local/lib/python3.12/site-packages/airflow/example_dags/example_kubernetes_executor.py
[2024-05-22T02:26:34.498+0000] {logging_mixin.py:188} INFO - [2024-05-22T02:26:34.498+0000] {dag.py:3096} INFO - Sync 1 DAGs
[2024-05-22T02:26:34.504+0000] {logging_mixin.py:188} INFO - [2024-05-22T02:26:34.504+0000] {dag.py:3954} INFO - Setting next_dagrun for example_kubernetes_executor to None, run_after=None
[2024-05-22T02:26:34.511+0000] {processor.py:183} INFO - Processing /home/airflow/.local/lib/python3.12/site-packages/airflow/example_dags/example_kubernetes_executor.py took 0.036 seconds
[2024-05-22T02:27:05.220+0000] {processor.py:161} INFO - Started process (PID=29780) to work on /home/airflow/.local/lib/python3.12/site-packages/airflow/example_dags/example_kubernetes_executor.py
[2024-05-22T02:27:05.222+0000] {processor.py:830} INFO - Processing file /home/airflow/.local/lib/python3.12/site-packages/airflow/example_dags/example_kubernetes_executor.py for tasks to queue
[2024-05-22T02:27:05.223+0000] {logging_mixin.py:188} INFO - [2024-05-22T02:27:05.222+0000] {dagbag.py:545} INFO - Filling up the DagBag from /home/airflow/.local/lib/python3.12/site-packages/airflow/example_dags/example_kubernetes_executor.py
[2024-05-22T02:27:05.229+0000] {processor.py:840} INFO - DAG(s) 'example_kubernetes_executor' retrieved from /home/airflow/.local/lib/python3.12/site-packages/airflow/example_dags/example_kubernetes_executor.py
[2024-05-22T02:27:05.245+0000] {logging_mixin.py:188} INFO - [2024-05-22T02:27:05.245+0000] {dag.py:3096} INFO - Sync 1 DAGs
[2024-05-22T02:27:05.250+0000] {logging_mixin.py:188} INFO - [2024-05-22T02:27:05.250+0000] {dag.py:3954} INFO - Setting next_dagrun for example_kubernetes_executor to None, run_after=None
[2024-05-22T02:27:05.258+0000] {processor.py:183} INFO - Processing /home/airflow/.local/lib/python3.12/site-packages/airflow/example_dags/example_kubernetes_executor.py took 0.040 seconds
[2024-05-22T03:16:29.312+0000] {processor.py:161} INFO - Started process (PID=29838) to work on /home/airflow/.local/lib/python3.12/site-packages/airflow/example_dags/example_kubernetes_executor.py
[2024-05-22T03:16:29.312+0000] {processor.py:830} INFO - Processing file /home/airflow/.local/lib/python3.12/site-packages/airflow/example_dags/example_kubernetes_executor.py for tasks to queue
[2024-05-22T03:16:29.313+0000] {logging_mixin.py:188} INFO - [2024-05-22T03:16:29.313+0000] {dagbag.py:545} INFO - Filling up the DagBag from /home/airflow/.local/lib/python3.12/site-packages/airflow/example_dags/example_kubernetes_executor.py
[2024-05-22T03:16:29.318+0000] {processor.py:840} INFO - DAG(s) 'example_kubernetes_executor' retrieved from /home/airflow/.local/lib/python3.12/site-packages/airflow/example_dags/example_kubernetes_executor.py
[2024-05-22T03:16:29.333+0000] {logging_mixin.py:188} INFO - [2024-05-22T03:16:29.333+0000] {dag.py:3096} INFO - Sync 1 DAGs
[2024-05-22T03:16:29.338+0000] {logging_mixin.py:188} INFO - [2024-05-22T03:16:29.338+0000] {dag.py:3954} INFO - Setting next_dagrun for example_kubernetes_executor to None, run_after=None
[2024-05-22T03:16:29.344+0000] {processor.py:183} INFO - Processing /home/airflow/.local/lib/python3.12/site-packages/airflow/example_dags/example_kubernetes_executor.py took 0.035 seconds
[2024-05-22T04:42:08.762+0000] {processor.py:161} INFO - Started process (PID=29896) to work on /home/airflow/.local/lib/python3.12/site-packages/airflow/example_dags/example_kubernetes_executor.py
[2024-05-22T04:42:08.763+0000] {processor.py:830} INFO - Processing file /home/airflow/.local/lib/python3.12/site-packages/airflow/example_dags/example_kubernetes_executor.py for tasks to queue
[2024-05-22T04:42:08.763+0000] {logging_mixin.py:188} INFO - [2024-05-22T04:42:08.763+0000] {dagbag.py:545} INFO - Filling up the DagBag from /home/airflow/.local/lib/python3.12/site-packages/airflow/example_dags/example_kubernetes_executor.py
[2024-05-22T04:42:08.769+0000] {processor.py:840} INFO - DAG(s) 'example_kubernetes_executor' retrieved from /home/airflow/.local/lib/python3.12/site-packages/airflow/example_dags/example_kubernetes_executor.py
[2024-05-22T04:42:08.783+0000] {logging_mixin.py:188} INFO - [2024-05-22T04:42:08.783+0000] {dag.py:3096} INFO - Sync 1 DAGs
[2024-05-22T04:42:08.788+0000] {logging_mixin.py:188} INFO - [2024-05-22T04:42:08.788+0000] {dag.py:3954} INFO - Setting next_dagrun for example_kubernetes_executor to None, run_after=None
[2024-05-22T04:42:08.797+0000] {processor.py:183} INFO - Processing /home/airflow/.local/lib/python3.12/site-packages/airflow/example_dags/example_kubernetes_executor.py took 0.038 seconds
[2024-05-22T04:42:39.267+0000] {processor.py:161} INFO - Started process (PID=29954) to work on /home/airflow/.local/lib/python3.12/site-packages/airflow/example_dags/example_kubernetes_executor.py
[2024-05-22T04:42:39.267+0000] {processor.py:830} INFO - Processing file /home/airflow/.local/lib/python3.12/site-packages/airflow/example_dags/example_kubernetes_executor.py for tasks to queue
[2024-05-22T04:42:39.268+0000] {logging_mixin.py:188} INFO - [2024-05-22T04:42:39.268+0000] {dagbag.py:545} INFO - Filling up the DagBag from /home/airflow/.local/lib/python3.12/site-packages/airflow/example_dags/example_kubernetes_executor.py
[2024-05-22T04:42:39.273+0000] {processor.py:840} INFO - DAG(s) 'example_kubernetes_executor' retrieved from /home/airflow/.local/lib/python3.12/site-packages/airflow/example_dags/example_kubernetes_executor.py
[2024-05-22T04:42:39.287+0000] {logging_mixin.py:188} INFO - [2024-05-22T04:42:39.287+0000] {dag.py:3096} INFO - Sync 1 DAGs
[2024-05-22T04:42:39.292+0000] {logging_mixin.py:188} INFO - [2024-05-22T04:42:39.292+0000] {dag.py:3954} INFO - Setting next_dagrun for example_kubernetes_executor to None, run_after=None
[2024-05-22T04:42:39.299+0000] {processor.py:183} INFO - Processing /home/airflow/.local/lib/python3.12/site-packages/airflow/example_dags/example_kubernetes_executor.py took 0.035 seconds
[2024-05-22T05:33:33.641+0000] {processor.py:161} INFO - Started process (PID=30012) to work on /home/airflow/.local/lib/python3.12/site-packages/airflow/example_dags/example_kubernetes_executor.py
[2024-05-22T05:33:33.642+0000] {processor.py:830} INFO - Processing file /home/airflow/.local/lib/python3.12/site-packages/airflow/example_dags/example_kubernetes_executor.py for tasks to queue
[2024-05-22T05:33:33.643+0000] {logging_mixin.py:188} INFO - [2024-05-22T05:33:33.643+0000] {dagbag.py:545} INFO - Filling up the DagBag from /home/airflow/.local/lib/python3.12/site-packages/airflow/example_dags/example_kubernetes_executor.py
[2024-05-22T05:33:33.649+0000] {processor.py:840} INFO - DAG(s) 'example_kubernetes_executor' retrieved from /home/airflow/.local/lib/python3.12/site-packages/airflow/example_dags/example_kubernetes_executor.py
[2024-05-22T05:33:33.666+0000] {logging_mixin.py:188} INFO - [2024-05-22T05:33:33.665+0000] {dag.py:3096} INFO - Sync 1 DAGs
[2024-05-22T05:33:33.671+0000] {logging_mixin.py:188} INFO - [2024-05-22T05:33:33.671+0000] {dag.py:3954} INFO - Setting next_dagrun for example_kubernetes_executor to None, run_after=None
[2024-05-22T05:33:33.679+0000] {processor.py:183} INFO - Processing /home/airflow/.local/lib/python3.12/site-packages/airflow/example_dags/example_kubernetes_executor.py took 0.040 seconds
[2024-05-22T05:54:38.769+0000] {processor.py:161} INFO - Started process (PID=30070) to work on /home/airflow/.local/lib/python3.12/site-packages/airflow/example_dags/example_kubernetes_executor.py
[2024-05-22T05:54:38.770+0000] {processor.py:830} INFO - Processing file /home/airflow/.local/lib/python3.12/site-packages/airflow/example_dags/example_kubernetes_executor.py for tasks to queue
[2024-05-22T05:54:38.770+0000] {logging_mixin.py:188} INFO - [2024-05-22T05:54:38.770+0000] {dagbag.py:545} INFO - Filling up the DagBag from /home/airflow/.local/lib/python3.12/site-packages/airflow/example_dags/example_kubernetes_executor.py
[2024-05-22T05:54:38.776+0000] {processor.py:840} INFO - DAG(s) 'example_kubernetes_executor' retrieved from /home/airflow/.local/lib/python3.12/site-packages/airflow/example_dags/example_kubernetes_executor.py
[2024-05-22T05:54:38.792+0000] {logging_mixin.py:188} INFO - [2024-05-22T05:54:38.792+0000] {dag.py:3096} INFO - Sync 1 DAGs
[2024-05-22T05:54:38.797+0000] {logging_mixin.py:188} INFO - [2024-05-22T05:54:38.797+0000] {dag.py:3954} INFO - Setting next_dagrun for example_kubernetes_executor to None, run_after=None
[2024-05-22T05:54:38.805+0000] {processor.py:183} INFO - Processing /home/airflow/.local/lib/python3.12/site-packages/airflow/example_dags/example_kubernetes_executor.py took 0.039 seconds
[2024-05-22T06:02:11.953+0000] {processor.py:161} INFO - Started process (PID=30128) to work on /home/airflow/.local/lib/python3.12/site-packages/airflow/example_dags/example_kubernetes_executor.py
[2024-05-22T06:02:11.953+0000] {processor.py:830} INFO - Processing file /home/airflow/.local/lib/python3.12/site-packages/airflow/example_dags/example_kubernetes_executor.py for tasks to queue
[2024-05-22T06:02:11.954+0000] {logging_mixin.py:188} INFO - [2024-05-22T06:02:11.954+0000] {dagbag.py:545} INFO - Filling up the DagBag from /home/airflow/.local/lib/python3.12/site-packages/airflow/example_dags/example_kubernetes_executor.py
[2024-05-22T06:02:11.960+0000] {processor.py:840} INFO - DAG(s) 'example_kubernetes_executor' retrieved from /home/airflow/.local/lib/python3.12/site-packages/airflow/example_dags/example_kubernetes_executor.py
[2024-05-22T06:02:11.974+0000] {logging_mixin.py:188} INFO - [2024-05-22T06:02:11.974+0000] {dag.py:3096} INFO - Sync 1 DAGs
[2024-05-22T06:02:11.981+0000] {logging_mixin.py:188} INFO - [2024-05-22T06:02:11.981+0000] {dag.py:3954} INFO - Setting next_dagrun for example_kubernetes_executor to None, run_after=None
[2024-05-22T06:02:11.989+0000] {processor.py:183} INFO - Processing /home/airflow/.local/lib/python3.12/site-packages/airflow/example_dags/example_kubernetes_executor.py took 0.039 seconds
[2024-05-22T06:02:42.521+0000] {processor.py:161} INFO - Started process (PID=30186) to work on /home/airflow/.local/lib/python3.12/site-packages/airflow/example_dags/example_kubernetes_executor.py
[2024-05-22T06:02:42.522+0000] {processor.py:830} INFO - Processing file /home/airflow/.local/lib/python3.12/site-packages/airflow/example_dags/example_kubernetes_executor.py for tasks to queue
[2024-05-22T06:02:42.523+0000] {logging_mixin.py:188} INFO - [2024-05-22T06:02:42.522+0000] {dagbag.py:545} INFO - Filling up the DagBag from /home/airflow/.local/lib/python3.12/site-packages/airflow/example_dags/example_kubernetes_executor.py
[2024-05-22T06:02:42.528+0000] {processor.py:840} INFO - DAG(s) 'example_kubernetes_executor' retrieved from /home/airflow/.local/lib/python3.12/site-packages/airflow/example_dags/example_kubernetes_executor.py
[2024-05-22T06:02:42.542+0000] {logging_mixin.py:188} INFO - [2024-05-22T06:02:42.542+0000] {dag.py:3096} INFO - Sync 1 DAGs
[2024-05-22T06:02:42.547+0000] {logging_mixin.py:188} INFO - [2024-05-22T06:02:42.547+0000] {dag.py:3954} INFO - Setting next_dagrun for example_kubernetes_executor to None, run_after=None
[2024-05-22T06:02:42.553+0000] {processor.py:183} INFO - Processing /home/airflow/.local/lib/python3.12/site-packages/airflow/example_dags/example_kubernetes_executor.py took 0.035 seconds
[2024-05-22T06:43:16.789+0000] {processor.py:161} INFO - Started process (PID=30244) to work on /home/airflow/.local/lib/python3.12/site-packages/airflow/example_dags/example_kubernetes_executor.py
[2024-05-22T06:43:16.789+0000] {processor.py:830} INFO - Processing file /home/airflow/.local/lib/python3.12/site-packages/airflow/example_dags/example_kubernetes_executor.py for tasks to queue
[2024-05-22T06:43:16.792+0000] {logging_mixin.py:188} INFO - [2024-05-22T06:43:16.792+0000] {dagbag.py:545} INFO - Filling up the DagBag from /home/airflow/.local/lib/python3.12/site-packages/airflow/example_dags/example_kubernetes_executor.py
[2024-05-22T06:43:16.802+0000] {processor.py:840} INFO - DAG(s) 'example_kubernetes_executor' retrieved from /home/airflow/.local/lib/python3.12/site-packages/airflow/example_dags/example_kubernetes_executor.py
[2024-05-22T06:43:16.818+0000] {logging_mixin.py:188} INFO - [2024-05-22T06:43:16.818+0000] {dag.py:3096} INFO - Sync 1 DAGs
[2024-05-22T06:43:16.824+0000] {logging_mixin.py:188} INFO - [2024-05-22T06:43:16.824+0000] {dag.py:3954} INFO - Setting next_dagrun for example_kubernetes_executor to None, run_after=None
[2024-05-22T06:43:16.831+0000] {processor.py:183} INFO - Processing /home/airflow/.local/lib/python3.12/site-packages/airflow/example_dags/example_kubernetes_executor.py took 0.045 seconds
[2024-05-22T06:43:47.411+0000] {processor.py:161} INFO - Started process (PID=30302) to work on /home/airflow/.local/lib/python3.12/site-packages/airflow/example_dags/example_kubernetes_executor.py
[2024-05-22T06:43:47.412+0000] {processor.py:830} INFO - Processing file /home/airflow/.local/lib/python3.12/site-packages/airflow/example_dags/example_kubernetes_executor.py for tasks to queue
[2024-05-22T06:43:47.413+0000] {logging_mixin.py:188} INFO - [2024-05-22T06:43:47.413+0000] {dagbag.py:545} INFO - Filling up the DagBag from /home/airflow/.local/lib/python3.12/site-packages/airflow/example_dags/example_kubernetes_executor.py
[2024-05-22T06:43:47.418+0000] {processor.py:840} INFO - DAG(s) 'example_kubernetes_executor' retrieved from /home/airflow/.local/lib/python3.12/site-packages/airflow/example_dags/example_kubernetes_executor.py
[2024-05-22T06:43:47.433+0000] {logging_mixin.py:188} INFO - [2024-05-22T06:43:47.433+0000] {dag.py:3096} INFO - Sync 1 DAGs
[2024-05-22T06:43:47.438+0000] {logging_mixin.py:188} INFO - [2024-05-22T06:43:47.438+0000] {dag.py:3954} INFO - Setting next_dagrun for example_kubernetes_executor to None, run_after=None
[2024-05-22T06:43:47.445+0000] {processor.py:183} INFO - Processing /home/airflow/.local/lib/python3.12/site-packages/airflow/example_dags/example_kubernetes_executor.py took 0.036 seconds
[2024-05-22T07:00:23.927+0000] {processor.py:161} INFO - Started process (PID=30359) to work on /home/airflow/.local/lib/python3.12/site-packages/airflow/example_dags/example_kubernetes_executor.py
[2024-05-22T07:00:23.927+0000] {processor.py:830} INFO - Processing file /home/airflow/.local/lib/python3.12/site-packages/airflow/example_dags/example_kubernetes_executor.py for tasks to queue
[2024-05-22T07:00:23.928+0000] {logging_mixin.py:188} INFO - [2024-05-22T07:00:23.928+0000] {dagbag.py:545} INFO - Filling up the DagBag from /home/airflow/.local/lib/python3.12/site-packages/airflow/example_dags/example_kubernetes_executor.py
[2024-05-22T07:00:23.935+0000] {processor.py:840} INFO - DAG(s) 'example_kubernetes_executor' retrieved from /home/airflow/.local/lib/python3.12/site-packages/airflow/example_dags/example_kubernetes_executor.py
[2024-05-22T07:00:23.955+0000] {logging_mixin.py:188} INFO - [2024-05-22T07:00:23.955+0000] {dag.py:3096} INFO - Sync 1 DAGs
[2024-05-22T07:00:23.961+0000] {logging_mixin.py:188} INFO - [2024-05-22T07:00:23.961+0000] {dag.py:3954} INFO - Setting next_dagrun for example_kubernetes_executor to None, run_after=None
[2024-05-22T07:00:23.968+0000] {processor.py:183} INFO - Processing /home/airflow/.local/lib/python3.12/site-packages/airflow/example_dags/example_kubernetes_executor.py took 0.044 seconds
[2024-05-22T07:34:45.319+0000] {processor.py:161} INFO - Started process (PID=30417) to work on /home/airflow/.local/lib/python3.12/site-packages/airflow/example_dags/example_kubernetes_executor.py
[2024-05-22T07:34:45.320+0000] {processor.py:830} INFO - Processing file /home/airflow/.local/lib/python3.12/site-packages/airflow/example_dags/example_kubernetes_executor.py for tasks to queue
[2024-05-22T07:34:45.321+0000] {logging_mixin.py:188} INFO - [2024-05-22T07:34:45.321+0000] {dagbag.py:545} INFO - Filling up the DagBag from /home/airflow/.local/lib/python3.12/site-packages/airflow/example_dags/example_kubernetes_executor.py
[2024-05-22T07:34:45.326+0000] {processor.py:840} INFO - DAG(s) 'example_kubernetes_executor' retrieved from /home/airflow/.local/lib/python3.12/site-packages/airflow/example_dags/example_kubernetes_executor.py
[2024-05-22T07:34:45.342+0000] {logging_mixin.py:188} INFO - [2024-05-22T07:34:45.342+0000] {dag.py:3096} INFO - Sync 1 DAGs
[2024-05-22T07:34:45.347+0000] {logging_mixin.py:188} INFO - [2024-05-22T07:34:45.347+0000] {dag.py:3954} INFO - Setting next_dagrun for example_kubernetes_executor to None, run_after=None
[2024-05-22T07:34:45.355+0000] {processor.py:183} INFO - Processing /home/airflow/.local/lib/python3.12/site-packages/airflow/example_dags/example_kubernetes_executor.py took 0.038 seconds
[2024-05-22T07:44:32.624+0000] {processor.py:161} INFO - Started process (PID=30475) to work on /home/airflow/.local/lib/python3.12/site-packages/airflow/example_dags/example_kubernetes_executor.py
[2024-05-22T07:44:32.625+0000] {processor.py:830} INFO - Processing file /home/airflow/.local/lib/python3.12/site-packages/airflow/example_dags/example_kubernetes_executor.py for tasks to queue
[2024-05-22T07:44:32.625+0000] {logging_mixin.py:188} INFO - [2024-05-22T07:44:32.625+0000] {dagbag.py:545} INFO - Filling up the DagBag from /home/airflow/.local/lib/python3.12/site-packages/airflow/example_dags/example_kubernetes_executor.py
[2024-05-22T07:44:32.631+0000] {processor.py:840} INFO - DAG(s) 'example_kubernetes_executor' retrieved from /home/airflow/.local/lib/python3.12/site-packages/airflow/example_dags/example_kubernetes_executor.py
[2024-05-22T07:44:32.647+0000] {logging_mixin.py:188} INFO - [2024-05-22T07:44:32.647+0000] {dag.py:3096} INFO - Sync 1 DAGs
[2024-05-22T07:44:32.655+0000] {logging_mixin.py:188} INFO - [2024-05-22T07:44:32.655+0000] {dag.py:3954} INFO - Setting next_dagrun for example_kubernetes_executor to None, run_after=None
[2024-05-22T07:44:32.662+0000] {processor.py:183} INFO - Processing /home/airflow/.local/lib/python3.12/site-packages/airflow/example_dags/example_kubernetes_executor.py took 0.040 seconds
