[2024-05-22T01:00:15.065+0000] {processor.py:161} INFO - Started process (PID=29691) to work on /home/airflow/.local/lib/python3.12/site-packages/airflow/example_dags/example_time_delta_sensor_async.py
[2024-05-22T01:00:15.065+0000] {processor.py:830} INFO - Processing file /home/airflow/.local/lib/python3.12/site-packages/airflow/example_dags/example_time_delta_sensor_async.py for tasks to queue
[2024-05-22T01:00:15.066+0000] {logging_mixin.py:188} INFO - [2024-05-22T01:00:15.066+0000] {dagbag.py:545} INFO - Filling up the DagBag from /home/airflow/.local/lib/python3.12/site-packages/airflow/example_dags/example_time_delta_sensor_async.py
[2024-05-22T01:00:15.068+0000] {processor.py:840} INFO - DAG(s) 'example_time_delta_sensor_async' retrieved from /home/airflow/.local/lib/python3.12/site-packages/airflow/example_dags/example_time_delta_sensor_async.py
[2024-05-22T01:00:15.076+0000] {logging_mixin.py:188} INFO - [2024-05-22T01:00:15.076+0000] {dag.py:3096} INFO - Sync 1 DAGs
[2024-05-22T01:00:15.081+0000] {logging_mixin.py:188} INFO - [2024-05-22T01:00:15.081+0000] {dag.py:3954} INFO - Setting next_dagrun for example_time_delta_sensor_async to None, run_after=None
[2024-05-22T01:00:15.089+0000] {processor.py:183} INFO - Processing /home/airflow/.local/lib/python3.12/site-packages/airflow/example_dags/example_time_delta_sensor_async.py took 0.027 seconds
[2024-05-22T02:26:35.095+0000] {processor.py:161} INFO - Started process (PID=29749) to work on /home/airflow/.local/lib/python3.12/site-packages/airflow/example_dags/example_time_delta_sensor_async.py
[2024-05-22T02:26:35.095+0000] {processor.py:830} INFO - Processing file /home/airflow/.local/lib/python3.12/site-packages/airflow/example_dags/example_time_delta_sensor_async.py for tasks to queue
[2024-05-22T02:26:35.096+0000] {logging_mixin.py:188} INFO - [2024-05-22T02:26:35.096+0000] {dagbag.py:545} INFO - Filling up the DagBag from /home/airflow/.local/lib/python3.12/site-packages/airflow/example_dags/example_time_delta_sensor_async.py
[2024-05-22T02:26:35.098+0000] {processor.py:840} INFO - DAG(s) 'example_time_delta_sensor_async' retrieved from /home/airflow/.local/lib/python3.12/site-packages/airflow/example_dags/example_time_delta_sensor_async.py
[2024-05-22T02:26:35.107+0000] {logging_mixin.py:188} INFO - [2024-05-22T02:26:35.107+0000] {dag.py:3096} INFO - Sync 1 DAGs
[2024-05-22T02:26:35.112+0000] {logging_mixin.py:188} INFO - [2024-05-22T02:26:35.112+0000] {dag.py:3954} INFO - Setting next_dagrun for example_time_delta_sensor_async to None, run_after=None
[2024-05-22T02:26:35.119+0000] {processor.py:183} INFO - Processing /home/airflow/.local/lib/python3.12/site-packages/airflow/example_dags/example_time_delta_sensor_async.py took 0.026 seconds
[2024-05-22T02:27:05.858+0000] {processor.py:161} INFO - Started process (PID=29807) to work on /home/airflow/.local/lib/python3.12/site-packages/airflow/example_dags/example_time_delta_sensor_async.py
[2024-05-22T02:27:05.859+0000] {processor.py:830} INFO - Processing file /home/airflow/.local/lib/python3.12/site-packages/airflow/example_dags/example_time_delta_sensor_async.py for tasks to queue
[2024-05-22T02:27:05.860+0000] {logging_mixin.py:188} INFO - [2024-05-22T02:27:05.859+0000] {dagbag.py:545} INFO - Filling up the DagBag from /home/airflow/.local/lib/python3.12/site-packages/airflow/example_dags/example_time_delta_sensor_async.py
[2024-05-22T02:27:05.862+0000] {processor.py:840} INFO - DAG(s) 'example_time_delta_sensor_async' retrieved from /home/airflow/.local/lib/python3.12/site-packages/airflow/example_dags/example_time_delta_sensor_async.py
[2024-05-22T02:27:05.870+0000] {logging_mixin.py:188} INFO - [2024-05-22T02:27:05.870+0000] {dag.py:3096} INFO - Sync 1 DAGs
[2024-05-22T02:27:05.875+0000] {logging_mixin.py:188} INFO - [2024-05-22T02:27:05.875+0000] {dag.py:3954} INFO - Setting next_dagrun for example_time_delta_sensor_async to None, run_after=None
[2024-05-22T02:27:05.882+0000] {processor.py:183} INFO - Processing /home/airflow/.local/lib/python3.12/site-packages/airflow/example_dags/example_time_delta_sensor_async.py took 0.026 seconds
[2024-05-22T03:16:29.974+0000] {processor.py:161} INFO - Started process (PID=29865) to work on /home/airflow/.local/lib/python3.12/site-packages/airflow/example_dags/example_time_delta_sensor_async.py
[2024-05-22T03:16:29.974+0000] {processor.py:830} INFO - Processing file /home/airflow/.local/lib/python3.12/site-packages/airflow/example_dags/example_time_delta_sensor_async.py for tasks to queue
[2024-05-22T03:16:29.975+0000] {logging_mixin.py:188} INFO - [2024-05-22T03:16:29.975+0000] {dagbag.py:545} INFO - Filling up the DagBag from /home/airflow/.local/lib/python3.12/site-packages/airflow/example_dags/example_time_delta_sensor_async.py
[2024-05-22T03:16:29.977+0000] {processor.py:840} INFO - DAG(s) 'example_time_delta_sensor_async' retrieved from /home/airflow/.local/lib/python3.12/site-packages/airflow/example_dags/example_time_delta_sensor_async.py
[2024-05-22T03:16:29.986+0000] {logging_mixin.py:188} INFO - [2024-05-22T03:16:29.985+0000] {dag.py:3096} INFO - Sync 1 DAGs
[2024-05-22T03:16:29.990+0000] {logging_mixin.py:188} INFO - [2024-05-22T03:16:29.990+0000] {dag.py:3954} INFO - Setting next_dagrun for example_time_delta_sensor_async to None, run_after=None
[2024-05-22T03:16:29.996+0000] {processor.py:183} INFO - Processing /home/airflow/.local/lib/python3.12/site-packages/airflow/example_dags/example_time_delta_sensor_async.py took 0.025 seconds
[2024-05-22T04:42:09.405+0000] {processor.py:161} INFO - Started process (PID=29923) to work on /home/airflow/.local/lib/python3.12/site-packages/airflow/example_dags/example_time_delta_sensor_async.py
[2024-05-22T04:42:09.406+0000] {processor.py:830} INFO - Processing file /home/airflow/.local/lib/python3.12/site-packages/airflow/example_dags/example_time_delta_sensor_async.py for tasks to queue
[2024-05-22T04:42:09.407+0000] {logging_mixin.py:188} INFO - [2024-05-22T04:42:09.406+0000] {dagbag.py:545} INFO - Filling up the DagBag from /home/airflow/.local/lib/python3.12/site-packages/airflow/example_dags/example_time_delta_sensor_async.py
[2024-05-22T04:42:09.409+0000] {processor.py:840} INFO - DAG(s) 'example_time_delta_sensor_async' retrieved from /home/airflow/.local/lib/python3.12/site-packages/airflow/example_dags/example_time_delta_sensor_async.py
[2024-05-22T04:42:09.417+0000] {logging_mixin.py:188} INFO - [2024-05-22T04:42:09.417+0000] {dag.py:3096} INFO - Sync 1 DAGs
[2024-05-22T04:42:09.422+0000] {logging_mixin.py:188} INFO - [2024-05-22T04:42:09.422+0000] {dag.py:3954} INFO - Setting next_dagrun for example_time_delta_sensor_async to None, run_after=None
[2024-05-22T04:42:09.429+0000] {processor.py:183} INFO - Processing /home/airflow/.local/lib/python3.12/site-packages/airflow/example_dags/example_time_delta_sensor_async.py took 0.026 seconds
[2024-05-22T04:42:39.902+0000] {processor.py:161} INFO - Started process (PID=29981) to work on /home/airflow/.local/lib/python3.12/site-packages/airflow/example_dags/example_time_delta_sensor_async.py
[2024-05-22T04:42:39.903+0000] {processor.py:830} INFO - Processing file /home/airflow/.local/lib/python3.12/site-packages/airflow/example_dags/example_time_delta_sensor_async.py for tasks to queue
[2024-05-22T04:42:39.904+0000] {logging_mixin.py:188} INFO - [2024-05-22T04:42:39.904+0000] {dagbag.py:545} INFO - Filling up the DagBag from /home/airflow/.local/lib/python3.12/site-packages/airflow/example_dags/example_time_delta_sensor_async.py
[2024-05-22T04:42:39.906+0000] {processor.py:840} INFO - DAG(s) 'example_time_delta_sensor_async' retrieved from /home/airflow/.local/lib/python3.12/site-packages/airflow/example_dags/example_time_delta_sensor_async.py
[2024-05-22T04:42:39.915+0000] {logging_mixin.py:188} INFO - [2024-05-22T04:42:39.915+0000] {dag.py:3096} INFO - Sync 1 DAGs
[2024-05-22T04:42:39.920+0000] {logging_mixin.py:188} INFO - [2024-05-22T04:42:39.920+0000] {dag.py:3954} INFO - Setting next_dagrun for example_time_delta_sensor_async to None, run_after=None
[2024-05-22T04:42:39.926+0000] {processor.py:183} INFO - Processing /home/airflow/.local/lib/python3.12/site-packages/airflow/example_dags/example_time_delta_sensor_async.py took 0.027 seconds
[2024-05-22T05:33:34.310+0000] {processor.py:161} INFO - Started process (PID=30039) to work on /home/airflow/.local/lib/python3.12/site-packages/airflow/example_dags/example_time_delta_sensor_async.py
[2024-05-22T05:33:34.313+0000] {processor.py:830} INFO - Processing file /home/airflow/.local/lib/python3.12/site-packages/airflow/example_dags/example_time_delta_sensor_async.py for tasks to queue
[2024-05-22T05:33:34.313+0000] {logging_mixin.py:188} INFO - [2024-05-22T05:33:34.313+0000] {dagbag.py:545} INFO - Filling up the DagBag from /home/airflow/.local/lib/python3.12/site-packages/airflow/example_dags/example_time_delta_sensor_async.py
[2024-05-22T05:33:34.316+0000] {processor.py:840} INFO - DAG(s) 'example_time_delta_sensor_async' retrieved from /home/airflow/.local/lib/python3.12/site-packages/airflow/example_dags/example_time_delta_sensor_async.py
[2024-05-22T05:33:34.324+0000] {logging_mixin.py:188} INFO - [2024-05-22T05:33:34.324+0000] {dag.py:3096} INFO - Sync 1 DAGs
[2024-05-22T05:33:34.329+0000] {logging_mixin.py:188} INFO - [2024-05-22T05:33:34.329+0000] {dag.py:3954} INFO - Setting next_dagrun for example_time_delta_sensor_async to None, run_after=None
[2024-05-22T05:33:34.336+0000] {processor.py:183} INFO - Processing /home/airflow/.local/lib/python3.12/site-packages/airflow/example_dags/example_time_delta_sensor_async.py took 0.029 seconds
[2024-05-22T05:54:39.480+0000] {processor.py:161} INFO - Started process (PID=30097) to work on /home/airflow/.local/lib/python3.12/site-packages/airflow/example_dags/example_time_delta_sensor_async.py
[2024-05-22T05:54:39.481+0000] {processor.py:830} INFO - Processing file /home/airflow/.local/lib/python3.12/site-packages/airflow/example_dags/example_time_delta_sensor_async.py for tasks to queue
[2024-05-22T05:54:39.482+0000] {logging_mixin.py:188} INFO - [2024-05-22T05:54:39.482+0000] {dagbag.py:545} INFO - Filling up the DagBag from /home/airflow/.local/lib/python3.12/site-packages/airflow/example_dags/example_time_delta_sensor_async.py
[2024-05-22T05:54:39.484+0000] {processor.py:840} INFO - DAG(s) 'example_time_delta_sensor_async' retrieved from /home/airflow/.local/lib/python3.12/site-packages/airflow/example_dags/example_time_delta_sensor_async.py
[2024-05-22T05:54:39.493+0000] {logging_mixin.py:188} INFO - [2024-05-22T05:54:39.493+0000] {dag.py:3096} INFO - Sync 1 DAGs
[2024-05-22T05:54:39.499+0000] {logging_mixin.py:188} INFO - [2024-05-22T05:54:39.498+0000] {dag.py:3954} INFO - Setting next_dagrun for example_time_delta_sensor_async to None, run_after=None
[2024-05-22T05:54:39.506+0000] {processor.py:183} INFO - Processing /home/airflow/.local/lib/python3.12/site-packages/airflow/example_dags/example_time_delta_sensor_async.py took 0.029 seconds
[2024-05-22T06:02:12.630+0000] {processor.py:161} INFO - Started process (PID=30155) to work on /home/airflow/.local/lib/python3.12/site-packages/airflow/example_dags/example_time_delta_sensor_async.py
[2024-05-22T06:02:12.631+0000] {processor.py:830} INFO - Processing file /home/airflow/.local/lib/python3.12/site-packages/airflow/example_dags/example_time_delta_sensor_async.py for tasks to queue
[2024-05-22T06:02:12.632+0000] {logging_mixin.py:188} INFO - [2024-05-22T06:02:12.631+0000] {dagbag.py:545} INFO - Filling up the DagBag from /home/airflow/.local/lib/python3.12/site-packages/airflow/example_dags/example_time_delta_sensor_async.py
[2024-05-22T06:02:12.634+0000] {processor.py:840} INFO - DAG(s) 'example_time_delta_sensor_async' retrieved from /home/airflow/.local/lib/python3.12/site-packages/airflow/example_dags/example_time_delta_sensor_async.py
[2024-05-22T06:02:12.643+0000] {logging_mixin.py:188} INFO - [2024-05-22T06:02:12.643+0000] {dag.py:3096} INFO - Sync 1 DAGs
[2024-05-22T06:02:12.648+0000] {logging_mixin.py:188} INFO - [2024-05-22T06:02:12.648+0000] {dag.py:3954} INFO - Setting next_dagrun for example_time_delta_sensor_async to None, run_after=None
[2024-05-22T06:02:12.655+0000] {processor.py:183} INFO - Processing /home/airflow/.local/lib/python3.12/site-packages/airflow/example_dags/example_time_delta_sensor_async.py took 0.028 seconds
[2024-05-22T06:02:43.186+0000] {processor.py:161} INFO - Started process (PID=30213) to work on /home/airflow/.local/lib/python3.12/site-packages/airflow/example_dags/example_time_delta_sensor_async.py
[2024-05-22T06:02:43.187+0000] {processor.py:830} INFO - Processing file /home/airflow/.local/lib/python3.12/site-packages/airflow/example_dags/example_time_delta_sensor_async.py for tasks to queue
[2024-05-22T06:02:43.188+0000] {logging_mixin.py:188} INFO - [2024-05-22T06:02:43.188+0000] {dagbag.py:545} INFO - Filling up the DagBag from /home/airflow/.local/lib/python3.12/site-packages/airflow/example_dags/example_time_delta_sensor_async.py
[2024-05-22T06:02:43.190+0000] {processor.py:840} INFO - DAG(s) 'example_time_delta_sensor_async' retrieved from /home/airflow/.local/lib/python3.12/site-packages/airflow/example_dags/example_time_delta_sensor_async.py
[2024-05-22T06:02:43.198+0000] {logging_mixin.py:188} INFO - [2024-05-22T06:02:43.198+0000] {dag.py:3096} INFO - Sync 1 DAGs
[2024-05-22T06:02:43.202+0000] {logging_mixin.py:188} INFO - [2024-05-22T06:02:43.202+0000] {dag.py:3954} INFO - Setting next_dagrun for example_time_delta_sensor_async to None, run_after=None
[2024-05-22T06:02:43.209+0000] {processor.py:183} INFO - Processing /home/airflow/.local/lib/python3.12/site-packages/airflow/example_dags/example_time_delta_sensor_async.py took 0.026 seconds
[2024-05-22T06:43:17.577+0000] {processor.py:161} INFO - Started process (PID=30271) to work on /home/airflow/.local/lib/python3.12/site-packages/airflow/example_dags/example_time_delta_sensor_async.py
[2024-05-22T06:43:17.578+0000] {processor.py:830} INFO - Processing file /home/airflow/.local/lib/python3.12/site-packages/airflow/example_dags/example_time_delta_sensor_async.py for tasks to queue
[2024-05-22T06:43:17.579+0000] {logging_mixin.py:188} INFO - [2024-05-22T06:43:17.578+0000] {dagbag.py:545} INFO - Filling up the DagBag from /home/airflow/.local/lib/python3.12/site-packages/airflow/example_dags/example_time_delta_sensor_async.py
[2024-05-22T06:43:17.581+0000] {processor.py:840} INFO - DAG(s) 'example_time_delta_sensor_async' retrieved from /home/airflow/.local/lib/python3.12/site-packages/airflow/example_dags/example_time_delta_sensor_async.py
[2024-05-22T06:43:17.589+0000] {logging_mixin.py:188} INFO - [2024-05-22T06:43:17.589+0000] {dag.py:3096} INFO - Sync 1 DAGs
[2024-05-22T06:43:17.594+0000] {logging_mixin.py:188} INFO - [2024-05-22T06:43:17.594+0000] {dag.py:3954} INFO - Setting next_dagrun for example_time_delta_sensor_async to None, run_after=None
[2024-05-22T06:43:17.601+0000] {processor.py:183} INFO - Processing /home/airflow/.local/lib/python3.12/site-packages/airflow/example_dags/example_time_delta_sensor_async.py took 0.027 seconds
[2024-05-22T06:43:48.044+0000] {processor.py:161} INFO - Started process (PID=30329) to work on /home/airflow/.local/lib/python3.12/site-packages/airflow/example_dags/example_time_delta_sensor_async.py
[2024-05-22T06:43:48.045+0000] {processor.py:830} INFO - Processing file /home/airflow/.local/lib/python3.12/site-packages/airflow/example_dags/example_time_delta_sensor_async.py for tasks to queue
[2024-05-22T06:43:48.046+0000] {logging_mixin.py:188} INFO - [2024-05-22T06:43:48.046+0000] {dagbag.py:545} INFO - Filling up the DagBag from /home/airflow/.local/lib/python3.12/site-packages/airflow/example_dags/example_time_delta_sensor_async.py
[2024-05-22T06:43:48.048+0000] {processor.py:840} INFO - DAG(s) 'example_time_delta_sensor_async' retrieved from /home/airflow/.local/lib/python3.12/site-packages/airflow/example_dags/example_time_delta_sensor_async.py
[2024-05-22T06:43:48.056+0000] {logging_mixin.py:188} INFO - [2024-05-22T06:43:48.056+0000] {dag.py:3096} INFO - Sync 1 DAGs
[2024-05-22T06:43:48.061+0000] {logging_mixin.py:188} INFO - [2024-05-22T06:43:48.061+0000] {dag.py:3954} INFO - Setting next_dagrun for example_time_delta_sensor_async to None, run_after=None
[2024-05-22T06:43:48.067+0000] {processor.py:183} INFO - Processing /home/airflow/.local/lib/python3.12/site-packages/airflow/example_dags/example_time_delta_sensor_async.py took 0.026 seconds
[2024-05-22T07:00:24.647+0000] {processor.py:161} INFO - Started process (PID=30386) to work on /home/airflow/.local/lib/python3.12/site-packages/airflow/example_dags/example_time_delta_sensor_async.py
[2024-05-22T07:00:24.647+0000] {processor.py:830} INFO - Processing file /home/airflow/.local/lib/python3.12/site-packages/airflow/example_dags/example_time_delta_sensor_async.py for tasks to queue
[2024-05-22T07:00:24.648+0000] {logging_mixin.py:188} INFO - [2024-05-22T07:00:24.648+0000] {dagbag.py:545} INFO - Filling up the DagBag from /home/airflow/.local/lib/python3.12/site-packages/airflow/example_dags/example_time_delta_sensor_async.py
[2024-05-22T07:00:24.650+0000] {processor.py:840} INFO - DAG(s) 'example_time_delta_sensor_async' retrieved from /home/airflow/.local/lib/python3.12/site-packages/airflow/example_dags/example_time_delta_sensor_async.py
[2024-05-22T07:00:24.659+0000] {logging_mixin.py:188} INFO - [2024-05-22T07:00:24.659+0000] {dag.py:3096} INFO - Sync 1 DAGs
[2024-05-22T07:00:24.664+0000] {logging_mixin.py:188} INFO - [2024-05-22T07:00:24.664+0000] {dag.py:3954} INFO - Setting next_dagrun for example_time_delta_sensor_async to None, run_after=None
[2024-05-22T07:00:24.671+0000] {processor.py:183} INFO - Processing /home/airflow/.local/lib/python3.12/site-packages/airflow/example_dags/example_time_delta_sensor_async.py took 0.027 seconds
