[2024-05-22T01:00:14.193+0000] {processor.py:161} INFO - Started process (PID=29659) to work on /home/airflow/.local/lib/python3.12/site-packages/airflow/example_dags/example_latest_only_with_trigger.py
[2024-05-22T01:00:14.193+0000] {processor.py:830} INFO - Processing file /home/airflow/.local/lib/python3.12/site-packages/airflow/example_dags/example_latest_only_with_trigger.py for tasks to queue
[2024-05-22T01:00:14.194+0000] {logging_mixin.py:188} INFO - [2024-05-22T01:00:14.194+0000] {dagbag.py:545} INFO - Filling up the DagBag from /home/airflow/.local/lib/python3.12/site-packages/airflow/example_dags/example_latest_only_with_trigger.py
[2024-05-22T01:00:14.196+0000] {processor.py:840} INFO - DAG(s) 'latest_only_with_trigger' retrieved from /home/airflow/.local/lib/python3.12/site-packages/airflow/example_dags/example_latest_only_with_trigger.py
[2024-05-22T01:00:14.206+0000] {logging_mixin.py:188} INFO - [2024-05-22T01:00:14.205+0000] {dag.py:3096} INFO - Sync 1 DAGs
[2024-05-22T01:00:14.214+0000] {logging_mixin.py:188} INFO - [2024-05-22T01:00:14.214+0000] {dag.py:3954} INFO - Setting next_dagrun for latest_only_with_trigger to 2024-05-21 20:00:00+00:00, run_after=2024-05-22 00:00:00+00:00
[2024-05-22T01:00:14.222+0000] {processor.py:183} INFO - Processing /home/airflow/.local/lib/python3.12/site-packages/airflow/example_dags/example_latest_only_with_trigger.py took 0.031 seconds
[2024-05-22T02:26:34.383+0000] {processor.py:161} INFO - Started process (PID=29717) to work on /home/airflow/.local/lib/python3.12/site-packages/airflow/example_dags/example_latest_only_with_trigger.py
[2024-05-22T02:26:34.384+0000] {processor.py:830} INFO - Processing file /home/airflow/.local/lib/python3.12/site-packages/airflow/example_dags/example_latest_only_with_trigger.py for tasks to queue
[2024-05-22T02:26:34.385+0000] {logging_mixin.py:188} INFO - [2024-05-22T02:26:34.384+0000] {dagbag.py:545} INFO - Filling up the DagBag from /home/airflow/.local/lib/python3.12/site-packages/airflow/example_dags/example_latest_only_with_trigger.py
[2024-05-22T02:26:34.387+0000] {processor.py:840} INFO - DAG(s) 'latest_only_with_trigger' retrieved from /home/airflow/.local/lib/python3.12/site-packages/airflow/example_dags/example_latest_only_with_trigger.py
[2024-05-22T02:26:34.396+0000] {logging_mixin.py:188} INFO - [2024-05-22T02:26:34.396+0000] {dag.py:3096} INFO - Sync 1 DAGs
[2024-05-22T02:26:34.404+0000] {logging_mixin.py:188} INFO - [2024-05-22T02:26:34.404+0000] {dag.py:3954} INFO - Setting next_dagrun for latest_only_with_trigger to 2024-05-21 20:00:00+00:00, run_after=2024-05-22 00:00:00+00:00
[2024-05-22T02:26:34.411+0000] {processor.py:183} INFO - Processing /home/airflow/.local/lib/python3.12/site-packages/airflow/example_dags/example_latest_only_with_trigger.py took 0.030 seconds
[2024-05-22T02:27:05.123+0000] {processor.py:161} INFO - Started process (PID=29775) to work on /home/airflow/.local/lib/python3.12/site-packages/airflow/example_dags/example_latest_only_with_trigger.py
[2024-05-22T02:27:05.123+0000] {processor.py:830} INFO - Processing file /home/airflow/.local/lib/python3.12/site-packages/airflow/example_dags/example_latest_only_with_trigger.py for tasks to queue
[2024-05-22T02:27:05.124+0000] {logging_mixin.py:188} INFO - [2024-05-22T02:27:05.124+0000] {dagbag.py:545} INFO - Filling up the DagBag from /home/airflow/.local/lib/python3.12/site-packages/airflow/example_dags/example_latest_only_with_trigger.py
[2024-05-22T02:27:05.126+0000] {processor.py:840} INFO - DAG(s) 'latest_only_with_trigger' retrieved from /home/airflow/.local/lib/python3.12/site-packages/airflow/example_dags/example_latest_only_with_trigger.py
[2024-05-22T02:27:05.136+0000] {logging_mixin.py:188} INFO - [2024-05-22T02:27:05.136+0000] {dag.py:3096} INFO - Sync 1 DAGs
[2024-05-22T02:27:05.144+0000] {logging_mixin.py:188} INFO - [2024-05-22T02:27:05.144+0000] {dag.py:3954} INFO - Setting next_dagrun for latest_only_with_trigger to 2024-05-21 20:00:00+00:00, run_after=2024-05-22 00:00:00+00:00
[2024-05-22T02:27:05.151+0000] {processor.py:183} INFO - Processing /home/airflow/.local/lib/python3.12/site-packages/airflow/example_dags/example_latest_only_with_trigger.py took 0.031 seconds
[2024-05-22T03:16:29.223+0000] {processor.py:161} INFO - Started process (PID=29833) to work on /home/airflow/.local/lib/python3.12/site-packages/airflow/example_dags/example_latest_only_with_trigger.py
[2024-05-22T03:16:29.223+0000] {processor.py:830} INFO - Processing file /home/airflow/.local/lib/python3.12/site-packages/airflow/example_dags/example_latest_only_with_trigger.py for tasks to queue
[2024-05-22T03:16:29.224+0000] {logging_mixin.py:188} INFO - [2024-05-22T03:16:29.224+0000] {dagbag.py:545} INFO - Filling up the DagBag from /home/airflow/.local/lib/python3.12/site-packages/airflow/example_dags/example_latest_only_with_trigger.py
[2024-05-22T03:16:29.227+0000] {processor.py:840} INFO - DAG(s) 'latest_only_with_trigger' retrieved from /home/airflow/.local/lib/python3.12/site-packages/airflow/example_dags/example_latest_only_with_trigger.py
[2024-05-22T03:16:29.236+0000] {logging_mixin.py:188} INFO - [2024-05-22T03:16:29.236+0000] {dag.py:3096} INFO - Sync 1 DAGs
[2024-05-22T03:16:29.244+0000] {logging_mixin.py:188} INFO - [2024-05-22T03:16:29.244+0000] {dag.py:3954} INFO - Setting next_dagrun for latest_only_with_trigger to 2024-05-21 20:00:00+00:00, run_after=2024-05-22 00:00:00+00:00
[2024-05-22T03:16:29.251+0000] {processor.py:183} INFO - Processing /home/airflow/.local/lib/python3.12/site-packages/airflow/example_dags/example_latest_only_with_trigger.py took 0.031 seconds
[2024-05-22T04:42:08.669+0000] {processor.py:161} INFO - Started process (PID=29891) to work on /home/airflow/.local/lib/python3.12/site-packages/airflow/example_dags/example_latest_only_with_trigger.py
[2024-05-22T04:42:08.670+0000] {processor.py:830} INFO - Processing file /home/airflow/.local/lib/python3.12/site-packages/airflow/example_dags/example_latest_only_with_trigger.py for tasks to queue
[2024-05-22T04:42:08.670+0000] {logging_mixin.py:188} INFO - [2024-05-22T04:42:08.670+0000] {dagbag.py:545} INFO - Filling up the DagBag from /home/airflow/.local/lib/python3.12/site-packages/airflow/example_dags/example_latest_only_with_trigger.py
[2024-05-22T04:42:08.673+0000] {processor.py:840} INFO - DAG(s) 'latest_only_with_trigger' retrieved from /home/airflow/.local/lib/python3.12/site-packages/airflow/example_dags/example_latest_only_with_trigger.py
[2024-05-22T04:42:08.683+0000] {logging_mixin.py:188} INFO - [2024-05-22T04:42:08.683+0000] {dag.py:3096} INFO - Sync 1 DAGs
[2024-05-22T04:42:08.692+0000] {logging_mixin.py:188} INFO - [2024-05-22T04:42:08.691+0000] {dag.py:3954} INFO - Setting next_dagrun for latest_only_with_trigger to 2024-05-22 00:00:00+00:00, run_after=2024-05-22 04:00:00+00:00
[2024-05-22T04:42:08.698+0000] {processor.py:183} INFO - Processing /home/airflow/.local/lib/python3.12/site-packages/airflow/example_dags/example_latest_only_with_trigger.py took 0.031 seconds
[2024-05-22T04:42:39.144+0000] {processor.py:161} INFO - Started process (PID=29949) to work on /home/airflow/.local/lib/python3.12/site-packages/airflow/example_dags/example_latest_only_with_trigger.py
[2024-05-22T04:42:39.145+0000] {processor.py:830} INFO - Processing file /home/airflow/.local/lib/python3.12/site-packages/airflow/example_dags/example_latest_only_with_trigger.py for tasks to queue
[2024-05-22T04:42:39.145+0000] {logging_mixin.py:188} INFO - [2024-05-22T04:42:39.145+0000] {dagbag.py:545} INFO - Filling up the DagBag from /home/airflow/.local/lib/python3.12/site-packages/airflow/example_dags/example_latest_only_with_trigger.py
[2024-05-22T04:42:39.148+0000] {processor.py:840} INFO - DAG(s) 'latest_only_with_trigger' retrieved from /home/airflow/.local/lib/python3.12/site-packages/airflow/example_dags/example_latest_only_with_trigger.py
[2024-05-22T04:42:39.156+0000] {logging_mixin.py:188} INFO - [2024-05-22T04:42:39.156+0000] {dag.py:3096} INFO - Sync 1 DAGs
[2024-05-22T04:42:39.164+0000] {logging_mixin.py:188} INFO - [2024-05-22T04:42:39.164+0000] {dag.py:3954} INFO - Setting next_dagrun for latest_only_with_trigger to 2024-05-22 00:00:00+00:00, run_after=2024-05-22 04:00:00+00:00
[2024-05-22T04:42:39.171+0000] {processor.py:183} INFO - Processing /home/airflow/.local/lib/python3.12/site-packages/airflow/example_dags/example_latest_only_with_trigger.py took 0.029 seconds
[2024-05-22T05:33:33.500+0000] {processor.py:161} INFO - Started process (PID=30007) to work on /home/airflow/.local/lib/python3.12/site-packages/airflow/example_dags/example_latest_only_with_trigger.py
[2024-05-22T05:33:33.500+0000] {processor.py:830} INFO - Processing file /home/airflow/.local/lib/python3.12/site-packages/airflow/example_dags/example_latest_only_with_trigger.py for tasks to queue
[2024-05-22T05:33:33.501+0000] {logging_mixin.py:188} INFO - [2024-05-22T05:33:33.501+0000] {dagbag.py:545} INFO - Filling up the DagBag from /home/airflow/.local/lib/python3.12/site-packages/airflow/example_dags/example_latest_only_with_trigger.py
[2024-05-22T05:33:33.504+0000] {processor.py:840} INFO - DAG(s) 'latest_only_with_trigger' retrieved from /home/airflow/.local/lib/python3.12/site-packages/airflow/example_dags/example_latest_only_with_trigger.py
[2024-05-22T05:33:33.513+0000] {logging_mixin.py:188} INFO - [2024-05-22T05:33:33.513+0000] {dag.py:3096} INFO - Sync 1 DAGs
[2024-05-22T05:33:33.523+0000] {logging_mixin.py:188} INFO - [2024-05-22T05:33:33.523+0000] {dag.py:3954} INFO - Setting next_dagrun for latest_only_with_trigger to 2024-05-22 00:00:00+00:00, run_after=2024-05-22 04:00:00+00:00
[2024-05-22T05:33:33.530+0000] {processor.py:183} INFO - Processing /home/airflow/.local/lib/python3.12/site-packages/airflow/example_dags/example_latest_only_with_trigger.py took 0.033 seconds
[2024-05-22T05:54:38.629+0000] {processor.py:161} INFO - Started process (PID=30065) to work on /home/airflow/.local/lib/python3.12/site-packages/airflow/example_dags/example_latest_only_with_trigger.py
[2024-05-22T05:54:38.629+0000] {processor.py:830} INFO - Processing file /home/airflow/.local/lib/python3.12/site-packages/airflow/example_dags/example_latest_only_with_trigger.py for tasks to queue
[2024-05-22T05:54:38.630+0000] {logging_mixin.py:188} INFO - [2024-05-22T05:54:38.630+0000] {dagbag.py:545} INFO - Filling up the DagBag from /home/airflow/.local/lib/python3.12/site-packages/airflow/example_dags/example_latest_only_with_trigger.py
[2024-05-22T05:54:38.633+0000] {processor.py:840} INFO - DAG(s) 'latest_only_with_trigger' retrieved from /home/airflow/.local/lib/python3.12/site-packages/airflow/example_dags/example_latest_only_with_trigger.py
[2024-05-22T05:54:38.642+0000] {logging_mixin.py:188} INFO - [2024-05-22T05:54:38.642+0000] {dag.py:3096} INFO - Sync 1 DAGs
[2024-05-22T05:54:38.651+0000] {logging_mixin.py:188} INFO - [2024-05-22T05:54:38.651+0000] {dag.py:3954} INFO - Setting next_dagrun for latest_only_with_trigger to 2024-05-22 00:00:00+00:00, run_after=2024-05-22 04:00:00+00:00
[2024-05-22T05:54:38.658+0000] {processor.py:183} INFO - Processing /home/airflow/.local/lib/python3.12/site-packages/airflow/example_dags/example_latest_only_with_trigger.py took 0.032 seconds
[2024-05-22T06:02:11.820+0000] {processor.py:161} INFO - Started process (PID=30123) to work on /home/airflow/.local/lib/python3.12/site-packages/airflow/example_dags/example_latest_only_with_trigger.py
[2024-05-22T06:02:11.821+0000] {processor.py:830} INFO - Processing file /home/airflow/.local/lib/python3.12/site-packages/airflow/example_dags/example_latest_only_with_trigger.py for tasks to queue
[2024-05-22T06:02:11.822+0000] {logging_mixin.py:188} INFO - [2024-05-22T06:02:11.822+0000] {dagbag.py:545} INFO - Filling up the DagBag from /home/airflow/.local/lib/python3.12/site-packages/airflow/example_dags/example_latest_only_with_trigger.py
[2024-05-22T06:02:11.824+0000] {processor.py:840} INFO - DAG(s) 'latest_only_with_trigger' retrieved from /home/airflow/.local/lib/python3.12/site-packages/airflow/example_dags/example_latest_only_with_trigger.py
[2024-05-22T06:02:11.833+0000] {logging_mixin.py:188} INFO - [2024-05-22T06:02:11.833+0000] {dag.py:3096} INFO - Sync 1 DAGs
[2024-05-22T06:02:11.841+0000] {logging_mixin.py:188} INFO - [2024-05-22T06:02:11.841+0000] {dag.py:3954} INFO - Setting next_dagrun for latest_only_with_trigger to 2024-05-22 00:00:00+00:00, run_after=2024-05-22 04:00:00+00:00
[2024-05-22T06:02:11.848+0000] {processor.py:183} INFO - Processing /home/airflow/.local/lib/python3.12/site-packages/airflow/example_dags/example_latest_only_with_trigger.py took 0.031 seconds
[2024-05-22T06:02:42.394+0000] {processor.py:161} INFO - Started process (PID=30181) to work on /home/airflow/.local/lib/python3.12/site-packages/airflow/example_dags/example_latest_only_with_trigger.py
[2024-05-22T06:02:42.394+0000] {processor.py:830} INFO - Processing file /home/airflow/.local/lib/python3.12/site-packages/airflow/example_dags/example_latest_only_with_trigger.py for tasks to queue
[2024-05-22T06:02:42.395+0000] {logging_mixin.py:188} INFO - [2024-05-22T06:02:42.395+0000] {dagbag.py:545} INFO - Filling up the DagBag from /home/airflow/.local/lib/python3.12/site-packages/airflow/example_dags/example_latest_only_with_trigger.py
[2024-05-22T06:02:42.398+0000] {processor.py:840} INFO - DAG(s) 'latest_only_with_trigger' retrieved from /home/airflow/.local/lib/python3.12/site-packages/airflow/example_dags/example_latest_only_with_trigger.py
[2024-05-22T06:02:42.407+0000] {logging_mixin.py:188} INFO - [2024-05-22T06:02:42.407+0000] {dag.py:3096} INFO - Sync 1 DAGs
[2024-05-22T06:02:42.415+0000] {logging_mixin.py:188} INFO - [2024-05-22T06:02:42.415+0000] {dag.py:3954} INFO - Setting next_dagrun for latest_only_with_trigger to 2024-05-22 00:00:00+00:00, run_after=2024-05-22 04:00:00+00:00
[2024-05-22T06:02:42.421+0000] {processor.py:183} INFO - Processing /home/airflow/.local/lib/python3.12/site-packages/airflow/example_dags/example_latest_only_with_trigger.py took 0.030 seconds
[2024-05-22T06:43:16.653+0000] {processor.py:161} INFO - Started process (PID=30239) to work on /home/airflow/.local/lib/python3.12/site-packages/airflow/example_dags/example_latest_only_with_trigger.py
[2024-05-22T06:43:16.654+0000] {processor.py:830} INFO - Processing file /home/airflow/.local/lib/python3.12/site-packages/airflow/example_dags/example_latest_only_with_trigger.py for tasks to queue
[2024-05-22T06:43:16.655+0000] {logging_mixin.py:188} INFO - [2024-05-22T06:43:16.655+0000] {dagbag.py:545} INFO - Filling up the DagBag from /home/airflow/.local/lib/python3.12/site-packages/airflow/example_dags/example_latest_only_with_trigger.py
[2024-05-22T06:43:16.658+0000] {processor.py:840} INFO - DAG(s) 'latest_only_with_trigger' retrieved from /home/airflow/.local/lib/python3.12/site-packages/airflow/example_dags/example_latest_only_with_trigger.py
[2024-05-22T06:43:16.667+0000] {logging_mixin.py:188} INFO - [2024-05-22T06:43:16.667+0000] {dag.py:3096} INFO - Sync 1 DAGs
[2024-05-22T06:43:16.675+0000] {logging_mixin.py:188} INFO - [2024-05-22T06:43:16.675+0000] {dag.py:3954} INFO - Setting next_dagrun for latest_only_with_trigger to 2024-05-22 00:00:00+00:00, run_after=2024-05-22 04:00:00+00:00
[2024-05-22T06:43:16.681+0000] {processor.py:183} INFO - Processing /home/airflow/.local/lib/python3.12/site-packages/airflow/example_dags/example_latest_only_with_trigger.py took 0.031 seconds
[2024-05-22T06:43:47.285+0000] {processor.py:161} INFO - Started process (PID=30297) to work on /home/airflow/.local/lib/python3.12/site-packages/airflow/example_dags/example_latest_only_with_trigger.py
[2024-05-22T06:43:47.285+0000] {processor.py:830} INFO - Processing file /home/airflow/.local/lib/python3.12/site-packages/airflow/example_dags/example_latest_only_with_trigger.py for tasks to queue
[2024-05-22T06:43:47.286+0000] {logging_mixin.py:188} INFO - [2024-05-22T06:43:47.286+0000] {dagbag.py:545} INFO - Filling up the DagBag from /home/airflow/.local/lib/python3.12/site-packages/airflow/example_dags/example_latest_only_with_trigger.py
[2024-05-22T06:43:47.289+0000] {processor.py:840} INFO - DAG(s) 'latest_only_with_trigger' retrieved from /home/airflow/.local/lib/python3.12/site-packages/airflow/example_dags/example_latest_only_with_trigger.py
[2024-05-22T06:43:47.297+0000] {logging_mixin.py:188} INFO - [2024-05-22T06:43:47.297+0000] {dag.py:3096} INFO - Sync 1 DAGs
[2024-05-22T06:43:47.306+0000] {logging_mixin.py:188} INFO - [2024-05-22T06:43:47.306+0000] {dag.py:3954} INFO - Setting next_dagrun for latest_only_with_trigger to 2024-05-22 00:00:00+00:00, run_after=2024-05-22 04:00:00+00:00
[2024-05-22T06:43:47.312+0000] {processor.py:183} INFO - Processing /home/airflow/.local/lib/python3.12/site-packages/airflow/example_dags/example_latest_only_with_trigger.py took 0.030 seconds
[2024-05-22T07:00:23.829+0000] {processor.py:161} INFO - Started process (PID=30354) to work on /home/airflow/.local/lib/python3.12/site-packages/airflow/example_dags/example_latest_only_with_trigger.py
[2024-05-22T07:00:23.830+0000] {processor.py:830} INFO - Processing file /home/airflow/.local/lib/python3.12/site-packages/airflow/example_dags/example_latest_only_with_trigger.py for tasks to queue
[2024-05-22T07:00:23.831+0000] {logging_mixin.py:188} INFO - [2024-05-22T07:00:23.830+0000] {dagbag.py:545} INFO - Filling up the DagBag from /home/airflow/.local/lib/python3.12/site-packages/airflow/example_dags/example_latest_only_with_trigger.py
[2024-05-22T07:00:23.833+0000] {processor.py:840} INFO - DAG(s) 'latest_only_with_trigger' retrieved from /home/airflow/.local/lib/python3.12/site-packages/airflow/example_dags/example_latest_only_with_trigger.py
[2024-05-22T07:00:23.843+0000] {logging_mixin.py:188} INFO - [2024-05-22T07:00:23.842+0000] {dag.py:3096} INFO - Sync 1 DAGs
[2024-05-22T07:00:23.851+0000] {logging_mixin.py:188} INFO - [2024-05-22T07:00:23.851+0000] {dag.py:3954} INFO - Setting next_dagrun for latest_only_with_trigger to 2024-05-22 00:00:00+00:00, run_after=2024-05-22 04:00:00+00:00
[2024-05-22T07:00:23.858+0000] {processor.py:183} INFO - Processing /home/airflow/.local/lib/python3.12/site-packages/airflow/example_dags/example_latest_only_with_trigger.py took 0.031 seconds
[2024-05-22T07:34:45.214+0000] {processor.py:161} INFO - Started process (PID=30412) to work on /home/airflow/.local/lib/python3.12/site-packages/airflow/example_dags/example_latest_only_with_trigger.py
[2024-05-22T07:34:45.214+0000] {processor.py:830} INFO - Processing file /home/airflow/.local/lib/python3.12/site-packages/airflow/example_dags/example_latest_only_with_trigger.py for tasks to queue
[2024-05-22T07:34:45.215+0000] {logging_mixin.py:188} INFO - [2024-05-22T07:34:45.215+0000] {dagbag.py:545} INFO - Filling up the DagBag from /home/airflow/.local/lib/python3.12/site-packages/airflow/example_dags/example_latest_only_with_trigger.py
[2024-05-22T07:34:45.218+0000] {processor.py:840} INFO - DAG(s) 'latest_only_with_trigger' retrieved from /home/airflow/.local/lib/python3.12/site-packages/airflow/example_dags/example_latest_only_with_trigger.py
[2024-05-22T07:34:45.227+0000] {logging_mixin.py:188} INFO - [2024-05-22T07:34:45.227+0000] {dag.py:3096} INFO - Sync 1 DAGs
[2024-05-22T07:34:45.236+0000] {logging_mixin.py:188} INFO - [2024-05-22T07:34:45.235+0000] {dag.py:3954} INFO - Setting next_dagrun for latest_only_with_trigger to 2024-05-22 00:00:00+00:00, run_after=2024-05-22 04:00:00+00:00
[2024-05-22T07:34:45.243+0000] {processor.py:183} INFO - Processing /home/airflow/.local/lib/python3.12/site-packages/airflow/example_dags/example_latest_only_with_trigger.py took 0.032 seconds
[2024-05-22T07:44:32.526+0000] {processor.py:161} INFO - Started process (PID=30470) to work on /home/airflow/.local/lib/python3.12/site-packages/airflow/example_dags/example_latest_only_with_trigger.py
[2024-05-22T07:44:32.526+0000] {processor.py:830} INFO - Processing file /home/airflow/.local/lib/python3.12/site-packages/airflow/example_dags/example_latest_only_with_trigger.py for tasks to queue
[2024-05-22T07:44:32.527+0000] {logging_mixin.py:188} INFO - [2024-05-22T07:44:32.527+0000] {dagbag.py:545} INFO - Filling up the DagBag from /home/airflow/.local/lib/python3.12/site-packages/airflow/example_dags/example_latest_only_with_trigger.py
[2024-05-22T07:44:32.530+0000] {processor.py:840} INFO - DAG(s) 'latest_only_with_trigger' retrieved from /home/airflow/.local/lib/python3.12/site-packages/airflow/example_dags/example_latest_only_with_trigger.py
[2024-05-22T07:44:32.539+0000] {logging_mixin.py:188} INFO - [2024-05-22T07:44:32.539+0000] {dag.py:3096} INFO - Sync 1 DAGs
[2024-05-22T07:44:32.547+0000] {logging_mixin.py:188} INFO - [2024-05-22T07:44:32.547+0000] {dag.py:3954} INFO - Setting next_dagrun for latest_only_with_trigger to 2024-05-22 00:00:00+00:00, run_after=2024-05-22 04:00:00+00:00
[2024-05-22T07:44:32.554+0000] {processor.py:183} INFO - Processing /home/airflow/.local/lib/python3.12/site-packages/airflow/example_dags/example_latest_only_with_trigger.py took 0.031 seconds
