[2024-05-22T01:00:14.795+0000] {processor.py:161} INFO - Started process (PID=29680) to work on /home/airflow/.local/lib/python3.12/site-packages/airflow/example_dags/tutorial_taskflow_api.py
[2024-05-22T01:00:14.796+0000] {processor.py:830} INFO - Processing file /home/airflow/.local/lib/python3.12/site-packages/airflow/example_dags/tutorial_taskflow_api.py for tasks to queue
[2024-05-22T01:00:14.796+0000] {logging_mixin.py:188} INFO - [2024-05-22T01:00:14.796+0000] {dagbag.py:545} INFO - Filling up the DagBag from /home/airflow/.local/lib/python3.12/site-packages/airflow/example_dags/tutorial_taskflow_api.py
[2024-05-22T01:00:14.799+0000] {processor.py:840} INFO - DAG(s) 'tutorial_taskflow_api' retrieved from /home/airflow/.local/lib/python3.12/site-packages/airflow/example_dags/tutorial_taskflow_api.py
[2024-05-22T01:00:14.808+0000] {logging_mixin.py:188} INFO - [2024-05-22T01:00:14.808+0000] {dag.py:3096} INFO - Sync 1 DAGs
[2024-05-22T01:00:14.813+0000] {logging_mixin.py:188} INFO - [2024-05-22T01:00:14.813+0000] {dag.py:3954} INFO - Setting next_dagrun for tutorial_taskflow_api to None, run_after=None
[2024-05-22T01:00:14.820+0000] {processor.py:183} INFO - Processing /home/airflow/.local/lib/python3.12/site-packages/airflow/example_dags/tutorial_taskflow_api.py took 0.028 seconds
[2024-05-22T02:26:34.837+0000] {processor.py:161} INFO - Started process (PID=29738) to work on /home/airflow/.local/lib/python3.12/site-packages/airflow/example_dags/tutorial_taskflow_api.py
[2024-05-22T02:26:34.838+0000] {processor.py:830} INFO - Processing file /home/airflow/.local/lib/python3.12/site-packages/airflow/example_dags/tutorial_taskflow_api.py for tasks to queue
[2024-05-22T02:26:34.839+0000] {logging_mixin.py:188} INFO - [2024-05-22T02:26:34.838+0000] {dagbag.py:545} INFO - Filling up the DagBag from /home/airflow/.local/lib/python3.12/site-packages/airflow/example_dags/tutorial_taskflow_api.py
[2024-05-22T02:26:34.842+0000] {processor.py:840} INFO - DAG(s) 'tutorial_taskflow_api' retrieved from /home/airflow/.local/lib/python3.12/site-packages/airflow/example_dags/tutorial_taskflow_api.py
[2024-05-22T02:26:34.850+0000] {logging_mixin.py:188} INFO - [2024-05-22T02:26:34.850+0000] {dag.py:3096} INFO - Sync 1 DAGs
[2024-05-22T02:26:34.856+0000] {logging_mixin.py:188} INFO - [2024-05-22T02:26:34.856+0000] {dag.py:3954} INFO - Setting next_dagrun for tutorial_taskflow_api to None, run_after=None
[2024-05-22T02:26:34.863+0000] {processor.py:183} INFO - Processing /home/airflow/.local/lib/python3.12/site-packages/airflow/example_dags/tutorial_taskflow_api.py took 0.029 seconds
[2024-05-22T02:27:05.582+0000] {processor.py:161} INFO - Started process (PID=29796) to work on /home/airflow/.local/lib/python3.12/site-packages/airflow/example_dags/tutorial_taskflow_api.py
[2024-05-22T02:27:05.582+0000] {processor.py:830} INFO - Processing file /home/airflow/.local/lib/python3.12/site-packages/airflow/example_dags/tutorial_taskflow_api.py for tasks to queue
[2024-05-22T02:27:05.583+0000] {logging_mixin.py:188} INFO - [2024-05-22T02:27:05.583+0000] {dagbag.py:545} INFO - Filling up the DagBag from /home/airflow/.local/lib/python3.12/site-packages/airflow/example_dags/tutorial_taskflow_api.py
[2024-05-22T02:27:05.586+0000] {processor.py:840} INFO - DAG(s) 'tutorial_taskflow_api' retrieved from /home/airflow/.local/lib/python3.12/site-packages/airflow/example_dags/tutorial_taskflow_api.py
[2024-05-22T02:27:05.594+0000] {logging_mixin.py:188} INFO - [2024-05-22T02:27:05.594+0000] {dag.py:3096} INFO - Sync 1 DAGs
[2024-05-22T02:27:05.599+0000] {logging_mixin.py:188} INFO - [2024-05-22T02:27:05.599+0000] {dag.py:3954} INFO - Setting next_dagrun for tutorial_taskflow_api to None, run_after=None
[2024-05-22T02:27:05.607+0000] {processor.py:183} INFO - Processing /home/airflow/.local/lib/python3.12/site-packages/airflow/example_dags/tutorial_taskflow_api.py took 0.028 seconds
[2024-05-22T03:16:29.709+0000] {processor.py:161} INFO - Started process (PID=29854) to work on /home/airflow/.local/lib/python3.12/site-packages/airflow/example_dags/tutorial_taskflow_api.py
[2024-05-22T03:16:29.710+0000] {processor.py:830} INFO - Processing file /home/airflow/.local/lib/python3.12/site-packages/airflow/example_dags/tutorial_taskflow_api.py for tasks to queue
[2024-05-22T03:16:29.711+0000] {logging_mixin.py:188} INFO - [2024-05-22T03:16:29.711+0000] {dagbag.py:545} INFO - Filling up the DagBag from /home/airflow/.local/lib/python3.12/site-packages/airflow/example_dags/tutorial_taskflow_api.py
[2024-05-22T03:16:29.713+0000] {processor.py:840} INFO - DAG(s) 'tutorial_taskflow_api' retrieved from /home/airflow/.local/lib/python3.12/site-packages/airflow/example_dags/tutorial_taskflow_api.py
[2024-05-22T03:16:29.723+0000] {logging_mixin.py:188} INFO - [2024-05-22T03:16:29.723+0000] {dag.py:3096} INFO - Sync 1 DAGs
[2024-05-22T03:16:29.729+0000] {logging_mixin.py:188} INFO - [2024-05-22T03:16:29.729+0000] {dag.py:3954} INFO - Setting next_dagrun for tutorial_taskflow_api to None, run_after=None
[2024-05-22T03:16:29.736+0000] {processor.py:183} INFO - Processing /home/airflow/.local/lib/python3.12/site-packages/airflow/example_dags/tutorial_taskflow_api.py took 0.029 seconds
[2024-05-22T04:42:09.129+0000] {processor.py:161} INFO - Started process (PID=29912) to work on /home/airflow/.local/lib/python3.12/site-packages/airflow/example_dags/tutorial_taskflow_api.py
[2024-05-22T04:42:09.130+0000] {processor.py:830} INFO - Processing file /home/airflow/.local/lib/python3.12/site-packages/airflow/example_dags/tutorial_taskflow_api.py for tasks to queue
[2024-05-22T04:42:09.131+0000] {logging_mixin.py:188} INFO - [2024-05-22T04:42:09.131+0000] {dagbag.py:545} INFO - Filling up the DagBag from /home/airflow/.local/lib/python3.12/site-packages/airflow/example_dags/tutorial_taskflow_api.py
[2024-05-22T04:42:09.134+0000] {processor.py:840} INFO - DAG(s) 'tutorial_taskflow_api' retrieved from /home/airflow/.local/lib/python3.12/site-packages/airflow/example_dags/tutorial_taskflow_api.py
[2024-05-22T04:42:09.143+0000] {logging_mixin.py:188} INFO - [2024-05-22T04:42:09.143+0000] {dag.py:3096} INFO - Sync 1 DAGs
[2024-05-22T04:42:09.148+0000] {logging_mixin.py:188} INFO - [2024-05-22T04:42:09.148+0000] {dag.py:3954} INFO - Setting next_dagrun for tutorial_taskflow_api to None, run_after=None
[2024-05-22T04:42:09.155+0000] {processor.py:183} INFO - Processing /home/airflow/.local/lib/python3.12/site-packages/airflow/example_dags/tutorial_taskflow_api.py took 0.028 seconds
[2024-05-22T04:42:39.642+0000] {processor.py:161} INFO - Started process (PID=29970) to work on /home/airflow/.local/lib/python3.12/site-packages/airflow/example_dags/tutorial_taskflow_api.py
[2024-05-22T04:42:39.643+0000] {processor.py:830} INFO - Processing file /home/airflow/.local/lib/python3.12/site-packages/airflow/example_dags/tutorial_taskflow_api.py for tasks to queue
[2024-05-22T04:42:39.643+0000] {logging_mixin.py:188} INFO - [2024-05-22T04:42:39.643+0000] {dagbag.py:545} INFO - Filling up the DagBag from /home/airflow/.local/lib/python3.12/site-packages/airflow/example_dags/tutorial_taskflow_api.py
[2024-05-22T04:42:39.646+0000] {processor.py:840} INFO - DAG(s) 'tutorial_taskflow_api' retrieved from /home/airflow/.local/lib/python3.12/site-packages/airflow/example_dags/tutorial_taskflow_api.py
[2024-05-22T04:42:39.655+0000] {logging_mixin.py:188} INFO - [2024-05-22T04:42:39.654+0000] {dag.py:3096} INFO - Sync 1 DAGs
[2024-05-22T04:42:39.660+0000] {logging_mixin.py:188} INFO - [2024-05-22T04:42:39.660+0000] {dag.py:3954} INFO - Setting next_dagrun for tutorial_taskflow_api to None, run_after=None
[2024-05-22T04:42:39.667+0000] {processor.py:183} INFO - Processing /home/airflow/.local/lib/python3.12/site-packages/airflow/example_dags/tutorial_taskflow_api.py took 0.027 seconds
[2024-05-22T05:33:34.047+0000] {processor.py:161} INFO - Started process (PID=30028) to work on /home/airflow/.local/lib/python3.12/site-packages/airflow/example_dags/tutorial_taskflow_api.py
[2024-05-22T05:33:34.048+0000] {processor.py:830} INFO - Processing file /home/airflow/.local/lib/python3.12/site-packages/airflow/example_dags/tutorial_taskflow_api.py for tasks to queue
[2024-05-22T05:33:34.049+0000] {logging_mixin.py:188} INFO - [2024-05-22T05:33:34.049+0000] {dagbag.py:545} INFO - Filling up the DagBag from /home/airflow/.local/lib/python3.12/site-packages/airflow/example_dags/tutorial_taskflow_api.py
[2024-05-22T05:33:34.052+0000] {processor.py:840} INFO - DAG(s) 'tutorial_taskflow_api' retrieved from /home/airflow/.local/lib/python3.12/site-packages/airflow/example_dags/tutorial_taskflow_api.py
[2024-05-22T05:33:34.060+0000] {logging_mixin.py:188} INFO - [2024-05-22T05:33:34.060+0000] {dag.py:3096} INFO - Sync 1 DAGs
[2024-05-22T05:33:34.065+0000] {logging_mixin.py:188} INFO - [2024-05-22T05:33:34.065+0000] {dag.py:3954} INFO - Setting next_dagrun for tutorial_taskflow_api to None, run_after=None
[2024-05-22T05:33:34.072+0000] {processor.py:183} INFO - Processing /home/airflow/.local/lib/python3.12/site-packages/airflow/example_dags/tutorial_taskflow_api.py took 0.027 seconds
[2024-05-22T05:54:39.193+0000] {processor.py:161} INFO - Started process (PID=30086) to work on /home/airflow/.local/lib/python3.12/site-packages/airflow/example_dags/tutorial_taskflow_api.py
[2024-05-22T05:54:39.194+0000] {processor.py:830} INFO - Processing file /home/airflow/.local/lib/python3.12/site-packages/airflow/example_dags/tutorial_taskflow_api.py for tasks to queue
[2024-05-22T05:54:39.195+0000] {logging_mixin.py:188} INFO - [2024-05-22T05:54:39.195+0000] {dagbag.py:545} INFO - Filling up the DagBag from /home/airflow/.local/lib/python3.12/site-packages/airflow/example_dags/tutorial_taskflow_api.py
[2024-05-22T05:54:39.198+0000] {processor.py:840} INFO - DAG(s) 'tutorial_taskflow_api' retrieved from /home/airflow/.local/lib/python3.12/site-packages/airflow/example_dags/tutorial_taskflow_api.py
[2024-05-22T05:54:39.207+0000] {logging_mixin.py:188} INFO - [2024-05-22T05:54:39.207+0000] {dag.py:3096} INFO - Sync 1 DAGs
[2024-05-22T05:54:39.212+0000] {logging_mixin.py:188} INFO - [2024-05-22T05:54:39.212+0000] {dag.py:3954} INFO - Setting next_dagrun for tutorial_taskflow_api to None, run_after=None
[2024-05-22T05:54:39.219+0000] {processor.py:183} INFO - Processing /home/airflow/.local/lib/python3.12/site-packages/airflow/example_dags/tutorial_taskflow_api.py took 0.029 seconds
[2024-05-22T06:02:12.403+0000] {processor.py:161} INFO - Started process (PID=30144) to work on /home/airflow/.local/lib/python3.12/site-packages/airflow/example_dags/tutorial_taskflow_api.py
[2024-05-22T06:02:12.404+0000] {processor.py:830} INFO - Processing file /home/airflow/.local/lib/python3.12/site-packages/airflow/example_dags/tutorial_taskflow_api.py for tasks to queue
[2024-05-22T06:02:12.405+0000] {logging_mixin.py:188} INFO - [2024-05-22T06:02:12.405+0000] {dagbag.py:545} INFO - Filling up the DagBag from /home/airflow/.local/lib/python3.12/site-packages/airflow/example_dags/tutorial_taskflow_api.py
[2024-05-22T06:02:12.408+0000] {processor.py:840} INFO - DAG(s) 'tutorial_taskflow_api' retrieved from /home/airflow/.local/lib/python3.12/site-packages/airflow/example_dags/tutorial_taskflow_api.py
[2024-05-22T06:02:12.417+0000] {logging_mixin.py:188} INFO - [2024-05-22T06:02:12.416+0000] {dag.py:3096} INFO - Sync 1 DAGs
[2024-05-22T06:02:12.422+0000] {logging_mixin.py:188} INFO - [2024-05-22T06:02:12.422+0000] {dag.py:3954} INFO - Setting next_dagrun for tutorial_taskflow_api to None, run_after=None
[2024-05-22T06:02:12.429+0000] {processor.py:183} INFO - Processing /home/airflow/.local/lib/python3.12/site-packages/airflow/example_dags/tutorial_taskflow_api.py took 0.029 seconds
[2024-05-22T06:02:42.955+0000] {processor.py:161} INFO - Started process (PID=30202) to work on /home/airflow/.local/lib/python3.12/site-packages/airflow/example_dags/tutorial_taskflow_api.py
[2024-05-22T06:02:42.956+0000] {processor.py:830} INFO - Processing file /home/airflow/.local/lib/python3.12/site-packages/airflow/example_dags/tutorial_taskflow_api.py for tasks to queue
[2024-05-22T06:02:42.957+0000] {logging_mixin.py:188} INFO - [2024-05-22T06:02:42.957+0000] {dagbag.py:545} INFO - Filling up the DagBag from /home/airflow/.local/lib/python3.12/site-packages/airflow/example_dags/tutorial_taskflow_api.py
[2024-05-22T06:02:42.960+0000] {processor.py:840} INFO - DAG(s) 'tutorial_taskflow_api' retrieved from /home/airflow/.local/lib/python3.12/site-packages/airflow/example_dags/tutorial_taskflow_api.py
[2024-05-22T06:02:42.968+0000] {logging_mixin.py:188} INFO - [2024-05-22T06:02:42.968+0000] {dag.py:3096} INFO - Sync 1 DAGs
[2024-05-22T06:02:42.974+0000] {logging_mixin.py:188} INFO - [2024-05-22T06:02:42.974+0000] {dag.py:3954} INFO - Setting next_dagrun for tutorial_taskflow_api to None, run_after=None
[2024-05-22T06:02:42.981+0000] {processor.py:183} INFO - Processing /home/airflow/.local/lib/python3.12/site-packages/airflow/example_dags/tutorial_taskflow_api.py took 0.028 seconds
[2024-05-22T06:43:17.224+0000] {processor.py:161} INFO - Started process (PID=30260) to work on /home/airflow/.local/lib/python3.12/site-packages/airflow/example_dags/tutorial_taskflow_api.py
[2024-05-22T06:43:17.225+0000] {processor.py:830} INFO - Processing file /home/airflow/.local/lib/python3.12/site-packages/airflow/example_dags/tutorial_taskflow_api.py for tasks to queue
[2024-05-22T06:43:17.226+0000] {logging_mixin.py:188} INFO - [2024-05-22T06:43:17.226+0000] {dagbag.py:545} INFO - Filling up the DagBag from /home/airflow/.local/lib/python3.12/site-packages/airflow/example_dags/tutorial_taskflow_api.py
[2024-05-22T06:43:17.229+0000] {processor.py:840} INFO - DAG(s) 'tutorial_taskflow_api' retrieved from /home/airflow/.local/lib/python3.12/site-packages/airflow/example_dags/tutorial_taskflow_api.py
[2024-05-22T06:43:17.241+0000] {logging_mixin.py:188} INFO - [2024-05-22T06:43:17.240+0000] {dag.py:3096} INFO - Sync 1 DAGs
[2024-05-22T06:43:17.249+0000] {logging_mixin.py:188} INFO - [2024-05-22T06:43:17.248+0000] {dag.py:3954} INFO - Setting next_dagrun for tutorial_taskflow_api to None, run_after=None
[2024-05-22T06:43:17.259+0000] {processor.py:183} INFO - Processing /home/airflow/.local/lib/python3.12/site-packages/airflow/example_dags/tutorial_taskflow_api.py took 0.037 seconds
[2024-05-22T06:43:47.803+0000] {processor.py:161} INFO - Started process (PID=30318) to work on /home/airflow/.local/lib/python3.12/site-packages/airflow/example_dags/tutorial_taskflow_api.py
[2024-05-22T06:43:47.804+0000] {processor.py:830} INFO - Processing file /home/airflow/.local/lib/python3.12/site-packages/airflow/example_dags/tutorial_taskflow_api.py for tasks to queue
[2024-05-22T06:43:47.805+0000] {logging_mixin.py:188} INFO - [2024-05-22T06:43:47.805+0000] {dagbag.py:545} INFO - Filling up the DagBag from /home/airflow/.local/lib/python3.12/site-packages/airflow/example_dags/tutorial_taskflow_api.py
[2024-05-22T06:43:47.808+0000] {processor.py:840} INFO - DAG(s) 'tutorial_taskflow_api' retrieved from /home/airflow/.local/lib/python3.12/site-packages/airflow/example_dags/tutorial_taskflow_api.py
[2024-05-22T06:43:47.817+0000] {logging_mixin.py:188} INFO - [2024-05-22T06:43:47.817+0000] {dag.py:3096} INFO - Sync 1 DAGs
[2024-05-22T06:43:47.822+0000] {logging_mixin.py:188} INFO - [2024-05-22T06:43:47.822+0000] {dag.py:3954} INFO - Setting next_dagrun for tutorial_taskflow_api to None, run_after=None
[2024-05-22T06:43:47.829+0000] {processor.py:183} INFO - Processing /home/airflow/.local/lib/python3.12/site-packages/airflow/example_dags/tutorial_taskflow_api.py took 0.029 seconds
[2024-05-22T07:00:24.332+0000] {processor.py:161} INFO - Started process (PID=30375) to work on /home/airflow/.local/lib/python3.12/site-packages/airflow/example_dags/tutorial_taskflow_api.py
[2024-05-22T07:00:24.333+0000] {processor.py:830} INFO - Processing file /home/airflow/.local/lib/python3.12/site-packages/airflow/example_dags/tutorial_taskflow_api.py for tasks to queue
[2024-05-22T07:00:24.334+0000] {logging_mixin.py:188} INFO - [2024-05-22T07:00:24.334+0000] {dagbag.py:545} INFO - Filling up the DagBag from /home/airflow/.local/lib/python3.12/site-packages/airflow/example_dags/tutorial_taskflow_api.py
[2024-05-22T07:00:24.337+0000] {processor.py:840} INFO - DAG(s) 'tutorial_taskflow_api' retrieved from /home/airflow/.local/lib/python3.12/site-packages/airflow/example_dags/tutorial_taskflow_api.py
[2024-05-22T07:00:24.352+0000] {logging_mixin.py:188} INFO - [2024-05-22T07:00:24.352+0000] {dag.py:3096} INFO - Sync 1 DAGs
[2024-05-22T07:00:24.359+0000] {logging_mixin.py:188} INFO - [2024-05-22T07:00:24.359+0000] {dag.py:3954} INFO - Setting next_dagrun for tutorial_taskflow_api to None, run_after=None
[2024-05-22T07:00:24.367+0000] {processor.py:183} INFO - Processing /home/airflow/.local/lib/python3.12/site-packages/airflow/example_dags/tutorial_taskflow_api.py took 0.039 seconds
[2024-05-22T07:34:45.699+0000] {processor.py:161} INFO - Started process (PID=30433) to work on /home/airflow/.local/lib/python3.12/site-packages/airflow/example_dags/tutorial_taskflow_api.py
[2024-05-22T07:34:45.700+0000] {processor.py:830} INFO - Processing file /home/airflow/.local/lib/python3.12/site-packages/airflow/example_dags/tutorial_taskflow_api.py for tasks to queue
[2024-05-22T07:34:45.701+0000] {logging_mixin.py:188} INFO - [2024-05-22T07:34:45.701+0000] {dagbag.py:545} INFO - Filling up the DagBag from /home/airflow/.local/lib/python3.12/site-packages/airflow/example_dags/tutorial_taskflow_api.py
[2024-05-22T07:34:45.705+0000] {processor.py:840} INFO - DAG(s) 'tutorial_taskflow_api' retrieved from /home/airflow/.local/lib/python3.12/site-packages/airflow/example_dags/tutorial_taskflow_api.py
[2024-05-22T07:34:45.715+0000] {logging_mixin.py:188} INFO - [2024-05-22T07:34:45.715+0000] {dag.py:3096} INFO - Sync 1 DAGs
[2024-05-22T07:34:45.721+0000] {logging_mixin.py:188} INFO - [2024-05-22T07:34:45.721+0000] {dag.py:3954} INFO - Setting next_dagrun for tutorial_taskflow_api to None, run_after=None
[2024-05-22T07:34:45.729+0000] {processor.py:183} INFO - Processing /home/airflow/.local/lib/python3.12/site-packages/airflow/example_dags/tutorial_taskflow_api.py took 0.033 seconds
