[2024-05-22T01:00:14.159+0000] {processor.py:161} INFO - Started process (PID=29657) to work on /home/airflow/.local/lib/python3.12/site-packages/airflow/example_dags/tutorial_dag.py
[2024-05-22T01:00:14.159+0000] {processor.py:830} INFO - Processing file /home/airflow/.local/lib/python3.12/site-packages/airflow/example_dags/tutorial_dag.py for tasks to queue
[2024-05-22T01:00:14.160+0000] {logging_mixin.py:188} INFO - [2024-05-22T01:00:14.160+0000] {dagbag.py:545} INFO - Filling up the DagBag from /home/airflow/.local/lib/python3.12/site-packages/airflow/example_dags/tutorial_dag.py
[2024-05-22T01:00:14.163+0000] {processor.py:840} INFO - DAG(s) 'tutorial_dag' retrieved from /home/airflow/.local/lib/python3.12/site-packages/airflow/example_dags/tutorial_dag.py
[2024-05-22T01:00:14.172+0000] {logging_mixin.py:188} INFO - [2024-05-22T01:00:14.172+0000] {dag.py:3096} INFO - Sync 1 DAGs
[2024-05-22T01:00:14.177+0000] {logging_mixin.py:188} INFO - [2024-05-22T01:00:14.177+0000] {dag.py:3954} INFO - Setting next_dagrun for tutorial_dag to None, run_after=None
[2024-05-22T01:00:14.184+0000] {processor.py:183} INFO - Processing /home/airflow/.local/lib/python3.12/site-packages/airflow/example_dags/tutorial_dag.py took 0.027 seconds
[2024-05-22T02:26:34.318+0000] {processor.py:161} INFO - Started process (PID=29715) to work on /home/airflow/.local/lib/python3.12/site-packages/airflow/example_dags/tutorial_dag.py
[2024-05-22T02:26:34.318+0000] {processor.py:830} INFO - Processing file /home/airflow/.local/lib/python3.12/site-packages/airflow/example_dags/tutorial_dag.py for tasks to queue
[2024-05-22T02:26:34.319+0000] {logging_mixin.py:188} INFO - [2024-05-22T02:26:34.319+0000] {dagbag.py:545} INFO - Filling up the DagBag from /home/airflow/.local/lib/python3.12/site-packages/airflow/example_dags/tutorial_dag.py
[2024-05-22T02:26:34.322+0000] {processor.py:840} INFO - DAG(s) 'tutorial_dag' retrieved from /home/airflow/.local/lib/python3.12/site-packages/airflow/example_dags/tutorial_dag.py
[2024-05-22T02:26:34.329+0000] {logging_mixin.py:188} INFO - [2024-05-22T02:26:34.329+0000] {dag.py:3096} INFO - Sync 1 DAGs
[2024-05-22T02:26:34.334+0000] {logging_mixin.py:188} INFO - [2024-05-22T02:26:34.334+0000] {dag.py:3954} INFO - Setting next_dagrun for tutorial_dag to None, run_after=None
[2024-05-22T02:26:34.341+0000] {processor.py:183} INFO - Processing /home/airflow/.local/lib/python3.12/site-packages/airflow/example_dags/tutorial_dag.py took 0.026 seconds
[2024-05-22T02:27:05.054+0000] {processor.py:161} INFO - Started process (PID=29773) to work on /home/airflow/.local/lib/python3.12/site-packages/airflow/example_dags/tutorial_dag.py
[2024-05-22T02:27:05.054+0000] {processor.py:830} INFO - Processing file /home/airflow/.local/lib/python3.12/site-packages/airflow/example_dags/tutorial_dag.py for tasks to queue
[2024-05-22T02:27:05.055+0000] {logging_mixin.py:188} INFO - [2024-05-22T02:27:05.055+0000] {dagbag.py:545} INFO - Filling up the DagBag from /home/airflow/.local/lib/python3.12/site-packages/airflow/example_dags/tutorial_dag.py
[2024-05-22T02:27:05.058+0000] {processor.py:840} INFO - DAG(s) 'tutorial_dag' retrieved from /home/airflow/.local/lib/python3.12/site-packages/airflow/example_dags/tutorial_dag.py
[2024-05-22T02:27:05.066+0000] {logging_mixin.py:188} INFO - [2024-05-22T02:27:05.066+0000] {dag.py:3096} INFO - Sync 1 DAGs
[2024-05-22T02:27:05.071+0000] {logging_mixin.py:188} INFO - [2024-05-22T02:27:05.071+0000] {dag.py:3954} INFO - Setting next_dagrun for tutorial_dag to None, run_after=None
[2024-05-22T02:27:05.078+0000] {processor.py:183} INFO - Processing /home/airflow/.local/lib/python3.12/site-packages/airflow/example_dags/tutorial_dag.py took 0.027 seconds
[2024-05-22T03:16:29.154+0000] {processor.py:161} INFO - Started process (PID=29831) to work on /home/airflow/.local/lib/python3.12/site-packages/airflow/example_dags/tutorial_dag.py
[2024-05-22T03:16:29.154+0000] {processor.py:830} INFO - Processing file /home/airflow/.local/lib/python3.12/site-packages/airflow/example_dags/tutorial_dag.py for tasks to queue
[2024-05-22T03:16:29.155+0000] {logging_mixin.py:188} INFO - [2024-05-22T03:16:29.155+0000] {dagbag.py:545} INFO - Filling up the DagBag from /home/airflow/.local/lib/python3.12/site-packages/airflow/example_dags/tutorial_dag.py
[2024-05-22T03:16:29.158+0000] {processor.py:840} INFO - DAG(s) 'tutorial_dag' retrieved from /home/airflow/.local/lib/python3.12/site-packages/airflow/example_dags/tutorial_dag.py
[2024-05-22T03:16:29.166+0000] {logging_mixin.py:188} INFO - [2024-05-22T03:16:29.166+0000] {dag.py:3096} INFO - Sync 1 DAGs
[2024-05-22T03:16:29.172+0000] {logging_mixin.py:188} INFO - [2024-05-22T03:16:29.172+0000] {dag.py:3954} INFO - Setting next_dagrun for tutorial_dag to None, run_after=None
[2024-05-22T03:16:29.179+0000] {processor.py:183} INFO - Processing /home/airflow/.local/lib/python3.12/site-packages/airflow/example_dags/tutorial_dag.py took 0.027 seconds
[2024-05-22T04:42:08.603+0000] {processor.py:161} INFO - Started process (PID=29889) to work on /home/airflow/.local/lib/python3.12/site-packages/airflow/example_dags/tutorial_dag.py
[2024-05-22T04:42:08.604+0000] {processor.py:830} INFO - Processing file /home/airflow/.local/lib/python3.12/site-packages/airflow/example_dags/tutorial_dag.py for tasks to queue
[2024-05-22T04:42:08.604+0000] {logging_mixin.py:188} INFO - [2024-05-22T04:42:08.604+0000] {dagbag.py:545} INFO - Filling up the DagBag from /home/airflow/.local/lib/python3.12/site-packages/airflow/example_dags/tutorial_dag.py
[2024-05-22T04:42:08.606+0000] {processor.py:840} INFO - DAG(s) 'tutorial_dag' retrieved from /home/airflow/.local/lib/python3.12/site-packages/airflow/example_dags/tutorial_dag.py
[2024-05-22T04:42:08.615+0000] {logging_mixin.py:188} INFO - [2024-05-22T04:42:08.615+0000] {dag.py:3096} INFO - Sync 1 DAGs
[2024-05-22T04:42:08.619+0000] {logging_mixin.py:188} INFO - [2024-05-22T04:42:08.619+0000] {dag.py:3954} INFO - Setting next_dagrun for tutorial_dag to None, run_after=None
[2024-05-22T04:42:08.626+0000] {processor.py:183} INFO - Processing /home/airflow/.local/lib/python3.12/site-packages/airflow/example_dags/tutorial_dag.py took 0.026 seconds
[2024-05-22T04:42:39.112+0000] {processor.py:161} INFO - Started process (PID=29947) to work on /home/airflow/.local/lib/python3.12/site-packages/airflow/example_dags/tutorial_dag.py
[2024-05-22T04:42:39.112+0000] {processor.py:830} INFO - Processing file /home/airflow/.local/lib/python3.12/site-packages/airflow/example_dags/tutorial_dag.py for tasks to queue
[2024-05-22T04:42:39.113+0000] {logging_mixin.py:188} INFO - [2024-05-22T04:42:39.113+0000] {dagbag.py:545} INFO - Filling up the DagBag from /home/airflow/.local/lib/python3.12/site-packages/airflow/example_dags/tutorial_dag.py
[2024-05-22T04:42:39.115+0000] {processor.py:840} INFO - DAG(s) 'tutorial_dag' retrieved from /home/airflow/.local/lib/python3.12/site-packages/airflow/example_dags/tutorial_dag.py
[2024-05-22T04:42:39.123+0000] {logging_mixin.py:188} INFO - [2024-05-22T04:42:39.123+0000] {dag.py:3096} INFO - Sync 1 DAGs
[2024-05-22T04:42:39.128+0000] {logging_mixin.py:188} INFO - [2024-05-22T04:42:39.128+0000] {dag.py:3954} INFO - Setting next_dagrun for tutorial_dag to None, run_after=None
[2024-05-22T04:42:39.134+0000] {processor.py:183} INFO - Processing /home/airflow/.local/lib/python3.12/site-packages/airflow/example_dags/tutorial_dag.py took 0.025 seconds
[2024-05-22T05:33:33.456+0000] {processor.py:161} INFO - Started process (PID=30005) to work on /home/airflow/.local/lib/python3.12/site-packages/airflow/example_dags/tutorial_dag.py
[2024-05-22T05:33:33.456+0000] {processor.py:830} INFO - Processing file /home/airflow/.local/lib/python3.12/site-packages/airflow/example_dags/tutorial_dag.py for tasks to queue
[2024-05-22T05:33:33.458+0000] {logging_mixin.py:188} INFO - [2024-05-22T05:33:33.458+0000] {dagbag.py:545} INFO - Filling up the DagBag from /home/airflow/.local/lib/python3.12/site-packages/airflow/example_dags/tutorial_dag.py
[2024-05-22T05:33:33.462+0000] {processor.py:840} INFO - DAG(s) 'tutorial_dag' retrieved from /home/airflow/.local/lib/python3.12/site-packages/airflow/example_dags/tutorial_dag.py
[2024-05-22T05:33:33.475+0000] {logging_mixin.py:188} INFO - [2024-05-22T05:33:33.475+0000] {dag.py:3096} INFO - Sync 1 DAGs
[2024-05-22T05:33:33.481+0000] {logging_mixin.py:188} INFO - [2024-05-22T05:33:33.481+0000] {dag.py:3954} INFO - Setting next_dagrun for tutorial_dag to None, run_after=None
[2024-05-22T05:33:33.489+0000] {processor.py:183} INFO - Processing /home/airflow/.local/lib/python3.12/site-packages/airflow/example_dags/tutorial_dag.py took 0.038 seconds
[2024-05-22T05:54:38.588+0000] {processor.py:161} INFO - Started process (PID=30063) to work on /home/airflow/.local/lib/python3.12/site-packages/airflow/example_dags/tutorial_dag.py
[2024-05-22T05:54:38.590+0000] {processor.py:830} INFO - Processing file /home/airflow/.local/lib/python3.12/site-packages/airflow/example_dags/tutorial_dag.py for tasks to queue
[2024-05-22T05:54:38.591+0000] {logging_mixin.py:188} INFO - [2024-05-22T05:54:38.591+0000] {dagbag.py:545} INFO - Filling up the DagBag from /home/airflow/.local/lib/python3.12/site-packages/airflow/example_dags/tutorial_dag.py
[2024-05-22T05:54:38.594+0000] {processor.py:840} INFO - DAG(s) 'tutorial_dag' retrieved from /home/airflow/.local/lib/python3.12/site-packages/airflow/example_dags/tutorial_dag.py
[2024-05-22T05:54:38.603+0000] {logging_mixin.py:188} INFO - [2024-05-22T05:54:38.603+0000] {dag.py:3096} INFO - Sync 1 DAGs
[2024-05-22T05:54:38.610+0000] {logging_mixin.py:188} INFO - [2024-05-22T05:54:38.610+0000] {dag.py:3954} INFO - Setting next_dagrun for tutorial_dag to None, run_after=None
[2024-05-22T05:54:38.618+0000] {processor.py:183} INFO - Processing /home/airflow/.local/lib/python3.12/site-packages/airflow/example_dags/tutorial_dag.py took 0.032 seconds
[2024-05-22T06:02:11.784+0000] {processor.py:161} INFO - Started process (PID=30121) to work on /home/airflow/.local/lib/python3.12/site-packages/airflow/example_dags/tutorial_dag.py
[2024-05-22T06:02:11.785+0000] {processor.py:830} INFO - Processing file /home/airflow/.local/lib/python3.12/site-packages/airflow/example_dags/tutorial_dag.py for tasks to queue
[2024-05-22T06:02:11.786+0000] {logging_mixin.py:188} INFO - [2024-05-22T06:02:11.786+0000] {dagbag.py:545} INFO - Filling up the DagBag from /home/airflow/.local/lib/python3.12/site-packages/airflow/example_dags/tutorial_dag.py
[2024-05-22T06:02:11.789+0000] {processor.py:840} INFO - DAG(s) 'tutorial_dag' retrieved from /home/airflow/.local/lib/python3.12/site-packages/airflow/example_dags/tutorial_dag.py
[2024-05-22T06:02:11.798+0000] {logging_mixin.py:188} INFO - [2024-05-22T06:02:11.798+0000] {dag.py:3096} INFO - Sync 1 DAGs
[2024-05-22T06:02:11.803+0000] {logging_mixin.py:188} INFO - [2024-05-22T06:02:11.803+0000] {dag.py:3954} INFO - Setting next_dagrun for tutorial_dag to None, run_after=None
[2024-05-22T06:02:11.810+0000] {processor.py:183} INFO - Processing /home/airflow/.local/lib/python3.12/site-packages/airflow/example_dags/tutorial_dag.py took 0.029 seconds
[2024-05-22T06:02:42.356+0000] {processor.py:161} INFO - Started process (PID=30179) to work on /home/airflow/.local/lib/python3.12/site-packages/airflow/example_dags/tutorial_dag.py
[2024-05-22T06:02:42.357+0000] {processor.py:830} INFO - Processing file /home/airflow/.local/lib/python3.12/site-packages/airflow/example_dags/tutorial_dag.py for tasks to queue
[2024-05-22T06:02:42.358+0000] {logging_mixin.py:188} INFO - [2024-05-22T06:02:42.358+0000] {dagbag.py:545} INFO - Filling up the DagBag from /home/airflow/.local/lib/python3.12/site-packages/airflow/example_dags/tutorial_dag.py
[2024-05-22T06:02:42.361+0000] {processor.py:840} INFO - DAG(s) 'tutorial_dag' retrieved from /home/airflow/.local/lib/python3.12/site-packages/airflow/example_dags/tutorial_dag.py
[2024-05-22T06:02:42.370+0000] {logging_mixin.py:188} INFO - [2024-05-22T06:02:42.370+0000] {dag.py:3096} INFO - Sync 1 DAGs
[2024-05-22T06:02:42.375+0000] {logging_mixin.py:188} INFO - [2024-05-22T06:02:42.375+0000] {dag.py:3954} INFO - Setting next_dagrun for tutorial_dag to None, run_after=None
[2024-05-22T06:02:42.383+0000] {processor.py:183} INFO - Processing /home/airflow/.local/lib/python3.12/site-packages/airflow/example_dags/tutorial_dag.py took 0.029 seconds
[2024-05-22T06:43:16.616+0000] {processor.py:161} INFO - Started process (PID=30237) to work on /home/airflow/.local/lib/python3.12/site-packages/airflow/example_dags/tutorial_dag.py
[2024-05-22T06:43:16.617+0000] {processor.py:830} INFO - Processing file /home/airflow/.local/lib/python3.12/site-packages/airflow/example_dags/tutorial_dag.py for tasks to queue
[2024-05-22T06:43:16.617+0000] {logging_mixin.py:188} INFO - [2024-05-22T06:43:16.617+0000] {dagbag.py:545} INFO - Filling up the DagBag from /home/airflow/.local/lib/python3.12/site-packages/airflow/example_dags/tutorial_dag.py
[2024-05-22T06:43:16.620+0000] {processor.py:840} INFO - DAG(s) 'tutorial_dag' retrieved from /home/airflow/.local/lib/python3.12/site-packages/airflow/example_dags/tutorial_dag.py
[2024-05-22T06:43:16.629+0000] {logging_mixin.py:188} INFO - [2024-05-22T06:43:16.629+0000] {dag.py:3096} INFO - Sync 1 DAGs
[2024-05-22T06:43:16.635+0000] {logging_mixin.py:188} INFO - [2024-05-22T06:43:16.635+0000] {dag.py:3954} INFO - Setting next_dagrun for tutorial_dag to None, run_after=None
[2024-05-22T06:43:16.642+0000] {processor.py:183} INFO - Processing /home/airflow/.local/lib/python3.12/site-packages/airflow/example_dags/tutorial_dag.py took 0.029 seconds
[2024-05-22T06:43:47.250+0000] {processor.py:161} INFO - Started process (PID=30295) to work on /home/airflow/.local/lib/python3.12/site-packages/airflow/example_dags/tutorial_dag.py
[2024-05-22T06:43:47.251+0000] {processor.py:830} INFO - Processing file /home/airflow/.local/lib/python3.12/site-packages/airflow/example_dags/tutorial_dag.py for tasks to queue
[2024-05-22T06:43:47.252+0000] {logging_mixin.py:188} INFO - [2024-05-22T06:43:47.251+0000] {dagbag.py:545} INFO - Filling up the DagBag from /home/airflow/.local/lib/python3.12/site-packages/airflow/example_dags/tutorial_dag.py
[2024-05-22T06:43:47.254+0000] {processor.py:840} INFO - DAG(s) 'tutorial_dag' retrieved from /home/airflow/.local/lib/python3.12/site-packages/airflow/example_dags/tutorial_dag.py
[2024-05-22T06:43:47.262+0000] {logging_mixin.py:188} INFO - [2024-05-22T06:43:47.262+0000] {dag.py:3096} INFO - Sync 1 DAGs
[2024-05-22T06:43:47.267+0000] {logging_mixin.py:188} INFO - [2024-05-22T06:43:47.267+0000] {dag.py:3954} INFO - Setting next_dagrun for tutorial_dag to None, run_after=None
[2024-05-22T06:43:47.274+0000] {processor.py:183} INFO - Processing /home/airflow/.local/lib/python3.12/site-packages/airflow/example_dags/tutorial_dag.py took 0.026 seconds
[2024-05-22T07:00:23.763+0000] {processor.py:161} INFO - Started process (PID=30352) to work on /home/airflow/.local/lib/python3.12/site-packages/airflow/example_dags/tutorial_dag.py
[2024-05-22T07:00:23.763+0000] {processor.py:830} INFO - Processing file /home/airflow/.local/lib/python3.12/site-packages/airflow/example_dags/tutorial_dag.py for tasks to queue
[2024-05-22T07:00:23.764+0000] {logging_mixin.py:188} INFO - [2024-05-22T07:00:23.764+0000] {dagbag.py:545} INFO - Filling up the DagBag from /home/airflow/.local/lib/python3.12/site-packages/airflow/example_dags/tutorial_dag.py
[2024-05-22T07:00:23.766+0000] {processor.py:840} INFO - DAG(s) 'tutorial_dag' retrieved from /home/airflow/.local/lib/python3.12/site-packages/airflow/example_dags/tutorial_dag.py
[2024-05-22T07:00:23.774+0000] {logging_mixin.py:188} INFO - [2024-05-22T07:00:23.774+0000] {dag.py:3096} INFO - Sync 1 DAGs
[2024-05-22T07:00:23.779+0000] {logging_mixin.py:188} INFO - [2024-05-22T07:00:23.779+0000] {dag.py:3954} INFO - Setting next_dagrun for tutorial_dag to None, run_after=None
[2024-05-22T07:00:23.786+0000] {processor.py:183} INFO - Processing /home/airflow/.local/lib/python3.12/site-packages/airflow/example_dags/tutorial_dag.py took 0.026 seconds
[2024-05-22T07:34:45.143+0000] {processor.py:161} INFO - Started process (PID=30410) to work on /home/airflow/.local/lib/python3.12/site-packages/airflow/example_dags/tutorial_dag.py
[2024-05-22T07:34:45.143+0000] {processor.py:830} INFO - Processing file /home/airflow/.local/lib/python3.12/site-packages/airflow/example_dags/tutorial_dag.py for tasks to queue
[2024-05-22T07:34:45.144+0000] {logging_mixin.py:188} INFO - [2024-05-22T07:34:45.144+0000] {dagbag.py:545} INFO - Filling up the DagBag from /home/airflow/.local/lib/python3.12/site-packages/airflow/example_dags/tutorial_dag.py
[2024-05-22T07:34:45.147+0000] {processor.py:840} INFO - DAG(s) 'tutorial_dag' retrieved from /home/airflow/.local/lib/python3.12/site-packages/airflow/example_dags/tutorial_dag.py
[2024-05-22T07:34:45.156+0000] {logging_mixin.py:188} INFO - [2024-05-22T07:34:45.156+0000] {dag.py:3096} INFO - Sync 1 DAGs
[2024-05-22T07:34:45.161+0000] {logging_mixin.py:188} INFO - [2024-05-22T07:34:45.161+0000] {dag.py:3954} INFO - Setting next_dagrun for tutorial_dag to None, run_after=None
[2024-05-22T07:34:45.168+0000] {processor.py:183} INFO - Processing /home/airflow/.local/lib/python3.12/site-packages/airflow/example_dags/tutorial_dag.py took 0.028 seconds
[2024-05-22T07:44:32.458+0000] {processor.py:161} INFO - Started process (PID=30468) to work on /home/airflow/.local/lib/python3.12/site-packages/airflow/example_dags/tutorial_dag.py
[2024-05-22T07:44:32.458+0000] {processor.py:830} INFO - Processing file /home/airflow/.local/lib/python3.12/site-packages/airflow/example_dags/tutorial_dag.py for tasks to queue
[2024-05-22T07:44:32.459+0000] {logging_mixin.py:188} INFO - [2024-05-22T07:44:32.459+0000] {dagbag.py:545} INFO - Filling up the DagBag from /home/airflow/.local/lib/python3.12/site-packages/airflow/example_dags/tutorial_dag.py
[2024-05-22T07:44:32.461+0000] {processor.py:840} INFO - DAG(s) 'tutorial_dag' retrieved from /home/airflow/.local/lib/python3.12/site-packages/airflow/example_dags/tutorial_dag.py
[2024-05-22T07:44:32.469+0000] {logging_mixin.py:188} INFO - [2024-05-22T07:44:32.469+0000] {dag.py:3096} INFO - Sync 1 DAGs
[2024-05-22T07:44:32.474+0000] {logging_mixin.py:188} INFO - [2024-05-22T07:44:32.474+0000] {dag.py:3954} INFO - Setting next_dagrun for tutorial_dag to None, run_after=None
[2024-05-22T07:44:32.481+0000] {processor.py:183} INFO - Processing /home/airflow/.local/lib/python3.12/site-packages/airflow/example_dags/tutorial_dag.py took 0.026 seconds
