[2024-05-22T01:00:14.052+0000] {processor.py:161} INFO - Started process (PID=29653) to work on /home/airflow/.local/lib/python3.12/site-packages/airflow/example_dags/tutorial.py
[2024-05-22T01:00:14.053+0000] {processor.py:830} INFO - Processing file /home/airflow/.local/lib/python3.12/site-packages/airflow/example_dags/tutorial.py for tasks to queue
[2024-05-22T01:00:14.054+0000] {logging_mixin.py:188} INFO - [2024-05-22T01:00:14.053+0000] {dagbag.py:545} INFO - Filling up the DagBag from /home/airflow/.local/lib/python3.12/site-packages/airflow/example_dags/tutorial.py
[2024-05-22T01:00:14.056+0000] {processor.py:840} INFO - DAG(s) 'tutorial' retrieved from /home/airflow/.local/lib/python3.12/site-packages/airflow/example_dags/tutorial.py
[2024-05-22T01:00:14.064+0000] {logging_mixin.py:188} INFO - [2024-05-22T01:00:14.064+0000] {dag.py:3096} INFO - Sync 1 DAGs
[2024-05-22T01:00:14.071+0000] {logging_mixin.py:188} INFO - [2024-05-22T01:00:14.071+0000] {dag.py:3954} INFO - Setting next_dagrun for tutorial to 2024-05-21 00:00:00+00:00, run_after=2024-05-22 00:00:00+00:00
[2024-05-22T01:00:14.078+0000] {processor.py:183} INFO - Processing /home/airflow/.local/lib/python3.12/site-packages/airflow/example_dags/tutorial.py took 0.028 seconds
[2024-05-22T02:26:34.246+0000] {processor.py:161} INFO - Started process (PID=29711) to work on /home/airflow/.local/lib/python3.12/site-packages/airflow/example_dags/tutorial.py
[2024-05-22T02:26:34.246+0000] {processor.py:830} INFO - Processing file /home/airflow/.local/lib/python3.12/site-packages/airflow/example_dags/tutorial.py for tasks to queue
[2024-05-22T02:26:34.247+0000] {logging_mixin.py:188} INFO - [2024-05-22T02:26:34.247+0000] {dagbag.py:545} INFO - Filling up the DagBag from /home/airflow/.local/lib/python3.12/site-packages/airflow/example_dags/tutorial.py
[2024-05-22T02:26:34.250+0000] {processor.py:840} INFO - DAG(s) 'tutorial' retrieved from /home/airflow/.local/lib/python3.12/site-packages/airflow/example_dags/tutorial.py
[2024-05-22T02:26:34.258+0000] {logging_mixin.py:188} INFO - [2024-05-22T02:26:34.258+0000] {dag.py:3096} INFO - Sync 1 DAGs
[2024-05-22T02:26:34.266+0000] {logging_mixin.py:188} INFO - [2024-05-22T02:26:34.266+0000] {dag.py:3954} INFO - Setting next_dagrun for tutorial to 2024-05-21 00:00:00+00:00, run_after=2024-05-22 00:00:00+00:00
[2024-05-22T02:26:34.273+0000] {processor.py:183} INFO - Processing /home/airflow/.local/lib/python3.12/site-packages/airflow/example_dags/tutorial.py took 0.030 seconds
[2024-05-22T02:27:04.976+0000] {processor.py:161} INFO - Started process (PID=29769) to work on /home/airflow/.local/lib/python3.12/site-packages/airflow/example_dags/tutorial.py
[2024-05-22T02:27:04.977+0000] {processor.py:830} INFO - Processing file /home/airflow/.local/lib/python3.12/site-packages/airflow/example_dags/tutorial.py for tasks to queue
[2024-05-22T02:27:04.978+0000] {logging_mixin.py:188} INFO - [2024-05-22T02:27:04.978+0000] {dagbag.py:545} INFO - Filling up the DagBag from /home/airflow/.local/lib/python3.12/site-packages/airflow/example_dags/tutorial.py
[2024-05-22T02:27:04.981+0000] {processor.py:840} INFO - DAG(s) 'tutorial' retrieved from /home/airflow/.local/lib/python3.12/site-packages/airflow/example_dags/tutorial.py
[2024-05-22T02:27:04.989+0000] {logging_mixin.py:188} INFO - [2024-05-22T02:27:04.989+0000] {dag.py:3096} INFO - Sync 1 DAGs
[2024-05-22T02:27:04.998+0000] {logging_mixin.py:188} INFO - [2024-05-22T02:27:04.998+0000] {dag.py:3954} INFO - Setting next_dagrun for tutorial to 2024-05-21 00:00:00+00:00, run_after=2024-05-22 00:00:00+00:00
[2024-05-22T02:27:05.005+0000] {processor.py:183} INFO - Processing /home/airflow/.local/lib/python3.12/site-packages/airflow/example_dags/tutorial.py took 0.031 seconds
[2024-05-22T03:16:29.083+0000] {processor.py:161} INFO - Started process (PID=29827) to work on /home/airflow/.local/lib/python3.12/site-packages/airflow/example_dags/tutorial.py
[2024-05-22T03:16:29.084+0000] {processor.py:830} INFO - Processing file /home/airflow/.local/lib/python3.12/site-packages/airflow/example_dags/tutorial.py for tasks to queue
[2024-05-22T03:16:29.085+0000] {logging_mixin.py:188} INFO - [2024-05-22T03:16:29.085+0000] {dagbag.py:545} INFO - Filling up the DagBag from /home/airflow/.local/lib/python3.12/site-packages/airflow/example_dags/tutorial.py
[2024-05-22T03:16:29.087+0000] {processor.py:840} INFO - DAG(s) 'tutorial' retrieved from /home/airflow/.local/lib/python3.12/site-packages/airflow/example_dags/tutorial.py
[2024-05-22T03:16:29.095+0000] {logging_mixin.py:188} INFO - [2024-05-22T03:16:29.095+0000] {dag.py:3096} INFO - Sync 1 DAGs
[2024-05-22T03:16:29.104+0000] {logging_mixin.py:188} INFO - [2024-05-22T03:16:29.104+0000] {dag.py:3954} INFO - Setting next_dagrun for tutorial to 2024-05-21 00:00:00+00:00, run_after=2024-05-22 00:00:00+00:00
[2024-05-22T03:16:29.110+0000] {processor.py:183} INFO - Processing /home/airflow/.local/lib/python3.12/site-packages/airflow/example_dags/tutorial.py took 0.029 seconds
[2024-05-22T04:42:08.530+0000] {processor.py:161} INFO - Started process (PID=29885) to work on /home/airflow/.local/lib/python3.12/site-packages/airflow/example_dags/tutorial.py
[2024-05-22T04:42:08.530+0000] {processor.py:830} INFO - Processing file /home/airflow/.local/lib/python3.12/site-packages/airflow/example_dags/tutorial.py for tasks to queue
[2024-05-22T04:42:08.531+0000] {logging_mixin.py:188} INFO - [2024-05-22T04:42:08.531+0000] {dagbag.py:545} INFO - Filling up the DagBag from /home/airflow/.local/lib/python3.12/site-packages/airflow/example_dags/tutorial.py
[2024-05-22T04:42:08.534+0000] {processor.py:840} INFO - DAG(s) 'tutorial' retrieved from /home/airflow/.local/lib/python3.12/site-packages/airflow/example_dags/tutorial.py
[2024-05-22T04:42:08.542+0000] {logging_mixin.py:188} INFO - [2024-05-22T04:42:08.542+0000] {dag.py:3096} INFO - Sync 1 DAGs
[2024-05-22T04:42:08.551+0000] {logging_mixin.py:188} INFO - [2024-05-22T04:42:08.551+0000] {dag.py:3954} INFO - Setting next_dagrun for tutorial to 2024-05-21 00:00:00+00:00, run_after=2024-05-22 00:00:00+00:00
[2024-05-22T04:42:08.558+0000] {processor.py:183} INFO - Processing /home/airflow/.local/lib/python3.12/site-packages/airflow/example_dags/tutorial.py took 0.030 seconds
[2024-05-22T04:42:39.037+0000] {processor.py:161} INFO - Started process (PID=29943) to work on /home/airflow/.local/lib/python3.12/site-packages/airflow/example_dags/tutorial.py
[2024-05-22T04:42:39.038+0000] {processor.py:830} INFO - Processing file /home/airflow/.local/lib/python3.12/site-packages/airflow/example_dags/tutorial.py for tasks to queue
[2024-05-22T04:42:39.038+0000] {logging_mixin.py:188} INFO - [2024-05-22T04:42:39.038+0000] {dagbag.py:545} INFO - Filling up the DagBag from /home/airflow/.local/lib/python3.12/site-packages/airflow/example_dags/tutorial.py
[2024-05-22T04:42:39.041+0000] {processor.py:840} INFO - DAG(s) 'tutorial' retrieved from /home/airflow/.local/lib/python3.12/site-packages/airflow/example_dags/tutorial.py
[2024-05-22T04:42:39.049+0000] {logging_mixin.py:188} INFO - [2024-05-22T04:42:39.049+0000] {dag.py:3096} INFO - Sync 1 DAGs
[2024-05-22T04:42:39.058+0000] {logging_mixin.py:188} INFO - [2024-05-22T04:42:39.058+0000] {dag.py:3954} INFO - Setting next_dagrun for tutorial to 2024-05-21 00:00:00+00:00, run_after=2024-05-22 00:00:00+00:00
[2024-05-22T04:42:39.065+0000] {processor.py:183} INFO - Processing /home/airflow/.local/lib/python3.12/site-packages/airflow/example_dags/tutorial.py took 0.031 seconds
[2024-05-22T05:33:33.161+0000] {processor.py:161} INFO - Started process (PID=30001) to work on /home/airflow/.local/lib/python3.12/site-packages/airflow/example_dags/tutorial.py
[2024-05-22T05:33:33.162+0000] {processor.py:830} INFO - Processing file /home/airflow/.local/lib/python3.12/site-packages/airflow/example_dags/tutorial.py for tasks to queue
[2024-05-22T05:33:33.163+0000] {logging_mixin.py:188} INFO - [2024-05-22T05:33:33.162+0000] {dagbag.py:545} INFO - Filling up the DagBag from /home/airflow/.local/lib/python3.12/site-packages/airflow/example_dags/tutorial.py
[2024-05-22T05:33:33.165+0000] {processor.py:840} INFO - DAG(s) 'tutorial' retrieved from /home/airflow/.local/lib/python3.12/site-packages/airflow/example_dags/tutorial.py
[2024-05-22T05:33:33.173+0000] {logging_mixin.py:188} INFO - [2024-05-22T05:33:33.173+0000] {dag.py:3096} INFO - Sync 1 DAGs
[2024-05-22T05:33:33.183+0000] {logging_mixin.py:188} INFO - [2024-05-22T05:33:33.183+0000] {dag.py:3954} INFO - Setting next_dagrun for tutorial to 2024-05-21 00:00:00+00:00, run_after=2024-05-22 00:00:00+00:00
[2024-05-22T05:33:33.190+0000] {processor.py:183} INFO - Processing /home/airflow/.local/lib/python3.12/site-packages/airflow/example_dags/tutorial.py took 0.031 seconds
[2024-05-22T05:54:38.455+0000] {processor.py:161} INFO - Started process (PID=30059) to work on /home/airflow/.local/lib/python3.12/site-packages/airflow/example_dags/tutorial.py
[2024-05-22T05:54:38.457+0000] {processor.py:830} INFO - Processing file /home/airflow/.local/lib/python3.12/site-packages/airflow/example_dags/tutorial.py for tasks to queue
[2024-05-22T05:54:38.458+0000] {logging_mixin.py:188} INFO - [2024-05-22T05:54:38.458+0000] {dagbag.py:545} INFO - Filling up the DagBag from /home/airflow/.local/lib/python3.12/site-packages/airflow/example_dags/tutorial.py
[2024-05-22T05:54:38.461+0000] {processor.py:840} INFO - DAG(s) 'tutorial' retrieved from /home/airflow/.local/lib/python3.12/site-packages/airflow/example_dags/tutorial.py
[2024-05-22T05:54:38.472+0000] {logging_mixin.py:188} INFO - [2024-05-22T05:54:38.472+0000] {dag.py:3096} INFO - Sync 1 DAGs
[2024-05-22T05:54:38.481+0000] {logging_mixin.py:188} INFO - [2024-05-22T05:54:38.481+0000] {dag.py:3954} INFO - Setting next_dagrun for tutorial to 2024-05-21 00:00:00+00:00, run_after=2024-05-22 00:00:00+00:00
[2024-05-22T05:54:38.489+0000] {processor.py:183} INFO - Processing /home/airflow/.local/lib/python3.12/site-packages/airflow/example_dags/tutorial.py took 0.038 seconds
[2024-05-22T06:02:11.667+0000] {processor.py:161} INFO - Started process (PID=30117) to work on /home/airflow/.local/lib/python3.12/site-packages/airflow/example_dags/tutorial.py
[2024-05-22T06:02:11.668+0000] {processor.py:830} INFO - Processing file /home/airflow/.local/lib/python3.12/site-packages/airflow/example_dags/tutorial.py for tasks to queue
[2024-05-22T06:02:11.669+0000] {logging_mixin.py:188} INFO - [2024-05-22T06:02:11.669+0000] {dagbag.py:545} INFO - Filling up the DagBag from /home/airflow/.local/lib/python3.12/site-packages/airflow/example_dags/tutorial.py
[2024-05-22T06:02:11.672+0000] {processor.py:840} INFO - DAG(s) 'tutorial' retrieved from /home/airflow/.local/lib/python3.12/site-packages/airflow/example_dags/tutorial.py
[2024-05-22T06:02:11.680+0000] {logging_mixin.py:188} INFO - [2024-05-22T06:02:11.680+0000] {dag.py:3096} INFO - Sync 1 DAGs
[2024-05-22T06:02:11.690+0000] {logging_mixin.py:188} INFO - [2024-05-22T06:02:11.690+0000] {dag.py:3954} INFO - Setting next_dagrun for tutorial to 2024-05-21 00:00:00+00:00, run_after=2024-05-22 00:00:00+00:00
[2024-05-22T06:02:11.697+0000] {processor.py:183} INFO - Processing /home/airflow/.local/lib/python3.12/site-packages/airflow/example_dags/tutorial.py took 0.032 seconds
[2024-05-22T06:02:42.243+0000] {processor.py:161} INFO - Started process (PID=30175) to work on /home/airflow/.local/lib/python3.12/site-packages/airflow/example_dags/tutorial.py
[2024-05-22T06:02:42.244+0000] {processor.py:830} INFO - Processing file /home/airflow/.local/lib/python3.12/site-packages/airflow/example_dags/tutorial.py for tasks to queue
[2024-05-22T06:02:42.245+0000] {logging_mixin.py:188} INFO - [2024-05-22T06:02:42.245+0000] {dagbag.py:545} INFO - Filling up the DagBag from /home/airflow/.local/lib/python3.12/site-packages/airflow/example_dags/tutorial.py
[2024-05-22T06:02:42.248+0000] {processor.py:840} INFO - DAG(s) 'tutorial' retrieved from /home/airflow/.local/lib/python3.12/site-packages/airflow/example_dags/tutorial.py
[2024-05-22T06:02:42.257+0000] {logging_mixin.py:188} INFO - [2024-05-22T06:02:42.256+0000] {dag.py:3096} INFO - Sync 1 DAGs
[2024-05-22T06:02:42.265+0000] {logging_mixin.py:188} INFO - [2024-05-22T06:02:42.265+0000] {dag.py:3954} INFO - Setting next_dagrun for tutorial to 2024-05-21 00:00:00+00:00, run_after=2024-05-22 00:00:00+00:00
[2024-05-22T06:02:42.273+0000] {processor.py:183} INFO - Processing /home/airflow/.local/lib/python3.12/site-packages/airflow/example_dags/tutorial.py took 0.032 seconds
[2024-05-22T06:43:16.499+0000] {processor.py:161} INFO - Started process (PID=30233) to work on /home/airflow/.local/lib/python3.12/site-packages/airflow/example_dags/tutorial.py
[2024-05-22T06:43:16.499+0000] {processor.py:830} INFO - Processing file /home/airflow/.local/lib/python3.12/site-packages/airflow/example_dags/tutorial.py for tasks to queue
[2024-05-22T06:43:16.500+0000] {logging_mixin.py:188} INFO - [2024-05-22T06:43:16.500+0000] {dagbag.py:545} INFO - Filling up the DagBag from /home/airflow/.local/lib/python3.12/site-packages/airflow/example_dags/tutorial.py
[2024-05-22T06:43:16.502+0000] {processor.py:840} INFO - DAG(s) 'tutorial' retrieved from /home/airflow/.local/lib/python3.12/site-packages/airflow/example_dags/tutorial.py
[2024-05-22T06:43:16.511+0000] {logging_mixin.py:188} INFO - [2024-05-22T06:43:16.511+0000] {dag.py:3096} INFO - Sync 1 DAGs
[2024-05-22T06:43:16.520+0000] {logging_mixin.py:188} INFO - [2024-05-22T06:43:16.519+0000] {dag.py:3954} INFO - Setting next_dagrun for tutorial to 2024-05-21 00:00:00+00:00, run_after=2024-05-22 00:00:00+00:00
[2024-05-22T06:43:16.526+0000] {processor.py:183} INFO - Processing /home/airflow/.local/lib/python3.12/site-packages/airflow/example_dags/tutorial.py took 0.030 seconds
[2024-05-22T06:43:47.174+0000] {processor.py:161} INFO - Started process (PID=30291) to work on /home/airflow/.local/lib/python3.12/site-packages/airflow/example_dags/tutorial.py
[2024-05-22T06:43:47.174+0000] {processor.py:830} INFO - Processing file /home/airflow/.local/lib/python3.12/site-packages/airflow/example_dags/tutorial.py for tasks to queue
[2024-05-22T06:43:47.175+0000] {logging_mixin.py:188} INFO - [2024-05-22T06:43:47.175+0000] {dagbag.py:545} INFO - Filling up the DagBag from /home/airflow/.local/lib/python3.12/site-packages/airflow/example_dags/tutorial.py
[2024-05-22T06:43:47.178+0000] {processor.py:840} INFO - DAG(s) 'tutorial' retrieved from /home/airflow/.local/lib/python3.12/site-packages/airflow/example_dags/tutorial.py
[2024-05-22T06:43:47.186+0000] {logging_mixin.py:188} INFO - [2024-05-22T06:43:47.186+0000] {dag.py:3096} INFO - Sync 1 DAGs
[2024-05-22T06:43:47.195+0000] {logging_mixin.py:188} INFO - [2024-05-22T06:43:47.195+0000] {dag.py:3954} INFO - Setting next_dagrun for tutorial to 2024-05-21 00:00:00+00:00, run_after=2024-05-22 00:00:00+00:00
[2024-05-22T06:43:47.201+0000] {processor.py:183} INFO - Processing /home/airflow/.local/lib/python3.12/site-packages/airflow/example_dags/tutorial.py took 0.030 seconds
[2024-05-22T07:00:23.683+0000] {processor.py:161} INFO - Started process (PID=30348) to work on /home/airflow/.local/lib/python3.12/site-packages/airflow/example_dags/tutorial.py
[2024-05-22T07:00:23.684+0000] {processor.py:830} INFO - Processing file /home/airflow/.local/lib/python3.12/site-packages/airflow/example_dags/tutorial.py for tasks to queue
[2024-05-22T07:00:23.685+0000] {logging_mixin.py:188} INFO - [2024-05-22T07:00:23.685+0000] {dagbag.py:545} INFO - Filling up the DagBag from /home/airflow/.local/lib/python3.12/site-packages/airflow/example_dags/tutorial.py
[2024-05-22T07:00:23.688+0000] {processor.py:840} INFO - DAG(s) 'tutorial' retrieved from /home/airflow/.local/lib/python3.12/site-packages/airflow/example_dags/tutorial.py
[2024-05-22T07:00:23.698+0000] {logging_mixin.py:188} INFO - [2024-05-22T07:00:23.698+0000] {dag.py:3096} INFO - Sync 1 DAGs
[2024-05-22T07:00:23.708+0000] {logging_mixin.py:188} INFO - [2024-05-22T07:00:23.708+0000] {dag.py:3954} INFO - Setting next_dagrun for tutorial to 2024-05-21 00:00:00+00:00, run_after=2024-05-22 00:00:00+00:00
[2024-05-22T07:00:23.715+0000] {processor.py:183} INFO - Processing /home/airflow/.local/lib/python3.12/site-packages/airflow/example_dags/tutorial.py took 0.034 seconds
[2024-05-22T07:34:45.064+0000] {processor.py:161} INFO - Started process (PID=30406) to work on /home/airflow/.local/lib/python3.12/site-packages/airflow/example_dags/tutorial.py
[2024-05-22T07:34:45.065+0000] {processor.py:830} INFO - Processing file /home/airflow/.local/lib/python3.12/site-packages/airflow/example_dags/tutorial.py for tasks to queue
[2024-05-22T07:34:45.066+0000] {logging_mixin.py:188} INFO - [2024-05-22T07:34:45.066+0000] {dagbag.py:545} INFO - Filling up the DagBag from /home/airflow/.local/lib/python3.12/site-packages/airflow/example_dags/tutorial.py
[2024-05-22T07:34:45.069+0000] {processor.py:840} INFO - DAG(s) 'tutorial' retrieved from /home/airflow/.local/lib/python3.12/site-packages/airflow/example_dags/tutorial.py
[2024-05-22T07:34:45.077+0000] {logging_mixin.py:188} INFO - [2024-05-22T07:34:45.077+0000] {dag.py:3096} INFO - Sync 1 DAGs
[2024-05-22T07:34:45.086+0000] {logging_mixin.py:188} INFO - [2024-05-22T07:34:45.086+0000] {dag.py:3954} INFO - Setting next_dagrun for tutorial to 2024-05-21 00:00:00+00:00, run_after=2024-05-22 00:00:00+00:00
[2024-05-22T07:34:45.094+0000] {processor.py:183} INFO - Processing /home/airflow/.local/lib/python3.12/site-packages/airflow/example_dags/tutorial.py took 0.032 seconds
[2024-05-22T07:44:32.382+0000] {processor.py:161} INFO - Started process (PID=30464) to work on /home/airflow/.local/lib/python3.12/site-packages/airflow/example_dags/tutorial.py
[2024-05-22T07:44:32.382+0000] {processor.py:830} INFO - Processing file /home/airflow/.local/lib/python3.12/site-packages/airflow/example_dags/tutorial.py for tasks to queue
[2024-05-22T07:44:32.383+0000] {logging_mixin.py:188} INFO - [2024-05-22T07:44:32.383+0000] {dagbag.py:545} INFO - Filling up the DagBag from /home/airflow/.local/lib/python3.12/site-packages/airflow/example_dags/tutorial.py
[2024-05-22T07:44:32.387+0000] {processor.py:840} INFO - DAG(s) 'tutorial' retrieved from /home/airflow/.local/lib/python3.12/site-packages/airflow/example_dags/tutorial.py
[2024-05-22T07:44:32.395+0000] {logging_mixin.py:188} INFO - [2024-05-22T07:44:32.395+0000] {dag.py:3096} INFO - Sync 1 DAGs
[2024-05-22T07:44:32.405+0000] {logging_mixin.py:188} INFO - [2024-05-22T07:44:32.404+0000] {dag.py:3954} INFO - Setting next_dagrun for tutorial to 2024-05-21 00:00:00+00:00, run_after=2024-05-22 00:00:00+00:00
[2024-05-22T07:44:32.411+0000] {processor.py:183} INFO - Processing /home/airflow/.local/lib/python3.12/site-packages/airflow/example_dags/tutorial.py took 0.033 seconds
