[2024-05-22T01:00:14.089+0000] {processor.py:161} INFO - Started process (PID=29654) to work on /home/airflow/.local/lib/python3.12/site-packages/airflow/example_dags/tutorial_objectstorage.py
[2024-05-22T01:00:14.090+0000] {processor.py:830} INFO - Processing file /home/airflow/.local/lib/python3.12/site-packages/airflow/example_dags/tutorial_objectstorage.py for tasks to queue
[2024-05-22T01:00:14.090+0000] {logging_mixin.py:188} INFO - [2024-05-22T01:00:14.090+0000] {dagbag.py:545} INFO - Filling up the DagBag from /home/airflow/.local/lib/python3.12/site-packages/airflow/example_dags/tutorial_objectstorage.py
[2024-05-22T01:00:14.094+0000] {processor.py:840} INFO - DAG(s) 'tutorial_objectstorage' retrieved from /home/airflow/.local/lib/python3.12/site-packages/airflow/example_dags/tutorial_objectstorage.py
[2024-05-22T01:00:14.102+0000] {logging_mixin.py:188} INFO - [2024-05-22T01:00:14.102+0000] {dag.py:3096} INFO - Sync 1 DAGs
[2024-05-22T01:00:14.107+0000] {logging_mixin.py:188} INFO - [2024-05-22T01:00:14.107+0000] {dag.py:3954} INFO - Setting next_dagrun for tutorial_objectstorage to None, run_after=None
[2024-05-22T01:00:14.114+0000] {processor.py:183} INFO - Processing /home/airflow/.local/lib/python3.12/site-packages/airflow/example_dags/tutorial_objectstorage.py took 0.027 seconds
[2024-05-22T02:26:34.249+0000] {processor.py:161} INFO - Started process (PID=29712) to work on /home/airflow/.local/lib/python3.12/site-packages/airflow/example_dags/tutorial_objectstorage.py
[2024-05-22T02:26:34.250+0000] {processor.py:830} INFO - Processing file /home/airflow/.local/lib/python3.12/site-packages/airflow/example_dags/tutorial_objectstorage.py for tasks to queue
[2024-05-22T02:26:34.250+0000] {logging_mixin.py:188} INFO - [2024-05-22T02:26:34.250+0000] {dagbag.py:545} INFO - Filling up the DagBag from /home/airflow/.local/lib/python3.12/site-packages/airflow/example_dags/tutorial_objectstorage.py
[2024-05-22T02:26:34.254+0000] {processor.py:840} INFO - DAG(s) 'tutorial_objectstorage' retrieved from /home/airflow/.local/lib/python3.12/site-packages/airflow/example_dags/tutorial_objectstorage.py
[2024-05-22T02:26:34.261+0000] {logging_mixin.py:188} INFO - [2024-05-22T02:26:34.261+0000] {dag.py:3096} INFO - Sync 1 DAGs
[2024-05-22T02:26:34.266+0000] {logging_mixin.py:188} INFO - [2024-05-22T02:26:34.266+0000] {dag.py:3954} INFO - Setting next_dagrun for tutorial_objectstorage to None, run_after=None
[2024-05-22T02:26:34.273+0000] {processor.py:183} INFO - Processing /home/airflow/.local/lib/python3.12/site-packages/airflow/example_dags/tutorial_objectstorage.py took 0.026 seconds
[2024-05-22T02:27:04.980+0000] {processor.py:161} INFO - Started process (PID=29770) to work on /home/airflow/.local/lib/python3.12/site-packages/airflow/example_dags/tutorial_objectstorage.py
[2024-05-22T02:27:04.981+0000] {processor.py:830} INFO - Processing file /home/airflow/.local/lib/python3.12/site-packages/airflow/example_dags/tutorial_objectstorage.py for tasks to queue
[2024-05-22T02:27:04.982+0000] {logging_mixin.py:188} INFO - [2024-05-22T02:27:04.981+0000] {dagbag.py:545} INFO - Filling up the DagBag from /home/airflow/.local/lib/python3.12/site-packages/airflow/example_dags/tutorial_objectstorage.py
[2024-05-22T02:27:04.985+0000] {processor.py:840} INFO - DAG(s) 'tutorial_objectstorage' retrieved from /home/airflow/.local/lib/python3.12/site-packages/airflow/example_dags/tutorial_objectstorage.py
[2024-05-22T02:27:04.993+0000] {logging_mixin.py:188} INFO - [2024-05-22T02:27:04.992+0000] {dag.py:3096} INFO - Sync 1 DAGs
[2024-05-22T02:27:04.998+0000] {logging_mixin.py:188} INFO - [2024-05-22T02:27:04.998+0000] {dag.py:3954} INFO - Setting next_dagrun for tutorial_objectstorage to None, run_after=None
[2024-05-22T02:27:05.005+0000] {processor.py:183} INFO - Processing /home/airflow/.local/lib/python3.12/site-packages/airflow/example_dags/tutorial_objectstorage.py took 0.027 seconds
[2024-05-22T03:16:29.084+0000] {processor.py:161} INFO - Started process (PID=29828) to work on /home/airflow/.local/lib/python3.12/site-packages/airflow/example_dags/tutorial_objectstorage.py
[2024-05-22T03:16:29.085+0000] {processor.py:830} INFO - Processing file /home/airflow/.local/lib/python3.12/site-packages/airflow/example_dags/tutorial_objectstorage.py for tasks to queue
[2024-05-22T03:16:29.085+0000] {logging_mixin.py:188} INFO - [2024-05-22T03:16:29.085+0000] {dagbag.py:545} INFO - Filling up the DagBag from /home/airflow/.local/lib/python3.12/site-packages/airflow/example_dags/tutorial_objectstorage.py
[2024-05-22T03:16:29.089+0000] {processor.py:840} INFO - DAG(s) 'tutorial_objectstorage' retrieved from /home/airflow/.local/lib/python3.12/site-packages/airflow/example_dags/tutorial_objectstorage.py
[2024-05-22T03:16:29.096+0000] {logging_mixin.py:188} INFO - [2024-05-22T03:16:29.095+0000] {dag.py:3096} INFO - Sync 1 DAGs
[2024-05-22T03:16:29.100+0000] {logging_mixin.py:188} INFO - [2024-05-22T03:16:29.100+0000] {dag.py:3954} INFO - Setting next_dagrun for tutorial_objectstorage to None, run_after=None
[2024-05-22T03:16:29.107+0000] {processor.py:183} INFO - Processing /home/airflow/.local/lib/python3.12/site-packages/airflow/example_dags/tutorial_objectstorage.py took 0.025 seconds
[2024-05-22T04:42:08.533+0000] {processor.py:161} INFO - Started process (PID=29886) to work on /home/airflow/.local/lib/python3.12/site-packages/airflow/example_dags/tutorial_objectstorage.py
[2024-05-22T04:42:08.534+0000] {processor.py:830} INFO - Processing file /home/airflow/.local/lib/python3.12/site-packages/airflow/example_dags/tutorial_objectstorage.py for tasks to queue
[2024-05-22T04:42:08.535+0000] {logging_mixin.py:188} INFO - [2024-05-22T04:42:08.534+0000] {dagbag.py:545} INFO - Filling up the DagBag from /home/airflow/.local/lib/python3.12/site-packages/airflow/example_dags/tutorial_objectstorage.py
[2024-05-22T04:42:08.538+0000] {processor.py:840} INFO - DAG(s) 'tutorial_objectstorage' retrieved from /home/airflow/.local/lib/python3.12/site-packages/airflow/example_dags/tutorial_objectstorage.py
[2024-05-22T04:42:08.546+0000] {logging_mixin.py:188} INFO - [2024-05-22T04:42:08.546+0000] {dag.py:3096} INFO - Sync 1 DAGs
[2024-05-22T04:42:08.550+0000] {logging_mixin.py:188} INFO - [2024-05-22T04:42:08.550+0000] {dag.py:3954} INFO - Setting next_dagrun for tutorial_objectstorage to None, run_after=None
[2024-05-22T04:42:08.558+0000] {processor.py:183} INFO - Processing /home/airflow/.local/lib/python3.12/site-packages/airflow/example_dags/tutorial_objectstorage.py took 0.027 seconds
[2024-05-22T04:42:39.041+0000] {processor.py:161} INFO - Started process (PID=29944) to work on /home/airflow/.local/lib/python3.12/site-packages/airflow/example_dags/tutorial_objectstorage.py
[2024-05-22T04:42:39.041+0000] {processor.py:830} INFO - Processing file /home/airflow/.local/lib/python3.12/site-packages/airflow/example_dags/tutorial_objectstorage.py for tasks to queue
[2024-05-22T04:42:39.042+0000] {logging_mixin.py:188} INFO - [2024-05-22T04:42:39.042+0000] {dagbag.py:545} INFO - Filling up the DagBag from /home/airflow/.local/lib/python3.12/site-packages/airflow/example_dags/tutorial_objectstorage.py
[2024-05-22T04:42:39.045+0000] {processor.py:840} INFO - DAG(s) 'tutorial_objectstorage' retrieved from /home/airflow/.local/lib/python3.12/site-packages/airflow/example_dags/tutorial_objectstorage.py
[2024-05-22T04:42:39.053+0000] {logging_mixin.py:188} INFO - [2024-05-22T04:42:39.053+0000] {dag.py:3096} INFO - Sync 1 DAGs
[2024-05-22T04:42:39.058+0000] {logging_mixin.py:188} INFO - [2024-05-22T04:42:39.058+0000] {dag.py:3954} INFO - Setting next_dagrun for tutorial_objectstorage to None, run_after=None
[2024-05-22T04:42:39.065+0000] {processor.py:183} INFO - Processing /home/airflow/.local/lib/python3.12/site-packages/airflow/example_dags/tutorial_objectstorage.py took 0.027 seconds
[2024-05-22T05:33:33.201+0000] {processor.py:161} INFO - Started process (PID=30002) to work on /home/airflow/.local/lib/python3.12/site-packages/airflow/example_dags/tutorial_objectstorage.py
[2024-05-22T05:33:33.202+0000] {processor.py:830} INFO - Processing file /home/airflow/.local/lib/python3.12/site-packages/airflow/example_dags/tutorial_objectstorage.py for tasks to queue
[2024-05-22T05:33:33.203+0000] {logging_mixin.py:188} INFO - [2024-05-22T05:33:33.203+0000] {dagbag.py:545} INFO - Filling up the DagBag from /home/airflow/.local/lib/python3.12/site-packages/airflow/example_dags/tutorial_objectstorage.py
[2024-05-22T05:33:33.207+0000] {processor.py:840} INFO - DAG(s) 'tutorial_objectstorage' retrieved from /home/airflow/.local/lib/python3.12/site-packages/airflow/example_dags/tutorial_objectstorage.py
[2024-05-22T05:33:33.217+0000] {logging_mixin.py:188} INFO - [2024-05-22T05:33:33.217+0000] {dag.py:3096} INFO - Sync 1 DAGs
[2024-05-22T05:33:33.222+0000] {logging_mixin.py:188} INFO - [2024-05-22T05:33:33.222+0000] {dag.py:3954} INFO - Setting next_dagrun for tutorial_objectstorage to None, run_after=None
[2024-05-22T05:33:33.231+0000] {processor.py:183} INFO - Processing /home/airflow/.local/lib/python3.12/site-packages/airflow/example_dags/tutorial_objectstorage.py took 0.033 seconds
[2024-05-22T05:54:38.503+0000] {processor.py:161} INFO - Started process (PID=30060) to work on /home/airflow/.local/lib/python3.12/site-packages/airflow/example_dags/tutorial_objectstorage.py
[2024-05-22T05:54:38.504+0000] {processor.py:830} INFO - Processing file /home/airflow/.local/lib/python3.12/site-packages/airflow/example_dags/tutorial_objectstorage.py for tasks to queue
[2024-05-22T05:54:38.505+0000] {logging_mixin.py:188} INFO - [2024-05-22T05:54:38.505+0000] {dagbag.py:545} INFO - Filling up the DagBag from /home/airflow/.local/lib/python3.12/site-packages/airflow/example_dags/tutorial_objectstorage.py
[2024-05-22T05:54:38.509+0000] {processor.py:840} INFO - DAG(s) 'tutorial_objectstorage' retrieved from /home/airflow/.local/lib/python3.12/site-packages/airflow/example_dags/tutorial_objectstorage.py
[2024-05-22T05:54:38.520+0000] {logging_mixin.py:188} INFO - [2024-05-22T05:54:38.520+0000] {dag.py:3096} INFO - Sync 1 DAGs
[2024-05-22T05:54:38.526+0000] {logging_mixin.py:188} INFO - [2024-05-22T05:54:38.526+0000] {dag.py:3954} INFO - Setting next_dagrun for tutorial_objectstorage to None, run_after=None
[2024-05-22T05:54:38.534+0000] {processor.py:183} INFO - Processing /home/airflow/.local/lib/python3.12/site-packages/airflow/example_dags/tutorial_objectstorage.py took 0.035 seconds
[2024-05-22T06:02:11.707+0000] {processor.py:161} INFO - Started process (PID=30118) to work on /home/airflow/.local/lib/python3.12/site-packages/airflow/example_dags/tutorial_objectstorage.py
[2024-05-22T06:02:11.708+0000] {processor.py:830} INFO - Processing file /home/airflow/.local/lib/python3.12/site-packages/airflow/example_dags/tutorial_objectstorage.py for tasks to queue
[2024-05-22T06:02:11.709+0000] {logging_mixin.py:188} INFO - [2024-05-22T06:02:11.709+0000] {dagbag.py:545} INFO - Filling up the DagBag from /home/airflow/.local/lib/python3.12/site-packages/airflow/example_dags/tutorial_objectstorage.py
[2024-05-22T06:02:11.713+0000] {processor.py:840} INFO - DAG(s) 'tutorial_objectstorage' retrieved from /home/airflow/.local/lib/python3.12/site-packages/airflow/example_dags/tutorial_objectstorage.py
[2024-05-22T06:02:11.722+0000] {logging_mixin.py:188} INFO - [2024-05-22T06:02:11.722+0000] {dag.py:3096} INFO - Sync 1 DAGs
[2024-05-22T06:02:11.727+0000] {logging_mixin.py:188} INFO - [2024-05-22T06:02:11.727+0000] {dag.py:3954} INFO - Setting next_dagrun for tutorial_objectstorage to None, run_after=None
[2024-05-22T06:02:11.735+0000] {processor.py:183} INFO - Processing /home/airflow/.local/lib/python3.12/site-packages/airflow/example_dags/tutorial_objectstorage.py took 0.030 seconds
[2024-05-22T06:02:42.283+0000] {processor.py:161} INFO - Started process (PID=30176) to work on /home/airflow/.local/lib/python3.12/site-packages/airflow/example_dags/tutorial_objectstorage.py
[2024-05-22T06:02:42.284+0000] {processor.py:830} INFO - Processing file /home/airflow/.local/lib/python3.12/site-packages/airflow/example_dags/tutorial_objectstorage.py for tasks to queue
[2024-05-22T06:02:42.285+0000] {logging_mixin.py:188} INFO - [2024-05-22T06:02:42.284+0000] {dagbag.py:545} INFO - Filling up the DagBag from /home/airflow/.local/lib/python3.12/site-packages/airflow/example_dags/tutorial_objectstorage.py
[2024-05-22T06:02:42.289+0000] {processor.py:840} INFO - DAG(s) 'tutorial_objectstorage' retrieved from /home/airflow/.local/lib/python3.12/site-packages/airflow/example_dags/tutorial_objectstorage.py
[2024-05-22T06:02:42.297+0000] {logging_mixin.py:188} INFO - [2024-05-22T06:02:42.297+0000] {dag.py:3096} INFO - Sync 1 DAGs
[2024-05-22T06:02:42.302+0000] {logging_mixin.py:188} INFO - [2024-05-22T06:02:42.302+0000] {dag.py:3954} INFO - Setting next_dagrun for tutorial_objectstorage to None, run_after=None
[2024-05-22T06:02:42.310+0000] {processor.py:183} INFO - Processing /home/airflow/.local/lib/python3.12/site-packages/airflow/example_dags/tutorial_objectstorage.py took 0.029 seconds
[2024-05-22T06:43:16.537+0000] {processor.py:161} INFO - Started process (PID=30234) to work on /home/airflow/.local/lib/python3.12/site-packages/airflow/example_dags/tutorial_objectstorage.py
[2024-05-22T06:43:16.538+0000] {processor.py:830} INFO - Processing file /home/airflow/.local/lib/python3.12/site-packages/airflow/example_dags/tutorial_objectstorage.py for tasks to queue
[2024-05-22T06:43:16.539+0000] {logging_mixin.py:188} INFO - [2024-05-22T06:43:16.539+0000] {dagbag.py:545} INFO - Filling up the DagBag from /home/airflow/.local/lib/python3.12/site-packages/airflow/example_dags/tutorial_objectstorage.py
[2024-05-22T06:43:16.543+0000] {processor.py:840} INFO - DAG(s) 'tutorial_objectstorage' retrieved from /home/airflow/.local/lib/python3.12/site-packages/airflow/example_dags/tutorial_objectstorage.py
[2024-05-22T06:43:16.552+0000] {logging_mixin.py:188} INFO - [2024-05-22T06:43:16.552+0000] {dag.py:3096} INFO - Sync 1 DAGs
[2024-05-22T06:43:16.558+0000] {logging_mixin.py:188} INFO - [2024-05-22T06:43:16.557+0000] {dag.py:3954} INFO - Setting next_dagrun for tutorial_objectstorage to None, run_after=None
[2024-05-22T06:43:16.566+0000] {processor.py:183} INFO - Processing /home/airflow/.local/lib/python3.12/site-packages/airflow/example_dags/tutorial_objectstorage.py took 0.032 seconds
[2024-05-22T06:43:47.177+0000] {processor.py:161} INFO - Started process (PID=30292) to work on /home/airflow/.local/lib/python3.12/site-packages/airflow/example_dags/tutorial_objectstorage.py
[2024-05-22T06:43:47.178+0000] {processor.py:830} INFO - Processing file /home/airflow/.local/lib/python3.12/site-packages/airflow/example_dags/tutorial_objectstorage.py for tasks to queue
[2024-05-22T06:43:47.178+0000] {logging_mixin.py:188} INFO - [2024-05-22T06:43:47.178+0000] {dagbag.py:545} INFO - Filling up the DagBag from /home/airflow/.local/lib/python3.12/site-packages/airflow/example_dags/tutorial_objectstorage.py
[2024-05-22T06:43:47.182+0000] {processor.py:840} INFO - DAG(s) 'tutorial_objectstorage' retrieved from /home/airflow/.local/lib/python3.12/site-packages/airflow/example_dags/tutorial_objectstorage.py
[2024-05-22T06:43:47.189+0000] {logging_mixin.py:188} INFO - [2024-05-22T06:43:47.189+0000] {dag.py:3096} INFO - Sync 1 DAGs
[2024-05-22T06:43:47.194+0000] {logging_mixin.py:188} INFO - [2024-05-22T06:43:47.194+0000] {dag.py:3954} INFO - Setting next_dagrun for tutorial_objectstorage to None, run_after=None
[2024-05-22T06:43:47.201+0000] {processor.py:183} INFO - Processing /home/airflow/.local/lib/python3.12/site-packages/airflow/example_dags/tutorial_objectstorage.py took 0.026 seconds
[2024-05-22T07:00:23.689+0000] {processor.py:161} INFO - Started process (PID=30349) to work on /home/airflow/.local/lib/python3.12/site-packages/airflow/example_dags/tutorial_objectstorage.py
[2024-05-22T07:00:23.690+0000] {processor.py:830} INFO - Processing file /home/airflow/.local/lib/python3.12/site-packages/airflow/example_dags/tutorial_objectstorage.py for tasks to queue
[2024-05-22T07:00:23.691+0000] {logging_mixin.py:188} INFO - [2024-05-22T07:00:23.690+0000] {dagbag.py:545} INFO - Filling up the DagBag from /home/airflow/.local/lib/python3.12/site-packages/airflow/example_dags/tutorial_objectstorage.py
[2024-05-22T07:00:23.695+0000] {processor.py:840} INFO - DAG(s) 'tutorial_objectstorage' retrieved from /home/airflow/.local/lib/python3.12/site-packages/airflow/example_dags/tutorial_objectstorage.py
[2024-05-22T07:00:23.704+0000] {logging_mixin.py:188} INFO - [2024-05-22T07:00:23.704+0000] {dag.py:3096} INFO - Sync 1 DAGs
[2024-05-22T07:00:23.710+0000] {logging_mixin.py:188} INFO - [2024-05-22T07:00:23.710+0000] {dag.py:3954} INFO - Setting next_dagrun for tutorial_objectstorage to None, run_after=None
[2024-05-22T07:00:23.716+0000] {processor.py:183} INFO - Processing /home/airflow/.local/lib/python3.12/site-packages/airflow/example_dags/tutorial_objectstorage.py took 0.030 seconds
[2024-05-22T07:34:45.069+0000] {processor.py:161} INFO - Started process (PID=30407) to work on /home/airflow/.local/lib/python3.12/site-packages/airflow/example_dags/tutorial_objectstorage.py
[2024-05-22T07:34:45.069+0000] {processor.py:830} INFO - Processing file /home/airflow/.local/lib/python3.12/site-packages/airflow/example_dags/tutorial_objectstorage.py for tasks to queue
[2024-05-22T07:34:45.070+0000] {logging_mixin.py:188} INFO - [2024-05-22T07:34:45.070+0000] {dagbag.py:545} INFO - Filling up the DagBag from /home/airflow/.local/lib/python3.12/site-packages/airflow/example_dags/tutorial_objectstorage.py
[2024-05-22T07:34:45.073+0000] {processor.py:840} INFO - DAG(s) 'tutorial_objectstorage' retrieved from /home/airflow/.local/lib/python3.12/site-packages/airflow/example_dags/tutorial_objectstorage.py
[2024-05-22T07:34:45.081+0000] {logging_mixin.py:188} INFO - [2024-05-22T07:34:45.081+0000] {dag.py:3096} INFO - Sync 1 DAGs
[2024-05-22T07:34:45.087+0000] {logging_mixin.py:188} INFO - [2024-05-22T07:34:45.087+0000] {dag.py:3954} INFO - Setting next_dagrun for tutorial_objectstorage to None, run_after=None
[2024-05-22T07:34:45.094+0000] {processor.py:183} INFO - Processing /home/airflow/.local/lib/python3.12/site-packages/airflow/example_dags/tutorial_objectstorage.py took 0.028 seconds
