[2024-06-24T07:43:19.877+0000] {processor.py:161} INFO - Started process (PID=67) to work on /home/airflow/.local/lib/python3.12/site-packages/airflow/example_dags/example_subdag_operator.py
[2024-06-24T07:43:19.880+0000] {processor.py:830} INFO - Processing file /home/airflow/.local/lib/python3.12/site-packages/airflow/example_dags/example_subdag_operator.py for tasks to queue
[2024-06-24T07:43:19.882+0000] {logging_mixin.py:188} INFO - [2024-06-24T07:43:19.882+0000] {dagbag.py:545} INFO - Filling up the DagBag from /home/airflow/.local/lib/python3.12/site-packages/airflow/example_dags/example_subdag_operator.py
[2024-06-24T07:43:19.898+0000] {processor.py:840} INFO - DAG(s) 'example_subdag_operator.section-1', 'example_subdag_operator.section-2', 'example_subdag_operator' retrieved from /home/airflow/.local/lib/python3.12/site-packages/airflow/example_dags/example_subdag_operator.py
[2024-06-24T07:43:19.912+0000] {logging_mixin.py:188} INFO - [2024-06-24T07:43:19.912+0000] {dag.py:3096} INFO - Sync 3 DAGs
[2024-06-24T07:43:19.926+0000] {logging_mixin.py:188} INFO - [2024-06-24T07:43:19.926+0000] {dag.py:3954} INFO - Setting next_dagrun for example_subdag_operator to 2022-01-01 00:00:00+00:00, run_after=2022-01-01 00:00:00+00:00
[2024-06-24T07:43:19.929+0000] {logging_mixin.py:188} INFO - [2024-06-24T07:43:19.928+0000] {dag.py:3954} INFO - Setting next_dagrun for example_subdag_operator.section-1 to None, run_after=None
[2024-06-24T07:43:19.930+0000] {logging_mixin.py:188} INFO - [2024-06-24T07:43:19.929+0000] {dag.py:3954} INFO - Setting next_dagrun for example_subdag_operator.section-2 to None, run_after=None
[2024-06-24T07:43:19.934+0000] {logging_mixin.py:188} INFO - [2024-06-24T07:43:19.934+0000] {dag.py:3096} INFO - Sync 2 DAGs
[2024-06-24T07:43:19.938+0000] {logging_mixin.py:188} INFO - [2024-06-24T07:43:19.938+0000] {dag.py:3954} INFO - Setting next_dagrun for example_subdag_operator.section-1 to None, run_after=None
[2024-06-24T07:43:19.939+0000] {logging_mixin.py:188} INFO - [2024-06-24T07:43:19.939+0000] {dag.py:3954} INFO - Setting next_dagrun for example_subdag_operator.section-2 to None, run_after=None
[2024-06-24T07:43:19.946+0000] {processor.py:183} INFO - Processing /home/airflow/.local/lib/python3.12/site-packages/airflow/example_dags/example_subdag_operator.py took 0.072 seconds
[2024-06-24T07:43:50.442+0000] {processor.py:161} INFO - Started process (PID=125) to work on /home/airflow/.local/lib/python3.12/site-packages/airflow/example_dags/example_subdag_operator.py
[2024-06-24T07:43:50.442+0000] {processor.py:830} INFO - Processing file /home/airflow/.local/lib/python3.12/site-packages/airflow/example_dags/example_subdag_operator.py for tasks to queue
[2024-06-24T07:43:50.443+0000] {logging_mixin.py:188} INFO - [2024-06-24T07:43:50.443+0000] {dagbag.py:545} INFO - Filling up the DagBag from /home/airflow/.local/lib/python3.12/site-packages/airflow/example_dags/example_subdag_operator.py
[2024-06-24T07:43:50.452+0000] {processor.py:840} INFO - DAG(s) 'example_subdag_operator.section-1', 'example_subdag_operator.section-2', 'example_subdag_operator' retrieved from /home/airflow/.local/lib/python3.12/site-packages/airflow/example_dags/example_subdag_operator.py
[2024-06-24T07:43:50.458+0000] {logging_mixin.py:188} INFO - [2024-06-24T07:43:50.458+0000] {dag.py:3096} INFO - Sync 3 DAGs
[2024-06-24T07:43:50.466+0000] {logging_mixin.py:188} INFO - [2024-06-24T07:43:50.466+0000] {dag.py:3954} INFO - Setting next_dagrun for example_subdag_operator to 2022-01-01 00:00:00+00:00, run_after=2022-01-01 00:00:00+00:00
[2024-06-24T07:43:50.467+0000] {logging_mixin.py:188} INFO - [2024-06-24T07:43:50.467+0000] {dag.py:3954} INFO - Setting next_dagrun for example_subdag_operator.section-1 to None, run_after=None
[2024-06-24T07:43:50.468+0000] {logging_mixin.py:188} INFO - [2024-06-24T07:43:50.468+0000] {dag.py:3954} INFO - Setting next_dagrun for example_subdag_operator.section-2 to None, run_after=None
[2024-06-24T07:43:50.470+0000] {logging_mixin.py:188} INFO - [2024-06-24T07:43:50.470+0000] {dag.py:3096} INFO - Sync 2 DAGs
[2024-06-24T07:43:50.473+0000] {logging_mixin.py:188} INFO - [2024-06-24T07:43:50.473+0000] {dag.py:3954} INFO - Setting next_dagrun for example_subdag_operator.section-1 to None, run_after=None
[2024-06-24T07:43:50.473+0000] {logging_mixin.py:188} INFO - [2024-06-24T07:43:50.473+0000] {dag.py:3954} INFO - Setting next_dagrun for example_subdag_operator.section-2 to None, run_after=None
[2024-06-24T07:43:50.477+0000] {processor.py:183} INFO - Processing /home/airflow/.local/lib/python3.12/site-packages/airflow/example_dags/example_subdag_operator.py took 0.037 seconds
[2024-06-24T07:44:20.854+0000] {processor.py:161} INFO - Started process (PID=183) to work on /home/airflow/.local/lib/python3.12/site-packages/airflow/example_dags/example_subdag_operator.py
[2024-06-24T07:44:20.855+0000] {processor.py:830} INFO - Processing file /home/airflow/.local/lib/python3.12/site-packages/airflow/example_dags/example_subdag_operator.py for tasks to queue
[2024-06-24T07:44:20.855+0000] {logging_mixin.py:188} INFO - [2024-06-24T07:44:20.855+0000] {dagbag.py:545} INFO - Filling up the DagBag from /home/airflow/.local/lib/python3.12/site-packages/airflow/example_dags/example_subdag_operator.py
[2024-06-24T07:44:20.865+0000] {processor.py:840} INFO - DAG(s) 'example_subdag_operator.section-1', 'example_subdag_operator.section-2', 'example_subdag_operator' retrieved from /home/airflow/.local/lib/python3.12/site-packages/airflow/example_dags/example_subdag_operator.py
[2024-06-24T07:44:20.872+0000] {logging_mixin.py:188} INFO - [2024-06-24T07:44:20.871+0000] {dag.py:3096} INFO - Sync 3 DAGs
[2024-06-24T07:44:20.880+0000] {logging_mixin.py:188} INFO - [2024-06-24T07:44:20.880+0000] {dag.py:3954} INFO - Setting next_dagrun for example_subdag_operator to 2022-01-01 00:00:00+00:00, run_after=2022-01-01 00:00:00+00:00
[2024-06-24T07:44:20.881+0000] {logging_mixin.py:188} INFO - [2024-06-24T07:44:20.881+0000] {dag.py:3954} INFO - Setting next_dagrun for example_subdag_operator.section-1 to None, run_after=None
[2024-06-24T07:44:20.882+0000] {logging_mixin.py:188} INFO - [2024-06-24T07:44:20.882+0000] {dag.py:3954} INFO - Setting next_dagrun for example_subdag_operator.section-2 to None, run_after=None
[2024-06-24T07:44:20.886+0000] {logging_mixin.py:188} INFO - [2024-06-24T07:44:20.886+0000] {dag.py:3096} INFO - Sync 2 DAGs
[2024-06-24T07:44:20.888+0000] {logging_mixin.py:188} INFO - [2024-06-24T07:44:20.888+0000] {dag.py:3954} INFO - Setting next_dagrun for example_subdag_operator.section-1 to None, run_after=None
[2024-06-24T07:44:20.889+0000] {logging_mixin.py:188} INFO - [2024-06-24T07:44:20.888+0000] {dag.py:3954} INFO - Setting next_dagrun for example_subdag_operator.section-2 to None, run_after=None
[2024-06-24T07:44:20.892+0000] {processor.py:183} INFO - Processing /home/airflow/.local/lib/python3.12/site-packages/airflow/example_dags/example_subdag_operator.py took 0.041 seconds
[2024-06-24T07:44:51.299+0000] {processor.py:161} INFO - Started process (PID=241) to work on /home/airflow/.local/lib/python3.12/site-packages/airflow/example_dags/example_subdag_operator.py
[2024-06-24T07:44:51.300+0000] {processor.py:830} INFO - Processing file /home/airflow/.local/lib/python3.12/site-packages/airflow/example_dags/example_subdag_operator.py for tasks to queue
[2024-06-24T07:44:51.300+0000] {logging_mixin.py:188} INFO - [2024-06-24T07:44:51.300+0000] {dagbag.py:545} INFO - Filling up the DagBag from /home/airflow/.local/lib/python3.12/site-packages/airflow/example_dags/example_subdag_operator.py
[2024-06-24T07:44:51.309+0000] {processor.py:840} INFO - DAG(s) 'example_subdag_operator.section-1', 'example_subdag_operator.section-2', 'example_subdag_operator' retrieved from /home/airflow/.local/lib/python3.12/site-packages/airflow/example_dags/example_subdag_operator.py
[2024-06-24T07:44:51.315+0000] {logging_mixin.py:188} INFO - [2024-06-24T07:44:51.315+0000] {dag.py:3096} INFO - Sync 3 DAGs
[2024-06-24T07:44:51.323+0000] {logging_mixin.py:188} INFO - [2024-06-24T07:44:51.322+0000] {dag.py:3954} INFO - Setting next_dagrun for example_subdag_operator to 2022-01-01 00:00:00+00:00, run_after=2022-01-01 00:00:00+00:00
[2024-06-24T07:44:51.324+0000] {logging_mixin.py:188} INFO - [2024-06-24T07:44:51.324+0000] {dag.py:3954} INFO - Setting next_dagrun for example_subdag_operator.section-1 to None, run_after=None
[2024-06-24T07:44:51.325+0000] {logging_mixin.py:188} INFO - [2024-06-24T07:44:51.325+0000] {dag.py:3954} INFO - Setting next_dagrun for example_subdag_operator.section-2 to None, run_after=None
[2024-06-24T07:44:51.327+0000] {logging_mixin.py:188} INFO - [2024-06-24T07:44:51.327+0000] {dag.py:3096} INFO - Sync 2 DAGs
[2024-06-24T07:44:51.330+0000] {logging_mixin.py:188} INFO - [2024-06-24T07:44:51.330+0000] {dag.py:3954} INFO - Setting next_dagrun for example_subdag_operator.section-1 to None, run_after=None
[2024-06-24T07:44:51.330+0000] {logging_mixin.py:188} INFO - [2024-06-24T07:44:51.330+0000] {dag.py:3954} INFO - Setting next_dagrun for example_subdag_operator.section-2 to None, run_after=None
[2024-06-24T07:44:51.333+0000] {processor.py:183} INFO - Processing /home/airflow/.local/lib/python3.12/site-packages/airflow/example_dags/example_subdag_operator.py took 0.037 seconds
[2024-06-24T07:45:21.733+0000] {processor.py:161} INFO - Started process (PID=299) to work on /home/airflow/.local/lib/python3.12/site-packages/airflow/example_dags/example_subdag_operator.py
[2024-06-24T07:45:21.734+0000] {processor.py:830} INFO - Processing file /home/airflow/.local/lib/python3.12/site-packages/airflow/example_dags/example_subdag_operator.py for tasks to queue
[2024-06-24T07:45:21.734+0000] {logging_mixin.py:188} INFO - [2024-06-24T07:45:21.734+0000] {dagbag.py:545} INFO - Filling up the DagBag from /home/airflow/.local/lib/python3.12/site-packages/airflow/example_dags/example_subdag_operator.py
[2024-06-24T07:45:21.746+0000] {processor.py:840} INFO - DAG(s) 'example_subdag_operator.section-1', 'example_subdag_operator.section-2', 'example_subdag_operator' retrieved from /home/airflow/.local/lib/python3.12/site-packages/airflow/example_dags/example_subdag_operator.py
[2024-06-24T07:45:21.752+0000] {logging_mixin.py:188} INFO - [2024-06-24T07:45:21.752+0000] {dag.py:3096} INFO - Sync 3 DAGs
[2024-06-24T07:45:21.762+0000] {logging_mixin.py:188} INFO - [2024-06-24T07:45:21.762+0000] {dag.py:3954} INFO - Setting next_dagrun for example_subdag_operator to 2022-01-01 00:00:00+00:00, run_after=2022-01-01 00:00:00+00:00
[2024-06-24T07:45:21.764+0000] {logging_mixin.py:188} INFO - [2024-06-24T07:45:21.764+0000] {dag.py:3954} INFO - Setting next_dagrun for example_subdag_operator.section-1 to None, run_after=None
[2024-06-24T07:45:21.765+0000] {logging_mixin.py:188} INFO - [2024-06-24T07:45:21.765+0000] {dag.py:3954} INFO - Setting next_dagrun for example_subdag_operator.section-2 to None, run_after=None
[2024-06-24T07:45:21.770+0000] {logging_mixin.py:188} INFO - [2024-06-24T07:45:21.769+0000] {dag.py:3096} INFO - Sync 2 DAGs
[2024-06-24T07:45:21.773+0000] {logging_mixin.py:188} INFO - [2024-06-24T07:45:21.773+0000] {dag.py:3954} INFO - Setting next_dagrun for example_subdag_operator.section-1 to None, run_after=None
[2024-06-24T07:45:21.773+0000] {logging_mixin.py:188} INFO - [2024-06-24T07:45:21.773+0000] {dag.py:3954} INFO - Setting next_dagrun for example_subdag_operator.section-2 to None, run_after=None
[2024-06-24T07:45:21.778+0000] {processor.py:183} INFO - Processing /home/airflow/.local/lib/python3.12/site-packages/airflow/example_dags/example_subdag_operator.py took 0.048 seconds
[2024-06-24T07:45:52.148+0000] {processor.py:161} INFO - Started process (PID=356) to work on /home/airflow/.local/lib/python3.12/site-packages/airflow/example_dags/example_subdag_operator.py
[2024-06-24T07:45:52.149+0000] {processor.py:830} INFO - Processing file /home/airflow/.local/lib/python3.12/site-packages/airflow/example_dags/example_subdag_operator.py for tasks to queue
[2024-06-24T07:45:52.149+0000] {logging_mixin.py:188} INFO - [2024-06-24T07:45:52.149+0000] {dagbag.py:545} INFO - Filling up the DagBag from /home/airflow/.local/lib/python3.12/site-packages/airflow/example_dags/example_subdag_operator.py
[2024-06-24T07:45:52.158+0000] {processor.py:840} INFO - DAG(s) 'example_subdag_operator.section-1', 'example_subdag_operator.section-2', 'example_subdag_operator' retrieved from /home/airflow/.local/lib/python3.12/site-packages/airflow/example_dags/example_subdag_operator.py
[2024-06-24T07:45:52.164+0000] {logging_mixin.py:188} INFO - [2024-06-24T07:45:52.164+0000] {dag.py:3096} INFO - Sync 3 DAGs
[2024-06-24T07:45:52.172+0000] {logging_mixin.py:188} INFO - [2024-06-24T07:45:52.172+0000] {dag.py:3954} INFO - Setting next_dagrun for example_subdag_operator to 2022-01-01 00:00:00+00:00, run_after=2022-01-01 00:00:00+00:00
[2024-06-24T07:45:52.173+0000] {logging_mixin.py:188} INFO - [2024-06-24T07:45:52.173+0000] {dag.py:3954} INFO - Setting next_dagrun for example_subdag_operator.section-1 to None, run_after=None
[2024-06-24T07:45:52.174+0000] {logging_mixin.py:188} INFO - [2024-06-24T07:45:52.174+0000] {dag.py:3954} INFO - Setting next_dagrun for example_subdag_operator.section-2 to None, run_after=None
[2024-06-24T07:45:52.176+0000] {logging_mixin.py:188} INFO - [2024-06-24T07:45:52.176+0000] {dag.py:3096} INFO - Sync 2 DAGs
[2024-06-24T07:45:52.178+0000] {logging_mixin.py:188} INFO - [2024-06-24T07:45:52.178+0000] {dag.py:3954} INFO - Setting next_dagrun for example_subdag_operator.section-1 to None, run_after=None
[2024-06-24T07:45:52.179+0000] {logging_mixin.py:188} INFO - [2024-06-24T07:45:52.178+0000] {dag.py:3954} INFO - Setting next_dagrun for example_subdag_operator.section-2 to None, run_after=None
[2024-06-24T07:45:52.182+0000] {processor.py:183} INFO - Processing /home/airflow/.local/lib/python3.12/site-packages/airflow/example_dags/example_subdag_operator.py took 0.036 seconds
[2024-06-24T07:46:22.451+0000] {processor.py:161} INFO - Started process (PID=414) to work on /home/airflow/.local/lib/python3.12/site-packages/airflow/example_dags/example_subdag_operator.py
[2024-06-24T07:46:22.452+0000] {processor.py:830} INFO - Processing file /home/airflow/.local/lib/python3.12/site-packages/airflow/example_dags/example_subdag_operator.py for tasks to queue
[2024-06-24T07:46:22.453+0000] {logging_mixin.py:188} INFO - [2024-06-24T07:46:22.453+0000] {dagbag.py:545} INFO - Filling up the DagBag from /home/airflow/.local/lib/python3.12/site-packages/airflow/example_dags/example_subdag_operator.py
[2024-06-24T07:46:22.461+0000] {processor.py:840} INFO - DAG(s) 'example_subdag_operator.section-1', 'example_subdag_operator.section-2', 'example_subdag_operator' retrieved from /home/airflow/.local/lib/python3.12/site-packages/airflow/example_dags/example_subdag_operator.py
[2024-06-24T07:46:22.466+0000] {logging_mixin.py:188} INFO - [2024-06-24T07:46:22.466+0000] {dag.py:3096} INFO - Sync 3 DAGs
[2024-06-24T07:46:22.475+0000] {logging_mixin.py:188} INFO - [2024-06-24T07:46:22.475+0000] {dag.py:3954} INFO - Setting next_dagrun for example_subdag_operator to 2022-01-01 00:00:00+00:00, run_after=2022-01-01 00:00:00+00:00
[2024-06-24T07:46:22.476+0000] {logging_mixin.py:188} INFO - [2024-06-24T07:46:22.476+0000] {dag.py:3954} INFO - Setting next_dagrun for example_subdag_operator.section-1 to None, run_after=None
[2024-06-24T07:46:22.477+0000] {logging_mixin.py:188} INFO - [2024-06-24T07:46:22.476+0000] {dag.py:3954} INFO - Setting next_dagrun for example_subdag_operator.section-2 to None, run_after=None
[2024-06-24T07:46:22.479+0000] {logging_mixin.py:188} INFO - [2024-06-24T07:46:22.479+0000] {dag.py:3096} INFO - Sync 2 DAGs
[2024-06-24T07:46:22.481+0000] {logging_mixin.py:188} INFO - [2024-06-24T07:46:22.481+0000] {dag.py:3954} INFO - Setting next_dagrun for example_subdag_operator.section-1 to None, run_after=None
[2024-06-24T07:46:22.481+0000] {logging_mixin.py:188} INFO - [2024-06-24T07:46:22.481+0000] {dag.py:3954} INFO - Setting next_dagrun for example_subdag_operator.section-2 to None, run_after=None
[2024-06-24T07:46:22.485+0000] {processor.py:183} INFO - Processing /home/airflow/.local/lib/python3.12/site-packages/airflow/example_dags/example_subdag_operator.py took 0.036 seconds
[2024-06-24T07:46:52.852+0000] {processor.py:161} INFO - Started process (PID=471) to work on /home/airflow/.local/lib/python3.12/site-packages/airflow/example_dags/example_subdag_operator.py
[2024-06-24T07:46:52.853+0000] {processor.py:830} INFO - Processing file /home/airflow/.local/lib/python3.12/site-packages/airflow/example_dags/example_subdag_operator.py for tasks to queue
[2024-06-24T07:46:52.854+0000] {logging_mixin.py:188} INFO - [2024-06-24T07:46:52.854+0000] {dagbag.py:545} INFO - Filling up the DagBag from /home/airflow/.local/lib/python3.12/site-packages/airflow/example_dags/example_subdag_operator.py
[2024-06-24T07:46:52.865+0000] {processor.py:840} INFO - DAG(s) 'example_subdag_operator.section-1', 'example_subdag_operator.section-2', 'example_subdag_operator' retrieved from /home/airflow/.local/lib/python3.12/site-packages/airflow/example_dags/example_subdag_operator.py
[2024-06-24T07:46:52.871+0000] {logging_mixin.py:188} INFO - [2024-06-24T07:46:52.871+0000] {dag.py:3096} INFO - Sync 3 DAGs
[2024-06-24T07:46:52.881+0000] {logging_mixin.py:188} INFO - [2024-06-24T07:46:52.880+0000] {dag.py:3954} INFO - Setting next_dagrun for example_subdag_operator to 2022-01-01 00:00:00+00:00, run_after=2022-01-01 00:00:00+00:00
[2024-06-24T07:46:52.882+0000] {logging_mixin.py:188} INFO - [2024-06-24T07:46:52.882+0000] {dag.py:3954} INFO - Setting next_dagrun for example_subdag_operator.section-1 to None, run_after=None
[2024-06-24T07:46:52.883+0000] {logging_mixin.py:188} INFO - [2024-06-24T07:46:52.882+0000] {dag.py:3954} INFO - Setting next_dagrun for example_subdag_operator.section-2 to None, run_after=None
[2024-06-24T07:46:52.885+0000] {logging_mixin.py:188} INFO - [2024-06-24T07:46:52.885+0000] {dag.py:3096} INFO - Sync 2 DAGs
[2024-06-24T07:46:52.887+0000] {logging_mixin.py:188} INFO - [2024-06-24T07:46:52.887+0000] {dag.py:3954} INFO - Setting next_dagrun for example_subdag_operator.section-1 to None, run_after=None
[2024-06-24T07:46:52.888+0000] {logging_mixin.py:188} INFO - [2024-06-24T07:46:52.888+0000] {dag.py:3954} INFO - Setting next_dagrun for example_subdag_operator.section-2 to None, run_after=None
[2024-06-24T07:46:52.891+0000] {processor.py:183} INFO - Processing /home/airflow/.local/lib/python3.12/site-packages/airflow/example_dags/example_subdag_operator.py took 0.042 seconds
[2024-06-24T07:47:23.190+0000] {processor.py:161} INFO - Started process (PID=529) to work on /home/airflow/.local/lib/python3.12/site-packages/airflow/example_dags/example_subdag_operator.py
[2024-06-24T07:47:23.191+0000] {processor.py:830} INFO - Processing file /home/airflow/.local/lib/python3.12/site-packages/airflow/example_dags/example_subdag_operator.py for tasks to queue
[2024-06-24T07:47:23.191+0000] {logging_mixin.py:188} INFO - [2024-06-24T07:47:23.191+0000] {dagbag.py:545} INFO - Filling up the DagBag from /home/airflow/.local/lib/python3.12/site-packages/airflow/example_dags/example_subdag_operator.py
[2024-06-24T07:47:23.201+0000] {processor.py:840} INFO - DAG(s) 'example_subdag_operator.section-1', 'example_subdag_operator.section-2', 'example_subdag_operator' retrieved from /home/airflow/.local/lib/python3.12/site-packages/airflow/example_dags/example_subdag_operator.py
[2024-06-24T07:47:23.207+0000] {logging_mixin.py:188} INFO - [2024-06-24T07:47:23.207+0000] {dag.py:3096} INFO - Sync 3 DAGs
[2024-06-24T07:47:23.216+0000] {logging_mixin.py:188} INFO - [2024-06-24T07:47:23.215+0000] {dag.py:3954} INFO - Setting next_dagrun for example_subdag_operator to 2022-01-01 00:00:00+00:00, run_after=2022-01-01 00:00:00+00:00
[2024-06-24T07:47:23.217+0000] {logging_mixin.py:188} INFO - [2024-06-24T07:47:23.217+0000] {dag.py:3954} INFO - Setting next_dagrun for example_subdag_operator.section-1 to None, run_after=None
[2024-06-24T07:47:23.218+0000] {logging_mixin.py:188} INFO - [2024-06-24T07:47:23.217+0000] {dag.py:3954} INFO - Setting next_dagrun for example_subdag_operator.section-2 to None, run_after=None
[2024-06-24T07:47:23.220+0000] {logging_mixin.py:188} INFO - [2024-06-24T07:47:23.220+0000] {dag.py:3096} INFO - Sync 2 DAGs
[2024-06-24T07:47:23.222+0000] {logging_mixin.py:188} INFO - [2024-06-24T07:47:23.222+0000] {dag.py:3954} INFO - Setting next_dagrun for example_subdag_operator.section-1 to None, run_after=None
[2024-06-24T07:47:23.222+0000] {logging_mixin.py:188} INFO - [2024-06-24T07:47:23.222+0000] {dag.py:3954} INFO - Setting next_dagrun for example_subdag_operator.section-2 to None, run_after=None
[2024-06-24T07:47:23.226+0000] {processor.py:183} INFO - Processing /home/airflow/.local/lib/python3.12/site-packages/airflow/example_dags/example_subdag_operator.py took 0.039 seconds
[2024-06-24T07:47:53.605+0000] {processor.py:161} INFO - Started process (PID=586) to work on /home/airflow/.local/lib/python3.12/site-packages/airflow/example_dags/example_subdag_operator.py
[2024-06-24T07:47:53.605+0000] {processor.py:830} INFO - Processing file /home/airflow/.local/lib/python3.12/site-packages/airflow/example_dags/example_subdag_operator.py for tasks to queue
[2024-06-24T07:47:53.606+0000] {logging_mixin.py:188} INFO - [2024-06-24T07:47:53.606+0000] {dagbag.py:545} INFO - Filling up the DagBag from /home/airflow/.local/lib/python3.12/site-packages/airflow/example_dags/example_subdag_operator.py
[2024-06-24T07:47:53.615+0000] {processor.py:840} INFO - DAG(s) 'example_subdag_operator.section-1', 'example_subdag_operator.section-2', 'example_subdag_operator' retrieved from /home/airflow/.local/lib/python3.12/site-packages/airflow/example_dags/example_subdag_operator.py
[2024-06-24T07:47:53.621+0000] {logging_mixin.py:188} INFO - [2024-06-24T07:47:53.621+0000] {dag.py:3096} INFO - Sync 3 DAGs
[2024-06-24T07:47:53.629+0000] {logging_mixin.py:188} INFO - [2024-06-24T07:47:53.629+0000] {dag.py:3954} INFO - Setting next_dagrun for example_subdag_operator to 2022-01-01 00:00:00+00:00, run_after=2022-01-01 00:00:00+00:00
[2024-06-24T07:47:53.631+0000] {logging_mixin.py:188} INFO - [2024-06-24T07:47:53.631+0000] {dag.py:3954} INFO - Setting next_dagrun for example_subdag_operator.section-1 to None, run_after=None
[2024-06-24T07:47:53.631+0000] {logging_mixin.py:188} INFO - [2024-06-24T07:47:53.631+0000] {dag.py:3954} INFO - Setting next_dagrun for example_subdag_operator.section-2 to None, run_after=None
[2024-06-24T07:47:53.634+0000] {logging_mixin.py:188} INFO - [2024-06-24T07:47:53.634+0000] {dag.py:3096} INFO - Sync 2 DAGs
[2024-06-24T07:47:53.636+0000] {logging_mixin.py:188} INFO - [2024-06-24T07:47:53.636+0000] {dag.py:3954} INFO - Setting next_dagrun for example_subdag_operator.section-1 to None, run_after=None
[2024-06-24T07:47:53.636+0000] {logging_mixin.py:188} INFO - [2024-06-24T07:47:53.636+0000] {dag.py:3954} INFO - Setting next_dagrun for example_subdag_operator.section-2 to None, run_after=None
[2024-06-24T07:47:53.640+0000] {processor.py:183} INFO - Processing /home/airflow/.local/lib/python3.12/site-packages/airflow/example_dags/example_subdag_operator.py took 0.037 seconds
[2024-06-24T07:48:24.070+0000] {processor.py:161} INFO - Started process (PID=644) to work on /home/airflow/.local/lib/python3.12/site-packages/airflow/example_dags/example_subdag_operator.py
[2024-06-24T07:48:24.070+0000] {processor.py:830} INFO - Processing file /home/airflow/.local/lib/python3.12/site-packages/airflow/example_dags/example_subdag_operator.py for tasks to queue
[2024-06-24T07:48:24.071+0000] {logging_mixin.py:188} INFO - [2024-06-24T07:48:24.071+0000] {dagbag.py:545} INFO - Filling up the DagBag from /home/airflow/.local/lib/python3.12/site-packages/airflow/example_dags/example_subdag_operator.py
[2024-06-24T07:48:24.081+0000] {processor.py:840} INFO - DAG(s) 'example_subdag_operator.section-1', 'example_subdag_operator.section-2', 'example_subdag_operator' retrieved from /home/airflow/.local/lib/python3.12/site-packages/airflow/example_dags/example_subdag_operator.py
[2024-06-24T07:48:24.087+0000] {logging_mixin.py:188} INFO - [2024-06-24T07:48:24.087+0000] {dag.py:3096} INFO - Sync 3 DAGs
[2024-06-24T07:48:24.095+0000] {logging_mixin.py:188} INFO - [2024-06-24T07:48:24.095+0000] {dag.py:3954} INFO - Setting next_dagrun for example_subdag_operator to 2022-01-01 00:00:00+00:00, run_after=2022-01-01 00:00:00+00:00
[2024-06-24T07:48:24.096+0000] {logging_mixin.py:188} INFO - [2024-06-24T07:48:24.096+0000] {dag.py:3954} INFO - Setting next_dagrun for example_subdag_operator.section-1 to None, run_after=None
[2024-06-24T07:48:24.097+0000] {logging_mixin.py:188} INFO - [2024-06-24T07:48:24.097+0000] {dag.py:3954} INFO - Setting next_dagrun for example_subdag_operator.section-2 to None, run_after=None
[2024-06-24T07:48:24.100+0000] {logging_mixin.py:188} INFO - [2024-06-24T07:48:24.100+0000] {dag.py:3096} INFO - Sync 2 DAGs
[2024-06-24T07:48:24.102+0000] {logging_mixin.py:188} INFO - [2024-06-24T07:48:24.101+0000] {dag.py:3954} INFO - Setting next_dagrun for example_subdag_operator.section-1 to None, run_after=None
[2024-06-24T07:48:24.102+0000] {logging_mixin.py:188} INFO - [2024-06-24T07:48:24.102+0000] {dag.py:3954} INFO - Setting next_dagrun for example_subdag_operator.section-2 to None, run_after=None
[2024-06-24T07:48:24.106+0000] {processor.py:183} INFO - Processing /home/airflow/.local/lib/python3.12/site-packages/airflow/example_dags/example_subdag_operator.py took 0.039 seconds
[2024-06-24T07:48:54.545+0000] {processor.py:161} INFO - Started process (PID=702) to work on /home/airflow/.local/lib/python3.12/site-packages/airflow/example_dags/example_subdag_operator.py
[2024-06-24T07:48:54.546+0000] {processor.py:830} INFO - Processing file /home/airflow/.local/lib/python3.12/site-packages/airflow/example_dags/example_subdag_operator.py for tasks to queue
[2024-06-24T07:48:54.547+0000] {logging_mixin.py:188} INFO - [2024-06-24T07:48:54.547+0000] {dagbag.py:545} INFO - Filling up the DagBag from /home/airflow/.local/lib/python3.12/site-packages/airflow/example_dags/example_subdag_operator.py
[2024-06-24T07:48:54.561+0000] {processor.py:840} INFO - DAG(s) 'example_subdag_operator.section-1', 'example_subdag_operator.section-2', 'example_subdag_operator' retrieved from /home/airflow/.local/lib/python3.12/site-packages/airflow/example_dags/example_subdag_operator.py
[2024-06-24T07:48:54.569+0000] {logging_mixin.py:188} INFO - [2024-06-24T07:48:54.568+0000] {dag.py:3096} INFO - Sync 3 DAGs
[2024-06-24T07:48:54.580+0000] {logging_mixin.py:188} INFO - [2024-06-24T07:48:54.579+0000] {dag.py:3954} INFO - Setting next_dagrun for example_subdag_operator to 2022-01-01 00:00:00+00:00, run_after=2022-01-01 00:00:00+00:00
[2024-06-24T07:48:54.581+0000] {logging_mixin.py:188} INFO - [2024-06-24T07:48:54.581+0000] {dag.py:3954} INFO - Setting next_dagrun for example_subdag_operator.section-1 to None, run_after=None
[2024-06-24T07:48:54.582+0000] {logging_mixin.py:188} INFO - [2024-06-24T07:48:54.582+0000] {dag.py:3954} INFO - Setting next_dagrun for example_subdag_operator.section-2 to None, run_after=None
[2024-06-24T07:48:54.585+0000] {logging_mixin.py:188} INFO - [2024-06-24T07:48:54.585+0000] {dag.py:3096} INFO - Sync 2 DAGs
[2024-06-24T07:48:54.587+0000] {logging_mixin.py:188} INFO - [2024-06-24T07:48:54.587+0000] {dag.py:3954} INFO - Setting next_dagrun for example_subdag_operator.section-1 to None, run_after=None
[2024-06-24T07:48:54.588+0000] {logging_mixin.py:188} INFO - [2024-06-24T07:48:54.588+0000] {dag.py:3954} INFO - Setting next_dagrun for example_subdag_operator.section-2 to None, run_after=None
[2024-06-24T07:48:54.593+0000] {processor.py:183} INFO - Processing /home/airflow/.local/lib/python3.12/site-packages/airflow/example_dags/example_subdag_operator.py took 0.051 seconds
[2024-06-24T07:49:25.043+0000] {processor.py:161} INFO - Started process (PID=759) to work on /home/airflow/.local/lib/python3.12/site-packages/airflow/example_dags/example_subdag_operator.py
[2024-06-24T07:49:25.044+0000] {processor.py:830} INFO - Processing file /home/airflow/.local/lib/python3.12/site-packages/airflow/example_dags/example_subdag_operator.py for tasks to queue
[2024-06-24T07:49:25.044+0000] {logging_mixin.py:188} INFO - [2024-06-24T07:49:25.044+0000] {dagbag.py:545} INFO - Filling up the DagBag from /home/airflow/.local/lib/python3.12/site-packages/airflow/example_dags/example_subdag_operator.py
[2024-06-24T07:49:25.054+0000] {processor.py:840} INFO - DAG(s) 'example_subdag_operator.section-1', 'example_subdag_operator.section-2', 'example_subdag_operator' retrieved from /home/airflow/.local/lib/python3.12/site-packages/airflow/example_dags/example_subdag_operator.py
[2024-06-24T07:49:25.060+0000] {logging_mixin.py:188} INFO - [2024-06-24T07:49:25.060+0000] {dag.py:3096} INFO - Sync 3 DAGs
[2024-06-24T07:49:25.070+0000] {logging_mixin.py:188} INFO - [2024-06-24T07:49:25.070+0000] {dag.py:3954} INFO - Setting next_dagrun for example_subdag_operator to 2022-01-01 00:00:00+00:00, run_after=2022-01-01 00:00:00+00:00
[2024-06-24T07:49:25.072+0000] {logging_mixin.py:188} INFO - [2024-06-24T07:49:25.072+0000] {dag.py:3954} INFO - Setting next_dagrun for example_subdag_operator.section-1 to None, run_after=None
[2024-06-24T07:49:25.073+0000] {logging_mixin.py:188} INFO - [2024-06-24T07:49:25.073+0000] {dag.py:3954} INFO - Setting next_dagrun for example_subdag_operator.section-2 to None, run_after=None
[2024-06-24T07:49:25.076+0000] {logging_mixin.py:188} INFO - [2024-06-24T07:49:25.076+0000] {dag.py:3096} INFO - Sync 2 DAGs
[2024-06-24T07:49:25.078+0000] {logging_mixin.py:188} INFO - [2024-06-24T07:49:25.078+0000] {dag.py:3954} INFO - Setting next_dagrun for example_subdag_operator.section-1 to None, run_after=None
[2024-06-24T07:49:25.078+0000] {logging_mixin.py:188} INFO - [2024-06-24T07:49:25.078+0000] {dag.py:3954} INFO - Setting next_dagrun for example_subdag_operator.section-2 to None, run_after=None
[2024-06-24T07:49:25.083+0000] {processor.py:183} INFO - Processing /home/airflow/.local/lib/python3.12/site-packages/airflow/example_dags/example_subdag_operator.py took 0.043 seconds
[2024-06-24T07:49:55.472+0000] {processor.py:161} INFO - Started process (PID=817) to work on /home/airflow/.local/lib/python3.12/site-packages/airflow/example_dags/example_subdag_operator.py
[2024-06-24T07:49:55.472+0000] {processor.py:830} INFO - Processing file /home/airflow/.local/lib/python3.12/site-packages/airflow/example_dags/example_subdag_operator.py for tasks to queue
[2024-06-24T07:49:55.473+0000] {logging_mixin.py:188} INFO - [2024-06-24T07:49:55.473+0000] {dagbag.py:545} INFO - Filling up the DagBag from /home/airflow/.local/lib/python3.12/site-packages/airflow/example_dags/example_subdag_operator.py
[2024-06-24T07:49:55.483+0000] {processor.py:840} INFO - DAG(s) 'example_subdag_operator.section-1', 'example_subdag_operator.section-2', 'example_subdag_operator' retrieved from /home/airflow/.local/lib/python3.12/site-packages/airflow/example_dags/example_subdag_operator.py
[2024-06-24T07:49:55.488+0000] {logging_mixin.py:188} INFO - [2024-06-24T07:49:55.488+0000] {dag.py:3096} INFO - Sync 3 DAGs
[2024-06-24T07:49:55.496+0000] {logging_mixin.py:188} INFO - [2024-06-24T07:49:55.496+0000] {dag.py:3954} INFO - Setting next_dagrun for example_subdag_operator to 2022-01-01 00:00:00+00:00, run_after=2022-01-01 00:00:00+00:00
[2024-06-24T07:49:55.498+0000] {logging_mixin.py:188} INFO - [2024-06-24T07:49:55.498+0000] {dag.py:3954} INFO - Setting next_dagrun for example_subdag_operator.section-1 to None, run_after=None
[2024-06-24T07:49:55.498+0000] {logging_mixin.py:188} INFO - [2024-06-24T07:49:55.498+0000] {dag.py:3954} INFO - Setting next_dagrun for example_subdag_operator.section-2 to None, run_after=None
[2024-06-24T07:49:55.502+0000] {logging_mixin.py:188} INFO - [2024-06-24T07:49:55.501+0000] {dag.py:3096} INFO - Sync 2 DAGs
[2024-06-24T07:49:55.503+0000] {logging_mixin.py:188} INFO - [2024-06-24T07:49:55.503+0000] {dag.py:3954} INFO - Setting next_dagrun for example_subdag_operator.section-1 to None, run_after=None
[2024-06-24T07:49:55.504+0000] {logging_mixin.py:188} INFO - [2024-06-24T07:49:55.504+0000] {dag.py:3954} INFO - Setting next_dagrun for example_subdag_operator.section-2 to None, run_after=None
[2024-06-24T07:49:55.508+0000] {processor.py:183} INFO - Processing /home/airflow/.local/lib/python3.12/site-packages/airflow/example_dags/example_subdag_operator.py took 0.038 seconds
[2024-06-24T07:50:25.901+0000] {processor.py:161} INFO - Started process (PID=875) to work on /home/airflow/.local/lib/python3.12/site-packages/airflow/example_dags/example_subdag_operator.py
[2024-06-24T07:50:25.902+0000] {processor.py:830} INFO - Processing file /home/airflow/.local/lib/python3.12/site-packages/airflow/example_dags/example_subdag_operator.py for tasks to queue
[2024-06-24T07:50:25.903+0000] {logging_mixin.py:188} INFO - [2024-06-24T07:50:25.903+0000] {dagbag.py:545} INFO - Filling up the DagBag from /home/airflow/.local/lib/python3.12/site-packages/airflow/example_dags/example_subdag_operator.py
[2024-06-24T07:50:25.913+0000] {processor.py:840} INFO - DAG(s) 'example_subdag_operator.section-1', 'example_subdag_operator.section-2', 'example_subdag_operator' retrieved from /home/airflow/.local/lib/python3.12/site-packages/airflow/example_dags/example_subdag_operator.py
[2024-06-24T07:50:25.918+0000] {logging_mixin.py:188} INFO - [2024-06-24T07:50:25.918+0000] {dag.py:3096} INFO - Sync 3 DAGs
[2024-06-24T07:50:25.925+0000] {logging_mixin.py:188} INFO - [2024-06-24T07:50:25.925+0000] {dag.py:3954} INFO - Setting next_dagrun for example_subdag_operator to 2022-01-01 00:00:00+00:00, run_after=2022-01-01 00:00:00+00:00
[2024-06-24T07:50:25.927+0000] {logging_mixin.py:188} INFO - [2024-06-24T07:50:25.927+0000] {dag.py:3954} INFO - Setting next_dagrun for example_subdag_operator.section-1 to None, run_after=None
[2024-06-24T07:50:25.927+0000] {logging_mixin.py:188} INFO - [2024-06-24T07:50:25.927+0000] {dag.py:3954} INFO - Setting next_dagrun for example_subdag_operator.section-2 to None, run_after=None
[2024-06-24T07:50:25.930+0000] {logging_mixin.py:188} INFO - [2024-06-24T07:50:25.930+0000] {dag.py:3096} INFO - Sync 2 DAGs
[2024-06-24T07:50:25.932+0000] {logging_mixin.py:188} INFO - [2024-06-24T07:50:25.932+0000] {dag.py:3954} INFO - Setting next_dagrun for example_subdag_operator.section-1 to None, run_after=None
[2024-06-24T07:50:25.932+0000] {logging_mixin.py:188} INFO - [2024-06-24T07:50:25.932+0000] {dag.py:3954} INFO - Setting next_dagrun for example_subdag_operator.section-2 to None, run_after=None
[2024-06-24T07:50:25.936+0000] {processor.py:183} INFO - Processing /home/airflow/.local/lib/python3.12/site-packages/airflow/example_dags/example_subdag_operator.py took 0.037 seconds
[2024-06-24T07:50:56.481+0000] {processor.py:161} INFO - Started process (PID=933) to work on /home/airflow/.local/lib/python3.12/site-packages/airflow/example_dags/example_subdag_operator.py
[2024-06-24T07:50:56.481+0000] {processor.py:830} INFO - Processing file /home/airflow/.local/lib/python3.12/site-packages/airflow/example_dags/example_subdag_operator.py for tasks to queue
[2024-06-24T07:50:56.482+0000] {logging_mixin.py:188} INFO - [2024-06-24T07:50:56.482+0000] {dagbag.py:545} INFO - Filling up the DagBag from /home/airflow/.local/lib/python3.12/site-packages/airflow/example_dags/example_subdag_operator.py
[2024-06-24T07:50:56.492+0000] {processor.py:840} INFO - DAG(s) 'example_subdag_operator.section-1', 'example_subdag_operator.section-2', 'example_subdag_operator' retrieved from /home/airflow/.local/lib/python3.12/site-packages/airflow/example_dags/example_subdag_operator.py
[2024-06-24T07:50:56.499+0000] {logging_mixin.py:188} INFO - [2024-06-24T07:50:56.498+0000] {dag.py:3096} INFO - Sync 3 DAGs
[2024-06-24T07:50:56.507+0000] {logging_mixin.py:188} INFO - [2024-06-24T07:50:56.507+0000] {dag.py:3954} INFO - Setting next_dagrun for example_subdag_operator to 2022-01-01 00:00:00+00:00, run_after=2022-01-01 00:00:00+00:00
[2024-06-24T07:50:56.509+0000] {logging_mixin.py:188} INFO - [2024-06-24T07:50:56.509+0000] {dag.py:3954} INFO - Setting next_dagrun for example_subdag_operator.section-1 to None, run_after=None
[2024-06-24T07:50:56.510+0000] {logging_mixin.py:188} INFO - [2024-06-24T07:50:56.510+0000] {dag.py:3954} INFO - Setting next_dagrun for example_subdag_operator.section-2 to None, run_after=None
[2024-06-24T07:50:56.513+0000] {logging_mixin.py:188} INFO - [2024-06-24T07:50:56.512+0000] {dag.py:3096} INFO - Sync 2 DAGs
[2024-06-24T07:50:56.514+0000] {logging_mixin.py:188} INFO - [2024-06-24T07:50:56.514+0000] {dag.py:3954} INFO - Setting next_dagrun for example_subdag_operator.section-1 to None, run_after=None
[2024-06-24T07:50:56.515+0000] {logging_mixin.py:188} INFO - [2024-06-24T07:50:56.515+0000] {dag.py:3954} INFO - Setting next_dagrun for example_subdag_operator.section-2 to None, run_after=None
[2024-06-24T07:50:56.519+0000] {processor.py:183} INFO - Processing /home/airflow/.local/lib/python3.12/site-packages/airflow/example_dags/example_subdag_operator.py took 0.041 seconds
[2024-06-24T07:51:26.826+0000] {processor.py:161} INFO - Started process (PID=990) to work on /home/airflow/.local/lib/python3.12/site-packages/airflow/example_dags/example_subdag_operator.py
[2024-06-24T07:51:26.827+0000] {processor.py:830} INFO - Processing file /home/airflow/.local/lib/python3.12/site-packages/airflow/example_dags/example_subdag_operator.py for tasks to queue
[2024-06-24T07:51:26.828+0000] {logging_mixin.py:188} INFO - [2024-06-24T07:51:26.828+0000] {dagbag.py:545} INFO - Filling up the DagBag from /home/airflow/.local/lib/python3.12/site-packages/airflow/example_dags/example_subdag_operator.py
[2024-06-24T07:51:26.838+0000] {processor.py:840} INFO - DAG(s) 'example_subdag_operator.section-1', 'example_subdag_operator.section-2', 'example_subdag_operator' retrieved from /home/airflow/.local/lib/python3.12/site-packages/airflow/example_dags/example_subdag_operator.py
[2024-06-24T07:51:26.844+0000] {logging_mixin.py:188} INFO - [2024-06-24T07:51:26.844+0000] {dag.py:3096} INFO - Sync 3 DAGs
[2024-06-24T07:51:26.852+0000] {logging_mixin.py:188} INFO - [2024-06-24T07:51:26.852+0000] {dag.py:3954} INFO - Setting next_dagrun for example_subdag_operator to 2022-01-01 00:00:00+00:00, run_after=2022-01-01 00:00:00+00:00
[2024-06-24T07:51:26.854+0000] {logging_mixin.py:188} INFO - [2024-06-24T07:51:26.853+0000] {dag.py:3954} INFO - Setting next_dagrun for example_subdag_operator.section-1 to None, run_after=None
[2024-06-24T07:51:26.854+0000] {logging_mixin.py:188} INFO - [2024-06-24T07:51:26.854+0000] {dag.py:3954} INFO - Setting next_dagrun for example_subdag_operator.section-2 to None, run_after=None
[2024-06-24T07:51:26.857+0000] {logging_mixin.py:188} INFO - [2024-06-24T07:51:26.857+0000] {dag.py:3096} INFO - Sync 2 DAGs
[2024-06-24T07:51:26.859+0000] {logging_mixin.py:188} INFO - [2024-06-24T07:51:26.859+0000] {dag.py:3954} INFO - Setting next_dagrun for example_subdag_operator.section-1 to None, run_after=None
[2024-06-24T07:51:26.859+0000] {logging_mixin.py:188} INFO - [2024-06-24T07:51:26.859+0000] {dag.py:3954} INFO - Setting next_dagrun for example_subdag_operator.section-2 to None, run_after=None
[2024-06-24T07:51:26.863+0000] {processor.py:183} INFO - Processing /home/airflow/.local/lib/python3.12/site-packages/airflow/example_dags/example_subdag_operator.py took 0.040 seconds
[2024-06-24T07:51:57.261+0000] {processor.py:161} INFO - Started process (PID=1048) to work on /home/airflow/.local/lib/python3.12/site-packages/airflow/example_dags/example_subdag_operator.py
[2024-06-24T07:51:57.262+0000] {processor.py:830} INFO - Processing file /home/airflow/.local/lib/python3.12/site-packages/airflow/example_dags/example_subdag_operator.py for tasks to queue
[2024-06-24T07:51:57.263+0000] {logging_mixin.py:188} INFO - [2024-06-24T07:51:57.263+0000] {dagbag.py:545} INFO - Filling up the DagBag from /home/airflow/.local/lib/python3.12/site-packages/airflow/example_dags/example_subdag_operator.py
[2024-06-24T07:51:57.272+0000] {processor.py:840} INFO - DAG(s) 'example_subdag_operator.section-1', 'example_subdag_operator.section-2', 'example_subdag_operator' retrieved from /home/airflow/.local/lib/python3.12/site-packages/airflow/example_dags/example_subdag_operator.py
[2024-06-24T07:51:57.277+0000] {logging_mixin.py:188} INFO - [2024-06-24T07:51:57.277+0000] {dag.py:3096} INFO - Sync 3 DAGs
[2024-06-24T07:51:57.286+0000] {logging_mixin.py:188} INFO - [2024-06-24T07:51:57.285+0000] {dag.py:3954} INFO - Setting next_dagrun for example_subdag_operator to 2022-01-01 00:00:00+00:00, run_after=2022-01-01 00:00:00+00:00
[2024-06-24T07:51:57.287+0000] {logging_mixin.py:188} INFO - [2024-06-24T07:51:57.287+0000] {dag.py:3954} INFO - Setting next_dagrun for example_subdag_operator.section-1 to None, run_after=None
[2024-06-24T07:51:57.288+0000] {logging_mixin.py:188} INFO - [2024-06-24T07:51:57.288+0000] {dag.py:3954} INFO - Setting next_dagrun for example_subdag_operator.section-2 to None, run_after=None
[2024-06-24T07:51:57.290+0000] {logging_mixin.py:188} INFO - [2024-06-24T07:51:57.290+0000] {dag.py:3096} INFO - Sync 2 DAGs
[2024-06-24T07:51:57.292+0000] {logging_mixin.py:188} INFO - [2024-06-24T07:51:57.292+0000] {dag.py:3954} INFO - Setting next_dagrun for example_subdag_operator.section-1 to None, run_after=None
[2024-06-24T07:51:57.292+0000] {logging_mixin.py:188} INFO - [2024-06-24T07:51:57.292+0000] {dag.py:3954} INFO - Setting next_dagrun for example_subdag_operator.section-2 to None, run_after=None
[2024-06-24T07:51:57.296+0000] {processor.py:183} INFO - Processing /home/airflow/.local/lib/python3.12/site-packages/airflow/example_dags/example_subdag_operator.py took 0.037 seconds
[2024-06-24T07:52:27.688+0000] {processor.py:161} INFO - Started process (PID=1106) to work on /home/airflow/.local/lib/python3.12/site-packages/airflow/example_dags/example_subdag_operator.py
[2024-06-24T07:52:27.688+0000] {processor.py:830} INFO - Processing file /home/airflow/.local/lib/python3.12/site-packages/airflow/example_dags/example_subdag_operator.py for tasks to queue
[2024-06-24T07:52:27.689+0000] {logging_mixin.py:188} INFO - [2024-06-24T07:52:27.689+0000] {dagbag.py:545} INFO - Filling up the DagBag from /home/airflow/.local/lib/python3.12/site-packages/airflow/example_dags/example_subdag_operator.py
[2024-06-24T07:52:27.698+0000] {processor.py:840} INFO - DAG(s) 'example_subdag_operator.section-1', 'example_subdag_operator.section-2', 'example_subdag_operator' retrieved from /home/airflow/.local/lib/python3.12/site-packages/airflow/example_dags/example_subdag_operator.py
[2024-06-24T07:52:27.704+0000] {logging_mixin.py:188} INFO - [2024-06-24T07:52:27.703+0000] {dag.py:3096} INFO - Sync 3 DAGs
[2024-06-24T07:52:27.712+0000] {logging_mixin.py:188} INFO - [2024-06-24T07:52:27.711+0000] {dag.py:3954} INFO - Setting next_dagrun for example_subdag_operator to 2022-01-01 00:00:00+00:00, run_after=2022-01-01 00:00:00+00:00
[2024-06-24T07:52:27.713+0000] {logging_mixin.py:188} INFO - [2024-06-24T07:52:27.713+0000] {dag.py:3954} INFO - Setting next_dagrun for example_subdag_operator.section-1 to None, run_after=None
[2024-06-24T07:52:27.713+0000] {logging_mixin.py:188} INFO - [2024-06-24T07:52:27.713+0000] {dag.py:3954} INFO - Setting next_dagrun for example_subdag_operator.section-2 to None, run_after=None
[2024-06-24T07:52:27.716+0000] {logging_mixin.py:188} INFO - [2024-06-24T07:52:27.716+0000] {dag.py:3096} INFO - Sync 2 DAGs
[2024-06-24T07:52:27.718+0000] {logging_mixin.py:188} INFO - [2024-06-24T07:52:27.718+0000] {dag.py:3954} INFO - Setting next_dagrun for example_subdag_operator.section-1 to None, run_after=None
[2024-06-24T07:52:27.718+0000] {logging_mixin.py:188} INFO - [2024-06-24T07:52:27.718+0000] {dag.py:3954} INFO - Setting next_dagrun for example_subdag_operator.section-2 to None, run_after=None
[2024-06-24T07:52:27.722+0000] {processor.py:183} INFO - Processing /home/airflow/.local/lib/python3.12/site-packages/airflow/example_dags/example_subdag_operator.py took 0.036 seconds
[2024-06-24T07:52:58.103+0000] {processor.py:161} INFO - Started process (PID=1163) to work on /home/airflow/.local/lib/python3.12/site-packages/airflow/example_dags/example_subdag_operator.py
[2024-06-24T07:52:58.104+0000] {processor.py:830} INFO - Processing file /home/airflow/.local/lib/python3.12/site-packages/airflow/example_dags/example_subdag_operator.py for tasks to queue
[2024-06-24T07:52:58.105+0000] {logging_mixin.py:188} INFO - [2024-06-24T07:52:58.104+0000] {dagbag.py:545} INFO - Filling up the DagBag from /home/airflow/.local/lib/python3.12/site-packages/airflow/example_dags/example_subdag_operator.py
[2024-06-24T07:52:58.114+0000] {processor.py:840} INFO - DAG(s) 'example_subdag_operator.section-1', 'example_subdag_operator.section-2', 'example_subdag_operator' retrieved from /home/airflow/.local/lib/python3.12/site-packages/airflow/example_dags/example_subdag_operator.py
[2024-06-24T07:52:58.119+0000] {logging_mixin.py:188} INFO - [2024-06-24T07:52:58.119+0000] {dag.py:3096} INFO - Sync 3 DAGs
[2024-06-24T07:52:58.127+0000] {logging_mixin.py:188} INFO - [2024-06-24T07:52:58.127+0000] {dag.py:3954} INFO - Setting next_dagrun for example_subdag_operator to 2022-01-01 00:00:00+00:00, run_after=2022-01-01 00:00:00+00:00
[2024-06-24T07:52:58.129+0000] {logging_mixin.py:188} INFO - [2024-06-24T07:52:58.129+0000] {dag.py:3954} INFO - Setting next_dagrun for example_subdag_operator.section-1 to None, run_after=None
[2024-06-24T07:52:58.129+0000] {logging_mixin.py:188} INFO - [2024-06-24T07:52:58.129+0000] {dag.py:3954} INFO - Setting next_dagrun for example_subdag_operator.section-2 to None, run_after=None
[2024-06-24T07:52:58.132+0000] {logging_mixin.py:188} INFO - [2024-06-24T07:52:58.132+0000] {dag.py:3096} INFO - Sync 2 DAGs
[2024-06-24T07:52:58.135+0000] {logging_mixin.py:188} INFO - [2024-06-24T07:52:58.135+0000] {dag.py:3954} INFO - Setting next_dagrun for example_subdag_operator.section-1 to None, run_after=None
[2024-06-24T07:52:58.135+0000] {logging_mixin.py:188} INFO - [2024-06-24T07:52:58.135+0000] {dag.py:3954} INFO - Setting next_dagrun for example_subdag_operator.section-2 to None, run_after=None
[2024-06-24T07:52:58.139+0000] {processor.py:183} INFO - Processing /home/airflow/.local/lib/python3.12/site-packages/airflow/example_dags/example_subdag_operator.py took 0.039 seconds
[2024-06-24T07:53:28.566+0000] {processor.py:161} INFO - Started process (PID=1221) to work on /home/airflow/.local/lib/python3.12/site-packages/airflow/example_dags/example_subdag_operator.py
[2024-06-24T07:53:28.567+0000] {processor.py:830} INFO - Processing file /home/airflow/.local/lib/python3.12/site-packages/airflow/example_dags/example_subdag_operator.py for tasks to queue
[2024-06-24T07:53:28.568+0000] {logging_mixin.py:188} INFO - [2024-06-24T07:53:28.568+0000] {dagbag.py:545} INFO - Filling up the DagBag from /home/airflow/.local/lib/python3.12/site-packages/airflow/example_dags/example_subdag_operator.py
[2024-06-24T07:53:28.578+0000] {processor.py:840} INFO - DAG(s) 'example_subdag_operator.section-1', 'example_subdag_operator.section-2', 'example_subdag_operator' retrieved from /home/airflow/.local/lib/python3.12/site-packages/airflow/example_dags/example_subdag_operator.py
[2024-06-24T07:53:28.584+0000] {logging_mixin.py:188} INFO - [2024-06-24T07:53:28.584+0000] {dag.py:3096} INFO - Sync 3 DAGs
[2024-06-24T07:53:28.592+0000] {logging_mixin.py:188} INFO - [2024-06-24T07:53:28.592+0000] {dag.py:3954} INFO - Setting next_dagrun for example_subdag_operator to 2022-01-01 00:00:00+00:00, run_after=2022-01-01 00:00:00+00:00
[2024-06-24T07:53:28.594+0000] {logging_mixin.py:188} INFO - [2024-06-24T07:53:28.594+0000] {dag.py:3954} INFO - Setting next_dagrun for example_subdag_operator.section-1 to None, run_after=None
[2024-06-24T07:53:28.595+0000] {logging_mixin.py:188} INFO - [2024-06-24T07:53:28.595+0000] {dag.py:3954} INFO - Setting next_dagrun for example_subdag_operator.section-2 to None, run_after=None
[2024-06-24T07:53:28.597+0000] {logging_mixin.py:188} INFO - [2024-06-24T07:53:28.597+0000] {dag.py:3096} INFO - Sync 2 DAGs
[2024-06-24T07:53:28.599+0000] {logging_mixin.py:188} INFO - [2024-06-24T07:53:28.599+0000] {dag.py:3954} INFO - Setting next_dagrun for example_subdag_operator.section-1 to None, run_after=None
[2024-06-24T07:53:28.600+0000] {logging_mixin.py:188} INFO - [2024-06-24T07:53:28.600+0000] {dag.py:3954} INFO - Setting next_dagrun for example_subdag_operator.section-2 to None, run_after=None
[2024-06-24T07:53:28.604+0000] {processor.py:183} INFO - Processing /home/airflow/.local/lib/python3.12/site-packages/airflow/example_dags/example_subdag_operator.py took 0.040 seconds
[2024-06-24T07:53:59.020+0000] {processor.py:161} INFO - Started process (PID=1279) to work on /home/airflow/.local/lib/python3.12/site-packages/airflow/example_dags/example_subdag_operator.py
[2024-06-24T07:53:59.020+0000] {processor.py:830} INFO - Processing file /home/airflow/.local/lib/python3.12/site-packages/airflow/example_dags/example_subdag_operator.py for tasks to queue
[2024-06-24T07:53:59.021+0000] {logging_mixin.py:188} INFO - [2024-06-24T07:53:59.021+0000] {dagbag.py:545} INFO - Filling up the DagBag from /home/airflow/.local/lib/python3.12/site-packages/airflow/example_dags/example_subdag_operator.py
[2024-06-24T07:53:59.030+0000] {processor.py:840} INFO - DAG(s) 'example_subdag_operator.section-1', 'example_subdag_operator.section-2', 'example_subdag_operator' retrieved from /home/airflow/.local/lib/python3.12/site-packages/airflow/example_dags/example_subdag_operator.py
[2024-06-24T07:53:59.036+0000] {logging_mixin.py:188} INFO - [2024-06-24T07:53:59.036+0000] {dag.py:3096} INFO - Sync 3 DAGs
[2024-06-24T07:53:59.044+0000] {logging_mixin.py:188} INFO - [2024-06-24T07:53:59.044+0000] {dag.py:3954} INFO - Setting next_dagrun for example_subdag_operator to 2022-01-01 00:00:00+00:00, run_after=2022-01-01 00:00:00+00:00
[2024-06-24T07:53:59.045+0000] {logging_mixin.py:188} INFO - [2024-06-24T07:53:59.045+0000] {dag.py:3954} INFO - Setting next_dagrun for example_subdag_operator.section-1 to None, run_after=None
[2024-06-24T07:53:59.046+0000] {logging_mixin.py:188} INFO - [2024-06-24T07:53:59.046+0000] {dag.py:3954} INFO - Setting next_dagrun for example_subdag_operator.section-2 to None, run_after=None
[2024-06-24T07:53:59.049+0000] {logging_mixin.py:188} INFO - [2024-06-24T07:53:59.049+0000] {dag.py:3096} INFO - Sync 2 DAGs
[2024-06-24T07:53:59.051+0000] {logging_mixin.py:188} INFO - [2024-06-24T07:53:59.051+0000] {dag.py:3954} INFO - Setting next_dagrun for example_subdag_operator.section-1 to None, run_after=None
[2024-06-24T07:53:59.052+0000] {logging_mixin.py:188} INFO - [2024-06-24T07:53:59.052+0000] {dag.py:3954} INFO - Setting next_dagrun for example_subdag_operator.section-2 to None, run_after=None
[2024-06-24T07:53:59.057+0000] {processor.py:183} INFO - Processing /home/airflow/.local/lib/python3.12/site-packages/airflow/example_dags/example_subdag_operator.py took 0.039 seconds
[2024-06-24T07:54:29.456+0000] {processor.py:161} INFO - Started process (PID=1337) to work on /home/airflow/.local/lib/python3.12/site-packages/airflow/example_dags/example_subdag_operator.py
[2024-06-24T07:54:29.457+0000] {processor.py:830} INFO - Processing file /home/airflow/.local/lib/python3.12/site-packages/airflow/example_dags/example_subdag_operator.py for tasks to queue
[2024-06-24T07:54:29.458+0000] {logging_mixin.py:188} INFO - [2024-06-24T07:54:29.457+0000] {dagbag.py:545} INFO - Filling up the DagBag from /home/airflow/.local/lib/python3.12/site-packages/airflow/example_dags/example_subdag_operator.py
[2024-06-24T07:54:29.468+0000] {processor.py:840} INFO - DAG(s) 'example_subdag_operator.section-1', 'example_subdag_operator.section-2', 'example_subdag_operator' retrieved from /home/airflow/.local/lib/python3.12/site-packages/airflow/example_dags/example_subdag_operator.py
[2024-06-24T07:54:29.474+0000] {logging_mixin.py:188} INFO - [2024-06-24T07:54:29.474+0000] {dag.py:3096} INFO - Sync 3 DAGs
[2024-06-24T07:54:29.482+0000] {logging_mixin.py:188} INFO - [2024-06-24T07:54:29.482+0000] {dag.py:3954} INFO - Setting next_dagrun for example_subdag_operator to 2022-01-01 00:00:00+00:00, run_after=2022-01-01 00:00:00+00:00
[2024-06-24T07:54:29.484+0000] {logging_mixin.py:188} INFO - [2024-06-24T07:54:29.484+0000] {dag.py:3954} INFO - Setting next_dagrun for example_subdag_operator.section-1 to None, run_after=None
[2024-06-24T07:54:29.484+0000] {logging_mixin.py:188} INFO - [2024-06-24T07:54:29.484+0000] {dag.py:3954} INFO - Setting next_dagrun for example_subdag_operator.section-2 to None, run_after=None
[2024-06-24T07:54:29.487+0000] {logging_mixin.py:188} INFO - [2024-06-24T07:54:29.487+0000] {dag.py:3096} INFO - Sync 2 DAGs
[2024-06-24T07:54:29.489+0000] {logging_mixin.py:188} INFO - [2024-06-24T07:54:29.489+0000] {dag.py:3954} INFO - Setting next_dagrun for example_subdag_operator.section-1 to None, run_after=None
[2024-06-24T07:54:29.489+0000] {logging_mixin.py:188} INFO - [2024-06-24T07:54:29.489+0000] {dag.py:3954} INFO - Setting next_dagrun for example_subdag_operator.section-2 to None, run_after=None
[2024-06-24T07:54:29.493+0000] {processor.py:183} INFO - Processing /home/airflow/.local/lib/python3.12/site-packages/airflow/example_dags/example_subdag_operator.py took 0.039 seconds
[2024-06-24T07:54:59.964+0000] {processor.py:161} INFO - Started process (PID=1394) to work on /home/airflow/.local/lib/python3.12/site-packages/airflow/example_dags/example_subdag_operator.py
[2024-06-24T07:54:59.969+0000] {processor.py:830} INFO - Processing file /home/airflow/.local/lib/python3.12/site-packages/airflow/example_dags/example_subdag_operator.py for tasks to queue
[2024-06-24T07:54:59.970+0000] {logging_mixin.py:188} INFO - [2024-06-24T07:54:59.970+0000] {dagbag.py:545} INFO - Filling up the DagBag from /home/airflow/.local/lib/python3.12/site-packages/airflow/example_dags/example_subdag_operator.py
[2024-06-24T07:54:59.980+0000] {processor.py:840} INFO - DAG(s) 'example_subdag_operator.section-1', 'example_subdag_operator.section-2', 'example_subdag_operator' retrieved from /home/airflow/.local/lib/python3.12/site-packages/airflow/example_dags/example_subdag_operator.py
[2024-06-24T07:54:59.986+0000] {logging_mixin.py:188} INFO - [2024-06-24T07:54:59.986+0000] {dag.py:3096} INFO - Sync 3 DAGs
[2024-06-24T07:54:59.995+0000] {logging_mixin.py:188} INFO - [2024-06-24T07:54:59.995+0000] {dag.py:3954} INFO - Setting next_dagrun for example_subdag_operator to 2022-01-01 00:00:00+00:00, run_after=2022-01-01 00:00:00+00:00
[2024-06-24T07:54:59.996+0000] {logging_mixin.py:188} INFO - [2024-06-24T07:54:59.996+0000] {dag.py:3954} INFO - Setting next_dagrun for example_subdag_operator.section-1 to None, run_after=None
[2024-06-24T07:54:59.997+0000] {logging_mixin.py:188} INFO - [2024-06-24T07:54:59.997+0000] {dag.py:3954} INFO - Setting next_dagrun for example_subdag_operator.section-2 to None, run_after=None
[2024-06-24T07:55:00.000+0000] {logging_mixin.py:188} INFO - [2024-06-24T07:55:00.000+0000] {dag.py:3096} INFO - Sync 2 DAGs
[2024-06-24T07:55:00.002+0000] {logging_mixin.py:188} INFO - [2024-06-24T07:55:00.002+0000] {dag.py:3954} INFO - Setting next_dagrun for example_subdag_operator.section-1 to None, run_after=None
[2024-06-24T07:55:00.002+0000] {logging_mixin.py:188} INFO - [2024-06-24T07:55:00.002+0000] {dag.py:3954} INFO - Setting next_dagrun for example_subdag_operator.section-2 to None, run_after=None
[2024-06-24T07:55:00.006+0000] {processor.py:183} INFO - Processing /home/airflow/.local/lib/python3.12/site-packages/airflow/example_dags/example_subdag_operator.py took 0.045 seconds
[2024-06-24T07:55:30.595+0000] {processor.py:161} INFO - Started process (PID=1452) to work on /home/airflow/.local/lib/python3.12/site-packages/airflow/example_dags/example_subdag_operator.py
[2024-06-24T07:55:30.595+0000] {processor.py:830} INFO - Processing file /home/airflow/.local/lib/python3.12/site-packages/airflow/example_dags/example_subdag_operator.py for tasks to queue
[2024-06-24T07:55:30.596+0000] {logging_mixin.py:188} INFO - [2024-06-24T07:55:30.596+0000] {dagbag.py:545} INFO - Filling up the DagBag from /home/airflow/.local/lib/python3.12/site-packages/airflow/example_dags/example_subdag_operator.py
[2024-06-24T07:55:30.606+0000] {processor.py:840} INFO - DAG(s) 'example_subdag_operator.section-1', 'example_subdag_operator.section-2', 'example_subdag_operator' retrieved from /home/airflow/.local/lib/python3.12/site-packages/airflow/example_dags/example_subdag_operator.py
[2024-06-24T07:55:30.613+0000] {logging_mixin.py:188} INFO - [2024-06-24T07:55:30.612+0000] {dag.py:3096} INFO - Sync 3 DAGs
[2024-06-24T07:55:30.621+0000] {logging_mixin.py:188} INFO - [2024-06-24T07:55:30.621+0000] {dag.py:3954} INFO - Setting next_dagrun for example_subdag_operator to 2022-01-01 00:00:00+00:00, run_after=2022-01-01 00:00:00+00:00
[2024-06-24T07:55:30.623+0000] {logging_mixin.py:188} INFO - [2024-06-24T07:55:30.623+0000] {dag.py:3954} INFO - Setting next_dagrun for example_subdag_operator.section-1 to None, run_after=None
[2024-06-24T07:55:30.624+0000] {logging_mixin.py:188} INFO - [2024-06-24T07:55:30.623+0000] {dag.py:3954} INFO - Setting next_dagrun for example_subdag_operator.section-2 to None, run_after=None
[2024-06-24T07:55:30.627+0000] {logging_mixin.py:188} INFO - [2024-06-24T07:55:30.627+0000] {dag.py:3096} INFO - Sync 2 DAGs
[2024-06-24T07:55:30.629+0000] {logging_mixin.py:188} INFO - [2024-06-24T07:55:30.629+0000] {dag.py:3954} INFO - Setting next_dagrun for example_subdag_operator.section-1 to None, run_after=None
[2024-06-24T07:55:30.629+0000] {logging_mixin.py:188} INFO - [2024-06-24T07:55:30.629+0000] {dag.py:3954} INFO - Setting next_dagrun for example_subdag_operator.section-2 to None, run_after=None
[2024-06-24T07:55:30.634+0000] {processor.py:183} INFO - Processing /home/airflow/.local/lib/python3.12/site-packages/airflow/example_dags/example_subdag_operator.py took 0.042 seconds
[2024-06-24T07:56:01.163+0000] {processor.py:161} INFO - Started process (PID=1510) to work on /home/airflow/.local/lib/python3.12/site-packages/airflow/example_dags/example_subdag_operator.py
[2024-06-24T07:56:01.163+0000] {processor.py:830} INFO - Processing file /home/airflow/.local/lib/python3.12/site-packages/airflow/example_dags/example_subdag_operator.py for tasks to queue
[2024-06-24T07:56:01.164+0000] {logging_mixin.py:188} INFO - [2024-06-24T07:56:01.164+0000] {dagbag.py:545} INFO - Filling up the DagBag from /home/airflow/.local/lib/python3.12/site-packages/airflow/example_dags/example_subdag_operator.py
[2024-06-24T07:56:01.175+0000] {processor.py:840} INFO - DAG(s) 'example_subdag_operator.section-1', 'example_subdag_operator.section-2', 'example_subdag_operator' retrieved from /home/airflow/.local/lib/python3.12/site-packages/airflow/example_dags/example_subdag_operator.py
[2024-06-24T07:56:01.181+0000] {logging_mixin.py:188} INFO - [2024-06-24T07:56:01.181+0000] {dag.py:3096} INFO - Sync 3 DAGs
[2024-06-24T07:56:01.190+0000] {logging_mixin.py:188} INFO - [2024-06-24T07:56:01.190+0000] {dag.py:3954} INFO - Setting next_dagrun for example_subdag_operator to 2022-01-01 00:00:00+00:00, run_after=2022-01-01 00:00:00+00:00
[2024-06-24T07:56:01.192+0000] {logging_mixin.py:188} INFO - [2024-06-24T07:56:01.192+0000] {dag.py:3954} INFO - Setting next_dagrun for example_subdag_operator.section-1 to None, run_after=None
[2024-06-24T07:56:01.192+0000] {logging_mixin.py:188} INFO - [2024-06-24T07:56:01.192+0000] {dag.py:3954} INFO - Setting next_dagrun for example_subdag_operator.section-2 to None, run_after=None
[2024-06-24T07:56:01.195+0000] {logging_mixin.py:188} INFO - [2024-06-24T07:56:01.195+0000] {dag.py:3096} INFO - Sync 2 DAGs
[2024-06-24T07:56:01.197+0000] {logging_mixin.py:188} INFO - [2024-06-24T07:56:01.197+0000] {dag.py:3954} INFO - Setting next_dagrun for example_subdag_operator.section-1 to None, run_after=None
[2024-06-24T07:56:01.197+0000] {logging_mixin.py:188} INFO - [2024-06-24T07:56:01.197+0000] {dag.py:3954} INFO - Setting next_dagrun for example_subdag_operator.section-2 to None, run_after=None
[2024-06-24T07:56:01.201+0000] {processor.py:183} INFO - Processing /home/airflow/.local/lib/python3.12/site-packages/airflow/example_dags/example_subdag_operator.py took 0.041 seconds
[2024-06-24T07:56:31.755+0000] {processor.py:161} INFO - Started process (PID=1567) to work on /home/airflow/.local/lib/python3.12/site-packages/airflow/example_dags/example_subdag_operator.py
[2024-06-24T07:56:31.757+0000] {processor.py:830} INFO - Processing file /home/airflow/.local/lib/python3.12/site-packages/airflow/example_dags/example_subdag_operator.py for tasks to queue
[2024-06-24T07:56:31.758+0000] {logging_mixin.py:188} INFO - [2024-06-24T07:56:31.758+0000] {dagbag.py:545} INFO - Filling up the DagBag from /home/airflow/.local/lib/python3.12/site-packages/airflow/example_dags/example_subdag_operator.py
[2024-06-24T07:56:31.769+0000] {processor.py:840} INFO - DAG(s) 'example_subdag_operator.section-1', 'example_subdag_operator.section-2', 'example_subdag_operator' retrieved from /home/airflow/.local/lib/python3.12/site-packages/airflow/example_dags/example_subdag_operator.py
[2024-06-24T07:56:31.776+0000] {logging_mixin.py:188} INFO - [2024-06-24T07:56:31.776+0000] {dag.py:3096} INFO - Sync 3 DAGs
[2024-06-24T07:56:31.785+0000] {logging_mixin.py:188} INFO - [2024-06-24T07:56:31.785+0000] {dag.py:3954} INFO - Setting next_dagrun for example_subdag_operator to 2022-01-01 00:00:00+00:00, run_after=2022-01-01 00:00:00+00:00
[2024-06-24T07:56:31.787+0000] {logging_mixin.py:188} INFO - [2024-06-24T07:56:31.787+0000] {dag.py:3954} INFO - Setting next_dagrun for example_subdag_operator.section-1 to None, run_after=None
[2024-06-24T07:56:31.787+0000] {logging_mixin.py:188} INFO - [2024-06-24T07:56:31.787+0000] {dag.py:3954} INFO - Setting next_dagrun for example_subdag_operator.section-2 to None, run_after=None
[2024-06-24T07:56:31.790+0000] {logging_mixin.py:188} INFO - [2024-06-24T07:56:31.790+0000] {dag.py:3096} INFO - Sync 2 DAGs
[2024-06-24T07:56:31.792+0000] {logging_mixin.py:188} INFO - [2024-06-24T07:56:31.792+0000] {dag.py:3954} INFO - Setting next_dagrun for example_subdag_operator.section-1 to None, run_after=None
[2024-06-24T07:56:31.793+0000] {logging_mixin.py:188} INFO - [2024-06-24T07:56:31.793+0000] {dag.py:3954} INFO - Setting next_dagrun for example_subdag_operator.section-2 to None, run_after=None
[2024-06-24T07:56:31.797+0000] {processor.py:183} INFO - Processing /home/airflow/.local/lib/python3.12/site-packages/airflow/example_dags/example_subdag_operator.py took 0.045 seconds
[2024-06-24T07:57:02.725+0000] {processor.py:161} INFO - Started process (PID=1625) to work on /home/airflow/.local/lib/python3.12/site-packages/airflow/example_dags/example_subdag_operator.py
[2024-06-24T07:57:02.726+0000] {processor.py:830} INFO - Processing file /home/airflow/.local/lib/python3.12/site-packages/airflow/example_dags/example_subdag_operator.py for tasks to queue
[2024-06-24T07:57:02.727+0000] {logging_mixin.py:188} INFO - [2024-06-24T07:57:02.727+0000] {dagbag.py:545} INFO - Filling up the DagBag from /home/airflow/.local/lib/python3.12/site-packages/airflow/example_dags/example_subdag_operator.py
[2024-06-24T07:57:02.736+0000] {processor.py:840} INFO - DAG(s) 'example_subdag_operator.section-1', 'example_subdag_operator.section-2', 'example_subdag_operator' retrieved from /home/airflow/.local/lib/python3.12/site-packages/airflow/example_dags/example_subdag_operator.py
[2024-06-24T07:57:02.742+0000] {logging_mixin.py:188} INFO - [2024-06-24T07:57:02.742+0000] {dag.py:3096} INFO - Sync 3 DAGs
[2024-06-24T07:57:02.750+0000] {logging_mixin.py:188} INFO - [2024-06-24T07:57:02.750+0000] {dag.py:3954} INFO - Setting next_dagrun for example_subdag_operator to 2022-01-01 00:00:00+00:00, run_after=2022-01-01 00:00:00+00:00
[2024-06-24T07:57:02.751+0000] {logging_mixin.py:188} INFO - [2024-06-24T07:57:02.751+0000] {dag.py:3954} INFO - Setting next_dagrun for example_subdag_operator.section-1 to None, run_after=None
[2024-06-24T07:57:02.752+0000] {logging_mixin.py:188} INFO - [2024-06-24T07:57:02.752+0000] {dag.py:3954} INFO - Setting next_dagrun for example_subdag_operator.section-2 to None, run_after=None
[2024-06-24T07:57:02.754+0000] {logging_mixin.py:188} INFO - [2024-06-24T07:57:02.754+0000] {dag.py:3096} INFO - Sync 2 DAGs
[2024-06-24T07:57:02.756+0000] {logging_mixin.py:188} INFO - [2024-06-24T07:57:02.756+0000] {dag.py:3954} INFO - Setting next_dagrun for example_subdag_operator.section-1 to None, run_after=None
[2024-06-24T07:57:02.756+0000] {logging_mixin.py:188} INFO - [2024-06-24T07:57:02.756+0000] {dag.py:3954} INFO - Setting next_dagrun for example_subdag_operator.section-2 to None, run_after=None
[2024-06-24T07:57:02.760+0000] {processor.py:183} INFO - Processing /home/airflow/.local/lib/python3.12/site-packages/airflow/example_dags/example_subdag_operator.py took 0.038 seconds
[2024-06-24T07:57:34.185+0000] {processor.py:161} INFO - Started process (PID=1683) to work on /home/airflow/.local/lib/python3.12/site-packages/airflow/example_dags/example_subdag_operator.py
[2024-06-24T07:57:34.186+0000] {processor.py:830} INFO - Processing file /home/airflow/.local/lib/python3.12/site-packages/airflow/example_dags/example_subdag_operator.py for tasks to queue
[2024-06-24T07:57:34.187+0000] {logging_mixin.py:188} INFO - [2024-06-24T07:57:34.186+0000] {dagbag.py:545} INFO - Filling up the DagBag from /home/airflow/.local/lib/python3.12/site-packages/airflow/example_dags/example_subdag_operator.py
[2024-06-24T07:57:34.195+0000] {processor.py:840} INFO - DAG(s) 'example_subdag_operator.section-1', 'example_subdag_operator.section-2', 'example_subdag_operator' retrieved from /home/airflow/.local/lib/python3.12/site-packages/airflow/example_dags/example_subdag_operator.py
[2024-06-24T07:57:34.201+0000] {logging_mixin.py:188} INFO - [2024-06-24T07:57:34.201+0000] {dag.py:3096} INFO - Sync 3 DAGs
[2024-06-24T07:57:34.209+0000] {logging_mixin.py:188} INFO - [2024-06-24T07:57:34.209+0000] {dag.py:3954} INFO - Setting next_dagrun for example_subdag_operator to 2022-01-01 00:00:00+00:00, run_after=2022-01-01 00:00:00+00:00
[2024-06-24T07:57:34.211+0000] {logging_mixin.py:188} INFO - [2024-06-24T07:57:34.211+0000] {dag.py:3954} INFO - Setting next_dagrun for example_subdag_operator.section-1 to None, run_after=None
[2024-06-24T07:57:34.211+0000] {logging_mixin.py:188} INFO - [2024-06-24T07:57:34.211+0000] {dag.py:3954} INFO - Setting next_dagrun for example_subdag_operator.section-2 to None, run_after=None
[2024-06-24T07:57:34.214+0000] {logging_mixin.py:188} INFO - [2024-06-24T07:57:34.214+0000] {dag.py:3096} INFO - Sync 2 DAGs
[2024-06-24T07:57:34.216+0000] {logging_mixin.py:188} INFO - [2024-06-24T07:57:34.216+0000] {dag.py:3954} INFO - Setting next_dagrun for example_subdag_operator.section-1 to None, run_after=None
[2024-06-24T07:57:34.217+0000] {logging_mixin.py:188} INFO - [2024-06-24T07:57:34.216+0000] {dag.py:3954} INFO - Setting next_dagrun for example_subdag_operator.section-2 to None, run_after=None
[2024-06-24T07:57:34.220+0000] {processor.py:183} INFO - Processing /home/airflow/.local/lib/python3.12/site-packages/airflow/example_dags/example_subdag_operator.py took 0.038 seconds
[2024-06-24T07:58:05.318+0000] {processor.py:161} INFO - Started process (PID=1741) to work on /home/airflow/.local/lib/python3.12/site-packages/airflow/example_dags/example_subdag_operator.py
[2024-06-24T07:58:05.319+0000] {processor.py:830} INFO - Processing file /home/airflow/.local/lib/python3.12/site-packages/airflow/example_dags/example_subdag_operator.py for tasks to queue
[2024-06-24T07:58:05.320+0000] {logging_mixin.py:188} INFO - [2024-06-24T07:58:05.320+0000] {dagbag.py:545} INFO - Filling up the DagBag from /home/airflow/.local/lib/python3.12/site-packages/airflow/example_dags/example_subdag_operator.py
[2024-06-24T07:58:05.331+0000] {processor.py:840} INFO - DAG(s) 'example_subdag_operator.section-1', 'example_subdag_operator.section-2', 'example_subdag_operator' retrieved from /home/airflow/.local/lib/python3.12/site-packages/airflow/example_dags/example_subdag_operator.py
[2024-06-24T07:58:05.339+0000] {logging_mixin.py:188} INFO - [2024-06-24T07:58:05.339+0000] {dag.py:3096} INFO - Sync 3 DAGs
[2024-06-24T07:58:05.425+0000] {logging_mixin.py:188} INFO - [2024-06-24T07:58:05.425+0000] {dag.py:3954} INFO - Setting next_dagrun for example_subdag_operator to 2022-01-01 00:00:00+00:00, run_after=2022-01-01 00:00:00+00:00
[2024-06-24T07:58:05.427+0000] {logging_mixin.py:188} INFO - [2024-06-24T07:58:05.427+0000] {dag.py:3954} INFO - Setting next_dagrun for example_subdag_operator.section-1 to None, run_after=None
[2024-06-24T07:58:05.427+0000] {logging_mixin.py:188} INFO - [2024-06-24T07:58:05.427+0000] {dag.py:3954} INFO - Setting next_dagrun for example_subdag_operator.section-2 to None, run_after=None
[2024-06-24T07:58:05.430+0000] {logging_mixin.py:188} INFO - [2024-06-24T07:58:05.430+0000] {dag.py:3096} INFO - Sync 2 DAGs
[2024-06-24T07:58:05.432+0000] {logging_mixin.py:188} INFO - [2024-06-24T07:58:05.432+0000] {dag.py:3954} INFO - Setting next_dagrun for example_subdag_operator.section-1 to None, run_after=None
[2024-06-24T07:58:05.432+0000] {logging_mixin.py:188} INFO - [2024-06-24T07:58:05.432+0000] {dag.py:3954} INFO - Setting next_dagrun for example_subdag_operator.section-2 to None, run_after=None
[2024-06-24T07:58:05.436+0000] {processor.py:183} INFO - Processing /home/airflow/.local/lib/python3.12/site-packages/airflow/example_dags/example_subdag_operator.py took 0.121 seconds
[2024-06-24T07:58:35.998+0000] {processor.py:161} INFO - Started process (PID=1799) to work on /home/airflow/.local/lib/python3.12/site-packages/airflow/example_dags/example_subdag_operator.py
[2024-06-24T07:58:35.998+0000] {processor.py:830} INFO - Processing file /home/airflow/.local/lib/python3.12/site-packages/airflow/example_dags/example_subdag_operator.py for tasks to queue
[2024-06-24T07:58:35.999+0000] {logging_mixin.py:188} INFO - [2024-06-24T07:58:35.999+0000] {dagbag.py:545} INFO - Filling up the DagBag from /home/airflow/.local/lib/python3.12/site-packages/airflow/example_dags/example_subdag_operator.py
[2024-06-24T07:58:36.008+0000] {processor.py:840} INFO - DAG(s) 'example_subdag_operator.section-1', 'example_subdag_operator.section-2', 'example_subdag_operator' retrieved from /home/airflow/.local/lib/python3.12/site-packages/airflow/example_dags/example_subdag_operator.py
[2024-06-24T07:58:36.014+0000] {logging_mixin.py:188} INFO - [2024-06-24T07:58:36.014+0000] {dag.py:3096} INFO - Sync 3 DAGs
[2024-06-24T07:58:36.101+0000] {logging_mixin.py:188} INFO - [2024-06-24T07:58:36.101+0000] {dag.py:3954} INFO - Setting next_dagrun for example_subdag_operator to 2022-01-01 00:00:00+00:00, run_after=2022-01-01 00:00:00+00:00
[2024-06-24T07:58:36.103+0000] {logging_mixin.py:188} INFO - [2024-06-24T07:58:36.103+0000] {dag.py:3954} INFO - Setting next_dagrun for example_subdag_operator.section-1 to None, run_after=None
[2024-06-24T07:58:36.103+0000] {logging_mixin.py:188} INFO - [2024-06-24T07:58:36.103+0000] {dag.py:3954} INFO - Setting next_dagrun for example_subdag_operator.section-2 to None, run_after=None
[2024-06-24T07:58:36.106+0000] {logging_mixin.py:188} INFO - [2024-06-24T07:58:36.106+0000] {dag.py:3096} INFO - Sync 2 DAGs
[2024-06-24T07:58:36.108+0000] {logging_mixin.py:188} INFO - [2024-06-24T07:58:36.108+0000] {dag.py:3954} INFO - Setting next_dagrun for example_subdag_operator.section-1 to None, run_after=None
[2024-06-24T07:58:36.108+0000] {logging_mixin.py:188} INFO - [2024-06-24T07:58:36.108+0000] {dag.py:3954} INFO - Setting next_dagrun for example_subdag_operator.section-2 to None, run_after=None
[2024-06-24T07:58:36.112+0000] {processor.py:183} INFO - Processing /home/airflow/.local/lib/python3.12/site-packages/airflow/example_dags/example_subdag_operator.py took 0.117 seconds
[2024-06-24T07:59:06.430+0000] {processor.py:161} INFO - Started process (PID=1857) to work on /home/airflow/.local/lib/python3.12/site-packages/airflow/example_dags/example_subdag_operator.py
[2024-06-24T07:59:06.431+0000] {processor.py:830} INFO - Processing file /home/airflow/.local/lib/python3.12/site-packages/airflow/example_dags/example_subdag_operator.py for tasks to queue
[2024-06-24T07:59:06.433+0000] {logging_mixin.py:188} INFO - [2024-06-24T07:59:06.432+0000] {dagbag.py:545} INFO - Filling up the DagBag from /home/airflow/.local/lib/python3.12/site-packages/airflow/example_dags/example_subdag_operator.py
[2024-06-24T07:59:06.444+0000] {processor.py:840} INFO - DAG(s) 'example_subdag_operator.section-1', 'example_subdag_operator.section-2', 'example_subdag_operator' retrieved from /home/airflow/.local/lib/python3.12/site-packages/airflow/example_dags/example_subdag_operator.py
[2024-06-24T07:59:06.449+0000] {logging_mixin.py:188} INFO - [2024-06-24T07:59:06.449+0000] {dag.py:3096} INFO - Sync 3 DAGs
[2024-06-24T07:59:06.536+0000] {logging_mixin.py:188} INFO - [2024-06-24T07:59:06.536+0000] {dag.py:3954} INFO - Setting next_dagrun for example_subdag_operator to 2022-01-01 00:00:00+00:00, run_after=2022-01-01 00:00:00+00:00
[2024-06-24T07:59:06.538+0000] {logging_mixin.py:188} INFO - [2024-06-24T07:59:06.538+0000] {dag.py:3954} INFO - Setting next_dagrun for example_subdag_operator.section-1 to None, run_after=None
[2024-06-24T07:59:06.539+0000] {logging_mixin.py:188} INFO - [2024-06-24T07:59:06.539+0000] {dag.py:3954} INFO - Setting next_dagrun for example_subdag_operator.section-2 to None, run_after=None
[2024-06-24T07:59:06.542+0000] {logging_mixin.py:188} INFO - [2024-06-24T07:59:06.542+0000] {dag.py:3096} INFO - Sync 2 DAGs
[2024-06-24T07:59:06.544+0000] {logging_mixin.py:188} INFO - [2024-06-24T07:59:06.544+0000] {dag.py:3954} INFO - Setting next_dagrun for example_subdag_operator.section-1 to None, run_after=None
[2024-06-24T07:59:06.544+0000] {logging_mixin.py:188} INFO - [2024-06-24T07:59:06.544+0000] {dag.py:3954} INFO - Setting next_dagrun for example_subdag_operator.section-2 to None, run_after=None
[2024-06-24T07:59:06.549+0000] {processor.py:183} INFO - Processing /home/airflow/.local/lib/python3.12/site-packages/airflow/example_dags/example_subdag_operator.py took 0.123 seconds
