[2024-06-24T07:43:20.245+0000] {processor.py:161} INFO - Started process (PID=75) to work on /home/airflow/.local/lib/python3.12/site-packages/airflow/example_dags/example_bash_operator.py
[2024-06-24T07:43:20.246+0000] {processor.py:830} INFO - Processing file /home/airflow/.local/lib/python3.12/site-packages/airflow/example_dags/example_bash_operator.py for tasks to queue
[2024-06-24T07:43:20.246+0000] {logging_mixin.py:188} INFO - [2024-06-24T07:43:20.246+0000] {dagbag.py:545} INFO - Filling up the DagBag from /home/airflow/.local/lib/python3.12/site-packages/airflow/example_dags/example_bash_operator.py
[2024-06-24T07:43:20.251+0000] {processor.py:840} INFO - DAG(s) 'example_bash_operator' retrieved from /home/airflow/.local/lib/python3.12/site-packages/airflow/example_dags/example_bash_operator.py
[2024-06-24T07:43:20.262+0000] {logging_mixin.py:188} INFO - [2024-06-24T07:43:20.262+0000] {dag.py:3096} INFO - Sync 1 DAGs
[2024-06-24T07:43:20.272+0000] {logging_mixin.py:188} INFO - [2024-06-24T07:43:20.271+0000] {dag.py:3954} INFO - Setting next_dagrun for example_bash_operator to 2024-06-23 00:00:00+00:00, run_after=2024-06-24 00:00:00+00:00
[2024-06-24T07:43:20.279+0000] {processor.py:183} INFO - Processing /home/airflow/.local/lib/python3.12/site-packages/airflow/example_dags/example_bash_operator.py took 0.036 seconds
[2024-06-24T07:43:50.623+0000] {processor.py:161} INFO - Started process (PID=133) to work on /home/airflow/.local/lib/python3.12/site-packages/airflow/example_dags/example_bash_operator.py
[2024-06-24T07:43:50.623+0000] {processor.py:830} INFO - Processing file /home/airflow/.local/lib/python3.12/site-packages/airflow/example_dags/example_bash_operator.py for tasks to queue
[2024-06-24T07:43:50.624+0000] {logging_mixin.py:188} INFO - [2024-06-24T07:43:50.624+0000] {dagbag.py:545} INFO - Filling up the DagBag from /home/airflow/.local/lib/python3.12/site-packages/airflow/example_dags/example_bash_operator.py
[2024-06-24T07:43:50.629+0000] {processor.py:840} INFO - DAG(s) 'example_bash_operator' retrieved from /home/airflow/.local/lib/python3.12/site-packages/airflow/example_dags/example_bash_operator.py
[2024-06-24T07:43:50.639+0000] {logging_mixin.py:188} INFO - [2024-06-24T07:43:50.639+0000] {dag.py:3096} INFO - Sync 1 DAGs
[2024-06-24T07:43:50.648+0000] {logging_mixin.py:188} INFO - [2024-06-24T07:43:50.648+0000] {dag.py:3954} INFO - Setting next_dagrun for example_bash_operator to 2024-06-23 00:00:00+00:00, run_after=2024-06-24 00:00:00+00:00
[2024-06-24T07:43:50.654+0000] {processor.py:183} INFO - Processing /home/airflow/.local/lib/python3.12/site-packages/airflow/example_dags/example_bash_operator.py took 0.034 seconds
[2024-06-24T07:44:21.006+0000] {processor.py:161} INFO - Started process (PID=191) to work on /home/airflow/.local/lib/python3.12/site-packages/airflow/example_dags/example_bash_operator.py
[2024-06-24T07:44:21.007+0000] {processor.py:830} INFO - Processing file /home/airflow/.local/lib/python3.12/site-packages/airflow/example_dags/example_bash_operator.py for tasks to queue
[2024-06-24T07:44:21.007+0000] {logging_mixin.py:188} INFO - [2024-06-24T07:44:21.007+0000] {dagbag.py:545} INFO - Filling up the DagBag from /home/airflow/.local/lib/python3.12/site-packages/airflow/example_dags/example_bash_operator.py
[2024-06-24T07:44:21.012+0000] {processor.py:840} INFO - DAG(s) 'example_bash_operator' retrieved from /home/airflow/.local/lib/python3.12/site-packages/airflow/example_dags/example_bash_operator.py
[2024-06-24T07:44:21.021+0000] {logging_mixin.py:188} INFO - [2024-06-24T07:44:21.021+0000] {dag.py:3096} INFO - Sync 1 DAGs
[2024-06-24T07:44:21.030+0000] {logging_mixin.py:188} INFO - [2024-06-24T07:44:21.030+0000] {dag.py:3954} INFO - Setting next_dagrun for example_bash_operator to 2024-06-23 00:00:00+00:00, run_after=2024-06-24 00:00:00+00:00
[2024-06-24T07:44:21.037+0000] {processor.py:183} INFO - Processing /home/airflow/.local/lib/python3.12/site-packages/airflow/example_dags/example_bash_operator.py took 0.033 seconds
[2024-06-24T07:44:51.441+0000] {processor.py:161} INFO - Started process (PID=249) to work on /home/airflow/.local/lib/python3.12/site-packages/airflow/example_dags/example_bash_operator.py
[2024-06-24T07:44:51.442+0000] {processor.py:830} INFO - Processing file /home/airflow/.local/lib/python3.12/site-packages/airflow/example_dags/example_bash_operator.py for tasks to queue
[2024-06-24T07:44:51.442+0000] {logging_mixin.py:188} INFO - [2024-06-24T07:44:51.442+0000] {dagbag.py:545} INFO - Filling up the DagBag from /home/airflow/.local/lib/python3.12/site-packages/airflow/example_dags/example_bash_operator.py
[2024-06-24T07:44:51.447+0000] {processor.py:840} INFO - DAG(s) 'example_bash_operator' retrieved from /home/airflow/.local/lib/python3.12/site-packages/airflow/example_dags/example_bash_operator.py
[2024-06-24T07:44:51.458+0000] {logging_mixin.py:188} INFO - [2024-06-24T07:44:51.458+0000] {dag.py:3096} INFO - Sync 1 DAGs
[2024-06-24T07:44:51.466+0000] {logging_mixin.py:188} INFO - [2024-06-24T07:44:51.466+0000] {dag.py:3954} INFO - Setting next_dagrun for example_bash_operator to 2024-06-23 00:00:00+00:00, run_after=2024-06-24 00:00:00+00:00
[2024-06-24T07:44:51.474+0000] {processor.py:183} INFO - Processing /home/airflow/.local/lib/python3.12/site-packages/airflow/example_dags/example_bash_operator.py took 0.034 seconds
[2024-06-24T07:45:21.906+0000] {processor.py:161} INFO - Started process (PID=307) to work on /home/airflow/.local/lib/python3.12/site-packages/airflow/example_dags/example_bash_operator.py
[2024-06-24T07:45:21.906+0000] {processor.py:830} INFO - Processing file /home/airflow/.local/lib/python3.12/site-packages/airflow/example_dags/example_bash_operator.py for tasks to queue
[2024-06-24T07:45:21.907+0000] {logging_mixin.py:188} INFO - [2024-06-24T07:45:21.907+0000] {dagbag.py:545} INFO - Filling up the DagBag from /home/airflow/.local/lib/python3.12/site-packages/airflow/example_dags/example_bash_operator.py
[2024-06-24T07:45:21.911+0000] {processor.py:840} INFO - DAG(s) 'example_bash_operator' retrieved from /home/airflow/.local/lib/python3.12/site-packages/airflow/example_dags/example_bash_operator.py
[2024-06-24T07:45:21.922+0000] {logging_mixin.py:188} INFO - [2024-06-24T07:45:21.922+0000] {dag.py:3096} INFO - Sync 1 DAGs
[2024-06-24T07:45:21.931+0000] {logging_mixin.py:188} INFO - [2024-06-24T07:45:21.931+0000] {dag.py:3954} INFO - Setting next_dagrun for example_bash_operator to 2024-06-23 00:00:00+00:00, run_after=2024-06-24 00:00:00+00:00
[2024-06-24T07:45:21.937+0000] {processor.py:183} INFO - Processing /home/airflow/.local/lib/python3.12/site-packages/airflow/example_dags/example_bash_operator.py took 0.034 seconds
[2024-06-24T07:45:52.330+0000] {processor.py:161} INFO - Started process (PID=364) to work on /home/airflow/.local/lib/python3.12/site-packages/airflow/example_dags/example_bash_operator.py
[2024-06-24T07:45:52.331+0000] {processor.py:830} INFO - Processing file /home/airflow/.local/lib/python3.12/site-packages/airflow/example_dags/example_bash_operator.py for tasks to queue
[2024-06-24T07:45:52.332+0000] {logging_mixin.py:188} INFO - [2024-06-24T07:45:52.332+0000] {dagbag.py:545} INFO - Filling up the DagBag from /home/airflow/.local/lib/python3.12/site-packages/airflow/example_dags/example_bash_operator.py
[2024-06-24T07:45:52.336+0000] {processor.py:840} INFO - DAG(s) 'example_bash_operator' retrieved from /home/airflow/.local/lib/python3.12/site-packages/airflow/example_dags/example_bash_operator.py
[2024-06-24T07:45:52.346+0000] {logging_mixin.py:188} INFO - [2024-06-24T07:45:52.346+0000] {dag.py:3096} INFO - Sync 1 DAGs
[2024-06-24T07:45:52.355+0000] {logging_mixin.py:188} INFO - [2024-06-24T07:45:52.355+0000] {dag.py:3954} INFO - Setting next_dagrun for example_bash_operator to 2024-06-23 00:00:00+00:00, run_after=2024-06-24 00:00:00+00:00
[2024-06-24T07:45:52.363+0000] {processor.py:183} INFO - Processing /home/airflow/.local/lib/python3.12/site-packages/airflow/example_dags/example_bash_operator.py took 0.035 seconds
[2024-06-24T07:46:22.643+0000] {processor.py:161} INFO - Started process (PID=423) to work on /home/airflow/.local/lib/python3.12/site-packages/airflow/example_dags/example_bash_operator.py
[2024-06-24T07:46:22.643+0000] {processor.py:830} INFO - Processing file /home/airflow/.local/lib/python3.12/site-packages/airflow/example_dags/example_bash_operator.py for tasks to queue
[2024-06-24T07:46:22.644+0000] {logging_mixin.py:188} INFO - [2024-06-24T07:46:22.644+0000] {dagbag.py:545} INFO - Filling up the DagBag from /home/airflow/.local/lib/python3.12/site-packages/airflow/example_dags/example_bash_operator.py
[2024-06-24T07:46:22.649+0000] {processor.py:840} INFO - DAG(s) 'example_bash_operator' retrieved from /home/airflow/.local/lib/python3.12/site-packages/airflow/example_dags/example_bash_operator.py
[2024-06-24T07:46:22.660+0000] {logging_mixin.py:188} INFO - [2024-06-24T07:46:22.659+0000] {dag.py:3096} INFO - Sync 1 DAGs
[2024-06-24T07:46:22.669+0000] {logging_mixin.py:188} INFO - [2024-06-24T07:46:22.669+0000] {dag.py:3954} INFO - Setting next_dagrun for example_bash_operator to 2024-06-23 00:00:00+00:00, run_after=2024-06-24 00:00:00+00:00
[2024-06-24T07:46:22.676+0000] {processor.py:183} INFO - Processing /home/airflow/.local/lib/python3.12/site-packages/airflow/example_dags/example_bash_operator.py took 0.036 seconds
[2024-06-24T07:46:53.053+0000] {processor.py:161} INFO - Started process (PID=479) to work on /home/airflow/.local/lib/python3.12/site-packages/airflow/example_dags/example_bash_operator.py
[2024-06-24T07:46:53.053+0000] {processor.py:830} INFO - Processing file /home/airflow/.local/lib/python3.12/site-packages/airflow/example_dags/example_bash_operator.py for tasks to queue
[2024-06-24T07:46:53.054+0000] {logging_mixin.py:188} INFO - [2024-06-24T07:46:53.054+0000] {dagbag.py:545} INFO - Filling up the DagBag from /home/airflow/.local/lib/python3.12/site-packages/airflow/example_dags/example_bash_operator.py
[2024-06-24T07:46:53.059+0000] {processor.py:840} INFO - DAG(s) 'example_bash_operator' retrieved from /home/airflow/.local/lib/python3.12/site-packages/airflow/example_dags/example_bash_operator.py
[2024-06-24T07:46:53.069+0000] {logging_mixin.py:188} INFO - [2024-06-24T07:46:53.069+0000] {dag.py:3096} INFO - Sync 1 DAGs
[2024-06-24T07:46:53.079+0000] {logging_mixin.py:188} INFO - [2024-06-24T07:46:53.079+0000] {dag.py:3954} INFO - Setting next_dagrun for example_bash_operator to 2024-06-23 00:00:00+00:00, run_after=2024-06-24 00:00:00+00:00
[2024-06-24T07:46:53.086+0000] {processor.py:183} INFO - Processing /home/airflow/.local/lib/python3.12/site-packages/airflow/example_dags/example_bash_operator.py took 0.036 seconds
[2024-06-24T07:47:23.346+0000] {processor.py:161} INFO - Started process (PID=537) to work on /home/airflow/.local/lib/python3.12/site-packages/airflow/example_dags/example_bash_operator.py
[2024-06-24T07:47:23.346+0000] {processor.py:830} INFO - Processing file /home/airflow/.local/lib/python3.12/site-packages/airflow/example_dags/example_bash_operator.py for tasks to queue
[2024-06-24T07:47:23.347+0000] {logging_mixin.py:188} INFO - [2024-06-24T07:47:23.347+0000] {dagbag.py:545} INFO - Filling up the DagBag from /home/airflow/.local/lib/python3.12/site-packages/airflow/example_dags/example_bash_operator.py
[2024-06-24T07:47:23.351+0000] {processor.py:840} INFO - DAG(s) 'example_bash_operator' retrieved from /home/airflow/.local/lib/python3.12/site-packages/airflow/example_dags/example_bash_operator.py
[2024-06-24T07:47:23.362+0000] {logging_mixin.py:188} INFO - [2024-06-24T07:47:23.362+0000] {dag.py:3096} INFO - Sync 1 DAGs
[2024-06-24T07:47:23.371+0000] {logging_mixin.py:188} INFO - [2024-06-24T07:47:23.371+0000] {dag.py:3954} INFO - Setting next_dagrun for example_bash_operator to 2024-06-23 00:00:00+00:00, run_after=2024-06-24 00:00:00+00:00
[2024-06-24T07:47:23.378+0000] {processor.py:183} INFO - Processing /home/airflow/.local/lib/python3.12/site-packages/airflow/example_dags/example_bash_operator.py took 0.034 seconds
[2024-06-24T07:47:53.751+0000] {processor.py:161} INFO - Started process (PID=594) to work on /home/airflow/.local/lib/python3.12/site-packages/airflow/example_dags/example_bash_operator.py
[2024-06-24T07:47:53.752+0000] {processor.py:830} INFO - Processing file /home/airflow/.local/lib/python3.12/site-packages/airflow/example_dags/example_bash_operator.py for tasks to queue
[2024-06-24T07:47:53.752+0000] {logging_mixin.py:188} INFO - [2024-06-24T07:47:53.752+0000] {dagbag.py:545} INFO - Filling up the DagBag from /home/airflow/.local/lib/python3.12/site-packages/airflow/example_dags/example_bash_operator.py
[2024-06-24T07:47:53.757+0000] {processor.py:840} INFO - DAG(s) 'example_bash_operator' retrieved from /home/airflow/.local/lib/python3.12/site-packages/airflow/example_dags/example_bash_operator.py
[2024-06-24T07:47:53.767+0000] {logging_mixin.py:188} INFO - [2024-06-24T07:47:53.767+0000] {dag.py:3096} INFO - Sync 1 DAGs
[2024-06-24T07:47:53.775+0000] {logging_mixin.py:188} INFO - [2024-06-24T07:47:53.775+0000] {dag.py:3954} INFO - Setting next_dagrun for example_bash_operator to 2024-06-23 00:00:00+00:00, run_after=2024-06-24 00:00:00+00:00
[2024-06-24T07:47:53.782+0000] {processor.py:183} INFO - Processing /home/airflow/.local/lib/python3.12/site-packages/airflow/example_dags/example_bash_operator.py took 0.033 seconds
[2024-06-24T07:48:24.270+0000] {processor.py:161} INFO - Started process (PID=652) to work on /home/airflow/.local/lib/python3.12/site-packages/airflow/example_dags/example_bash_operator.py
[2024-06-24T07:48:24.271+0000] {processor.py:830} INFO - Processing file /home/airflow/.local/lib/python3.12/site-packages/airflow/example_dags/example_bash_operator.py for tasks to queue
[2024-06-24T07:48:24.272+0000] {logging_mixin.py:188} INFO - [2024-06-24T07:48:24.271+0000] {dagbag.py:545} INFO - Filling up the DagBag from /home/airflow/.local/lib/python3.12/site-packages/airflow/example_dags/example_bash_operator.py
[2024-06-24T07:48:24.277+0000] {processor.py:840} INFO - DAG(s) 'example_bash_operator' retrieved from /home/airflow/.local/lib/python3.12/site-packages/airflow/example_dags/example_bash_operator.py
[2024-06-24T07:48:24.287+0000] {logging_mixin.py:188} INFO - [2024-06-24T07:48:24.287+0000] {dag.py:3096} INFO - Sync 1 DAGs
[2024-06-24T07:48:24.296+0000] {logging_mixin.py:188} INFO - [2024-06-24T07:48:24.296+0000] {dag.py:3954} INFO - Setting next_dagrun for example_bash_operator to 2024-06-23 00:00:00+00:00, run_after=2024-06-24 00:00:00+00:00
[2024-06-24T07:48:24.303+0000] {processor.py:183} INFO - Processing /home/airflow/.local/lib/python3.12/site-packages/airflow/example_dags/example_bash_operator.py took 0.036 seconds
[2024-06-24T07:48:54.784+0000] {processor.py:161} INFO - Started process (PID=710) to work on /home/airflow/.local/lib/python3.12/site-packages/airflow/example_dags/example_bash_operator.py
[2024-06-24T07:48:54.785+0000] {processor.py:830} INFO - Processing file /home/airflow/.local/lib/python3.12/site-packages/airflow/example_dags/example_bash_operator.py for tasks to queue
[2024-06-24T07:48:54.786+0000] {logging_mixin.py:188} INFO - [2024-06-24T07:48:54.786+0000] {dagbag.py:545} INFO - Filling up the DagBag from /home/airflow/.local/lib/python3.12/site-packages/airflow/example_dags/example_bash_operator.py
[2024-06-24T07:48:54.793+0000] {processor.py:840} INFO - DAG(s) 'example_bash_operator' retrieved from /home/airflow/.local/lib/python3.12/site-packages/airflow/example_dags/example_bash_operator.py
[2024-06-24T07:48:54.805+0000] {logging_mixin.py:188} INFO - [2024-06-24T07:48:54.804+0000] {dag.py:3096} INFO - Sync 1 DAGs
[2024-06-24T07:48:54.814+0000] {logging_mixin.py:188} INFO - [2024-06-24T07:48:54.814+0000] {dag.py:3954} INFO - Setting next_dagrun for example_bash_operator to 2024-06-23 00:00:00+00:00, run_after=2024-06-24 00:00:00+00:00
[2024-06-24T07:48:54.821+0000] {processor.py:183} INFO - Processing /home/airflow/.local/lib/python3.12/site-packages/airflow/example_dags/example_bash_operator.py took 0.040 seconds
[2024-06-24T07:49:25.230+0000] {processor.py:161} INFO - Started process (PID=767) to work on /home/airflow/.local/lib/python3.12/site-packages/airflow/example_dags/example_bash_operator.py
[2024-06-24T07:49:25.230+0000] {processor.py:830} INFO - Processing file /home/airflow/.local/lib/python3.12/site-packages/airflow/example_dags/example_bash_operator.py for tasks to queue
[2024-06-24T07:49:25.232+0000] {logging_mixin.py:188} INFO - [2024-06-24T07:49:25.232+0000] {dagbag.py:545} INFO - Filling up the DagBag from /home/airflow/.local/lib/python3.12/site-packages/airflow/example_dags/example_bash_operator.py
[2024-06-24T07:49:25.237+0000] {processor.py:840} INFO - DAG(s) 'example_bash_operator' retrieved from /home/airflow/.local/lib/python3.12/site-packages/airflow/example_dags/example_bash_operator.py
[2024-06-24T07:49:25.248+0000] {logging_mixin.py:188} INFO - [2024-06-24T07:49:25.248+0000] {dag.py:3096} INFO - Sync 1 DAGs
[2024-06-24T07:49:25.258+0000] {logging_mixin.py:188} INFO - [2024-06-24T07:49:25.258+0000] {dag.py:3954} INFO - Setting next_dagrun for example_bash_operator to 2024-06-23 00:00:00+00:00, run_after=2024-06-24 00:00:00+00:00
[2024-06-24T07:49:25.266+0000] {processor.py:183} INFO - Processing /home/airflow/.local/lib/python3.12/site-packages/airflow/example_dags/example_bash_operator.py took 0.039 seconds
[2024-06-24T07:49:55.631+0000] {processor.py:161} INFO - Started process (PID=825) to work on /home/airflow/.local/lib/python3.12/site-packages/airflow/example_dags/example_bash_operator.py
[2024-06-24T07:49:55.631+0000] {processor.py:830} INFO - Processing file /home/airflow/.local/lib/python3.12/site-packages/airflow/example_dags/example_bash_operator.py for tasks to queue
[2024-06-24T07:49:55.632+0000] {logging_mixin.py:188} INFO - [2024-06-24T07:49:55.632+0000] {dagbag.py:545} INFO - Filling up the DagBag from /home/airflow/.local/lib/python3.12/site-packages/airflow/example_dags/example_bash_operator.py
[2024-06-24T07:49:55.637+0000] {processor.py:840} INFO - DAG(s) 'example_bash_operator' retrieved from /home/airflow/.local/lib/python3.12/site-packages/airflow/example_dags/example_bash_operator.py
[2024-06-24T07:49:55.647+0000] {logging_mixin.py:188} INFO - [2024-06-24T07:49:55.647+0000] {dag.py:3096} INFO - Sync 1 DAGs
[2024-06-24T07:49:55.656+0000] {logging_mixin.py:188} INFO - [2024-06-24T07:49:55.656+0000] {dag.py:3954} INFO - Setting next_dagrun for example_bash_operator to 2024-06-23 00:00:00+00:00, run_after=2024-06-24 00:00:00+00:00
[2024-06-24T07:49:55.662+0000] {processor.py:183} INFO - Processing /home/airflow/.local/lib/python3.12/site-packages/airflow/example_dags/example_bash_operator.py took 0.035 seconds
[2024-06-24T07:50:26.046+0000] {processor.py:161} INFO - Started process (PID=883) to work on /home/airflow/.local/lib/python3.12/site-packages/airflow/example_dags/example_bash_operator.py
[2024-06-24T07:50:26.046+0000] {processor.py:830} INFO - Processing file /home/airflow/.local/lib/python3.12/site-packages/airflow/example_dags/example_bash_operator.py for tasks to queue
[2024-06-24T07:50:26.047+0000] {logging_mixin.py:188} INFO - [2024-06-24T07:50:26.047+0000] {dagbag.py:545} INFO - Filling up the DagBag from /home/airflow/.local/lib/python3.12/site-packages/airflow/example_dags/example_bash_operator.py
[2024-06-24T07:50:26.052+0000] {processor.py:840} INFO - DAG(s) 'example_bash_operator' retrieved from /home/airflow/.local/lib/python3.12/site-packages/airflow/example_dags/example_bash_operator.py
[2024-06-24T07:50:26.062+0000] {logging_mixin.py:188} INFO - [2024-06-24T07:50:26.062+0000] {dag.py:3096} INFO - Sync 1 DAGs
[2024-06-24T07:50:26.073+0000] {logging_mixin.py:188} INFO - [2024-06-24T07:50:26.072+0000] {dag.py:3954} INFO - Setting next_dagrun for example_bash_operator to 2024-06-23 00:00:00+00:00, run_after=2024-06-24 00:00:00+00:00
[2024-06-24T07:50:26.080+0000] {processor.py:183} INFO - Processing /home/airflow/.local/lib/python3.12/site-packages/airflow/example_dags/example_bash_operator.py took 0.037 seconds
[2024-06-24T07:50:56.642+0000] {processor.py:161} INFO - Started process (PID=941) to work on /home/airflow/.local/lib/python3.12/site-packages/airflow/example_dags/example_bash_operator.py
[2024-06-24T07:50:56.642+0000] {processor.py:830} INFO - Processing file /home/airflow/.local/lib/python3.12/site-packages/airflow/example_dags/example_bash_operator.py for tasks to queue
[2024-06-24T07:50:56.643+0000] {logging_mixin.py:188} INFO - [2024-06-24T07:50:56.643+0000] {dagbag.py:545} INFO - Filling up the DagBag from /home/airflow/.local/lib/python3.12/site-packages/airflow/example_dags/example_bash_operator.py
[2024-06-24T07:50:56.648+0000] {processor.py:840} INFO - DAG(s) 'example_bash_operator' retrieved from /home/airflow/.local/lib/python3.12/site-packages/airflow/example_dags/example_bash_operator.py
[2024-06-24T07:50:56.659+0000] {logging_mixin.py:188} INFO - [2024-06-24T07:50:56.659+0000] {dag.py:3096} INFO - Sync 1 DAGs
[2024-06-24T07:50:56.668+0000] {logging_mixin.py:188} INFO - [2024-06-24T07:50:56.668+0000] {dag.py:3954} INFO - Setting next_dagrun for example_bash_operator to 2024-06-23 00:00:00+00:00, run_after=2024-06-24 00:00:00+00:00
[2024-06-24T07:50:56.675+0000] {processor.py:183} INFO - Processing /home/airflow/.local/lib/python3.12/site-packages/airflow/example_dags/example_bash_operator.py took 0.036 seconds
[2024-06-24T07:51:26.979+0000] {processor.py:161} INFO - Started process (PID=998) to work on /home/airflow/.local/lib/python3.12/site-packages/airflow/example_dags/example_bash_operator.py
[2024-06-24T07:51:26.980+0000] {processor.py:830} INFO - Processing file /home/airflow/.local/lib/python3.12/site-packages/airflow/example_dags/example_bash_operator.py for tasks to queue
[2024-06-24T07:51:26.981+0000] {logging_mixin.py:188} INFO - [2024-06-24T07:51:26.981+0000] {dagbag.py:545} INFO - Filling up the DagBag from /home/airflow/.local/lib/python3.12/site-packages/airflow/example_dags/example_bash_operator.py
[2024-06-24T07:51:26.986+0000] {processor.py:840} INFO - DAG(s) 'example_bash_operator' retrieved from /home/airflow/.local/lib/python3.12/site-packages/airflow/example_dags/example_bash_operator.py
[2024-06-24T07:51:26.997+0000] {logging_mixin.py:188} INFO - [2024-06-24T07:51:26.997+0000] {dag.py:3096} INFO - Sync 1 DAGs
[2024-06-24T07:51:27.006+0000] {logging_mixin.py:188} INFO - [2024-06-24T07:51:27.006+0000] {dag.py:3954} INFO - Setting next_dagrun for example_bash_operator to 2024-06-23 00:00:00+00:00, run_after=2024-06-24 00:00:00+00:00
[2024-06-24T07:51:27.013+0000] {processor.py:183} INFO - Processing /home/airflow/.local/lib/python3.12/site-packages/airflow/example_dags/example_bash_operator.py took 0.037 seconds
[2024-06-24T07:51:57.448+0000] {processor.py:161} INFO - Started process (PID=1056) to work on /home/airflow/.local/lib/python3.12/site-packages/airflow/example_dags/example_bash_operator.py
[2024-06-24T07:51:57.448+0000] {processor.py:830} INFO - Processing file /home/airflow/.local/lib/python3.12/site-packages/airflow/example_dags/example_bash_operator.py for tasks to queue
[2024-06-24T07:51:57.449+0000] {logging_mixin.py:188} INFO - [2024-06-24T07:51:57.449+0000] {dagbag.py:545} INFO - Filling up the DagBag from /home/airflow/.local/lib/python3.12/site-packages/airflow/example_dags/example_bash_operator.py
[2024-06-24T07:51:57.455+0000] {processor.py:840} INFO - DAG(s) 'example_bash_operator' retrieved from /home/airflow/.local/lib/python3.12/site-packages/airflow/example_dags/example_bash_operator.py
[2024-06-24T07:51:57.465+0000] {logging_mixin.py:188} INFO - [2024-06-24T07:51:57.465+0000] {dag.py:3096} INFO - Sync 1 DAGs
[2024-06-24T07:51:57.474+0000] {logging_mixin.py:188} INFO - [2024-06-24T07:51:57.474+0000] {dag.py:3954} INFO - Setting next_dagrun for example_bash_operator to 2024-06-23 00:00:00+00:00, run_after=2024-06-24 00:00:00+00:00
[2024-06-24T07:51:57.481+0000] {processor.py:183} INFO - Processing /home/airflow/.local/lib/python3.12/site-packages/airflow/example_dags/example_bash_operator.py took 0.036 seconds
[2024-06-24T07:52:27.879+0000] {processor.py:161} INFO - Started process (PID=1114) to work on /home/airflow/.local/lib/python3.12/site-packages/airflow/example_dags/example_bash_operator.py
[2024-06-24T07:52:27.880+0000] {processor.py:830} INFO - Processing file /home/airflow/.local/lib/python3.12/site-packages/airflow/example_dags/example_bash_operator.py for tasks to queue
[2024-06-24T07:52:27.881+0000] {logging_mixin.py:188} INFO - [2024-06-24T07:52:27.881+0000] {dagbag.py:545} INFO - Filling up the DagBag from /home/airflow/.local/lib/python3.12/site-packages/airflow/example_dags/example_bash_operator.py
[2024-06-24T07:52:27.886+0000] {processor.py:840} INFO - DAG(s) 'example_bash_operator' retrieved from /home/airflow/.local/lib/python3.12/site-packages/airflow/example_dags/example_bash_operator.py
[2024-06-24T07:52:27.897+0000] {logging_mixin.py:188} INFO - [2024-06-24T07:52:27.897+0000] {dag.py:3096} INFO - Sync 1 DAGs
[2024-06-24T07:52:27.907+0000] {logging_mixin.py:188} INFO - [2024-06-24T07:52:27.907+0000] {dag.py:3954} INFO - Setting next_dagrun for example_bash_operator to 2024-06-23 00:00:00+00:00, run_after=2024-06-24 00:00:00+00:00
[2024-06-24T07:52:27.915+0000] {processor.py:183} INFO - Processing /home/airflow/.local/lib/python3.12/site-packages/airflow/example_dags/example_bash_operator.py took 0.038 seconds
[2024-06-24T07:52:58.264+0000] {processor.py:161} INFO - Started process (PID=1171) to work on /home/airflow/.local/lib/python3.12/site-packages/airflow/example_dags/example_bash_operator.py
[2024-06-24T07:52:58.265+0000] {processor.py:830} INFO - Processing file /home/airflow/.local/lib/python3.12/site-packages/airflow/example_dags/example_bash_operator.py for tasks to queue
[2024-06-24T07:52:58.266+0000] {logging_mixin.py:188} INFO - [2024-06-24T07:52:58.266+0000] {dagbag.py:545} INFO - Filling up the DagBag from /home/airflow/.local/lib/python3.12/site-packages/airflow/example_dags/example_bash_operator.py
[2024-06-24T07:52:58.271+0000] {processor.py:840} INFO - DAG(s) 'example_bash_operator' retrieved from /home/airflow/.local/lib/python3.12/site-packages/airflow/example_dags/example_bash_operator.py
[2024-06-24T07:52:58.281+0000] {logging_mixin.py:188} INFO - [2024-06-24T07:52:58.281+0000] {dag.py:3096} INFO - Sync 1 DAGs
[2024-06-24T07:52:58.291+0000] {logging_mixin.py:188} INFO - [2024-06-24T07:52:58.291+0000] {dag.py:3954} INFO - Setting next_dagrun for example_bash_operator to 2024-06-23 00:00:00+00:00, run_after=2024-06-24 00:00:00+00:00
[2024-06-24T07:52:58.298+0000] {processor.py:183} INFO - Processing /home/airflow/.local/lib/python3.12/site-packages/airflow/example_dags/example_bash_operator.py took 0.036 seconds
[2024-06-24T07:53:28.722+0000] {processor.py:161} INFO - Started process (PID=1229) to work on /home/airflow/.local/lib/python3.12/site-packages/airflow/example_dags/example_bash_operator.py
[2024-06-24T07:53:28.722+0000] {processor.py:830} INFO - Processing file /home/airflow/.local/lib/python3.12/site-packages/airflow/example_dags/example_bash_operator.py for tasks to queue
[2024-06-24T07:53:28.723+0000] {logging_mixin.py:188} INFO - [2024-06-24T07:53:28.723+0000] {dagbag.py:545} INFO - Filling up the DagBag from /home/airflow/.local/lib/python3.12/site-packages/airflow/example_dags/example_bash_operator.py
[2024-06-24T07:53:28.728+0000] {processor.py:840} INFO - DAG(s) 'example_bash_operator' retrieved from /home/airflow/.local/lib/python3.12/site-packages/airflow/example_dags/example_bash_operator.py
[2024-06-24T07:53:28.739+0000] {logging_mixin.py:188} INFO - [2024-06-24T07:53:28.739+0000] {dag.py:3096} INFO - Sync 1 DAGs
[2024-06-24T07:53:28.748+0000] {logging_mixin.py:188} INFO - [2024-06-24T07:53:28.748+0000] {dag.py:3954} INFO - Setting next_dagrun for example_bash_operator to 2024-06-23 00:00:00+00:00, run_after=2024-06-24 00:00:00+00:00
[2024-06-24T07:53:28.756+0000] {processor.py:183} INFO - Processing /home/airflow/.local/lib/python3.12/site-packages/airflow/example_dags/example_bash_operator.py took 0.037 seconds
[2024-06-24T07:53:59.227+0000] {processor.py:161} INFO - Started process (PID=1287) to work on /home/airflow/.local/lib/python3.12/site-packages/airflow/example_dags/example_bash_operator.py
[2024-06-24T07:53:59.228+0000] {processor.py:830} INFO - Processing file /home/airflow/.local/lib/python3.12/site-packages/airflow/example_dags/example_bash_operator.py for tasks to queue
[2024-06-24T07:53:59.229+0000] {logging_mixin.py:188} INFO - [2024-06-24T07:53:59.229+0000] {dagbag.py:545} INFO - Filling up the DagBag from /home/airflow/.local/lib/python3.12/site-packages/airflow/example_dags/example_bash_operator.py
[2024-06-24T07:53:59.234+0000] {processor.py:840} INFO - DAG(s) 'example_bash_operator' retrieved from /home/airflow/.local/lib/python3.12/site-packages/airflow/example_dags/example_bash_operator.py
[2024-06-24T07:53:59.244+0000] {logging_mixin.py:188} INFO - [2024-06-24T07:53:59.244+0000] {dag.py:3096} INFO - Sync 1 DAGs
[2024-06-24T07:53:59.253+0000] {logging_mixin.py:188} INFO - [2024-06-24T07:53:59.253+0000] {dag.py:3954} INFO - Setting next_dagrun for example_bash_operator to 2024-06-23 00:00:00+00:00, run_after=2024-06-24 00:00:00+00:00
[2024-06-24T07:53:59.260+0000] {processor.py:183} INFO - Processing /home/airflow/.local/lib/python3.12/site-packages/airflow/example_dags/example_bash_operator.py took 0.036 seconds
[2024-06-24T07:54:29.612+0000] {processor.py:161} INFO - Started process (PID=1345) to work on /home/airflow/.local/lib/python3.12/site-packages/airflow/example_dags/example_bash_operator.py
[2024-06-24T07:54:29.613+0000] {processor.py:830} INFO - Processing file /home/airflow/.local/lib/python3.12/site-packages/airflow/example_dags/example_bash_operator.py for tasks to queue
[2024-06-24T07:54:29.614+0000] {logging_mixin.py:188} INFO - [2024-06-24T07:54:29.614+0000] {dagbag.py:545} INFO - Filling up the DagBag from /home/airflow/.local/lib/python3.12/site-packages/airflow/example_dags/example_bash_operator.py
[2024-06-24T07:54:29.619+0000] {processor.py:840} INFO - DAG(s) 'example_bash_operator' retrieved from /home/airflow/.local/lib/python3.12/site-packages/airflow/example_dags/example_bash_operator.py
[2024-06-24T07:54:29.630+0000] {logging_mixin.py:188} INFO - [2024-06-24T07:54:29.630+0000] {dag.py:3096} INFO - Sync 1 DAGs
[2024-06-24T07:54:29.639+0000] {logging_mixin.py:188} INFO - [2024-06-24T07:54:29.639+0000] {dag.py:3954} INFO - Setting next_dagrun for example_bash_operator to 2024-06-23 00:00:00+00:00, run_after=2024-06-24 00:00:00+00:00
[2024-06-24T07:54:29.646+0000] {processor.py:183} INFO - Processing /home/airflow/.local/lib/python3.12/site-packages/airflow/example_dags/example_bash_operator.py took 0.036 seconds
[2024-06-24T07:55:00.160+0000] {processor.py:161} INFO - Started process (PID=1402) to work on /home/airflow/.local/lib/python3.12/site-packages/airflow/example_dags/example_bash_operator.py
[2024-06-24T07:55:00.161+0000] {processor.py:830} INFO - Processing file /home/airflow/.local/lib/python3.12/site-packages/airflow/example_dags/example_bash_operator.py for tasks to queue
[2024-06-24T07:55:00.162+0000] {logging_mixin.py:188} INFO - [2024-06-24T07:55:00.162+0000] {dagbag.py:545} INFO - Filling up the DagBag from /home/airflow/.local/lib/python3.12/site-packages/airflow/example_dags/example_bash_operator.py
[2024-06-24T07:55:00.167+0000] {processor.py:840} INFO - DAG(s) 'example_bash_operator' retrieved from /home/airflow/.local/lib/python3.12/site-packages/airflow/example_dags/example_bash_operator.py
[2024-06-24T07:55:00.182+0000] {logging_mixin.py:188} INFO - [2024-06-24T07:55:00.182+0000] {dag.py:3096} INFO - Sync 1 DAGs
[2024-06-24T07:55:00.195+0000] {logging_mixin.py:188} INFO - [2024-06-24T07:55:00.194+0000] {dag.py:3954} INFO - Setting next_dagrun for example_bash_operator to 2024-06-23 00:00:00+00:00, run_after=2024-06-24 00:00:00+00:00
[2024-06-24T07:55:00.202+0000] {processor.py:183} INFO - Processing /home/airflow/.local/lib/python3.12/site-packages/airflow/example_dags/example_bash_operator.py took 0.045 seconds
[2024-06-24T07:55:30.766+0000] {processor.py:161} INFO - Started process (PID=1460) to work on /home/airflow/.local/lib/python3.12/site-packages/airflow/example_dags/example_bash_operator.py
[2024-06-24T07:55:30.767+0000] {processor.py:830} INFO - Processing file /home/airflow/.local/lib/python3.12/site-packages/airflow/example_dags/example_bash_operator.py for tasks to queue
[2024-06-24T07:55:30.768+0000] {logging_mixin.py:188} INFO - [2024-06-24T07:55:30.768+0000] {dagbag.py:545} INFO - Filling up the DagBag from /home/airflow/.local/lib/python3.12/site-packages/airflow/example_dags/example_bash_operator.py
[2024-06-24T07:55:30.773+0000] {processor.py:840} INFO - DAG(s) 'example_bash_operator' retrieved from /home/airflow/.local/lib/python3.12/site-packages/airflow/example_dags/example_bash_operator.py
[2024-06-24T07:55:30.785+0000] {logging_mixin.py:188} INFO - [2024-06-24T07:55:30.785+0000] {dag.py:3096} INFO - Sync 1 DAGs
[2024-06-24T07:55:30.794+0000] {logging_mixin.py:188} INFO - [2024-06-24T07:55:30.794+0000] {dag.py:3954} INFO - Setting next_dagrun for example_bash_operator to 2024-06-23 00:00:00+00:00, run_after=2024-06-24 00:00:00+00:00
[2024-06-24T07:55:30.802+0000] {processor.py:183} INFO - Processing /home/airflow/.local/lib/python3.12/site-packages/airflow/example_dags/example_bash_operator.py took 0.039 seconds
[2024-06-24T07:56:01.322+0000] {processor.py:161} INFO - Started process (PID=1518) to work on /home/airflow/.local/lib/python3.12/site-packages/airflow/example_dags/example_bash_operator.py
[2024-06-24T07:56:01.323+0000] {processor.py:830} INFO - Processing file /home/airflow/.local/lib/python3.12/site-packages/airflow/example_dags/example_bash_operator.py for tasks to queue
[2024-06-24T07:56:01.324+0000] {logging_mixin.py:188} INFO - [2024-06-24T07:56:01.323+0000] {dagbag.py:545} INFO - Filling up the DagBag from /home/airflow/.local/lib/python3.12/site-packages/airflow/example_dags/example_bash_operator.py
[2024-06-24T07:56:01.329+0000] {processor.py:840} INFO - DAG(s) 'example_bash_operator' retrieved from /home/airflow/.local/lib/python3.12/site-packages/airflow/example_dags/example_bash_operator.py
[2024-06-24T07:56:01.340+0000] {logging_mixin.py:188} INFO - [2024-06-24T07:56:01.340+0000] {dag.py:3096} INFO - Sync 1 DAGs
[2024-06-24T07:56:01.350+0000] {logging_mixin.py:188} INFO - [2024-06-24T07:56:01.350+0000] {dag.py:3954} INFO - Setting next_dagrun for example_bash_operator to 2024-06-23 00:00:00+00:00, run_after=2024-06-24 00:00:00+00:00
[2024-06-24T07:56:01.448+0000] {processor.py:183} INFO - Processing /home/airflow/.local/lib/python3.12/site-packages/airflow/example_dags/example_bash_operator.py took 0.129 seconds
[2024-06-24T07:56:31.983+0000] {processor.py:161} INFO - Started process (PID=1575) to work on /home/airflow/.local/lib/python3.12/site-packages/airflow/example_dags/example_bash_operator.py
[2024-06-24T07:56:31.985+0000] {processor.py:830} INFO - Processing file /home/airflow/.local/lib/python3.12/site-packages/airflow/example_dags/example_bash_operator.py for tasks to queue
[2024-06-24T07:56:31.986+0000] {logging_mixin.py:188} INFO - [2024-06-24T07:56:31.985+0000] {dagbag.py:545} INFO - Filling up the DagBag from /home/airflow/.local/lib/python3.12/site-packages/airflow/example_dags/example_bash_operator.py
[2024-06-24T07:56:31.991+0000] {processor.py:840} INFO - DAG(s) 'example_bash_operator' retrieved from /home/airflow/.local/lib/python3.12/site-packages/airflow/example_dags/example_bash_operator.py
[2024-06-24T07:56:32.003+0000] {logging_mixin.py:188} INFO - [2024-06-24T07:56:32.003+0000] {dag.py:3096} INFO - Sync 1 DAGs
[2024-06-24T07:56:32.014+0000] {logging_mixin.py:188} INFO - [2024-06-24T07:56:32.014+0000] {dag.py:3954} INFO - Setting next_dagrun for example_bash_operator to 2024-06-23 00:00:00+00:00, run_after=2024-06-24 00:00:00+00:00
[2024-06-24T07:56:32.022+0000] {processor.py:183} INFO - Processing /home/airflow/.local/lib/python3.12/site-packages/airflow/example_dags/example_bash_operator.py took 0.041 seconds
[2024-06-24T07:57:02.920+0000] {processor.py:161} INFO - Started process (PID=1633) to work on /home/airflow/.local/lib/python3.12/site-packages/airflow/example_dags/example_bash_operator.py
[2024-06-24T07:57:02.921+0000] {processor.py:830} INFO - Processing file /home/airflow/.local/lib/python3.12/site-packages/airflow/example_dags/example_bash_operator.py for tasks to queue
[2024-06-24T07:57:02.922+0000] {logging_mixin.py:188} INFO - [2024-06-24T07:57:02.922+0000] {dagbag.py:545} INFO - Filling up the DagBag from /home/airflow/.local/lib/python3.12/site-packages/airflow/example_dags/example_bash_operator.py
[2024-06-24T07:57:02.927+0000] {processor.py:840} INFO - DAG(s) 'example_bash_operator' retrieved from /home/airflow/.local/lib/python3.12/site-packages/airflow/example_dags/example_bash_operator.py
[2024-06-24T07:57:02.937+0000] {logging_mixin.py:188} INFO - [2024-06-24T07:57:02.937+0000] {dag.py:3096} INFO - Sync 1 DAGs
[2024-06-24T07:57:02.946+0000] {logging_mixin.py:188} INFO - [2024-06-24T07:57:02.946+0000] {dag.py:3954} INFO - Setting next_dagrun for example_bash_operator to 2024-06-23 00:00:00+00:00, run_after=2024-06-24 00:00:00+00:00
[2024-06-24T07:57:02.952+0000] {processor.py:183} INFO - Processing /home/airflow/.local/lib/python3.12/site-packages/airflow/example_dags/example_bash_operator.py took 0.034 seconds
[2024-06-24T07:57:34.341+0000] {processor.py:161} INFO - Started process (PID=1691) to work on /home/airflow/.local/lib/python3.12/site-packages/airflow/example_dags/example_bash_operator.py
[2024-06-24T07:57:34.341+0000] {processor.py:830} INFO - Processing file /home/airflow/.local/lib/python3.12/site-packages/airflow/example_dags/example_bash_operator.py for tasks to queue
[2024-06-24T07:57:34.342+0000] {logging_mixin.py:188} INFO - [2024-06-24T07:57:34.342+0000] {dagbag.py:545} INFO - Filling up the DagBag from /home/airflow/.local/lib/python3.12/site-packages/airflow/example_dags/example_bash_operator.py
[2024-06-24T07:57:34.346+0000] {processor.py:840} INFO - DAG(s) 'example_bash_operator' retrieved from /home/airflow/.local/lib/python3.12/site-packages/airflow/example_dags/example_bash_operator.py
[2024-06-24T07:57:34.356+0000] {logging_mixin.py:188} INFO - [2024-06-24T07:57:34.356+0000] {dag.py:3096} INFO - Sync 1 DAGs
[2024-06-24T07:57:34.365+0000] {logging_mixin.py:188} INFO - [2024-06-24T07:57:34.365+0000] {dag.py:3954} INFO - Setting next_dagrun for example_bash_operator to 2024-06-23 00:00:00+00:00, run_after=2024-06-24 00:00:00+00:00
[2024-06-24T07:57:34.371+0000] {processor.py:183} INFO - Processing /home/airflow/.local/lib/python3.12/site-packages/airflow/example_dags/example_bash_operator.py took 0.033 seconds
[2024-06-24T07:58:05.769+0000] {processor.py:161} INFO - Started process (PID=1749) to work on /home/airflow/.local/lib/python3.12/site-packages/airflow/example_dags/example_bash_operator.py
[2024-06-24T07:58:05.770+0000] {processor.py:830} INFO - Processing file /home/airflow/.local/lib/python3.12/site-packages/airflow/example_dags/example_bash_operator.py for tasks to queue
[2024-06-24T07:58:05.770+0000] {logging_mixin.py:188} INFO - [2024-06-24T07:58:05.770+0000] {dagbag.py:545} INFO - Filling up the DagBag from /home/airflow/.local/lib/python3.12/site-packages/airflow/example_dags/example_bash_operator.py
[2024-06-24T07:58:05.776+0000] {processor.py:840} INFO - DAG(s) 'example_bash_operator' retrieved from /home/airflow/.local/lib/python3.12/site-packages/airflow/example_dags/example_bash_operator.py
[2024-06-24T07:58:05.788+0000] {logging_mixin.py:188} INFO - [2024-06-24T07:58:05.788+0000] {dag.py:3096} INFO - Sync 1 DAGs
[2024-06-24T07:58:05.798+0000] {logging_mixin.py:188} INFO - [2024-06-24T07:58:05.798+0000] {dag.py:3954} INFO - Setting next_dagrun for example_bash_operator to 2024-06-23 00:00:00+00:00, run_after=2024-06-24 00:00:00+00:00
[2024-06-24T07:58:05.804+0000] {processor.py:183} INFO - Processing /home/airflow/.local/lib/python3.12/site-packages/airflow/example_dags/example_bash_operator.py took 0.038 seconds
[2024-06-24T07:58:36.457+0000] {processor.py:161} INFO - Started process (PID=1807) to work on /home/airflow/.local/lib/python3.12/site-packages/airflow/example_dags/example_bash_operator.py
[2024-06-24T07:58:36.461+0000] {processor.py:830} INFO - Processing file /home/airflow/.local/lib/python3.12/site-packages/airflow/example_dags/example_bash_operator.py for tasks to queue
[2024-06-24T07:58:36.462+0000] {logging_mixin.py:188} INFO - [2024-06-24T07:58:36.462+0000] {dagbag.py:545} INFO - Filling up the DagBag from /home/airflow/.local/lib/python3.12/site-packages/airflow/example_dags/example_bash_operator.py
[2024-06-24T07:58:36.467+0000] {processor.py:840} INFO - DAG(s) 'example_bash_operator' retrieved from /home/airflow/.local/lib/python3.12/site-packages/airflow/example_dags/example_bash_operator.py
[2024-06-24T07:58:36.554+0000] {logging_mixin.py:188} INFO - [2024-06-24T07:58:36.553+0000] {dag.py:3096} INFO - Sync 1 DAGs
[2024-06-24T07:58:36.561+0000] {logging_mixin.py:188} INFO - [2024-06-24T07:58:36.561+0000] {dag.py:3954} INFO - Setting next_dagrun for example_bash_operator to 2024-06-23 00:00:00+00:00, run_after=2024-06-24 00:00:00+00:00
[2024-06-24T07:58:36.567+0000] {processor.py:183} INFO - Processing /home/airflow/.local/lib/python3.12/site-packages/airflow/example_dags/example_bash_operator.py took 0.112 seconds
[2024-06-24T07:59:06.909+0000] {processor.py:161} INFO - Started process (PID=1865) to work on /home/airflow/.local/lib/python3.12/site-packages/airflow/example_dags/example_bash_operator.py
[2024-06-24T07:59:06.909+0000] {processor.py:830} INFO - Processing file /home/airflow/.local/lib/python3.12/site-packages/airflow/example_dags/example_bash_operator.py for tasks to queue
[2024-06-24T07:59:06.910+0000] {logging_mixin.py:188} INFO - [2024-06-24T07:59:06.910+0000] {dagbag.py:545} INFO - Filling up the DagBag from /home/airflow/.local/lib/python3.12/site-packages/airflow/example_dags/example_bash_operator.py
[2024-06-24T07:59:06.914+0000] {processor.py:840} INFO - DAG(s) 'example_bash_operator' retrieved from /home/airflow/.local/lib/python3.12/site-packages/airflow/example_dags/example_bash_operator.py
[2024-06-24T07:59:06.999+0000] {logging_mixin.py:188} INFO - [2024-06-24T07:59:06.999+0000] {dag.py:3096} INFO - Sync 1 DAGs
[2024-06-24T07:59:07.007+0000] {logging_mixin.py:188} INFO - [2024-06-24T07:59:07.007+0000] {dag.py:3954} INFO - Setting next_dagrun for example_bash_operator to 2024-06-23 00:00:00+00:00, run_after=2024-06-24 00:00:00+00:00
[2024-06-24T07:59:07.013+0000] {processor.py:183} INFO - Processing /home/airflow/.local/lib/python3.12/site-packages/airflow/example_dags/example_bash_operator.py took 0.107 seconds
