[2024-06-24T07:43:19.115+0000] {processor.py:161} INFO - Started process (PID=49) to work on /home/airflow/.local/lib/python3.12/site-packages/airflow/example_dags/example_task_group.py
[2024-06-24T07:43:19.116+0000] {processor.py:830} INFO - Processing file /home/airflow/.local/lib/python3.12/site-packages/airflow/example_dags/example_task_group.py for tasks to queue
[2024-06-24T07:43:19.117+0000] {logging_mixin.py:188} INFO - [2024-06-24T07:43:19.117+0000] {dagbag.py:545} INFO - Filling up the DagBag from /home/airflow/.local/lib/python3.12/site-packages/airflow/example_dags/example_task_group.py
[2024-06-24T07:43:19.123+0000] {processor.py:840} INFO - DAG(s) 'example_task_group' retrieved from /home/airflow/.local/lib/python3.12/site-packages/airflow/example_dags/example_task_group.py
[2024-06-24T07:43:19.139+0000] {logging_mixin.py:188} INFO - [2024-06-24T07:43:19.139+0000] {dag.py:3096} INFO - Sync 1 DAGs
[2024-06-24T07:43:19.155+0000] {logging_mixin.py:188} INFO - [2024-06-24T07:43:19.155+0000] {dag.py:3954} INFO - Setting next_dagrun for example_task_group to 2024-06-23 00:00:00+00:00, run_after=2024-06-24 00:00:00+00:00
[2024-06-24T07:43:19.169+0000] {processor.py:183} INFO - Processing /home/airflow/.local/lib/python3.12/site-packages/airflow/example_dags/example_task_group.py took 0.058 seconds
[2024-06-24T07:43:50.072+0000] {processor.py:161} INFO - Started process (PID=107) to work on /home/airflow/.local/lib/python3.12/site-packages/airflow/example_dags/example_task_group.py
[2024-06-24T07:43:50.073+0000] {processor.py:830} INFO - Processing file /home/airflow/.local/lib/python3.12/site-packages/airflow/example_dags/example_task_group.py for tasks to queue
[2024-06-24T07:43:50.073+0000] {logging_mixin.py:188} INFO - [2024-06-24T07:43:50.073+0000] {dagbag.py:545} INFO - Filling up the DagBag from /home/airflow/.local/lib/python3.12/site-packages/airflow/example_dags/example_task_group.py
[2024-06-24T07:43:50.076+0000] {processor.py:840} INFO - DAG(s) 'example_task_group' retrieved from /home/airflow/.local/lib/python3.12/site-packages/airflow/example_dags/example_task_group.py
[2024-06-24T07:43:50.085+0000] {logging_mixin.py:188} INFO - [2024-06-24T07:43:50.085+0000] {dag.py:3096} INFO - Sync 1 DAGs
[2024-06-24T07:43:50.093+0000] {logging_mixin.py:188} INFO - [2024-06-24T07:43:50.093+0000] {dag.py:3954} INFO - Setting next_dagrun for example_task_group to 2024-06-23 00:00:00+00:00, run_after=2024-06-24 00:00:00+00:00
[2024-06-24T07:43:50.100+0000] {processor.py:183} INFO - Processing /home/airflow/.local/lib/python3.12/site-packages/airflow/example_dags/example_task_group.py took 0.030 seconds
[2024-06-24T07:44:20.408+0000] {processor.py:161} INFO - Started process (PID=165) to work on /home/airflow/.local/lib/python3.12/site-packages/airflow/example_dags/example_task_group.py
[2024-06-24T07:44:20.409+0000] {processor.py:830} INFO - Processing file /home/airflow/.local/lib/python3.12/site-packages/airflow/example_dags/example_task_group.py for tasks to queue
[2024-06-24T07:44:20.409+0000] {logging_mixin.py:188} INFO - [2024-06-24T07:44:20.409+0000] {dagbag.py:545} INFO - Filling up the DagBag from /home/airflow/.local/lib/python3.12/site-packages/airflow/example_dags/example_task_group.py
[2024-06-24T07:44:20.412+0000] {processor.py:840} INFO - DAG(s) 'example_task_group' retrieved from /home/airflow/.local/lib/python3.12/site-packages/airflow/example_dags/example_task_group.py
[2024-06-24T07:44:20.420+0000] {logging_mixin.py:188} INFO - [2024-06-24T07:44:20.420+0000] {dag.py:3096} INFO - Sync 1 DAGs
[2024-06-24T07:44:20.428+0000] {logging_mixin.py:188} INFO - [2024-06-24T07:44:20.428+0000] {dag.py:3954} INFO - Setting next_dagrun for example_task_group to 2024-06-23 00:00:00+00:00, run_after=2024-06-24 00:00:00+00:00
[2024-06-24T07:44:20.434+0000] {processor.py:183} INFO - Processing /home/airflow/.local/lib/python3.12/site-packages/airflow/example_dags/example_task_group.py took 0.028 seconds
[2024-06-24T07:44:50.844+0000] {processor.py:161} INFO - Started process (PID=223) to work on /home/airflow/.local/lib/python3.12/site-packages/airflow/example_dags/example_task_group.py
[2024-06-24T07:44:50.844+0000] {processor.py:830} INFO - Processing file /home/airflow/.local/lib/python3.12/site-packages/airflow/example_dags/example_task_group.py for tasks to queue
[2024-06-24T07:44:50.845+0000] {logging_mixin.py:188} INFO - [2024-06-24T07:44:50.845+0000] {dagbag.py:545} INFO - Filling up the DagBag from /home/airflow/.local/lib/python3.12/site-packages/airflow/example_dags/example_task_group.py
[2024-06-24T07:44:50.848+0000] {processor.py:840} INFO - DAG(s) 'example_task_group' retrieved from /home/airflow/.local/lib/python3.12/site-packages/airflow/example_dags/example_task_group.py
[2024-06-24T07:44:50.856+0000] {logging_mixin.py:188} INFO - [2024-06-24T07:44:50.856+0000] {dag.py:3096} INFO - Sync 1 DAGs
[2024-06-24T07:44:50.864+0000] {logging_mixin.py:188} INFO - [2024-06-24T07:44:50.864+0000] {dag.py:3954} INFO - Setting next_dagrun for example_task_group to 2024-06-23 00:00:00+00:00, run_after=2024-06-24 00:00:00+00:00
[2024-06-24T07:44:50.870+0000] {processor.py:183} INFO - Processing /home/airflow/.local/lib/python3.12/site-packages/airflow/example_dags/example_task_group.py took 0.029 seconds
[2024-06-24T07:45:21.277+0000] {processor.py:161} INFO - Started process (PID=281) to work on /home/airflow/.local/lib/python3.12/site-packages/airflow/example_dags/example_task_group.py
[2024-06-24T07:45:21.277+0000] {processor.py:830} INFO - Processing file /home/airflow/.local/lib/python3.12/site-packages/airflow/example_dags/example_task_group.py for tasks to queue
[2024-06-24T07:45:21.278+0000] {logging_mixin.py:188} INFO - [2024-06-24T07:45:21.278+0000] {dagbag.py:545} INFO - Filling up the DagBag from /home/airflow/.local/lib/python3.12/site-packages/airflow/example_dags/example_task_group.py
[2024-06-24T07:45:21.281+0000] {processor.py:840} INFO - DAG(s) 'example_task_group' retrieved from /home/airflow/.local/lib/python3.12/site-packages/airflow/example_dags/example_task_group.py
[2024-06-24T07:45:21.290+0000] {logging_mixin.py:188} INFO - [2024-06-24T07:45:21.290+0000] {dag.py:3096} INFO - Sync 1 DAGs
[2024-06-24T07:45:21.298+0000] {logging_mixin.py:188} INFO - [2024-06-24T07:45:21.298+0000] {dag.py:3954} INFO - Setting next_dagrun for example_task_group to 2024-06-23 00:00:00+00:00, run_after=2024-06-24 00:00:00+00:00
[2024-06-24T07:45:21.305+0000] {processor.py:183} INFO - Processing /home/airflow/.local/lib/python3.12/site-packages/airflow/example_dags/example_task_group.py took 0.031 seconds
[2024-06-24T07:45:51.731+0000] {processor.py:161} INFO - Started process (PID=338) to work on /home/airflow/.local/lib/python3.12/site-packages/airflow/example_dags/example_task_group.py
[2024-06-24T07:45:51.732+0000] {processor.py:830} INFO - Processing file /home/airflow/.local/lib/python3.12/site-packages/airflow/example_dags/example_task_group.py for tasks to queue
[2024-06-24T07:45:51.733+0000] {logging_mixin.py:188} INFO - [2024-06-24T07:45:51.732+0000] {dagbag.py:545} INFO - Filling up the DagBag from /home/airflow/.local/lib/python3.12/site-packages/airflow/example_dags/example_task_group.py
[2024-06-24T07:45:51.735+0000] {processor.py:840} INFO - DAG(s) 'example_task_group' retrieved from /home/airflow/.local/lib/python3.12/site-packages/airflow/example_dags/example_task_group.py
[2024-06-24T07:45:51.744+0000] {logging_mixin.py:188} INFO - [2024-06-24T07:45:51.744+0000] {dag.py:3096} INFO - Sync 1 DAGs
[2024-06-24T07:45:51.752+0000] {logging_mixin.py:188} INFO - [2024-06-24T07:45:51.752+0000] {dag.py:3954} INFO - Setting next_dagrun for example_task_group to 2024-06-23 00:00:00+00:00, run_after=2024-06-24 00:00:00+00:00
[2024-06-24T07:45:51.759+0000] {processor.py:183} INFO - Processing /home/airflow/.local/lib/python3.12/site-packages/airflow/example_dags/example_task_group.py took 0.030 seconds
[2024-06-24T07:46:21.985+0000] {processor.py:161} INFO - Started process (PID=396) to work on /home/airflow/.local/lib/python3.12/site-packages/airflow/example_dags/example_task_group.py
[2024-06-24T07:46:21.986+0000] {processor.py:830} INFO - Processing file /home/airflow/.local/lib/python3.12/site-packages/airflow/example_dags/example_task_group.py for tasks to queue
[2024-06-24T07:46:21.987+0000] {logging_mixin.py:188} INFO - [2024-06-24T07:46:21.987+0000] {dagbag.py:545} INFO - Filling up the DagBag from /home/airflow/.local/lib/python3.12/site-packages/airflow/example_dags/example_task_group.py
[2024-06-24T07:46:21.990+0000] {processor.py:840} INFO - DAG(s) 'example_task_group' retrieved from /home/airflow/.local/lib/python3.12/site-packages/airflow/example_dags/example_task_group.py
[2024-06-24T07:46:21.999+0000] {logging_mixin.py:188} INFO - [2024-06-24T07:46:21.999+0000] {dag.py:3096} INFO - Sync 1 DAGs
[2024-06-24T07:46:22.008+0000] {logging_mixin.py:188} INFO - [2024-06-24T07:46:22.007+0000] {dag.py:3954} INFO - Setting next_dagrun for example_task_group to 2024-06-23 00:00:00+00:00, run_after=2024-06-24 00:00:00+00:00
[2024-06-24T07:46:22.015+0000] {processor.py:183} INFO - Processing /home/airflow/.local/lib/python3.12/site-packages/airflow/example_dags/example_task_group.py took 0.032 seconds
[2024-06-24T07:46:52.373+0000] {processor.py:161} INFO - Started process (PID=453) to work on /home/airflow/.local/lib/python3.12/site-packages/airflow/example_dags/example_task_group.py
[2024-06-24T07:46:52.373+0000] {processor.py:830} INFO - Processing file /home/airflow/.local/lib/python3.12/site-packages/airflow/example_dags/example_task_group.py for tasks to queue
[2024-06-24T07:46:52.374+0000] {logging_mixin.py:188} INFO - [2024-06-24T07:46:52.374+0000] {dagbag.py:545} INFO - Filling up the DagBag from /home/airflow/.local/lib/python3.12/site-packages/airflow/example_dags/example_task_group.py
[2024-06-24T07:46:52.377+0000] {processor.py:840} INFO - DAG(s) 'example_task_group' retrieved from /home/airflow/.local/lib/python3.12/site-packages/airflow/example_dags/example_task_group.py
[2024-06-24T07:46:52.385+0000] {logging_mixin.py:188} INFO - [2024-06-24T07:46:52.385+0000] {dag.py:3096} INFO - Sync 1 DAGs
[2024-06-24T07:46:52.393+0000] {logging_mixin.py:188} INFO - [2024-06-24T07:46:52.393+0000] {dag.py:3954} INFO - Setting next_dagrun for example_task_group to 2024-06-23 00:00:00+00:00, run_after=2024-06-24 00:00:00+00:00
[2024-06-24T07:46:52.400+0000] {processor.py:183} INFO - Processing /home/airflow/.local/lib/python3.12/site-packages/airflow/example_dags/example_task_group.py took 0.030 seconds
[2024-06-24T07:47:22.785+0000] {processor.py:161} INFO - Started process (PID=511) to work on /home/airflow/.local/lib/python3.12/site-packages/airflow/example_dags/example_task_group.py
[2024-06-24T07:47:22.785+0000] {processor.py:830} INFO - Processing file /home/airflow/.local/lib/python3.12/site-packages/airflow/example_dags/example_task_group.py for tasks to queue
[2024-06-24T07:47:22.786+0000] {logging_mixin.py:188} INFO - [2024-06-24T07:47:22.786+0000] {dagbag.py:545} INFO - Filling up the DagBag from /home/airflow/.local/lib/python3.12/site-packages/airflow/example_dags/example_task_group.py
[2024-06-24T07:47:22.789+0000] {processor.py:840} INFO - DAG(s) 'example_task_group' retrieved from /home/airflow/.local/lib/python3.12/site-packages/airflow/example_dags/example_task_group.py
[2024-06-24T07:47:22.797+0000] {logging_mixin.py:188} INFO - [2024-06-24T07:47:22.797+0000] {dag.py:3096} INFO - Sync 1 DAGs
[2024-06-24T07:47:22.805+0000] {logging_mixin.py:188} INFO - [2024-06-24T07:47:22.805+0000] {dag.py:3954} INFO - Setting next_dagrun for example_task_group to 2024-06-23 00:00:00+00:00, run_after=2024-06-24 00:00:00+00:00
[2024-06-24T07:47:22.812+0000] {processor.py:183} INFO - Processing /home/airflow/.local/lib/python3.12/site-packages/airflow/example_dags/example_task_group.py took 0.030 seconds
[2024-06-24T07:47:53.206+0000] {processor.py:161} INFO - Started process (PID=568) to work on /home/airflow/.local/lib/python3.12/site-packages/airflow/example_dags/example_task_group.py
[2024-06-24T07:47:53.207+0000] {processor.py:830} INFO - Processing file /home/airflow/.local/lib/python3.12/site-packages/airflow/example_dags/example_task_group.py for tasks to queue
[2024-06-24T07:47:53.208+0000] {logging_mixin.py:188} INFO - [2024-06-24T07:47:53.207+0000] {dagbag.py:545} INFO - Filling up the DagBag from /home/airflow/.local/lib/python3.12/site-packages/airflow/example_dags/example_task_group.py
[2024-06-24T07:47:53.210+0000] {processor.py:840} INFO - DAG(s) 'example_task_group' retrieved from /home/airflow/.local/lib/python3.12/site-packages/airflow/example_dags/example_task_group.py
[2024-06-24T07:47:53.219+0000] {logging_mixin.py:188} INFO - [2024-06-24T07:47:53.219+0000] {dag.py:3096} INFO - Sync 1 DAGs
[2024-06-24T07:47:53.227+0000] {logging_mixin.py:188} INFO - [2024-06-24T07:47:53.227+0000] {dag.py:3954} INFO - Setting next_dagrun for example_task_group to 2024-06-23 00:00:00+00:00, run_after=2024-06-24 00:00:00+00:00
[2024-06-24T07:47:53.233+0000] {processor.py:183} INFO - Processing /home/airflow/.local/lib/python3.12/site-packages/airflow/example_dags/example_task_group.py took 0.029 seconds
[2024-06-24T07:48:23.576+0000] {processor.py:161} INFO - Started process (PID=626) to work on /home/airflow/.local/lib/python3.12/site-packages/airflow/example_dags/example_task_group.py
[2024-06-24T07:48:23.576+0000] {processor.py:830} INFO - Processing file /home/airflow/.local/lib/python3.12/site-packages/airflow/example_dags/example_task_group.py for tasks to queue
[2024-06-24T07:48:23.577+0000] {logging_mixin.py:188} INFO - [2024-06-24T07:48:23.577+0000] {dagbag.py:545} INFO - Filling up the DagBag from /home/airflow/.local/lib/python3.12/site-packages/airflow/example_dags/example_task_group.py
[2024-06-24T07:48:23.581+0000] {processor.py:840} INFO - DAG(s) 'example_task_group' retrieved from /home/airflow/.local/lib/python3.12/site-packages/airflow/example_dags/example_task_group.py
[2024-06-24T07:48:23.592+0000] {logging_mixin.py:188} INFO - [2024-06-24T07:48:23.592+0000] {dag.py:3096} INFO - Sync 1 DAGs
[2024-06-24T07:48:23.602+0000] {logging_mixin.py:188} INFO - [2024-06-24T07:48:23.602+0000] {dag.py:3954} INFO - Setting next_dagrun for example_task_group to 2024-06-23 00:00:00+00:00, run_after=2024-06-24 00:00:00+00:00
[2024-06-24T07:48:23.610+0000] {processor.py:183} INFO - Processing /home/airflow/.local/lib/python3.12/site-packages/airflow/example_dags/example_task_group.py took 0.037 seconds
[2024-06-24T07:48:53.972+0000] {processor.py:161} INFO - Started process (PID=684) to work on /home/airflow/.local/lib/python3.12/site-packages/airflow/example_dags/example_task_group.py
[2024-06-24T07:48:53.973+0000] {processor.py:830} INFO - Processing file /home/airflow/.local/lib/python3.12/site-packages/airflow/example_dags/example_task_group.py for tasks to queue
[2024-06-24T07:48:53.974+0000] {logging_mixin.py:188} INFO - [2024-06-24T07:48:53.974+0000] {dagbag.py:545} INFO - Filling up the DagBag from /home/airflow/.local/lib/python3.12/site-packages/airflow/example_dags/example_task_group.py
[2024-06-24T07:48:53.977+0000] {processor.py:840} INFO - DAG(s) 'example_task_group' retrieved from /home/airflow/.local/lib/python3.12/site-packages/airflow/example_dags/example_task_group.py
[2024-06-24T07:48:53.986+0000] {logging_mixin.py:188} INFO - [2024-06-24T07:48:53.986+0000] {dag.py:3096} INFO - Sync 1 DAGs
[2024-06-24T07:48:53.995+0000] {logging_mixin.py:188} INFO - [2024-06-24T07:48:53.995+0000] {dag.py:3954} INFO - Setting next_dagrun for example_task_group to 2024-06-23 00:00:00+00:00, run_after=2024-06-24 00:00:00+00:00
[2024-06-24T07:48:54.003+0000] {processor.py:183} INFO - Processing /home/airflow/.local/lib/python3.12/site-packages/airflow/example_dags/example_task_group.py took 0.033 seconds
[2024-06-24T07:49:24.528+0000] {processor.py:161} INFO - Started process (PID=741) to work on /home/airflow/.local/lib/python3.12/site-packages/airflow/example_dags/example_task_group.py
[2024-06-24T07:49:24.529+0000] {processor.py:830} INFO - Processing file /home/airflow/.local/lib/python3.12/site-packages/airflow/example_dags/example_task_group.py for tasks to queue
[2024-06-24T07:49:24.529+0000] {logging_mixin.py:188} INFO - [2024-06-24T07:49:24.529+0000] {dagbag.py:545} INFO - Filling up the DagBag from /home/airflow/.local/lib/python3.12/site-packages/airflow/example_dags/example_task_group.py
[2024-06-24T07:49:24.533+0000] {processor.py:840} INFO - DAG(s) 'example_task_group' retrieved from /home/airflow/.local/lib/python3.12/site-packages/airflow/example_dags/example_task_group.py
[2024-06-24T07:49:24.542+0000] {logging_mixin.py:188} INFO - [2024-06-24T07:49:24.542+0000] {dag.py:3096} INFO - Sync 1 DAGs
[2024-06-24T07:49:24.551+0000] {logging_mixin.py:188} INFO - [2024-06-24T07:49:24.551+0000] {dag.py:3954} INFO - Setting next_dagrun for example_task_group to 2024-06-23 00:00:00+00:00, run_after=2024-06-24 00:00:00+00:00
[2024-06-24T07:49:24.558+0000] {processor.py:183} INFO - Processing /home/airflow/.local/lib/python3.12/site-packages/airflow/example_dags/example_task_group.py took 0.032 seconds
[2024-06-24T07:49:55.043+0000] {processor.py:161} INFO - Started process (PID=799) to work on /home/airflow/.local/lib/python3.12/site-packages/airflow/example_dags/example_task_group.py
[2024-06-24T07:49:55.043+0000] {processor.py:830} INFO - Processing file /home/airflow/.local/lib/python3.12/site-packages/airflow/example_dags/example_task_group.py for tasks to queue
[2024-06-24T07:49:55.044+0000] {logging_mixin.py:188} INFO - [2024-06-24T07:49:55.044+0000] {dagbag.py:545} INFO - Filling up the DagBag from /home/airflow/.local/lib/python3.12/site-packages/airflow/example_dags/example_task_group.py
[2024-06-24T07:49:55.047+0000] {processor.py:840} INFO - DAG(s) 'example_task_group' retrieved from /home/airflow/.local/lib/python3.12/site-packages/airflow/example_dags/example_task_group.py
[2024-06-24T07:49:55.056+0000] {logging_mixin.py:188} INFO - [2024-06-24T07:49:55.056+0000] {dag.py:3096} INFO - Sync 1 DAGs
[2024-06-24T07:49:55.065+0000] {logging_mixin.py:188} INFO - [2024-06-24T07:49:55.065+0000] {dag.py:3954} INFO - Setting next_dagrun for example_task_group to 2024-06-23 00:00:00+00:00, run_after=2024-06-24 00:00:00+00:00
[2024-06-24T07:49:55.071+0000] {processor.py:183} INFO - Processing /home/airflow/.local/lib/python3.12/site-packages/airflow/example_dags/example_task_group.py took 0.031 seconds
[2024-06-24T07:50:25.471+0000] {processor.py:161} INFO - Started process (PID=857) to work on /home/airflow/.local/lib/python3.12/site-packages/airflow/example_dags/example_task_group.py
[2024-06-24T07:50:25.471+0000] {processor.py:830} INFO - Processing file /home/airflow/.local/lib/python3.12/site-packages/airflow/example_dags/example_task_group.py for tasks to queue
[2024-06-24T07:50:25.472+0000] {logging_mixin.py:188} INFO - [2024-06-24T07:50:25.472+0000] {dagbag.py:545} INFO - Filling up the DagBag from /home/airflow/.local/lib/python3.12/site-packages/airflow/example_dags/example_task_group.py
[2024-06-24T07:50:25.475+0000] {processor.py:840} INFO - DAG(s) 'example_task_group' retrieved from /home/airflow/.local/lib/python3.12/site-packages/airflow/example_dags/example_task_group.py
[2024-06-24T07:50:25.485+0000] {logging_mixin.py:188} INFO - [2024-06-24T07:50:25.485+0000] {dag.py:3096} INFO - Sync 1 DAGs
[2024-06-24T07:50:25.493+0000] {logging_mixin.py:188} INFO - [2024-06-24T07:50:25.493+0000] {dag.py:3954} INFO - Setting next_dagrun for example_task_group to 2024-06-23 00:00:00+00:00, run_after=2024-06-24 00:00:00+00:00
[2024-06-24T07:50:25.500+0000] {processor.py:183} INFO - Processing /home/airflow/.local/lib/python3.12/site-packages/airflow/example_dags/example_task_group.py took 0.031 seconds
[2024-06-24T07:50:55.984+0000] {processor.py:161} INFO - Started process (PID=915) to work on /home/airflow/.local/lib/python3.12/site-packages/airflow/example_dags/example_task_group.py
[2024-06-24T07:50:55.985+0000] {processor.py:830} INFO - Processing file /home/airflow/.local/lib/python3.12/site-packages/airflow/example_dags/example_task_group.py for tasks to queue
[2024-06-24T07:50:55.986+0000] {logging_mixin.py:188} INFO - [2024-06-24T07:50:55.986+0000] {dagbag.py:545} INFO - Filling up the DagBag from /home/airflow/.local/lib/python3.12/site-packages/airflow/example_dags/example_task_group.py
[2024-06-24T07:50:55.989+0000] {processor.py:840} INFO - DAG(s) 'example_task_group' retrieved from /home/airflow/.local/lib/python3.12/site-packages/airflow/example_dags/example_task_group.py
[2024-06-24T07:50:55.997+0000] {logging_mixin.py:188} INFO - [2024-06-24T07:50:55.997+0000] {dag.py:3096} INFO - Sync 1 DAGs
[2024-06-24T07:50:56.005+0000] {logging_mixin.py:188} INFO - [2024-06-24T07:50:56.005+0000] {dag.py:3954} INFO - Setting next_dagrun for example_task_group to 2024-06-23 00:00:00+00:00, run_after=2024-06-24 00:00:00+00:00
[2024-06-24T07:50:56.011+0000] {processor.py:183} INFO - Processing /home/airflow/.local/lib/python3.12/site-packages/airflow/example_dags/example_task_group.py took 0.030 seconds
[2024-06-24T07:51:26.404+0000] {processor.py:161} INFO - Started process (PID=972) to work on /home/airflow/.local/lib/python3.12/site-packages/airflow/example_dags/example_task_group.py
[2024-06-24T07:51:26.405+0000] {processor.py:830} INFO - Processing file /home/airflow/.local/lib/python3.12/site-packages/airflow/example_dags/example_task_group.py for tasks to queue
[2024-06-24T07:51:26.406+0000] {logging_mixin.py:188} INFO - [2024-06-24T07:51:26.406+0000] {dagbag.py:545} INFO - Filling up the DagBag from /home/airflow/.local/lib/python3.12/site-packages/airflow/example_dags/example_task_group.py
[2024-06-24T07:51:26.409+0000] {processor.py:840} INFO - DAG(s) 'example_task_group' retrieved from /home/airflow/.local/lib/python3.12/site-packages/airflow/example_dags/example_task_group.py
[2024-06-24T07:51:26.418+0000] {logging_mixin.py:188} INFO - [2024-06-24T07:51:26.417+0000] {dag.py:3096} INFO - Sync 1 DAGs
[2024-06-24T07:51:26.426+0000] {logging_mixin.py:188} INFO - [2024-06-24T07:51:26.426+0000] {dag.py:3954} INFO - Setting next_dagrun for example_task_group to 2024-06-23 00:00:00+00:00, run_after=2024-06-24 00:00:00+00:00
[2024-06-24T07:51:26.432+0000] {processor.py:183} INFO - Processing /home/airflow/.local/lib/python3.12/site-packages/airflow/example_dags/example_task_group.py took 0.031 seconds
[2024-06-24T07:51:56.837+0000] {processor.py:161} INFO - Started process (PID=1030) to work on /home/airflow/.local/lib/python3.12/site-packages/airflow/example_dags/example_task_group.py
[2024-06-24T07:51:56.837+0000] {processor.py:830} INFO - Processing file /home/airflow/.local/lib/python3.12/site-packages/airflow/example_dags/example_task_group.py for tasks to queue
[2024-06-24T07:51:56.838+0000] {logging_mixin.py:188} INFO - [2024-06-24T07:51:56.838+0000] {dagbag.py:545} INFO - Filling up the DagBag from /home/airflow/.local/lib/python3.12/site-packages/airflow/example_dags/example_task_group.py
[2024-06-24T07:51:56.841+0000] {processor.py:840} INFO - DAG(s) 'example_task_group' retrieved from /home/airflow/.local/lib/python3.12/site-packages/airflow/example_dags/example_task_group.py
[2024-06-24T07:51:56.850+0000] {logging_mixin.py:188} INFO - [2024-06-24T07:51:56.850+0000] {dag.py:3096} INFO - Sync 1 DAGs
[2024-06-24T07:51:56.859+0000] {logging_mixin.py:188} INFO - [2024-06-24T07:51:56.859+0000] {dag.py:3954} INFO - Setting next_dagrun for example_task_group to 2024-06-23 00:00:00+00:00, run_after=2024-06-24 00:00:00+00:00
[2024-06-24T07:51:56.866+0000] {processor.py:183} INFO - Processing /home/airflow/.local/lib/python3.12/site-packages/airflow/example_dags/example_task_group.py took 0.032 seconds
[2024-06-24T07:52:27.240+0000] {processor.py:161} INFO - Started process (PID=1088) to work on /home/airflow/.local/lib/python3.12/site-packages/airflow/example_dags/example_task_group.py
[2024-06-24T07:52:27.241+0000] {processor.py:830} INFO - Processing file /home/airflow/.local/lib/python3.12/site-packages/airflow/example_dags/example_task_group.py for tasks to queue
[2024-06-24T07:52:27.242+0000] {logging_mixin.py:188} INFO - [2024-06-24T07:52:27.241+0000] {dagbag.py:545} INFO - Filling up the DagBag from /home/airflow/.local/lib/python3.12/site-packages/airflow/example_dags/example_task_group.py
[2024-06-24T07:52:27.245+0000] {processor.py:840} INFO - DAG(s) 'example_task_group' retrieved from /home/airflow/.local/lib/python3.12/site-packages/airflow/example_dags/example_task_group.py
[2024-06-24T07:52:27.253+0000] {logging_mixin.py:188} INFO - [2024-06-24T07:52:27.253+0000] {dag.py:3096} INFO - Sync 1 DAGs
[2024-06-24T07:52:27.260+0000] {logging_mixin.py:188} INFO - [2024-06-24T07:52:27.260+0000] {dag.py:3954} INFO - Setting next_dagrun for example_task_group to 2024-06-23 00:00:00+00:00, run_after=2024-06-24 00:00:00+00:00
[2024-06-24T07:52:27.267+0000] {processor.py:183} INFO - Processing /home/airflow/.local/lib/python3.12/site-packages/airflow/example_dags/example_task_group.py took 0.029 seconds
[2024-06-24T07:52:57.656+0000] {processor.py:161} INFO - Started process (PID=1145) to work on /home/airflow/.local/lib/python3.12/site-packages/airflow/example_dags/example_task_group.py
[2024-06-24T07:52:57.657+0000] {processor.py:830} INFO - Processing file /home/airflow/.local/lib/python3.12/site-packages/airflow/example_dags/example_task_group.py for tasks to queue
[2024-06-24T07:52:57.658+0000] {logging_mixin.py:188} INFO - [2024-06-24T07:52:57.658+0000] {dagbag.py:545} INFO - Filling up the DagBag from /home/airflow/.local/lib/python3.12/site-packages/airflow/example_dags/example_task_group.py
[2024-06-24T07:52:57.663+0000] {processor.py:840} INFO - DAG(s) 'example_task_group' retrieved from /home/airflow/.local/lib/python3.12/site-packages/airflow/example_dags/example_task_group.py
[2024-06-24T07:52:57.672+0000] {logging_mixin.py:188} INFO - [2024-06-24T07:52:57.672+0000] {dag.py:3096} INFO - Sync 1 DAGs
[2024-06-24T07:52:57.681+0000] {logging_mixin.py:188} INFO - [2024-06-24T07:52:57.681+0000] {dag.py:3954} INFO - Setting next_dagrun for example_task_group to 2024-06-23 00:00:00+00:00, run_after=2024-06-24 00:00:00+00:00
[2024-06-24T07:52:57.688+0000] {processor.py:183} INFO - Processing /home/airflow/.local/lib/python3.12/site-packages/airflow/example_dags/example_task_group.py took 0.035 seconds
[2024-06-24T07:53:28.074+0000] {processor.py:161} INFO - Started process (PID=1203) to work on /home/airflow/.local/lib/python3.12/site-packages/airflow/example_dags/example_task_group.py
[2024-06-24T07:53:28.075+0000] {processor.py:830} INFO - Processing file /home/airflow/.local/lib/python3.12/site-packages/airflow/example_dags/example_task_group.py for tasks to queue
[2024-06-24T07:53:28.076+0000] {logging_mixin.py:188} INFO - [2024-06-24T07:53:28.076+0000] {dagbag.py:545} INFO - Filling up the DagBag from /home/airflow/.local/lib/python3.12/site-packages/airflow/example_dags/example_task_group.py
[2024-06-24T07:53:28.079+0000] {processor.py:840} INFO - DAG(s) 'example_task_group' retrieved from /home/airflow/.local/lib/python3.12/site-packages/airflow/example_dags/example_task_group.py
[2024-06-24T07:53:28.087+0000] {logging_mixin.py:188} INFO - [2024-06-24T07:53:28.087+0000] {dag.py:3096} INFO - Sync 1 DAGs
[2024-06-24T07:53:28.095+0000] {logging_mixin.py:188} INFO - [2024-06-24T07:53:28.095+0000] {dag.py:3954} INFO - Setting next_dagrun for example_task_group to 2024-06-23 00:00:00+00:00, run_after=2024-06-24 00:00:00+00:00
[2024-06-24T07:53:28.101+0000] {processor.py:183} INFO - Processing /home/airflow/.local/lib/python3.12/site-packages/airflow/example_dags/example_task_group.py took 0.030 seconds
[2024-06-24T07:53:58.515+0000] {processor.py:161} INFO - Started process (PID=1261) to work on /home/airflow/.local/lib/python3.12/site-packages/airflow/example_dags/example_task_group.py
[2024-06-24T07:53:58.516+0000] {processor.py:830} INFO - Processing file /home/airflow/.local/lib/python3.12/site-packages/airflow/example_dags/example_task_group.py for tasks to queue
[2024-06-24T07:53:58.517+0000] {logging_mixin.py:188} INFO - [2024-06-24T07:53:58.516+0000] {dagbag.py:545} INFO - Filling up the DagBag from /home/airflow/.local/lib/python3.12/site-packages/airflow/example_dags/example_task_group.py
[2024-06-24T07:53:58.520+0000] {processor.py:840} INFO - DAG(s) 'example_task_group' retrieved from /home/airflow/.local/lib/python3.12/site-packages/airflow/example_dags/example_task_group.py
[2024-06-24T07:53:58.528+0000] {logging_mixin.py:188} INFO - [2024-06-24T07:53:58.528+0000] {dag.py:3096} INFO - Sync 1 DAGs
[2024-06-24T07:53:58.537+0000] {logging_mixin.py:188} INFO - [2024-06-24T07:53:58.537+0000] {dag.py:3954} INFO - Setting next_dagrun for example_task_group to 2024-06-23 00:00:00+00:00, run_after=2024-06-24 00:00:00+00:00
[2024-06-24T07:53:58.543+0000] {processor.py:183} INFO - Processing /home/airflow/.local/lib/python3.12/site-packages/airflow/example_dags/example_task_group.py took 0.031 seconds
[2024-06-24T07:54:28.981+0000] {processor.py:161} INFO - Started process (PID=1319) to work on /home/airflow/.local/lib/python3.12/site-packages/airflow/example_dags/example_task_group.py
[2024-06-24T07:54:28.982+0000] {processor.py:830} INFO - Processing file /home/airflow/.local/lib/python3.12/site-packages/airflow/example_dags/example_task_group.py for tasks to queue
[2024-06-24T07:54:28.983+0000] {logging_mixin.py:188} INFO - [2024-06-24T07:54:28.983+0000] {dagbag.py:545} INFO - Filling up the DagBag from /home/airflow/.local/lib/python3.12/site-packages/airflow/example_dags/example_task_group.py
[2024-06-24T07:54:28.986+0000] {processor.py:840} INFO - DAG(s) 'example_task_group' retrieved from /home/airflow/.local/lib/python3.12/site-packages/airflow/example_dags/example_task_group.py
[2024-06-24T07:54:28.994+0000] {logging_mixin.py:188} INFO - [2024-06-24T07:54:28.994+0000] {dag.py:3096} INFO - Sync 1 DAGs
[2024-06-24T07:54:29.003+0000] {logging_mixin.py:188} INFO - [2024-06-24T07:54:29.003+0000] {dag.py:3954} INFO - Setting next_dagrun for example_task_group to 2024-06-23 00:00:00+00:00, run_after=2024-06-24 00:00:00+00:00
[2024-06-24T07:54:29.011+0000] {processor.py:183} INFO - Processing /home/airflow/.local/lib/python3.12/site-packages/airflow/example_dags/example_task_group.py took 0.032 seconds
[2024-06-24T07:54:59.496+0000] {processor.py:161} INFO - Started process (PID=1376) to work on /home/airflow/.local/lib/python3.12/site-packages/airflow/example_dags/example_task_group.py
[2024-06-24T07:54:59.497+0000] {processor.py:830} INFO - Processing file /home/airflow/.local/lib/python3.12/site-packages/airflow/example_dags/example_task_group.py for tasks to queue
[2024-06-24T07:54:59.498+0000] {logging_mixin.py:188} INFO - [2024-06-24T07:54:59.498+0000] {dagbag.py:545} INFO - Filling up the DagBag from /home/airflow/.local/lib/python3.12/site-packages/airflow/example_dags/example_task_group.py
[2024-06-24T07:54:59.501+0000] {processor.py:840} INFO - DAG(s) 'example_task_group' retrieved from /home/airflow/.local/lib/python3.12/site-packages/airflow/example_dags/example_task_group.py
[2024-06-24T07:54:59.509+0000] {logging_mixin.py:188} INFO - [2024-06-24T07:54:59.509+0000] {dag.py:3096} INFO - Sync 1 DAGs
[2024-06-24T07:54:59.519+0000] {logging_mixin.py:188} INFO - [2024-06-24T07:54:59.519+0000] {dag.py:3954} INFO - Setting next_dagrun for example_task_group to 2024-06-23 00:00:00+00:00, run_after=2024-06-24 00:00:00+00:00
[2024-06-24T07:54:59.525+0000] {processor.py:183} INFO - Processing /home/airflow/.local/lib/python3.12/site-packages/airflow/example_dags/example_task_group.py took 0.032 seconds
[2024-06-24T07:55:29.993+0000] {processor.py:161} INFO - Started process (PID=1434) to work on /home/airflow/.local/lib/python3.12/site-packages/airflow/example_dags/example_task_group.py
[2024-06-24T07:55:29.993+0000] {processor.py:830} INFO - Processing file /home/airflow/.local/lib/python3.12/site-packages/airflow/example_dags/example_task_group.py for tasks to queue
[2024-06-24T07:55:29.994+0000] {logging_mixin.py:188} INFO - [2024-06-24T07:55:29.994+0000] {dagbag.py:545} INFO - Filling up the DagBag from /home/airflow/.local/lib/python3.12/site-packages/airflow/example_dags/example_task_group.py
[2024-06-24T07:55:29.997+0000] {processor.py:840} INFO - DAG(s) 'example_task_group' retrieved from /home/airflow/.local/lib/python3.12/site-packages/airflow/example_dags/example_task_group.py
[2024-06-24T07:55:30.007+0000] {logging_mixin.py:188} INFO - [2024-06-24T07:55:30.006+0000] {dag.py:3096} INFO - Sync 1 DAGs
[2024-06-24T07:55:30.015+0000] {logging_mixin.py:188} INFO - [2024-06-24T07:55:30.015+0000] {dag.py:3954} INFO - Setting next_dagrun for example_task_group to 2024-06-23 00:00:00+00:00, run_after=2024-06-24 00:00:00+00:00
[2024-06-24T07:55:30.023+0000] {processor.py:183} INFO - Processing /home/airflow/.local/lib/python3.12/site-packages/airflow/example_dags/example_task_group.py took 0.032 seconds
[2024-06-24T07:56:00.602+0000] {processor.py:161} INFO - Started process (PID=1492) to work on /home/airflow/.local/lib/python3.12/site-packages/airflow/example_dags/example_task_group.py
[2024-06-24T07:56:00.603+0000] {processor.py:830} INFO - Processing file /home/airflow/.local/lib/python3.12/site-packages/airflow/example_dags/example_task_group.py for tasks to queue
[2024-06-24T07:56:00.603+0000] {logging_mixin.py:188} INFO - [2024-06-24T07:56:00.603+0000] {dagbag.py:545} INFO - Filling up the DagBag from /home/airflow/.local/lib/python3.12/site-packages/airflow/example_dags/example_task_group.py
[2024-06-24T07:56:00.606+0000] {processor.py:840} INFO - DAG(s) 'example_task_group' retrieved from /home/airflow/.local/lib/python3.12/site-packages/airflow/example_dags/example_task_group.py
[2024-06-24T07:56:00.615+0000] {logging_mixin.py:188} INFO - [2024-06-24T07:56:00.615+0000] {dag.py:3096} INFO - Sync 1 DAGs
[2024-06-24T07:56:00.623+0000] {logging_mixin.py:188} INFO - [2024-06-24T07:56:00.623+0000] {dag.py:3954} INFO - Setting next_dagrun for example_task_group to 2024-06-23 00:00:00+00:00, run_after=2024-06-24 00:00:00+00:00
[2024-06-24T07:56:00.630+0000] {processor.py:183} INFO - Processing /home/airflow/.local/lib/python3.12/site-packages/airflow/example_dags/example_task_group.py took 0.030 seconds
[2024-06-24T07:56:31.234+0000] {processor.py:161} INFO - Started process (PID=1549) to work on /home/airflow/.local/lib/python3.12/site-packages/airflow/example_dags/example_task_group.py
[2024-06-24T07:56:31.238+0000] {processor.py:830} INFO - Processing file /home/airflow/.local/lib/python3.12/site-packages/airflow/example_dags/example_task_group.py for tasks to queue
[2024-06-24T07:56:31.239+0000] {logging_mixin.py:188} INFO - [2024-06-24T07:56:31.239+0000] {dagbag.py:545} INFO - Filling up the DagBag from /home/airflow/.local/lib/python3.12/site-packages/airflow/example_dags/example_task_group.py
[2024-06-24T07:56:31.242+0000] {processor.py:840} INFO - DAG(s) 'example_task_group' retrieved from /home/airflow/.local/lib/python3.12/site-packages/airflow/example_dags/example_task_group.py
[2024-06-24T07:56:31.253+0000] {logging_mixin.py:188} INFO - [2024-06-24T07:56:31.253+0000] {dag.py:3096} INFO - Sync 1 DAGs
[2024-06-24T07:56:31.263+0000] {logging_mixin.py:188} INFO - [2024-06-24T07:56:31.263+0000] {dag.py:3954} INFO - Setting next_dagrun for example_task_group to 2024-06-23 00:00:00+00:00, run_after=2024-06-24 00:00:00+00:00
[2024-06-24T07:56:31.271+0000] {processor.py:183} INFO - Processing /home/airflow/.local/lib/python3.12/site-packages/airflow/example_dags/example_task_group.py took 0.040 seconds
[2024-06-24T07:57:02.057+0000] {processor.py:161} INFO - Started process (PID=1607) to work on /home/airflow/.local/lib/python3.12/site-packages/airflow/example_dags/example_task_group.py
[2024-06-24T07:57:02.058+0000] {processor.py:830} INFO - Processing file /home/airflow/.local/lib/python3.12/site-packages/airflow/example_dags/example_task_group.py for tasks to queue
[2024-06-24T07:57:02.059+0000] {logging_mixin.py:188} INFO - [2024-06-24T07:57:02.059+0000] {dagbag.py:545} INFO - Filling up the DagBag from /home/airflow/.local/lib/python3.12/site-packages/airflow/example_dags/example_task_group.py
[2024-06-24T07:57:02.062+0000] {processor.py:840} INFO - DAG(s) 'example_task_group' retrieved from /home/airflow/.local/lib/python3.12/site-packages/airflow/example_dags/example_task_group.py
[2024-06-24T07:57:02.070+0000] {logging_mixin.py:188} INFO - [2024-06-24T07:57:02.069+0000] {dag.py:3096} INFO - Sync 1 DAGs
[2024-06-24T07:57:02.152+0000] {logging_mixin.py:188} INFO - [2024-06-24T07:57:02.152+0000] {dag.py:3954} INFO - Setting next_dagrun for example_task_group to 2024-06-23 00:00:00+00:00, run_after=2024-06-24 00:00:00+00:00
[2024-06-24T07:57:02.158+0000] {processor.py:183} INFO - Processing /home/airflow/.local/lib/python3.12/site-packages/airflow/example_dags/example_task_group.py took 0.103 seconds
[2024-06-24T07:57:33.167+0000] {processor.py:161} INFO - Started process (PID=1665) to work on /home/airflow/.local/lib/python3.12/site-packages/airflow/example_dags/example_task_group.py
[2024-06-24T07:57:33.168+0000] {processor.py:830} INFO - Processing file /home/airflow/.local/lib/python3.12/site-packages/airflow/example_dags/example_task_group.py for tasks to queue
[2024-06-24T07:57:33.169+0000] {logging_mixin.py:188} INFO - [2024-06-24T07:57:33.169+0000] {dagbag.py:545} INFO - Filling up the DagBag from /home/airflow/.local/lib/python3.12/site-packages/airflow/example_dags/example_task_group.py
[2024-06-24T07:57:33.172+0000] {processor.py:840} INFO - DAG(s) 'example_task_group' retrieved from /home/airflow/.local/lib/python3.12/site-packages/airflow/example_dags/example_task_group.py
[2024-06-24T07:57:33.184+0000] {logging_mixin.py:188} INFO - [2024-06-24T07:57:33.184+0000] {dag.py:3096} INFO - Sync 1 DAGs
[2024-06-24T07:57:33.193+0000] {logging_mixin.py:188} INFO - [2024-06-24T07:57:33.193+0000] {dag.py:3954} INFO - Setting next_dagrun for example_task_group to 2024-06-23 00:00:00+00:00, run_after=2024-06-24 00:00:00+00:00
[2024-06-24T07:57:33.278+0000] {processor.py:183} INFO - Processing /home/airflow/.local/lib/python3.12/site-packages/airflow/example_dags/example_task_group.py took 0.113 seconds
[2024-06-24T07:58:04.213+0000] {processor.py:161} INFO - Started process (PID=1723) to work on /home/airflow/.local/lib/python3.12/site-packages/airflow/example_dags/example_task_group.py
[2024-06-24T07:58:04.213+0000] {processor.py:830} INFO - Processing file /home/airflow/.local/lib/python3.12/site-packages/airflow/example_dags/example_task_group.py for tasks to queue
[2024-06-24T07:58:04.214+0000] {logging_mixin.py:188} INFO - [2024-06-24T07:58:04.214+0000] {dagbag.py:545} INFO - Filling up the DagBag from /home/airflow/.local/lib/python3.12/site-packages/airflow/example_dags/example_task_group.py
[2024-06-24T07:58:04.217+0000] {processor.py:840} INFO - DAG(s) 'example_task_group' retrieved from /home/airflow/.local/lib/python3.12/site-packages/airflow/example_dags/example_task_group.py
[2024-06-24T07:58:04.226+0000] {logging_mixin.py:188} INFO - [2024-06-24T07:58:04.226+0000] {dag.py:3096} INFO - Sync 1 DAGs
[2024-06-24T07:58:04.234+0000] {logging_mixin.py:188} INFO - [2024-06-24T07:58:04.234+0000] {dag.py:3954} INFO - Setting next_dagrun for example_task_group to 2024-06-23 00:00:00+00:00, run_after=2024-06-24 00:00:00+00:00
[2024-06-24T07:58:04.241+0000] {processor.py:183} INFO - Processing /home/airflow/.local/lib/python3.12/site-packages/airflow/example_dags/example_task_group.py took 0.031 seconds
[2024-06-24T07:58:34.892+0000] {processor.py:161} INFO - Started process (PID=1781) to work on /home/airflow/.local/lib/python3.12/site-packages/airflow/example_dags/example_task_group.py
[2024-06-24T07:58:34.893+0000] {processor.py:830} INFO - Processing file /home/airflow/.local/lib/python3.12/site-packages/airflow/example_dags/example_task_group.py for tasks to queue
[2024-06-24T07:58:34.894+0000] {logging_mixin.py:188} INFO - [2024-06-24T07:58:34.894+0000] {dagbag.py:545} INFO - Filling up the DagBag from /home/airflow/.local/lib/python3.12/site-packages/airflow/example_dags/example_task_group.py
[2024-06-24T07:58:34.897+0000] {processor.py:840} INFO - DAG(s) 'example_task_group' retrieved from /home/airflow/.local/lib/python3.12/site-packages/airflow/example_dags/example_task_group.py
[2024-06-24T07:58:34.906+0000] {logging_mixin.py:188} INFO - [2024-06-24T07:58:34.906+0000] {dag.py:3096} INFO - Sync 1 DAGs
[2024-06-24T07:58:34.914+0000] {logging_mixin.py:188} INFO - [2024-06-24T07:58:34.914+0000] {dag.py:3954} INFO - Setting next_dagrun for example_task_group to 2024-06-23 00:00:00+00:00, run_after=2024-06-24 00:00:00+00:00
[2024-06-24T07:58:34.920+0000] {processor.py:183} INFO - Processing /home/airflow/.local/lib/python3.12/site-packages/airflow/example_dags/example_task_group.py took 0.030 seconds
[2024-06-24T07:59:05.505+0000] {processor.py:161} INFO - Started process (PID=1839) to work on /home/airflow/.local/lib/python3.12/site-packages/airflow/example_dags/example_task_group.py
[2024-06-24T07:59:05.505+0000] {processor.py:830} INFO - Processing file /home/airflow/.local/lib/python3.12/site-packages/airflow/example_dags/example_task_group.py for tasks to queue
[2024-06-24T07:59:05.506+0000] {logging_mixin.py:188} INFO - [2024-06-24T07:59:05.506+0000] {dagbag.py:545} INFO - Filling up the DagBag from /home/airflow/.local/lib/python3.12/site-packages/airflow/example_dags/example_task_group.py
[2024-06-24T07:59:05.509+0000] {processor.py:840} INFO - DAG(s) 'example_task_group' retrieved from /home/airflow/.local/lib/python3.12/site-packages/airflow/example_dags/example_task_group.py
[2024-06-24T07:59:05.517+0000] {logging_mixin.py:188} INFO - [2024-06-24T07:59:05.517+0000] {dag.py:3096} INFO - Sync 1 DAGs
[2024-06-24T07:59:05.525+0000] {logging_mixin.py:188} INFO - [2024-06-24T07:59:05.525+0000] {dag.py:3954} INFO - Setting next_dagrun for example_task_group to 2024-06-23 00:00:00+00:00, run_after=2024-06-24 00:00:00+00:00
[2024-06-24T07:59:05.531+0000] {processor.py:183} INFO - Processing /home/airflow/.local/lib/python3.12/site-packages/airflow/example_dags/example_task_group.py took 0.029 seconds
